-- Found ament_cmake: 1.3.4 (/opt/ros/humble/share/ament_cmake/cmake)
-- Found geometry_msgs: 4.2.3 (/home/amruth/Documents/git/microros_ws/install/geometry_msgs/share/geometry_msgs/cmake)
-- Found rosidl_generator_c: 3.1.4 (/opt/ros/humble/share/rosidl_generator_c/cmake)
-- Found rosidl_adapter: 3.1.4 (/opt/ros/humble/share/rosidl_adapter/cmake)
-- Found rosidl_generator_cpp: 3.1.4 (/opt/ros/humble/share/rosidl_generator_cpp/cmake)
-- Using all available rosidl_typesupport_c: rosidl_typesupport_microxrcedds_c;rosidl_typesupport_fastrtps_c;rosidl_typesupport_introspection_c
-- Using all available rosidl_typesupport_cpp: rosidl_typesupport_microxrcedds_cpp;rosidl_typesupport_fastrtps_cpp;rosidl_typesupport_introspection_cpp
-- Found rosidl_default_generators: 1.2.0 (/opt/ros/humble/share/rosidl_default_generators/cmake)
-- Found ament_cmake_ros: 0.10.0 (/opt/ros/humble/share/ament_cmake_ros/cmake)
-- Using all available rosidl_typesupport_c: rosidl_typesupport_microxrcedds_c;rosidl_typesupport_fastrtps_c;rosidl_typesupport_introspection_c
-- Using all available rosidl_typesupport_cpp: rosidl_typesupport_microxrcedds_cpp;rosidl_typesupport_fastrtps_cpp;rosidl_typesupport_introspection_cpp
-- Found python_cmake_module: 0.10.0 (/opt/ros/humble/share/python_cmake_module/cmake)
-- Using PYTHON_EXECUTABLE: /home/amruth/miniconda3/bin/python3
-- Using PYTHON_INCLUDE_DIRS: /home/amruth/miniconda3/include/python3.11
-- Using PYTHON_LIBRARIES: /home/amruth/miniconda3/lib/libpython3.11.so
-- Using numpy include directory: /home/amruth/miniconda3/lib/python3.11/site-packages/numpy/core/include
-- Found ament_lint_auto: 0.12.6 (/opt/ros/humble/share/ament_lint_auto/cmake)
-- Added test 'lint_cmake' to check CMake code style
-- Added test 'xmllint' to check XML markup files
-- Configuring done
-- Generating done
-- Build files have been written to: /home/amruth/Documents/git/ros_ws/WS/build/tutorial_interfaces_cpp
[35m[1mConsolidate compiler generated dependencies of target tutorial_interfaces_cpp__rosidl_generator_c[0m
[  1%] Built target tutorial_interfaces_cpp__cpp
[  1%] Built target ament_cmake_python_copy_tutorial_interfaces_cpp
[ 10%] Built target tutorial_interfaces_cpp__rosidl_generator_c
[35m[1mConsolidate compiler generated dependencies of target tutorial_interfaces_cpp__rosidl_typesupport_introspection_cpp[0m
[35m[1mConsolidate compiler generated dependencies of target tutorial_interfaces_cpp__rosidl_typesupport_fastrtps_cpp[0m
[35m[1mConsolidate compiler generated dependencies of target tutorial_interfaces_cpp__rosidl_typesupport_cpp[0m
[35m[1mConsolidate compiler generated dependencies of target tutorial_interfaces_cpp__rosidl_typesupport_microxrcedds_cpp[0m
[35m[1mConsolidate compiler generated dependencies of target tutorial_interfaces_cpp__rosidl_typesupport_microxrcedds_c[0m
[35m[1mConsolidate compiler generated dependencies of target tutorial_interfaces_cpp__rosidl_typesupport_introspection_c[0m
[35m[1mConsolidate compiler generated dependencies of target tutorial_interfaces_cpp__rosidl_typesupport_fastrtps_c[0m
[35m[1mConsolidate compiler generated dependencies of target tutorial_interfaces_cpp__rosidl_typesupport_c[0m
[ 18%] Built target tutorial_interfaces_cpp__rosidl_typesupport_introspection_cpp
[ 27%] Built target tutorial_interfaces_cpp__rosidl_typesupport_fastrtps_cpp
[ 35%] Built target tutorial_interfaces_cpp__rosidl_typesupport_cpp
[ 44%] Built target tutorial_interfaces_cpp__rosidl_typesupport_microxrcedds_c
[ 61%] Built target tutorial_interfaces_cpp__rosidl_typesupport_introspection_c
[ 61%] Built target tutorial_interfaces_cpp__rosidl_typesupport_microxrcedds_cpp
[ 69%] Built target tutorial_interfaces_cpp__rosidl_typesupport_fastrtps_c
[ 77%] Built target tutorial_interfaces_cpp__rosidl_typesupport_c
[ 77%] Built target tutorial_interfaces_cpp
[ 79%] [34m[1mGenerating Python code for ROS interfaces[0m
running egg_info
writing tutorial_interfaces_cpp.egg-info/PKG-INFO
writing dependency_links to tutorial_interfaces_cpp.egg-info/dependency_links.txt
writing top-level names to tutorial_interfaces_cpp.egg-info/top_level.txt
reading manifest file 'tutorial_interfaces_cpp.egg-info/SOURCES.txt'
writing manifest file 'tutorial_interfaces_cpp.egg-info/SOURCES.txt'
[ 79%] Built target ament_cmake_python_build_tutorial_interfaces_cpp_egg
