[0.205s] Invoking command in '/home/amruth/Documents/git/ros_ws/WS/build/tutorial_interfaces_cpp': CMAKE_PREFIX_PATH=${CMAKE_PREFIX_PATH}:/home/amruth/Documents/git/ros_ws/WS/install/py_srvcli:/home/amruth/Documents/git/ros_ws/WS/install/py_pubsub_2:/home/amruth/Documents/git/ros_ws/WS/install/py_pubsub:/home/amruth/Documents/git/ros_ws/WS/install/my_py_pkg_2:/home/amruth/Documents/git/ros_ws/WS/install/my_py_pkg:/home/amruth/Documents/git/microros_ws/install/sensor_msgs_py:/opt/ros/humble /usr/bin/cmake --build /home/amruth/Documents/git/ros_ws/WS/build/tutorial_interfaces_cpp -- -j16 -l16
[0.234s] -- Found ament_cmake: 1.3.4 (/opt/ros/humble/share/ament_cmake/cmake)
[0.445s] -- Found geometry_msgs: 4.2.3 (/home/amruth/Documents/git/microros_ws/install/geometry_msgs/share/geometry_msgs/cmake)
[0.469s] -- Found rosidl_generator_c: 3.1.4 (/opt/ros/humble/share/rosidl_generator_c/cmake)
[0.471s] -- Found rosidl_adapter: 3.1.4 (/opt/ros/humble/share/rosidl_adapter/cmake)
[0.475s] -- Found rosidl_generator_cpp: 3.1.4 (/opt/ros/humble/share/rosidl_generator_cpp/cmake)
[0.486s] -- Using all available rosidl_typesupport_c: rosidl_typesupport_microxrcedds_c;rosidl_typesupport_fastrtps_c;rosidl_typesupport_introspection_c
[0.504s] -- Using all available rosidl_typesupport_cpp: rosidl_typesupport_microxrcedds_cpp;rosidl_typesupport_fastrtps_cpp;rosidl_typesupport_introspection_cpp
[0.610s] -- Found rosidl_default_generators: 1.2.0 (/opt/ros/humble/share/rosidl_default_generators/cmake)
[0.993s] -- Found ament_cmake_ros: 0.10.0 (/opt/ros/humble/share/ament_cmake_ros/cmake)
[1.670s] -- Using all available rosidl_typesupport_c: rosidl_typesupport_microxrcedds_c;rosidl_typesupport_fastrtps_c;rosidl_typesupport_introspection_c
[1.991s] -- Using all available rosidl_typesupport_cpp: rosidl_typesupport_microxrcedds_cpp;rosidl_typesupport_fastrtps_cpp;rosidl_typesupport_introspection_cpp
[2.010s] -- Found python_cmake_module: 0.10.0 (/opt/ros/humble/share/python_cmake_module/cmake)
[2.030s] -- Using PYTHON_EXECUTABLE: /home/amruth/miniconda3/bin/python3
[2.030s] -- Using PYTHON_INCLUDE_DIRS: /home/amruth/miniconda3/include/python3.11
[2.030s] -- Using PYTHON_LIBRARIES: /home/amruth/miniconda3/lib/libpython3.11.so
[2.184s] -- Using numpy include directory: /home/amruth/miniconda3/lib/python3.11/site-packages/numpy/core/include
[2.216s] -- Found ament_lint_auto: 0.12.6 (/opt/ros/humble/share/ament_lint_auto/cmake)
[2.223s] -- Added test 'lint_cmake' to check CMake code style
[2.223s] -- Added test 'xmllint' to check XML markup files
[2.225s] -- Configuring done
[2.265s] -- Generating done
[2.268s] -- Build files have been written to: /home/amruth/Documents/git/ros_ws/WS/build/tutorial_interfaces_cpp
[2.303s] [35m[1mConsolidate compiler generated dependencies of target tutorial_interfaces_cpp__rosidl_generator_c[0m
[2.309s] [  1%] Built target tutorial_interfaces_cpp__cpp
[2.318s] [  1%] Built target ament_cmake_python_copy_tutorial_interfaces_cpp
[2.319s] [ 10%] Built target tutorial_interfaces_cpp__rosidl_generator_c
[2.322s] [35m[1mConsolidate compiler generated dependencies of target tutorial_interfaces_cpp__rosidl_typesupport_introspection_cpp[0m
[2.322s] [35m[1mConsolidate compiler generated dependencies of target tutorial_interfaces_cpp__rosidl_typesupport_fastrtps_cpp[0m
[2.328s] [35m[1mConsolidate compiler generated dependencies of target tutorial_interfaces_cpp__rosidl_typesupport_cpp[0m
[2.330s] [35m[1mConsolidate compiler generated dependencies of target tutorial_interfaces_cpp__rosidl_typesupport_microxrcedds_cpp[0m
[2.332s] [35m[1mConsolidate compiler generated dependencies of target tutorial_interfaces_cpp__rosidl_typesupport_microxrcedds_c[0m
[2.333s] [35m[1mConsolidate compiler generated dependencies of target tutorial_interfaces_cpp__rosidl_typesupport_introspection_c[0m
[2.333s] [35m[1mConsolidate compiler generated dependencies of target tutorial_interfaces_cpp__rosidl_typesupport_fastrtps_c[0m
[2.339s] [35m[1mConsolidate compiler generated dependencies of target tutorial_interfaces_cpp__rosidl_typesupport_c[0m
[2.341s] [ 18%] Built target tutorial_interfaces_cpp__rosidl_typesupport_introspection_cpp
[2.342s] [ 27%] Built target tutorial_interfaces_cpp__rosidl_typesupport_fastrtps_cpp
[2.345s] [ 35%] Built target tutorial_interfaces_cpp__rosidl_typesupport_cpp
[2.347s] [ 44%] Built target tutorial_interfaces_cpp__rosidl_typesupport_microxrcedds_c
[2.348s] [ 61%] Built target tutorial_interfaces_cpp__rosidl_typesupport_introspection_c
[2.348s] [ 61%] Built target tutorial_interfaces_cpp__rosidl_typesupport_microxrcedds_cpp
[2.351s] [ 69%] Built target tutorial_interfaces_cpp__rosidl_typesupport_fastrtps_c
[2.353s] [ 77%] Built target tutorial_interfaces_cpp__rosidl_typesupport_c
[2.377s] [ 77%] Built target tutorial_interfaces_cpp
[2.402s] [ 79%] [34m[1mGenerating Python code for ROS interfaces[0m
[2.553s] Error processing idl file: /home/amruth/Documents/git/ros_ws/WS/build/tutorial_interfaces_cpp/rosidl_adapter/tutorial_interfaces_cpp/msg/Num.idl
[2.553s] Traceback (most recent call last):
[2.553s]   File "/opt/ros/humble/share/rosidl_generator_py/cmake/../../../lib/rosidl_generator_py/rosidl_generator_py", line 40, in <module>
[2.553s]     sys.exit(main())
[2.553s]              ^^^^^^
[2.553s]   File "/opt/ros/humble/share/rosidl_generator_py/cmake/../../../lib/rosidl_generator_py/rosidl_generator_py", line 36, in main
[2.554s]     generate_py(args.generator_arguments_file, args.typesupport_impls.split(';'))
[2.554s]   File "/opt/ros/humble/local/lib/python3.10/dist-packages/rosidl_generator_py/generate_py_impl.py", line 61, in generate_py
[2.554s]     generated_files = generate_files(generator_arguments_file, mapping)
[2.554s]                       ^^^^^^^^^^^^^^^^^^^^^^^^^^^^^^^^^^^^^^^^^^^^^^^^^
[2.554s]   File "/opt/ros/humble/local/lib/python3.10/dist-packages/rosidl_cmake/__init__.py", line 96, in generate_files
[2.554s]     raise(e)
[2.554s]   File "/opt/ros/humble/local/lib/python3.10/dist-packages/rosidl_cmake/__init__.py", line 87, in generate_files
[2.554s]     expand_template(
[2.554s]   File "/opt/ros/humble/local/lib/python3.10/dist-packages/rosidl_cmake/__init__.py", line 131, in expand_template
[2.555s]     em.BUFFERED_OPT: True,
[2.555s]     ^^^^^^^^^^^^^^^
[2.555s] AttributeError: module 'em' has no attribute 'BUFFERED_OPT'
[2.566s] running egg_info
[2.567s] writing tutorial_interfaces_cpp.egg-info/PKG-INFO
[2.567s] writing dependency_links to tutorial_interfaces_cpp.egg-info/dependency_links.txt
[2.567s] writing top-level names to tutorial_interfaces_cpp.egg-info/top_level.txt
[2.569s] reading manifest file 'tutorial_interfaces_cpp.egg-info/SOURCES.txt'
[2.569s] writing manifest file 'tutorial_interfaces_cpp.egg-info/SOURCES.txt'
[2.572s] gmake[2]: *** [tutorial_interfaces_cpp__py/CMakeFiles/tutorial_interfaces_cpp__py.dir/build.make:158: rosidl_generator_py/tutorial_interfaces_cpp/_tutorial_interfaces_cpp_s.ep.rosidl_typesupport_microxrcedds_c.c] Error 1
[2.573s] gmake[1]: *** [CMakeFiles/Makefile2:680: tutorial_interfaces_cpp__py/CMakeFiles/tutorial_interfaces_cpp__py.dir/all] Error 2
[2.573s] gmake[1]: *** Waiting for unfinished jobs....
[2.598s] [ 79%] Built target ament_cmake_python_build_tutorial_interfaces_cpp_egg
[2.599s] gmake: *** [Makefile:146: all] Error 2
[2.602s] Invoked command in '/home/amruth/Documents/git/ros_ws/WS/build/tutorial_interfaces_cpp' returned '2': CMAKE_PREFIX_PATH=${CMAKE_PREFIX_PATH}:/home/amruth/Documents/git/ros_ws/WS/install/py_srvcli:/home/amruth/Documents/git/ros_ws/WS/install/py_pubsub_2:/home/amruth/Documents/git/ros_ws/WS/install/py_pubsub:/home/amruth/Documents/git/ros_ws/WS/install/my_py_pkg_2:/home/amruth/Documents/git/ros_ws/WS/install/my_py_pkg:/home/amruth/Documents/git/microros_ws/install/sensor_msgs_py:/opt/ros/humble /usr/bin/cmake --build /home/amruth/Documents/git/ros_ws/WS/build/tutorial_interfaces_cpp -- -j16 -l16
