[1.786s] Invoking command in '/home/amruth/Documents/git/ros_ws/WS/build/my_cpp_pkg': CMAKE_PREFIX_PATH=${CMAKE_PREFIX_PATH}:/home/amruth/Documents/git/ros_ws/WS/install/py_srvcli:/home/amruth/Documents/git/ros_ws/WS/install/py_pubsub_2:/home/amruth/Documents/git/ros_ws/WS/install/py_pubsub:/home/amruth/Documents/git/ros_ws/WS/install/my_py_pkg_2:/home/amruth/Documents/git/ros_ws/WS/install/my_py_pkg:/home/amruth/Documents/git/microros_ws/install/sensor_msgs_py:/opt/ros/humble /usr/bin/cmake /home/amruth/Documents/git/ros_ws/WS/src/my_cpp_pkg -DCMAKE_INSTALL_PREFIX=/home/amruth/Documents/git/ros_ws/WS/install/my_cpp_pkg
[2.833s] -- The C compiler identification is GNU 11.3.0
[2.833s] -- The CXX compiler identification is GNU 11.3.0
[2.833s] -- Detecting C compiler ABI info
[2.833s] -- Detecting C compiler ABI info - done
[2.833s] -- Check for working C compiler: /usr/bin/cc - skipped
[2.833s] -- Detecting C compile features
[2.833s] -- Detecting C compile features - done
[2.833s] -- Detecting CXX compiler ABI info
[2.833s] -- Detecting CXX compiler ABI info - done
[2.834s] -- Check for working CXX compiler: /usr/bin/c++ - skipped
[2.834s] -- Detecting CXX compile features
[2.834s] -- Detecting CXX compile features - done
[2.834s] -- Found ament_cmake: 1.3.4 (/opt/ros/humble/share/ament_cmake/cmake)
[2.834s] -- Found Python3: /usr/bin/python3.10 (found version "3.10.6") found components: Interpreter 
[2.834s] -- Found rclcpp: 16.0.4 (/opt/ros/humble/share/rclcpp/cmake)
[2.835s] -- Found rosidl_generator_c: 3.1.4 (/opt/ros/humble/share/rosidl_generator_c/cmake)
[2.835s] -- Found rosidl_adapter: 3.1.4 (/opt/ros/humble/share/rosidl_adapter/cmake)
[2.835s] -- Found rosidl_generator_cpp: 3.1.4 (/opt/ros/humble/share/rosidl_generator_cpp/cmake)
[2.835s] -- Using all available rosidl_typesupport_c: rosidl_typesupport_microxrcedds_c;rosidl_typesupport_fastrtps_c;rosidl_typesupport_introspection_c
[2.835s] -- Using all available rosidl_typesupport_cpp: rosidl_typesupport_microxrcedds_cpp;rosidl_typesupport_fastrtps_cpp;rosidl_typesupport_introspection_cpp
[2.835s] -- Found rmw_implementation_cmake: 6.1.1 (/opt/ros/humble/share/rmw_implementation_cmake/cmake)
[2.836s] -- Found rmw_cyclonedds_cpp: 1.3.4 (/opt/ros/humble/share/rmw_cyclonedds_cpp/cmake)
[2.836s] -- Using RMW implementation 'rmw_cyclonedds_cpp' as default
[2.836s] -- Looking for pthread.h
[2.851s] -- Looking for pthread.h - found
[2.851s] -- Performing Test CMAKE_HAVE_LIBC_PTHREAD
[2.935s] -- Performing Test CMAKE_HAVE_LIBC_PTHREAD - Success
[2.936s] -- Found Threads: TRUE  
[3.177s] -- Configuring done
[3.191s] -- Generating done
[3.193s] -- Build files have been written to: /home/amruth/Documents/git/ros_ws/WS/build/my_cpp_pkg
