[0.717s] Invoking command in '/home/amruth/Documents/git/ros_ws/WS/src/py_srvcli': PYTHONPATH=/home/amruth/Documents/git/ros_ws/WS/build/py_srvcli/prefix_override:/home/amruth/Documents/git/ros_ws/WS/install/py_srvcli/lib/python3.10/site-packages:${PYTHONPATH} /usr/bin/python3 setup.py egg_info --egg-base ../../build/py_srvcli build --build-base /home/amruth/Documents/git/ros_ws/WS/build/py_srvcli/build install --record /home/amruth/Documents/git/ros_ws/WS/build/py_srvcli/install.log --single-version-externally-managed
[0.925s] running egg_info
[0.926s] writing ../../build/py_srvcli/py_srvcli.egg-info/PKG-INFO
[0.926s] writing dependency_links to ../../build/py_srvcli/py_srvcli.egg-info/dependency_links.txt
[0.926s] writing entry points to ../../build/py_srvcli/py_srvcli.egg-info/entry_points.txt
[0.926s] writing requirements to ../../build/py_srvcli/py_srvcli.egg-info/requires.txt
[0.926s] writing top-level names to ../../build/py_srvcli/py_srvcli.egg-info/top_level.txt
[0.929s] reading manifest file '../../build/py_srvcli/py_srvcli.egg-info/SOURCES.txt'
[0.929s] adding license file 'LICENSE'
[0.929s] writing manifest file '../../build/py_srvcli/py_srvcli.egg-info/SOURCES.txt'
[0.929s] running build
[0.929s] running build_py
[0.930s] copying py_srvcli/server_add.py -> /home/amruth/Documents/git/ros_ws/WS/build/py_srvcli/build/lib/py_srvcli
[0.930s] running install
[0.930s] /usr/lib/python3/dist-packages/setuptools/command/install.py:34: SetuptoolsDeprecationWarning: setup.py install is deprecated. Use build and pip and other standards-based tools.
[0.930s]   warnings.warn(
[0.930s] running install_lib
[0.930s] copying /home/amruth/Documents/git/ros_ws/WS/build/py_srvcli/build/lib/py_srvcli/server_add.py -> /home/amruth/Documents/git/ros_ws/WS/install/py_srvcli/lib/python3.10/site-packages/py_srvcli
[0.931s] byte-compiling /home/amruth/Documents/git/ros_ws/WS/install/py_srvcli/lib/python3.10/site-packages/py_srvcli/server_add.py to server_add.cpython-310.pyc
[0.931s] running install_data
[0.932s] running install_egg_info
[0.933s] removing '/home/amruth/Documents/git/ros_ws/WS/install/py_srvcli/lib/python3.10/site-packages/py_srvcli-0.0.0-py3.10.egg-info' (and everything under it)
[0.933s] Copying ../../build/py_srvcli/py_srvcli.egg-info to /home/amruth/Documents/git/ros_ws/WS/install/py_srvcli/lib/python3.10/site-packages/py_srvcli-0.0.0-py3.10.egg-info
[0.933s] running install_scripts
[0.951s] Installing add_ser script to /home/amruth/Documents/git/ros_ws/WS/install/py_srvcli/lib/py_srvcli
[0.951s] writing list of installed files to '/home/amruth/Documents/git/ros_ws/WS/build/py_srvcli/install.log'
[0.974s] Invoked command in '/home/amruth/Documents/git/ros_ws/WS/src/py_srvcli' returned '0': PYTHONPATH=/home/amruth/Documents/git/ros_ws/WS/build/py_srvcli/prefix_override:/home/amruth/Documents/git/ros_ws/WS/install/py_srvcli/lib/python3.10/site-packages:${PYTHONPATH} /usr/bin/python3 setup.py egg_info --egg-base ../../build/py_srvcli build --build-base /home/amruth/Documents/git/ros_ws/WS/build/py_srvcli/build install --record /home/amruth/Documents/git/ros_ws/WS/build/py_srvcli/install.log --single-version-externally-managed
