[0.805s] DEBUG:colcon:Command line arguments: ['/usr/bin/colcon', 'build']
[0.806s] DEBUG:colcon:Parsed command line arguments: Namespace(log_base=None, log_level=None, verb_name='build', build_base='build', install_base='install', merge_install=False, symlink_install=False, test_result_base=None, continue_on_error=False, executor='parallel', parallel_workers=16, event_handlers=None, ignore_user_meta=False, metas=['./colcon.meta'], base_paths=['.'], packages_ignore=None, packages_ignore_regex=None, paths=None, packages_up_to=None, packages_up_to_regex=None, packages_above=None, packages_above_and_dependencies=None, packages_above_depth=None, packages_select_by_dep=None, packages_skip_by_dep=None, packages_skip_up_to=None, packages_select_build_failed=False, packages_skip_build_finished=False, packages_select_test_failures=False, packages_skip_test_passed=False, packages_select=None, packages_skip=None, packages_select_regex=None, packages_skip_regex=None, packages_start=None, packages_end=None, allow_overriding=[], cmake_args=None, cmake_target=None, cmake_target_skip_unavailable=False, cmake_clean_cache=False, cmake_clean_first=False, cmake_force_configure=False, ament_cmake_args=None, catkin_cmake_args=None, catkin_skip_building_tests=False, verb_parser=<colcon_defaults.argument_parser.defaults.DefaultArgumentsDecorator object at 0x7f461e5e8160>, verb_extension=<colcon_core.verb.build.BuildVerb object at 0x7f461e63b640>, main=<bound method BuildVerb.main of <colcon_core.verb.build.BuildVerb object at 0x7f461e63b640>>)
[0.842s] Level 1:colcon.colcon_core.package_discovery:discover_packages(colcon_meta) check parameters
[0.843s] Level 1:colcon.colcon_core.package_discovery:discover_packages(recursive) check parameters
[0.843s] Level 1:colcon.colcon_core.package_discovery:discover_packages(ignore) check parameters
[0.843s] Level 1:colcon.colcon_core.package_discovery:discover_packages(path) check parameters
[0.843s] Level 1:colcon.colcon_core.package_discovery:discover_packages(colcon_meta) discover
[0.843s] Level 1:colcon.colcon_core.package_discovery:discover_packages(recursive) discover
[0.843s] INFO:colcon.colcon_core.package_discovery:Crawling recursively for packages in '/home/amruth/Documents/git/ros_ws/WS'
[0.843s] Level 1:colcon.colcon_core.package_identification:_identify(.) by extensions ['ignore', 'ignore_ament_install']
[0.843s] Level 1:colcon.colcon_core.package_identification:_identify(.) by extension 'ignore'
[0.843s] Level 1:colcon.colcon_core.package_identification:_identify(.) by extension 'ignore_ament_install'
[0.843s] Level 1:colcon.colcon_core.package_identification:_identify(.) by extensions ['colcon_pkg']
[0.843s] Level 1:colcon.colcon_core.package_identification:_identify(.) by extension 'colcon_pkg'
[0.843s] Level 1:colcon.colcon_core.package_identification:_identify(.) by extensions ['colcon_meta']
[0.843s] Level 1:colcon.colcon_core.package_identification:_identify(.) by extension 'colcon_meta'
[0.843s] Level 1:colcon.colcon_core.package_identification:_identify(.) by extensions ['ros']
[0.843s] Level 1:colcon.colcon_core.package_identification:_identify(.) by extension 'ros'
[0.852s] Level 1:colcon.colcon_core.package_identification:_identify(.) by extensions ['cmake', 'python']
[0.852s] Level 1:colcon.colcon_core.package_identification:_identify(.) by extension 'cmake'
[0.852s] Level 1:colcon.colcon_core.package_identification:_identify(.) by extension 'python'
[0.852s] Level 1:colcon.colcon_core.package_identification:_identify(.) by extensions ['python_setup_py']
[0.852s] Level 1:colcon.colcon_core.package_identification:_identify(.) by extension 'python_setup_py'
[0.852s] Level 1:colcon.colcon_core.package_identification:_identify(build) by extensions ['ignore', 'ignore_ament_install']
[0.852s] Level 1:colcon.colcon_core.package_identification:_identify(build) by extension 'ignore'
[0.852s] Level 1:colcon.colcon_core.package_identification:_identify(build) ignored
[0.852s] Level 1:colcon.colcon_core.package_identification:_identify(install) by extensions ['ignore', 'ignore_ament_install']
[0.853s] Level 1:colcon.colcon_core.package_identification:_identify(install) by extension 'ignore'
[0.853s] Level 1:colcon.colcon_core.package_identification:_identify(install) ignored
[0.853s] Level 1:colcon.colcon_core.package_identification:_identify(log) by extensions ['ignore', 'ignore_ament_install']
[0.853s] Level 1:colcon.colcon_core.package_identification:_identify(log) by extension 'ignore'
[0.853s] Level 1:colcon.colcon_core.package_identification:_identify(log) ignored
[0.853s] Level 1:colcon.colcon_core.package_identification:_identify(src) by extensions ['ignore', 'ignore_ament_install']
[0.853s] Level 1:colcon.colcon_core.package_identification:_identify(src) by extension 'ignore'
[0.853s] Level 1:colcon.colcon_core.package_identification:_identify(src) by extension 'ignore_ament_install'
[0.853s] Level 1:colcon.colcon_core.package_identification:_identify(src) by extensions ['colcon_pkg']
[0.853s] Level 1:colcon.colcon_core.package_identification:_identify(src) by extension 'colcon_pkg'
[0.853s] Level 1:colcon.colcon_core.package_identification:_identify(src) by extensions ['colcon_meta']
[0.853s] Level 1:colcon.colcon_core.package_identification:_identify(src) by extension 'colcon_meta'
[0.853s] Level 1:colcon.colcon_core.package_identification:_identify(src) by extensions ['ros']
[0.853s] Level 1:colcon.colcon_core.package_identification:_identify(src) by extension 'ros'
[0.853s] Level 1:colcon.colcon_core.package_identification:_identify(src) by extensions ['cmake', 'python']
[0.853s] Level 1:colcon.colcon_core.package_identification:_identify(src) by extension 'cmake'
[0.853s] Level 1:colcon.colcon_core.package_identification:_identify(src) by extension 'python'
[0.853s] Level 1:colcon.colcon_core.package_identification:_identify(src) by extensions ['python_setup_py']
[0.853s] Level 1:colcon.colcon_core.package_identification:_identify(src) by extension 'python_setup_py'
[0.853s] Level 1:colcon.colcon_core.package_identification:_identify(src/my_cpp_pkg) by extensions ['ignore', 'ignore_ament_install']
[0.853s] Level 1:colcon.colcon_core.package_identification:_identify(src/my_cpp_pkg) by extension 'ignore'
[0.853s] Level 1:colcon.colcon_core.package_identification:_identify(src/my_cpp_pkg) by extension 'ignore_ament_install'
[0.853s] Level 1:colcon.colcon_core.package_identification:_identify(src/my_cpp_pkg) by extensions ['colcon_pkg']
[0.853s] Level 1:colcon.colcon_core.package_identification:_identify(src/my_cpp_pkg) by extension 'colcon_pkg'
[0.854s] Level 1:colcon.colcon_core.package_identification:_identify(src/my_cpp_pkg) by extensions ['colcon_meta']
[0.854s] Level 1:colcon.colcon_core.package_identification:_identify(src/my_cpp_pkg) by extension 'colcon_meta'
[0.854s] Level 1:colcon.colcon_core.package_identification:_identify(src/my_cpp_pkg) by extensions ['ros']
[0.854s] Level 1:colcon.colcon_core.package_identification:_identify(src/my_cpp_pkg) by extension 'ros'
[0.855s] DEBUG:colcon.colcon_core.package_identification:Package 'src/my_cpp_pkg' with type 'ros.ament_cmake' and name 'my_cpp_pkg'
[0.856s] Level 1:colcon.colcon_core.package_identification:_identify(src/my_py_pkg) by extensions ['ignore', 'ignore_ament_install']
[0.856s] Level 1:colcon.colcon_core.package_identification:_identify(src/my_py_pkg) by extension 'ignore'
[0.856s] Level 1:colcon.colcon_core.package_identification:_identify(src/my_py_pkg) by extension 'ignore_ament_install'
[0.856s] Level 1:colcon.colcon_core.package_identification:_identify(src/my_py_pkg) by extensions ['colcon_pkg']
[0.856s] Level 1:colcon.colcon_core.package_identification:_identify(src/my_py_pkg) by extension 'colcon_pkg'
[0.856s] Level 1:colcon.colcon_core.package_identification:_identify(src/my_py_pkg) by extensions ['colcon_meta']
[0.856s] Level 1:colcon.colcon_core.package_identification:_identify(src/my_py_pkg) by extension 'colcon_meta'
[0.856s] Level 1:colcon.colcon_core.package_identification:_identify(src/my_py_pkg) by extensions ['ros']
[0.856s] Level 1:colcon.colcon_core.package_identification:_identify(src/my_py_pkg) by extension 'ros'
[0.856s] DEBUG:colcon.colcon_core.package_identification:Package 'src/my_py_pkg' with type 'ros.ament_python' and name 'my_py_pkg'
[0.856s] Level 1:colcon.colcon_core.package_discovery:discover_packages(recursive) using defaults
[0.856s] Level 1:colcon.colcon_core.package_discovery:discover_packages(ignore) discover
[0.856s] Level 1:colcon.colcon_core.package_discovery:discover_packages(ignore) using defaults
[0.856s] Level 1:colcon.colcon_core.package_discovery:discover_packages(path) discover
[0.857s] Level 1:colcon.colcon_core.package_discovery:discover_packages(path) using defaults
[0.927s] Level 1:colcon.colcon_core.package_discovery:discover_packages(prefix_path) check parameters
[0.927s] Level 1:colcon.colcon_core.package_discovery:discover_packages(prefix_path) discover
[0.952s] DEBUG:colcon.colcon_installed_package_information.package_discovery:Found 2 installed packages in /home/amruth/Documents/git/ros_ws/WS/install
[0.964s] DEBUG:colcon.colcon_installed_package_information.package_discovery:Found 39 installed packages in /home/amruth/Documents/git/microros_ws/install
[0.975s] DEBUG:colcon.colcon_installed_package_information.package_discovery:Found 369 installed packages in /opt/ros/humble
[0.978s] Level 1:colcon.colcon_core.package_discovery:discover_packages(prefix_path) using defaults
[1.071s] Level 5:colcon.colcon_core.verb:set package 'my_cpp_pkg' build argument 'cmake_args' from command line to 'None'
[1.071s] Level 5:colcon.colcon_core.verb:set package 'my_cpp_pkg' build argument 'cmake_target' from command line to 'None'
[1.071s] Level 5:colcon.colcon_core.verb:set package 'my_cpp_pkg' build argument 'cmake_target_skip_unavailable' from command line to 'False'
[1.071s] Level 5:colcon.colcon_core.verb:set package 'my_cpp_pkg' build argument 'cmake_clean_cache' from command line to 'False'
[1.071s] Level 5:colcon.colcon_core.verb:set package 'my_cpp_pkg' build argument 'cmake_clean_first' from command line to 'False'
[1.071s] Level 5:colcon.colcon_core.verb:set package 'my_cpp_pkg' build argument 'cmake_force_configure' from command line to 'False'
[1.071s] Level 5:colcon.colcon_core.verb:set package 'my_cpp_pkg' build argument 'ament_cmake_args' from command line to 'None'
[1.071s] Level 5:colcon.colcon_core.verb:set package 'my_cpp_pkg' build argument 'catkin_cmake_args' from command line to 'None'
[1.071s] Level 5:colcon.colcon_core.verb:set package 'my_cpp_pkg' build argument 'catkin_skip_building_tests' from command line to 'False'
[1.071s] DEBUG:colcon.colcon_core.verb:Building package 'my_cpp_pkg' with the following arguments: {'ament_cmake_args': None, 'build_base': '/home/amruth/Documents/git/ros_ws/WS/build/my_cpp_pkg', 'catkin_cmake_args': None, 'catkin_skip_building_tests': False, 'cmake_args': None, 'cmake_clean_cache': False, 'cmake_clean_first': False, 'cmake_force_configure': False, 'cmake_target': None, 'cmake_target_skip_unavailable': False, 'install_base': '/home/amruth/Documents/git/ros_ws/WS/install/my_cpp_pkg', 'merge_install': False, 'path': '/home/amruth/Documents/git/ros_ws/WS/src/my_cpp_pkg', 'symlink_install': False, 'test_result_base': None}
[1.082s] Level 5:colcon.colcon_core.verb:set package 'my_py_pkg' build argument 'cmake_args' from command line to 'None'
[1.082s] Level 5:colcon.colcon_core.verb:set package 'my_py_pkg' build argument 'cmake_target' from command line to 'None'
[1.082s] Level 5:colcon.colcon_core.verb:set package 'my_py_pkg' build argument 'cmake_target_skip_unavailable' from command line to 'False'
[1.082s] Level 5:colcon.colcon_core.verb:set package 'my_py_pkg' build argument 'cmake_clean_cache' from command line to 'False'
[1.082s] Level 5:colcon.colcon_core.verb:set package 'my_py_pkg' build argument 'cmake_clean_first' from command line to 'False'
[1.082s] Level 5:colcon.colcon_core.verb:set package 'my_py_pkg' build argument 'cmake_force_configure' from command line to 'False'
[1.082s] Level 5:colcon.colcon_core.verb:set package 'my_py_pkg' build argument 'ament_cmake_args' from command line to 'None'
[1.082s] Level 5:colcon.colcon_core.verb:set package 'my_py_pkg' build argument 'catkin_cmake_args' from command line to 'None'
[1.082s] Level 5:colcon.colcon_core.verb:set package 'my_py_pkg' build argument 'catkin_skip_building_tests' from command line to 'False'
[1.082s] DEBUG:colcon.colcon_core.verb:Building package 'my_py_pkg' with the following arguments: {'ament_cmake_args': None, 'build_base': '/home/amruth/Documents/git/ros_ws/WS/build/my_py_pkg', 'catkin_cmake_args': None, 'catkin_skip_building_tests': False, 'cmake_args': None, 'cmake_clean_cache': False, 'cmake_clean_first': False, 'cmake_force_configure': False, 'cmake_target': None, 'cmake_target_skip_unavailable': False, 'install_base': '/home/amruth/Documents/git/ros_ws/WS/install/my_py_pkg', 'merge_install': False, 'path': '/home/amruth/Documents/git/ros_ws/WS/src/my_py_pkg', 'symlink_install': False, 'test_result_base': None}
[1.092s] INFO:colcon.colcon_core.executor:Executing jobs using 'parallel' executor
[1.103s] DEBUG:colcon.colcon_parallel_executor.executor.parallel:run_until_complete
[1.103s] INFO:colcon.colcon_ros.task.ament_cmake.build:Building ROS package in '/home/amruth/Documents/git/ros_ws/WS/src/my_cpp_pkg' with build type 'ament_cmake'
[1.103s] INFO:colcon.colcon_cmake.task.cmake.build:Building CMake package in '/home/amruth/Documents/git/ros_ws/WS/src/my_cpp_pkg'
[1.117s] INFO:colcon.colcon_core.plugin_system:Skipping extension 'colcon_core.shell.bat': Not used on non-Windows systems
[1.117s] INFO:colcon.colcon_core.shell:Skip shell extension 'powershell' for command environment: Not usable outside of PowerShell
[1.117s] DEBUG:colcon.colcon_core.shell:Skip shell extension 'dsv' for command environment
[1.165s] INFO:colcon.colcon_ros.task.ament_python.build:Building ROS package in '/home/amruth/Documents/git/ros_ws/WS/src/my_py_pkg' with build type 'ament_python'
[1.166s] Level 1:colcon.colcon_core.shell:create_environment_hook('my_py_pkg', 'ament_prefix_path')
[1.176s] INFO:colcon.colcon_core.shell:Creating environment hook '/home/amruth/Documents/git/ros_ws/WS/install/my_py_pkg/share/my_py_pkg/hook/ament_prefix_path.ps1'
[1.178s] INFO:colcon.colcon_core.shell:Creating environment descriptor '/home/amruth/Documents/git/ros_ws/WS/install/my_py_pkg/share/my_py_pkg/hook/ament_prefix_path.dsv'
[1.179s] INFO:colcon.colcon_core.shell:Creating environment hook '/home/amruth/Documents/git/ros_ws/WS/install/my_py_pkg/share/my_py_pkg/hook/ament_prefix_path.sh'
[1.189s] INFO:colcon.colcon_core.shell:Skip shell extension 'powershell' for command environment: Not usable outside of PowerShell
[1.189s] DEBUG:colcon.colcon_core.shell:Skip shell extension 'dsv' for command environment
[1.246s] DEBUG:colcon.colcon_core.event_handler.log_command:Invoking command in '/home/amruth/Documents/git/ros_ws/WS/build/my_cpp_pkg': CMAKE_PREFIX_PATH=${CMAKE_PREFIX_PATH}:/home/amruth/Documents/git/ros_ws/WS/install/my_py_pkg:/home/amruth/Documents/git/microros_ws/install/sensor_msgs_py:/opt/ros/humble /usr/bin/cmake --build /home/amruth/Documents/git/ros_ws/WS/build/my_cpp_pkg -- -j16 -l16
[1.528s] INFO:colcon.colcon_core.task.python.build:Building Python package in '/home/amruth/Documents/git/ros_ws/WS/src/my_py_pkg'
[1.540s] INFO:colcon.colcon_core.shell:Skip shell extension 'powershell' for command environment: Not usable outside of PowerShell
[1.540s] DEBUG:colcon.colcon_core.shell:Skip shell extension 'dsv' for command environment
[1.959s] DEBUG:colcon.colcon_core.event_handler.log_command:Invoking command in '/home/amruth/Documents/git/ros_ws/WS/src/my_py_pkg': PYTHONPATH=/home/amruth/Documents/git/ros_ws/WS/build/my_py_pkg/prefix_override:/home/amruth/Documents/git/ros_ws/WS/install/my_py_pkg/lib/python3.10/site-packages:${PYTHONPATH} /usr/bin/python3 setup.py egg_info --egg-base ../../build/my_py_pkg build --build-base /home/amruth/Documents/git/ros_ws/WS/build/my_py_pkg/build install --record /home/amruth/Documents/git/ros_ws/WS/build/my_py_pkg/install.log --single-version-externally-managed
[2.275s] DEBUG:colcon.colcon_core.event_handler.log_command:Invoked command in '/home/amruth/Documents/git/ros_ws/WS/src/my_py_pkg' returned '0': PYTHONPATH=/home/amruth/Documents/git/ros_ws/WS/build/my_py_pkg/prefix_override:/home/amruth/Documents/git/ros_ws/WS/install/my_py_pkg/lib/python3.10/site-packages:${PYTHONPATH} /usr/bin/python3 setup.py egg_info --egg-base ../../build/my_py_pkg build --build-base /home/amruth/Documents/git/ros_ws/WS/build/my_py_pkg/build install --record /home/amruth/Documents/git/ros_ws/WS/build/my_py_pkg/install.log --single-version-externally-managed
[2.287s] Level 1:colcon.colcon_core.environment:checking '/home/amruth/Documents/git/ros_ws/WS/install/my_py_pkg' for CMake module files
[2.288s] Level 1:colcon.colcon_core.environment:checking '/home/amruth/Documents/git/ros_ws/WS/install/my_py_pkg' for CMake config files
[2.288s] Level 1:colcon.colcon_core.environment:checking '/home/amruth/Documents/git/ros_ws/WS/install/my_py_pkg/lib'
[2.289s] Level 1:colcon.colcon_core.environment:checking '/home/amruth/Documents/git/ros_ws/WS/install/my_py_pkg/bin'
[2.289s] Level 1:colcon.colcon_core.environment:checking '/home/amruth/Documents/git/ros_ws/WS/install/my_py_pkg/lib/pkgconfig/my_py_pkg.pc'
[2.289s] Level 1:colcon.colcon_core.environment:checking '/home/amruth/Documents/git/ros_ws/WS/install/my_py_pkg/lib/python3.10/site-packages'
[2.289s] Level 1:colcon.colcon_core.shell:create_environment_hook('my_py_pkg', 'pythonpath')
[2.300s] INFO:colcon.colcon_core.shell:Creating environment hook '/home/amruth/Documents/git/ros_ws/WS/install/my_py_pkg/share/my_py_pkg/hook/pythonpath.ps1'
[2.300s] INFO:colcon.colcon_core.shell:Creating environment descriptor '/home/amruth/Documents/git/ros_ws/WS/install/my_py_pkg/share/my_py_pkg/hook/pythonpath.dsv'
[2.300s] INFO:colcon.colcon_core.shell:Creating environment hook '/home/amruth/Documents/git/ros_ws/WS/install/my_py_pkg/share/my_py_pkg/hook/pythonpath.sh'
[2.301s] Level 1:colcon.colcon_core.environment:checking '/home/amruth/Documents/git/ros_ws/WS/install/my_py_pkg/bin'
[2.301s] Level 1:colcon.colcon_core.environment:create_environment_scripts_only(my_py_pkg)
[2.312s] INFO:colcon.colcon_core.shell:Creating package script '/home/amruth/Documents/git/ros_ws/WS/install/my_py_pkg/share/my_py_pkg/package.ps1'
[2.313s] INFO:colcon.colcon_core.shell:Creating package descriptor '/home/amruth/Documents/git/ros_ws/WS/install/my_py_pkg/share/my_py_pkg/package.dsv'
[2.314s] INFO:colcon.colcon_core.shell:Creating package script '/home/amruth/Documents/git/ros_ws/WS/install/my_py_pkg/share/my_py_pkg/package.sh'
[2.314s] INFO:colcon.colcon_core.shell:Creating package script '/home/amruth/Documents/git/ros_ws/WS/install/my_py_pkg/share/my_py_pkg/package.bash'
[2.315s] INFO:colcon.colcon_core.shell:Creating package script '/home/amruth/Documents/git/ros_ws/WS/install/my_py_pkg/share/my_py_pkg/package.zsh'
[2.315s] Level 1:colcon.colcon_core.environment:create_file_with_runtime_dependencies(/home/amruth/Documents/git/ros_ws/WS/install/my_py_pkg/share/colcon-core/packages/my_py_pkg)
[3.853s] DEBUG:colcon.colcon_core.event_handler.log_command:Invoked command in '/home/amruth/Documents/git/ros_ws/WS/build/my_cpp_pkg' returned '2': CMAKE_PREFIX_PATH=${CMAKE_PREFIX_PATH}:/home/amruth/Documents/git/ros_ws/WS/install/my_py_pkg:/home/amruth/Documents/git/microros_ws/install/sensor_msgs_py:/opt/ros/humble /usr/bin/cmake --build /home/amruth/Documents/git/ros_ws/WS/build/my_cpp_pkg -- -j16 -l16
[3.904s] Level 1:colcon.colcon_core.environment:create_environment_scripts_only(my_cpp_pkg)
[3.916s] Level 1:colcon.colcon_core.environment:checking '/home/amruth/Documents/git/ros_ws/WS/install/my_cpp_pkg' for CMake module files
[3.917s] Level 1:colcon.colcon_core.environment:checking '/home/amruth/Documents/git/ros_ws/WS/install/my_cpp_pkg' for CMake config files
[3.917s] Level 1:colcon.colcon_core.shell:create_environment_hook('my_cpp_pkg', 'cmake_prefix_path')
[3.929s] INFO:colcon.colcon_core.shell:Creating environment hook '/home/amruth/Documents/git/ros_ws/WS/install/my_cpp_pkg/share/my_cpp_pkg/hook/cmake_prefix_path.ps1'
[3.929s] INFO:colcon.colcon_core.shell:Creating environment descriptor '/home/amruth/Documents/git/ros_ws/WS/install/my_cpp_pkg/share/my_cpp_pkg/hook/cmake_prefix_path.dsv'
[3.930s] INFO:colcon.colcon_core.shell:Creating environment hook '/home/amruth/Documents/git/ros_ws/WS/install/my_cpp_pkg/share/my_cpp_pkg/hook/cmake_prefix_path.sh'
[3.930s] Level 1:colcon.colcon_core.environment:checking '/home/amruth/Documents/git/ros_ws/WS/install/my_cpp_pkg/lib'
[3.930s] Level 1:colcon.colcon_core.environment:checking '/home/amruth/Documents/git/ros_ws/WS/install/my_cpp_pkg/bin'
[3.930s] Level 1:colcon.colcon_core.environment:checking '/home/amruth/Documents/git/ros_ws/WS/install/my_cpp_pkg/lib/pkgconfig/my_cpp_pkg.pc'
[3.930s] Level 1:colcon.colcon_core.environment:checking '/home/amruth/Documents/git/ros_ws/WS/install/my_cpp_pkg/lib/python3.10/site-packages'
[3.931s] Level 1:colcon.colcon_core.environment:checking '/home/amruth/Documents/git/ros_ws/WS/install/my_cpp_pkg/bin'
[3.942s] INFO:colcon.colcon_core.shell:Creating package script '/home/amruth/Documents/git/ros_ws/WS/install/my_cpp_pkg/share/my_cpp_pkg/package.ps1'
[3.942s] INFO:colcon.colcon_core.shell:Creating package descriptor '/home/amruth/Documents/git/ros_ws/WS/install/my_cpp_pkg/share/my_cpp_pkg/package.dsv'
[3.943s] INFO:colcon.colcon_core.shell:Creating package script '/home/amruth/Documents/git/ros_ws/WS/install/my_cpp_pkg/share/my_cpp_pkg/package.sh'
[3.943s] INFO:colcon.colcon_core.shell:Creating package script '/home/amruth/Documents/git/ros_ws/WS/install/my_cpp_pkg/share/my_cpp_pkg/package.bash'
[3.943s] INFO:colcon.colcon_core.shell:Creating package script '/home/amruth/Documents/git/ros_ws/WS/install/my_cpp_pkg/share/my_cpp_pkg/package.zsh'
[3.944s] Level 1:colcon.colcon_core.environment:create_file_with_runtime_dependencies(/home/amruth/Documents/git/ros_ws/WS/install/my_cpp_pkg/share/colcon-core/packages/my_cpp_pkg)
[3.954s] DEBUG:colcon.colcon_parallel_executor.executor.parallel:closing loop
[3.954s] DEBUG:colcon.colcon_parallel_executor.executor.parallel:loop closed
[3.954s] DEBUG:colcon.colcon_parallel_executor.executor.parallel:run_until_complete finished with '2'
[3.954s] DEBUG:colcon.colcon_core.event_reactor:joining thread
[3.971s] INFO:colcon.colcon_core.plugin_system:Skipping extension 'colcon_notification.desktop_notification.terminal_notifier': Not used on non-Darwin systems
[3.971s] INFO:colcon.colcon_core.plugin_system:Skipping extension 'colcon_notification.desktop_notification.win32': Not used on non-Windows systems
[3.971s] INFO:colcon.colcon_notification.desktop_notification:Sending desktop notification using 'notify2'
[3.979s] DEBUG:colcon.colcon_core.event_reactor:joined thread
[3.992s] INFO:colcon.colcon_core.shell:Creating prefix script '/home/amruth/Documents/git/ros_ws/WS/install/local_setup.ps1'
[3.993s] INFO:colcon.colcon_core.shell:Creating prefix util module '/home/amruth/Documents/git/ros_ws/WS/install/_local_setup_util_ps1.py'
[3.994s] INFO:colcon.colcon_core.shell:Creating prefix chain script '/home/amruth/Documents/git/ros_ws/WS/install/setup.ps1'
[4.007s] INFO:colcon.colcon_core.shell:Creating prefix script '/home/amruth/Documents/git/ros_ws/WS/install/local_setup.sh'
[4.007s] INFO:colcon.colcon_core.shell:Creating prefix util module '/home/amruth/Documents/git/ros_ws/WS/install/_local_setup_util_sh.py'
[4.007s] INFO:colcon.colcon_core.shell:Creating prefix chain script '/home/amruth/Documents/git/ros_ws/WS/install/setup.sh'
[4.020s] INFO:colcon.colcon_core.shell:Creating prefix script '/home/amruth/Documents/git/ros_ws/WS/install/local_setup.bash'
[4.020s] INFO:colcon.colcon_core.shell:Creating prefix chain script '/home/amruth/Documents/git/ros_ws/WS/install/setup.bash'
[4.033s] INFO:colcon.colcon_core.shell:Creating prefix script '/home/amruth/Documents/git/ros_ws/WS/install/local_setup.zsh'
[4.033s] INFO:colcon.colcon_core.shell:Creating prefix chain script '/home/amruth/Documents/git/ros_ws/WS/install/setup.zsh'
