[0.558s] Invoking command in '/home/ros_ws/src/my_py_pkg': PYTHONPATH=/home/ros_ws/build/my_py_pkg/prefix_override:/home/ros_ws/install/my_py_pkg/lib/python3.8/site-packages:${PYTHONPATH} /usr/bin/python3 setup.py egg_info --egg-base ../../build/my_py_pkg build --build-base /home/ros_ws/build/my_py_pkg/build install --record /home/ros_ws/build/my_py_pkg/install.log --install-scripts $base/lib/my_py_pkg --single-version-externally-managed
[0.701s] running egg_info
[0.701s] creating ../../build/my_py_pkg/my_py_pkg.egg-info
[0.701s] writing ../../build/my_py_pkg/my_py_pkg.egg-info/PKG-INFO
[0.702s] writing dependency_links to ../../build/my_py_pkg/my_py_pkg.egg-info/dependency_links.txt
[0.702s] writing entry points to ../../build/my_py_pkg/my_py_pkg.egg-info/entry_points.txt
[0.702s] writing requirements to ../../build/my_py_pkg/my_py_pkg.egg-info/requires.txt
[0.702s] writing top-level names to ../../build/my_py_pkg/my_py_pkg.egg-info/top_level.txt
[0.715s] writing manifest file '../../build/my_py_pkg/my_py_pkg.egg-info/SOURCES.txt'
[0.739s] reading manifest file '../../build/my_py_pkg/my_py_pkg.egg-info/SOURCES.txt'
[0.740s] writing manifest file '../../build/my_py_pkg/my_py_pkg.egg-info/SOURCES.txt'
[0.740s] running build
[0.740s] running build_py
[0.740s] creating /home/ros_ws/build/my_py_pkg/build
[0.741s] creating /home/ros_ws/build/my_py_pkg/build/lib
[0.741s] creating /home/ros_ws/build/my_py_pkg/build/lib/my_py_pkg
[0.741s] copying my_py_pkg/hw_status_publisher.py -> /home/ros_ws/build/my_py_pkg/build/lib/my_py_pkg
[0.741s] copying my_py_pkg/__init__.py -> /home/ros_ws/build/my_py_pkg/build/lib/my_py_pkg
[0.741s] running install
[0.742s] running install_lib
[0.742s] creating /home/ros_ws/install/my_py_pkg/lib/python3.8/site-packages/my_py_pkg
[0.742s] copying /home/ros_ws/build/my_py_pkg/build/lib/my_py_pkg/hw_status_publisher.py -> /home/ros_ws/install/my_py_pkg/lib/python3.8/site-packages/my_py_pkg
[0.742s] copying /home/ros_ws/build/my_py_pkg/build/lib/my_py_pkg/__init__.py -> /home/ros_ws/install/my_py_pkg/lib/python3.8/site-packages/my_py_pkg
[0.743s] byte-compiling /home/ros_ws/install/my_py_pkg/lib/python3.8/site-packages/my_py_pkg/hw_status_publisher.py to hw_status_publisher.cpython-38.pyc
[0.743s] byte-compiling /home/ros_ws/install/my_py_pkg/lib/python3.8/site-packages/my_py_pkg/__init__.py to __init__.cpython-38.pyc
[0.743s]   File "/home/ros_ws/install/my_py_pkg/lib/python3.8/site-packages/my_py_pkg/hw_status_publisher.py", line 22
[0.744s]     def main(args = None)
[0.744s]                         ^
[0.744s] SyntaxError: invalid syntax
[0.744s] 
[0.744s] running install_data
[0.745s] creating /home/ros_ws/install/my_py_pkg/share/ament_index
[0.745s] creating /home/ros_ws/install/my_py_pkg/share/ament_index/resource_index
[0.745s] creating /home/ros_ws/install/my_py_pkg/share/ament_index/resource_index/packages
[0.745s] copying resource/my_py_pkg -> /home/ros_ws/install/my_py_pkg/share/ament_index/resource_index/packages
[0.745s] copying package.xml -> /home/ros_ws/install/my_py_pkg/share/my_py_pkg
[0.745s] running install_egg_info
[0.746s] Copying ../../build/my_py_pkg/my_py_pkg.egg-info to /home/ros_ws/install/my_py_pkg/lib/python3.8/site-packages/my_py_pkg-0.0.0-py3.8.egg-info
[0.746s] running install_scripts
[0.759s] Installing hw_status_publisher script to /home/ros_ws/install/my_py_pkg/lib/my_py_pkg
[0.759s] writing list of installed files to '/home/ros_ws/build/my_py_pkg/install.log'
[0.781s] Invoked command in '/home/ros_ws/src/my_py_pkg' returned '0': PYTHONPATH=/home/ros_ws/build/my_py_pkg/prefix_override:/home/ros_ws/install/my_py_pkg/lib/python3.8/site-packages:${PYTHONPATH} /usr/bin/python3 setup.py egg_info --egg-base ../../build/my_py_pkg build --build-base /home/ros_ws/build/my_py_pkg/build install --record /home/ros_ws/build/my_py_pkg/install.log --install-scripts $base/lib/my_py_pkg --single-version-externally-managed
