/home/workspace/ros_ws/install/delbot_controller/lib/python3.8/site-packages/delbot_controller/draw_circle.py
/home/workspace/ros_ws/install/delbot_controller/lib/python3.8/site-packages/delbot_controller/joy_simulator.py
/home/workspace/ros_ws/install/delbot_controller/lib/python3.8/site-packages/delbot_controller/turtle_controller.py
/home/workspace/ros_ws/install/delbot_controller/lib/python3.8/site-packages/delbot_controller/pose_subscriber.py
/home/workspace/ros_ws/install/delbot_controller/lib/python3.8/site-packages/delbot_controller/joy_control.py
/home/workspace/ros_ws/install/delbot_controller/lib/python3.8/site-packages/delbot_controller/first_node.py
/home/workspace/ros_ws/install/delbot_controller/lib/python3.8/site-packages/delbot_controller/__init__.py
/home/workspace/ros_ws/install/delbot_controller/lib/python3.8/site-packages/delbot_controller/__pycache__/draw_circle.cpython-38.pyc
/home/workspace/ros_ws/install/delbot_controller/lib/python3.8/site-packages/delbot_controller/__pycache__/joy_simulator.cpython-38.pyc
/home/workspace/ros_ws/install/delbot_controller/lib/python3.8/site-packages/delbot_controller/__pycache__/turtle_controller.cpython-38.pyc
/home/workspace/ros_ws/install/delbot_controller/lib/python3.8/site-packages/delbot_controller/__pycache__/pose_subscriber.cpython-38.pyc
/home/workspace/ros_ws/install/delbot_controller/lib/python3.8/site-packages/delbot_controller/__pycache__/joy_control.cpython-38.pyc
/home/workspace/ros_ws/install/delbot_controller/lib/python3.8/site-packages/delbot_controller/__pycache__/first_node.cpython-38.pyc
/home/workspace/ros_ws/install/delbot_controller/lib/python3.8/site-packages/delbot_controller/__pycache__/__init__.cpython-38.pyc
/home/workspace/ros_ws/install/delbot_controller/share/ament_index/resource_index/packages/delbot_controller
/home/workspace/ros_ws/install/delbot_controller/share/delbot_controller/package.xml
/home/workspace/ros_ws/install/delbot_controller/lib/python3.8/site-packages/delbot_controller-0.0.0-py3.8.egg-info/zip-safe
/home/workspace/ros_ws/install/delbot_controller/lib/python3.8/site-packages/delbot_controller-0.0.0-py3.8.egg-info/top_level.txt
/home/workspace/ros_ws/install/delbot_controller/lib/python3.8/site-packages/delbot_controller-0.0.0-py3.8.egg-info/dependency_links.txt
/home/workspace/ros_ws/install/delbot_controller/lib/python3.8/site-packages/delbot_controller-0.0.0-py3.8.egg-info/SOURCES.txt
/home/workspace/ros_ws/install/delbot_controller/lib/python3.8/site-packages/delbot_controller-0.0.0-py3.8.egg-info/PKG-INFO
/home/workspace/ros_ws/install/delbot_controller/lib/python3.8/site-packages/delbot_controller-0.0.0-py3.8.egg-info/requires.txt
/home/workspace/ros_ws/install/delbot_controller/lib/python3.8/site-packages/delbot_controller-0.0.0-py3.8.egg-info/entry_points.txt
/home/workspace/ros_ws/install/delbot_controller/lib/delbot_controller/draw_circle
/home/workspace/ros_ws/install/delbot_controller/lib/delbot_controller/joy_controller
/home/workspace/ros_ws/install/delbot_controller/lib/delbot_controller/joy_simulator
/home/workspace/ros_ws/install/delbot_controller/lib/delbot_controller/pose_subscriber
/home/workspace/ros_ws/install/delbot_controller/lib/delbot_controller/test_node
/home/workspace/ros_ws/install/delbot_controller/lib/delbot_controller/turtle_controller
