[0.765s] Invoking command in '/home/amruth/Documents/git/ros_ws/WS/src/py_srvcli': PYTHONPATH=/home/amruth/Documents/git/ros_ws/WS/build/py_srvcli/prefix_override:/home/amruth/Documents/git/ros_ws/WS/install/py_srvcli/lib/python3.10/site-packages:${PYTHONPATH} /usr/bin/python3 setup.py egg_info --egg-base ../../build/py_srvcli build --build-base /home/amruth/Documents/git/ros_ws/WS/build/py_srvcli/build install --record /home/amruth/Documents/git/ros_ws/WS/build/py_srvcli/install.log --single-version-externally-managed
[1.004s] running egg_info
[1.005s] creating ../../build/py_srvcli/py_srvcli.egg-info
[1.005s] writing ../../build/py_srvcli/py_srvcli.egg-info/PKG-INFO
[1.005s] writing dependency_links to ../../build/py_srvcli/py_srvcli.egg-info/dependency_links.txt
[1.005s] writing entry points to ../../build/py_srvcli/py_srvcli.egg-info/entry_points.txt
[1.005s] writing requirements to ../../build/py_srvcli/py_srvcli.egg-info/requires.txt
[1.006s] writing top-level names to ../../build/py_srvcli/py_srvcli.egg-info/top_level.txt
[1.006s] writing manifest file '../../build/py_srvcli/py_srvcli.egg-info/SOURCES.txt'
[1.008s] reading manifest file '../../build/py_srvcli/py_srvcli.egg-info/SOURCES.txt'
[1.009s] adding license file 'LICENSE'
[1.009s] writing manifest file '../../build/py_srvcli/py_srvcli.egg-info/SOURCES.txt'
[1.009s] running build
[1.009s] running build_py
[1.009s] creating /home/amruth/Documents/git/ros_ws/WS/build/py_srvcli/build
[1.009s] creating /home/amruth/Documents/git/ros_ws/WS/build/py_srvcli/build/lib
[1.009s] creating /home/amruth/Documents/git/ros_ws/WS/build/py_srvcli/build/lib/py_srvcli
[1.010s] copying py_srvcli/__init__.py -> /home/amruth/Documents/git/ros_ws/WS/build/py_srvcli/build/lib/py_srvcli
[1.010s] copying py_srvcli/server_add.py -> /home/amruth/Documents/git/ros_ws/WS/build/py_srvcli/build/lib/py_srvcli
[1.010s] running install
[1.010s] running install_lib
[1.010s] /usr/lib/python3/dist-packages/setuptools/command/install.py:34: SetuptoolsDeprecationWarning: setup.py install is deprecated. Use build and pip and other standards-based tools.
[1.010s]   warnings.warn(
[1.010s] creating /home/amruth/Documents/git/ros_ws/WS/install/py_srvcli/lib/python3.10/site-packages/py_srvcli
[1.011s] copying /home/amruth/Documents/git/ros_ws/WS/build/py_srvcli/build/lib/py_srvcli/__init__.py -> /home/amruth/Documents/git/ros_ws/WS/install/py_srvcli/lib/python3.10/site-packages/py_srvcli
[1.011s] copying /home/amruth/Documents/git/ros_ws/WS/build/py_srvcli/build/lib/py_srvcli/server_add.py -> /home/amruth/Documents/git/ros_ws/WS/install/py_srvcli/lib/python3.10/site-packages/py_srvcli
[1.011s] byte-compiling /home/amruth/Documents/git/ros_ws/WS/install/py_srvcli/lib/python3.10/site-packages/py_srvcli/__init__.py to __init__.cpython-310.pyc
[1.011s] byte-compiling /home/amruth/Documents/git/ros_ws/WS/install/py_srvcli/lib/python3.10/site-packages/py_srvcli/server_add.py to server_add.cpython-310.pyc
[1.011s] running install_data
[1.012s] creating /home/amruth/Documents/git/ros_ws/WS/install/py_srvcli/share/ament_index
[1.012s] creating /home/amruth/Documents/git/ros_ws/WS/install/py_srvcli/share/ament_index/resource_index
[1.012s] creating /home/amruth/Documents/git/ros_ws/WS/install/py_srvcli/share/ament_index/resource_index/packages
[1.012s] copying resource/py_srvcli -> /home/amruth/Documents/git/ros_ws/WS/install/py_srvcli/share/ament_index/resource_index/packages
[1.012s] copying package.xml -> /home/amruth/Documents/git/ros_ws/WS/install/py_srvcli/share/py_srvcli
[1.012s] running install_egg_info
[1.013s] Copying ../../build/py_srvcli/py_srvcli.egg-info to /home/amruth/Documents/git/ros_ws/WS/install/py_srvcli/lib/python3.10/site-packages/py_srvcli-0.0.0-py3.10.egg-info
[1.014s] running install_scripts
[1.032s] Installing add_ser script to /home/amruth/Documents/git/ros_ws/WS/install/py_srvcli/lib/py_srvcli
[1.032s] writing list of installed files to '/home/amruth/Documents/git/ros_ws/WS/build/py_srvcli/install.log'
[1.057s] Invoked command in '/home/amruth/Documents/git/ros_ws/WS/src/py_srvcli' returned '0': PYTHONPATH=/home/amruth/Documents/git/ros_ws/WS/build/py_srvcli/prefix_override:/home/amruth/Documents/git/ros_ws/WS/install/py_srvcli/lib/python3.10/site-packages:${PYTHONPATH} /usr/bin/python3 setup.py egg_info --egg-base ../../build/py_srvcli build --build-base /home/amruth/Documents/git/ros_ws/WS/build/py_srvcli/build install --record /home/amruth/Documents/git/ros_ws/WS/build/py_srvcli/install.log --single-version-externally-managed
