[0.019s] Invoking command in '/home/ros_ws/build/my_cpp_pkg': CMAKE_PREFIX_PATH=${CMAKE_PREFIX_PATH}:/home/ros_ws/install/my_py_pkg:/opt/ros/foxy PYTHONPATH=/home/ros_ws/install/my_robot_interfaces/lib/python3.8/site-packages:/home/ros_ws/install/my_py_pkg/lib/python3.8/site-packages:/opt/ros/foxy/lib/python3.8/site-packages /usr/bin/cmake --build /home/ros_ws/build/my_cpp_pkg -- -j16 -l16
[0.040s] -- Found ament_cmake: 0.9.11 (/opt/ros/foxy/share/ament_cmake/cmake)
[0.057s] -- Using PYTHON_EXECUTABLE: /usr/bin/python3
[0.197s] -- Found rclcpp: 2.4.2 (/opt/ros/foxy/share/rclcpp/cmake)
[0.244s] -- Using all available rosidl_typesupport_c: rosidl_typesupport_fastrtps_c;rosidl_typesupport_introspection_c
[0.247s] -- Found rosidl_adapter: 1.3.0 (/opt/ros/foxy/share/rosidl_adapter/cmake)
[0.388s] -- Using all available rosidl_typesupport_cpp: rosidl_typesupport_fastrtps_cpp;rosidl_typesupport_introspection_cpp
[0.445s] -- Found rmw_implementation_cmake: 1.0.3 (/opt/ros/foxy/share/rmw_implementation_cmake/cmake)
[0.446s] -- Using RMW implementation 'rmw_fastrtps_cpp' as default
[0.573s] -- Found example_interfaces: 0.9.1 (/opt/ros/foxy/share/example_interfaces/cmake)
[0.664s] -- Found my_robot_interfaces: 0.0.0 (/home/ros_ws/install/my_robot_interfaces/share/my_robot_interfaces/cmake)
[0.722s] -- Configuring done
[0.753s] -- Generating done
[0.756s] -- Build files have been written to: /home/ros_ws/build/my_cpp_pkg
[0.793s] [35m[1mScanning dependencies of target hw_status_publisher[0m
[0.804s] [ 11%] Built target add_two_ints_client
[0.805s] [ 22%] Built target add_two_ints_server
[0.805s] [ 33%] Built target number_publisher
[0.807s] [ 44%] Built target robot_news_station
[0.808s] [ 55%] Built target add_two_ints_client_no_oop
[0.812s] [ 77%] Built target smartphone
[0.812s] [ 77%] Built target cpp_node
[0.812s] [ 88%] Built target number_counter
[0.816s] [ 94%] [32mBuilding CXX object CMakeFiles/hw_status_publisher.dir/src/hw_status_publisher.cpp.o[0m
[3.150s] [100%] [32m[1mLinking CXX executable hw_status_publisher[0m
[3.327s] [100%] Built target hw_status_publisher
[3.346s] Invoked command in '/home/ros_ws/build/my_cpp_pkg' returned '0': CMAKE_PREFIX_PATH=${CMAKE_PREFIX_PATH}:/home/ros_ws/install/my_py_pkg:/opt/ros/foxy PYTHONPATH=/home/ros_ws/install/my_robot_interfaces/lib/python3.8/site-packages:/home/ros_ws/install/my_py_pkg/lib/python3.8/site-packages:/opt/ros/foxy/lib/python3.8/site-packages /usr/bin/cmake --build /home/ros_ws/build/my_cpp_pkg -- -j16 -l16
[3.400s] Invoking command in '/home/ros_ws/build/my_cpp_pkg': CMAKE_PREFIX_PATH=${CMAKE_PREFIX_PATH}:/home/ros_ws/install/my_py_pkg:/opt/ros/foxy PYTHONPATH=/home/ros_ws/install/my_robot_interfaces/lib/python3.8/site-packages:/home/ros_ws/install/my_py_pkg/lib/python3.8/site-packages:/opt/ros/foxy/lib/python3.8/site-packages /usr/bin/cmake --install /home/ros_ws/build/my_cpp_pkg
[3.416s] -- Install configuration: ""
[3.417s] -- Up-to-date: /home/ros_ws/install/my_cpp_pkg/lib/my_cpp_pkg/cpp_node
[3.417s] -- Up-to-date: /home/ros_ws/install/my_cpp_pkg/lib/my_cpp_pkg/robot_news_station
[3.418s] -- Up-to-date: /home/ros_ws/install/my_cpp_pkg/lib/my_cpp_pkg/smartphone
[3.418s] -- Up-to-date: /home/ros_ws/install/my_cpp_pkg/lib/my_cpp_pkg/add_two_ints_client_no_oop
[3.419s] -- Up-to-date: /home/ros_ws/install/my_cpp_pkg/lib/my_cpp_pkg/add_two_ints_client
[3.419s] -- Up-to-date: /home/ros_ws/install/my_cpp_pkg/lib/my_cpp_pkg/add_two_ints_server
[3.420s] -- Up-to-date: /home/ros_ws/install/my_cpp_pkg/lib/my_cpp_pkg/number_publisher
[3.420s] -- Up-to-date: /home/ros_ws/install/my_cpp_pkg/lib/my_cpp_pkg/number_counter
[3.421s] -- Installing: /home/ros_ws/install/my_cpp_pkg/lib/my_cpp_pkg/hw_status_publisher
[3.423s] -- Set runtime path of "/home/ros_ws/install/my_cpp_pkg/lib/my_cpp_pkg/hw_status_publisher" to ""
[3.424s] -- Up-to-date: /home/ros_ws/install/my_cpp_pkg/share/ament_index/resource_index/package_run_dependencies/my_cpp_pkg
[3.424s] -- Up-to-date: /home/ros_ws/install/my_cpp_pkg/share/ament_index/resource_index/parent_prefix_path/my_cpp_pkg
[3.424s] -- Up-to-date: /home/ros_ws/install/my_cpp_pkg/share/my_cpp_pkg/environment/ament_prefix_path.sh
[3.424s] -- Installing: /home/ros_ws/install/my_cpp_pkg/share/my_cpp_pkg/environment/ament_prefix_path.dsv
[3.424s] -- Up-to-date: /home/ros_ws/install/my_cpp_pkg/share/my_cpp_pkg/environment/path.sh
[3.424s] -- Installing: /home/ros_ws/install/my_cpp_pkg/share/my_cpp_pkg/environment/path.dsv
[3.425s] -- Up-to-date: /home/ros_ws/install/my_cpp_pkg/share/my_cpp_pkg/local_setup.bash
[3.425s] -- Up-to-date: /home/ros_ws/install/my_cpp_pkg/share/my_cpp_pkg/local_setup.sh
[3.425s] -- Up-to-date: /home/ros_ws/install/my_cpp_pkg/share/my_cpp_pkg/local_setup.zsh
[3.425s] -- Installing: /home/ros_ws/install/my_cpp_pkg/share/my_cpp_pkg/local_setup.dsv
[3.425s] -- Installing: /home/ros_ws/install/my_cpp_pkg/share/my_cpp_pkg/package.dsv
[3.425s] -- Up-to-date: /home/ros_ws/install/my_cpp_pkg/share/ament_index/resource_index/packages/my_cpp_pkg
[3.425s] -- Up-to-date: /home/ros_ws/install/my_cpp_pkg/share/my_cpp_pkg/cmake/my_cpp_pkgConfig.cmake
[3.426s] -- Up-to-date: /home/ros_ws/install/my_cpp_pkg/share/my_cpp_pkg/cmake/my_cpp_pkgConfig-version.cmake
[3.426s] -- Up-to-date: /home/ros_ws/install/my_cpp_pkg/share/my_cpp_pkg/package.xml
[3.427s] Invoked command in '/home/ros_ws/build/my_cpp_pkg' returned '0': CMAKE_PREFIX_PATH=${CMAKE_PREFIX_PATH}:/home/ros_ws/install/my_py_pkg:/opt/ros/foxy PYTHONPATH=/home/ros_ws/install/my_robot_interfaces/lib/python3.8/site-packages:/home/ros_ws/install/my_py_pkg/lib/python3.8/site-packages:/opt/ros/foxy/lib/python3.8/site-packages /usr/bin/cmake --install /home/ros_ws/build/my_cpp_pkg
