[0.018s] Invoking command in '/home/ros_ws/build/batt_led': CMAKE_PREFIX_PATH=/home/ros_ws/install/bat_led_interfaces:/home/ros_ws/install/my_robot_interfaces:/home/ros_ws/install/my_cpp_pkg:/home/ros_ws/install/batt_led:/home/ros_ws/install/my_py_pkg:/opt/ros/foxy LD_LIBRARY_PATH=/home/ros_ws/install/bat_led_interfaces/lib:/home/ros_ws/install/my_robot_interfaces/lib:/opt/ros/foxy/opt/yaml_cpp_vendor/lib:/opt/ros/foxy/opt/rviz_ogre_vendor/lib:/opt/ros/foxy/lib/x86_64-linux-gnu:/opt/ros/foxy/lib PYTHONPATH=/home/ros_ws/install/bat_led_interfaces/lib/python3.8/site-packages:/home/ros_ws/install/my_py_pkg/lib/python3.8/site-packages:/home/ros_ws/install/my_robot_interfaces/lib/python3.8/site-packages:/opt/ros/foxy/lib/python3.8/site-packages /usr/bin/cmake --build /home/ros_ws/build/batt_led -- -j16 -l16
[0.068s] -- Found ament_cmake: 0.9.11 (/opt/ros/foxy/share/ament_cmake/cmake)
[0.087s] -- Using PYTHON_EXECUTABLE: /usr/bin/python3
[0.225s] -- Found rclcpp: 2.4.2 (/opt/ros/foxy/share/rclcpp/cmake)
[0.278s] -- Using all available rosidl_typesupport_c: rosidl_typesupport_fastrtps_c;rosidl_typesupport_introspection_c
[0.280s] -- Found rosidl_adapter: 1.3.0 (/opt/ros/foxy/share/rosidl_adapter/cmake)
[0.418s] -- Using all available rosidl_typesupport_cpp: rosidl_typesupport_fastrtps_cpp;rosidl_typesupport_introspection_cpp
[0.464s] -- Found rmw_implementation_cmake: 1.0.3 (/opt/ros/foxy/share/rmw_implementation_cmake/cmake)
[0.466s] -- Using RMW implementation 'rmw_fastrtps_cpp' as default
[0.591s] -- Found bat_led_interfaces: 0.0.0 (/home/ros_ws/install/bat_led_interfaces/share/bat_led_interfaces/cmake)
[0.648s] -- Configuring done
[0.659s] -- Generating done
[0.661s] -- Build files have been written to: /home/ros_ws/build/batt_led
[0.692s] [35m[1mScanning dependencies of target led_pannel[0m
[0.692s] [35m[1mScanning dependencies of target battery[0m
[0.717s] [ 25%] [32mBuilding CXX object CMakeFiles/battery.dir/src/battery.cpp.o[0m
[0.720s] [ 50%] [32mBuilding CXX object CMakeFiles/led_pannel.dir/src/led_pannel.cpp.o[0m
[1.872s] [01m[K/home/ros_ws/src/batt_led/src/led_pannel.cpp:[m[K In member function ‘[01m[Kvoid LedPannelServerNode::publishLedStates()[m[K’:
[1.872s] [01m[K/home/ros_ws/src/batt_led/src/led_pannel.cpp:39:26:[m[K [01;31m[Kerror: [m[Kno match for ‘[01m[Koperator=[m[K’ (operand types are ‘[01m[Kbat_led_interfaces::msg::LedStateArray_<std::allocator<void> >::_led_states_type[m[K’ {aka ‘[01m[Kstd::array<long int, 3>[m[K’} and ‘[01m[Kint64_t [3][m[K’ {aka ‘[01m[Klong int [3][m[K’})
[1.872s]    39 |         msg.led_states = [01;31m[Kleds[m[K;
[1.872s]       |                          [01;31m[K^~~~[m[K
[1.872s] In file included from [01m[K/usr/include/c++/9/tuple:39[m[K,
[1.872s]                  from [01m[K/usr/include/c++/9/bits/unique_ptr.h:37[m[K,
[1.872s]                  from [01m[K/usr/include/c++/9/memory:80[m[K,
[1.873s]                  from [01m[K/opt/ros/foxy/include/rclcpp/rclcpp.hpp:144[m[K,
[1.873s]                  from [01m[K/home/ros_ws/src/batt_led/src/led_pannel.cpp:1[m[K:
[1.873s] [01m[K/usr/include/c++/9/array:94:12:[m[K [01;36m[Knote: [m[Kcandidate: ‘[01m[Kconstexpr std::array<long int, 3>& std::array<long int, 3>::operator=(const std::array<long int, 3>&)[m[K’
[1.873s]    94 |     struct [01;36m[Karray[m[K
[1.873s]       |            [01;36m[K^~~~~[m[K
[1.873s] [01m[K/usr/include/c++/9/array:94:12:[m[K [01;36m[Knote: [m[K  no known conversion for argument 1 from ‘[01m[Kint64_t [3][m[K’ {aka ‘[01m[Klong int [3][m[K’} to ‘[01m[Kconst std::array<long int, 3>&[m[K’
[1.873s] [01m[K/usr/include/c++/9/array:94:12:[m[K [01;36m[Knote: [m[Kcandidate: ‘[01m[Kconstexpr std::array<long int, 3>& std::array<long int, 3>::operator=(std::array<long int, 3>&&)[m[K’
[1.873s] [01m[K/usr/include/c++/9/array:94:12:[m[K [01;36m[Knote: [m[K  no known conversion for argument 1 from ‘[01m[Kint64_t [3][m[K’ {aka ‘[01m[Klong int [3][m[K’} to ‘[01m[Kstd::array<long int, 3>&&[m[K’
[2.697s] make[2]: *** [CMakeFiles/led_pannel.dir/build.make:63: CMakeFiles/led_pannel.dir/src/led_pannel.cpp.o] Error 1
[2.698s] make[1]: *** [CMakeFiles/Makefile2:80: CMakeFiles/led_pannel.dir/all] Error 2
[2.698s] make[1]: *** Waiting for unfinished jobs....
[2.929s] [ 75%] [32m[1mLinking CXX executable battery[0m
[3.099s] [ 75%] Built target battery
[3.100s] make: *** [Makefile:141: all] Error 2
[3.103s] Invoked command in '/home/ros_ws/build/batt_led' returned '2': CMAKE_PREFIX_PATH=/home/ros_ws/install/bat_led_interfaces:/home/ros_ws/install/my_robot_interfaces:/home/ros_ws/install/my_cpp_pkg:/home/ros_ws/install/batt_led:/home/ros_ws/install/my_py_pkg:/opt/ros/foxy LD_LIBRARY_PATH=/home/ros_ws/install/bat_led_interfaces/lib:/home/ros_ws/install/my_robot_interfaces/lib:/opt/ros/foxy/opt/yaml_cpp_vendor/lib:/opt/ros/foxy/opt/rviz_ogre_vendor/lib:/opt/ros/foxy/lib/x86_64-linux-gnu:/opt/ros/foxy/lib PYTHONPATH=/home/ros_ws/install/bat_led_interfaces/lib/python3.8/site-packages:/home/ros_ws/install/my_py_pkg/lib/python3.8/site-packages:/home/ros_ws/install/my_robot_interfaces/lib/python3.8/site-packages:/opt/ros/foxy/lib/python3.8/site-packages /usr/bin/cmake --build /home/ros_ws/build/batt_led -- -j16 -l16
