[1.096s] Invoking command in '/home/amruth/Documents/git/ros_ws/WS/src/my_py_pkg_2': PYTHONPATH=/home/amruth/Documents/git/ros_ws/WS/build/my_py_pkg_2/prefix_override:/home/amruth/Documents/git/ros_ws/WS/install/my_py_pkg_2/lib/python3.10/site-packages:${PYTHONPATH} /usr/bin/python3 setup.py egg_info --egg-base ../../build/my_py_pkg_2 build --build-base /home/amruth/Documents/git/ros_ws/WS/build/my_py_pkg_2/build install --record /home/amruth/Documents/git/ros_ws/WS/build/my_py_pkg_2/install.log --single-version-externally-managed
[1.327s] running egg_info
[1.329s] creating ../../build/my_py_pkg_2/my_py_pkg_2.egg-info
[1.330s] writing ../../build/my_py_pkg_2/my_py_pkg_2.egg-info/PKG-INFO
[1.330s] writing dependency_links to ../../build/my_py_pkg_2/my_py_pkg_2.egg-info/dependency_links.txt
[1.330s] writing entry points to ../../build/my_py_pkg_2/my_py_pkg_2.egg-info/entry_points.txt
[1.330s] writing requirements to ../../build/my_py_pkg_2/my_py_pkg_2.egg-info/requires.txt
[1.330s] writing top-level names to ../../build/my_py_pkg_2/my_py_pkg_2.egg-info/top_level.txt
[1.330s] writing manifest file '../../build/my_py_pkg_2/my_py_pkg_2.egg-info/SOURCES.txt'
[1.332s] reading manifest file '../../build/my_py_pkg_2/my_py_pkg_2.egg-info/SOURCES.txt'
[1.332s] adding license file 'LICENSE'
[1.333s] writing manifest file '../../build/my_py_pkg_2/my_py_pkg_2.egg-info/SOURCES.txt'
[1.333s] running build
[1.334s] running build_py
[1.334s] creating /home/amruth/Documents/git/ros_ws/WS/build/my_py_pkg_2/build
[1.334s] creating /home/amruth/Documents/git/ros_ws/WS/build/my_py_pkg_2/build/lib
[1.334s] creating /home/amruth/Documents/git/ros_ws/WS/build/my_py_pkg_2/build/lib/my_py_pkg_2
[1.334s] copying my_py_pkg_2/__init__.py -> /home/amruth/Documents/git/ros_ws/WS/build/my_py_pkg_2/build/lib/my_py_pkg_2
[1.334s] running install
[1.334s] /usr/lib/python3/dist-packages/setuptools/command/install.py:34: SetuptoolsDeprecationWarning: setup.py install is deprecated. Use build and pip and other standards-based tools.
[1.334s]   warnings.warn(
[1.334s] running install_lib
[1.335s] creating /home/amruth/Documents/git/ros_ws/WS/install/my_py_pkg_2/lib/python3.10/site-packages/my_py_pkg_2
[1.335s] copying /home/amruth/Documents/git/ros_ws/WS/build/my_py_pkg_2/build/lib/my_py_pkg_2/__init__.py -> /home/amruth/Documents/git/ros_ws/WS/install/my_py_pkg_2/lib/python3.10/site-packages/my_py_pkg_2
[1.335s] byte-compiling /home/amruth/Documents/git/ros_ws/WS/install/my_py_pkg_2/lib/python3.10/site-packages/my_py_pkg_2/__init__.py to __init__.cpython-310.pyc
[1.335s] running install_data
[1.335s] creating /home/amruth/Documents/git/ros_ws/WS/install/my_py_pkg_2/share/ament_index
[1.335s] creating /home/amruth/Documents/git/ros_ws/WS/install/my_py_pkg_2/share/ament_index/resource_index
[1.335s] creating /home/amruth/Documents/git/ros_ws/WS/install/my_py_pkg_2/share/ament_index/resource_index/packages
[1.335s] copying resource/my_py_pkg_2 -> /home/amruth/Documents/git/ros_ws/WS/install/my_py_pkg_2/share/ament_index/resource_index/packages
[1.335s] copying package.xml -> /home/amruth/Documents/git/ros_ws/WS/install/my_py_pkg_2/share/my_py_pkg_2
[1.335s] running install_egg_info
[1.336s] Copying ../../build/my_py_pkg_2/my_py_pkg_2.egg-info to /home/amruth/Documents/git/ros_ws/WS/install/my_py_pkg_2/lib/python3.10/site-packages/my_py_pkg_2-0.0.0-py3.10.egg-info
[1.337s] running install_scripts
[1.355s] writing list of installed files to '/home/amruth/Documents/git/ros_ws/WS/build/my_py_pkg_2/install.log'
[1.422s] Invoked command in '/home/amruth/Documents/git/ros_ws/WS/src/my_py_pkg_2' returned '0': PYTHONPATH=/home/amruth/Documents/git/ros_ws/WS/build/my_py_pkg_2/prefix_override:/home/amruth/Documents/git/ros_ws/WS/install/my_py_pkg_2/lib/python3.10/site-packages:${PYTHONPATH} /usr/bin/python3 setup.py egg_info --egg-base ../../build/my_py_pkg_2 build --build-base /home/amruth/Documents/git/ros_ws/WS/build/my_py_pkg_2/build install --record /home/amruth/Documents/git/ros_ws/WS/build/my_py_pkg_2/install.log --single-version-externally-managed
