[0.197s] Invoking command in '/home/amruth/Documents/git/ros_ws/WS/build/tutorial_interfaces_cpp': CMAKE_PREFIX_PATH=${CMAKE_PREFIX_PATH}:/home/amruth/Documents/git/ros_ws/WS/install/py_srvcli:/home/amruth/Documents/git/ros_ws/WS/install/py_pubsub_2:/home/amruth/Documents/git/ros_ws/WS/install/py_pubsub:/home/amruth/Documents/git/ros_ws/WS/install/my_py_pkg_2:/home/amruth/Documents/git/ros_ws/WS/install/my_py_pkg:/home/amruth/Documents/git/microros_ws/install/sensor_msgs_py:/opt/ros/humble /usr/bin/cmake --build /home/amruth/Documents/git/ros_ws/WS/build/tutorial_interfaces_cpp -- -j16 -l16
[0.286s] [  1%] Built target tutorial_interfaces_cpp__cpp
[0.288s] [ 10%] Built target tutorial_interfaces_cpp__rosidl_generator_c
[0.302s] [ 10%] Built target ament_cmake_python_copy_tutorial_interfaces_cpp
[0.314s] [ 20%] Built target tutorial_interfaces_cpp__rosidl_typesupport_cpp
[0.314s] [ 33%] Built target tutorial_interfaces_cpp__rosidl_typesupport_microxrcedds_cpp
[0.314s] [ 35%] Built target tutorial_interfaces_cpp__rosidl_typesupport_introspection_cpp
[0.317s] [ 44%] Built target tutorial_interfaces_cpp__rosidl_typesupport_introspection_c
[0.319s] [ 61%] Built target tutorial_interfaces_cpp__rosidl_typesupport_c
[0.319s] [ 61%] Built target tutorial_interfaces_cpp__rosidl_typesupport_fastrtps_cpp
[0.322s] [ 69%] Built target tutorial_interfaces_cpp__rosidl_typesupport_microxrcedds_c
[0.326s] [ 77%] Built target tutorial_interfaces_cpp__rosidl_typesupport_fastrtps_c
[0.351s] [ 77%] Built target tutorial_interfaces_cpp
[0.376s] [ 79%] Built target tutorial_interfaces_cpp__py
[0.389s] [35m[1mConsolidate compiler generated dependencies of target tutorial_interfaces_cpp__rosidl_generator_py[0m
[0.406s] [ 86%] Built target tutorial_interfaces_cpp__rosidl_generator_py
[0.420s] [35m[1mConsolidate compiler generated dependencies of target tutorial_interfaces_cpp__rosidl_typesupport_introspection_c__pyext[0m
[0.420s] [35m[1mConsolidate compiler generated dependencies of target tutorial_interfaces_cpp__rosidl_typesupport_microxrcedds_c__pyext[0m
[0.420s] [35m[1mConsolidate compiler generated dependencies of target tutorial_interfaces_cpp__rosidl_typesupport_fastrtps_c__pyext[0m
[0.420s] [35m[1mConsolidate compiler generated dependencies of target tutorial_interfaces_cpp__rosidl_typesupport_c__pyext[0m
[0.434s] [100%] Built target tutorial_interfaces_cpp__rosidl_typesupport_c__pyext
[0.435s] [100%] Built target tutorial_interfaces_cpp__rosidl_typesupport_introspection_c__pyext
[0.435s] [100%] Built target tutorial_interfaces_cpp__rosidl_typesupport_fastrtps_c__pyext
[0.435s] [100%] Built target tutorial_interfaces_cpp__rosidl_typesupport_microxrcedds_c__pyext
[0.535s] running egg_info
[0.535s] writing tutorial_interfaces_cpp.egg-info/PKG-INFO
[0.536s] writing dependency_links to tutorial_interfaces_cpp.egg-info/dependency_links.txt
[0.536s] writing top-level names to tutorial_interfaces_cpp.egg-info/top_level.txt
[0.537s] reading manifest file 'tutorial_interfaces_cpp.egg-info/SOURCES.txt'
[0.538s] writing manifest file 'tutorial_interfaces_cpp.egg-info/SOURCES.txt'
[0.571s] [100%] Built target ament_cmake_python_build_tutorial_interfaces_cpp_egg
[0.594s] Invoked command in '/home/amruth/Documents/git/ros_ws/WS/build/tutorial_interfaces_cpp' returned '0': CMAKE_PREFIX_PATH=${CMAKE_PREFIX_PATH}:/home/amruth/Documents/git/ros_ws/WS/install/py_srvcli:/home/amruth/Documents/git/ros_ws/WS/install/py_pubsub_2:/home/amruth/Documents/git/ros_ws/WS/install/py_pubsub:/home/amruth/Documents/git/ros_ws/WS/install/my_py_pkg_2:/home/amruth/Documents/git/ros_ws/WS/install/my_py_pkg:/home/amruth/Documents/git/microros_ws/install/sensor_msgs_py:/opt/ros/humble /usr/bin/cmake --build /home/amruth/Documents/git/ros_ws/WS/build/tutorial_interfaces_cpp -- -j16 -l16
[0.835s] Invoking command in '/home/amruth/Documents/git/ros_ws/WS/build/tutorial_interfaces_cpp': CMAKE_PREFIX_PATH=${CMAKE_PREFIX_PATH}:/home/amruth/Documents/git/ros_ws/WS/install/py_srvcli:/home/amruth/Documents/git/ros_ws/WS/install/py_pubsub_2:/home/amruth/Documents/git/ros_ws/WS/install/py_pubsub:/home/amruth/Documents/git/ros_ws/WS/install/my_py_pkg_2:/home/amruth/Documents/git/ros_ws/WS/install/my_py_pkg:/home/amruth/Documents/git/microros_ws/install/sensor_msgs_py:/opt/ros/humble /usr/bin/cmake --install /home/amruth/Documents/git/ros_ws/WS/build/tutorial_interfaces_cpp
[0.843s] -- Install configuration: ""
[0.843s] -- Up-to-date: /home/amruth/Documents/git/ros_ws/WS/install/tutorial_interfaces_cpp/share/ament_index/resource_index/rosidl_interfaces/tutorial_interfaces_cpp
[0.843s] -- Up-to-date: /home/amruth/Documents/git/ros_ws/WS/install/tutorial_interfaces_cpp/include/tutorial_interfaces_cpp/tutorial_interfaces_cpp
[0.843s] -- Up-to-date: /home/amruth/Documents/git/ros_ws/WS/install/tutorial_interfaces_cpp/include/tutorial_interfaces_cpp/tutorial_interfaces_cpp/msg
[0.843s] -- Up-to-date: /home/amruth/Documents/git/ros_ws/WS/install/tutorial_interfaces_cpp/include/tutorial_interfaces_cpp/tutorial_interfaces_cpp/msg/num.h
[0.844s] -- Up-to-date: /home/amruth/Documents/git/ros_ws/WS/install/tutorial_interfaces_cpp/include/tutorial_interfaces_cpp/tutorial_interfaces_cpp/msg/rosidl_generator_c__visibility_control.h
[0.844s] -- Up-to-date: /home/amruth/Documents/git/ros_ws/WS/install/tutorial_interfaces_cpp/include/tutorial_interfaces_cpp/tutorial_interfaces_cpp/msg/sphere.h
[0.844s] -- Up-to-date: /home/amruth/Documents/git/ros_ws/WS/install/tutorial_interfaces_cpp/include/tutorial_interfaces_cpp/tutorial_interfaces_cpp/msg/detail
[0.844s] -- Up-to-date: /home/amruth/Documents/git/ros_ws/WS/install/tutorial_interfaces_cpp/include/tutorial_interfaces_cpp/tutorial_interfaces_cpp/msg/detail/sphere__type_support.h
[0.844s] -- Up-to-date: /home/amruth/Documents/git/ros_ws/WS/install/tutorial_interfaces_cpp/include/tutorial_interfaces_cpp/tutorial_interfaces_cpp/msg/detail/sphere__struct.h
[0.844s] -- Up-to-date: /home/amruth/Documents/git/ros_ws/WS/install/tutorial_interfaces_cpp/include/tutorial_interfaces_cpp/tutorial_interfaces_cpp/msg/detail/sphere__functions.c
[0.845s] -- Up-to-date: /home/amruth/Documents/git/ros_ws/WS/install/tutorial_interfaces_cpp/include/tutorial_interfaces_cpp/tutorial_interfaces_cpp/msg/detail/num__functions.c
[0.845s] -- Up-to-date: /home/amruth/Documents/git/ros_ws/WS/install/tutorial_interfaces_cpp/include/tutorial_interfaces_cpp/tutorial_interfaces_cpp/msg/detail/sphere__functions.h
[0.845s] -- Up-to-date: /home/amruth/Documents/git/ros_ws/WS/install/tutorial_interfaces_cpp/include/tutorial_interfaces_cpp/tutorial_interfaces_cpp/msg/detail/num__functions.h
[0.845s] -- Up-to-date: /home/amruth/Documents/git/ros_ws/WS/install/tutorial_interfaces_cpp/include/tutorial_interfaces_cpp/tutorial_interfaces_cpp/msg/detail/num__struct.h
[0.845s] -- Up-to-date: /home/amruth/Documents/git/ros_ws/WS/install/tutorial_interfaces_cpp/include/tutorial_interfaces_cpp/tutorial_interfaces_cpp/msg/detail/num__type_support.h
[0.845s] -- Up-to-date: /home/amruth/Documents/git/ros_ws/WS/install/tutorial_interfaces_cpp/include/tutorial_interfaces_cpp/tutorial_interfaces_cpp/srv
[0.845s] -- Up-to-date: /home/amruth/Documents/git/ros_ws/WS/install/tutorial_interfaces_cpp/include/tutorial_interfaces_cpp/tutorial_interfaces_cpp/srv/detail
[0.845s] -- Up-to-date: /home/amruth/Documents/git/ros_ws/WS/install/tutorial_interfaces_cpp/include/tutorial_interfaces_cpp/tutorial_interfaces_cpp/srv/detail/add_three_ints__type_support.h
[0.845s] -- Up-to-date: /home/amruth/Documents/git/ros_ws/WS/install/tutorial_interfaces_cpp/include/tutorial_interfaces_cpp/tutorial_interfaces_cpp/srv/detail/add_three_ints__functions.c
[0.845s] -- Up-to-date: /home/amruth/Documents/git/ros_ws/WS/install/tutorial_interfaces_cpp/include/tutorial_interfaces_cpp/tutorial_interfaces_cpp/srv/detail/add_three_ints__functions.h
[0.845s] -- Up-to-date: /home/amruth/Documents/git/ros_ws/WS/install/tutorial_interfaces_cpp/include/tutorial_interfaces_cpp/tutorial_interfaces_cpp/srv/detail/add_three_ints__struct.h
[0.846s] -- Up-to-date: /home/amruth/Documents/git/ros_ws/WS/install/tutorial_interfaces_cpp/include/tutorial_interfaces_cpp/tutorial_interfaces_cpp/srv/add_three_ints.h
[0.846s] -- Up-to-date: /home/amruth/Documents/git/ros_ws/WS/install/tutorial_interfaces_cpp/share/tutorial_interfaces_cpp/environment/library_path.sh
[0.846s] -- Up-to-date: /home/amruth/Documents/git/ros_ws/WS/install/tutorial_interfaces_cpp/share/tutorial_interfaces_cpp/environment/library_path.dsv
[0.846s] -- Up-to-date: /home/amruth/Documents/git/ros_ws/WS/install/tutorial_interfaces_cpp/lib/libtutorial_interfaces_cpp__rosidl_generator_c.so
[0.846s] -- Up-to-date: /home/amruth/Documents/git/ros_ws/WS/install/tutorial_interfaces_cpp/include/tutorial_interfaces_cpp/tutorial_interfaces_cpp
[0.846s] -- Up-to-date: /home/amruth/Documents/git/ros_ws/WS/install/tutorial_interfaces_cpp/include/tutorial_interfaces_cpp/tutorial_interfaces_cpp/msg
[0.846s] -- Up-to-date: /home/amruth/Documents/git/ros_ws/WS/install/tutorial_interfaces_cpp/include/tutorial_interfaces_cpp/tutorial_interfaces_cpp/msg/rosidl_typesupport_fastrtps_c__visibility_control.h
[0.846s] -- Up-to-date: /home/amruth/Documents/git/ros_ws/WS/install/tutorial_interfaces_cpp/include/tutorial_interfaces_cpp/tutorial_interfaces_cpp/msg/detail
[0.846s] -- Up-to-date: /home/amruth/Documents/git/ros_ws/WS/install/tutorial_interfaces_cpp/include/tutorial_interfaces_cpp/tutorial_interfaces_cpp/msg/detail/sphere__rosidl_typesupport_fastrtps_c.h
[0.846s] -- Up-to-date: /home/amruth/Documents/git/ros_ws/WS/install/tutorial_interfaces_cpp/include/tutorial_interfaces_cpp/tutorial_interfaces_cpp/msg/detail/num__rosidl_typesupport_fastrtps_c.h
[0.846s] -- Up-to-date: /home/amruth/Documents/git/ros_ws/WS/install/tutorial_interfaces_cpp/include/tutorial_interfaces_cpp/tutorial_interfaces_cpp/srv
[0.847s] -- Up-to-date: /home/amruth/Documents/git/ros_ws/WS/install/tutorial_interfaces_cpp/include/tutorial_interfaces_cpp/tutorial_interfaces_cpp/srv/detail
[0.847s] -- Up-to-date: /home/amruth/Documents/git/ros_ws/WS/install/tutorial_interfaces_cpp/include/tutorial_interfaces_cpp/tutorial_interfaces_cpp/srv/detail/add_three_ints__rosidl_typesupport_fastrtps_c.h
[0.847s] -- Up-to-date: /home/amruth/Documents/git/ros_ws/WS/install/tutorial_interfaces_cpp/lib/libtutorial_interfaces_cpp__rosidl_typesupport_fastrtps_c.so
[0.847s] -- Up-to-date: /home/amruth/Documents/git/ros_ws/WS/install/tutorial_interfaces_cpp/include/tutorial_interfaces_cpp/tutorial_interfaces_cpp
[0.847s] -- Up-to-date: /home/amruth/Documents/git/ros_ws/WS/install/tutorial_interfaces_cpp/include/tutorial_interfaces_cpp/tutorial_interfaces_cpp/msg
[0.847s] -- Up-to-date: /home/amruth/Documents/git/ros_ws/WS/install/tutorial_interfaces_cpp/include/tutorial_interfaces_cpp/tutorial_interfaces_cpp/msg/num.hpp
[0.847s] -- Up-to-date: /home/amruth/Documents/git/ros_ws/WS/install/tutorial_interfaces_cpp/include/tutorial_interfaces_cpp/tutorial_interfaces_cpp/msg/sphere.hpp
[0.847s] -- Up-to-date: /home/amruth/Documents/git/ros_ws/WS/install/tutorial_interfaces_cpp/include/tutorial_interfaces_cpp/tutorial_interfaces_cpp/msg/detail
[0.847s] -- Up-to-date: /home/amruth/Documents/git/ros_ws/WS/install/tutorial_interfaces_cpp/include/tutorial_interfaces_cpp/tutorial_interfaces_cpp/msg/detail/num__traits.hpp
[0.847s] -- Up-to-date: /home/amruth/Documents/git/ros_ws/WS/install/tutorial_interfaces_cpp/include/tutorial_interfaces_cpp/tutorial_interfaces_cpp/msg/detail/sphere__builder.hpp
[0.847s] -- Up-to-date: /home/amruth/Documents/git/ros_ws/WS/install/tutorial_interfaces_cpp/include/tutorial_interfaces_cpp/tutorial_interfaces_cpp/msg/detail/sphere__traits.hpp
[0.847s] -- Up-to-date: /home/amruth/Documents/git/ros_ws/WS/install/tutorial_interfaces_cpp/include/tutorial_interfaces_cpp/tutorial_interfaces_cpp/msg/detail/num__builder.hpp
[0.848s] -- Up-to-date: /home/amruth/Documents/git/ros_ws/WS/install/tutorial_interfaces_cpp/include/tutorial_interfaces_cpp/tutorial_interfaces_cpp/msg/detail/sphere__struct.hpp
[0.848s] -- Up-to-date: /home/amruth/Documents/git/ros_ws/WS/install/tutorial_interfaces_cpp/include/tutorial_interfaces_cpp/tutorial_interfaces_cpp/msg/detail/num__struct.hpp
[0.848s] -- Up-to-date: /home/amruth/Documents/git/ros_ws/WS/install/tutorial_interfaces_cpp/include/tutorial_interfaces_cpp/tutorial_interfaces_cpp/srv
[0.848s] -- Up-to-date: /home/amruth/Documents/git/ros_ws/WS/install/tutorial_interfaces_cpp/include/tutorial_interfaces_cpp/tutorial_interfaces_cpp/srv/add_three_ints.hpp
[0.848s] -- Up-to-date: /home/amruth/Documents/git/ros_ws/WS/install/tutorial_interfaces_cpp/include/tutorial_interfaces_cpp/tutorial_interfaces_cpp/srv/detail
[0.848s] -- Up-to-date: /home/amruth/Documents/git/ros_ws/WS/install/tutorial_interfaces_cpp/include/tutorial_interfaces_cpp/tutorial_interfaces_cpp/srv/detail/add_three_ints__traits.hpp
[0.848s] -- Up-to-date: /home/amruth/Documents/git/ros_ws/WS/install/tutorial_interfaces_cpp/include/tutorial_interfaces_cpp/tutorial_interfaces_cpp/srv/detail/add_three_ints__builder.hpp
[0.848s] -- Up-to-date: /home/amruth/Documents/git/ros_ws/WS/install/tutorial_interfaces_cpp/include/tutorial_interfaces_cpp/tutorial_interfaces_cpp/srv/detail/add_three_ints__struct.hpp
[0.848s] -- Up-to-date: /home/amruth/Documents/git/ros_ws/WS/install/tutorial_interfaces_cpp/include/tutorial_interfaces_cpp/tutorial_interfaces_cpp
[0.848s] -- Up-to-date: /home/amruth/Documents/git/ros_ws/WS/install/tutorial_interfaces_cpp/include/tutorial_interfaces_cpp/tutorial_interfaces_cpp/msg
[0.848s] -- Up-to-date: /home/amruth/Documents/git/ros_ws/WS/install/tutorial_interfaces_cpp/include/tutorial_interfaces_cpp/tutorial_interfaces_cpp/msg/rosidl_typesupport_fastrtps_cpp__visibility_control.h
[0.848s] -- Up-to-date: /home/amruth/Documents/git/ros_ws/WS/install/tutorial_interfaces_cpp/include/tutorial_interfaces_cpp/tutorial_interfaces_cpp/msg/detail
[0.848s] -- Up-to-date: /home/amruth/Documents/git/ros_ws/WS/install/tutorial_interfaces_cpp/include/tutorial_interfaces_cpp/tutorial_interfaces_cpp/msg/detail/num__rosidl_typesupport_fastrtps_cpp.hpp
[0.848s] -- Up-to-date: /home/amruth/Documents/git/ros_ws/WS/install/tutorial_interfaces_cpp/include/tutorial_interfaces_cpp/tutorial_interfaces_cpp/msg/detail/sphere__rosidl_typesupport_fastrtps_cpp.hpp
[0.848s] -- Up-to-date: /home/amruth/Documents/git/ros_ws/WS/install/tutorial_interfaces_cpp/include/tutorial_interfaces_cpp/tutorial_interfaces_cpp/msg/detail/dds_fastrtps
[0.848s] -- Up-to-date: /home/amruth/Documents/git/ros_ws/WS/install/tutorial_interfaces_cpp/include/tutorial_interfaces_cpp/tutorial_interfaces_cpp/srv
[0.848s] -- Up-to-date: /home/amruth/Documents/git/ros_ws/WS/install/tutorial_interfaces_cpp/include/tutorial_interfaces_cpp/tutorial_interfaces_cpp/srv/detail
[0.849s] -- Up-to-date: /home/amruth/Documents/git/ros_ws/WS/install/tutorial_interfaces_cpp/include/tutorial_interfaces_cpp/tutorial_interfaces_cpp/srv/detail/add_three_ints__rosidl_typesupport_fastrtps_cpp.hpp
[0.849s] -- Up-to-date: /home/amruth/Documents/git/ros_ws/WS/install/tutorial_interfaces_cpp/include/tutorial_interfaces_cpp/tutorial_interfaces_cpp/srv/detail/dds_fastrtps
[0.849s] -- Up-to-date: /home/amruth/Documents/git/ros_ws/WS/install/tutorial_interfaces_cpp/lib/libtutorial_interfaces_cpp__rosidl_typesupport_fastrtps_cpp.so
[0.849s] -- Up-to-date: /home/amruth/Documents/git/ros_ws/WS/install/tutorial_interfaces_cpp/include/tutorial_interfaces_cpp
[0.849s] -- Up-to-date: /home/amruth/Documents/git/ros_ws/WS/install/tutorial_interfaces_cpp/include/tutorial_interfaces_cpp/msg
[0.849s] -- Up-to-date: /home/amruth/Documents/git/ros_ws/WS/install/tutorial_interfaces_cpp/include/tutorial_interfaces_cpp/msg/rosidl_typesupport_microxrcedds_c__visibility_control.h
[0.849s] -- Up-to-date: /home/amruth/Documents/git/ros_ws/WS/install/tutorial_interfaces_cpp/include/tutorial_interfaces_cpp/msg/detail
[0.849s] -- Up-to-date: /home/amruth/Documents/git/ros_ws/WS/install/tutorial_interfaces_cpp/include/tutorial_interfaces_cpp/msg/detail/sphere__rosidl_typesupport_microxrcedds_c.h
[0.849s] -- Up-to-date: /home/amruth/Documents/git/ros_ws/WS/install/tutorial_interfaces_cpp/include/tutorial_interfaces_cpp/msg/detail/num__rosidl_typesupport_microxrcedds_c.h
[0.849s] -- Up-to-date: /home/amruth/Documents/git/ros_ws/WS/install/tutorial_interfaces_cpp/include/tutorial_interfaces_cpp/msg/detail/microxrcedds
[0.849s] -- Up-to-date: /home/amruth/Documents/git/ros_ws/WS/install/tutorial_interfaces_cpp/include/tutorial_interfaces_cpp/srv
[0.849s] -- Up-to-date: /home/amruth/Documents/git/ros_ws/WS/install/tutorial_interfaces_cpp/include/tutorial_interfaces_cpp/srv/detail
[0.849s] -- Up-to-date: /home/amruth/Documents/git/ros_ws/WS/install/tutorial_interfaces_cpp/include/tutorial_interfaces_cpp/srv/detail/add_three_ints__rosidl_typesupport_microxrcedds_c.h
[0.850s] -- Up-to-date: /home/amruth/Documents/git/ros_ws/WS/install/tutorial_interfaces_cpp/include/tutorial_interfaces_cpp/srv/detail/microxrcedds
[0.850s] -- Up-to-date: /home/amruth/Documents/git/ros_ws/WS/install/tutorial_interfaces_cpp/lib/libtutorial_interfaces_cpp__rosidl_typesupport_microxrcedds_c.so
[0.850s] -- Up-to-date: /home/amruth/Documents/git/ros_ws/WS/install/tutorial_interfaces_cpp/include/tutorial_interfaces_cpp/tutorial_interfaces_cpp
[0.850s] -- Up-to-date: /home/amruth/Documents/git/ros_ws/WS/install/tutorial_interfaces_cpp/include/tutorial_interfaces_cpp/tutorial_interfaces_cpp/msg
[0.850s] -- Up-to-date: /home/amruth/Documents/git/ros_ws/WS/install/tutorial_interfaces_cpp/include/tutorial_interfaces_cpp/tutorial_interfaces_cpp/msg/rosidl_typesupport_introspection_c__visibility_control.h
[0.850s] -- Up-to-date: /home/amruth/Documents/git/ros_ws/WS/install/tutorial_interfaces_cpp/include/tutorial_interfaces_cpp/tutorial_interfaces_cpp/msg/detail
[0.850s] -- Up-to-date: /home/amruth/Documents/git/ros_ws/WS/install/tutorial_interfaces_cpp/include/tutorial_interfaces_cpp/tutorial_interfaces_cpp/msg/detail/sphere__type_support.c
[0.850s] -- Up-to-date: /home/amruth/Documents/git/ros_ws/WS/install/tutorial_interfaces_cpp/include/tutorial_interfaces_cpp/tutorial_interfaces_cpp/msg/detail/num__type_support.c
[0.850s] -- Up-to-date: /home/amruth/Documents/git/ros_ws/WS/install/tutorial_interfaces_cpp/include/tutorial_interfaces_cpp/tutorial_interfaces_cpp/msg/detail/num__rosidl_typesupport_introspection_c.h
[0.850s] -- Up-to-date: /home/amruth/Documents/git/ros_ws/WS/install/tutorial_interfaces_cpp/include/tutorial_interfaces_cpp/tutorial_interfaces_cpp/msg/detail/sphere__rosidl_typesupport_introspection_c.h
[0.850s] -- Up-to-date: /home/amruth/Documents/git/ros_ws/WS/install/tutorial_interfaces_cpp/include/tutorial_interfaces_cpp/tutorial_interfaces_cpp/srv
[0.850s] -- Up-to-date: /home/amruth/Documents/git/ros_ws/WS/install/tutorial_interfaces_cpp/include/tutorial_interfaces_cpp/tutorial_interfaces_cpp/srv/detail
[0.850s] -- Up-to-date: /home/amruth/Documents/git/ros_ws/WS/install/tutorial_interfaces_cpp/include/tutorial_interfaces_cpp/tutorial_interfaces_cpp/srv/detail/add_three_ints__rosidl_typesupport_introspection_c.h
[0.850s] -- Up-to-date: /home/amruth/Documents/git/ros_ws/WS/install/tutorial_interfaces_cpp/include/tutorial_interfaces_cpp/tutorial_interfaces_cpp/srv/detail/add_three_ints__type_support.c
[0.850s] -- Up-to-date: /home/amruth/Documents/git/ros_ws/WS/install/tutorial_interfaces_cpp/lib/libtutorial_interfaces_cpp__rosidl_typesupport_introspection_c.so
[0.850s] -- Up-to-date: /home/amruth/Documents/git/ros_ws/WS/install/tutorial_interfaces_cpp/lib/libtutorial_interfaces_cpp__rosidl_typesupport_c.so
[0.851s] -- Up-to-date: /home/amruth/Documents/git/ros_ws/WS/install/tutorial_interfaces_cpp/include/tutorial_interfaces_cpp
[0.851s] -- Up-to-date: /home/amruth/Documents/git/ros_ws/WS/install/tutorial_interfaces_cpp/include/tutorial_interfaces_cpp/msg
[0.851s] -- Up-to-date: /home/amruth/Documents/git/ros_ws/WS/install/tutorial_interfaces_cpp/include/tutorial_interfaces_cpp/msg/rosidl_typesupport_microxrcedds_cpp__visibility_control.h
[0.851s] -- Up-to-date: /home/amruth/Documents/git/ros_ws/WS/install/tutorial_interfaces_cpp/include/tutorial_interfaces_cpp/msg/detail
[0.851s] -- Up-to-date: /home/amruth/Documents/git/ros_ws/WS/install/tutorial_interfaces_cpp/include/tutorial_interfaces_cpp/msg/detail/num__rosidl_typesupport_microxrcedds_cpp.hpp
[0.851s] -- Up-to-date: /home/amruth/Documents/git/ros_ws/WS/install/tutorial_interfaces_cpp/include/tutorial_interfaces_cpp/msg/detail/sphere__rosidl_typesupport_microxrcedds_cpp.hpp
[0.851s] -- Up-to-date: /home/amruth/Documents/git/ros_ws/WS/install/tutorial_interfaces_cpp/include/tutorial_interfaces_cpp/msg/detail/microxrcedds
[0.851s] -- Up-to-date: /home/amruth/Documents/git/ros_ws/WS/install/tutorial_interfaces_cpp/include/tutorial_interfaces_cpp/msg/detail/microxrcedds/sphere__type_support_cpp.cpp
[0.851s] -- Up-to-date: /home/amruth/Documents/git/ros_ws/WS/install/tutorial_interfaces_cpp/include/tutorial_interfaces_cpp/msg/detail/microxrcedds/num__type_support_cpp.cpp
[0.851s] -- Up-to-date: /home/amruth/Documents/git/ros_ws/WS/install/tutorial_interfaces_cpp/include/tutorial_interfaces_cpp/srv
[0.851s] -- Up-to-date: /home/amruth/Documents/git/ros_ws/WS/install/tutorial_interfaces_cpp/include/tutorial_interfaces_cpp/srv/detail
[0.851s] -- Up-to-date: /home/amruth/Documents/git/ros_ws/WS/install/tutorial_interfaces_cpp/include/tutorial_interfaces_cpp/srv/detail/add_three_ints__rosidl_typesupport_microxrcedds_cpp.hpp
[0.851s] -- Up-to-date: /home/amruth/Documents/git/ros_ws/WS/install/tutorial_interfaces_cpp/include/tutorial_interfaces_cpp/srv/detail/microxrcedds
[0.851s] -- Up-to-date: /home/amruth/Documents/git/ros_ws/WS/install/tutorial_interfaces_cpp/include/tutorial_interfaces_cpp/srv/detail/microxrcedds/add_three_ints__type_support_cpp.cpp
[0.851s] -- Up-to-date: /home/amruth/Documents/git/ros_ws/WS/install/tutorial_interfaces_cpp/lib/libtutorial_interfaces_cpp__rosidl_typesupport_microxrcedds_cpp.so
[0.851s] -- Up-to-date: /home/amruth/Documents/git/ros_ws/WS/install/tutorial_interfaces_cpp/include/tutorial_interfaces_cpp/tutorial_interfaces_cpp
[0.851s] -- Up-to-date: /home/amruth/Documents/git/ros_ws/WS/install/tutorial_interfaces_cpp/include/tutorial_interfaces_cpp/tutorial_interfaces_cpp/msg
[0.852s] -- Up-to-date: /home/amruth/Documents/git/ros_ws/WS/install/tutorial_interfaces_cpp/include/tutorial_interfaces_cpp/tutorial_interfaces_cpp/msg/detail
[0.852s] -- Up-to-date: /home/amruth/Documents/git/ros_ws/WS/install/tutorial_interfaces_cpp/include/tutorial_interfaces_cpp/tutorial_interfaces_cpp/msg/detail/num__rosidl_typesupport_introspection_cpp.hpp
[0.852s] -- Up-to-date: /home/amruth/Documents/git/ros_ws/WS/install/tutorial_interfaces_cpp/include/tutorial_interfaces_cpp/tutorial_interfaces_cpp/msg/detail/sphere__type_support.cpp
[0.852s] -- Up-to-date: /home/amruth/Documents/git/ros_ws/WS/install/tutorial_interfaces_cpp/include/tutorial_interfaces_cpp/tutorial_interfaces_cpp/msg/detail/num__type_support.cpp
[0.852s] -- Up-to-date: /home/amruth/Documents/git/ros_ws/WS/install/tutorial_interfaces_cpp/include/tutorial_interfaces_cpp/tutorial_interfaces_cpp/msg/detail/sphere__rosidl_typesupport_introspection_cpp.hpp
[0.852s] -- Up-to-date: /home/amruth/Documents/git/ros_ws/WS/install/tutorial_interfaces_cpp/include/tutorial_interfaces_cpp/tutorial_interfaces_cpp/srv
[0.852s] -- Up-to-date: /home/amruth/Documents/git/ros_ws/WS/install/tutorial_interfaces_cpp/include/tutorial_interfaces_cpp/tutorial_interfaces_cpp/srv/detail
[0.852s] -- Up-to-date: /home/amruth/Documents/git/ros_ws/WS/install/tutorial_interfaces_cpp/include/tutorial_interfaces_cpp/tutorial_interfaces_cpp/srv/detail/add_three_ints__rosidl_typesupport_introspection_cpp.hpp
[0.852s] -- Up-to-date: /home/amruth/Documents/git/ros_ws/WS/install/tutorial_interfaces_cpp/include/tutorial_interfaces_cpp/tutorial_interfaces_cpp/srv/detail/add_three_ints__type_support.cpp
[0.852s] -- Up-to-date: /home/amruth/Documents/git/ros_ws/WS/install/tutorial_interfaces_cpp/lib/libtutorial_interfaces_cpp__rosidl_typesupport_introspection_cpp.so
[0.852s] -- Up-to-date: /home/amruth/Documents/git/ros_ws/WS/install/tutorial_interfaces_cpp/lib/libtutorial_interfaces_cpp__rosidl_typesupport_cpp.so
[0.852s] -- Up-to-date: /home/amruth/Documents/git/ros_ws/WS/install/tutorial_interfaces_cpp/share/tutorial_interfaces_cpp/environment/pythonpath.sh
[0.852s] -- Up-to-date: /home/amruth/Documents/git/ros_ws/WS/install/tutorial_interfaces_cpp/share/tutorial_interfaces_cpp/environment/pythonpath.dsv
[0.852s] -- Up-to-date: /home/amruth/Documents/git/ros_ws/WS/install/tutorial_interfaces_cpp/local/lib/python3.10/dist-packages/tutorial_interfaces_cpp-0.0.0-py3.10.egg-info
[0.852s] -- Installing: /home/amruth/Documents/git/ros_ws/WS/install/tutorial_interfaces_cpp/local/lib/python3.10/dist-packages/tutorial_interfaces_cpp-0.0.0-py3.10.egg-info/top_level.txt
[0.852s] -- Installing: /home/amruth/Documents/git/ros_ws/WS/install/tutorial_interfaces_cpp/local/lib/python3.10/dist-packages/tutorial_interfaces_cpp-0.0.0-py3.10.egg-info/dependency_links.txt
[0.852s] -- Installing: /home/amruth/Documents/git/ros_ws/WS/install/tutorial_interfaces_cpp/local/lib/python3.10/dist-packages/tutorial_interfaces_cpp-0.0.0-py3.10.egg-info/SOURCES.txt
[0.853s] -- Installing: /home/amruth/Documents/git/ros_ws/WS/install/tutorial_interfaces_cpp/local/lib/python3.10/dist-packages/tutorial_interfaces_cpp-0.0.0-py3.10.egg-info/PKG-INFO
[0.853s] -- Up-to-date: /home/amruth/Documents/git/ros_ws/WS/install/tutorial_interfaces_cpp/local/lib/python3.10/dist-packages/tutorial_interfaces_cpp
[0.853s] -- Up-to-date: /home/amruth/Documents/git/ros_ws/WS/install/tutorial_interfaces_cpp/local/lib/python3.10/dist-packages/tutorial_interfaces_cpp/_tutorial_interfaces_cpp_s.ep.rosidl_typesupport_fastrtps_c.c
[0.853s] -- Up-to-date: /home/amruth/Documents/git/ros_ws/WS/install/tutorial_interfaces_cpp/local/lib/python3.10/dist-packages/tutorial_interfaces_cpp/msg
[0.853s] -- Up-to-date: /home/amruth/Documents/git/ros_ws/WS/install/tutorial_interfaces_cpp/local/lib/python3.10/dist-packages/tutorial_interfaces_cpp/msg/_sphere.py
[0.853s] -- Up-to-date: /home/amruth/Documents/git/ros_ws/WS/install/tutorial_interfaces_cpp/local/lib/python3.10/dist-packages/tutorial_interfaces_cpp/msg/_num_s.c
[0.853s] -- Up-to-date: /home/amruth/Documents/git/ros_ws/WS/install/tutorial_interfaces_cpp/local/lib/python3.10/dist-packages/tutorial_interfaces_cpp/msg/__init__.py
[0.853s] -- Up-to-date: /home/amruth/Documents/git/ros_ws/WS/install/tutorial_interfaces_cpp/local/lib/python3.10/dist-packages/tutorial_interfaces_cpp/msg/_num.py
[0.853s] -- Up-to-date: /home/amruth/Documents/git/ros_ws/WS/install/tutorial_interfaces_cpp/local/lib/python3.10/dist-packages/tutorial_interfaces_cpp/msg/_sphere_s.c
[0.853s] -- Up-to-date: /home/amruth/Documents/git/ros_ws/WS/install/tutorial_interfaces_cpp/local/lib/python3.10/dist-packages/tutorial_interfaces_cpp/_tutorial_interfaces_cpp_s.ep.rosidl_typesupport_microxrcedds_c.c
[0.853s] -- Up-to-date: /home/amruth/Documents/git/ros_ws/WS/install/tutorial_interfaces_cpp/local/lib/python3.10/dist-packages/tutorial_interfaces_cpp/_tutorial_interfaces_cpp_s.ep.rosidl_typesupport_introspection_c.c
[0.853s] -- Up-to-date: /home/amruth/Documents/git/ros_ws/WS/install/tutorial_interfaces_cpp/local/lib/python3.10/dist-packages/tutorial_interfaces_cpp/tutorial_interfaces_cpp_s__rosidl_typesupport_fastrtps_c.cpython-311-x86_64-linux-gnu.so
[0.853s] -- Up-to-date: /home/amruth/Documents/git/ros_ws/WS/install/tutorial_interfaces_cpp/local/lib/python3.10/dist-packages/tutorial_interfaces_cpp/srv
[0.853s] -- Up-to-date: /home/amruth/Documents/git/ros_ws/WS/install/tutorial_interfaces_cpp/local/lib/python3.10/dist-packages/tutorial_interfaces_cpp/srv/_add_three_ints_s.c
[0.853s] -- Up-to-date: /home/amruth/Documents/git/ros_ws/WS/install/tutorial_interfaces_cpp/local/lib/python3.10/dist-packages/tutorial_interfaces_cpp/srv/__init__.py
[0.853s] -- Up-to-date: /home/amruth/Documents/git/ros_ws/WS/install/tutorial_interfaces_cpp/local/lib/python3.10/dist-packages/tutorial_interfaces_cpp/srv/_add_three_ints.py
[0.853s] -- Up-to-date: /home/amruth/Documents/git/ros_ws/WS/install/tutorial_interfaces_cpp/local/lib/python3.10/dist-packages/tutorial_interfaces_cpp/__init__.py
[0.854s] -- Up-to-date: /home/amruth/Documents/git/ros_ws/WS/install/tutorial_interfaces_cpp/local/lib/python3.10/dist-packages/tutorial_interfaces_cpp/tutorial_interfaces_cpp_s__rosidl_typesupport_introspection_c.cpython-311-x86_64-linux-gnu.so
[0.854s] -- Up-to-date: /home/amruth/Documents/git/ros_ws/WS/install/tutorial_interfaces_cpp/local/lib/python3.10/dist-packages/tutorial_interfaces_cpp/tutorial_interfaces_cpp_s__rosidl_typesupport_c.cpython-311-x86_64-linux-gnu.so
[0.854s] -- Up-to-date: /home/amruth/Documents/git/ros_ws/WS/install/tutorial_interfaces_cpp/local/lib/python3.10/dist-packages/tutorial_interfaces_cpp/_tutorial_interfaces_cpp_s.ep.rosidl_typesupport_c.c
[0.854s] -- Up-to-date: /home/amruth/Documents/git/ros_ws/WS/install/tutorial_interfaces_cpp/local/lib/python3.10/dist-packages/tutorial_interfaces_cpp/tutorial_interfaces_cpp_s__rosidl_typesupport_microxrcedds_c.cpython-311-x86_64-linux-gnu.so
[0.854s] -- Up-to-date: /home/amruth/Documents/git/ros_ws/WS/install/tutorial_interfaces_cpp/local/lib/python3.10/dist-packages/tutorial_interfaces_cpp/libtutorial_interfaces_cpp__rosidl_generator_py.so
[0.908s] Listing '/home/amruth/Documents/git/ros_ws/WS/install/tutorial_interfaces_cpp/local/lib/python3.10/dist-packages/tutorial_interfaces_cpp'...
[0.909s] Listing '/home/amruth/Documents/git/ros_ws/WS/install/tutorial_interfaces_cpp/local/lib/python3.10/dist-packages/tutorial_interfaces_cpp/msg'...
[0.909s] Listing '/home/amruth/Documents/git/ros_ws/WS/install/tutorial_interfaces_cpp/local/lib/python3.10/dist-packages/tutorial_interfaces_cpp/srv'...
[0.912s] -- Up-to-date: /home/amruth/Documents/git/ros_ws/WS/install/tutorial_interfaces_cpp/local/lib/python3.10/dist-packages/tutorial_interfaces_cpp/tutorial_interfaces_cpp_s__rosidl_typesupport_microxrcedds_c.cpython-311-x86_64-linux-gnu.so
[0.912s] -- Up-to-date: /home/amruth/Documents/git/ros_ws/WS/install/tutorial_interfaces_cpp/local/lib/python3.10/dist-packages/tutorial_interfaces_cpp/tutorial_interfaces_cpp_s__rosidl_typesupport_fastrtps_c.cpython-311-x86_64-linux-gnu.so
[0.913s] -- Up-to-date: /home/amruth/Documents/git/ros_ws/WS/install/tutorial_interfaces_cpp/local/lib/python3.10/dist-packages/tutorial_interfaces_cpp/tutorial_interfaces_cpp_s__rosidl_typesupport_introspection_c.cpython-311-x86_64-linux-gnu.so
[0.913s] -- Up-to-date: /home/amruth/Documents/git/ros_ws/WS/install/tutorial_interfaces_cpp/local/lib/python3.10/dist-packages/tutorial_interfaces_cpp/tutorial_interfaces_cpp_s__rosidl_typesupport_c.cpython-311-x86_64-linux-gnu.so
[0.913s] -- Up-to-date: /home/amruth/Documents/git/ros_ws/WS/install/tutorial_interfaces_cpp/lib/libtutorial_interfaces_cpp__rosidl_generator_py.so
[0.914s] -- Up-to-date: /home/amruth/Documents/git/ros_ws/WS/install/tutorial_interfaces_cpp/share/tutorial_interfaces_cpp/msg/Num.idl
[0.914s] -- Up-to-date: /home/amruth/Documents/git/ros_ws/WS/install/tutorial_interfaces_cpp/share/tutorial_interfaces_cpp/msg/Sphere.idl
[0.914s] -- Up-to-date: /home/amruth/Documents/git/ros_ws/WS/install/tutorial_interfaces_cpp/share/tutorial_interfaces_cpp/srv/AddThreeInts.idl
[0.914s] -- Up-to-date: /home/amruth/Documents/git/ros_ws/WS/install/tutorial_interfaces_cpp/share/tutorial_interfaces_cpp/msg/Num.msg
[0.915s] -- Up-to-date: /home/amruth/Documents/git/ros_ws/WS/install/tutorial_interfaces_cpp/share/tutorial_interfaces_cpp/msg/Sphere.msg
[0.915s] -- Up-to-date: /home/amruth/Documents/git/ros_ws/WS/install/tutorial_interfaces_cpp/share/tutorial_interfaces_cpp/srv/AddThreeInts.srv
[0.915s] -- Up-to-date: /home/amruth/Documents/git/ros_ws/WS/install/tutorial_interfaces_cpp/share/tutorial_interfaces_cpp/srv/AddThreeInts_Request.msg
[0.915s] -- Up-to-date: /home/amruth/Documents/git/ros_ws/WS/install/tutorial_interfaces_cpp/share/tutorial_interfaces_cpp/srv/AddThreeInts_Response.msg
[0.915s] -- Up-to-date: /home/amruth/Documents/git/ros_ws/WS/install/tutorial_interfaces_cpp/share/ament_index/resource_index/package_run_dependencies/tutorial_interfaces_cpp
[0.915s] -- Up-to-date: /home/amruth/Documents/git/ros_ws/WS/install/tutorial_interfaces_cpp/share/ament_index/resource_index/parent_prefix_path/tutorial_interfaces_cpp
[0.916s] -- Up-to-date: /home/amruth/Documents/git/ros_ws/WS/install/tutorial_interfaces_cpp/share/tutorial_interfaces_cpp/environment/ament_prefix_path.sh
[0.916s] -- Up-to-date: /home/amruth/Documents/git/ros_ws/WS/install/tutorial_interfaces_cpp/share/tutorial_interfaces_cpp/environment/ament_prefix_path.dsv
[0.916s] -- Up-to-date: /home/amruth/Documents/git/ros_ws/WS/install/tutorial_interfaces_cpp/share/tutorial_interfaces_cpp/environment/path.sh
[0.916s] -- Up-to-date: /home/amruth/Documents/git/ros_ws/WS/install/tutorial_interfaces_cpp/share/tutorial_interfaces_cpp/environment/path.dsv
[0.916s] -- Up-to-date: /home/amruth/Documents/git/ros_ws/WS/install/tutorial_interfaces_cpp/share/tutorial_interfaces_cpp/local_setup.bash
[0.917s] -- Up-to-date: /home/amruth/Documents/git/ros_ws/WS/install/tutorial_interfaces_cpp/share/tutorial_interfaces_cpp/local_setup.sh
[0.917s] -- Up-to-date: /home/amruth/Documents/git/ros_ws/WS/install/tutorial_interfaces_cpp/share/tutorial_interfaces_cpp/local_setup.zsh
[0.918s] -- Up-to-date: /home/amruth/Documents/git/ros_ws/WS/install/tutorial_interfaces_cpp/share/tutorial_interfaces_cpp/local_setup.dsv
[0.918s] -- Installing: /home/amruth/Documents/git/ros_ws/WS/install/tutorial_interfaces_cpp/share/tutorial_interfaces_cpp/package.dsv
[0.918s] -- Up-to-date: /home/amruth/Documents/git/ros_ws/WS/install/tutorial_interfaces_cpp/share/ament_index/resource_index/packages/tutorial_interfaces_cpp
[0.918s] -- Up-to-date: /home/amruth/Documents/git/ros_ws/WS/install/tutorial_interfaces_cpp/share/tutorial_interfaces_cpp/cmake/export_tutorial_interfaces_cpp__rosidl_generator_cExport.cmake
[0.918s] -- Up-to-date: /home/amruth/Documents/git/ros_ws/WS/install/tutorial_interfaces_cpp/share/tutorial_interfaces_cpp/cmake/export_tutorial_interfaces_cpp__rosidl_generator_cExport-noconfig.cmake
[0.918s] -- Up-to-date: /home/amruth/Documents/git/ros_ws/WS/install/tutorial_interfaces_cpp/share/tutorial_interfaces_cpp/cmake/export_tutorial_interfaces_cpp__rosidl_typesupport_fastrtps_cExport.cmake
[0.919s] -- Up-to-date: /home/amruth/Documents/git/ros_ws/WS/install/tutorial_interfaces_cpp/share/tutorial_interfaces_cpp/cmake/export_tutorial_interfaces_cpp__rosidl_typesupport_fastrtps_cExport-noconfig.cmake
[0.919s] -- Up-to-date: /home/amruth/Documents/git/ros_ws/WS/install/tutorial_interfaces_cpp/share/tutorial_interfaces_cpp/cmake/export_tutorial_interfaces_cpp__rosidl_generator_cppExport.cmake
[0.919s] -- Up-to-date: /home/amruth/Documents/git/ros_ws/WS/install/tutorial_interfaces_cpp/share/tutorial_interfaces_cpp/cmake/export_tutorial_interfaces_cpp__rosidl_typesupport_fastrtps_cppExport.cmake
[0.919s] -- Up-to-date: /home/amruth/Documents/git/ros_ws/WS/install/tutorial_interfaces_cpp/share/tutorial_interfaces_cpp/cmake/export_tutorial_interfaces_cpp__rosidl_typesupport_fastrtps_cppExport-noconfig.cmake
[0.919s] -- Up-to-date: /home/amruth/Documents/git/ros_ws/WS/install/tutorial_interfaces_cpp/share/tutorial_interfaces_cpp/cmake/tutorial_interfaces_cpp__rosidl_typesupport_introspection_cExport.cmake
[0.920s] -- Up-to-date: /home/amruth/Documents/git/ros_ws/WS/install/tutorial_interfaces_cpp/share/tutorial_interfaces_cpp/cmake/tutorial_interfaces_cpp__rosidl_typesupport_introspection_cExport-noconfig.cmake
[0.920s] -- Up-to-date: /home/amruth/Documents/git/ros_ws/WS/install/tutorial_interfaces_cpp/share/tutorial_interfaces_cpp/cmake/tutorial_interfaces_cpp__rosidl_typesupport_cExport.cmake
[0.922s] -- Up-to-date: /home/amruth/Documents/git/ros_ws/WS/install/tutorial_interfaces_cpp/share/tutorial_interfaces_cpp/cmake/tutorial_interfaces_cpp__rosidl_typesupport_cExport-noconfig.cmake
[0.922s] -- Up-to-date: /home/amruth/Documents/git/ros_ws/WS/install/tutorial_interfaces_cpp/share/tutorial_interfaces_cpp/cmake/tutorial_interfaces_cpp__rosidl_typesupport_introspection_cppExport.cmake
[0.923s] -- Up-to-date: /home/amruth/Documents/git/ros_ws/WS/install/tutorial_interfaces_cpp/share/tutorial_interfaces_cpp/cmake/tutorial_interfaces_cpp__rosidl_typesupport_introspection_cppExport-noconfig.cmake
[0.924s] -- Up-to-date: /home/amruth/Documents/git/ros_ws/WS/install/tutorial_interfaces_cpp/share/tutorial_interfaces_cpp/cmake/tutorial_interfaces_cpp__rosidl_typesupport_cppExport.cmake
[0.925s] -- Up-to-date: /home/amruth/Documents/git/ros_ws/WS/install/tutorial_interfaces_cpp/share/tutorial_interfaces_cpp/cmake/tutorial_interfaces_cpp__rosidl_typesupport_cppExport-noconfig.cmake
[0.925s] -- Up-to-date: /home/amruth/Documents/git/ros_ws/WS/install/tutorial_interfaces_cpp/share/tutorial_interfaces_cpp/cmake/export_tutorial_interfaces_cpp__rosidl_generator_pyExport.cmake
[0.925s] -- Up-to-date: /home/amruth/Documents/git/ros_ws/WS/install/tutorial_interfaces_cpp/share/tutorial_interfaces_cpp/cmake/export_tutorial_interfaces_cpp__rosidl_generator_pyExport-noconfig.cmake
[0.925s] -- Up-to-date: /home/amruth/Documents/git/ros_ws/WS/install/tutorial_interfaces_cpp/share/tutorial_interfaces_cpp/cmake/rosidl_cmake-extras.cmake
[0.925s] -- Up-to-date: /home/amruth/Documents/git/ros_ws/WS/install/tutorial_interfaces_cpp/share/tutorial_interfaces_cpp/cmake/ament_cmake_export_dependencies-extras.cmake
[0.925s] -- Up-to-date: /home/amruth/Documents/git/ros_ws/WS/install/tutorial_interfaces_cpp/share/tutorial_interfaces_cpp/cmake/ament_cmake_export_include_directories-extras.cmake
[0.926s] -- Up-to-date: /home/amruth/Documents/git/ros_ws/WS/install/tutorial_interfaces_cpp/share/tutorial_interfaces_cpp/cmake/ament_cmake_export_libraries-extras.cmake
[0.926s] -- Up-to-date: /home/amruth/Documents/git/ros_ws/WS/install/tutorial_interfaces_cpp/share/tutorial_interfaces_cpp/cmake/ament_cmake_export_targets-extras.cmake
[0.926s] -- Up-to-date: /home/amruth/Documents/git/ros_ws/WS/install/tutorial_interfaces_cpp/share/tutorial_interfaces_cpp/cmake/rosidl_cmake_export_typesupport_targets-extras.cmake
[0.926s] -- Up-to-date: /home/amruth/Documents/git/ros_ws/WS/install/tutorial_interfaces_cpp/share/tutorial_interfaces_cpp/cmake/rosidl_cmake_export_typesupport_libraries-extras.cmake
[0.926s] -- Up-to-date: /home/amruth/Documents/git/ros_ws/WS/install/tutorial_interfaces_cpp/share/tutorial_interfaces_cpp/cmake/tutorial_interfaces_cppConfig.cmake
[0.926s] -- Up-to-date: /home/amruth/Documents/git/ros_ws/WS/install/tutorial_interfaces_cpp/share/tutorial_interfaces_cpp/cmake/tutorial_interfaces_cppConfig-version.cmake
[0.926s] -- Up-to-date: /home/amruth/Documents/git/ros_ws/WS/install/tutorial_interfaces_cpp/share/tutorial_interfaces_cpp/package.xml
[0.926s] Invoked command in '/home/amruth/Documents/git/ros_ws/WS/build/tutorial_interfaces_cpp' returned '0': CMAKE_PREFIX_PATH=${CMAKE_PREFIX_PATH}:/home/amruth/Documents/git/ros_ws/WS/install/py_srvcli:/home/amruth/Documents/git/ros_ws/WS/install/py_pubsub_2:/home/amruth/Documents/git/ros_ws/WS/install/py_pubsub:/home/amruth/Documents/git/ros_ws/WS/install/my_py_pkg_2:/home/amruth/Documents/git/ros_ws/WS/install/my_py_pkg:/home/amruth/Documents/git/microros_ws/install/sensor_msgs_py:/opt/ros/humble /usr/bin/cmake --install /home/amruth/Documents/git/ros_ws/WS/build/tutorial_interfaces_cpp
