[0.016s] Invoking command in '/home/ros_ws/build/my_cpp_pkg': CMAKE_PREFIX_PATH=/opt/ros/foxy /usr/bin/cmake --build /home/ros_ws/build/my_cpp_pkg -- -j16 -l16
[0.079s] [100%] Built target add_two_ints_client_no_oop
[0.088s] Invoked command in '/home/ros_ws/build/my_cpp_pkg' returned '0': CMAKE_PREFIX_PATH=/opt/ros/foxy /usr/bin/cmake --build /home/ros_ws/build/my_cpp_pkg -- -j16 -l16
[0.120s] Invoking command in '/home/ros_ws/build/my_cpp_pkg': CMAKE_PREFIX_PATH=/opt/ros/foxy /usr/bin/cmake --install /home/ros_ws/build/my_cpp_pkg
[0.127s] -- Install configuration: ""
[0.127s] -- Up-to-date: /home/ros_ws/install/my_cpp_pkg/lib/my_cpp_pkg/add_two_ints_client_no_oop
[0.127s] -- Up-to-date: /home/ros_ws/install/my_cpp_pkg/share/ament_index/resource_index/package_run_dependencies/my_cpp_pkg
[0.127s] -- Up-to-date: /home/ros_ws/install/my_cpp_pkg/share/ament_index/resource_index/parent_prefix_path/my_cpp_pkg
[0.128s] -- Up-to-date: /home/ros_ws/install/my_cpp_pkg/share/my_cpp_pkg/environment/ament_prefix_path.sh
[0.128s] -- Up-to-date: /home/ros_ws/install/my_cpp_pkg/share/my_cpp_pkg/environment/ament_prefix_path.dsv
[0.128s] -- Up-to-date: /home/ros_ws/install/my_cpp_pkg/share/my_cpp_pkg/environment/path.sh
[0.128s] -- Up-to-date: /home/ros_ws/install/my_cpp_pkg/share/my_cpp_pkg/environment/path.dsv
[0.128s] -- Up-to-date: /home/ros_ws/install/my_cpp_pkg/share/my_cpp_pkg/local_setup.bash
[0.128s] -- Up-to-date: /home/ros_ws/install/my_cpp_pkg/share/my_cpp_pkg/local_setup.sh
[0.128s] -- Up-to-date: /home/ros_ws/install/my_cpp_pkg/share/my_cpp_pkg/local_setup.zsh
[0.128s] -- Up-to-date: /home/ros_ws/install/my_cpp_pkg/share/my_cpp_pkg/local_setup.dsv
[0.128s] -- Installing: /home/ros_ws/install/my_cpp_pkg/share/my_cpp_pkg/package.dsv
[0.128s] -- Up-to-date: /home/ros_ws/install/my_cpp_pkg/share/ament_index/resource_index/packages/my_cpp_pkg
[0.128s] -- Up-to-date: /home/ros_ws/install/my_cpp_pkg/share/my_cpp_pkg/cmake/my_cpp_pkgConfig.cmake
[0.128s] -- Up-to-date: /home/ros_ws/install/my_cpp_pkg/share/my_cpp_pkg/cmake/my_cpp_pkgConfig-version.cmake
[0.128s] -- Up-to-date: /home/ros_ws/install/my_cpp_pkg/share/my_cpp_pkg/package.xml
[0.130s] Invoked command in '/home/ros_ws/build/my_cpp_pkg' returned '0': CMAKE_PREFIX_PATH=/opt/ros/foxy /usr/bin/cmake --install /home/ros_ws/build/my_cpp_pkg
