[35m[1mScanning dependencies of target battery[0m
[ 50%] [32mBuilding CXX object CMakeFiles/battery.dir/src/battery.cpp.o[0m
[01m[K/home/ros_ws/src/batt_led/src/battery.cpp:6:12:[m[K [01;31m[Kerror: [m[K‘[01m[Ks[m[K’ does not name a type
    6 |     public:[01;31m[Ks[m[K
      |            [01;31m[K^[m[K
[01m[K/home/ros_ws/src/batt_led/src/battery.cpp:46:5:[m[K [01;31m[Kerror: [m[K‘[01m[Kint32[m[K’ does not name a type; did you mean ‘[01m[Krintf32[m[K’?
   46 |     [01;31m[Kint32[m[K led_number(0);
      |     [01;31m[K^~~~~[m[K
      |     [32m[Krintf32[m[K
[01m[K/home/ros_ws/src/batt_led/src/battery.cpp:47:5:[m[K [01;31m[Kerror: [m[K‘[01m[Kint32[m[K’ does not name a type; did you mean ‘[01m[Krintf32[m[K’?
   47 |     [01;31m[Kint32[m[K led_state(0);
      |     [01;31m[K^~~~~[m[K
      |     [32m[Krintf32[m[K
[01m[K/home/ros_ws/src/batt_led/src/battery.cpp:[m[K In member function ‘[01m[Kvoid Battery::run_timer_thread()[m[K’:
[01m[K/home/ros_ws/src/batt_led/src/battery.cpp:17:9:[m[K [01;31m[Kerror: [m[K‘[01m[Kled_number[m[K’ was not declared in this scope
   17 |         [01;31m[Kled_number[m[K = 2;
      |         [01;31m[K^~~~~~~~~~[m[K
[01m[K/home/ros_ws/src/batt_led/src/battery.cpp:[m[K In member function ‘[01m[Kvoid Battery::callSetLedService()[m[K’:
[01m[K/home/ros_ws/src/batt_led/src/battery.cpp:29:31:[m[K [01;31m[Kerror: [m[K‘[01m[Kled_number[m[K’ was not declared in this scope
   29 |         request->led_number = [01;31m[Kled_number[m[K;
      |                               [01;31m[K^~~~~~~~~~[m[K
In file included from [01m[K/usr/include/x86_64-linux-gnu/c++/9/bits/c++allocator.h:33[m[K,
                 from [01m[K/usr/include/c++/9/bits/allocator.h:46[m[K,
                 from [01m[K/usr/include/c++/9/memory:63[m[K,
                 from [01m[K/opt/ros/foxy/include/rclcpp/rclcpp.hpp:144[m[K,
                 from [01m[K/home/ros_ws/src/batt_led/src/battery.cpp:1[m[K:
/usr/include/c++/9/ext/new_allocator.h: In instantiation of ‘[01m[Kvoid __gnu_cxx::new_allocator<_Tp>::construct(_Up*, _Args&& ...) [with _Up = Battery; _Args = {}; _Tp = Battery][m[K’:
[01m[K/usr/include/c++/9/bits/alloc_traits.h:483:4:[m[K   required from ‘[01m[Kstatic void std::allocator_traits<std::allocator<_Tp1> >::construct(std::allocator_traits<std::allocator<_Tp1> >::allocator_type&, _Up*, _Args&& ...) [with _Up = Battery; _Args = {}; _Tp = Battery; std::allocator_traits<std::allocator<_Tp1> >::allocator_type = std::allocator<Battery>][m[K’
[01m[K/usr/include/c++/9/bits/shared_ptr_base.h:548:39:[m[K   required from ‘[01m[Kstd::_Sp_counted_ptr_inplace<_Tp, _Alloc, _Lp>::_Sp_counted_ptr_inplace(_Alloc, _Args&& ...) [with _Args = {}; _Tp = Battery; _Alloc = std::allocator<Battery>; __gnu_cxx::_Lock_policy _Lp = __gnu_cxx::_S_atomic][m[K’
[01m[K/usr/include/c++/9/bits/shared_ptr_base.h:679:16:[m[K   required from ‘[01m[Kstd::__shared_count<_Lp>::__shared_count(_Tp*&, std::_Sp_alloc_shared_tag<_Alloc>, _Args&& ...) [with _Tp = Battery; _Alloc = std::allocator<Battery>; _Args = {}; __gnu_cxx::_Lock_policy _Lp = __gnu_cxx::_S_atomic][m[K’
[01m[K/usr/include/c++/9/bits/shared_ptr_base.h:1344:71:[m[K   required from ‘[01m[Kstd::__shared_ptr<_Tp, _Lp>::__shared_ptr(std::_Sp_alloc_shared_tag<_Tp>, _Args&& ...) [with _Alloc = std::allocator<Battery>; _Args = {}; _Tp = Battery; __gnu_cxx::_Lock_policy _Lp = __gnu_cxx::_S_atomic][m[K’
[01m[K/usr/include/c++/9/bits/shared_ptr.h:359:59:[m[K   required from ‘[01m[Kstd::shared_ptr<_Tp>::shared_ptr(std::_Sp_alloc_shared_tag<_Tp>, _Args&& ...) [with _Alloc = std::allocator<Battery>; _Args = {}; _Tp = Battery][m[K’
[01m[K/usr/include/c++/9/bits/shared_ptr.h:701:14:[m[K   required from ‘[01m[Kstd::shared_ptr<_Tp> std::allocate_shared(const _Alloc&, _Args&& ...) [with _Tp = Battery; _Alloc = std::allocator<Battery>; _Args = {}][m[K’
[01m[K/usr/include/c++/9/bits/shared_ptr.h:717:39:[m[K   required from ‘[01m[Kstd::shared_ptr<_Tp> std::make_shared(_Args&& ...) [with _Tp = Battery; _Args = {}][m[K’
[01m[K/home/ros_ws/src/batt_led/src/battery.cpp:55:43:[m[K   required from here
[01m[K/usr/include/c++/9/ext/new_allocator.h:146:4:[m[K [01;31m[Kerror: [m[Kuse of deleted function ‘[01m[KBattery::Battery()[m[K’
  146 |  { [01;31m[K::new((void *)__p) _Up(std::forward<_Args>(__args)...)[m[K; }
      |    [01;31m[K^~~~~~~~~~~~~~~~~~~~~~~~~~~~~~~~~~~~~~~~~~~~~~~~~~~~~~[m[K
[01m[K/home/ros_ws/src/batt_led/src/battery.cpp:4:7:[m[K [01;36m[Knote: [m[K‘[01m[KBattery::Battery()[m[K’ is implicitly deleted because the default definition would be ill-formed:
    4 | class [01;36m[KBattery[m[K : public rclcpp::Node
      |       [01;36m[K^~~~~~~[m[K
[01m[K/home/ros_ws/src/batt_led/src/battery.cpp:4:7:[m[K [01;31m[Kerror: [m[Kno matching function for call to ‘[01m[Krclcpp::Node::Node()[m[K’
In file included from [01m[K/opt/ros/foxy/include/rclcpp/executors/single_threaded_executor.hpp:28[m[K,
                 from [01m[K/opt/ros/foxy/include/rclcpp/executors.hpp:22[m[K,
                 from [01m[K/opt/ros/foxy/include/rclcpp/rclcpp.hpp:146[m[K,
                 from [01m[K/home/ros_ws/src/batt_led/src/battery.cpp:1[m[K:
[01m[K/opt/ros/foxy/include/rclcpp/node.hpp:1193:3:[m[K [01;36m[Knote: [m[Kcandidate: ‘[01m[Krclcpp::Node::Node(const rclcpp::Node&, const string&)[m[K’
 1193 |   [01;36m[KNode[m[K(
      |   [01;36m[K^~~~[m[K
[01m[K/opt/ros/foxy/include/rclcpp/node.hpp:1193:3:[m[K [01;36m[Knote: [m[K  candidate expects 2 arguments, 0 provided
[01m[K/opt/ros/foxy/include/rclcpp/node.hpp:98:12:[m[K [01;36m[Knote: [m[Kcandidate: ‘[01m[Krclcpp::Node::Node(const string&, const string&, const rclcpp::NodeOptions&)[m[K’
   98 |   explicit [01;36m[KNode[m[K(
      |            [01;36m[K^~~~[m[K
[01m[K/opt/ros/foxy/include/rclcpp/node.hpp:98:12:[m[K [01;36m[Knote: [m[K  candidate expects 3 arguments, 0 provided
[01m[K/opt/ros/foxy/include/rclcpp/node.hpp:86:12:[m[K [01;36m[Knote: [m[Kcandidate: ‘[01m[Krclcpp::Node::Node(const string&, const rclcpp::NodeOptions&)[m[K’
   86 |   explicit [01;36m[KNode[m[K(
      |            [01;36m[K^~~~[m[K
[01m[K/opt/ros/foxy/include/rclcpp/node.hpp:86:12:[m[K [01;36m[Knote: [m[K  candidate expects 2 arguments, 0 provided
make[2]: *** [CMakeFiles/battery.dir/build.make:63: CMakeFiles/battery.dir/src/battery.cpp.o] Error 1
make[1]: *** [CMakeFiles/Makefile2:105: CMakeFiles/battery.dir/all] Error 2
make: *** [Makefile:141: all] Error 2
