[0.016s] Invoking command in '/home/ros_ws/build/bat_led_interfaces': CMAKE_PREFIX_PATH=${CMAKE_PREFIX_PATH}:/home/ros_ws/install/my_py_pkg:/opt/ros/foxy /usr/bin/cmake --build /home/ros_ws/build/bat_led_interfaces -- -j16 -l16
[0.049s] -- Found ament_cmake: 0.9.11 (/opt/ros/foxy/share/ament_cmake/cmake)
[0.066s] -- Found PythonInterp: /usr/bin/python3 (found suitable version "3.8.10", minimum required is "3") 
[0.066s] -- Using PYTHON_EXECUTABLE: /usr/bin/python3
[0.233s] -- Found rosidl_default_generators: 1.0.1 (/opt/ros/foxy/share/rosidl_default_generators/cmake)
[0.239s] -- Using all available rosidl_typesupport_c: rosidl_typesupport_fastrtps_c;rosidl_typesupport_introspection_c
[0.246s] -- Found rosidl_adapter: 1.3.0 (/opt/ros/foxy/share/rosidl_adapter/cmake)
[0.437s] -- Using all available rosidl_typesupport_cpp: rosidl_typesupport_fastrtps_cpp;rosidl_typesupport_introspection_cpp
[0.472s] -- Found PythonInterp: /usr/bin/python3 (found version "3.8.10") 
[0.615s] -- Found ament_cmake_ros: 0.9.2 (/opt/ros/foxy/share/ament_cmake_ros/cmake)
[0.764s] -- Using all available rosidl_typesupport_c: rosidl_typesupport_fastrtps_c;rosidl_typesupport_introspection_c
[0.770s] -- Using all available rosidl_typesupport_cpp: rosidl_typesupport_fastrtps_cpp;rosidl_typesupport_introspection_cpp
[0.803s] -- Found PythonInterp: /usr/bin/python3 (found suitable version "3.8.10", minimum required is "3.5") 
[0.803s] -- Found python_cmake_module: 0.8.1 (/opt/ros/foxy/share/python_cmake_module/cmake)
[0.844s] -- Using PYTHON_EXECUTABLE: /usr/bin/python3
[0.844s] -- Using PYTHON_INCLUDE_DIRS: /usr/include/python3.8
[0.844s] -- Using PYTHON_LIBRARIES: /usr/lib/x86_64-linux-gnu/libpython3.8.so
[0.884s] -- Configuring done
[0.919s] -- Generating done
[0.922s] -- Build files have been written to: /home/ros_ws/build/bat_led_interfaces
[0.965s] [  2%] Built target bat_led_interfaces__cpp
[0.965s] [ 12%] Built target bat_led_interfaces__rosidl_generator_c
[0.983s] [ 23%] Built target bat_led_interfaces__rosidl_typesupport_introspection_c
[0.983s] [ 33%] Built target bat_led_interfaces__rosidl_typesupport_cpp
[0.985s] [ 43%] Built target bat_led_interfaces__rosidl_typesupport_c
[1.002s] [ 53%] Built target bat_led_interfaces__rosidl_typesupport_introspection_cpp
[1.019s] [ 64%] Built target bat_led_interfaces__rosidl_typesupport_fastrtps_cpp
[1.045s] [ 74%] Built target bat_led_interfaces__rosidl_typesupport_fastrtps_c
[1.065s] [ 74%] Built target bat_led_interfaces
[1.100s] [ 76%] Built target bat_led_interfaces__py
[1.141s] [ 84%] Built target bat_led_interfaces__python
[1.164s] [ 94%] Built target bat_led_interfaces__rosidl_typesupport_fastrtps_c__pyext
[1.164s] [ 94%] Built target bat_led_interfaces__rosidl_typesupport_c__pyext
[1.182s] [100%] Built target bat_led_interfaces__rosidl_typesupport_introspection_c__pyext
[1.192s] Invoked command in '/home/ros_ws/build/bat_led_interfaces' returned '0': CMAKE_PREFIX_PATH=${CMAKE_PREFIX_PATH}:/home/ros_ws/install/my_py_pkg:/opt/ros/foxy /usr/bin/cmake --build /home/ros_ws/build/bat_led_interfaces -- -j16 -l16
[1.260s] Invoking command in '/home/ros_ws/build/bat_led_interfaces': CMAKE_PREFIX_PATH=${CMAKE_PREFIX_PATH}:/home/ros_ws/install/my_py_pkg:/opt/ros/foxy /usr/bin/cmake --install /home/ros_ws/build/bat_led_interfaces
[1.267s] -- Install configuration: ""
[1.268s] -- Up-to-date: /home/ros_ws/install/bat_led_interfaces/share/ament_index/resource_index/rosidl_interfaces/bat_led_interfaces
[1.268s] -- Up-to-date: /home/ros_ws/install/bat_led_interfaces/include/bat_led_interfaces
[1.268s] -- Up-to-date: /home/ros_ws/install/bat_led_interfaces/include/bat_led_interfaces/msg
[1.268s] -- Up-to-date: /home/ros_ws/install/bat_led_interfaces/include/bat_led_interfaces/msg/detail
[1.268s] -- Up-to-date: /home/ros_ws/install/bat_led_interfaces/include/bat_led_interfaces/msg/detail/led_pannel_state__functions.c
[1.269s] -- Up-to-date: /home/ros_ws/install/bat_led_interfaces/include/bat_led_interfaces/msg/detail/led_pannel_state__struct.h
[1.269s] -- Up-to-date: /home/ros_ws/install/bat_led_interfaces/include/bat_led_interfaces/msg/detail/led_pannel_state__functions.h
[1.269s] -- Up-to-date: /home/ros_ws/install/bat_led_interfaces/include/bat_led_interfaces/msg/detail/led_pannel_state__type_support.h
[1.269s] -- Up-to-date: /home/ros_ws/install/bat_led_interfaces/include/bat_led_interfaces/msg/led_pannel_state.h
[1.269s] -- Up-to-date: /home/ros_ws/install/bat_led_interfaces/include/bat_led_interfaces/msg/rosidl_generator_c__visibility_control.h
[1.269s] -- Up-to-date: /home/ros_ws/install/bat_led_interfaces/include/bat_led_interfaces/srv
[1.269s] -- Up-to-date: /home/ros_ws/install/bat_led_interfaces/include/bat_led_interfaces/srv/detail
[1.269s] -- Up-to-date: /home/ros_ws/install/bat_led_interfaces/include/bat_led_interfaces/srv/detail/set_led__type_support.h
[1.269s] -- Up-to-date: /home/ros_ws/install/bat_led_interfaces/include/bat_led_interfaces/srv/detail/set_led__functions.c
[1.269s] -- Up-to-date: /home/ros_ws/install/bat_led_interfaces/include/bat_led_interfaces/srv/detail/set_led__struct.h
[1.269s] -- Up-to-date: /home/ros_ws/install/bat_led_interfaces/include/bat_led_interfaces/srv/detail/set_led__functions.h
[1.269s] -- Up-to-date: /home/ros_ws/install/bat_led_interfaces/include/bat_led_interfaces/srv/set_led.h
[1.270s] -- Up-to-date: /home/ros_ws/install/bat_led_interfaces/share/bat_led_interfaces/environment/library_path.sh
[1.270s] -- Installing: /home/ros_ws/install/bat_led_interfaces/share/bat_led_interfaces/environment/library_path.dsv
[1.270s] -- Up-to-date: /home/ros_ws/install/bat_led_interfaces/lib/libbat_led_interfaces__rosidl_generator_c.so
[1.270s] -- Up-to-date: /home/ros_ws/install/bat_led_interfaces/include/bat_led_interfaces
[1.270s] -- Up-to-date: /home/ros_ws/install/bat_led_interfaces/include/bat_led_interfaces/msg
[1.270s] -- Up-to-date: /home/ros_ws/install/bat_led_interfaces/include/bat_led_interfaces/msg/detail
[1.270s] -- Up-to-date: /home/ros_ws/install/bat_led_interfaces/include/bat_led_interfaces/msg/detail/led_pannel_state__rosidl_typesupport_fastrtps_c.h
[1.270s] -- Up-to-date: /home/ros_ws/install/bat_led_interfaces/include/bat_led_interfaces/msg/rosidl_typesupport_fastrtps_c__visibility_control.h
[1.270s] -- Up-to-date: /home/ros_ws/install/bat_led_interfaces/include/bat_led_interfaces/srv
[1.270s] -- Up-to-date: /home/ros_ws/install/bat_led_interfaces/include/bat_led_interfaces/srv/detail
[1.270s] -- Up-to-date: /home/ros_ws/install/bat_led_interfaces/include/bat_led_interfaces/srv/detail/set_led__rosidl_typesupport_fastrtps_c.h
[1.270s] -- Up-to-date: /home/ros_ws/install/bat_led_interfaces/lib/libbat_led_interfaces__rosidl_typesupport_fastrtps_c.so
[1.270s] -- Up-to-date: /home/ros_ws/install/bat_led_interfaces/include/bat_led_interfaces
[1.270s] -- Up-to-date: /home/ros_ws/install/bat_led_interfaces/include/bat_led_interfaces/msg
[1.270s] -- Up-to-date: /home/ros_ws/install/bat_led_interfaces/include/bat_led_interfaces/msg/detail
[1.271s] -- Up-to-date: /home/ros_ws/install/bat_led_interfaces/include/bat_led_interfaces/msg/detail/led_pannel_state__rosidl_typesupport_fastrtps_cpp.hpp
[1.271s] -- Up-to-date: /home/ros_ws/install/bat_led_interfaces/include/bat_led_interfaces/msg/detail/dds_fastrtps
[1.271s] -- Up-to-date: /home/ros_ws/install/bat_led_interfaces/include/bat_led_interfaces/msg/rosidl_typesupport_fastrtps_cpp__visibility_control.h
[1.271s] -- Up-to-date: /home/ros_ws/install/bat_led_interfaces/include/bat_led_interfaces/srv
[1.271s] -- Up-to-date: /home/ros_ws/install/bat_led_interfaces/include/bat_led_interfaces/srv/detail
[1.271s] -- Up-to-date: /home/ros_ws/install/bat_led_interfaces/include/bat_led_interfaces/srv/detail/set_led__rosidl_typesupport_fastrtps_cpp.hpp
[1.271s] -- Up-to-date: /home/ros_ws/install/bat_led_interfaces/include/bat_led_interfaces/srv/detail/dds_fastrtps
[1.271s] -- Up-to-date: /home/ros_ws/install/bat_led_interfaces/lib/libbat_led_interfaces__rosidl_typesupport_fastrtps_cpp.so
[1.271s] -- Up-to-date: /home/ros_ws/install/bat_led_interfaces/include/bat_led_interfaces
[1.271s] -- Up-to-date: /home/ros_ws/install/bat_led_interfaces/include/bat_led_interfaces/msg
[1.271s] -- Up-to-date: /home/ros_ws/install/bat_led_interfaces/include/bat_led_interfaces/msg/detail
[1.271s] -- Up-to-date: /home/ros_ws/install/bat_led_interfaces/include/bat_led_interfaces/msg/detail/led_pannel_state__rosidl_typesupport_introspection_c.h
[1.271s] -- Up-to-date: /home/ros_ws/install/bat_led_interfaces/include/bat_led_interfaces/msg/detail/led_pannel_state__type_support.c
[1.271s] -- Up-to-date: /home/ros_ws/install/bat_led_interfaces/include/bat_led_interfaces/msg/rosidl_typesupport_introspection_c__visibility_control.h
[1.271s] -- Up-to-date: /home/ros_ws/install/bat_led_interfaces/include/bat_led_interfaces/srv
[1.271s] -- Up-to-date: /home/ros_ws/install/bat_led_interfaces/include/bat_led_interfaces/srv/detail
[1.272s] -- Up-to-date: /home/ros_ws/install/bat_led_interfaces/include/bat_led_interfaces/srv/detail/set_led__type_support.c
[1.272s] -- Up-to-date: /home/ros_ws/install/bat_led_interfaces/include/bat_led_interfaces/srv/detail/set_led__rosidl_typesupport_introspection_c.h
[1.272s] -- Up-to-date: /home/ros_ws/install/bat_led_interfaces/lib/libbat_led_interfaces__rosidl_typesupport_introspection_c.so
[1.272s] -- Up-to-date: /home/ros_ws/install/bat_led_interfaces/lib/libbat_led_interfaces__rosidl_typesupport_c.so
[1.272s] -- Up-to-date: /home/ros_ws/install/bat_led_interfaces/include/bat_led_interfaces
[1.272s] -- Up-to-date: /home/ros_ws/install/bat_led_interfaces/include/bat_led_interfaces/msg
[1.272s] -- Up-to-date: /home/ros_ws/install/bat_led_interfaces/include/bat_led_interfaces/msg/detail
[1.272s] -- Up-to-date: /home/ros_ws/install/bat_led_interfaces/include/bat_led_interfaces/msg/detail/led_pannel_state__builder.hpp
[1.272s] -- Up-to-date: /home/ros_ws/install/bat_led_interfaces/include/bat_led_interfaces/msg/detail/led_pannel_state__struct.hpp
[1.272s] -- Up-to-date: /home/ros_ws/install/bat_led_interfaces/include/bat_led_interfaces/msg/detail/led_pannel_state__traits.hpp
[1.272s] -- Up-to-date: /home/ros_ws/install/bat_led_interfaces/include/bat_led_interfaces/msg/led_pannel_state.hpp
[1.272s] -- Up-to-date: /home/ros_ws/install/bat_led_interfaces/include/bat_led_interfaces/srv
[1.272s] -- Up-to-date: /home/ros_ws/install/bat_led_interfaces/include/bat_led_interfaces/srv/detail
[1.272s] -- Up-to-date: /home/ros_ws/install/bat_led_interfaces/include/bat_led_interfaces/srv/detail/set_led__builder.hpp
[1.272s] -- Up-to-date: /home/ros_ws/install/bat_led_interfaces/include/bat_led_interfaces/srv/detail/set_led__traits.hpp
[1.272s] -- Up-to-date: /home/ros_ws/install/bat_led_interfaces/include/bat_led_interfaces/srv/detail/set_led__struct.hpp
[1.272s] -- Up-to-date: /home/ros_ws/install/bat_led_interfaces/include/bat_led_interfaces/srv/set_led.hpp
[1.273s] -- Up-to-date: /home/ros_ws/install/bat_led_interfaces/include/bat_led_interfaces
[1.273s] -- Up-to-date: /home/ros_ws/install/bat_led_interfaces/include/bat_led_interfaces/msg
[1.273s] -- Up-to-date: /home/ros_ws/install/bat_led_interfaces/include/bat_led_interfaces/msg/detail
[1.273s] -- Up-to-date: /home/ros_ws/install/bat_led_interfaces/include/bat_led_interfaces/msg/detail/led_pannel_state__type_support.cpp
[1.273s] -- Up-to-date: /home/ros_ws/install/bat_led_interfaces/include/bat_led_interfaces/msg/detail/led_pannel_state__rosidl_typesupport_introspection_cpp.hpp
[1.273s] -- Up-to-date: /home/ros_ws/install/bat_led_interfaces/include/bat_led_interfaces/srv
[1.273s] -- Up-to-date: /home/ros_ws/install/bat_led_interfaces/include/bat_led_interfaces/srv/detail
[1.273s] -- Up-to-date: /home/ros_ws/install/bat_led_interfaces/include/bat_led_interfaces/srv/detail/set_led__type_support.cpp
[1.273s] -- Up-to-date: /home/ros_ws/install/bat_led_interfaces/include/bat_led_interfaces/srv/detail/set_led__rosidl_typesupport_introspection_cpp.hpp
[1.273s] -- Up-to-date: /home/ros_ws/install/bat_led_interfaces/lib/libbat_led_interfaces__rosidl_typesupport_introspection_cpp.so
[1.273s] -- Up-to-date: /home/ros_ws/install/bat_led_interfaces/lib/libbat_led_interfaces__rosidl_typesupport_cpp.so
[1.273s] -- Up-to-date: /home/ros_ws/install/bat_led_interfaces/share/bat_led_interfaces/environment/pythonpath.sh
[1.273s] -- Installing: /home/ros_ws/install/bat_led_interfaces/share/bat_led_interfaces/environment/pythonpath.dsv
[1.273s] -- Installing: /home/ros_ws/install/bat_led_interfaces/lib/python3.8/site-packages/bat_led_interfaces/__init__.py
[1.293s] Compiling '/home/ros_ws/install/bat_led_interfaces/lib/python3.8/site-packages/bat_led_interfaces/__init__.py'...
[1.296s] -- Up-to-date: /home/ros_ws/install/bat_led_interfaces/lib/python3.8/site-packages/bat_led_interfaces/msg
[1.297s] -- Up-to-date: /home/ros_ws/install/bat_led_interfaces/lib/python3.8/site-packages/bat_led_interfaces/msg/_led_pannel_state.py
[1.297s] -- Up-to-date: /home/ros_ws/install/bat_led_interfaces/lib/python3.8/site-packages/bat_led_interfaces/msg/__init__.py
[1.297s] -- Up-to-date: /home/ros_ws/install/bat_led_interfaces/lib/python3.8/site-packages/bat_led_interfaces/msg/_led_pannel_state_s.c
[1.297s] -- Up-to-date: /home/ros_ws/install/bat_led_interfaces/lib/python3.8/site-packages/bat_led_interfaces/srv
[1.297s] -- Up-to-date: /home/ros_ws/install/bat_led_interfaces/lib/python3.8/site-packages/bat_led_interfaces/srv/_set_led.py
[1.297s] -- Up-to-date: /home/ros_ws/install/bat_led_interfaces/lib/python3.8/site-packages/bat_led_interfaces/srv/__init__.py
[1.297s] -- Up-to-date: /home/ros_ws/install/bat_led_interfaces/lib/python3.8/site-packages/bat_led_interfaces/srv/_set_led_s.c
[1.298s] -- Up-to-date: /home/ros_ws/install/bat_led_interfaces/lib/python3.8/site-packages/bat_led_interfaces/bat_led_interfaces_s__rosidl_typesupport_fastrtps_c.cpython-38-x86_64-linux-gnu.so
[1.298s] -- Up-to-date: /home/ros_ws/install/bat_led_interfaces/lib/python3.8/site-packages/bat_led_interfaces/bat_led_interfaces_s__rosidl_typesupport_introspection_c.cpython-38-x86_64-linux-gnu.so
[1.298s] -- Up-to-date: /home/ros_ws/install/bat_led_interfaces/lib/python3.8/site-packages/bat_led_interfaces/bat_led_interfaces_s__rosidl_typesupport_c.cpython-38-x86_64-linux-gnu.so
[1.299s] -- Up-to-date: /home/ros_ws/install/bat_led_interfaces/lib/libbat_led_interfaces__python.so
[1.299s] -- Up-to-date: /home/ros_ws/install/bat_led_interfaces/share/bat_led_interfaces/msg/LedPannelState.idl
[1.299s] -- Up-to-date: /home/ros_ws/install/bat_led_interfaces/share/bat_led_interfaces/srv/SetLed.idl
[1.299s] -- Up-to-date: /home/ros_ws/install/bat_led_interfaces/share/bat_led_interfaces/msg/LedPannelState.msg
[1.299s] -- Installing: /home/ros_ws/install/bat_led_interfaces/share/bat_led_interfaces/srv/SetLed.srv
[1.299s] -- Up-to-date: /home/ros_ws/install/bat_led_interfaces/share/bat_led_interfaces/srv/SetLed_Request.msg
[1.299s] -- Up-to-date: /home/ros_ws/install/bat_led_interfaces/share/bat_led_interfaces/srv/SetLed_Response.msg
[1.299s] -- Up-to-date: /home/ros_ws/install/bat_led_interfaces/share/ament_index/resource_index/package_run_dependencies/bat_led_interfaces
[1.299s] -- Up-to-date: /home/ros_ws/install/bat_led_interfaces/share/ament_index/resource_index/parent_prefix_path/bat_led_interfaces
[1.299s] -- Up-to-date: /home/ros_ws/install/bat_led_interfaces/share/bat_led_interfaces/environment/ament_prefix_path.sh
[1.299s] -- Installing: /home/ros_ws/install/bat_led_interfaces/share/bat_led_interfaces/environment/ament_prefix_path.dsv
[1.299s] -- Up-to-date: /home/ros_ws/install/bat_led_interfaces/share/bat_led_interfaces/environment/path.sh
[1.300s] -- Installing: /home/ros_ws/install/bat_led_interfaces/share/bat_led_interfaces/environment/path.dsv
[1.300s] -- Up-to-date: /home/ros_ws/install/bat_led_interfaces/share/bat_led_interfaces/local_setup.bash
[1.300s] -- Up-to-date: /home/ros_ws/install/bat_led_interfaces/share/bat_led_interfaces/local_setup.sh
[1.300s] -- Up-to-date: /home/ros_ws/install/bat_led_interfaces/share/bat_led_interfaces/local_setup.zsh
[1.300s] -- Installing: /home/ros_ws/install/bat_led_interfaces/share/bat_led_interfaces/local_setup.dsv
[1.300s] -- Installing: /home/ros_ws/install/bat_led_interfaces/share/bat_led_interfaces/package.dsv
[1.300s] -- Up-to-date: /home/ros_ws/install/bat_led_interfaces/share/ament_index/resource_index/packages/bat_led_interfaces
[1.300s] -- Up-to-date: /home/ros_ws/install/bat_led_interfaces/share/bat_led_interfaces/cmake/bat_led_interfaces__rosidl_generator_cExport.cmake
[1.300s] -- Installing: /home/ros_ws/install/bat_led_interfaces/share/bat_led_interfaces/cmake/bat_led_interfaces__rosidl_generator_cExport-noconfig.cmake
[1.300s] -- Up-to-date: /home/ros_ws/install/bat_led_interfaces/share/bat_led_interfaces/cmake/bat_led_interfaces__rosidl_typesupport_introspection_cExport.cmake
[1.300s] -- Installing: /home/ros_ws/install/bat_led_interfaces/share/bat_led_interfaces/cmake/bat_led_interfaces__rosidl_typesupport_introspection_cExport-noconfig.cmake
[1.300s] -- Up-to-date: /home/ros_ws/install/bat_led_interfaces/share/bat_led_interfaces/cmake/bat_led_interfaces__rosidl_typesupport_cExport.cmake
[1.301s] -- Installing: /home/ros_ws/install/bat_led_interfaces/share/bat_led_interfaces/cmake/bat_led_interfaces__rosidl_typesupport_cExport-noconfig.cmake
[1.301s] -- Up-to-date: /home/ros_ws/install/bat_led_interfaces/share/bat_led_interfaces/cmake/bat_led_interfaces__rosidl_generator_cppExport.cmake
[1.301s] -- Up-to-date: /home/ros_ws/install/bat_led_interfaces/share/bat_led_interfaces/cmake/bat_led_interfaces__rosidl_typesupport_introspection_cppExport.cmake
[1.301s] -- Installing: /home/ros_ws/install/bat_led_interfaces/share/bat_led_interfaces/cmake/bat_led_interfaces__rosidl_typesupport_introspection_cppExport-noconfig.cmake
[1.301s] -- Up-to-date: /home/ros_ws/install/bat_led_interfaces/share/bat_led_interfaces/cmake/bat_led_interfaces__rosidl_typesupport_cppExport.cmake
[1.301s] -- Installing: /home/ros_ws/install/bat_led_interfaces/share/bat_led_interfaces/cmake/bat_led_interfaces__rosidl_typesupport_cppExport-noconfig.cmake
[1.301s] -- Up-to-date: /home/ros_ws/install/bat_led_interfaces/share/bat_led_interfaces/cmake/rosidl_cmake-extras.cmake
[1.301s] -- Up-to-date: /home/ros_ws/install/bat_led_interfaces/share/bat_led_interfaces/cmake/ament_cmake_export_dependencies-extras.cmake
[1.302s] -- Up-to-date: /home/ros_ws/install/bat_led_interfaces/share/bat_led_interfaces/cmake/ament_cmake_export_libraries-extras.cmake
[1.302s] -- Up-to-date: /home/ros_ws/install/bat_led_interfaces/share/bat_led_interfaces/cmake/ament_cmake_export_targets-extras.cmake
[1.302s] -- Up-to-date: /home/ros_ws/install/bat_led_interfaces/share/bat_led_interfaces/cmake/ament_cmake_export_include_directories-extras.cmake
[1.302s] -- Up-to-date: /home/ros_ws/install/bat_led_interfaces/share/bat_led_interfaces/cmake/rosidl_cmake_export_typesupport_libraries-extras.cmake
[1.302s] -- Up-to-date: /home/ros_ws/install/bat_led_interfaces/share/bat_led_interfaces/cmake/rosidl_cmake_export_typesupport_targets-extras.cmake
[1.302s] -- Up-to-date: /home/ros_ws/install/bat_led_interfaces/share/bat_led_interfaces/cmake/bat_led_interfacesConfig.cmake
[1.302s] -- Up-to-date: /home/ros_ws/install/bat_led_interfaces/share/bat_led_interfaces/cmake/bat_led_interfacesConfig-version.cmake
[1.302s] -- Up-to-date: /home/ros_ws/install/bat_led_interfaces/share/bat_led_interfaces/package.xml
[1.304s] Invoked command in '/home/ros_ws/build/bat_led_interfaces' returned '0': CMAKE_PREFIX_PATH=${CMAKE_PREFIX_PATH}:/home/ros_ws/install/my_py_pkg:/opt/ros/foxy /usr/bin/cmake --install /home/ros_ws/build/bat_led_interfaces
