[01m[K/home/ros_ws/src/my_cpp_pkg/src/add_two_ints_server.cpp:8:5:[m[K [01;31m[Kerror: [m[Kexpected unqualified-id before ‘[01m[K{[m[K’ token
    8 |     [01;31m[K{[m[K
      |     [01;31m[K^[m[K
[01m[K/home/ros_ws/src/my_cpp_pkg/src/add_two_ints_server.cpp:12:5:[m[K [01;31m[Kerror: [m[Kinvalid use of template-name ‘[01m[Krclcpp::Service[m[K’ without an argument list
   12 |     [01;31m[Krclcpp[m[K::Service
      |     [01;31m[K^~~~~~[m[K
[01m[K/home/ros_ws/src/my_cpp_pkg/src/add_two_ints_server.cpp:12:5:[m[K [01;36m[Knote: [m[Kclass template argument deduction is only available with ‘[01m[K-std=c++17[m[K’ or ‘[01m[K-std=gnu++17[m[K’
In file included from [01m[K/opt/ros/foxy/include/rclcpp/callback_group.hpp:25[m[K,
                 from [01m[K/opt/ros/foxy/include/rclcpp/any_executable.hpp:20[m[K,
                 from [01m[K/opt/ros/foxy/include/rclcpp/memory_strategy.hpp:24[m[K,
                 from [01m[K/opt/ros/foxy/include/rclcpp/memory_strategies.hpp:18[m[K,
                 from [01m[K/opt/ros/foxy/include/rclcpp/executor_options.hpp:20[m[K,
                 from [01m[K/opt/ros/foxy/include/rclcpp/executor.hpp:33[m[K,
                 from [01m[K/opt/ros/foxy/include/rclcpp/executors/multi_threaded_executor.hpp:26[m[K,
                 from [01m[K/opt/ros/foxy/include/rclcpp/executors.hpp:21[m[K,
                 from [01m[K/opt/ros/foxy/include/rclcpp/rclcpp.hpp:146[m[K,
                 from [01m[K/home/ros_ws/src/my_cpp_pkg/src/add_two_ints_server.cpp:1[m[K:
[01m[K/opt/ros/foxy/include/rclcpp/service.hpp:144:7:[m[K [01;36m[Knote: [m[K‘[01m[Ktemplate<class ServiceT> class rclcpp::Service[m[K’ declared here
  144 | class [01;36m[KService[m[K : public ServiceBase
      |       [01;36m[K^~~~~~~[m[K
[01m[K/home/ros_ws/src/my_cpp_pkg/src/add_two_ints_server.cpp:[m[K In constructor ‘[01m[KAddTwoIntsServerNode::AddTwoIntsServerNode()[m[K’:
[01m[K/home/ros_ws/src/my_cpp_pkg/src/add_two_ints_server.cpp:7:49:[m[K [01;31m[Kerror: [m[Kexpected ‘[01m[K{[m[K’ at end of input
    7 |     AddTwoIntsServerNode() : Node("add_two_ints"[01;31m[K)[m[K;
      |                                                 [01;31m[K^[m[K
make[2]: *** [CMakeFiles/add_two_ints_server.dir/build.make:63: CMakeFiles/add_two_ints_server.dir/src/add_two_ints_server.cpp.o] Error 1
make[1]: *** [CMakeFiles/Makefile2:82: CMakeFiles/add_two_ints_server.dir/all] Error 2
make: *** [Makefile:141: all] Error 2
