[0.017s] Invoking command in '/home/ros_ws/build/my_cpp_pkg': CMAKE_PREFIX_PATH=${CMAKE_PREFIX_PATH}:/opt/ros/foxy /usr/bin/cmake --build /home/ros_ws/build/my_cpp_pkg -- -j16 -l16
[0.039s] -- Found ament_cmake: 0.9.11 (/opt/ros/foxy/share/ament_cmake/cmake)
[0.059s] -- Using PYTHON_EXECUTABLE: /usr/bin/python3
[0.197s] -- Found rclcpp: 2.4.2 (/opt/ros/foxy/share/rclcpp/cmake)
[0.237s] -- Using all available rosidl_typesupport_c: rosidl_typesupport_fastrtps_c;rosidl_typesupport_introspection_c
[0.243s] -- Found rosidl_adapter: 1.3.0 (/opt/ros/foxy/share/rosidl_adapter/cmake)
[0.398s] -- Using all available rosidl_typesupport_cpp: rosidl_typesupport_fastrtps_cpp;rosidl_typesupport_introspection_cpp
[0.439s] -- Found rmw_implementation_cmake: 1.0.3 (/opt/ros/foxy/share/rmw_implementation_cmake/cmake)
[0.440s] -- Using RMW implementation 'rmw_fastrtps_cpp' as default
[0.562s] -- Found example_interfaces: 0.9.1 (/opt/ros/foxy/share/example_interfaces/cmake)
[0.720s] -- Configuring done
[0.734s] -- Generating done
[0.735s] -- Build files have been written to: /home/ros_ws/build/my_cpp_pkg
[0.773s] [35m[1mScanning dependencies of target add_two_ints_server[0m
[0.795s] [ 33%] Built target add_two_ints_client
[0.817s] [ 66%] Built target add_two_ints_client_no_oop
[0.818s] [ 83%] [32mBuilding CXX object CMakeFiles/add_two_ints_server.dir/src/add_two_ints_server.cpp.o[0m
[1.896s] [01m[K/home/ros_ws/src/my_cpp_pkg/src/add_two_ints_server.cpp:8:5:[m[K [01;31m[Kerror: [m[Kexpected unqualified-id before ‘[01m[K{[m[K’ token
[1.896s]     8 |     [01;31m[K{[m[K
[1.896s]       |     [01;31m[K^[m[K
[1.896s] [01m[K/home/ros_ws/src/my_cpp_pkg/src/add_two_ints_server.cpp:12:5:[m[K [01;31m[Kerror: [m[Kinvalid use of template-name ‘[01m[Krclcpp::Service[m[K’ without an argument list
[1.897s]    12 |     [01;31m[Krclcpp[m[K::Service
[1.897s]       |     [01;31m[K^~~~~~[m[K
[1.897s] [01m[K/home/ros_ws/src/my_cpp_pkg/src/add_two_ints_server.cpp:12:5:[m[K [01;36m[Knote: [m[Kclass template argument deduction is only available with ‘[01m[K-std=c++17[m[K’ or ‘[01m[K-std=gnu++17[m[K’
[1.897s] In file included from [01m[K/opt/ros/foxy/include/rclcpp/callback_group.hpp:25[m[K,
[1.897s]                  from [01m[K/opt/ros/foxy/include/rclcpp/any_executable.hpp:20[m[K,
[1.897s]                  from [01m[K/opt/ros/foxy/include/rclcpp/memory_strategy.hpp:24[m[K,
[1.897s]                  from [01m[K/opt/ros/foxy/include/rclcpp/memory_strategies.hpp:18[m[K,
[1.897s]                  from [01m[K/opt/ros/foxy/include/rclcpp/executor_options.hpp:20[m[K,
[1.897s]                  from [01m[K/opt/ros/foxy/include/rclcpp/executor.hpp:33[m[K,
[1.897s]                  from [01m[K/opt/ros/foxy/include/rclcpp/executors/multi_threaded_executor.hpp:26[m[K,
[1.897s]                  from [01m[K/opt/ros/foxy/include/rclcpp/executors.hpp:21[m[K,
[1.897s]                  from [01m[K/opt/ros/foxy/include/rclcpp/rclcpp.hpp:146[m[K,
[1.897s]                  from [01m[K/home/ros_ws/src/my_cpp_pkg/src/add_two_ints_server.cpp:1[m[K:
[1.897s] [01m[K/opt/ros/foxy/include/rclcpp/service.hpp:144:7:[m[K [01;36m[Knote: [m[K‘[01m[Ktemplate<class ServiceT> class rclcpp::Service[m[K’ declared here
[1.897s]   144 | class [01;36m[KService[m[K : public ServiceBase
[1.897s]       |       [01;36m[K^~~~~~~[m[K
[1.897s] [01m[K/home/ros_ws/src/my_cpp_pkg/src/add_two_ints_server.cpp:[m[K In constructor ‘[01m[KAddTwoIntsServerNode::AddTwoIntsServerNode()[m[K’:
[1.898s] [01m[K/home/ros_ws/src/my_cpp_pkg/src/add_two_ints_server.cpp:7:49:[m[K [01;31m[Kerror: [m[Kexpected ‘[01m[K{[m[K’ at end of input
[1.898s]     7 |     AddTwoIntsServerNode() : Node("add_two_ints"[01;31m[K)[m[K;
[1.898s]       |                                                 [01;31m[K^[m[K
[2.219s] make[2]: *** [CMakeFiles/add_two_ints_server.dir/build.make:63: CMakeFiles/add_two_ints_server.dir/src/add_two_ints_server.cpp.o] Error 1
[2.219s] make[1]: *** [CMakeFiles/Makefile2:82: CMakeFiles/add_two_ints_server.dir/all] Error 2
[2.219s] make: *** [Makefile:141: all] Error 2
[2.222s] Invoked command in '/home/ros_ws/build/my_cpp_pkg' returned '2': CMAKE_PREFIX_PATH=${CMAKE_PREFIX_PATH}:/opt/ros/foxy /usr/bin/cmake --build /home/ros_ws/build/my_cpp_pkg -- -j16 -l16
