[35m[1mConsolidate compiler generated dependencies of target tutorial_interfaces_cpp__rosidl_generator_c[0m
[  1%] Built target tutorial_interfaces_cpp__cpp
[ 10%] Built target tutorial_interfaces_cpp__rosidl_generator_c
[35m[1mConsolidate compiler generated dependencies of target tutorial_interfaces_cpp__rosidl_typesupport_cpp[0m
[35m[1mConsolidate compiler generated dependencies of target tutorial_interfaces_cpp__rosidl_typesupport_microxrcedds_cpp[0m
[35m[1mConsolidate compiler generated dependencies of target tutorial_interfaces_cpp__rosidl_typesupport_introspection_cpp[0m
[35m[1mConsolidate compiler generated dependencies of target tutorial_interfaces_cpp__rosidl_typesupport_fastrtps_cpp[0m
[ 10%] Built target ament_cmake_python_copy_tutorial_interfaces_cpp
[35m[1mConsolidate compiler generated dependencies of target tutorial_interfaces_cpp__rosidl_typesupport_microxrcedds_c[0m
[35m[1mConsolidate compiler generated dependencies of target tutorial_interfaces_cpp__rosidl_typesupport_fastrtps_c[0m
[ 18%] Built target tutorial_interfaces_cpp__rosidl_typesupport_cpp
[ 27%] Built target tutorial_interfaces_cpp__rosidl_typesupport_fastrtps_cpp
[ 35%] Built target tutorial_interfaces_cpp__rosidl_typesupport_introspection_cpp
[35m[1mConsolidate compiler generated dependencies of target tutorial_interfaces_cpp__rosidl_typesupport_introspection_c[0m
[ 44%] Built target tutorial_interfaces_cpp__rosidl_typesupport_microxrcedds_cpp
[35m[1mConsolidate compiler generated dependencies of target tutorial_interfaces_cpp__rosidl_typesupport_c[0m
[ 52%] Built target tutorial_interfaces_cpp__rosidl_typesupport_microxrcedds_c
[ 61%] Built target tutorial_interfaces_cpp__rosidl_typesupport_fastrtps_c
[ 69%] Built target tutorial_interfaces_cpp__rosidl_typesupport_introspection_c
[ 77%] Built target tutorial_interfaces_cpp__rosidl_typesupport_c
[ 77%] Built target tutorial_interfaces_cpp
[ 79%] Built target tutorial_interfaces_cpp__py
[35m[1mConsolidate compiler generated dependencies of target tutorial_interfaces_cpp__rosidl_generator_py[0m
[ 86%] Built target tutorial_interfaces_cpp__rosidl_generator_py
[35m[1mConsolidate compiler generated dependencies of target tutorial_interfaces_cpp__rosidl_typesupport_introspection_c__pyext[0m
[35m[1mConsolidate compiler generated dependencies of target tutorial_interfaces_cpp__rosidl_typesupport_microxrcedds_c__pyext[0m
[35m[1mConsolidate compiler generated dependencies of target tutorial_interfaces_cpp__rosidl_typesupport_c__pyext[0m
[35m[1mConsolidate compiler generated dependencies of target tutorial_interfaces_cpp__rosidl_typesupport_fastrtps_c__pyext[0m
[ 93%] Built target tutorial_interfaces_cpp__rosidl_typesupport_c__pyext
[ 93%] Built target tutorial_interfaces_cpp__rosidl_typesupport_microxrcedds_c__pyext
[ 96%] Built target tutorial_interfaces_cpp__rosidl_typesupport_fastrtps_c__pyext
[100%] Built target tutorial_interfaces_cpp__rosidl_typesupport_introspection_c__pyext
running egg_info
writing tutorial_interfaces_cpp.egg-info/PKG-INFO
writing dependency_links to tutorial_interfaces_cpp.egg-info/dependency_links.txt
writing top-level names to tutorial_interfaces_cpp.egg-info/top_level.txt
reading manifest file 'tutorial_interfaces_cpp.egg-info/SOURCES.txt'
writing manifest file 'tutorial_interfaces_cpp.egg-info/SOURCES.txt'
[100%] Built target ament_cmake_python_build_tutorial_interfaces_cpp_egg
