[1.224s] Invoking command in '/home/amruth/Documents/git/ros_ws/WS/build/tutorial_interfaces_cpp': CMAKE_PREFIX_PATH=${CMAKE_PREFIX_PATH}:/home/amruth/Documents/git/ros_ws/WS/install/py_srvcli:/home/amruth/Documents/git/ros_ws/WS/install/py_pubsub_2:/home/amruth/Documents/git/ros_ws/WS/install/py_pubsub:/home/amruth/Documents/git/ros_ws/WS/install/my_py_pkg_2:/home/amruth/Documents/git/ros_ws/WS/install/my_py_pkg:/home/amruth/Documents/git/microros_ws/install/sensor_msgs_py:/opt/ros/humble /usr/bin/cmake --build /home/amruth/Documents/git/ros_ws/WS/build/tutorial_interfaces_cpp -- -j16 -l16
[1.273s] [35m[1mConsolidate compiler generated dependencies of target tutorial_interfaces_cpp__rosidl_generator_c[0m
[1.290s] [  1%] Built target tutorial_interfaces_cpp__cpp
[1.290s] [ 10%] Built target tutorial_interfaces_cpp__rosidl_generator_c
[1.306s] [35m[1mConsolidate compiler generated dependencies of target tutorial_interfaces_cpp__rosidl_typesupport_cpp[0m
[1.306s] [35m[1mConsolidate compiler generated dependencies of target tutorial_interfaces_cpp__rosidl_typesupport_microxrcedds_cpp[0m
[1.307s] [35m[1mConsolidate compiler generated dependencies of target tutorial_interfaces_cpp__rosidl_typesupport_introspection_cpp[0m
[1.307s] [35m[1mConsolidate compiler generated dependencies of target tutorial_interfaces_cpp__rosidl_typesupport_fastrtps_cpp[0m
[1.309s] [ 10%] Built target ament_cmake_python_copy_tutorial_interfaces_cpp
[1.328s] [35m[1mConsolidate compiler generated dependencies of target tutorial_interfaces_cpp__rosidl_typesupport_microxrcedds_c[0m
[1.328s] [35m[1mConsolidate compiler generated dependencies of target tutorial_interfaces_cpp__rosidl_typesupport_fastrtps_c[0m
[1.331s] [ 18%] Built target tutorial_interfaces_cpp__rosidl_typesupport_cpp
[1.333s] [ 27%] Built target tutorial_interfaces_cpp__rosidl_typesupport_fastrtps_cpp
[1.334s] [ 35%] Built target tutorial_interfaces_cpp__rosidl_typesupport_introspection_cpp
[1.337s] [35m[1mConsolidate compiler generated dependencies of target tutorial_interfaces_cpp__rosidl_typesupport_introspection_c[0m
[1.339s] [ 44%] Built target tutorial_interfaces_cpp__rosidl_typesupport_microxrcedds_cpp
[1.341s] [35m[1mConsolidate compiler generated dependencies of target tutorial_interfaces_cpp__rosidl_typesupport_c[0m
[1.350s] [ 52%] Built target tutorial_interfaces_cpp__rosidl_typesupport_microxrcedds_c
[1.353s] [ 61%] Built target tutorial_interfaces_cpp__rosidl_typesupport_fastrtps_c
[1.356s] [ 69%] Built target tutorial_interfaces_cpp__rosidl_typesupport_introspection_c
[1.358s] [ 77%] Built target tutorial_interfaces_cpp__rosidl_typesupport_c
[1.384s] [ 77%] Built target tutorial_interfaces_cpp
[1.410s] [ 79%] Built target tutorial_interfaces_cpp__py
[1.422s] [35m[1mConsolidate compiler generated dependencies of target tutorial_interfaces_cpp__rosidl_generator_py[0m
[1.439s] [ 86%] Built target tutorial_interfaces_cpp__rosidl_generator_py
[1.452s] [35m[1mConsolidate compiler generated dependencies of target tutorial_interfaces_cpp__rosidl_typesupport_introspection_c__pyext[0m
[1.453s] [35m[1mConsolidate compiler generated dependencies of target tutorial_interfaces_cpp__rosidl_typesupport_microxrcedds_c__pyext[0m
[1.453s] [35m[1mConsolidate compiler generated dependencies of target tutorial_interfaces_cpp__rosidl_typesupport_c__pyext[0m
[1.455s] [35m[1mConsolidate compiler generated dependencies of target tutorial_interfaces_cpp__rosidl_typesupport_fastrtps_c__pyext[0m
[1.467s] [ 93%] Built target tutorial_interfaces_cpp__rosidl_typesupport_c__pyext
[1.467s] [ 93%] Built target tutorial_interfaces_cpp__rosidl_typesupport_microxrcedds_c__pyext
[1.470s] [ 96%] Built target tutorial_interfaces_cpp__rosidl_typesupport_fastrtps_c__pyext
[1.471s] [100%] Built target tutorial_interfaces_cpp__rosidl_typesupport_introspection_c__pyext
[1.582s] running egg_info
[1.582s] writing tutorial_interfaces_cpp.egg-info/PKG-INFO
[1.583s] writing dependency_links to tutorial_interfaces_cpp.egg-info/dependency_links.txt
[1.583s] writing top-level names to tutorial_interfaces_cpp.egg-info/top_level.txt
[1.584s] reading manifest file 'tutorial_interfaces_cpp.egg-info/SOURCES.txt'
[1.585s] writing manifest file 'tutorial_interfaces_cpp.egg-info/SOURCES.txt'
[1.617s] [100%] Built target ament_cmake_python_build_tutorial_interfaces_cpp_egg
