[0.016s] Invoking command in '/home/ros_ws/build/my_robot_interfaces': CMAKE_PREFIX_PATH=${CMAKE_PREFIX_PATH}:/home/ros_ws/install/my_py_pkg:/opt/ros/foxy /usr/bin/cmake --build /home/ros_ws/build/my_robot_interfaces -- -j16 -l16
[0.037s] -- Found ament_cmake: 0.9.11 (/opt/ros/foxy/share/ament_cmake/cmake)
[0.075s] -- Using PYTHON_EXECUTABLE: /usr/bin/python3
[0.227s] -- Found rosidl_default_generators: 1.0.1 (/opt/ros/foxy/share/rosidl_default_generators/cmake)
[0.229s] -- Using all available rosidl_typesupport_c: rosidl_typesupport_fastrtps_c;rosidl_typesupport_introspection_c
[0.232s] -- Found rosidl_adapter: 1.3.0 (/opt/ros/foxy/share/rosidl_adapter/cmake)
[0.399s] -- Using all available rosidl_typesupport_cpp: rosidl_typesupport_fastrtps_cpp;rosidl_typesupport_introspection_cpp
[0.437s] -- Found PythonInterp: /usr/bin/python3 (found version "3.8.10") 
[0.633s] CMake Error at /opt/ros/foxy/share/rosidl_adapter/cmake/rosidl_adapt_interfaces.cmake:60 (message):
[0.633s]   execute_process(/usr/bin/python3 -m rosidl_adapter --package-name
[0.633s]   my_robot_interfaces --arguments-file
[0.633s]   /home/ros_ws/build/my_robot_interfaces/rosidl_adapter__arguments__my_robot_interfaces.json
[0.633s]   --output-dir
[0.634s]   /home/ros_ws/build/my_robot_interfaces/rosidl_adapter/my_robot_interfaces
[0.634s]   --output-file
[0.634s]   /home/ros_ws/build/my_robot_interfaces/rosidl_adapter/my_robot_interfaces.idls)
[0.634s]   returned error code 1:
[0.634s] 
[0.634s]   Traceback (most recent call last):
[0.634s] 
[0.634s]     File "/usr/lib/python3.8/runpy.py", line 194, in _run_module_as_main
[0.634s]       return _run_code(code, main_globals, None,
[0.634s]     File "/usr/lib/python3.8/runpy.py", line 87, in _run_code
[0.634s]       exec(code, run_globals)
[0.634s]     File "/opt/ros/foxy/lib/python3.8/site-packages/rosidl_adapter/__main__.py", line 19, in <module>
[0.634s]       sys.exit(main())
[0.634s]     File "/opt/ros/foxy/lib/python3.8/site-packages/rosidl_adapter/main.py", line 53, in main
[0.635s]       abs_idl_file = convert_to_idl(
[0.635s]     File "/opt/ros/foxy/lib/python3.8/site-packages/rosidl_adapter/__init__.py", line 24, in convert_to_idl
[0.635s]       return convert_srv_to_idl(
[0.635s]     File "/opt/ros/foxy/lib/python3.8/site-packages/rosidl_adapter/srv/__init__.py", line 28, in convert_srv_to_idl
[0.635s]       srv = parse_service_string(package_name, input_file.stem, content)
[0.635s]     File "/opt/ros/foxy/lib/python3.8/site-packages/rosidl_adapter/parser.py", line 852, in parse_service_string
[0.635s]       request_message = parse_message_string(
[0.635s]     File "/opt/ros/foxy/lib/python3.8/site-packages/rosidl_adapter/parser.py", line 540, in parse_message_string
[0.635s]       msg = MessageSpecification(pkg_name, msg_name, fields, constants)
[0.635s]     File "/opt/ros/foxy/lib/python3.8/site-packages/rosidl_adapter/parser.py", line 387, in __init__
[0.635s]       self.base_type = BaseType(
[0.635s]     File "/opt/ros/foxy/lib/python3.8/site-packages/rosidl_adapter/parser.py", line 204, in __init__
[0.635s]       raise InvalidResourceName(
[0.635s] 
[0.635s]   rosidl_adapter.parser.InvalidResourceName: 'compute_rectangle_area_Request'
[0.635s]   is an invalid message name.  It should have the pattern
[0.635s]   '^[A-Z][A-Za-z0-9]*$'
[0.635s] 
[0.636s] Call Stack (most recent call first):
[0.636s]   /opt/ros/foxy/share/rosidl_cmake/cmake/rosidl_generate_interfaces.cmake:130 (rosidl_adapt_interfaces)
[0.636s]   CMakeLists.txt:17 (rosidl_generate_interfaces)
[0.636s] 
[0.636s] 
[0.636s] -- Configuring incomplete, errors occurred!
[0.636s] See also "/home/ros_ws/build/my_robot_interfaces/CMakeFiles/CMakeOutput.log".
[0.638s] make: *** [Makefile:748: cmake_check_build_system] Error 1
[0.640s] Invoked command in '/home/ros_ws/build/my_robot_interfaces' returned '2': CMAKE_PREFIX_PATH=${CMAKE_PREFIX_PATH}:/home/ros_ws/install/my_py_pkg:/opt/ros/foxy /usr/bin/cmake --build /home/ros_ws/build/my_robot_interfaces -- -j16 -l16
