[0.761s] Invoking command in '/home/amruth/Documents/git/ros_ws/WS/src/py_pubsub_2': PYTHONPATH=/home/amruth/Documents/git/ros_ws/WS/build/py_pubsub_2/prefix_override:/home/amruth/Documents/git/ros_ws/WS/install/py_pubsub_2/lib/python3.10/site-packages:${PYTHONPATH} /usr/bin/python3 setup.py egg_info --egg-base ../../build/py_pubsub_2 build --build-base /home/amruth/Documents/git/ros_ws/WS/build/py_pubsub_2/build install --record /home/amruth/Documents/git/ros_ws/WS/build/py_pubsub_2/install.log --single-version-externally-managed
[1.004s] running egg_info
[1.004s] writing ../../build/py_pubsub_2/py_pubsub_2.egg-info/PKG-INFO
[1.004s] writing dependency_links to ../../build/py_pubsub_2/py_pubsub_2.egg-info/dependency_links.txt
[1.005s] writing entry points to ../../build/py_pubsub_2/py_pubsub_2.egg-info/entry_points.txt
[1.005s] writing requirements to ../../build/py_pubsub_2/py_pubsub_2.egg-info/requires.txt
[1.005s] writing top-level names to ../../build/py_pubsub_2/py_pubsub_2.egg-info/top_level.txt
[1.007s] reading manifest file '../../build/py_pubsub_2/py_pubsub_2.egg-info/SOURCES.txt'
[1.007s] writing manifest file '../../build/py_pubsub_2/py_pubsub_2.egg-info/SOURCES.txt'
[1.008s] running build
[1.008s] running build_py
[1.008s] copying py_pubsub_2/listener.py -> /home/amruth/Documents/git/ros_ws/WS/build/py_pubsub_2/build/lib/py_pubsub_2
[1.009s] running install
[1.009s] /usr/lib/python3/dist-packages/setuptools/command/install.py:34: SetuptoolsDeprecationWarning: setup.py install is deprecated. Use build and pip and other standards-based tools.
[1.009s]   warnings.warn(
[1.009s] running install_lib
[1.009s] copying /home/amruth/Documents/git/ros_ws/WS/build/py_pubsub_2/build/lib/py_pubsub_2/listener.py -> /home/amruth/Documents/git/ros_ws/WS/install/py_pubsub_2/lib/python3.10/site-packages/py_pubsub_2
[1.009s] byte-compiling /home/amruth/Documents/git/ros_ws/WS/install/py_pubsub_2/lib/python3.10/site-packages/py_pubsub_2/listener.py to listener.cpython-310.pyc
[1.010s] running install_data
[1.010s] running install_egg_info
[1.012s] removing '/home/amruth/Documents/git/ros_ws/WS/install/py_pubsub_2/lib/python3.10/site-packages/py_pubsub_2-0.0.0-py3.10.egg-info' (and everything under it)
[1.012s] Copying ../../build/py_pubsub_2/py_pubsub_2.egg-info to /home/amruth/Documents/git/ros_ws/WS/install/py_pubsub_2/lib/python3.10/site-packages/py_pubsub_2-0.0.0-py3.10.egg-info
[1.012s] running install_scripts
[1.030s] Installing listenerrrr script to /home/amruth/Documents/git/ros_ws/WS/install/py_pubsub_2/lib/py_pubsub_2
[1.030s] Installing talkerrrr script to /home/amruth/Documents/git/ros_ws/WS/install/py_pubsub_2/lib/py_pubsub_2
[1.030s] writing list of installed files to '/home/amruth/Documents/git/ros_ws/WS/build/py_pubsub_2/install.log'
[1.056s] Invoked command in '/home/amruth/Documents/git/ros_ws/WS/src/py_pubsub_2' returned '0': PYTHONPATH=/home/amruth/Documents/git/ros_ws/WS/build/py_pubsub_2/prefix_override:/home/amruth/Documents/git/ros_ws/WS/install/py_pubsub_2/lib/python3.10/site-packages:${PYTHONPATH} /usr/bin/python3 setup.py egg_info --egg-base ../../build/py_pubsub_2 build --build-base /home/amruth/Documents/git/ros_ws/WS/build/py_pubsub_2/build install --record /home/amruth/Documents/git/ros_ws/WS/build/py_pubsub_2/install.log --single-version-externally-managed
