[0.730s] Invoking command in '/home/amruth/Documents/git/ros_ws/WS/src/py_pubsub_2': PYTHONPATH=/home/amruth/Documents/git/ros_ws/WS/build/py_pubsub_2/prefix_override:/home/amruth/Documents/git/ros_ws/WS/install/py_pubsub_2/lib/python3.10/site-packages:${PYTHONPATH} /usr/bin/python3 setup.py egg_info --egg-base ../../build/py_pubsub_2 build --build-base /home/amruth/Documents/git/ros_ws/WS/build/py_pubsub_2/build install --record /home/amruth/Documents/git/ros_ws/WS/build/py_pubsub_2/install.log --single-version-externally-managed
[0.957s] running egg_info
[0.957s] writing ../../build/py_pubsub_2/py_pubsub_2.egg-info/PKG-INFO
[0.958s] writing dependency_links to ../../build/py_pubsub_2/py_pubsub_2.egg-info/dependency_links.txt
[0.958s] writing entry points to ../../build/py_pubsub_2/py_pubsub_2.egg-info/entry_points.txt
[0.958s] writing requirements to ../../build/py_pubsub_2/py_pubsub_2.egg-info/requires.txt
[0.958s] writing top-level names to ../../build/py_pubsub_2/py_pubsub_2.egg-info/top_level.txt
[0.960s] reading manifest file '../../build/py_pubsub_2/py_pubsub_2.egg-info/SOURCES.txt'
[0.961s] writing manifest file '../../build/py_pubsub_2/py_pubsub_2.egg-info/SOURCES.txt'
[0.961s] running build
[0.961s] running build_py
[0.961s] running install
[0.961s] /usr/lib/python3/dist-packages/setuptools/command/install.py:34: SetuptoolsDeprecationWarning: setup.py install is deprecated. Use build and pip and other standards-based tools.
[0.961s]   warnings.warn(
[0.961s] running install_lib
[0.962s] running install_data
[0.963s] running install_egg_info
[0.964s] removing '/home/amruth/Documents/git/ros_ws/WS/install/py_pubsub_2/lib/python3.10/site-packages/py_pubsub_2-0.0.0-py3.10.egg-info' (and everything under it)
[0.964s] Copying ../../build/py_pubsub_2/py_pubsub_2.egg-info to /home/amruth/Documents/git/ros_ws/WS/install/py_pubsub_2/lib/python3.10/site-packages/py_pubsub_2-0.0.0-py3.10.egg-info
[0.965s] running install_scripts
[0.981s] Installing listenerrrr script to /home/amruth/Documents/git/ros_ws/WS/install/py_pubsub_2/lib/py_pubsub_2
[0.982s] Installing talkerrrr script to /home/amruth/Documents/git/ros_ws/WS/install/py_pubsub_2/lib/py_pubsub_2
[0.982s] writing list of installed files to '/home/amruth/Documents/git/ros_ws/WS/build/py_pubsub_2/install.log'
[1.006s] Invoked command in '/home/amruth/Documents/git/ros_ws/WS/src/py_pubsub_2' returned '0': PYTHONPATH=/home/amruth/Documents/git/ros_ws/WS/build/py_pubsub_2/prefix_override:/home/amruth/Documents/git/ros_ws/WS/install/py_pubsub_2/lib/python3.10/site-packages:${PYTHONPATH} /usr/bin/python3 setup.py egg_info --egg-base ../../build/py_pubsub_2 build --build-base /home/amruth/Documents/git/ros_ws/WS/build/py_pubsub_2/build install --record /home/amruth/Documents/git/ros_ws/WS/build/py_pubsub_2/install.log --single-version-externally-managed
