[0.700s] Invoking command in '/home/amruth/Documents/git/ros_ws/WS/src/my_py_pkg': PYTHONPATH=/home/amruth/Documents/git/ros_ws/WS/build/my_py_pkg/prefix_override:/home/amruth/Documents/git/ros_ws/WS/install/my_py_pkg/lib/python3.10/site-packages:${PYTHONPATH} /usr/bin/python3 setup.py egg_info --egg-base ../../build/my_py_pkg build --build-base /home/amruth/Documents/git/ros_ws/WS/build/my_py_pkg/build install --record /home/amruth/Documents/git/ros_ws/WS/build/my_py_pkg/install.log --single-version-externally-managed
[0.917s] running egg_info
[0.918s] creating ../../build/my_py_pkg/my_py_pkg.egg-info
[0.918s] writing ../../build/my_py_pkg/my_py_pkg.egg-info/PKG-INFO
[0.919s] writing dependency_links to ../../build/my_py_pkg/my_py_pkg.egg-info/dependency_links.txt
[0.919s] writing entry points to ../../build/my_py_pkg/my_py_pkg.egg-info/entry_points.txt
[0.919s] writing requirements to ../../build/my_py_pkg/my_py_pkg.egg-info/requires.txt
[0.919s] writing top-level names to ../../build/my_py_pkg/my_py_pkg.egg-info/top_level.txt
[0.919s] writing manifest file '../../build/my_py_pkg/my_py_pkg.egg-info/SOURCES.txt'
[0.920s] reading manifest file '../../build/my_py_pkg/my_py_pkg.egg-info/SOURCES.txt'
[0.921s] writing manifest file '../../build/my_py_pkg/my_py_pkg.egg-info/SOURCES.txt'
[0.921s] running build
[0.921s] running build_py
[0.921s] creating /home/amruth/Documents/git/ros_ws/WS/build/my_py_pkg/build
[0.921s] creating /home/amruth/Documents/git/ros_ws/WS/build/my_py_pkg/build/lib
[0.921s] creating /home/amruth/Documents/git/ros_ws/WS/build/my_py_pkg/build/lib/my_py_pkg
[0.921s] copying my_py_pkg/__init__.py -> /home/amruth/Documents/git/ros_ws/WS/build/my_py_pkg/build/lib/my_py_pkg
[0.921s] running install
[0.921s] /usr/lib/python3/dist-packages/setuptools/command/install.py:34: SetuptoolsDeprecationWarning: setup.py install is deprecated. Use build and pip and other standards-based tools.
[0.922s]   warnings.warn(
[0.922s] running install_lib
[0.923s] creating /home/amruth/Documents/git/ros_ws/WS/install/my_py_pkg/lib/python3.10/site-packages/my_py_pkg
[0.923s] copying /home/amruth/Documents/git/ros_ws/WS/build/my_py_pkg/build/lib/my_py_pkg/__init__.py -> /home/amruth/Documents/git/ros_ws/WS/install/my_py_pkg/lib/python3.10/site-packages/my_py_pkg
[0.924s] byte-compiling /home/amruth/Documents/git/ros_ws/WS/install/my_py_pkg/lib/python3.10/site-packages/my_py_pkg/__init__.py to __init__.cpython-310.pyc
[0.924s] running install_data
[0.925s] creating /home/amruth/Documents/git/ros_ws/WS/install/my_py_pkg/share/ament_index
[0.925s] creating /home/amruth/Documents/git/ros_ws/WS/install/my_py_pkg/share/ament_index/resource_index
[0.925s] creating /home/amruth/Documents/git/ros_ws/WS/install/my_py_pkg/share/ament_index/resource_index/packages
[0.925s] copying resource/my_py_pkg -> /home/amruth/Documents/git/ros_ws/WS/install/my_py_pkg/share/ament_index/resource_index/packages
[0.925s] copying package.xml -> /home/amruth/Documents/git/ros_ws/WS/install/my_py_pkg/share/my_py_pkg
[0.925s] running install_egg_info
[0.927s] Copying ../../build/my_py_pkg/my_py_pkg.egg-info to /home/amruth/Documents/git/ros_ws/WS/install/my_py_pkg/lib/python3.10/site-packages/my_py_pkg-0.0.0-py3.10.egg-info
[0.928s] running install_scripts
[0.947s] writing list of installed files to '/home/amruth/Documents/git/ros_ws/WS/build/my_py_pkg/install.log'
[0.974s] Invoked command in '/home/amruth/Documents/git/ros_ws/WS/src/my_py_pkg' returned '0': PYTHONPATH=/home/amruth/Documents/git/ros_ws/WS/build/my_py_pkg/prefix_override:/home/amruth/Documents/git/ros_ws/WS/install/my_py_pkg/lib/python3.10/site-packages:${PYTHONPATH} /usr/bin/python3 setup.py egg_info --egg-base ../../build/my_py_pkg build --build-base /home/amruth/Documents/git/ros_ws/WS/build/my_py_pkg/build install --record /home/amruth/Documents/git/ros_ws/WS/build/my_py_pkg/install.log --single-version-externally-managed
