[4.356s] DEBUG:colcon:Command line arguments: ['/usr/bin/colcon', 'build']
[4.356s] DEBUG:colcon:Parsed command line arguments: Namespace(ament_cmake_args=None, base_paths=['.'], build_base='build', catkin_cmake_args=None, catkin_skip_building_tests=False, cmake_args=None, cmake_clean_cache=False, cmake_clean_first=False, cmake_force_configure=False, cmake_target=None, cmake_target_skip_unavailable=False, continue_on_error=False, event_handlers=None, executor='parallel', ignore_user_meta=False, install_base='install', log_base=None, log_level=None, main=<bound method BuildVerb.main of <colcon_core.verb.build.BuildVerb object at 0x7fb1dc38d0>>, merge_install=False, metas=['./colcon.meta'], packages_above=None, packages_above_and_dependencies=None, packages_above_depth=None, packages_end=None, packages_ignore=None, packages_ignore_regex=None, packages_select=None, packages_select_build_failed=False, packages_select_by_dep=None, packages_select_regex=None, packages_select_test_failures=False, packages_skip=None, packages_skip_build_finished=False, packages_skip_by_dep=None, packages_skip_regex=None, packages_skip_test_passed=False, packages_skip_up_to=None, packages_start=None, packages_up_to=None, packages_up_to_regex=None, parallel_workers=4, paths=None, symlink_install=False, test_result_base=None, verb_extension=<colcon_core.verb.build.BuildVerb object at 0x7fb1dc38d0>, verb_name='build', verb_parser=<colcon_defaults.argument_parser.defaults.DefaultArgumentsDecorator object at 0x7fb1d18160>)
[4.737s] Level 1:colcon.colcon_core.package_discovery:discover_packages(colcon_meta) check parameters
[4.738s] Level 1:colcon.colcon_core.package_discovery:discover_packages(recursive) check parameters
[4.738s] Level 1:colcon.colcon_core.package_discovery:discover_packages(ignore) check parameters
[4.738s] Level 1:colcon.colcon_core.package_discovery:discover_packages(path) check parameters
[4.738s] Level 1:colcon.colcon_core.package_discovery:discover_packages(colcon_meta) discover
[4.740s] Level 1:colcon.colcon_core.package_discovery:discover_packages(recursive) discover
[4.740s] INFO:colcon.colcon_core.package_discovery:Crawling recursively for packages in '/home/workspace/git/ros_ws/scripts/microros_ws'
[4.741s] Level 1:colcon.colcon_core.package_identification:_identify(.) by extensions ['ignore', 'ignore_ament_install']
[4.741s] Level 1:colcon.colcon_core.package_identification:_identify(.) by extension 'ignore'
[4.742s] Level 1:colcon.colcon_core.package_identification:_identify(.) by extension 'ignore_ament_install'
[4.742s] Level 1:colcon.colcon_core.package_identification:_identify(.) by extensions ['colcon_pkg']
[4.742s] Level 1:colcon.colcon_core.package_identification:_identify(.) by extension 'colcon_pkg'
[4.743s] Level 1:colcon.colcon_core.package_identification:_identify(.) by extensions ['colcon_meta']
[4.743s] Level 1:colcon.colcon_core.package_identification:_identify(.) by extension 'colcon_meta'
[4.743s] Level 1:colcon.colcon_core.package_identification:_identify(.) by extensions ['ros']
[4.743s] Level 1:colcon.colcon_core.package_identification:_identify(.) by extension 'ros'
[4.935s] Level 1:colcon.colcon_core.package_identification:_identify(.) by extensions ['cmake', 'python']
[4.936s] Level 1:colcon.colcon_core.package_identification:_identify(.) by extension 'cmake'
[4.936s] Level 1:colcon.colcon_core.package_identification:_identify(.) by extension 'python'
[4.936s] Level 1:colcon.colcon_core.package_identification:_identify(.) by extensions ['python_setup_py']
[4.937s] Level 1:colcon.colcon_core.package_identification:_identify(.) by extension 'python_setup_py'
[4.937s] Level 1:colcon.colcon_core.package_identification:_identify(build) by extensions ['ignore', 'ignore_ament_install']
[4.938s] Level 1:colcon.colcon_core.package_identification:_identify(build) by extension 'ignore'
[4.938s] Level 1:colcon.colcon_core.package_identification:_identify(build) ignored
[4.940s] Level 1:colcon.colcon_core.package_identification:_identify(install) by extensions ['ignore', 'ignore_ament_install']
[4.940s] Level 1:colcon.colcon_core.package_identification:_identify(install) by extension 'ignore'
[4.941s] Level 1:colcon.colcon_core.package_identification:_identify(install) ignored
[4.941s] Level 1:colcon.colcon_core.package_identification:_identify(log) by extensions ['ignore', 'ignore_ament_install']
[4.942s] Level 1:colcon.colcon_core.package_identification:_identify(log) by extension 'ignore'
[4.942s] Level 1:colcon.colcon_core.package_identification:_identify(log) ignored
[4.943s] Level 1:colcon.colcon_core.package_identification:_identify(src) by extensions ['ignore', 'ignore_ament_install']
[4.943s] Level 1:colcon.colcon_core.package_identification:_identify(src) by extension 'ignore'
[4.943s] Level 1:colcon.colcon_core.package_identification:_identify(src) by extension 'ignore_ament_install'
[4.944s] Level 1:colcon.colcon_core.package_identification:_identify(src) by extensions ['colcon_pkg']
[4.944s] Level 1:colcon.colcon_core.package_identification:_identify(src) by extension 'colcon_pkg'
[4.944s] Level 1:colcon.colcon_core.package_identification:_identify(src) by extensions ['colcon_meta']
[4.944s] Level 1:colcon.colcon_core.package_identification:_identify(src) by extension 'colcon_meta'
[4.945s] Level 1:colcon.colcon_core.package_identification:_identify(src) by extensions ['ros']
[4.945s] Level 1:colcon.colcon_core.package_identification:_identify(src) by extension 'ros'
[4.945s] Level 1:colcon.colcon_core.package_identification:_identify(src) by extensions ['cmake', 'python']
[4.945s] Level 1:colcon.colcon_core.package_identification:_identify(src) by extension 'cmake'
[4.946s] Level 1:colcon.colcon_core.package_identification:_identify(src) by extension 'python'
[4.946s] Level 1:colcon.colcon_core.package_identification:_identify(src) by extensions ['python_setup_py']
[4.946s] Level 1:colcon.colcon_core.package_identification:_identify(src) by extension 'python_setup_py'
[4.947s] Level 1:colcon.colcon_core.package_identification:_identify(src/micro_ros_setup) by extensions ['ignore', 'ignore_ament_install']
[4.947s] Level 1:colcon.colcon_core.package_identification:_identify(src/micro_ros_setup) by extension 'ignore'
[4.947s] Level 1:colcon.colcon_core.package_identification:_identify(src/micro_ros_setup) by extension 'ignore_ament_install'
[4.948s] Level 1:colcon.colcon_core.package_identification:_identify(src/micro_ros_setup) by extensions ['colcon_pkg']
[4.948s] Level 1:colcon.colcon_core.package_identification:_identify(src/micro_ros_setup) by extension 'colcon_pkg'
[4.948s] Level 1:colcon.colcon_core.package_identification:_identify(src/micro_ros_setup) by extensions ['colcon_meta']
[4.948s] Level 1:colcon.colcon_core.package_identification:_identify(src/micro_ros_setup) by extension 'colcon_meta'
[4.949s] Level 1:colcon.colcon_core.package_identification:_identify(src/micro_ros_setup) by extensions ['ros']
[4.949s] Level 1:colcon.colcon_core.package_identification:_identify(src/micro_ros_setup) by extension 'ros'
[4.969s] DEBUG:colcon.colcon_core.package_identification:Package 'src/micro_ros_setup' with type 'ros.ament_cmake' and name 'micro_ros_setup'
[4.970s] Level 1:colcon.colcon_core.package_discovery:discover_packages(recursive) using defaults
[4.971s] Level 1:colcon.colcon_core.package_discovery:discover_packages(ignore) discover
[4.972s] Level 1:colcon.colcon_core.package_discovery:discover_packages(ignore) using defaults
[4.972s] Level 1:colcon.colcon_core.package_discovery:discover_packages(path) discover
[4.972s] Level 1:colcon.colcon_core.package_discovery:discover_packages(path) using defaults
[5.263s] Level 5:colcon.colcon_core.verb:set package 'micro_ros_setup' build argument 'cmake_args' from command line to 'None'
[5.263s] Level 5:colcon.colcon_core.verb:set package 'micro_ros_setup' build argument 'cmake_target' from command line to 'None'
[5.264s] Level 5:colcon.colcon_core.verb:set package 'micro_ros_setup' build argument 'cmake_target_skip_unavailable' from command line to 'False'
[5.264s] Level 5:colcon.colcon_core.verb:set package 'micro_ros_setup' build argument 'cmake_clean_cache' from command line to 'False'
[5.264s] Level 5:colcon.colcon_core.verb:set package 'micro_ros_setup' build argument 'cmake_clean_first' from command line to 'False'
[5.264s] Level 5:colcon.colcon_core.verb:set package 'micro_ros_setup' build argument 'cmake_force_configure' from command line to 'False'
[5.265s] Level 5:colcon.colcon_core.verb:set package 'micro_ros_setup' build argument 'ament_cmake_args' from command line to 'None'
[5.265s] Level 5:colcon.colcon_core.verb:set package 'micro_ros_setup' build argument 'catkin_cmake_args' from command line to 'None'
[5.265s] Level 5:colcon.colcon_core.verb:set package 'micro_ros_setup' build argument 'catkin_skip_building_tests' from command line to 'False'
[5.265s] DEBUG:colcon.colcon_core.verb:Building package 'micro_ros_setup' with the following arguments: {'ament_cmake_args': None, 'build_base': '/home/workspace/git/ros_ws/scripts/microros_ws/build/micro_ros_setup', 'catkin_cmake_args': None, 'catkin_skip_building_tests': False, 'cmake_args': None, 'cmake_clean_cache': False, 'cmake_clean_first': False, 'cmake_force_configure': False, 'cmake_target': None, 'cmake_target_skip_unavailable': False, 'install_base': '/home/workspace/git/ros_ws/scripts/microros_ws/install/micro_ros_setup', 'merge_install': False, 'path': '/home/workspace/git/ros_ws/scripts/microros_ws/src/micro_ros_setup', 'symlink_install': False, 'test_result_base': None}
[5.282s] INFO:colcon.colcon_core.executor:Executing jobs using 'parallel' executor
[5.379s] DEBUG:colcon.colcon_parallel_executor.executor.parallel:run_until_complete
[5.381s] INFO:colcon.colcon_ros.task.ament_cmake.build:Building ROS package in '/home/workspace/git/ros_ws/scripts/microros_ws/src/micro_ros_setup' with build type 'ament_cmake'
[5.382s] INFO:colcon.colcon_cmake.task.cmake.build:Building CMake package in '/home/workspace/git/ros_ws/scripts/microros_ws/src/micro_ros_setup'
[5.475s] INFO:colcon.colcon_core.plugin_system:Skipping extension 'colcon_core.shell.bat': Not used on non-Windows systems
[5.477s] INFO:colcon.colcon_core.shell:Skip shell extension 'powershell' for command environment: Not usable outside of PowerShell
[5.479s] DEBUG:colcon.colcon_core.shell:Skip shell extension 'dsv' for command environment
[5.609s] DEBUG:colcon.colcon_core.event_handler.log_command:Invoking command in '/home/workspace/git/ros_ws/scripts/microros_ws/build/micro_ros_setup': /usr/local/bin/cmake /home/workspace/git/ros_ws/scripts/microros_ws/src/micro_ros_setup -DCMAKE_INSTALL_PREFIX=/home/workspace/git/ros_ws/scripts/microros_ws/install/micro_ros_setup
[13.818s] DEBUG:colcon.colcon_core.event_handler.log_command:Invoked command in '/home/workspace/git/ros_ws/scripts/microros_ws/build/micro_ros_setup' returned '0': /usr/local/bin/cmake /home/workspace/git/ros_ws/scripts/microros_ws/src/micro_ros_setup -DCMAKE_INSTALL_PREFIX=/home/workspace/git/ros_ws/scripts/microros_ws/install/micro_ros_setup
[13.833s] DEBUG:colcon.colcon_core.event_handler.log_command:Invoking command in '/home/workspace/git/ros_ws/scripts/microros_ws/build/micro_ros_setup': /usr/local/bin/cmake --build /home/workspace/git/ros_ws/scripts/microros_ws/build/micro_ros_setup -- -j4 -l4
[14.126s] DEBUG:colcon.colcon_core.event_handler.log_command:Invoked command in '/home/workspace/git/ros_ws/scripts/microros_ws/build/micro_ros_setup' returned '0': /usr/local/bin/cmake --build /home/workspace/git/ros_ws/scripts/microros_ws/build/micro_ros_setup -- -j4 -l4
[14.556s] DEBUG:colcon.colcon_core.event_handler.log_command:Invoking command in '/home/workspace/git/ros_ws/scripts/microros_ws/build/micro_ros_setup': /usr/local/bin/cmake --install /home/workspace/git/ros_ws/scripts/microros_ws/build/micro_ros_setup
[15.116s] Level 1:colcon.colcon_core.environment:create_environment_scripts_only(micro_ros_setup)
[15.134s] DEBUG:colcon.colcon_core.event_handler.log_command:Invoked command in '/home/workspace/git/ros_ws/scripts/microros_ws/build/micro_ros_setup' returned '0': /usr/local/bin/cmake --install /home/workspace/git/ros_ws/scripts/microros_ws/build/micro_ros_setup
[15.255s] Level 1:colcon.colcon_core.environment:checking '/home/workspace/git/ros_ws/scripts/microros_ws/install/micro_ros_setup' for CMake module files
[15.260s] Level 1:colcon.colcon_core.environment:checking '/home/workspace/git/ros_ws/scripts/microros_ws/install/micro_ros_setup' for CMake config files
[15.270s] Level 1:colcon.colcon_core.shell:create_environment_hook('micro_ros_setup', 'cmake_prefix_path')
[15.348s] INFO:colcon.colcon_core.shell:Creating environment hook '/home/workspace/git/ros_ws/scripts/microros_ws/install/micro_ros_setup/share/micro_ros_setup/hook/cmake_prefix_path.ps1'
[15.353s] INFO:colcon.colcon_core.shell:Creating environment descriptor '/home/workspace/git/ros_ws/scripts/microros_ws/install/micro_ros_setup/share/micro_ros_setup/hook/cmake_prefix_path.dsv'
[15.358s] INFO:colcon.colcon_core.shell:Creating environment hook '/home/workspace/git/ros_ws/scripts/microros_ws/install/micro_ros_setup/share/micro_ros_setup/hook/cmake_prefix_path.sh'
[15.369s] Level 1:colcon.colcon_core.environment:checking '/home/workspace/git/ros_ws/scripts/microros_ws/install/micro_ros_setup/lib'
[15.370s] Level 1:colcon.colcon_core.environment:checking '/home/workspace/git/ros_ws/scripts/microros_ws/install/micro_ros_setup/bin'
[15.371s] Level 1:colcon.colcon_core.environment:checking '/home/workspace/git/ros_ws/scripts/microros_ws/install/micro_ros_setup/lib/pkgconfig/micro_ros_setup.pc'
[15.372s] Level 1:colcon.colcon_core.environment:checking '/home/workspace/git/ros_ws/scripts/microros_ws/install/micro_ros_setup/lib/python3.6/site-packages'
[15.373s] Level 1:colcon.colcon_core.environment:checking '/home/workspace/git/ros_ws/scripts/microros_ws/install/micro_ros_setup/bin'
[15.435s] INFO:colcon.colcon_core.shell:Creating package script '/home/workspace/git/ros_ws/scripts/microros_ws/install/micro_ros_setup/share/micro_ros_setup/package.ps1'
[15.444s] INFO:colcon.colcon_core.shell:Creating package descriptor '/home/workspace/git/ros_ws/scripts/microros_ws/install/micro_ros_setup/share/micro_ros_setup/package.dsv'
[15.448s] INFO:colcon.colcon_core.shell:Creating package script '/home/workspace/git/ros_ws/scripts/microros_ws/install/micro_ros_setup/share/micro_ros_setup/package.sh'
[15.457s] INFO:colcon.colcon_core.shell:Creating package script '/home/workspace/git/ros_ws/scripts/microros_ws/install/micro_ros_setup/share/micro_ros_setup/package.bash'
[15.469s] INFO:colcon.colcon_core.shell:Creating package script '/home/workspace/git/ros_ws/scripts/microros_ws/install/micro_ros_setup/share/micro_ros_setup/package.zsh'
[15.476s] Level 1:colcon.colcon_core.environment:create_file_with_runtime_dependencies(/home/workspace/git/ros_ws/scripts/microros_ws/install/micro_ros_setup/share/colcon-core/packages/micro_ros_setup)
[15.816s] Level 1:colcon.colcon_core.environment:create_environment_scripts_only(micro_ros_setup)
[15.914s] Level 1:colcon.colcon_core.environment:checking '/home/workspace/git/ros_ws/scripts/microros_ws/install/micro_ros_setup' for CMake module files
[15.919s] Level 1:colcon.colcon_core.environment:checking '/home/workspace/git/ros_ws/scripts/microros_ws/install/micro_ros_setup' for CMake config files
[15.926s] Level 1:colcon.colcon_core.shell:create_environment_hook('micro_ros_setup', 'cmake_prefix_path')
[15.989s] INFO:colcon.colcon_core.shell:Creating environment hook '/home/workspace/git/ros_ws/scripts/microros_ws/install/micro_ros_setup/share/micro_ros_setup/hook/cmake_prefix_path.ps1'
[15.994s] INFO:colcon.colcon_core.shell:Creating environment descriptor '/home/workspace/git/ros_ws/scripts/microros_ws/install/micro_ros_setup/share/micro_ros_setup/hook/cmake_prefix_path.dsv'
[15.997s] INFO:colcon.colcon_core.shell:Creating environment hook '/home/workspace/git/ros_ws/scripts/microros_ws/install/micro_ros_setup/share/micro_ros_setup/hook/cmake_prefix_path.sh'
[16.003s] Level 1:colcon.colcon_core.environment:checking '/home/workspace/git/ros_ws/scripts/microros_ws/install/micro_ros_setup/lib'
[16.004s] Level 1:colcon.colcon_core.environment:checking '/home/workspace/git/ros_ws/scripts/microros_ws/install/micro_ros_setup/bin'
[16.005s] Level 1:colcon.colcon_core.environment:checking '/home/workspace/git/ros_ws/scripts/microros_ws/install/micro_ros_setup/lib/pkgconfig/micro_ros_setup.pc'
[16.007s] Level 1:colcon.colcon_core.environment:checking '/home/workspace/git/ros_ws/scripts/microros_ws/install/micro_ros_setup/lib/python3.6/site-packages'
[16.008s] Level 1:colcon.colcon_core.environment:checking '/home/workspace/git/ros_ws/scripts/microros_ws/install/micro_ros_setup/bin'
[16.070s] INFO:colcon.colcon_core.shell:Creating package script '/home/workspace/git/ros_ws/scripts/microros_ws/install/micro_ros_setup/share/micro_ros_setup/package.ps1'
[16.083s] INFO:colcon.colcon_core.shell:Creating package descriptor '/home/workspace/git/ros_ws/scripts/microros_ws/install/micro_ros_setup/share/micro_ros_setup/package.dsv'
[16.088s] INFO:colcon.colcon_core.shell:Creating package script '/home/workspace/git/ros_ws/scripts/microros_ws/install/micro_ros_setup/share/micro_ros_setup/package.sh'
[16.092s] INFO:colcon.colcon_core.shell:Creating package script '/home/workspace/git/ros_ws/scripts/microros_ws/install/micro_ros_setup/share/micro_ros_setup/package.bash'
[16.098s] INFO:colcon.colcon_core.shell:Creating package script '/home/workspace/git/ros_ws/scripts/microros_ws/install/micro_ros_setup/share/micro_ros_setup/package.zsh'
[16.103s] Level 1:colcon.colcon_core.environment:create_file_with_runtime_dependencies(/home/workspace/git/ros_ws/scripts/microros_ws/install/micro_ros_setup/share/colcon-core/packages/micro_ros_setup)
[16.106s] DEBUG:colcon.colcon_parallel_executor.executor.parallel:closing loop
[16.109s] DEBUG:colcon.colcon_parallel_executor.executor.parallel:loop closed
[16.110s] DEBUG:colcon.colcon_parallel_executor.executor.parallel:run_until_complete finished with '0'
[16.114s] DEBUG:colcon.colcon_core.event_reactor:joining thread
[16.180s] INFO:colcon.colcon_core.plugin_system:Skipping extension 'colcon_notification.desktop_notification.notify_send': Could not find 'notify-send'
[16.180s] INFO:colcon.colcon_core.plugin_system:Skipping extension 'colcon_notification.desktop_notification.terminal_notifier': Not used on non-Darwin systems
[16.181s] INFO:colcon.colcon_core.plugin_system:Skipping extension 'colcon_notification.desktop_notification.win32': Not used on non-Windows systems
[16.181s] INFO:colcon.colcon_notification.desktop_notification:Sending desktop notification using 'notify2'
[16.182s] DEBUG:colcon.colcon_notification.desktop_notification.notify2:Failed to initialize notify2: org.freedesktop.DBus.Error.InvalidFileContent: D-Bus library appears to be incorrectly set up: see the manual page for dbus-uuidgen to correct this issue. (Failed to open "/var/lib/dbus/machine-id": No such file or directory; UUID file '/etc/machine-id' should contain a hex string of length 32, not length 0, with no other text)
[16.183s] DEBUG:colcon.colcon_core.event_reactor:joined thread
[16.254s] INFO:colcon.colcon_core.shell:Creating prefix script '/home/workspace/git/ros_ws/scripts/microros_ws/install/local_setup.ps1'
[16.265s] INFO:colcon.colcon_core.shell:Creating prefix util module '/home/workspace/git/ros_ws/scripts/microros_ws/install/_local_setup_util_ps1.py'
[16.283s] INFO:colcon.colcon_core.shell:Creating prefix chain script '/home/workspace/git/ros_ws/scripts/microros_ws/install/setup.ps1'
[16.302s] INFO:colcon.colcon_core.shell:Creating prefix script '/home/workspace/git/ros_ws/scripts/microros_ws/install/local_setup.sh'
[16.307s] INFO:colcon.colcon_core.shell:Creating prefix util module '/home/workspace/git/ros_ws/scripts/microros_ws/install/_local_setup_util_sh.py'
[16.311s] INFO:colcon.colcon_core.shell:Creating prefix chain script '/home/workspace/git/ros_ws/scripts/microros_ws/install/setup.sh'
[16.344s] INFO:colcon.colcon_core.shell:Creating prefix script '/home/workspace/git/ros_ws/scripts/microros_ws/install/local_setup.bash'
[16.352s] INFO:colcon.colcon_core.shell:Creating prefix chain script '/home/workspace/git/ros_ws/scripts/microros_ws/install/setup.bash'
[16.375s] INFO:colcon.colcon_core.shell:Creating prefix script '/home/workspace/git/ros_ws/scripts/microros_ws/install/local_setup.zsh'
[16.380s] INFO:colcon.colcon_core.shell:Creating prefix chain script '/home/workspace/git/ros_ws/scripts/microros_ws/install/setup.zsh'
