[0.766s] Invoking command in '/home/amruth/Documents/git/ros_ws/WS/src/py_pubsub': PYTHONPATH=/home/amruth/Documents/git/ros_ws/WS/build/py_pubsub/prefix_override:/home/amruth/Documents/git/ros_ws/WS/install/py_pubsub/lib/python3.10/site-packages:${PYTHONPATH} /usr/bin/python3 setup.py egg_info --egg-base ../../build/py_pubsub build --build-base /home/amruth/Documents/git/ros_ws/WS/build/py_pubsub/build install --record /home/amruth/Documents/git/ros_ws/WS/build/py_pubsub/install.log --single-version-externally-managed
[0.975s] running egg_info
[0.975s] writing ../../build/py_pubsub/py_pubsub.egg-info/PKG-INFO
[0.975s] writing dependency_links to ../../build/py_pubsub/py_pubsub.egg-info/dependency_links.txt
[0.975s] writing entry points to ../../build/py_pubsub/py_pubsub.egg-info/entry_points.txt
[0.976s] writing requirements to ../../build/py_pubsub/py_pubsub.egg-info/requires.txt
[0.976s] writing top-level names to ../../build/py_pubsub/py_pubsub.egg-info/top_level.txt
[0.978s] reading manifest file '../../build/py_pubsub/py_pubsub.egg-info/SOURCES.txt'
[0.978s] adding license file 'LICENSE'
[0.978s] writing manifest file '../../build/py_pubsub/py_pubsub.egg-info/SOURCES.txt'
[0.979s] running build
[0.979s] running build_py
[0.979s] copying py_pubsub/subscriber_member_function.py -> /home/amruth/Documents/git/ros_ws/WS/build/py_pubsub/build/lib/py_pubsub
[0.979s] running install
[0.979s] /usr/lib/python3/dist-packages/setuptools/command/install.py:34: SetuptoolsDeprecationWarning: setup.py install is deprecated. Use build and pip and other standards-based tools.
[0.980s]   warnings.warn(
[0.980s] running install_lib
[0.980s] copying /home/amruth/Documents/git/ros_ws/WS/build/py_pubsub/build/lib/py_pubsub/subscriber_member_function.py -> /home/amruth/Documents/git/ros_ws/WS/install/py_pubsub/lib/python3.10/site-packages/py_pubsub
[0.980s] byte-compiling /home/amruth/Documents/git/ros_ws/WS/install/py_pubsub/lib/python3.10/site-packages/py_pubsub/subscriber_member_function.py to subscriber_member_function.cpython-310.pyc
[0.981s] running install_data
[0.981s] running install_egg_info
[0.983s] removing '/home/amruth/Documents/git/ros_ws/WS/install/py_pubsub/lib/python3.10/site-packages/py_pubsub-0.0.0-py3.10.egg-info' (and everything under it)
[0.983s] Copying ../../build/py_pubsub/py_pubsub.egg-info to /home/amruth/Documents/git/ros_ws/WS/install/py_pubsub/lib/python3.10/site-packages/py_pubsub-0.0.0-py3.10.egg-info
[0.983s] running install_scripts
[1.000s] Installing TVanchor script to /home/amruth/Documents/git/ros_ws/WS/install/py_pubsub/lib/py_pubsub
[1.000s] Installing TVaudience script to /home/amruth/Documents/git/ros_ws/WS/install/py_pubsub/lib/py_pubsub
[1.000s] writing list of installed files to '/home/amruth/Documents/git/ros_ws/WS/build/py_pubsub/install.log'
[1.028s] Invoked command in '/home/amruth/Documents/git/ros_ws/WS/src/py_pubsub' returned '0': PYTHONPATH=/home/amruth/Documents/git/ros_ws/WS/build/py_pubsub/prefix_override:/home/amruth/Documents/git/ros_ws/WS/install/py_pubsub/lib/python3.10/site-packages:${PYTHONPATH} /usr/bin/python3 setup.py egg_info --egg-base ../../build/py_pubsub build --build-base /home/amruth/Documents/git/ros_ws/WS/build/py_pubsub/build install --record /home/amruth/Documents/git/ros_ws/WS/build/py_pubsub/install.log --single-version-externally-managed
