[  1%] Built target tutorial_interfaces_cpp__cpp
[  1%] Built target ament_cmake_python_copy_tutorial_interfaces_cpp
[ 10%] Built target tutorial_interfaces_cpp__rosidl_generator_c
[ 27%] Built target tutorial_interfaces_cpp__rosidl_typesupport_introspection_cpp
[ 27%] Built target tutorial_interfaces_cpp__rosidl_typesupport_cpp
[ 35%] Built target tutorial_interfaces_cpp__rosidl_typesupport_fastrtps_cpp
[ 44%] Built target tutorial_interfaces_cpp__rosidl_typesupport_microxrcedds_cpp
[ 61%] Built target tutorial_interfaces_cpp__rosidl_typesupport_fastrtps_c
[ 61%] Built target tutorial_interfaces_cpp__rosidl_typesupport_c
[ 69%] Built target tutorial_interfaces_cpp__rosidl_typesupport_microxrcedds_c
[ 77%] Built target tutorial_interfaces_cpp__rosidl_typesupport_introspection_c
[ 77%] Built target tutorial_interfaces_cpp
[ 79%] [34m[1mGenerating Python code for ROS interfaces[0m
running egg_info
writing tutorial_interfaces_cpp.egg-info/PKG-INFO
writing dependency_links to tutorial_interfaces_cpp.egg-info/dependency_links.txt
writing top-level names to tutorial_interfaces_cpp.egg-info/top_level.txt
reading manifest file 'tutorial_interfaces_cpp.egg-info/SOURCES.txt'
writing manifest file 'tutorial_interfaces_cpp.egg-info/SOURCES.txt'
[ 79%] Built target ament_cmake_python_build_tutorial_interfaces_cpp_egg
[ 79%] Built target tutorial_interfaces_cpp__py
[ 83%] [32mBuilding C object CMakeFiles/tutorial_interfaces_cpp__rosidl_generator_py.dir/rosidl_generator_py/tutorial_interfaces_cpp/msg/_sphere_s.c.o[0m
[ 83%] [32mBuilding C object CMakeFiles/tutorial_interfaces_cpp__rosidl_generator_py.dir/rosidl_generator_py/tutorial_interfaces_cpp/msg/_num_s.c.o[0m
[ 84%] [32mBuilding C object CMakeFiles/tutorial_interfaces_cpp__rosidl_generator_py.dir/rosidl_generator_py/tutorial_interfaces_cpp/srv/_add_three_ints_s.c.o[0m
[ 86%] [32m[1mLinking C shared library rosidl_generator_py/tutorial_interfaces_cpp/libtutorial_interfaces_cpp__rosidl_generator_py.so[0m
[ 86%] Built target tutorial_interfaces_cpp__rosidl_generator_py
[ 93%] [32mBuilding C object CMakeFiles/tutorial_interfaces_cpp__rosidl_typesupport_introspection_c__pyext.dir/rosidl_generator_py/tutorial_interfaces_cpp/_tutorial_interfaces_cpp_s.ep.rosidl_typesupport_introspection_c.c.o[0m
[ 93%] [32mBuilding C object CMakeFiles/tutorial_interfaces_cpp__rosidl_typesupport_microxrcedds_c__pyext.dir/rosidl_generator_py/tutorial_interfaces_cpp/_tutorial_interfaces_cpp_s.ep.rosidl_typesupport_microxrcedds_c.c.o[0m
[ 93%] [32mBuilding C object CMakeFiles/tutorial_interfaces_cpp__rosidl_typesupport_fastrtps_c__pyext.dir/rosidl_generator_py/tutorial_interfaces_cpp/_tutorial_interfaces_cpp_s.ep.rosidl_typesupport_fastrtps_c.c.o[0m
[ 93%] [32mBuilding C object CMakeFiles/tutorial_interfaces_cpp__rosidl_typesupport_c__pyext.dir/rosidl_generator_py/tutorial_interfaces_cpp/_tutorial_interfaces_cpp_s.ep.rosidl_typesupport_c.c.o[0m
[ 96%] [32m[1mLinking C shared library rosidl_generator_py/tutorial_interfaces_cpp/tutorial_interfaces_cpp_s__rosidl_typesupport_fastrtps_c.cpython-311-x86_64-linux-gnu.so[0m
[ 96%] [32m[1mLinking C shared library rosidl_generator_py/tutorial_interfaces_cpp/tutorial_interfaces_cpp_s__rosidl_typesupport_c.cpython-311-x86_64-linux-gnu.so[0m
[ 98%] [32m[1mLinking C shared library rosidl_generator_py/tutorial_interfaces_cpp/tutorial_interfaces_cpp_s__rosidl_typesupport_introspection_c.cpython-311-x86_64-linux-gnu.so[0m
[100%] [32m[1mLinking C shared library rosidl_generator_py/tutorial_interfaces_cpp/tutorial_interfaces_cpp_s__rosidl_typesupport_microxrcedds_c.cpython-311-x86_64-linux-gnu.so[0m
[100%] Built target tutorial_interfaces_cpp__rosidl_typesupport_c__pyext
[100%] Built target tutorial_interfaces_cpp__rosidl_typesupport_fastrtps_c__pyext
[100%] Built target tutorial_interfaces_cpp__rosidl_typesupport_introspection_c__pyext
[100%] Built target tutorial_interfaces_cpp__rosidl_typesupport_microxrcedds_c__pyext
-- Install configuration: ""
-- Installing: /home/amruth/Documents/git/ros_ws/WS/install/tutorial_interfaces_cpp/share/ament_index/resource_index/rosidl_interfaces/tutorial_interfaces_cpp
-- Installing: /home/amruth/Documents/git/ros_ws/WS/install/tutorial_interfaces_cpp/include/tutorial_interfaces_cpp/tutorial_interfaces_cpp
-- Installing: /home/amruth/Documents/git/ros_ws/WS/install/tutorial_interfaces_cpp/include/tutorial_interfaces_cpp/tutorial_interfaces_cpp/msg
-- Installing: /home/amruth/Documents/git/ros_ws/WS/install/tutorial_interfaces_cpp/include/tutorial_interfaces_cpp/tutorial_interfaces_cpp/msg/num.h
-- Installing: /home/amruth/Documents/git/ros_ws/WS/install/tutorial_interfaces_cpp/include/tutorial_interfaces_cpp/tutorial_interfaces_cpp/msg/rosidl_generator_c__visibility_control.h
-- Installing: /home/amruth/Documents/git/ros_ws/WS/install/tutorial_interfaces_cpp/include/tutorial_interfaces_cpp/tutorial_interfaces_cpp/msg/sphere.h
-- Installing: /home/amruth/Documents/git/ros_ws/WS/install/tutorial_interfaces_cpp/include/tutorial_interfaces_cpp/tutorial_interfaces_cpp/msg/detail
-- Installing: /home/amruth/Documents/git/ros_ws/WS/install/tutorial_interfaces_cpp/include/tutorial_interfaces_cpp/tutorial_interfaces_cpp/msg/detail/sphere__type_support.h
-- Installing: /home/amruth/Documents/git/ros_ws/WS/install/tutorial_interfaces_cpp/include/tutorial_interfaces_cpp/tutorial_interfaces_cpp/msg/detail/sphere__struct.h
-- Installing: /home/amruth/Documents/git/ros_ws/WS/install/tutorial_interfaces_cpp/include/tutorial_interfaces_cpp/tutorial_interfaces_cpp/msg/detail/sphere__functions.c
-- Installing: /home/amruth/Documents/git/ros_ws/WS/install/tutorial_interfaces_cpp/include/tutorial_interfaces_cpp/tutorial_interfaces_cpp/msg/detail/num__functions.c
-- Installing: /home/amruth/Documents/git/ros_ws/WS/install/tutorial_interfaces_cpp/include/tutorial_interfaces_cpp/tutorial_interfaces_cpp/msg/detail/sphere__functions.h
-- Installing: /home/amruth/Documents/git/ros_ws/WS/install/tutorial_interfaces_cpp/include/tutorial_interfaces_cpp/tutorial_interfaces_cpp/msg/detail/num__functions.h
-- Installing: /home/amruth/Documents/git/ros_ws/WS/install/tutorial_interfaces_cpp/include/tutorial_interfaces_cpp/tutorial_interfaces_cpp/msg/detail/num__struct.h
-- Installing: /home/amruth/Documents/git/ros_ws/WS/install/tutorial_interfaces_cpp/include/tutorial_interfaces_cpp/tutorial_interfaces_cpp/msg/detail/num__type_support.h
-- Installing: /home/amruth/Documents/git/ros_ws/WS/install/tutorial_interfaces_cpp/include/tutorial_interfaces_cpp/tutorial_interfaces_cpp/srv
-- Installing: /home/amruth/Documents/git/ros_ws/WS/install/tutorial_interfaces_cpp/include/tutorial_interfaces_cpp/tutorial_interfaces_cpp/srv/detail
-- Installing: /home/amruth/Documents/git/ros_ws/WS/install/tutorial_interfaces_cpp/include/tutorial_interfaces_cpp/tutorial_interfaces_cpp/srv/detail/add_three_ints__type_support.h
-- Installing: /home/amruth/Documents/git/ros_ws/WS/install/tutorial_interfaces_cpp/include/tutorial_interfaces_cpp/tutorial_interfaces_cpp/srv/detail/add_three_ints__functions.c
-- Installing: /home/amruth/Documents/git/ros_ws/WS/install/tutorial_interfaces_cpp/include/tutorial_interfaces_cpp/tutorial_interfaces_cpp/srv/detail/add_three_ints__functions.h
-- Installing: /home/amruth/Documents/git/ros_ws/WS/install/tutorial_interfaces_cpp/include/tutorial_interfaces_cpp/tutorial_interfaces_cpp/srv/detail/add_three_ints__struct.h
-- Installing: /home/amruth/Documents/git/ros_ws/WS/install/tutorial_interfaces_cpp/include/tutorial_interfaces_cpp/tutorial_interfaces_cpp/srv/add_three_ints.h
-- Installing: /home/amruth/Documents/git/ros_ws/WS/install/tutorial_interfaces_cpp/share/tutorial_interfaces_cpp/environment/library_path.sh
-- Installing: /home/amruth/Documents/git/ros_ws/WS/install/tutorial_interfaces_cpp/share/tutorial_interfaces_cpp/environment/library_path.dsv
-- Installing: /home/amruth/Documents/git/ros_ws/WS/install/tutorial_interfaces_cpp/lib/libtutorial_interfaces_cpp__rosidl_generator_c.so
-- Set runtime path of "/home/amruth/Documents/git/ros_ws/WS/install/tutorial_interfaces_cpp/lib/libtutorial_interfaces_cpp__rosidl_generator_c.so" to ""
-- Up-to-date: /home/amruth/Documents/git/ros_ws/WS/install/tutorial_interfaces_cpp/include/tutorial_interfaces_cpp/tutorial_interfaces_cpp
-- Up-to-date: /home/amruth/Documents/git/ros_ws/WS/install/tutorial_interfaces_cpp/include/tutorial_interfaces_cpp/tutorial_interfaces_cpp/msg
-- Installing: /home/amruth/Documents/git/ros_ws/WS/install/tutorial_interfaces_cpp/include/tutorial_interfaces_cpp/tutorial_interfaces_cpp/msg/rosidl_typesupport_fastrtps_c__visibility_control.h
-- Up-to-date: /home/amruth/Documents/git/ros_ws/WS/install/tutorial_interfaces_cpp/include/tutorial_interfaces_cpp/tutorial_interfaces_cpp/msg/detail
-- Installing: /home/amruth/Documents/git/ros_ws/WS/install/tutorial_interfaces_cpp/include/tutorial_interfaces_cpp/tutorial_interfaces_cpp/msg/detail/sphere__rosidl_typesupport_fastrtps_c.h
-- Installing: /home/amruth/Documents/git/ros_ws/WS/install/tutorial_interfaces_cpp/include/tutorial_interfaces_cpp/tutorial_interfaces_cpp/msg/detail/num__rosidl_typesupport_fastrtps_c.h
-- Up-to-date: /home/amruth/Documents/git/ros_ws/WS/install/tutorial_interfaces_cpp/include/tutorial_interfaces_cpp/tutorial_interfaces_cpp/srv
-- Up-to-date: /home/amruth/Documents/git/ros_ws/WS/install/tutorial_interfaces_cpp/include/tutorial_interfaces_cpp/tutorial_interfaces_cpp/srv/detail
-- Installing: /home/amruth/Documents/git/ros_ws/WS/install/tutorial_interfaces_cpp/include/tutorial_interfaces_cpp/tutorial_interfaces_cpp/srv/detail/add_three_ints__rosidl_typesupport_fastrtps_c.h
-- Installing: /home/amruth/Documents/git/ros_ws/WS/install/tutorial_interfaces_cpp/lib/libtutorial_interfaces_cpp__rosidl_typesupport_fastrtps_c.so
-- Set runtime path of "/home/amruth/Documents/git/ros_ws/WS/install/tutorial_interfaces_cpp/lib/libtutorial_interfaces_cpp__rosidl_typesupport_fastrtps_c.so" to ""
-- Up-to-date: /home/amruth/Documents/git/ros_ws/WS/install/tutorial_interfaces_cpp/include/tutorial_interfaces_cpp/tutorial_interfaces_cpp
-- Up-to-date: /home/amruth/Documents/git/ros_ws/WS/install/tutorial_interfaces_cpp/include/tutorial_interfaces_cpp/tutorial_interfaces_cpp/msg
-- Installing: /home/amruth/Documents/git/ros_ws/WS/install/tutorial_interfaces_cpp/include/tutorial_interfaces_cpp/tutorial_interfaces_cpp/msg/num.hpp
-- Installing: /home/amruth/Documents/git/ros_ws/WS/install/tutorial_interfaces_cpp/include/tutorial_interfaces_cpp/tutorial_interfaces_cpp/msg/sphere.hpp
-- Up-to-date: /home/amruth/Documents/git/ros_ws/WS/install/tutorial_interfaces_cpp/include/tutorial_interfaces_cpp/tutorial_interfaces_cpp/msg/detail
-- Installing: /home/amruth/Documents/git/ros_ws/WS/install/tutorial_interfaces_cpp/include/tutorial_interfaces_cpp/tutorial_interfaces_cpp/msg/detail/num__traits.hpp
-- Installing: /home/amruth/Documents/git/ros_ws/WS/install/tutorial_interfaces_cpp/include/tutorial_interfaces_cpp/tutorial_interfaces_cpp/msg/detail/sphere__builder.hpp
-- Installing: /home/amruth/Documents/git/ros_ws/WS/install/tutorial_interfaces_cpp/include/tutorial_interfaces_cpp/tutorial_interfaces_cpp/msg/detail/sphere__traits.hpp
-- Installing: /home/amruth/Documents/git/ros_ws/WS/install/tutorial_interfaces_cpp/include/tutorial_interfaces_cpp/tutorial_interfaces_cpp/msg/detail/num__builder.hpp
-- Installing: /home/amruth/Documents/git/ros_ws/WS/install/tutorial_interfaces_cpp/include/tutorial_interfaces_cpp/tutorial_interfaces_cpp/msg/detail/sphere__struct.hpp
-- Installing: /home/amruth/Documents/git/ros_ws/WS/install/tutorial_interfaces_cpp/include/tutorial_interfaces_cpp/tutorial_interfaces_cpp/msg/detail/num__struct.hpp
-- Up-to-date: /home/amruth/Documents/git/ros_ws/WS/install/tutorial_interfaces_cpp/include/tutorial_interfaces_cpp/tutorial_interfaces_cpp/srv
-- Installing: /home/amruth/Documents/git/ros_ws/WS/install/tutorial_interfaces_cpp/include/tutorial_interfaces_cpp/tutorial_interfaces_cpp/srv/add_three_ints.hpp
-- Up-to-date: /home/amruth/Documents/git/ros_ws/WS/install/tutorial_interfaces_cpp/include/tutorial_interfaces_cpp/tutorial_interfaces_cpp/srv/detail
-- Installing: /home/amruth/Documents/git/ros_ws/WS/install/tutorial_interfaces_cpp/include/tutorial_interfaces_cpp/tutorial_interfaces_cpp/srv/detail/add_three_ints__traits.hpp
-- Installing: /home/amruth/Documents/git/ros_ws/WS/install/tutorial_interfaces_cpp/include/tutorial_interfaces_cpp/tutorial_interfaces_cpp/srv/detail/add_three_ints__builder.hpp
-- Installing: /home/amruth/Documents/git/ros_ws/WS/install/tutorial_interfaces_cpp/include/tutorial_interfaces_cpp/tutorial_interfaces_cpp/srv/detail/add_three_ints__struct.hpp
-- Up-to-date: /home/amruth/Documents/git/ros_ws/WS/install/tutorial_interfaces_cpp/include/tutorial_interfaces_cpp/tutorial_interfaces_cpp
-- Up-to-date: /home/amruth/Documents/git/ros_ws/WS/install/tutorial_interfaces_cpp/include/tutorial_interfaces_cpp/tutorial_interfaces_cpp/msg
-- Installing: /home/amruth/Documents/git/ros_ws/WS/install/tutorial_interfaces_cpp/include/tutorial_interfaces_cpp/tutorial_interfaces_cpp/msg/rosidl_typesupport_fastrtps_cpp__visibility_control.h
-- Up-to-date: /home/amruth/Documents/git/ros_ws/WS/install/tutorial_interfaces_cpp/include/tutorial_interfaces_cpp/tutorial_interfaces_cpp/msg/detail
-- Installing: /home/amruth/Documents/git/ros_ws/WS/install/tutorial_interfaces_cpp/include/tutorial_interfaces_cpp/tutorial_interfaces_cpp/msg/detail/num__rosidl_typesupport_fastrtps_cpp.hpp
-- Installing: /home/amruth/Documents/git/ros_ws/WS/install/tutorial_interfaces_cpp/include/tutorial_interfaces_cpp/tutorial_interfaces_cpp/msg/detail/sphere__rosidl_typesupport_fastrtps_cpp.hpp
-- Installing: /home/amruth/Documents/git/ros_ws/WS/install/tutorial_interfaces_cpp/include/tutorial_interfaces_cpp/tutorial_interfaces_cpp/msg/detail/dds_fastrtps
-- Up-to-date: /home/amruth/Documents/git/ros_ws/WS/install/tutorial_interfaces_cpp/include/tutorial_interfaces_cpp/tutorial_interfaces_cpp/srv
-- Up-to-date: /home/amruth/Documents/git/ros_ws/WS/install/tutorial_interfaces_cpp/include/tutorial_interfaces_cpp/tutorial_interfaces_cpp/srv/detail
-- Installing: /home/amruth/Documents/git/ros_ws/WS/install/tutorial_interfaces_cpp/include/tutorial_interfaces_cpp/tutorial_interfaces_cpp/srv/detail/add_three_ints__rosidl_typesupport_fastrtps_cpp.hpp
-- Installing: /home/amruth/Documents/git/ros_ws/WS/install/tutorial_interfaces_cpp/include/tutorial_interfaces_cpp/tutorial_interfaces_cpp/srv/detail/dds_fastrtps
-- Installing: /home/amruth/Documents/git/ros_ws/WS/install/tutorial_interfaces_cpp/lib/libtutorial_interfaces_cpp__rosidl_typesupport_fastrtps_cpp.so
-- Set runtime path of "/home/amruth/Documents/git/ros_ws/WS/install/tutorial_interfaces_cpp/lib/libtutorial_interfaces_cpp__rosidl_typesupport_fastrtps_cpp.so" to ""
-- Up-to-date: /home/amruth/Documents/git/ros_ws/WS/install/tutorial_interfaces_cpp/include/tutorial_interfaces_cpp
-- Installing: /home/amruth/Documents/git/ros_ws/WS/install/tutorial_interfaces_cpp/include/tutorial_interfaces_cpp/msg
-- Installing: /home/amruth/Documents/git/ros_ws/WS/install/tutorial_interfaces_cpp/include/tutorial_interfaces_cpp/msg/rosidl_typesupport_microxrcedds_c__visibility_control.h
-- Installing: /home/amruth/Documents/git/ros_ws/WS/install/tutorial_interfaces_cpp/include/tutorial_interfaces_cpp/msg/detail
-- Installing: /home/amruth/Documents/git/ros_ws/WS/install/tutorial_interfaces_cpp/include/tutorial_interfaces_cpp/msg/detail/sphere__rosidl_typesupport_microxrcedds_c.h
-- Installing: /home/amruth/Documents/git/ros_ws/WS/install/tutorial_interfaces_cpp/include/tutorial_interfaces_cpp/msg/detail/num__rosidl_typesupport_microxrcedds_c.h
-- Installing: /home/amruth/Documents/git/ros_ws/WS/install/tutorial_interfaces_cpp/include/tutorial_interfaces_cpp/msg/detail/microxrcedds
-- Installing: /home/amruth/Documents/git/ros_ws/WS/install/tutorial_interfaces_cpp/include/tutorial_interfaces_cpp/srv
-- Installing: /home/amruth/Documents/git/ros_ws/WS/install/tutorial_interfaces_cpp/include/tutorial_interfaces_cpp/srv/detail
-- Installing: /home/amruth/Documents/git/ros_ws/WS/install/tutorial_interfaces_cpp/include/tutorial_interfaces_cpp/srv/detail/add_three_ints__rosidl_typesupport_microxrcedds_c.h
-- Installing: /home/amruth/Documents/git/ros_ws/WS/install/tutorial_interfaces_cpp/include/tutorial_interfaces_cpp/srv/detail/microxrcedds
-- Installing: /home/amruth/Documents/git/ros_ws/WS/install/tutorial_interfaces_cpp/lib/libtutorial_interfaces_cpp__rosidl_typesupport_microxrcedds_c.so
-- Set runtime path of "/home/amruth/Documents/git/ros_ws/WS/install/tutorial_interfaces_cpp/lib/libtutorial_interfaces_cpp__rosidl_typesupport_microxrcedds_c.so" to ""
-- Up-to-date: /home/amruth/Documents/git/ros_ws/WS/install/tutorial_interfaces_cpp/include/tutorial_interfaces_cpp/tutorial_interfaces_cpp
-- Up-to-date: /home/amruth/Documents/git/ros_ws/WS/install/tutorial_interfaces_cpp/include/tutorial_interfaces_cpp/tutorial_interfaces_cpp/msg
-- Installing: /home/amruth/Documents/git/ros_ws/WS/install/tutorial_interfaces_cpp/include/tutorial_interfaces_cpp/tutorial_interfaces_cpp/msg/rosidl_typesupport_introspection_c__visibility_control.h
-- Up-to-date: /home/amruth/Documents/git/ros_ws/WS/install/tutorial_interfaces_cpp/include/tutorial_interfaces_cpp/tutorial_interfaces_cpp/msg/detail
-- Installing: /home/amruth/Documents/git/ros_ws/WS/install/tutorial_interfaces_cpp/include/tutorial_interfaces_cpp/tutorial_interfaces_cpp/msg/detail/sphere__type_support.c
-- Installing: /home/amruth/Documents/git/ros_ws/WS/install/tutorial_interfaces_cpp/include/tutorial_interfaces_cpp/tutorial_interfaces_cpp/msg/detail/num__type_support.c
-- Installing: /home/amruth/Documents/git/ros_ws/WS/install/tutorial_interfaces_cpp/include/tutorial_interfaces_cpp/tutorial_interfaces_cpp/msg/detail/num__rosidl_typesupport_introspection_c.h
-- Installing: /home/amruth/Documents/git/ros_ws/WS/install/tutorial_interfaces_cpp/include/tutorial_interfaces_cpp/tutorial_interfaces_cpp/msg/detail/sphere__rosidl_typesupport_introspection_c.h
-- Up-to-date: /home/amruth/Documents/git/ros_ws/WS/install/tutorial_interfaces_cpp/include/tutorial_interfaces_cpp/tutorial_interfaces_cpp/srv
-- Up-to-date: /home/amruth/Documents/git/ros_ws/WS/install/tutorial_interfaces_cpp/include/tutorial_interfaces_cpp/tutorial_interfaces_cpp/srv/detail
-- Installing: /home/amruth/Documents/git/ros_ws/WS/install/tutorial_interfaces_cpp/include/tutorial_interfaces_cpp/tutorial_interfaces_cpp/srv/detail/add_three_ints__rosidl_typesupport_introspection_c.h
-- Installing: /home/amruth/Documents/git/ros_ws/WS/install/tutorial_interfaces_cpp/include/tutorial_interfaces_cpp/tutorial_interfaces_cpp/srv/detail/add_three_ints__type_support.c
-- Installing: /home/amruth/Documents/git/ros_ws/WS/install/tutorial_interfaces_cpp/lib/libtutorial_interfaces_cpp__rosidl_typesupport_introspection_c.so
-- Set runtime path of "/home/amruth/Documents/git/ros_ws/WS/install/tutorial_interfaces_cpp/lib/libtutorial_interfaces_cpp__rosidl_typesupport_introspection_c.so" to ""
-- Installing: /home/amruth/Documents/git/ros_ws/WS/install/tutorial_interfaces_cpp/lib/libtutorial_interfaces_cpp__rosidl_typesupport_c.so
-- Set runtime path of "/home/amruth/Documents/git/ros_ws/WS/install/tutorial_interfaces_cpp/lib/libtutorial_interfaces_cpp__rosidl_typesupport_c.so" to ""
-- Up-to-date: /home/amruth/Documents/git/ros_ws/WS/install/tutorial_interfaces_cpp/include/tutorial_interfaces_cpp
-- Up-to-date: /home/amruth/Documents/git/ros_ws/WS/install/tutorial_interfaces_cpp/include/tutorial_interfaces_cpp/msg
-- Installing: /home/amruth/Documents/git/ros_ws/WS/install/tutorial_interfaces_cpp/include/tutorial_interfaces_cpp/msg/rosidl_typesupport_microxrcedds_cpp__visibility_control.h
-- Up-to-date: /home/amruth/Documents/git/ros_ws/WS/install/tutorial_interfaces_cpp/include/tutorial_interfaces_cpp/msg/detail
-- Installing: /home/amruth/Documents/git/ros_ws/WS/install/tutorial_interfaces_cpp/include/tutorial_interfaces_cpp/msg/detail/num__rosidl_typesupport_microxrcedds_cpp.hpp
-- Installing: /home/amruth/Documents/git/ros_ws/WS/install/tutorial_interfaces_cpp/include/tutorial_interfaces_cpp/msg/detail/sphere__rosidl_typesupport_microxrcedds_cpp.hpp
-- Up-to-date: /home/amruth/Documents/git/ros_ws/WS/install/tutorial_interfaces_cpp/include/tutorial_interfaces_cpp/msg/detail/microxrcedds
-- Installing: /home/amruth/Documents/git/ros_ws/WS/install/tutorial_interfaces_cpp/include/tutorial_interfaces_cpp/msg/detail/microxrcedds/sphere__type_support_cpp.cpp
-- Installing: /home/amruth/Documents/git/ros_ws/WS/install/tutorial_interfaces_cpp/include/tutorial_interfaces_cpp/msg/detail/microxrcedds/num__type_support_cpp.cpp
-- Up-to-date: /home/amruth/Documents/git/ros_ws/WS/install/tutorial_interfaces_cpp/include/tutorial_interfaces_cpp/srv
-- Up-to-date: /home/amruth/Documents/git/ros_ws/WS/install/tutorial_interfaces_cpp/include/tutorial_interfaces_cpp/srv/detail
-- Installing: /home/amruth/Documents/git/ros_ws/WS/install/tutorial_interfaces_cpp/include/tutorial_interfaces_cpp/srv/detail/add_three_ints__rosidl_typesupport_microxrcedds_cpp.hpp
-- Up-to-date: /home/amruth/Documents/git/ros_ws/WS/install/tutorial_interfaces_cpp/include/tutorial_interfaces_cpp/srv/detail/microxrcedds
-- Installing: /home/amruth/Documents/git/ros_ws/WS/install/tutorial_interfaces_cpp/include/tutorial_interfaces_cpp/srv/detail/microxrcedds/add_three_ints__type_support_cpp.cpp
-- Installing: /home/amruth/Documents/git/ros_ws/WS/install/tutorial_interfaces_cpp/lib/libtutorial_interfaces_cpp__rosidl_typesupport_microxrcedds_cpp.so
-- Set runtime path of "/home/amruth/Documents/git/ros_ws/WS/install/tutorial_interfaces_cpp/lib/libtutorial_interfaces_cpp__rosidl_typesupport_microxrcedds_cpp.so" to ""
-- Up-to-date: /home/amruth/Documents/git/ros_ws/WS/install/tutorial_interfaces_cpp/include/tutorial_interfaces_cpp/tutorial_interfaces_cpp
-- Up-to-date: /home/amruth/Documents/git/ros_ws/WS/install/tutorial_interfaces_cpp/include/tutorial_interfaces_cpp/tutorial_interfaces_cpp/msg
-- Up-to-date: /home/amruth/Documents/git/ros_ws/WS/install/tutorial_interfaces_cpp/include/tutorial_interfaces_cpp/tutorial_interfaces_cpp/msg/detail
-- Installing: /home/amruth/Documents/git/ros_ws/WS/install/tutorial_interfaces_cpp/include/tutorial_interfaces_cpp/tutorial_interfaces_cpp/msg/detail/num__rosidl_typesupport_introspection_cpp.hpp
-- Installing: /home/amruth/Documents/git/ros_ws/WS/install/tutorial_interfaces_cpp/include/tutorial_interfaces_cpp/tutorial_interfaces_cpp/msg/detail/sphere__type_support.cpp
-- Installing: /home/amruth/Documents/git/ros_ws/WS/install/tutorial_interfaces_cpp/include/tutorial_interfaces_cpp/tutorial_interfaces_cpp/msg/detail/num__type_support.cpp
-- Installing: /home/amruth/Documents/git/ros_ws/WS/install/tutorial_interfaces_cpp/include/tutorial_interfaces_cpp/tutorial_interfaces_cpp/msg/detail/sphere__rosidl_typesupport_introspection_cpp.hpp
-- Up-to-date: /home/amruth/Documents/git/ros_ws/WS/install/tutorial_interfaces_cpp/include/tutorial_interfaces_cpp/tutorial_interfaces_cpp/srv
-- Up-to-date: /home/amruth/Documents/git/ros_ws/WS/install/tutorial_interfaces_cpp/include/tutorial_interfaces_cpp/tutorial_interfaces_cpp/srv/detail
-- Installing: /home/amruth/Documents/git/ros_ws/WS/install/tutorial_interfaces_cpp/include/tutorial_interfaces_cpp/tutorial_interfaces_cpp/srv/detail/add_three_ints__rosidl_typesupport_introspection_cpp.hpp
-- Installing: /home/amruth/Documents/git/ros_ws/WS/install/tutorial_interfaces_cpp/include/tutorial_interfaces_cpp/tutorial_interfaces_cpp/srv/detail/add_three_ints__type_support.cpp
-- Installing: /home/amruth/Documents/git/ros_ws/WS/install/tutorial_interfaces_cpp/lib/libtutorial_interfaces_cpp__rosidl_typesupport_introspection_cpp.so
-- Set runtime path of "/home/amruth/Documents/git/ros_ws/WS/install/tutorial_interfaces_cpp/lib/libtutorial_interfaces_cpp__rosidl_typesupport_introspection_cpp.so" to ""
-- Installing: /home/amruth/Documents/git/ros_ws/WS/install/tutorial_interfaces_cpp/lib/libtutorial_interfaces_cpp__rosidl_typesupport_cpp.so
-- Set runtime path of "/home/amruth/Documents/git/ros_ws/WS/install/tutorial_interfaces_cpp/lib/libtutorial_interfaces_cpp__rosidl_typesupport_cpp.so" to ""
-- Installing: /home/amruth/Documents/git/ros_ws/WS/install/tutorial_interfaces_cpp/share/tutorial_interfaces_cpp/environment/pythonpath.sh
-- Installing: /home/amruth/Documents/git/ros_ws/WS/install/tutorial_interfaces_cpp/share/tutorial_interfaces_cpp/environment/pythonpath.dsv
-- Installing: /home/amruth/Documents/git/ros_ws/WS/install/tutorial_interfaces_cpp/local/lib/python3.10/dist-packages/tutorial_interfaces_cpp-0.0.0-py3.10.egg-info
-- Installing: /home/amruth/Documents/git/ros_ws/WS/install/tutorial_interfaces_cpp/local/lib/python3.10/dist-packages/tutorial_interfaces_cpp-0.0.0-py3.10.egg-info/top_level.txt
-- Installing: /home/amruth/Documents/git/ros_ws/WS/install/tutorial_interfaces_cpp/local/lib/python3.10/dist-packages/tutorial_interfaces_cpp-0.0.0-py3.10.egg-info/dependency_links.txt
-- Installing: /home/amruth/Documents/git/ros_ws/WS/install/tutorial_interfaces_cpp/local/lib/python3.10/dist-packages/tutorial_interfaces_cpp-0.0.0-py3.10.egg-info/SOURCES.txt
-- Installing: /home/amruth/Documents/git/ros_ws/WS/install/tutorial_interfaces_cpp/local/lib/python3.10/dist-packages/tutorial_interfaces_cpp-0.0.0-py3.10.egg-info/PKG-INFO
-- Installing: /home/amruth/Documents/git/ros_ws/WS/install/tutorial_interfaces_cpp/local/lib/python3.10/dist-packages/tutorial_interfaces_cpp
-- Installing: /home/amruth/Documents/git/ros_ws/WS/install/tutorial_interfaces_cpp/local/lib/python3.10/dist-packages/tutorial_interfaces_cpp/_tutorial_interfaces_cpp_s.ep.rosidl_typesupport_fastrtps_c.c
-- Installing: /home/amruth/Documents/git/ros_ws/WS/install/tutorial_interfaces_cpp/local/lib/python3.10/dist-packages/tutorial_interfaces_cpp/msg
-- Installing: /home/amruth/Documents/git/ros_ws/WS/install/tutorial_interfaces_cpp/local/lib/python3.10/dist-packages/tutorial_interfaces_cpp/msg/_sphere.py
-- Installing: /home/amruth/Documents/git/ros_ws/WS/install/tutorial_interfaces_cpp/local/lib/python3.10/dist-packages/tutorial_interfaces_cpp/msg/_num_s.c
-- Installing: /home/amruth/Documents/git/ros_ws/WS/install/tutorial_interfaces_cpp/local/lib/python3.10/dist-packages/tutorial_interfaces_cpp/msg/__init__.py
-- Installing: /home/amruth/Documents/git/ros_ws/WS/install/tutorial_interfaces_cpp/local/lib/python3.10/dist-packages/tutorial_interfaces_cpp/msg/_num.py
-- Installing: /home/amruth/Documents/git/ros_ws/WS/install/tutorial_interfaces_cpp/local/lib/python3.10/dist-packages/tutorial_interfaces_cpp/msg/_sphere_s.c
-- Installing: /home/amruth/Documents/git/ros_ws/WS/install/tutorial_interfaces_cpp/local/lib/python3.10/dist-packages/tutorial_interfaces_cpp/_tutorial_interfaces_cpp_s.ep.rosidl_typesupport_microxrcedds_c.c
-- Installing: /home/amruth/Documents/git/ros_ws/WS/install/tutorial_interfaces_cpp/local/lib/python3.10/dist-packages/tutorial_interfaces_cpp/_tutorial_interfaces_cpp_s.ep.rosidl_typesupport_introspection_c.c
-- Installing: /home/amruth/Documents/git/ros_ws/WS/install/tutorial_interfaces_cpp/local/lib/python3.10/dist-packages/tutorial_interfaces_cpp/tutorial_interfaces_cpp_s__rosidl_typesupport_fastrtps_c.cpython-311-x86_64-linux-gnu.so
-- Installing: /home/amruth/Documents/git/ros_ws/WS/install/tutorial_interfaces_cpp/local/lib/python3.10/dist-packages/tutorial_interfaces_cpp/srv
-- Installing: /home/amruth/Documents/git/ros_ws/WS/install/tutorial_interfaces_cpp/local/lib/python3.10/dist-packages/tutorial_interfaces_cpp/srv/_add_three_ints_s.c
-- Installing: /home/amruth/Documents/git/ros_ws/WS/install/tutorial_interfaces_cpp/local/lib/python3.10/dist-packages/tutorial_interfaces_cpp/srv/__init__.py
-- Installing: /home/amruth/Documents/git/ros_ws/WS/install/tutorial_interfaces_cpp/local/lib/python3.10/dist-packages/tutorial_interfaces_cpp/srv/_add_three_ints.py
-- Installing: /home/amruth/Documents/git/ros_ws/WS/install/tutorial_interfaces_cpp/local/lib/python3.10/dist-packages/tutorial_interfaces_cpp/__init__.py
-- Installing: /home/amruth/Documents/git/ros_ws/WS/install/tutorial_interfaces_cpp/local/lib/python3.10/dist-packages/tutorial_interfaces_cpp/tutorial_interfaces_cpp_s__rosidl_typesupport_introspection_c.cpython-311-x86_64-linux-gnu.so
-- Installing: /home/amruth/Documents/git/ros_ws/WS/install/tutorial_interfaces_cpp/local/lib/python3.10/dist-packages/tutorial_interfaces_cpp/tutorial_interfaces_cpp_s__rosidl_typesupport_c.cpython-311-x86_64-linux-gnu.so
-- Installing: /home/amruth/Documents/git/ros_ws/WS/install/tutorial_interfaces_cpp/local/lib/python3.10/dist-packages/tutorial_interfaces_cpp/_tutorial_interfaces_cpp_s.ep.rosidl_typesupport_c.c
-- Installing: /home/amruth/Documents/git/ros_ws/WS/install/tutorial_interfaces_cpp/local/lib/python3.10/dist-packages/tutorial_interfaces_cpp/tutorial_interfaces_cpp_s__rosidl_typesupport_microxrcedds_c.cpython-311-x86_64-linux-gnu.so
-- Installing: /home/amruth/Documents/git/ros_ws/WS/install/tutorial_interfaces_cpp/local/lib/python3.10/dist-packages/tutorial_interfaces_cpp/libtutorial_interfaces_cpp__rosidl_generator_py.so
Listing '/home/amruth/Documents/git/ros_ws/WS/install/tutorial_interfaces_cpp/local/lib/python3.10/dist-packages/tutorial_interfaces_cpp'...
Compiling '/home/amruth/Documents/git/ros_ws/WS/install/tutorial_interfaces_cpp/local/lib/python3.10/dist-packages/tutorial_interfaces_cpp/__init__.py'...
Listing '/home/amruth/Documents/git/ros_ws/WS/install/tutorial_interfaces_cpp/local/lib/python3.10/dist-packages/tutorial_interfaces_cpp/msg'...
Compiling '/home/amruth/Documents/git/ros_ws/WS/install/tutorial_interfaces_cpp/local/lib/python3.10/dist-packages/tutorial_interfaces_cpp/msg/__init__.py'...
Compiling '/home/amruth/Documents/git/ros_ws/WS/install/tutorial_interfaces_cpp/local/lib/python3.10/dist-packages/tutorial_interfaces_cpp/msg/_num.py'...
Compiling '/home/amruth/Documents/git/ros_ws/WS/install/tutorial_interfaces_cpp/local/lib/python3.10/dist-packages/tutorial_interfaces_cpp/msg/_sphere.py'...
Listing '/home/amruth/Documents/git/ros_ws/WS/install/tutorial_interfaces_cpp/local/lib/python3.10/dist-packages/tutorial_interfaces_cpp/srv'...
Compiling '/home/amruth/Documents/git/ros_ws/WS/install/tutorial_interfaces_cpp/local/lib/python3.10/dist-packages/tutorial_interfaces_cpp/srv/__init__.py'...
Compiling '/home/amruth/Documents/git/ros_ws/WS/install/tutorial_interfaces_cpp/local/lib/python3.10/dist-packages/tutorial_interfaces_cpp/srv/_add_three_ints.py'...
-- Installing: /home/amruth/Documents/git/ros_ws/WS/install/tutorial_interfaces_cpp/local/lib/python3.10/dist-packages/tutorial_interfaces_cpp/tutorial_interfaces_cpp_s__rosidl_typesupport_microxrcedds_c.cpython-311-x86_64-linux-gnu.so
-- Set runtime path of "/home/amruth/Documents/git/ros_ws/WS/install/tutorial_interfaces_cpp/local/lib/python3.10/dist-packages/tutorial_interfaces_cpp/tutorial_interfaces_cpp_s__rosidl_typesupport_microxrcedds_c.cpython-311-x86_64-linux-gnu.so" to ""
-- Installing: /home/amruth/Documents/git/ros_ws/WS/install/tutorial_interfaces_cpp/local/lib/python3.10/dist-packages/tutorial_interfaces_cpp/tutorial_interfaces_cpp_s__rosidl_typesupport_fastrtps_c.cpython-311-x86_64-linux-gnu.so
-- Set runtime path of "/home/amruth/Documents/git/ros_ws/WS/install/tutorial_interfaces_cpp/local/lib/python3.10/dist-packages/tutorial_interfaces_cpp/tutorial_interfaces_cpp_s__rosidl_typesupport_fastrtps_c.cpython-311-x86_64-linux-gnu.so" to ""
-- Installing: /home/amruth/Documents/git/ros_ws/WS/install/tutorial_interfaces_cpp/local/lib/python3.10/dist-packages/tutorial_interfaces_cpp/tutorial_interfaces_cpp_s__rosidl_typesupport_introspection_c.cpython-311-x86_64-linux-gnu.so
-- Set runtime path of "/home/amruth/Documents/git/ros_ws/WS/install/tutorial_interfaces_cpp/local/lib/python3.10/dist-packages/tutorial_interfaces_cpp/tutorial_interfaces_cpp_s__rosidl_typesupport_introspection_c.cpython-311-x86_64-linux-gnu.so" to ""
-- Installing: /home/amruth/Documents/git/ros_ws/WS/install/tutorial_interfaces_cpp/local/lib/python3.10/dist-packages/tutorial_interfaces_cpp/tutorial_interfaces_cpp_s__rosidl_typesupport_c.cpython-311-x86_64-linux-gnu.so
-- Set runtime path of "/home/amruth/Documents/git/ros_ws/WS/install/tutorial_interfaces_cpp/local/lib/python3.10/dist-packages/tutorial_interfaces_cpp/tutorial_interfaces_cpp_s__rosidl_typesupport_c.cpython-311-x86_64-linux-gnu.so" to ""
-- Installing: /home/amruth/Documents/git/ros_ws/WS/install/tutorial_interfaces_cpp/lib/libtutorial_interfaces_cpp__rosidl_generator_py.so
-- Set runtime path of "/home/amruth/Documents/git/ros_ws/WS/install/tutorial_interfaces_cpp/lib/libtutorial_interfaces_cpp__rosidl_generator_py.so" to ""
-- Installing: /home/amruth/Documents/git/ros_ws/WS/install/tutorial_interfaces_cpp/share/tutorial_interfaces_cpp/msg/Num.idl
-- Installing: /home/amruth/Documents/git/ros_ws/WS/install/tutorial_interfaces_cpp/share/tutorial_interfaces_cpp/msg/Sphere.idl
-- Installing: /home/amruth/Documents/git/ros_ws/WS/install/tutorial_interfaces_cpp/share/tutorial_interfaces_cpp/srv/AddThreeInts.idl
-- Installing: /home/amruth/Documents/git/ros_ws/WS/install/tutorial_interfaces_cpp/share/tutorial_interfaces_cpp/msg/Num.msg
-- Installing: /home/amruth/Documents/git/ros_ws/WS/install/tutorial_interfaces_cpp/share/tutorial_interfaces_cpp/msg/Sphere.msg
-- Installing: /home/amruth/Documents/git/ros_ws/WS/install/tutorial_interfaces_cpp/share/tutorial_interfaces_cpp/srv/AddThreeInts.srv
-- Installing: /home/amruth/Documents/git/ros_ws/WS/install/tutorial_interfaces_cpp/share/tutorial_interfaces_cpp/srv/AddThreeInts_Request.msg
-- Installing: /home/amruth/Documents/git/ros_ws/WS/install/tutorial_interfaces_cpp/share/tutorial_interfaces_cpp/srv/AddThreeInts_Response.msg
-- Installing: /home/amruth/Documents/git/ros_ws/WS/install/tutorial_interfaces_cpp/share/ament_index/resource_index/package_run_dependencies/tutorial_interfaces_cpp
-- Installing: /home/amruth/Documents/git/ros_ws/WS/install/tutorial_interfaces_cpp/share/ament_index/resource_index/parent_prefix_path/tutorial_interfaces_cpp
-- Installing: /home/amruth/Documents/git/ros_ws/WS/install/tutorial_interfaces_cpp/share/tutorial_interfaces_cpp/environment/ament_prefix_path.sh
-- Installing: /home/amruth/Documents/git/ros_ws/WS/install/tutorial_interfaces_cpp/share/tutorial_interfaces_cpp/environment/ament_prefix_path.dsv
-- Installing: /home/amruth/Documents/git/ros_ws/WS/install/tutorial_interfaces_cpp/share/tutorial_interfaces_cpp/environment/path.sh
-- Installing: /home/amruth/Documents/git/ros_ws/WS/install/tutorial_interfaces_cpp/share/tutorial_interfaces_cpp/environment/path.dsv
-- Installing: /home/amruth/Documents/git/ros_ws/WS/install/tutorial_interfaces_cpp/share/tutorial_interfaces_cpp/local_setup.bash
-- Installing: /home/amruth/Documents/git/ros_ws/WS/install/tutorial_interfaces_cpp/share/tutorial_interfaces_cpp/local_setup.sh
-- Installing: /home/amruth/Documents/git/ros_ws/WS/install/tutorial_interfaces_cpp/share/tutorial_interfaces_cpp/local_setup.zsh
-- Installing: /home/amruth/Documents/git/ros_ws/WS/install/tutorial_interfaces_cpp/share/tutorial_interfaces_cpp/local_setup.dsv
-- Installing: /home/amruth/Documents/git/ros_ws/WS/install/tutorial_interfaces_cpp/share/tutorial_interfaces_cpp/package.dsv
-- Installing: /home/amruth/Documents/git/ros_ws/WS/install/tutorial_interfaces_cpp/share/ament_index/resource_index/packages/tutorial_interfaces_cpp
-- Installing: /home/amruth/Documents/git/ros_ws/WS/install/tutorial_interfaces_cpp/share/tutorial_interfaces_cpp/cmake/export_tutorial_interfaces_cpp__rosidl_generator_cExport.cmake
-- Installing: /home/amruth/Documents/git/ros_ws/WS/install/tutorial_interfaces_cpp/share/tutorial_interfaces_cpp/cmake/export_tutorial_interfaces_cpp__rosidl_generator_cExport-noconfig.cmake
-- Installing: /home/amruth/Documents/git/ros_ws/WS/install/tutorial_interfaces_cpp/share/tutorial_interfaces_cpp/cmake/export_tutorial_interfaces_cpp__rosidl_typesupport_fastrtps_cExport.cmake
-- Installing: /home/amruth/Documents/git/ros_ws/WS/install/tutorial_interfaces_cpp/share/tutorial_interfaces_cpp/cmake/export_tutorial_interfaces_cpp__rosidl_typesupport_fastrtps_cExport-noconfig.cmake
-- Installing: /home/amruth/Documents/git/ros_ws/WS/install/tutorial_interfaces_cpp/share/tutorial_interfaces_cpp/cmake/export_tutorial_interfaces_cpp__rosidl_generator_cppExport.cmake
-- Installing: /home/amruth/Documents/git/ros_ws/WS/install/tutorial_interfaces_cpp/share/tutorial_interfaces_cpp/cmake/export_tutorial_interfaces_cpp__rosidl_typesupport_fastrtps_cppExport.cmake
-- Installing: /home/amruth/Documents/git/ros_ws/WS/install/tutorial_interfaces_cpp/share/tutorial_interfaces_cpp/cmake/export_tutorial_interfaces_cpp__rosidl_typesupport_fastrtps_cppExport-noconfig.cmake
-- Installing: /home/amruth/Documents/git/ros_ws/WS/install/tutorial_interfaces_cpp/share/tutorial_interfaces_cpp/cmake/tutorial_interfaces_cpp__rosidl_typesupport_introspection_cExport.cmake
-- Installing: /home/amruth/Documents/git/ros_ws/WS/install/tutorial_interfaces_cpp/share/tutorial_interfaces_cpp/cmake/tutorial_interfaces_cpp__rosidl_typesupport_introspection_cExport-noconfig.cmake
-- Installing: /home/amruth/Documents/git/ros_ws/WS/install/tutorial_interfaces_cpp/share/tutorial_interfaces_cpp/cmake/tutorial_interfaces_cpp__rosidl_typesupport_cExport.cmake
-- Installing: /home/amruth/Documents/git/ros_ws/WS/install/tutorial_interfaces_cpp/share/tutorial_interfaces_cpp/cmake/tutorial_interfaces_cpp__rosidl_typesupport_cExport-noconfig.cmake
-- Installing: /home/amruth/Documents/git/ros_ws/WS/install/tutorial_interfaces_cpp/share/tutorial_interfaces_cpp/cmake/tutorial_interfaces_cpp__rosidl_typesupport_introspection_cppExport.cmake
-- Installing: /home/amruth/Documents/git/ros_ws/WS/install/tutorial_interfaces_cpp/share/tutorial_interfaces_cpp/cmake/tutorial_interfaces_cpp__rosidl_typesupport_introspection_cppExport-noconfig.cmake
-- Installing: /home/amruth/Documents/git/ros_ws/WS/install/tutorial_interfaces_cpp/share/tutorial_interfaces_cpp/cmake/tutorial_interfaces_cpp__rosidl_typesupport_cppExport.cmake
-- Installing: /home/amruth/Documents/git/ros_ws/WS/install/tutorial_interfaces_cpp/share/tutorial_interfaces_cpp/cmake/tutorial_interfaces_cpp__rosidl_typesupport_cppExport-noconfig.cmake
-- Installing: /home/amruth/Documents/git/ros_ws/WS/install/tutorial_interfaces_cpp/share/tutorial_interfaces_cpp/cmake/export_tutorial_interfaces_cpp__rosidl_generator_pyExport.cmake
-- Installing: /home/amruth/Documents/git/ros_ws/WS/install/tutorial_interfaces_cpp/share/tutorial_interfaces_cpp/cmake/export_tutorial_interfaces_cpp__rosidl_generator_pyExport-noconfig.cmake
-- Installing: /home/amruth/Documents/git/ros_ws/WS/install/tutorial_interfaces_cpp/share/tutorial_interfaces_cpp/cmake/rosidl_cmake-extras.cmake
-- Installing: /home/amruth/Documents/git/ros_ws/WS/install/tutorial_interfaces_cpp/share/tutorial_interfaces_cpp/cmake/ament_cmake_export_dependencies-extras.cmake
-- Installing: /home/amruth/Documents/git/ros_ws/WS/install/tutorial_interfaces_cpp/share/tutorial_interfaces_cpp/cmake/ament_cmake_export_include_directories-extras.cmake
-- Installing: /home/amruth/Documents/git/ros_ws/WS/install/tutorial_interfaces_cpp/share/tutorial_interfaces_cpp/cmake/ament_cmake_export_libraries-extras.cmake
-- Installing: /home/amruth/Documents/git/ros_ws/WS/install/tutorial_interfaces_cpp/share/tutorial_interfaces_cpp/cmake/ament_cmake_export_targets-extras.cmake
-- Installing: /home/amruth/Documents/git/ros_ws/WS/install/tutorial_interfaces_cpp/share/tutorial_interfaces_cpp/cmake/rosidl_cmake_export_typesupport_targets-extras.cmake
-- Installing: /home/amruth/Documents/git/ros_ws/WS/install/tutorial_interfaces_cpp/share/tutorial_interfaces_cpp/cmake/rosidl_cmake_export_typesupport_libraries-extras.cmake
-- Installing: /home/amruth/Documents/git/ros_ws/WS/install/tutorial_interfaces_cpp/share/tutorial_interfaces_cpp/cmake/tutorial_interfaces_cppConfig.cmake
-- Installing: /home/amruth/Documents/git/ros_ws/WS/install/tutorial_interfaces_cpp/share/tutorial_interfaces_cpp/cmake/tutorial_interfaces_cppConfig-version.cmake
-- Installing: /home/amruth/Documents/git/ros_ws/WS/install/tutorial_interfaces_cpp/share/tutorial_interfaces_cpp/package.xml
