[0.202s] Invoking command in '/home/amruth/Documents/git/ros_ws/WS/build/tutorial_interfaces_cpp': CMAKE_PREFIX_PATH=${CMAKE_PREFIX_PATH}:/home/amruth/Documents/git/ros_ws/WS/install/py_srvcli:/home/amruth/Documents/git/ros_ws/WS/install/py_pubsub_2:/home/amruth/Documents/git/ros_ws/WS/install/py_pubsub:/home/amruth/Documents/git/ros_ws/WS/install/my_py_pkg_2:/home/amruth/Documents/git/ros_ws/WS/install/my_py_pkg:/home/amruth/Documents/git/microros_ws/install/sensor_msgs_py:/opt/ros/humble /usr/bin/cmake --build /home/amruth/Documents/git/ros_ws/WS/build/tutorial_interfaces_cpp -- -j16 -l16
[0.274s] [  1%] Built target tutorial_interfaces_cpp__cpp
[0.286s] [  1%] Built target ament_cmake_python_copy_tutorial_interfaces_cpp
[0.294s] [ 10%] Built target tutorial_interfaces_cpp__rosidl_generator_c
[0.299s] [ 27%] Built target tutorial_interfaces_cpp__rosidl_typesupport_introspection_cpp
[0.299s] [ 27%] Built target tutorial_interfaces_cpp__rosidl_typesupport_cpp
[0.317s] [ 35%] Built target tutorial_interfaces_cpp__rosidl_typesupport_fastrtps_cpp
[0.320s] [ 44%] Built target tutorial_interfaces_cpp__rosidl_typesupport_microxrcedds_cpp
[0.320s] [ 61%] Built target tutorial_interfaces_cpp__rosidl_typesupport_fastrtps_c
[0.321s] [ 61%] Built target tutorial_interfaces_cpp__rosidl_typesupport_c
[0.321s] [ 69%] Built target tutorial_interfaces_cpp__rosidl_typesupport_microxrcedds_c
[0.326s] [ 77%] Built target tutorial_interfaces_cpp__rosidl_typesupport_introspection_c
[0.359s] [ 77%] Built target tutorial_interfaces_cpp
[0.385s] [ 79%] [34m[1mGenerating Python code for ROS interfaces[0m
[0.517s] running egg_info
[0.517s] writing tutorial_interfaces_cpp.egg-info/PKG-INFO
[0.518s] writing dependency_links to tutorial_interfaces_cpp.egg-info/dependency_links.txt
[0.518s] writing top-level names to tutorial_interfaces_cpp.egg-info/top_level.txt
[0.519s] reading manifest file 'tutorial_interfaces_cpp.egg-info/SOURCES.txt'
[0.520s] writing manifest file 'tutorial_interfaces_cpp.egg-info/SOURCES.txt'
[0.552s] [ 79%] Built target ament_cmake_python_build_tutorial_interfaces_cpp_egg
[0.741s] [ 79%] Built target tutorial_interfaces_cpp__py
[0.765s] [ 83%] [32mBuilding C object CMakeFiles/tutorial_interfaces_cpp__rosidl_generator_py.dir/rosidl_generator_py/tutorial_interfaces_cpp/msg/_sphere_s.c.o[0m
[0.765s] [ 83%] [32mBuilding C object CMakeFiles/tutorial_interfaces_cpp__rosidl_generator_py.dir/rosidl_generator_py/tutorial_interfaces_cpp/msg/_num_s.c.o[0m
[0.767s] [ 84%] [32mBuilding C object CMakeFiles/tutorial_interfaces_cpp__rosidl_generator_py.dir/rosidl_generator_py/tutorial_interfaces_cpp/srv/_add_three_ints_s.c.o[0m
[0.880s] [ 86%] [32m[1mLinking C shared library rosidl_generator_py/tutorial_interfaces_cpp/libtutorial_interfaces_cpp__rosidl_generator_py.so[0m
[0.924s] [ 86%] Built target tutorial_interfaces_cpp__rosidl_generator_py
[0.948s] [ 93%] [32mBuilding C object CMakeFiles/tutorial_interfaces_cpp__rosidl_typesupport_introspection_c__pyext.dir/rosidl_generator_py/tutorial_interfaces_cpp/_tutorial_interfaces_cpp_s.ep.rosidl_typesupport_introspection_c.c.o[0m
[0.948s] [ 93%] [32mBuilding C object CMakeFiles/tutorial_interfaces_cpp__rosidl_typesupport_microxrcedds_c__pyext.dir/rosidl_generator_py/tutorial_interfaces_cpp/_tutorial_interfaces_cpp_s.ep.rosidl_typesupport_microxrcedds_c.c.o[0m
[0.948s] [ 93%] [32mBuilding C object CMakeFiles/tutorial_interfaces_cpp__rosidl_typesupport_fastrtps_c__pyext.dir/rosidl_generator_py/tutorial_interfaces_cpp/_tutorial_interfaces_cpp_s.ep.rosidl_typesupport_fastrtps_c.c.o[0m
[0.948s] [ 93%] [32mBuilding C object CMakeFiles/tutorial_interfaces_cpp__rosidl_typesupport_c__pyext.dir/rosidl_generator_py/tutorial_interfaces_cpp/_tutorial_interfaces_cpp_s.ep.rosidl_typesupport_c.c.o[0m
[1.038s] [ 96%] [32m[1mLinking C shared library rosidl_generator_py/tutorial_interfaces_cpp/tutorial_interfaces_cpp_s__rosidl_typesupport_fastrtps_c.cpython-311-x86_64-linux-gnu.so[0m
[1.038s] [ 96%] [32m[1mLinking C shared library rosidl_generator_py/tutorial_interfaces_cpp/tutorial_interfaces_cpp_s__rosidl_typesupport_c.cpython-311-x86_64-linux-gnu.so[0m
[1.043s] [ 98%] [32m[1mLinking C shared library rosidl_generator_py/tutorial_interfaces_cpp/tutorial_interfaces_cpp_s__rosidl_typesupport_introspection_c.cpython-311-x86_64-linux-gnu.so[0m
[1.052s] [100%] [32m[1mLinking C shared library rosidl_generator_py/tutorial_interfaces_cpp/tutorial_interfaces_cpp_s__rosidl_typesupport_microxrcedds_c.cpython-311-x86_64-linux-gnu.so[0m
[1.077s] [100%] Built target tutorial_interfaces_cpp__rosidl_typesupport_c__pyext
[1.080s] [100%] Built target tutorial_interfaces_cpp__rosidl_typesupport_fastrtps_c__pyext
[1.082s] [100%] Built target tutorial_interfaces_cpp__rosidl_typesupport_introspection_c__pyext
[1.098s] [100%] Built target tutorial_interfaces_cpp__rosidl_typesupport_microxrcedds_c__pyext
[1.111s] Invoked command in '/home/amruth/Documents/git/ros_ws/WS/build/tutorial_interfaces_cpp' returned '0': CMAKE_PREFIX_PATH=${CMAKE_PREFIX_PATH}:/home/amruth/Documents/git/ros_ws/WS/install/py_srvcli:/home/amruth/Documents/git/ros_ws/WS/install/py_pubsub_2:/home/amruth/Documents/git/ros_ws/WS/install/py_pubsub:/home/amruth/Documents/git/ros_ws/WS/install/my_py_pkg_2:/home/amruth/Documents/git/ros_ws/WS/install/my_py_pkg:/home/amruth/Documents/git/microros_ws/install/sensor_msgs_py:/opt/ros/humble /usr/bin/cmake --build /home/amruth/Documents/git/ros_ws/WS/build/tutorial_interfaces_cpp -- -j16 -l16
[1.292s] Invoking command in '/home/amruth/Documents/git/ros_ws/WS/build/tutorial_interfaces_cpp': CMAKE_PREFIX_PATH=${CMAKE_PREFIX_PATH}:/home/amruth/Documents/git/ros_ws/WS/install/py_srvcli:/home/amruth/Documents/git/ros_ws/WS/install/py_pubsub_2:/home/amruth/Documents/git/ros_ws/WS/install/py_pubsub:/home/amruth/Documents/git/ros_ws/WS/install/my_py_pkg_2:/home/amruth/Documents/git/ros_ws/WS/install/my_py_pkg:/home/amruth/Documents/git/microros_ws/install/sensor_msgs_py:/opt/ros/humble /usr/bin/cmake --install /home/amruth/Documents/git/ros_ws/WS/build/tutorial_interfaces_cpp
[1.302s] -- Install configuration: ""
[1.303s] -- Installing: /home/amruth/Documents/git/ros_ws/WS/install/tutorial_interfaces_cpp/share/ament_index/resource_index/rosidl_interfaces/tutorial_interfaces_cpp
[1.303s] -- Installing: /home/amruth/Documents/git/ros_ws/WS/install/tutorial_interfaces_cpp/include/tutorial_interfaces_cpp/tutorial_interfaces_cpp
[1.303s] -- Installing: /home/amruth/Documents/git/ros_ws/WS/install/tutorial_interfaces_cpp/include/tutorial_interfaces_cpp/tutorial_interfaces_cpp/msg
[1.303s] -- Installing: /home/amruth/Documents/git/ros_ws/WS/install/tutorial_interfaces_cpp/include/tutorial_interfaces_cpp/tutorial_interfaces_cpp/msg/num.h
[1.303s] -- Installing: /home/amruth/Documents/git/ros_ws/WS/install/tutorial_interfaces_cpp/include/tutorial_interfaces_cpp/tutorial_interfaces_cpp/msg/rosidl_generator_c__visibility_control.h
[1.303s] -- Installing: /home/amruth/Documents/git/ros_ws/WS/install/tutorial_interfaces_cpp/include/tutorial_interfaces_cpp/tutorial_interfaces_cpp/msg/sphere.h
[1.303s] -- Installing: /home/amruth/Documents/git/ros_ws/WS/install/tutorial_interfaces_cpp/include/tutorial_interfaces_cpp/tutorial_interfaces_cpp/msg/detail
[1.303s] -- Installing: /home/amruth/Documents/git/ros_ws/WS/install/tutorial_interfaces_cpp/include/tutorial_interfaces_cpp/tutorial_interfaces_cpp/msg/detail/sphere__type_support.h
[1.303s] -- Installing: /home/amruth/Documents/git/ros_ws/WS/install/tutorial_interfaces_cpp/include/tutorial_interfaces_cpp/tutorial_interfaces_cpp/msg/detail/sphere__struct.h
[1.303s] -- Installing: /home/amruth/Documents/git/ros_ws/WS/install/tutorial_interfaces_cpp/include/tutorial_interfaces_cpp/tutorial_interfaces_cpp/msg/detail/sphere__functions.c
[1.303s] -- Installing: /home/amruth/Documents/git/ros_ws/WS/install/tutorial_interfaces_cpp/include/tutorial_interfaces_cpp/tutorial_interfaces_cpp/msg/detail/num__functions.c
[1.303s] -- Installing: /home/amruth/Documents/git/ros_ws/WS/install/tutorial_interfaces_cpp/include/tutorial_interfaces_cpp/tutorial_interfaces_cpp/msg/detail/sphere__functions.h
[1.303s] -- Installing: /home/amruth/Documents/git/ros_ws/WS/install/tutorial_interfaces_cpp/include/tutorial_interfaces_cpp/tutorial_interfaces_cpp/msg/detail/num__functions.h
[1.304s] -- Installing: /home/amruth/Documents/git/ros_ws/WS/install/tutorial_interfaces_cpp/include/tutorial_interfaces_cpp/tutorial_interfaces_cpp/msg/detail/num__struct.h
[1.304s] -- Installing: /home/amruth/Documents/git/ros_ws/WS/install/tutorial_interfaces_cpp/include/tutorial_interfaces_cpp/tutorial_interfaces_cpp/msg/detail/num__type_support.h
[1.304s] -- Installing: /home/amruth/Documents/git/ros_ws/WS/install/tutorial_interfaces_cpp/include/tutorial_interfaces_cpp/tutorial_interfaces_cpp/srv
[1.304s] -- Installing: /home/amruth/Documents/git/ros_ws/WS/install/tutorial_interfaces_cpp/include/tutorial_interfaces_cpp/tutorial_interfaces_cpp/srv/detail
[1.304s] -- Installing: /home/amruth/Documents/git/ros_ws/WS/install/tutorial_interfaces_cpp/include/tutorial_interfaces_cpp/tutorial_interfaces_cpp/srv/detail/add_three_ints__type_support.h
[1.304s] -- Installing: /home/amruth/Documents/git/ros_ws/WS/install/tutorial_interfaces_cpp/include/tutorial_interfaces_cpp/tutorial_interfaces_cpp/srv/detail/add_three_ints__functions.c
[1.304s] -- Installing: /home/amruth/Documents/git/ros_ws/WS/install/tutorial_interfaces_cpp/include/tutorial_interfaces_cpp/tutorial_interfaces_cpp/srv/detail/add_three_ints__functions.h
[1.304s] -- Installing: /home/amruth/Documents/git/ros_ws/WS/install/tutorial_interfaces_cpp/include/tutorial_interfaces_cpp/tutorial_interfaces_cpp/srv/detail/add_three_ints__struct.h
[1.304s] -- Installing: /home/amruth/Documents/git/ros_ws/WS/install/tutorial_interfaces_cpp/include/tutorial_interfaces_cpp/tutorial_interfaces_cpp/srv/add_three_ints.h
[1.304s] -- Installing: /home/amruth/Documents/git/ros_ws/WS/install/tutorial_interfaces_cpp/share/tutorial_interfaces_cpp/environment/library_path.sh
[1.304s] -- Installing: /home/amruth/Documents/git/ros_ws/WS/install/tutorial_interfaces_cpp/share/tutorial_interfaces_cpp/environment/library_path.dsv
[1.305s] -- Installing: /home/amruth/Documents/git/ros_ws/WS/install/tutorial_interfaces_cpp/lib/libtutorial_interfaces_cpp__rosidl_generator_c.so
[1.305s] -- Set runtime path of "/home/amruth/Documents/git/ros_ws/WS/install/tutorial_interfaces_cpp/lib/libtutorial_interfaces_cpp__rosidl_generator_c.so" to ""
[1.305s] -- Up-to-date: /home/amruth/Documents/git/ros_ws/WS/install/tutorial_interfaces_cpp/include/tutorial_interfaces_cpp/tutorial_interfaces_cpp
[1.305s] -- Up-to-date: /home/amruth/Documents/git/ros_ws/WS/install/tutorial_interfaces_cpp/include/tutorial_interfaces_cpp/tutorial_interfaces_cpp/msg
[1.305s] -- Installing: /home/amruth/Documents/git/ros_ws/WS/install/tutorial_interfaces_cpp/include/tutorial_interfaces_cpp/tutorial_interfaces_cpp/msg/rosidl_typesupport_fastrtps_c__visibility_control.h
[1.305s] -- Up-to-date: /home/amruth/Documents/git/ros_ws/WS/install/tutorial_interfaces_cpp/include/tutorial_interfaces_cpp/tutorial_interfaces_cpp/msg/detail
[1.305s] -- Installing: /home/amruth/Documents/git/ros_ws/WS/install/tutorial_interfaces_cpp/include/tutorial_interfaces_cpp/tutorial_interfaces_cpp/msg/detail/sphere__rosidl_typesupport_fastrtps_c.h
[1.305s] -- Installing: /home/amruth/Documents/git/ros_ws/WS/install/tutorial_interfaces_cpp/include/tutorial_interfaces_cpp/tutorial_interfaces_cpp/msg/detail/num__rosidl_typesupport_fastrtps_c.h
[1.305s] -- Up-to-date: /home/amruth/Documents/git/ros_ws/WS/install/tutorial_interfaces_cpp/include/tutorial_interfaces_cpp/tutorial_interfaces_cpp/srv
[1.305s] -- Up-to-date: /home/amruth/Documents/git/ros_ws/WS/install/tutorial_interfaces_cpp/include/tutorial_interfaces_cpp/tutorial_interfaces_cpp/srv/detail
[1.306s] -- Installing: /home/amruth/Documents/git/ros_ws/WS/install/tutorial_interfaces_cpp/include/tutorial_interfaces_cpp/tutorial_interfaces_cpp/srv/detail/add_three_ints__rosidl_typesupport_fastrtps_c.h
[1.306s] -- Installing: /home/amruth/Documents/git/ros_ws/WS/install/tutorial_interfaces_cpp/lib/libtutorial_interfaces_cpp__rosidl_typesupport_fastrtps_c.so
[1.306s] -- Set runtime path of "/home/amruth/Documents/git/ros_ws/WS/install/tutorial_interfaces_cpp/lib/libtutorial_interfaces_cpp__rosidl_typesupport_fastrtps_c.so" to ""
[1.306s] -- Up-to-date: /home/amruth/Documents/git/ros_ws/WS/install/tutorial_interfaces_cpp/include/tutorial_interfaces_cpp/tutorial_interfaces_cpp
[1.306s] -- Up-to-date: /home/amruth/Documents/git/ros_ws/WS/install/tutorial_interfaces_cpp/include/tutorial_interfaces_cpp/tutorial_interfaces_cpp/msg
[1.306s] -- Installing: /home/amruth/Documents/git/ros_ws/WS/install/tutorial_interfaces_cpp/include/tutorial_interfaces_cpp/tutorial_interfaces_cpp/msg/num.hpp
[1.306s] -- Installing: /home/amruth/Documents/git/ros_ws/WS/install/tutorial_interfaces_cpp/include/tutorial_interfaces_cpp/tutorial_interfaces_cpp/msg/sphere.hpp
[1.306s] -- Up-to-date: /home/amruth/Documents/git/ros_ws/WS/install/tutorial_interfaces_cpp/include/tutorial_interfaces_cpp/tutorial_interfaces_cpp/msg/detail
[1.306s] -- Installing: /home/amruth/Documents/git/ros_ws/WS/install/tutorial_interfaces_cpp/include/tutorial_interfaces_cpp/tutorial_interfaces_cpp/msg/detail/num__traits.hpp
[1.306s] -- Installing: /home/amruth/Documents/git/ros_ws/WS/install/tutorial_interfaces_cpp/include/tutorial_interfaces_cpp/tutorial_interfaces_cpp/msg/detail/sphere__builder.hpp
[1.306s] -- Installing: /home/amruth/Documents/git/ros_ws/WS/install/tutorial_interfaces_cpp/include/tutorial_interfaces_cpp/tutorial_interfaces_cpp/msg/detail/sphere__traits.hpp
[1.306s] -- Installing: /home/amruth/Documents/git/ros_ws/WS/install/tutorial_interfaces_cpp/include/tutorial_interfaces_cpp/tutorial_interfaces_cpp/msg/detail/num__builder.hpp
[1.307s] -- Installing: /home/amruth/Documents/git/ros_ws/WS/install/tutorial_interfaces_cpp/include/tutorial_interfaces_cpp/tutorial_interfaces_cpp/msg/detail/sphere__struct.hpp
[1.307s] -- Installing: /home/amruth/Documents/git/ros_ws/WS/install/tutorial_interfaces_cpp/include/tutorial_interfaces_cpp/tutorial_interfaces_cpp/msg/detail/num__struct.hpp
[1.307s] -- Up-to-date: /home/amruth/Documents/git/ros_ws/WS/install/tutorial_interfaces_cpp/include/tutorial_interfaces_cpp/tutorial_interfaces_cpp/srv
[1.307s] -- Installing: /home/amruth/Documents/git/ros_ws/WS/install/tutorial_interfaces_cpp/include/tutorial_interfaces_cpp/tutorial_interfaces_cpp/srv/add_three_ints.hpp
[1.307s] -- Up-to-date: /home/amruth/Documents/git/ros_ws/WS/install/tutorial_interfaces_cpp/include/tutorial_interfaces_cpp/tutorial_interfaces_cpp/srv/detail
[1.307s] -- Installing: /home/amruth/Documents/git/ros_ws/WS/install/tutorial_interfaces_cpp/include/tutorial_interfaces_cpp/tutorial_interfaces_cpp/srv/detail/add_three_ints__traits.hpp
[1.307s] -- Installing: /home/amruth/Documents/git/ros_ws/WS/install/tutorial_interfaces_cpp/include/tutorial_interfaces_cpp/tutorial_interfaces_cpp/srv/detail/add_three_ints__builder.hpp
[1.307s] -- Installing: /home/amruth/Documents/git/ros_ws/WS/install/tutorial_interfaces_cpp/include/tutorial_interfaces_cpp/tutorial_interfaces_cpp/srv/detail/add_three_ints__struct.hpp
[1.307s] -- Up-to-date: /home/amruth/Documents/git/ros_ws/WS/install/tutorial_interfaces_cpp/include/tutorial_interfaces_cpp/tutorial_interfaces_cpp
[1.307s] -- Up-to-date: /home/amruth/Documents/git/ros_ws/WS/install/tutorial_interfaces_cpp/include/tutorial_interfaces_cpp/tutorial_interfaces_cpp/msg
[1.307s] -- Installing: /home/amruth/Documents/git/ros_ws/WS/install/tutorial_interfaces_cpp/include/tutorial_interfaces_cpp/tutorial_interfaces_cpp/msg/rosidl_typesupport_fastrtps_cpp__visibility_control.h
[1.307s] -- Up-to-date: /home/amruth/Documents/git/ros_ws/WS/install/tutorial_interfaces_cpp/include/tutorial_interfaces_cpp/tutorial_interfaces_cpp/msg/detail
[1.307s] -- Installing: /home/amruth/Documents/git/ros_ws/WS/install/tutorial_interfaces_cpp/include/tutorial_interfaces_cpp/tutorial_interfaces_cpp/msg/detail/num__rosidl_typesupport_fastrtps_cpp.hpp
[1.307s] -- Installing: /home/amruth/Documents/git/ros_ws/WS/install/tutorial_interfaces_cpp/include/tutorial_interfaces_cpp/tutorial_interfaces_cpp/msg/detail/sphere__rosidl_typesupport_fastrtps_cpp.hpp
[1.308s] -- Installing: /home/amruth/Documents/git/ros_ws/WS/install/tutorial_interfaces_cpp/include/tutorial_interfaces_cpp/tutorial_interfaces_cpp/msg/detail/dds_fastrtps
[1.308s] -- Up-to-date: /home/amruth/Documents/git/ros_ws/WS/install/tutorial_interfaces_cpp/include/tutorial_interfaces_cpp/tutorial_interfaces_cpp/srv
[1.308s] -- Up-to-date: /home/amruth/Documents/git/ros_ws/WS/install/tutorial_interfaces_cpp/include/tutorial_interfaces_cpp/tutorial_interfaces_cpp/srv/detail
[1.308s] -- Installing: /home/amruth/Documents/git/ros_ws/WS/install/tutorial_interfaces_cpp/include/tutorial_interfaces_cpp/tutorial_interfaces_cpp/srv/detail/add_three_ints__rosidl_typesupport_fastrtps_cpp.hpp
[1.308s] -- Installing: /home/amruth/Documents/git/ros_ws/WS/install/tutorial_interfaces_cpp/include/tutorial_interfaces_cpp/tutorial_interfaces_cpp/srv/detail/dds_fastrtps
[1.308s] -- Installing: /home/amruth/Documents/git/ros_ws/WS/install/tutorial_interfaces_cpp/lib/libtutorial_interfaces_cpp__rosidl_typesupport_fastrtps_cpp.so
[1.308s] -- Set runtime path of "/home/amruth/Documents/git/ros_ws/WS/install/tutorial_interfaces_cpp/lib/libtutorial_interfaces_cpp__rosidl_typesupport_fastrtps_cpp.so" to ""
[1.308s] -- Up-to-date: /home/amruth/Documents/git/ros_ws/WS/install/tutorial_interfaces_cpp/include/tutorial_interfaces_cpp
[1.308s] -- Installing: /home/amruth/Documents/git/ros_ws/WS/install/tutorial_interfaces_cpp/include/tutorial_interfaces_cpp/msg
[1.308s] -- Installing: /home/amruth/Documents/git/ros_ws/WS/install/tutorial_interfaces_cpp/include/tutorial_interfaces_cpp/msg/rosidl_typesupport_microxrcedds_c__visibility_control.h
[1.308s] -- Installing: /home/amruth/Documents/git/ros_ws/WS/install/tutorial_interfaces_cpp/include/tutorial_interfaces_cpp/msg/detail
[1.308s] -- Installing: /home/amruth/Documents/git/ros_ws/WS/install/tutorial_interfaces_cpp/include/tutorial_interfaces_cpp/msg/detail/sphere__rosidl_typesupport_microxrcedds_c.h
[1.308s] -- Installing: /home/amruth/Documents/git/ros_ws/WS/install/tutorial_interfaces_cpp/include/tutorial_interfaces_cpp/msg/detail/num__rosidl_typesupport_microxrcedds_c.h
[1.309s] -- Installing: /home/amruth/Documents/git/ros_ws/WS/install/tutorial_interfaces_cpp/include/tutorial_interfaces_cpp/msg/detail/microxrcedds
[1.309s] -- Installing: /home/amruth/Documents/git/ros_ws/WS/install/tutorial_interfaces_cpp/include/tutorial_interfaces_cpp/srv
[1.309s] -- Installing: /home/amruth/Documents/git/ros_ws/WS/install/tutorial_interfaces_cpp/include/tutorial_interfaces_cpp/srv/detail
[1.309s] -- Installing: /home/amruth/Documents/git/ros_ws/WS/install/tutorial_interfaces_cpp/include/tutorial_interfaces_cpp/srv/detail/add_three_ints__rosidl_typesupport_microxrcedds_c.h
[1.309s] -- Installing: /home/amruth/Documents/git/ros_ws/WS/install/tutorial_interfaces_cpp/include/tutorial_interfaces_cpp/srv/detail/microxrcedds
[1.309s] -- Installing: /home/amruth/Documents/git/ros_ws/WS/install/tutorial_interfaces_cpp/lib/libtutorial_interfaces_cpp__rosidl_typesupport_microxrcedds_c.so
[1.309s] -- Set runtime path of "/home/amruth/Documents/git/ros_ws/WS/install/tutorial_interfaces_cpp/lib/libtutorial_interfaces_cpp__rosidl_typesupport_microxrcedds_c.so" to ""
[1.309s] -- Up-to-date: /home/amruth/Documents/git/ros_ws/WS/install/tutorial_interfaces_cpp/include/tutorial_interfaces_cpp/tutorial_interfaces_cpp
[1.309s] -- Up-to-date: /home/amruth/Documents/git/ros_ws/WS/install/tutorial_interfaces_cpp/include/tutorial_interfaces_cpp/tutorial_interfaces_cpp/msg
[1.309s] -- Installing: /home/amruth/Documents/git/ros_ws/WS/install/tutorial_interfaces_cpp/include/tutorial_interfaces_cpp/tutorial_interfaces_cpp/msg/rosidl_typesupport_introspection_c__visibility_control.h
[1.309s] -- Up-to-date: /home/amruth/Documents/git/ros_ws/WS/install/tutorial_interfaces_cpp/include/tutorial_interfaces_cpp/tutorial_interfaces_cpp/msg/detail
[1.309s] -- Installing: /home/amruth/Documents/git/ros_ws/WS/install/tutorial_interfaces_cpp/include/tutorial_interfaces_cpp/tutorial_interfaces_cpp/msg/detail/sphere__type_support.c
[1.310s] -- Installing: /home/amruth/Documents/git/ros_ws/WS/install/tutorial_interfaces_cpp/include/tutorial_interfaces_cpp/tutorial_interfaces_cpp/msg/detail/num__type_support.c
[1.310s] -- Installing: /home/amruth/Documents/git/ros_ws/WS/install/tutorial_interfaces_cpp/include/tutorial_interfaces_cpp/tutorial_interfaces_cpp/msg/detail/num__rosidl_typesupport_introspection_c.h
[1.310s] -- Installing: /home/amruth/Documents/git/ros_ws/WS/install/tutorial_interfaces_cpp/include/tutorial_interfaces_cpp/tutorial_interfaces_cpp/msg/detail/sphere__rosidl_typesupport_introspection_c.h
[1.310s] -- Up-to-date: /home/amruth/Documents/git/ros_ws/WS/install/tutorial_interfaces_cpp/include/tutorial_interfaces_cpp/tutorial_interfaces_cpp/srv
[1.310s] -- Up-to-date: /home/amruth/Documents/git/ros_ws/WS/install/tutorial_interfaces_cpp/include/tutorial_interfaces_cpp/tutorial_interfaces_cpp/srv/detail
[1.310s] -- Installing: /home/amruth/Documents/git/ros_ws/WS/install/tutorial_interfaces_cpp/include/tutorial_interfaces_cpp/tutorial_interfaces_cpp/srv/detail/add_three_ints__rosidl_typesupport_introspection_c.h
[1.310s] -- Installing: /home/amruth/Documents/git/ros_ws/WS/install/tutorial_interfaces_cpp/include/tutorial_interfaces_cpp/tutorial_interfaces_cpp/srv/detail/add_three_ints__type_support.c
[1.310s] -- Installing: /home/amruth/Documents/git/ros_ws/WS/install/tutorial_interfaces_cpp/lib/libtutorial_interfaces_cpp__rosidl_typesupport_introspection_c.so
[1.310s] -- Set runtime path of "/home/amruth/Documents/git/ros_ws/WS/install/tutorial_interfaces_cpp/lib/libtutorial_interfaces_cpp__rosidl_typesupport_introspection_c.so" to ""
[1.310s] -- Installing: /home/amruth/Documents/git/ros_ws/WS/install/tutorial_interfaces_cpp/lib/libtutorial_interfaces_cpp__rosidl_typesupport_c.so
[1.310s] -- Set runtime path of "/home/amruth/Documents/git/ros_ws/WS/install/tutorial_interfaces_cpp/lib/libtutorial_interfaces_cpp__rosidl_typesupport_c.so" to ""
[1.310s] -- Up-to-date: /home/amruth/Documents/git/ros_ws/WS/install/tutorial_interfaces_cpp/include/tutorial_interfaces_cpp
[1.310s] -- Up-to-date: /home/amruth/Documents/git/ros_ws/WS/install/tutorial_interfaces_cpp/include/tutorial_interfaces_cpp/msg
[1.311s] -- Installing: /home/amruth/Documents/git/ros_ws/WS/install/tutorial_interfaces_cpp/include/tutorial_interfaces_cpp/msg/rosidl_typesupport_microxrcedds_cpp__visibility_control.h
[1.311s] -- Up-to-date: /home/amruth/Documents/git/ros_ws/WS/install/tutorial_interfaces_cpp/include/tutorial_interfaces_cpp/msg/detail
[1.311s] -- Installing: /home/amruth/Documents/git/ros_ws/WS/install/tutorial_interfaces_cpp/include/tutorial_interfaces_cpp/msg/detail/num__rosidl_typesupport_microxrcedds_cpp.hpp
[1.311s] -- Installing: /home/amruth/Documents/git/ros_ws/WS/install/tutorial_interfaces_cpp/include/tutorial_interfaces_cpp/msg/detail/sphere__rosidl_typesupport_microxrcedds_cpp.hpp
[1.311s] -- Up-to-date: /home/amruth/Documents/git/ros_ws/WS/install/tutorial_interfaces_cpp/include/tutorial_interfaces_cpp/msg/detail/microxrcedds
[1.311s] -- Installing: /home/amruth/Documents/git/ros_ws/WS/install/tutorial_interfaces_cpp/include/tutorial_interfaces_cpp/msg/detail/microxrcedds/sphere__type_support_cpp.cpp
[1.311s] -- Installing: /home/amruth/Documents/git/ros_ws/WS/install/tutorial_interfaces_cpp/include/tutorial_interfaces_cpp/msg/detail/microxrcedds/num__type_support_cpp.cpp
[1.311s] -- Up-to-date: /home/amruth/Documents/git/ros_ws/WS/install/tutorial_interfaces_cpp/include/tutorial_interfaces_cpp/srv
[1.311s] -- Up-to-date: /home/amruth/Documents/git/ros_ws/WS/install/tutorial_interfaces_cpp/include/tutorial_interfaces_cpp/srv/detail
[1.311s] -- Installing: /home/amruth/Documents/git/ros_ws/WS/install/tutorial_interfaces_cpp/include/tutorial_interfaces_cpp/srv/detail/add_three_ints__rosidl_typesupport_microxrcedds_cpp.hpp
[1.311s] -- Up-to-date: /home/amruth/Documents/git/ros_ws/WS/install/tutorial_interfaces_cpp/include/tutorial_interfaces_cpp/srv/detail/microxrcedds
[1.311s] -- Installing: /home/amruth/Documents/git/ros_ws/WS/install/tutorial_interfaces_cpp/include/tutorial_interfaces_cpp/srv/detail/microxrcedds/add_three_ints__type_support_cpp.cpp
[1.312s] -- Installing: /home/amruth/Documents/git/ros_ws/WS/install/tutorial_interfaces_cpp/lib/libtutorial_interfaces_cpp__rosidl_typesupport_microxrcedds_cpp.so
[1.312s] -- Set runtime path of "/home/amruth/Documents/git/ros_ws/WS/install/tutorial_interfaces_cpp/lib/libtutorial_interfaces_cpp__rosidl_typesupport_microxrcedds_cpp.so" to ""
[1.312s] -- Up-to-date: /home/amruth/Documents/git/ros_ws/WS/install/tutorial_interfaces_cpp/include/tutorial_interfaces_cpp/tutorial_interfaces_cpp
[1.312s] -- Up-to-date: /home/amruth/Documents/git/ros_ws/WS/install/tutorial_interfaces_cpp/include/tutorial_interfaces_cpp/tutorial_interfaces_cpp/msg
[1.312s] -- Up-to-date: /home/amruth/Documents/git/ros_ws/WS/install/tutorial_interfaces_cpp/include/tutorial_interfaces_cpp/tutorial_interfaces_cpp/msg/detail
[1.312s] -- Installing: /home/amruth/Documents/git/ros_ws/WS/install/tutorial_interfaces_cpp/include/tutorial_interfaces_cpp/tutorial_interfaces_cpp/msg/detail/num__rosidl_typesupport_introspection_cpp.hpp
[1.312s] -- Installing: /home/amruth/Documents/git/ros_ws/WS/install/tutorial_interfaces_cpp/include/tutorial_interfaces_cpp/tutorial_interfaces_cpp/msg/detail/sphere__type_support.cpp
[1.312s] -- Installing: /home/amruth/Documents/git/ros_ws/WS/install/tutorial_interfaces_cpp/include/tutorial_interfaces_cpp/tutorial_interfaces_cpp/msg/detail/num__type_support.cpp
[1.312s] -- Installing: /home/amruth/Documents/git/ros_ws/WS/install/tutorial_interfaces_cpp/include/tutorial_interfaces_cpp/tutorial_interfaces_cpp/msg/detail/sphere__rosidl_typesupport_introspection_cpp.hpp
[1.312s] -- Up-to-date: /home/amruth/Documents/git/ros_ws/WS/install/tutorial_interfaces_cpp/include/tutorial_interfaces_cpp/tutorial_interfaces_cpp/srv
[1.312s] -- Up-to-date: /home/amruth/Documents/git/ros_ws/WS/install/tutorial_interfaces_cpp/include/tutorial_interfaces_cpp/tutorial_interfaces_cpp/srv/detail
[1.312s] -- Installing: /home/amruth/Documents/git/ros_ws/WS/install/tutorial_interfaces_cpp/include/tutorial_interfaces_cpp/tutorial_interfaces_cpp/srv/detail/add_three_ints__rosidl_typesupport_introspection_cpp.hpp
[1.313s] -- Installing: /home/amruth/Documents/git/ros_ws/WS/install/tutorial_interfaces_cpp/include/tutorial_interfaces_cpp/tutorial_interfaces_cpp/srv/detail/add_three_ints__type_support.cpp
[1.313s] -- Installing: /home/amruth/Documents/git/ros_ws/WS/install/tutorial_interfaces_cpp/lib/libtutorial_interfaces_cpp__rosidl_typesupport_introspection_cpp.so
[1.313s] -- Set runtime path of "/home/amruth/Documents/git/ros_ws/WS/install/tutorial_interfaces_cpp/lib/libtutorial_interfaces_cpp__rosidl_typesupport_introspection_cpp.so" to ""
[1.313s] -- Installing: /home/amruth/Documents/git/ros_ws/WS/install/tutorial_interfaces_cpp/lib/libtutorial_interfaces_cpp__rosidl_typesupport_cpp.so
[1.313s] -- Set runtime path of "/home/amruth/Documents/git/ros_ws/WS/install/tutorial_interfaces_cpp/lib/libtutorial_interfaces_cpp__rosidl_typesupport_cpp.so" to ""
[1.313s] -- Installing: /home/amruth/Documents/git/ros_ws/WS/install/tutorial_interfaces_cpp/share/tutorial_interfaces_cpp/environment/pythonpath.sh
[1.313s] -- Installing: /home/amruth/Documents/git/ros_ws/WS/install/tutorial_interfaces_cpp/share/tutorial_interfaces_cpp/environment/pythonpath.dsv
[1.313s] -- Installing: /home/amruth/Documents/git/ros_ws/WS/install/tutorial_interfaces_cpp/local/lib/python3.10/dist-packages/tutorial_interfaces_cpp-0.0.0-py3.10.egg-info
[1.313s] -- Installing: /home/amruth/Documents/git/ros_ws/WS/install/tutorial_interfaces_cpp/local/lib/python3.10/dist-packages/tutorial_interfaces_cpp-0.0.0-py3.10.egg-info/top_level.txt
[1.313s] -- Installing: /home/amruth/Documents/git/ros_ws/WS/install/tutorial_interfaces_cpp/local/lib/python3.10/dist-packages/tutorial_interfaces_cpp-0.0.0-py3.10.egg-info/dependency_links.txt
[1.313s] -- Installing: /home/amruth/Documents/git/ros_ws/WS/install/tutorial_interfaces_cpp/local/lib/python3.10/dist-packages/tutorial_interfaces_cpp-0.0.0-py3.10.egg-info/SOURCES.txt
[1.313s] -- Installing: /home/amruth/Documents/git/ros_ws/WS/install/tutorial_interfaces_cpp/local/lib/python3.10/dist-packages/tutorial_interfaces_cpp-0.0.0-py3.10.egg-info/PKG-INFO
[1.313s] -- Installing: /home/amruth/Documents/git/ros_ws/WS/install/tutorial_interfaces_cpp/local/lib/python3.10/dist-packages/tutorial_interfaces_cpp
[1.314s] -- Installing: /home/amruth/Documents/git/ros_ws/WS/install/tutorial_interfaces_cpp/local/lib/python3.10/dist-packages/tutorial_interfaces_cpp/_tutorial_interfaces_cpp_s.ep.rosidl_typesupport_fastrtps_c.c
[1.314s] -- Installing: /home/amruth/Documents/git/ros_ws/WS/install/tutorial_interfaces_cpp/local/lib/python3.10/dist-packages/tutorial_interfaces_cpp/msg
[1.314s] -- Installing: /home/amruth/Documents/git/ros_ws/WS/install/tutorial_interfaces_cpp/local/lib/python3.10/dist-packages/tutorial_interfaces_cpp/msg/_sphere.py
[1.314s] -- Installing: /home/amruth/Documents/git/ros_ws/WS/install/tutorial_interfaces_cpp/local/lib/python3.10/dist-packages/tutorial_interfaces_cpp/msg/_num_s.c
[1.314s] -- Installing: /home/amruth/Documents/git/ros_ws/WS/install/tutorial_interfaces_cpp/local/lib/python3.10/dist-packages/tutorial_interfaces_cpp/msg/__init__.py
[1.314s] -- Installing: /home/amruth/Documents/git/ros_ws/WS/install/tutorial_interfaces_cpp/local/lib/python3.10/dist-packages/tutorial_interfaces_cpp/msg/_num.py
[1.314s] -- Installing: /home/amruth/Documents/git/ros_ws/WS/install/tutorial_interfaces_cpp/local/lib/python3.10/dist-packages/tutorial_interfaces_cpp/msg/_sphere_s.c
[1.314s] -- Installing: /home/amruth/Documents/git/ros_ws/WS/install/tutorial_interfaces_cpp/local/lib/python3.10/dist-packages/tutorial_interfaces_cpp/_tutorial_interfaces_cpp_s.ep.rosidl_typesupport_microxrcedds_c.c
[1.314s] -- Installing: /home/amruth/Documents/git/ros_ws/WS/install/tutorial_interfaces_cpp/local/lib/python3.10/dist-packages/tutorial_interfaces_cpp/_tutorial_interfaces_cpp_s.ep.rosidl_typesupport_introspection_c.c
[1.314s] -- Installing: /home/amruth/Documents/git/ros_ws/WS/install/tutorial_interfaces_cpp/local/lib/python3.10/dist-packages/tutorial_interfaces_cpp/tutorial_interfaces_cpp_s__rosidl_typesupport_fastrtps_c.cpython-311-x86_64-linux-gnu.so
[1.314s] -- Installing: /home/amruth/Documents/git/ros_ws/WS/install/tutorial_interfaces_cpp/local/lib/python3.10/dist-packages/tutorial_interfaces_cpp/srv
[1.314s] -- Installing: /home/amruth/Documents/git/ros_ws/WS/install/tutorial_interfaces_cpp/local/lib/python3.10/dist-packages/tutorial_interfaces_cpp/srv/_add_three_ints_s.c
[1.314s] -- Installing: /home/amruth/Documents/git/ros_ws/WS/install/tutorial_interfaces_cpp/local/lib/python3.10/dist-packages/tutorial_interfaces_cpp/srv/__init__.py
[1.314s] -- Installing: /home/amruth/Documents/git/ros_ws/WS/install/tutorial_interfaces_cpp/local/lib/python3.10/dist-packages/tutorial_interfaces_cpp/srv/_add_three_ints.py
[1.314s] -- Installing: /home/amruth/Documents/git/ros_ws/WS/install/tutorial_interfaces_cpp/local/lib/python3.10/dist-packages/tutorial_interfaces_cpp/__init__.py
[1.314s] -- Installing: /home/amruth/Documents/git/ros_ws/WS/install/tutorial_interfaces_cpp/local/lib/python3.10/dist-packages/tutorial_interfaces_cpp/tutorial_interfaces_cpp_s__rosidl_typesupport_introspection_c.cpython-311-x86_64-linux-gnu.so
[1.314s] -- Installing: /home/amruth/Documents/git/ros_ws/WS/install/tutorial_interfaces_cpp/local/lib/python3.10/dist-packages/tutorial_interfaces_cpp/tutorial_interfaces_cpp_s__rosidl_typesupport_c.cpython-311-x86_64-linux-gnu.so
[1.315s] -- Installing: /home/amruth/Documents/git/ros_ws/WS/install/tutorial_interfaces_cpp/local/lib/python3.10/dist-packages/tutorial_interfaces_cpp/_tutorial_interfaces_cpp_s.ep.rosidl_typesupport_c.c
[1.315s] -- Installing: /home/amruth/Documents/git/ros_ws/WS/install/tutorial_interfaces_cpp/local/lib/python3.10/dist-packages/tutorial_interfaces_cpp/tutorial_interfaces_cpp_s__rosidl_typesupport_microxrcedds_c.cpython-311-x86_64-linux-gnu.so
[1.315s] -- Installing: /home/amruth/Documents/git/ros_ws/WS/install/tutorial_interfaces_cpp/local/lib/python3.10/dist-packages/tutorial_interfaces_cpp/libtutorial_interfaces_cpp__rosidl_generator_py.so
[1.354s] Listing '/home/amruth/Documents/git/ros_ws/WS/install/tutorial_interfaces_cpp/local/lib/python3.10/dist-packages/tutorial_interfaces_cpp'...
[1.354s] Compiling '/home/amruth/Documents/git/ros_ws/WS/install/tutorial_interfaces_cpp/local/lib/python3.10/dist-packages/tutorial_interfaces_cpp/__init__.py'...
[1.355s] Listing '/home/amruth/Documents/git/ros_ws/WS/install/tutorial_interfaces_cpp/local/lib/python3.10/dist-packages/tutorial_interfaces_cpp/msg'...
[1.355s] Compiling '/home/amruth/Documents/git/ros_ws/WS/install/tutorial_interfaces_cpp/local/lib/python3.10/dist-packages/tutorial_interfaces_cpp/msg/__init__.py'...
[1.355s] Compiling '/home/amruth/Documents/git/ros_ws/WS/install/tutorial_interfaces_cpp/local/lib/python3.10/dist-packages/tutorial_interfaces_cpp/msg/_num.py'...
[1.355s] Compiling '/home/amruth/Documents/git/ros_ws/WS/install/tutorial_interfaces_cpp/local/lib/python3.10/dist-packages/tutorial_interfaces_cpp/msg/_sphere.py'...
[1.355s] Listing '/home/amruth/Documents/git/ros_ws/WS/install/tutorial_interfaces_cpp/local/lib/python3.10/dist-packages/tutorial_interfaces_cpp/srv'...
[1.355s] Compiling '/home/amruth/Documents/git/ros_ws/WS/install/tutorial_interfaces_cpp/local/lib/python3.10/dist-packages/tutorial_interfaces_cpp/srv/__init__.py'...
[1.355s] Compiling '/home/amruth/Documents/git/ros_ws/WS/install/tutorial_interfaces_cpp/local/lib/python3.10/dist-packages/tutorial_interfaces_cpp/srv/_add_three_ints.py'...
[1.359s] -- Installing: /home/amruth/Documents/git/ros_ws/WS/install/tutorial_interfaces_cpp/local/lib/python3.10/dist-packages/tutorial_interfaces_cpp/tutorial_interfaces_cpp_s__rosidl_typesupport_microxrcedds_c.cpython-311-x86_64-linux-gnu.so
[1.359s] -- Set runtime path of "/home/amruth/Documents/git/ros_ws/WS/install/tutorial_interfaces_cpp/local/lib/python3.10/dist-packages/tutorial_interfaces_cpp/tutorial_interfaces_cpp_s__rosidl_typesupport_microxrcedds_c.cpython-311-x86_64-linux-gnu.so" to ""
[1.360s] -- Installing: /home/amruth/Documents/git/ros_ws/WS/install/tutorial_interfaces_cpp/local/lib/python3.10/dist-packages/tutorial_interfaces_cpp/tutorial_interfaces_cpp_s__rosidl_typesupport_fastrtps_c.cpython-311-x86_64-linux-gnu.so
[1.360s] -- Set runtime path of "/home/amruth/Documents/git/ros_ws/WS/install/tutorial_interfaces_cpp/local/lib/python3.10/dist-packages/tutorial_interfaces_cpp/tutorial_interfaces_cpp_s__rosidl_typesupport_fastrtps_c.cpython-311-x86_64-linux-gnu.so" to ""
[1.360s] -- Installing: /home/amruth/Documents/git/ros_ws/WS/install/tutorial_interfaces_cpp/local/lib/python3.10/dist-packages/tutorial_interfaces_cpp/tutorial_interfaces_cpp_s__rosidl_typesupport_introspection_c.cpython-311-x86_64-linux-gnu.so
[1.360s] -- Set runtime path of "/home/amruth/Documents/git/ros_ws/WS/install/tutorial_interfaces_cpp/local/lib/python3.10/dist-packages/tutorial_interfaces_cpp/tutorial_interfaces_cpp_s__rosidl_typesupport_introspection_c.cpython-311-x86_64-linux-gnu.so" to ""
[1.360s] -- Installing: /home/amruth/Documents/git/ros_ws/WS/install/tutorial_interfaces_cpp/local/lib/python3.10/dist-packages/tutorial_interfaces_cpp/tutorial_interfaces_cpp_s__rosidl_typesupport_c.cpython-311-x86_64-linux-gnu.so
[1.360s] -- Set runtime path of "/home/amruth/Documents/git/ros_ws/WS/install/tutorial_interfaces_cpp/local/lib/python3.10/dist-packages/tutorial_interfaces_cpp/tutorial_interfaces_cpp_s__rosidl_typesupport_c.cpython-311-x86_64-linux-gnu.so" to ""
[1.361s] -- Installing: /home/amruth/Documents/git/ros_ws/WS/install/tutorial_interfaces_cpp/lib/libtutorial_interfaces_cpp__rosidl_generator_py.so
[1.361s] -- Set runtime path of "/home/amruth/Documents/git/ros_ws/WS/install/tutorial_interfaces_cpp/lib/libtutorial_interfaces_cpp__rosidl_generator_py.so" to ""
[1.361s] -- Installing: /home/amruth/Documents/git/ros_ws/WS/install/tutorial_interfaces_cpp/share/tutorial_interfaces_cpp/msg/Num.idl
[1.361s] -- Installing: /home/amruth/Documents/git/ros_ws/WS/install/tutorial_interfaces_cpp/share/tutorial_interfaces_cpp/msg/Sphere.idl
[1.361s] -- Installing: /home/amruth/Documents/git/ros_ws/WS/install/tutorial_interfaces_cpp/share/tutorial_interfaces_cpp/srv/AddThreeInts.idl
[1.361s] -- Installing: /home/amruth/Documents/git/ros_ws/WS/install/tutorial_interfaces_cpp/share/tutorial_interfaces_cpp/msg/Num.msg
[1.361s] -- Installing: /home/amruth/Documents/git/ros_ws/WS/install/tutorial_interfaces_cpp/share/tutorial_interfaces_cpp/msg/Sphere.msg
[1.361s] -- Installing: /home/amruth/Documents/git/ros_ws/WS/install/tutorial_interfaces_cpp/share/tutorial_interfaces_cpp/srv/AddThreeInts.srv
[1.361s] -- Installing: /home/amruth/Documents/git/ros_ws/WS/install/tutorial_interfaces_cpp/share/tutorial_interfaces_cpp/srv/AddThreeInts_Request.msg
[1.362s] -- Installing: /home/amruth/Documents/git/ros_ws/WS/install/tutorial_interfaces_cpp/share/tutorial_interfaces_cpp/srv/AddThreeInts_Response.msg
[1.362s] -- Installing: /home/amruth/Documents/git/ros_ws/WS/install/tutorial_interfaces_cpp/share/ament_index/resource_index/package_run_dependencies/tutorial_interfaces_cpp
[1.362s] -- Installing: /home/amruth/Documents/git/ros_ws/WS/install/tutorial_interfaces_cpp/share/ament_index/resource_index/parent_prefix_path/tutorial_interfaces_cpp
[1.362s] -- Installing: /home/amruth/Documents/git/ros_ws/WS/install/tutorial_interfaces_cpp/share/tutorial_interfaces_cpp/environment/ament_prefix_path.sh
[1.362s] -- Installing: /home/amruth/Documents/git/ros_ws/WS/install/tutorial_interfaces_cpp/share/tutorial_interfaces_cpp/environment/ament_prefix_path.dsv
[1.362s] -- Installing: /home/amruth/Documents/git/ros_ws/WS/install/tutorial_interfaces_cpp/share/tutorial_interfaces_cpp/environment/path.sh
[1.362s] -- Installing: /home/amruth/Documents/git/ros_ws/WS/install/tutorial_interfaces_cpp/share/tutorial_interfaces_cpp/environment/path.dsv
[1.362s] -- Installing: /home/amruth/Documents/git/ros_ws/WS/install/tutorial_interfaces_cpp/share/tutorial_interfaces_cpp/local_setup.bash
[1.362s] -- Installing: /home/amruth/Documents/git/ros_ws/WS/install/tutorial_interfaces_cpp/share/tutorial_interfaces_cpp/local_setup.sh
[1.362s] -- Installing: /home/amruth/Documents/git/ros_ws/WS/install/tutorial_interfaces_cpp/share/tutorial_interfaces_cpp/local_setup.zsh
[1.362s] -- Installing: /home/amruth/Documents/git/ros_ws/WS/install/tutorial_interfaces_cpp/share/tutorial_interfaces_cpp/local_setup.dsv
[1.363s] -- Installing: /home/amruth/Documents/git/ros_ws/WS/install/tutorial_interfaces_cpp/share/tutorial_interfaces_cpp/package.dsv
[1.363s] -- Installing: /home/amruth/Documents/git/ros_ws/WS/install/tutorial_interfaces_cpp/share/ament_index/resource_index/packages/tutorial_interfaces_cpp
[1.363s] -- Installing: /home/amruth/Documents/git/ros_ws/WS/install/tutorial_interfaces_cpp/share/tutorial_interfaces_cpp/cmake/export_tutorial_interfaces_cpp__rosidl_generator_cExport.cmake
[1.363s] -- Installing: /home/amruth/Documents/git/ros_ws/WS/install/tutorial_interfaces_cpp/share/tutorial_interfaces_cpp/cmake/export_tutorial_interfaces_cpp__rosidl_generator_cExport-noconfig.cmake
[1.363s] -- Installing: /home/amruth/Documents/git/ros_ws/WS/install/tutorial_interfaces_cpp/share/tutorial_interfaces_cpp/cmake/export_tutorial_interfaces_cpp__rosidl_typesupport_fastrtps_cExport.cmake
[1.363s] -- Installing: /home/amruth/Documents/git/ros_ws/WS/install/tutorial_interfaces_cpp/share/tutorial_interfaces_cpp/cmake/export_tutorial_interfaces_cpp__rosidl_typesupport_fastrtps_cExport-noconfig.cmake
[1.363s] -- Installing: /home/amruth/Documents/git/ros_ws/WS/install/tutorial_interfaces_cpp/share/tutorial_interfaces_cpp/cmake/export_tutorial_interfaces_cpp__rosidl_generator_cppExport.cmake
[1.363s] -- Installing: /home/amruth/Documents/git/ros_ws/WS/install/tutorial_interfaces_cpp/share/tutorial_interfaces_cpp/cmake/export_tutorial_interfaces_cpp__rosidl_typesupport_fastrtps_cppExport.cmake
[1.363s] -- Installing: /home/amruth/Documents/git/ros_ws/WS/install/tutorial_interfaces_cpp/share/tutorial_interfaces_cpp/cmake/export_tutorial_interfaces_cpp__rosidl_typesupport_fastrtps_cppExport-noconfig.cmake
[1.363s] -- Installing: /home/amruth/Documents/git/ros_ws/WS/install/tutorial_interfaces_cpp/share/tutorial_interfaces_cpp/cmake/tutorial_interfaces_cpp__rosidl_typesupport_introspection_cExport.cmake
[1.363s] -- Installing: /home/amruth/Documents/git/ros_ws/WS/install/tutorial_interfaces_cpp/share/tutorial_interfaces_cpp/cmake/tutorial_interfaces_cpp__rosidl_typesupport_introspection_cExport-noconfig.cmake
[1.364s] -- Installing: /home/amruth/Documents/git/ros_ws/WS/install/tutorial_interfaces_cpp/share/tutorial_interfaces_cpp/cmake/tutorial_interfaces_cpp__rosidl_typesupport_cExport.cmake
[1.364s] -- Installing: /home/amruth/Documents/git/ros_ws/WS/install/tutorial_interfaces_cpp/share/tutorial_interfaces_cpp/cmake/tutorial_interfaces_cpp__rosidl_typesupport_cExport-noconfig.cmake
[1.364s] -- Installing: /home/amruth/Documents/git/ros_ws/WS/install/tutorial_interfaces_cpp/share/tutorial_interfaces_cpp/cmake/tutorial_interfaces_cpp__rosidl_typesupport_introspection_cppExport.cmake
[1.364s] -- Installing: /home/amruth/Documents/git/ros_ws/WS/install/tutorial_interfaces_cpp/share/tutorial_interfaces_cpp/cmake/tutorial_interfaces_cpp__rosidl_typesupport_introspection_cppExport-noconfig.cmake
[1.364s] -- Installing: /home/amruth/Documents/git/ros_ws/WS/install/tutorial_interfaces_cpp/share/tutorial_interfaces_cpp/cmake/tutorial_interfaces_cpp__rosidl_typesupport_cppExport.cmake
[1.364s] -- Installing: /home/amruth/Documents/git/ros_ws/WS/install/tutorial_interfaces_cpp/share/tutorial_interfaces_cpp/cmake/tutorial_interfaces_cpp__rosidl_typesupport_cppExport-noconfig.cmake
[1.364s] -- Installing: /home/amruth/Documents/git/ros_ws/WS/install/tutorial_interfaces_cpp/share/tutorial_interfaces_cpp/cmake/export_tutorial_interfaces_cpp__rosidl_generator_pyExport.cmake
[1.364s] -- Installing: /home/amruth/Documents/git/ros_ws/WS/install/tutorial_interfaces_cpp/share/tutorial_interfaces_cpp/cmake/export_tutorial_interfaces_cpp__rosidl_generator_pyExport-noconfig.cmake
[1.364s] -- Installing: /home/amruth/Documents/git/ros_ws/WS/install/tutorial_interfaces_cpp/share/tutorial_interfaces_cpp/cmake/rosidl_cmake-extras.cmake
[1.364s] -- Installing: /home/amruth/Documents/git/ros_ws/WS/install/tutorial_interfaces_cpp/share/tutorial_interfaces_cpp/cmake/ament_cmake_export_dependencies-extras.cmake
[1.364s] -- Installing: /home/amruth/Documents/git/ros_ws/WS/install/tutorial_interfaces_cpp/share/tutorial_interfaces_cpp/cmake/ament_cmake_export_include_directories-extras.cmake
[1.365s] -- Installing: /home/amruth/Documents/git/ros_ws/WS/install/tutorial_interfaces_cpp/share/tutorial_interfaces_cpp/cmake/ament_cmake_export_libraries-extras.cmake
[1.365s] -- Installing: /home/amruth/Documents/git/ros_ws/WS/install/tutorial_interfaces_cpp/share/tutorial_interfaces_cpp/cmake/ament_cmake_export_targets-extras.cmake
[1.365s] -- Installing: /home/amruth/Documents/git/ros_ws/WS/install/tutorial_interfaces_cpp/share/tutorial_interfaces_cpp/cmake/rosidl_cmake_export_typesupport_targets-extras.cmake
[1.365s] -- Installing: /home/amruth/Documents/git/ros_ws/WS/install/tutorial_interfaces_cpp/share/tutorial_interfaces_cpp/cmake/rosidl_cmake_export_typesupport_libraries-extras.cmake
[1.365s] -- Installing: /home/amruth/Documents/git/ros_ws/WS/install/tutorial_interfaces_cpp/share/tutorial_interfaces_cpp/cmake/tutorial_interfaces_cppConfig.cmake
[1.365s] -- Installing: /home/amruth/Documents/git/ros_ws/WS/install/tutorial_interfaces_cpp/share/tutorial_interfaces_cpp/cmake/tutorial_interfaces_cppConfig-version.cmake
[1.365s] -- Installing: /home/amruth/Documents/git/ros_ws/WS/install/tutorial_interfaces_cpp/share/tutorial_interfaces_cpp/package.xml
[1.367s] Invoked command in '/home/amruth/Documents/git/ros_ws/WS/build/tutorial_interfaces_cpp' returned '0': CMAKE_PREFIX_PATH=${CMAKE_PREFIX_PATH}:/home/amruth/Documents/git/ros_ws/WS/install/py_srvcli:/home/amruth/Documents/git/ros_ws/WS/install/py_pubsub_2:/home/amruth/Documents/git/ros_ws/WS/install/py_pubsub:/home/amruth/Documents/git/ros_ws/WS/install/my_py_pkg_2:/home/amruth/Documents/git/ros_ws/WS/install/my_py_pkg:/home/amruth/Documents/git/microros_ws/install/sensor_msgs_py:/opt/ros/humble /usr/bin/cmake --install /home/amruth/Documents/git/ros_ws/WS/build/tutorial_interfaces_cpp
