[0.016s] Invoking command in '/home/ros_ws/build/my_robot_interfaces': CMAKE_PREFIX_PATH=${CMAKE_PREFIX_PATH}:/home/ros_ws/install/my_py_pkg:/opt/ros/foxy /usr/bin/cmake --build /home/ros_ws/build/my_robot_interfaces -- -j16 -l16
[0.069s] [  9%] Built target my_robot_interfaces__rosidl_generator_c
[0.073s] [ 12%] Built target my_robot_interfaces__cpp
[0.094s] [ 22%] Built target my_robot_interfaces__rosidl_typesupport_cpp
[0.097s] [ 32%] Built target my_robot_interfaces__rosidl_typesupport_fastrtps_cpp
[0.099s] [ 41%] Built target my_robot_interfaces__rosidl_typesupport_introspection_c
[0.102s] [ 51%] Built target my_robot_interfaces__rosidl_typesupport_c
[0.106s] [ 61%] Built target my_robot_interfaces__rosidl_typesupport_introspection_cpp
[0.129s] [ 70%] Built target my_robot_interfaces__rosidl_typesupport_fastrtps_c
[0.159s] [ 70%] Built target my_robot_interfaces
[0.185s] [ 74%] Built target my_robot_interfaces__py
[0.219s] [ 80%] Built target my_robot_interfaces__python
[0.245s] [ 87%] Built target my_robot_interfaces__rosidl_typesupport_introspection_c__pyext
[0.246s] [ 93%] Built target my_robot_interfaces__rosidl_typesupport_c__pyext
[0.261s] [100%] Built target my_robot_interfaces__rosidl_typesupport_fastrtps_c__pyext
[0.282s] Invoked command in '/home/ros_ws/build/my_robot_interfaces' returned '0': CMAKE_PREFIX_PATH=${CMAKE_PREFIX_PATH}:/home/ros_ws/install/my_py_pkg:/opt/ros/foxy /usr/bin/cmake --build /home/ros_ws/build/my_robot_interfaces -- -j16 -l16
[0.351s] Invoking command in '/home/ros_ws/build/my_robot_interfaces': CMAKE_PREFIX_PATH=${CMAKE_PREFIX_PATH}:/home/ros_ws/install/my_py_pkg:/opt/ros/foxy /usr/bin/cmake --install /home/ros_ws/build/my_robot_interfaces
[0.358s] -- Install configuration: ""
[0.359s] -- Up-to-date: /home/ros_ws/install/my_robot_interfaces/share/ament_index/resource_index/rosidl_interfaces/my_robot_interfaces
[0.359s] -- Up-to-date: /home/ros_ws/install/my_robot_interfaces/include/my_robot_interfaces
[0.359s] -- Up-to-date: /home/ros_ws/install/my_robot_interfaces/include/my_robot_interfaces/msg
[0.359s] -- Up-to-date: /home/ros_ws/install/my_robot_interfaces/include/my_robot_interfaces/msg/detail
[0.359s] -- Up-to-date: /home/ros_ws/install/my_robot_interfaces/include/my_robot_interfaces/msg/detail/hardware_status__type_support.h
[0.359s] -- Up-to-date: /home/ros_ws/install/my_robot_interfaces/include/my_robot_interfaces/msg/detail/hardware_status__functions.h
[0.359s] -- Up-to-date: /home/ros_ws/install/my_robot_interfaces/include/my_robot_interfaces/msg/detail/hardware_status__functions.c
[0.359s] -- Up-to-date: /home/ros_ws/install/my_robot_interfaces/include/my_robot_interfaces/msg/detail/hardware_status__struct.h
[0.359s] -- Up-to-date: /home/ros_ws/install/my_robot_interfaces/include/my_robot_interfaces/msg/hardware_status.h
[0.360s] -- Up-to-date: /home/ros_ws/install/my_robot_interfaces/include/my_robot_interfaces/msg/rosidl_generator_c__visibility_control.h
[0.360s] -- Up-to-date: /home/ros_ws/install/my_robot_interfaces/share/my_robot_interfaces/environment/library_path.sh
[0.360s] -- Up-to-date: /home/ros_ws/install/my_robot_interfaces/share/my_robot_interfaces/environment/library_path.dsv
[0.360s] -- Up-to-date: /home/ros_ws/install/my_robot_interfaces/lib/libmy_robot_interfaces__rosidl_generator_c.so
[0.360s] -- Up-to-date: /home/ros_ws/install/my_robot_interfaces/include/my_robot_interfaces
[0.360s] -- Up-to-date: /home/ros_ws/install/my_robot_interfaces/include/my_robot_interfaces/msg
[0.360s] -- Up-to-date: /home/ros_ws/install/my_robot_interfaces/include/my_robot_interfaces/msg/detail
[0.360s] -- Up-to-date: /home/ros_ws/install/my_robot_interfaces/include/my_robot_interfaces/msg/detail/hardware_status__rosidl_typesupport_fastrtps_c.h
[0.360s] -- Up-to-date: /home/ros_ws/install/my_robot_interfaces/include/my_robot_interfaces/msg/rosidl_typesupport_fastrtps_c__visibility_control.h
[0.360s] -- Up-to-date: /home/ros_ws/install/my_robot_interfaces/lib/libmy_robot_interfaces__rosidl_typesupport_fastrtps_c.so
[0.360s] -- Up-to-date: /home/ros_ws/install/my_robot_interfaces/include/my_robot_interfaces
[0.360s] -- Up-to-date: /home/ros_ws/install/my_robot_interfaces/include/my_robot_interfaces/msg
[0.361s] -- Up-to-date: /home/ros_ws/install/my_robot_interfaces/include/my_robot_interfaces/msg/detail
[0.361s] -- Up-to-date: /home/ros_ws/install/my_robot_interfaces/include/my_robot_interfaces/msg/detail/hardware_status__rosidl_typesupport_fastrtps_cpp.hpp
[0.361s] -- Up-to-date: /home/ros_ws/install/my_robot_interfaces/include/my_robot_interfaces/msg/detail/dds_fastrtps
[0.361s] -- Up-to-date: /home/ros_ws/install/my_robot_interfaces/include/my_robot_interfaces/msg/rosidl_typesupport_fastrtps_cpp__visibility_control.h
[0.361s] -- Up-to-date: /home/ros_ws/install/my_robot_interfaces/lib/libmy_robot_interfaces__rosidl_typesupport_fastrtps_cpp.so
[0.361s] -- Up-to-date: /home/ros_ws/install/my_robot_interfaces/include/my_robot_interfaces
[0.361s] -- Up-to-date: /home/ros_ws/install/my_robot_interfaces/include/my_robot_interfaces/msg
[0.361s] -- Up-to-date: /home/ros_ws/install/my_robot_interfaces/include/my_robot_interfaces/msg/detail
[0.361s] -- Up-to-date: /home/ros_ws/install/my_robot_interfaces/include/my_robot_interfaces/msg/detail/hardware_status__rosidl_typesupport_introspection_c.h
[0.361s] -- Up-to-date: /home/ros_ws/install/my_robot_interfaces/include/my_robot_interfaces/msg/detail/hardware_status__type_support.c
[0.361s] -- Up-to-date: /home/ros_ws/install/my_robot_interfaces/include/my_robot_interfaces/msg/rosidl_typesupport_introspection_c__visibility_control.h
[0.361s] -- Up-to-date: /home/ros_ws/install/my_robot_interfaces/lib/libmy_robot_interfaces__rosidl_typesupport_introspection_c.so
[0.361s] -- Up-to-date: /home/ros_ws/install/my_robot_interfaces/lib/libmy_robot_interfaces__rosidl_typesupport_c.so
[0.362s] -- Up-to-date: /home/ros_ws/install/my_robot_interfaces/include/my_robot_interfaces
[0.362s] -- Up-to-date: /home/ros_ws/install/my_robot_interfaces/include/my_robot_interfaces/msg
[0.362s] -- Up-to-date: /home/ros_ws/install/my_robot_interfaces/include/my_robot_interfaces/msg/detail
[0.362s] -- Up-to-date: /home/ros_ws/install/my_robot_interfaces/include/my_robot_interfaces/msg/detail/hardware_status__builder.hpp
[0.362s] -- Up-to-date: /home/ros_ws/install/my_robot_interfaces/include/my_robot_interfaces/msg/detail/hardware_status__struct.hpp
[0.362s] -- Up-to-date: /home/ros_ws/install/my_robot_interfaces/include/my_robot_interfaces/msg/detail/hardware_status__traits.hpp
[0.362s] -- Up-to-date: /home/ros_ws/install/my_robot_interfaces/include/my_robot_interfaces/msg/hardware_status.hpp
[0.362s] -- Up-to-date: /home/ros_ws/install/my_robot_interfaces/include/my_robot_interfaces
[0.362s] -- Up-to-date: /home/ros_ws/install/my_robot_interfaces/include/my_robot_interfaces/msg
[0.362s] -- Up-to-date: /home/ros_ws/install/my_robot_interfaces/include/my_robot_interfaces/msg/detail
[0.362s] -- Up-to-date: /home/ros_ws/install/my_robot_interfaces/include/my_robot_interfaces/msg/detail/hardware_status__rosidl_typesupport_introspection_cpp.hpp
[0.362s] -- Up-to-date: /home/ros_ws/install/my_robot_interfaces/include/my_robot_interfaces/msg/detail/hardware_status__type_support.cpp
[0.362s] -- Up-to-date: /home/ros_ws/install/my_robot_interfaces/lib/libmy_robot_interfaces__rosidl_typesupport_introspection_cpp.so
[0.362s] -- Up-to-date: /home/ros_ws/install/my_robot_interfaces/lib/libmy_robot_interfaces__rosidl_typesupport_cpp.so
[0.363s] -- Up-to-date: /home/ros_ws/install/my_robot_interfaces/share/my_robot_interfaces/environment/pythonpath.sh
[0.363s] -- Up-to-date: /home/ros_ws/install/my_robot_interfaces/share/my_robot_interfaces/environment/pythonpath.dsv
[0.363s] -- Up-to-date: /home/ros_ws/install/my_robot_interfaces/lib/python3.8/site-packages/my_robot_interfaces/__init__.py
[0.412s] -- Up-to-date: /home/ros_ws/install/my_robot_interfaces/lib/python3.8/site-packages/my_robot_interfaces/msg
[0.412s] -- Up-to-date: /home/ros_ws/install/my_robot_interfaces/lib/python3.8/site-packages/my_robot_interfaces/msg/__init__.py
[0.413s] -- Up-to-date: /home/ros_ws/install/my_robot_interfaces/lib/python3.8/site-packages/my_robot_interfaces/msg/_hardware_status.py
[0.413s] -- Up-to-date: /home/ros_ws/install/my_robot_interfaces/lib/python3.8/site-packages/my_robot_interfaces/msg/_hardware_status_s.c
[0.413s] -- Up-to-date: /home/ros_ws/install/my_robot_interfaces/lib/python3.8/site-packages/my_robot_interfaces/my_robot_interfaces_s__rosidl_typesupport_fastrtps_c.cpython-38-x86_64-linux-gnu.so
[0.413s] -- Up-to-date: /home/ros_ws/install/my_robot_interfaces/lib/python3.8/site-packages/my_robot_interfaces/my_robot_interfaces_s__rosidl_typesupport_introspection_c.cpython-38-x86_64-linux-gnu.so
[0.414s] -- Up-to-date: /home/ros_ws/install/my_robot_interfaces/lib/python3.8/site-packages/my_robot_interfaces/my_robot_interfaces_s__rosidl_typesupport_c.cpython-38-x86_64-linux-gnu.so
[0.414s] -- Up-to-date: /home/ros_ws/install/my_robot_interfaces/lib/libmy_robot_interfaces__python.so
[0.415s] -- Up-to-date: /home/ros_ws/install/my_robot_interfaces/share/my_robot_interfaces/msg/HardwareStatus.idl
[0.415s] -- Up-to-date: /home/ros_ws/install/my_robot_interfaces/share/my_robot_interfaces/msg/HardwareStatus.msg
[0.415s] -- Up-to-date: /home/ros_ws/install/my_robot_interfaces/share/ament_index/resource_index/package_run_dependencies/my_robot_interfaces
[0.415s] -- Up-to-date: /home/ros_ws/install/my_robot_interfaces/share/ament_index/resource_index/parent_prefix_path/my_robot_interfaces
[0.416s] -- Up-to-date: /home/ros_ws/install/my_robot_interfaces/share/my_robot_interfaces/environment/ament_prefix_path.sh
[0.416s] -- Up-to-date: /home/ros_ws/install/my_robot_interfaces/share/my_robot_interfaces/environment/ament_prefix_path.dsv
[0.416s] -- Up-to-date: /home/ros_ws/install/my_robot_interfaces/share/my_robot_interfaces/environment/path.sh
[0.416s] -- Up-to-date: /home/ros_ws/install/my_robot_interfaces/share/my_robot_interfaces/environment/path.dsv
[0.417s] -- Up-to-date: /home/ros_ws/install/my_robot_interfaces/share/my_robot_interfaces/local_setup.bash
[0.417s] -- Up-to-date: /home/ros_ws/install/my_robot_interfaces/share/my_robot_interfaces/local_setup.sh
[0.417s] -- Up-to-date: /home/ros_ws/install/my_robot_interfaces/share/my_robot_interfaces/local_setup.zsh
[0.417s] -- Up-to-date: /home/ros_ws/install/my_robot_interfaces/share/my_robot_interfaces/local_setup.dsv
[0.417s] -- Installing: /home/ros_ws/install/my_robot_interfaces/share/my_robot_interfaces/package.dsv
[0.417s] -- Up-to-date: /home/ros_ws/install/my_robot_interfaces/share/ament_index/resource_index/packages/my_robot_interfaces
[0.418s] -- Up-to-date: /home/ros_ws/install/my_robot_interfaces/share/my_robot_interfaces/cmake/my_robot_interfaces__rosidl_generator_cExport.cmake
[0.418s] -- Up-to-date: /home/ros_ws/install/my_robot_interfaces/share/my_robot_interfaces/cmake/my_robot_interfaces__rosidl_generator_cExport-noconfig.cmake
[0.418s] -- Up-to-date: /home/ros_ws/install/my_robot_interfaces/share/my_robot_interfaces/cmake/my_robot_interfaces__rosidl_typesupport_introspection_cExport.cmake
[0.418s] -- Up-to-date: /home/ros_ws/install/my_robot_interfaces/share/my_robot_interfaces/cmake/my_robot_interfaces__rosidl_typesupport_introspection_cExport-noconfig.cmake
[0.419s] -- Up-to-date: /home/ros_ws/install/my_robot_interfaces/share/my_robot_interfaces/cmake/my_robot_interfaces__rosidl_typesupport_cExport.cmake
[0.420s] -- Up-to-date: /home/ros_ws/install/my_robot_interfaces/share/my_robot_interfaces/cmake/my_robot_interfaces__rosidl_typesupport_cExport-noconfig.cmake
[0.422s] -- Up-to-date: /home/ros_ws/install/my_robot_interfaces/share/my_robot_interfaces/cmake/my_robot_interfaces__rosidl_generator_cppExport.cmake
[0.422s] -- Up-to-date: /home/ros_ws/install/my_robot_interfaces/share/my_robot_interfaces/cmake/my_robot_interfaces__rosidl_typesupport_introspection_cppExport.cmake
[0.423s] -- Up-to-date: /home/ros_ws/install/my_robot_interfaces/share/my_robot_interfaces/cmake/my_robot_interfaces__rosidl_typesupport_introspection_cppExport-noconfig.cmake
[0.423s] -- Up-to-date: /home/ros_ws/install/my_robot_interfaces/share/my_robot_interfaces/cmake/my_robot_interfaces__rosidl_typesupport_cppExport.cmake
[0.424s] -- Up-to-date: /home/ros_ws/install/my_robot_interfaces/share/my_robot_interfaces/cmake/my_robot_interfaces__rosidl_typesupport_cppExport-noconfig.cmake
[0.424s] -- Up-to-date: /home/ros_ws/install/my_robot_interfaces/share/my_robot_interfaces/cmake/rosidl_cmake-extras.cmake
[0.425s] -- Up-to-date: /home/ros_ws/install/my_robot_interfaces/share/my_robot_interfaces/cmake/ament_cmake_export_dependencies-extras.cmake
[0.425s] -- Up-to-date: /home/ros_ws/install/my_robot_interfaces/share/my_robot_interfaces/cmake/ament_cmake_export_libraries-extras.cmake
[0.426s] -- Up-to-date: /home/ros_ws/install/my_robot_interfaces/share/my_robot_interfaces/cmake/ament_cmake_export_targets-extras.cmake
[0.427s] -- Up-to-date: /home/ros_ws/install/my_robot_interfaces/share/my_robot_interfaces/cmake/ament_cmake_export_include_directories-extras.cmake
[0.427s] -- Up-to-date: /home/ros_ws/install/my_robot_interfaces/share/my_robot_interfaces/cmake/rosidl_cmake_export_typesupport_libraries-extras.cmake
[0.429s] -- Up-to-date: /home/ros_ws/install/my_robot_interfaces/share/my_robot_interfaces/cmake/rosidl_cmake_export_typesupport_targets-extras.cmake
[0.429s] -- Up-to-date: /home/ros_ws/install/my_robot_interfaces/share/my_robot_interfaces/cmake/my_robot_interfacesConfig.cmake
[0.431s] -- Up-to-date: /home/ros_ws/install/my_robot_interfaces/share/my_robot_interfaces/cmake/my_robot_interfacesConfig-version.cmake
[0.431s] -- Up-to-date: /home/ros_ws/install/my_robot_interfaces/share/my_robot_interfaces/package.xml
[0.432s] Invoked command in '/home/ros_ws/build/my_robot_interfaces' returned '0': CMAKE_PREFIX_PATH=${CMAKE_PREFIX_PATH}:/home/ros_ws/install/my_py_pkg:/opt/ros/foxy /usr/bin/cmake --install /home/ros_ws/build/my_robot_interfaces
