-- Found ament_cmake: 0.9.11 (/opt/ros/foxy/share/ament_cmake/cmake)
-- Using PYTHON_EXECUTABLE: /usr/bin/python3
-- Found rclcpp: 2.4.2 (/opt/ros/foxy/share/rclcpp/cmake)
-- Using all available rosidl_typesupport_c: rosidl_typesupport_fastrtps_c;rosidl_typesupport_introspection_c
-- Found rosidl_adapter: 1.3.0 (/opt/ros/foxy/share/rosidl_adapter/cmake)
-- Using all available rosidl_typesupport_cpp: rosidl_typesupport_fastrtps_cpp;rosidl_typesupport_introspection_cpp
-- Found rmw_implementation_cmake: 1.0.3 (/opt/ros/foxy/share/rmw_implementation_cmake/cmake)
-- Using RMW implementation 'rmw_fastrtps_cpp' as default
-- Found bat_led_interfaces: 0.0.0 (/home/ros_ws/install/bat_led_interfaces/share/bat_led_interfaces/cmake)
-- Configuring done
-- Generating done
-- Build files have been written to: /home/ros_ws/build/batt_led
[35m[1mScanning dependencies of target led_pannel[0m
[ 50%] Built target battery
[ 75%] [32mBuilding CXX object CMakeFiles/led_pannel.dir/src/led_pannel.cpp.o[0m
[01m[K/home/ros_ws/src/batt_led/src/led_pannel.cpp:[m[K In member function ‘[01m[Kvoid LedPannelServerNode::callbackSetLed(bat_led_interfaces::srv::SetLed_Request_<std::allocator<void> >::SharedPtr, bat_led_interfaces::srv::SetLed_Response_<std::allocator<void> >::SharedPtr)[m[K’:
[01m[K/home/ros_ws/src/batt_led/src/led_pannel.cpp:22:83:[m[K [01;35m[Kwarning: [m[Kunused parameter ‘[01m[Krequest[m[K’ [[01;35m[K-Wunused-parameter[m[K]
   22 |     void callbackSetLed([01;35m[Kconst bat_led_interfaces::srv::SetLed::Request::SharedPtr request[m[K,
      |                         [01;35m[K~~~~~~~~~~~~~~~~~~~~~~~~~~~~~~~~~~~~~~~~~~~~~~~~~~~~~~~~~~^~~~~~~[m[K
[01m[K/home/ros_ws/src/batt_led/src/led_pannel.cpp:23:88:[m[K [01;35m[Kwarning: [m[Kunused parameter ‘[01m[Kresponse[m[K’ [[01;35m[K-Wunused-parameter[m[K]
   23 |                        [01;35m[Kconst bat_led_interfaces::srv::SetLed::Response::SharedPtr response[m[K)
      |                        [01;35m[K~~~~~~~~~~~~~~~~~~~~~~~~~~~~~~~~~~~~~~~~~~~~~~~~~~~~~~~~~~~^~~~~~~~[m[K

[100%] [32m[1mLinking CXX executable led_pannel[0m
[100%] Built target led_pannel
-- Install configuration: ""
-- Up-to-date: /home/ros_ws/install/batt_led/lib/batt_led/battery
-- Installing: /home/ros_ws/install/batt_led/lib/batt_led/led_pannel
-- Set runtime path of "/home/ros_ws/install/batt_led/lib/batt_led/led_pannel" to ""
-- Up-to-date: /home/ros_ws/install/batt_led/share/ament_index/resource_index/package_run_dependencies/batt_led
-- Installing: /home/ros_ws/install/batt_led/share/ament_index/resource_index/parent_prefix_path/batt_led
-- Up-to-date: /home/ros_ws/install/batt_led/share/batt_led/environment/ament_prefix_path.sh
-- Installing: /home/ros_ws/install/batt_led/share/batt_led/environment/ament_prefix_path.dsv
-- Up-to-date: /home/ros_ws/install/batt_led/share/batt_led/environment/path.sh
-- Installing: /home/ros_ws/install/batt_led/share/batt_led/environment/path.dsv
-- Up-to-date: /home/ros_ws/install/batt_led/share/batt_led/local_setup.bash
-- Up-to-date: /home/ros_ws/install/batt_led/share/batt_led/local_setup.sh
-- Up-to-date: /home/ros_ws/install/batt_led/share/batt_led/local_setup.zsh
-- Installing: /home/ros_ws/install/batt_led/share/batt_led/local_setup.dsv
-- Installing: /home/ros_ws/install/batt_led/share/batt_led/package.dsv
-- Up-to-date: /home/ros_ws/install/batt_led/share/ament_index/resource_index/packages/batt_led
-- Up-to-date: /home/ros_ws/install/batt_led/share/batt_led/cmake/batt_ledConfig.cmake
-- Up-to-date: /home/ros_ws/install/batt_led/share/batt_led/cmake/batt_ledConfig-version.cmake
-- Up-to-date: /home/ros_ws/install/batt_led/share/batt_led/package.xml
