[0.198s] Invoking command in '/home/ros_ws/build/batt_led': CMAKE_PREFIX_PATH=/home/ros_ws/install/bat_led_interfaces:/home/ros_ws/install/batt_led:/home/ros_ws/install/my_robot_interfaces:/home/ros_ws/install/my_cpp_pkg:/home/ros_ws/install/my_py_pkg:/opt/ros/foxy /usr/bin/cmake --build /home/ros_ws/build/batt_led -- -j16 -l16
[0.243s] -- Found ament_cmake: 0.9.11 (/opt/ros/foxy/share/ament_cmake/cmake)
[0.265s] -- Using PYTHON_EXECUTABLE: /usr/bin/python3
[0.430s] -- Found rclcpp: 2.4.2 (/opt/ros/foxy/share/rclcpp/cmake)
[0.496s] -- Using all available rosidl_typesupport_c: rosidl_typesupport_fastrtps_c;rosidl_typesupport_introspection_c
[0.501s] -- Found rosidl_adapter: 1.3.0 (/opt/ros/foxy/share/rosidl_adapter/cmake)
[0.648s] -- Using all available rosidl_typesupport_cpp: rosidl_typesupport_fastrtps_cpp;rosidl_typesupport_introspection_cpp
[0.692s] -- Found rmw_implementation_cmake: 1.0.3 (/opt/ros/foxy/share/rmw_implementation_cmake/cmake)
[0.693s] -- Using RMW implementation 'rmw_fastrtps_cpp' as default
[0.812s] -- Found bat_led_interfaces: 0.0.0 (/home/ros_ws/install/bat_led_interfaces/share/bat_led_interfaces/cmake)
[0.897s] -- Configuring done
[0.906s] -- Generating done
[0.907s] -- Build files have been written to: /home/ros_ws/build/batt_led
[0.926s] [35m[1mScanning dependencies of target led_pannel[0m
[0.947s] [ 50%] Built target battery
[0.957s] [ 75%] [32mBuilding CXX object CMakeFiles/led_pannel.dir/src/led_pannel.cpp.o[0m
[1.939s] [01m[K/home/ros_ws/src/batt_led/src/led_pannel.cpp:[m[K In member function ‘[01m[Kvoid LedPannelServerNode::callbackSetLed(bat_led_interfaces::srv::SetLed_Request_<std::allocator<void> >::SharedPtr, bat_led_interfaces::srv::SetLed_Response_<std::allocator<void> >::SharedPtr)[m[K’:
[1.939s] [01m[K/home/ros_ws/src/batt_led/src/led_pannel.cpp:22:83:[m[K [01;35m[Kwarning: [m[Kunused parameter ‘[01m[Krequest[m[K’ [[01;35m[K-Wunused-parameter[m[K]
[1.939s]    22 |     void callbackSetLed([01;35m[Kconst bat_led_interfaces::srv::SetLed::Request::SharedPtr request[m[K,
[1.939s]       |                         [01;35m[K~~~~~~~~~~~~~~~~~~~~~~~~~~~~~~~~~~~~~~~~~~~~~~~~~~~~~~~~~~^~~~~~~[m[K
[1.940s] [01m[K/home/ros_ws/src/batt_led/src/led_pannel.cpp:23:88:[m[K [01;35m[Kwarning: [m[Kunused parameter ‘[01m[Kresponse[m[K’ [[01;35m[K-Wunused-parameter[m[K]
[1.940s]    23 |                        [01;35m[Kconst bat_led_interfaces::srv::SetLed::Response::SharedPtr response[m[K)
[1.940s]       |                        [01;35m[K~~~~~~~~~~~~~~~~~~~~~~~~~~~~~~~~~~~~~~~~~~~~~~~~~~~~~~~~~~~^~~~~~~~[m[K
[1.940s] 
[2.563s] [100%] [32m[1mLinking CXX executable led_pannel[0m
[2.696s] [100%] Built target led_pannel
[2.718s] Invoked command in '/home/ros_ws/build/batt_led' returned '0': CMAKE_PREFIX_PATH=/home/ros_ws/install/bat_led_interfaces:/home/ros_ws/install/batt_led:/home/ros_ws/install/my_robot_interfaces:/home/ros_ws/install/my_cpp_pkg:/home/ros_ws/install/my_py_pkg:/opt/ros/foxy /usr/bin/cmake --build /home/ros_ws/build/batt_led -- -j16 -l16
[2.770s] Invoking command in '/home/ros_ws/build/batt_led': CMAKE_PREFIX_PATH=/home/ros_ws/install/bat_led_interfaces:/home/ros_ws/install/batt_led:/home/ros_ws/install/my_robot_interfaces:/home/ros_ws/install/my_cpp_pkg:/home/ros_ws/install/my_py_pkg:/opt/ros/foxy /usr/bin/cmake --install /home/ros_ws/build/batt_led
[2.786s] -- Install configuration: ""
[2.786s] -- Up-to-date: /home/ros_ws/install/batt_led/lib/batt_led/battery
[2.787s] -- Installing: /home/ros_ws/install/batt_led/lib/batt_led/led_pannel
[2.788s] -- Set runtime path of "/home/ros_ws/install/batt_led/lib/batt_led/led_pannel" to ""
[2.788s] -- Up-to-date: /home/ros_ws/install/batt_led/share/ament_index/resource_index/package_run_dependencies/batt_led
[2.788s] -- Installing: /home/ros_ws/install/batt_led/share/ament_index/resource_index/parent_prefix_path/batt_led
[2.789s] -- Up-to-date: /home/ros_ws/install/batt_led/share/batt_led/environment/ament_prefix_path.sh
[2.789s] -- Installing: /home/ros_ws/install/batt_led/share/batt_led/environment/ament_prefix_path.dsv
[2.789s] -- Up-to-date: /home/ros_ws/install/batt_led/share/batt_led/environment/path.sh
[2.789s] -- Installing: /home/ros_ws/install/batt_led/share/batt_led/environment/path.dsv
[2.789s] -- Up-to-date: /home/ros_ws/install/batt_led/share/batt_led/local_setup.bash
[2.789s] -- Up-to-date: /home/ros_ws/install/batt_led/share/batt_led/local_setup.sh
[2.789s] -- Up-to-date: /home/ros_ws/install/batt_led/share/batt_led/local_setup.zsh
[2.790s] -- Installing: /home/ros_ws/install/batt_led/share/batt_led/local_setup.dsv
[2.790s] -- Installing: /home/ros_ws/install/batt_led/share/batt_led/package.dsv
[2.790s] -- Up-to-date: /home/ros_ws/install/batt_led/share/ament_index/resource_index/packages/batt_led
[2.790s] -- Up-to-date: /home/ros_ws/install/batt_led/share/batt_led/cmake/batt_ledConfig.cmake
[2.791s] -- Up-to-date: /home/ros_ws/install/batt_led/share/batt_led/cmake/batt_ledConfig-version.cmake
[2.791s] -- Up-to-date: /home/ros_ws/install/batt_led/share/batt_led/package.xml
[2.797s] Invoked command in '/home/ros_ws/build/batt_led' returned '0': CMAKE_PREFIX_PATH=/home/ros_ws/install/bat_led_interfaces:/home/ros_ws/install/batt_led:/home/ros_ws/install/my_robot_interfaces:/home/ros_ws/install/my_cpp_pkg:/home/ros_ws/install/my_py_pkg:/opt/ros/foxy /usr/bin/cmake --install /home/ros_ws/build/batt_led
