[1.259s] DEBUG:colcon:Command line arguments: ['/usr/bin/colcon', 'list', '-p', '--base-paths', '/home/amruth/Documents/git/ros_ws/WS']
[1.259s] DEBUG:colcon:Parsed command line arguments: Namespace(log_base=None, log_level=None, verb_name='list', build_base='build', ignore_user_meta=False, metas=['./colcon.meta'], base_paths=['/home/amruth/Documents/git/ros_ws/WS'], packages_ignore=None, packages_ignore_regex=None, paths=None, packages_up_to=None, packages_up_to_regex=None, packages_above=None, packages_above_and_dependencies=None, packages_above_depth=None, packages_select_by_dep=None, packages_skip_by_dep=None, packages_skip_up_to=None, packages_select_build_failed=False, packages_skip_build_finished=False, packages_select_test_failures=False, packages_skip_test_passed=False, packages_select=None, packages_skip=None, packages_select_regex=None, packages_skip_regex=None, packages_start=None, packages_end=None, allow_overriding=[], topological_order=False, names_only=False, paths_only=True, topological_graph=False, topological_graph_dot=False, topological_graph_density=False, topological_graph_legend=False, topological_graph_dot_cluster=False, topological_graph_dot_include_skipped=False, verb_parser=<colcon_defaults.argument_parser.defaults.DefaultArgumentsDecorator object at 0x7f0a7e601300>, verb_extension=<colcon_package_information.verb.list.ListVerb object at 0x7f0a7e600310>, main=<bound method ListVerb.main of <colcon_package_information.verb.list.ListVerb object at 0x7f0a7e600310>>)
[1.351s] Level 1:colcon.colcon_core.package_discovery:discover_packages(colcon_meta) check parameters
[1.351s] Level 1:colcon.colcon_core.package_discovery:discover_packages(recursive) check parameters
[1.351s] Level 1:colcon.colcon_core.package_discovery:discover_packages(ignore) check parameters
[1.351s] Level 1:colcon.colcon_core.package_discovery:discover_packages(path) check parameters
[1.352s] Level 1:colcon.colcon_core.package_discovery:discover_packages(recursive) discover
[1.352s] INFO:colcon.colcon_core.package_discovery:Crawling recursively for packages in '/home/amruth/Documents/git/ros_ws/WS'
[1.352s] Level 1:colcon.colcon_core.package_identification:_identify(/home/amruth/Documents/git/ros_ws/WS) by extensions ['ignore', 'ignore_ament_install']
[1.352s] Level 1:colcon.colcon_core.package_identification:_identify(/home/amruth/Documents/git/ros_ws/WS) by extension 'ignore'
[1.353s] Level 1:colcon.colcon_core.package_identification:_identify(/home/amruth/Documents/git/ros_ws/WS) by extension 'ignore_ament_install'
[1.354s] Level 1:colcon.colcon_core.package_identification:_identify(/home/amruth/Documents/git/ros_ws/WS) by extensions ['colcon_pkg']
[1.354s] Level 1:colcon.colcon_core.package_identification:_identify(/home/amruth/Documents/git/ros_ws/WS) by extension 'colcon_pkg'
[1.354s] Level 1:colcon.colcon_core.package_identification:_identify(/home/amruth/Documents/git/ros_ws/WS) by extensions ['colcon_meta']
[1.354s] Level 1:colcon.colcon_core.package_identification:_identify(/home/amruth/Documents/git/ros_ws/WS) by extension 'colcon_meta'
[1.354s] Level 1:colcon.colcon_core.package_identification:_identify(/home/amruth/Documents/git/ros_ws/WS) by extensions ['ros']
[1.354s] Level 1:colcon.colcon_core.package_identification:_identify(/home/amruth/Documents/git/ros_ws/WS) by extension 'ros'
[1.378s] Level 1:colcon.colcon_core.package_identification:_identify(/home/amruth/Documents/git/ros_ws/WS) by extensions ['cmake', 'python']
[1.378s] Level 1:colcon.colcon_core.package_identification:_identify(/home/amruth/Documents/git/ros_ws/WS) by extension 'cmake'
[1.378s] Level 1:colcon.colcon_core.package_identification:_identify(/home/amruth/Documents/git/ros_ws/WS) by extension 'python'
[1.378s] Level 1:colcon.colcon_core.package_identification:_identify(/home/amruth/Documents/git/ros_ws/WS) by extensions ['python_setup_py']
[1.378s] Level 1:colcon.colcon_core.package_identification:_identify(/home/amruth/Documents/git/ros_ws/WS) by extension 'python_setup_py'
[1.378s] Level 1:colcon.colcon_core.package_identification:_identify(/home/amruth/Documents/git/ros_ws/WS/build) by extensions ['ignore', 'ignore_ament_install']
[1.378s] Level 1:colcon.colcon_core.package_identification:_identify(/home/amruth/Documents/git/ros_ws/WS/build) by extension 'ignore'
[1.378s] Level 1:colcon.colcon_core.package_identification:_identify(/home/amruth/Documents/git/ros_ws/WS/build) ignored
[1.379s] Level 1:colcon.colcon_core.package_identification:_identify(/home/amruth/Documents/git/ros_ws/WS/install) by extensions ['ignore', 'ignore_ament_install']
[1.379s] Level 1:colcon.colcon_core.package_identification:_identify(/home/amruth/Documents/git/ros_ws/WS/install) by extension 'ignore'
[1.379s] Level 1:colcon.colcon_core.package_identification:_identify(/home/amruth/Documents/git/ros_ws/WS/install) ignored
[1.379s] Level 1:colcon.colcon_core.package_identification:_identify(/home/amruth/Documents/git/ros_ws/WS/log) by extensions ['ignore', 'ignore_ament_install']
[1.379s] Level 1:colcon.colcon_core.package_identification:_identify(/home/amruth/Documents/git/ros_ws/WS/log) by extension 'ignore'
[1.379s] Level 1:colcon.colcon_core.package_identification:_identify(/home/amruth/Documents/git/ros_ws/WS/log) ignored
[1.379s] Level 1:colcon.colcon_core.package_identification:_identify(/home/amruth/Documents/git/ros_ws/WS/src) by extensions ['ignore', 'ignore_ament_install']
[1.379s] Level 1:colcon.colcon_core.package_identification:_identify(/home/amruth/Documents/git/ros_ws/WS/src) by extension 'ignore'
[1.379s] Level 1:colcon.colcon_core.package_identification:_identify(/home/amruth/Documents/git/ros_ws/WS/src) by extension 'ignore_ament_install'
[1.379s] Level 1:colcon.colcon_core.package_identification:_identify(/home/amruth/Documents/git/ros_ws/WS/src) by extensions ['colcon_pkg']
[1.379s] Level 1:colcon.colcon_core.package_identification:_identify(/home/amruth/Documents/git/ros_ws/WS/src) by extension 'colcon_pkg'
[1.379s] Level 1:colcon.colcon_core.package_identification:_identify(/home/amruth/Documents/git/ros_ws/WS/src) by extensions ['colcon_meta']
[1.380s] Level 1:colcon.colcon_core.package_identification:_identify(/home/amruth/Documents/git/ros_ws/WS/src) by extension 'colcon_meta'
[1.380s] Level 1:colcon.colcon_core.package_identification:_identify(/home/amruth/Documents/git/ros_ws/WS/src) by extensions ['ros']
[1.380s] Level 1:colcon.colcon_core.package_identification:_identify(/home/amruth/Documents/git/ros_ws/WS/src) by extension 'ros'
[1.380s] Level 1:colcon.colcon_core.package_identification:_identify(/home/amruth/Documents/git/ros_ws/WS/src) by extensions ['cmake', 'python']
[1.380s] Level 1:colcon.colcon_core.package_identification:_identify(/home/amruth/Documents/git/ros_ws/WS/src) by extension 'cmake'
[1.380s] Level 1:colcon.colcon_core.package_identification:_identify(/home/amruth/Documents/git/ros_ws/WS/src) by extension 'python'
[1.380s] Level 1:colcon.colcon_core.package_identification:_identify(/home/amruth/Documents/git/ros_ws/WS/src) by extensions ['python_setup_py']
[1.380s] Level 1:colcon.colcon_core.package_identification:_identify(/home/amruth/Documents/git/ros_ws/WS/src) by extension 'python_setup_py'
[1.380s] Level 1:colcon.colcon_core.package_identification:_identify(/home/amruth/Documents/git/ros_ws/WS/src/my_cpp_pkg) by extensions ['ignore', 'ignore_ament_install']
[1.381s] Level 1:colcon.colcon_core.package_identification:_identify(/home/amruth/Documents/git/ros_ws/WS/src/my_cpp_pkg) by extension 'ignore'
[1.381s] Level 1:colcon.colcon_core.package_identification:_identify(/home/amruth/Documents/git/ros_ws/WS/src/my_cpp_pkg) by extension 'ignore_ament_install'
[1.381s] Level 1:colcon.colcon_core.package_identification:_identify(/home/amruth/Documents/git/ros_ws/WS/src/my_cpp_pkg) by extensions ['colcon_pkg']
[1.381s] Level 1:colcon.colcon_core.package_identification:_identify(/home/amruth/Documents/git/ros_ws/WS/src/my_cpp_pkg) by extension 'colcon_pkg'
[1.381s] Level 1:colcon.colcon_core.package_identification:_identify(/home/amruth/Documents/git/ros_ws/WS/src/my_cpp_pkg) by extensions ['colcon_meta']
[1.381s] Level 1:colcon.colcon_core.package_identification:_identify(/home/amruth/Documents/git/ros_ws/WS/src/my_cpp_pkg) by extension 'colcon_meta'
[1.381s] Level 1:colcon.colcon_core.package_identification:_identify(/home/amruth/Documents/git/ros_ws/WS/src/my_cpp_pkg) by extensions ['ros']
[1.381s] Level 1:colcon.colcon_core.package_identification:_identify(/home/amruth/Documents/git/ros_ws/WS/src/my_cpp_pkg) by extension 'ros'
[1.386s] DEBUG:colcon.colcon_core.package_identification:Package '/home/amruth/Documents/git/ros_ws/WS/src/my_cpp_pkg' with type 'ros.ament_cmake' and name 'my_cpp_pkg'
[1.386s] Level 1:colcon.colcon_core.package_identification:_identify(/home/amruth/Documents/git/ros_ws/WS/src/my_py_pkg) by extensions ['ignore', 'ignore_ament_install']
[1.387s] Level 1:colcon.colcon_core.package_identification:_identify(/home/amruth/Documents/git/ros_ws/WS/src/my_py_pkg) by extension 'ignore'
[1.387s] Level 1:colcon.colcon_core.package_identification:_identify(/home/amruth/Documents/git/ros_ws/WS/src/my_py_pkg) by extension 'ignore_ament_install'
[1.387s] Level 1:colcon.colcon_core.package_identification:_identify(/home/amruth/Documents/git/ros_ws/WS/src/my_py_pkg) by extensions ['colcon_pkg']
[1.387s] Level 1:colcon.colcon_core.package_identification:_identify(/home/amruth/Documents/git/ros_ws/WS/src/my_py_pkg) by extension 'colcon_pkg'
[1.387s] Level 1:colcon.colcon_core.package_identification:_identify(/home/amruth/Documents/git/ros_ws/WS/src/my_py_pkg) by extensions ['colcon_meta']
[1.387s] Level 1:colcon.colcon_core.package_identification:_identify(/home/amruth/Documents/git/ros_ws/WS/src/my_py_pkg) by extension 'colcon_meta'
[1.387s] Level 1:colcon.colcon_core.package_identification:_identify(/home/amruth/Documents/git/ros_ws/WS/src/my_py_pkg) by extensions ['ros']
[1.387s] Level 1:colcon.colcon_core.package_identification:_identify(/home/amruth/Documents/git/ros_ws/WS/src/my_py_pkg) by extension 'ros'
[1.388s] DEBUG:colcon.colcon_core.package_identification:Package '/home/amruth/Documents/git/ros_ws/WS/src/my_py_pkg' with type 'ros.ament_python' and name 'my_py_pkg'
[1.388s] Level 1:colcon.colcon_core.package_discovery:discover_packages(recursive) using defaults
