running egg_info
writing ../../build/my_py_pkg_2/my_py_pkg_2.egg-info/PKG-INFO
writing dependency_links to ../../build/my_py_pkg_2/my_py_pkg_2.egg-info/dependency_links.txt
writing entry points to ../../build/my_py_pkg_2/my_py_pkg_2.egg-info/entry_points.txt
writing requirements to ../../build/my_py_pkg_2/my_py_pkg_2.egg-info/requires.txt
writing top-level names to ../../build/my_py_pkg_2/my_py_pkg_2.egg-info/top_level.txt
reading manifest file '../../build/my_py_pkg_2/my_py_pkg_2.egg-info/SOURCES.txt'
adding license file 'LICENSE'
writing manifest file '../../build/my_py_pkg_2/my_py_pkg_2.egg-info/SOURCES.txt'
running build
running build_py
running install
/usr/lib/python3/dist-packages/setuptools/command/install.py:34: SetuptoolsDeprecationWarning: setup.py install is deprecated. Use build and pip and other standards-based tools.
  warnings.warn(
running install_lib
running install_data
running install_egg_info
removing '/home/amruth/Documents/git/ros_ws/WS/install/my_py_pkg_2/lib/python3.10/site-packages/my_py_pkg_2-0.0.0-py3.10.egg-info' (and everything under it)
Copying ../../build/my_py_pkg_2/my_py_pkg_2.egg-info to /home/amruth/Documents/git/ros_ws/WS/install/my_py_pkg_2/lib/python3.10/site-packages/my_py_pkg_2-0.0.0-py3.10.egg-info
running install_scripts
writing list of installed files to '/home/amruth/Documents/git/ros_ws/WS/build/my_py_pkg_2/install.log'
