[0.016s] Invoking command in '/home/ros_ws/build/my_cpp_pkg': CMAKE_PREFIX_PATH=${CMAKE_PREFIX_PATH}:/opt/ros/foxy /usr/bin/cmake --build /home/ros_ws/build/my_cpp_pkg -- -j16 -l16
[0.040s] -- Found ament_cmake: 0.9.11 (/opt/ros/foxy/share/ament_cmake/cmake)
[0.058s] -- Using PYTHON_EXECUTABLE: /usr/bin/python3
[0.197s] -- Found rclcpp: 2.4.2 (/opt/ros/foxy/share/rclcpp/cmake)
[0.269s] -- Using all available rosidl_typesupport_c: rosidl_typesupport_fastrtps_c;rosidl_typesupport_introspection_c
[0.272s] -- Found rosidl_adapter: 1.3.0 (/opt/ros/foxy/share/rosidl_adapter/cmake)
[0.419s] -- Using all available rosidl_typesupport_cpp: rosidl_typesupport_fastrtps_cpp;rosidl_typesupport_introspection_cpp
[0.461s] -- Found rmw_implementation_cmake: 1.0.3 (/opt/ros/foxy/share/rmw_implementation_cmake/cmake)
[0.462s] -- Using RMW implementation 'rmw_fastrtps_cpp' as default
[0.582s] -- Found example_interfaces: 0.9.1 (/opt/ros/foxy/share/example_interfaces/cmake)
[0.719s] -- Configuring done
[0.731s] -- Generating done
[0.733s] -- Build files have been written to: /home/ros_ws/build/my_cpp_pkg
[0.757s] [35m[1mScanning dependencies of target add_two_ints_client[0m
[0.758s] [35m[1mScanning dependencies of target add_two_ints_client_no_oop[0m
[0.780s] [ 25%] [32mBuilding CXX object CMakeFiles/add_two_ints_client_no_oop.dir/src/add_two_ints_client_no_oop.cpp.o[0m
[0.791s] [ 50%] [32mBuilding CXX object CMakeFiles/add_two_ints_client.dir/src/add_two_ints_client.cpp.o[0m
[2.655s] [ 75%] [32m[1mLinking CXX executable add_two_ints_client_no_oop[0m
[2.792s] [ 75%] Built target add_two_ints_client_no_oop
[2.935s] [100%] [32m[1mLinking CXX executable add_two_ints_client[0m
[3.074s] [100%] Built target add_two_ints_client
[3.087s] Invoked command in '/home/ros_ws/build/my_cpp_pkg' returned '0': CMAKE_PREFIX_PATH=${CMAKE_PREFIX_PATH}:/opt/ros/foxy /usr/bin/cmake --build /home/ros_ws/build/my_cpp_pkg -- -j16 -l16
[3.123s] Invoking command in '/home/ros_ws/build/my_cpp_pkg': CMAKE_PREFIX_PATH=${CMAKE_PREFIX_PATH}:/opt/ros/foxy /usr/bin/cmake --install /home/ros_ws/build/my_cpp_pkg
[3.131s] -- Install configuration: ""
[3.131s] -- Installing: /home/ros_ws/install/my_cpp_pkg/lib/my_cpp_pkg/add_two_ints_client_no_oop
[3.132s] -- Set runtime path of "/home/ros_ws/install/my_cpp_pkg/lib/my_cpp_pkg/add_two_ints_client_no_oop" to ""
[3.132s] -- Installing: /home/ros_ws/install/my_cpp_pkg/lib/my_cpp_pkg/add_two_ints_client
[3.133s] -- Set runtime path of "/home/ros_ws/install/my_cpp_pkg/lib/my_cpp_pkg/add_two_ints_client" to ""
[3.133s] -- Up-to-date: /home/ros_ws/install/my_cpp_pkg/share/ament_index/resource_index/package_run_dependencies/my_cpp_pkg
[3.133s] -- Installing: /home/ros_ws/install/my_cpp_pkg/share/ament_index/resource_index/parent_prefix_path/my_cpp_pkg
[3.133s] -- Up-to-date: /home/ros_ws/install/my_cpp_pkg/share/my_cpp_pkg/environment/ament_prefix_path.sh
[3.133s] -- Installing: /home/ros_ws/install/my_cpp_pkg/share/my_cpp_pkg/environment/ament_prefix_path.dsv
[3.134s] -- Up-to-date: /home/ros_ws/install/my_cpp_pkg/share/my_cpp_pkg/environment/path.sh
[3.134s] -- Installing: /home/ros_ws/install/my_cpp_pkg/share/my_cpp_pkg/environment/path.dsv
[3.134s] -- Up-to-date: /home/ros_ws/install/my_cpp_pkg/share/my_cpp_pkg/local_setup.bash
[3.134s] -- Up-to-date: /home/ros_ws/install/my_cpp_pkg/share/my_cpp_pkg/local_setup.sh
[3.134s] -- Up-to-date: /home/ros_ws/install/my_cpp_pkg/share/my_cpp_pkg/local_setup.zsh
[3.134s] -- Installing: /home/ros_ws/install/my_cpp_pkg/share/my_cpp_pkg/local_setup.dsv
[3.134s] -- Installing: /home/ros_ws/install/my_cpp_pkg/share/my_cpp_pkg/package.dsv
[3.134s] -- Up-to-date: /home/ros_ws/install/my_cpp_pkg/share/ament_index/resource_index/packages/my_cpp_pkg
[3.134s] -- Up-to-date: /home/ros_ws/install/my_cpp_pkg/share/my_cpp_pkg/cmake/my_cpp_pkgConfig.cmake
[3.134s] -- Up-to-date: /home/ros_ws/install/my_cpp_pkg/share/my_cpp_pkg/cmake/my_cpp_pkgConfig-version.cmake
[3.134s] -- Up-to-date: /home/ros_ws/install/my_cpp_pkg/share/my_cpp_pkg/package.xml
[3.136s] Invoked command in '/home/ros_ws/build/my_cpp_pkg' returned '0': CMAKE_PREFIX_PATH=${CMAKE_PREFIX_PATH}:/opt/ros/foxy /usr/bin/cmake --install /home/ros_ws/build/my_cpp_pkg
