[1.635s] Invoking command in '/home/amruth/Documents/git/ros_ws/WS/src/py_pubsub': PYTHONPATH=/home/amruth/Documents/git/ros_ws/WS/build/py_pubsub/prefix_override:/home/amruth/Documents/git/ros_ws/WS/install/py_pubsub/lib/python3.10/site-packages:${PYTHONPATH} /usr/bin/python3 setup.py egg_info --egg-base ../../build/py_pubsub build --build-base /home/amruth/Documents/git/ros_ws/WS/build/py_pubsub/build install --record /home/amruth/Documents/git/ros_ws/WS/build/py_pubsub/install.log --single-version-externally-managed
[1.864s] running egg_info
[1.864s] writing ../../build/py_pubsub/py_pubsub.egg-info/PKG-INFO
[1.864s] writing dependency_links to ../../build/py_pubsub/py_pubsub.egg-info/dependency_links.txt
[1.864s] writing entry points to ../../build/py_pubsub/py_pubsub.egg-info/entry_points.txt
[1.865s] writing requirements to ../../build/py_pubsub/py_pubsub.egg-info/requires.txt
[1.865s] writing top-level names to ../../build/py_pubsub/py_pubsub.egg-info/top_level.txt
[1.867s] reading manifest file '../../build/py_pubsub/py_pubsub.egg-info/SOURCES.txt'
[1.867s] adding license file 'LICENSE'
[1.868s] writing manifest file '../../build/py_pubsub/py_pubsub.egg-info/SOURCES.txt'
[1.868s] running build
[1.868s] running build_py
[1.868s] copying py_pubsub/publisher_member_function.py -> /home/amruth/Documents/git/ros_ws/WS/build/py_pubsub/build/lib/py_pubsub
[1.868s] running install
[1.869s] /usr/lib/python3/dist-packages/setuptools/command/install.py:34: SetuptoolsDeprecationWarning: setup.py install is deprecated. Use build and pip and other standards-based tools.
[1.869s]   warnings.warn(
[1.869s] running install_lib
[1.869s] copying /home/amruth/Documents/git/ros_ws/WS/build/py_pubsub/build/lib/py_pubsub/publisher_member_function.py -> /home/amruth/Documents/git/ros_ws/WS/install/py_pubsub/lib/python3.10/site-packages/py_pubsub
[1.870s] byte-compiling /home/amruth/Documents/git/ros_ws/WS/install/py_pubsub/lib/python3.10/site-packages/py_pubsub/publisher_member_function.py to publisher_member_function.cpython-310.pyc
[1.871s] running install_data
[1.871s] running install_egg_info
[1.873s] removing '/home/amruth/Documents/git/ros_ws/WS/install/py_pubsub/lib/python3.10/site-packages/py_pubsub-0.0.0-py3.10.egg-info' (and everything under it)
[1.873s] Copying ../../build/py_pubsub/py_pubsub.egg-info to /home/amruth/Documents/git/ros_ws/WS/install/py_pubsub/lib/python3.10/site-packages/py_pubsub-0.0.0-py3.10.egg-info
[1.874s] running install_scripts
[1.893s] Installing talker script to /home/amruth/Documents/git/ros_ws/WS/install/py_pubsub/lib/py_pubsub
[1.895s] writing list of installed files to '/home/amruth/Documents/git/ros_ws/WS/build/py_pubsub/install.log'
[1.928s] Invoked command in '/home/amruth/Documents/git/ros_ws/WS/src/py_pubsub' returned '0': PYTHONPATH=/home/amruth/Documents/git/ros_ws/WS/build/py_pubsub/prefix_override:/home/amruth/Documents/git/ros_ws/WS/install/py_pubsub/lib/python3.10/site-packages:${PYTHONPATH} /usr/bin/python3 setup.py egg_info --egg-base ../../build/py_pubsub build --build-base /home/amruth/Documents/git/ros_ws/WS/build/py_pubsub/build install --record /home/amruth/Documents/git/ros_ws/WS/build/py_pubsub/install.log --single-version-externally-managed
