[0.000000] (-) TimerEvent: {}
[0.001055] (bat_led_interfaces) JobQueued: {'identifier': 'bat_led_interfaces', 'dependencies': OrderedDict()}
[0.001147] (cyclonedds) JobQueued: {'identifier': 'cyclonedds', 'dependencies': OrderedDict()}
[0.001198] (delbot_controller) JobQueued: {'identifier': 'delbot_controller', 'dependencies': OrderedDict()}
[0.001245] (my_robot_interfaces) JobQueued: {'identifier': 'my_robot_interfaces', 'dependencies': OrderedDict()}
[0.001288] (batt_led) JobQueued: {'identifier': 'batt_led', 'dependencies': OrderedDict([('bat_led_interfaces', '/home/amruth/Documents/git/ros_ws/install/bat_led_interfaces')])}
[0.001343] (my_cpp_pkg) JobQueued: {'identifier': 'my_cpp_pkg', 'dependencies': OrderedDict([('my_robot_interfaces', '/home/amruth/Documents/git/ros_ws/install/my_robot_interfaces')])}
[0.001406] (my_py_pkg) JobQueued: {'identifier': 'my_py_pkg', 'dependencies': OrderedDict([('my_robot_interfaces', '/home/amruth/Documents/git/ros_ws/install/my_robot_interfaces')])}
[0.001467] (rmw_cyclonedds_cpp) JobQueued: {'identifier': 'rmw_cyclonedds_cpp', 'dependencies': OrderedDict([('cyclonedds', '/home/amruth/Documents/git/ros_ws/install/cyclonedds')])}
[0.001533] (my_robot_interfaces) JobStarted: {'identifier': 'my_robot_interfaces'}
[0.015582] (bat_led_interfaces) JobStarted: {'identifier': 'bat_led_interfaces'}
[0.022720] (cyclonedds) JobStarted: {'identifier': 'cyclonedds'}
[0.030207] (delbot_controller) JobStarted: {'identifier': 'delbot_controller'}
[0.033640] (delbot_controller) StderrLine: {'line': b'Traceback (most recent call last):\n  File "/usr/lib/python3/dist-packages/colcon_core/executor/__init__.py", line 91, in __call__\n    rc = await self.task(*args, **kwargs)\n  File "/usr/lib/python3/dist-packages/colcon_core/task/__init__.py", line 93, in __call__\n    return await task_method(*args, **kwargs)\n  File "/usr/lib/python3/dist-packages/colcon_ros/task/ament_python/build.py", line 40, in build\n    additional_hooks = create_environment_hook(\n  File "/usr/lib/python3/dist-packages/colcon_core/shell/__init__.py", line 440, in create_environment_hook\n    raise RuntimeError(\nRuntimeError: Could not find a primary shell extension for creating an environment hook\n'}
[0.034382] (delbot_controller) JobEnded: {'identifier': 'delbot_controller', 'rc': 1}
[0.035282] (my_robot_interfaces) JobEnded: {'identifier': 'my_robot_interfaces', 'rc': 'SIGINT'}
[0.035514] (bat_led_interfaces) JobEnded: {'identifier': 'bat_led_interfaces', 'rc': 'SIGINT'}
[0.035678] (cyclonedds) JobEnded: {'identifier': 'cyclonedds', 'rc': 'SIGINT'}
[0.045427] (batt_led) JobSkipped: {'identifier': 'batt_led'}
[0.045584] (my_cpp_pkg) JobSkipped: {'identifier': 'my_cpp_pkg'}
[0.045629] (my_py_pkg) JobSkipped: {'identifier': 'my_py_pkg'}
[0.045668] (rmw_cyclonedds_cpp) JobSkipped: {'identifier': 'rmw_cyclonedds_cpp'}
[0.045707] (-) EventReactorShutdown: {}
