[0.020s] Invoking command in '/home/ros_ws/build/batt_led': CMAKE_PREFIX_PATH=${CMAKE_PREFIX_PATH}:/home/ros_ws/install/my_py_pkg:/opt/ros/foxy /usr/bin/cmake --build /home/ros_ws/build/batt_led -- -j16 -l16
[0.060s] Invoked command in '/home/ros_ws/build/batt_led' returned '0': CMAKE_PREFIX_PATH=${CMAKE_PREFIX_PATH}:/home/ros_ws/install/my_py_pkg:/opt/ros/foxy /usr/bin/cmake --build /home/ros_ws/build/batt_led -- -j16 -l16
[0.089s] Invoking command in '/home/ros_ws/build/batt_led': CMAKE_PREFIX_PATH=${CMAKE_PREFIX_PATH}:/home/ros_ws/install/my_py_pkg:/opt/ros/foxy /usr/bin/cmake --install /home/ros_ws/build/batt_led
[0.096s] -- Install configuration: ""
[0.096s] -- Up-to-date: /home/ros_ws/install/batt_led/share/ament_index/resource_index/package_run_dependencies/batt_led
[0.097s] -- Up-to-date: /home/ros_ws/install/batt_led/share/ament_index/resource_index/parent_prefix_path/batt_led
[0.097s] -- Up-to-date: /home/ros_ws/install/batt_led/share/batt_led/environment/ament_prefix_path.sh
[0.097s] -- Up-to-date: /home/ros_ws/install/batt_led/share/batt_led/environment/ament_prefix_path.dsv
[0.097s] -- Up-to-date: /home/ros_ws/install/batt_led/share/batt_led/environment/path.sh
[0.097s] -- Up-to-date: /home/ros_ws/install/batt_led/share/batt_led/environment/path.dsv
[0.097s] -- Up-to-date: /home/ros_ws/install/batt_led/share/batt_led/local_setup.bash
[0.097s] -- Up-to-date: /home/ros_ws/install/batt_led/share/batt_led/local_setup.sh
[0.097s] -- Up-to-date: /home/ros_ws/install/batt_led/share/batt_led/local_setup.zsh
[0.097s] -- Up-to-date: /home/ros_ws/install/batt_led/share/batt_led/local_setup.dsv
[0.097s] -- Up-to-date: /home/ros_ws/install/batt_led/share/batt_led/package.dsv
[0.097s] -- Up-to-date: /home/ros_ws/install/batt_led/share/ament_index/resource_index/packages/batt_led
[0.097s] -- Up-to-date: /home/ros_ws/install/batt_led/share/batt_led/cmake/batt_ledConfig.cmake
[0.097s] -- Up-to-date: /home/ros_ws/install/batt_led/share/batt_led/cmake/batt_ledConfig-version.cmake
[0.097s] -- Up-to-date: /home/ros_ws/install/batt_led/share/batt_led/package.xml
[0.099s] Invoked command in '/home/ros_ws/build/batt_led' returned '0': CMAKE_PREFIX_PATH=${CMAKE_PREFIX_PATH}:/home/ros_ws/install/my_py_pkg:/opt/ros/foxy /usr/bin/cmake --install /home/ros_ws/build/batt_led
