[0.024s] Invoking command in '/home/ros_ws/build/bat_led_interfaces': CMAKE_PREFIX_PATH=${CMAKE_PREFIX_PATH}:/home/ros_ws/install/my_py_pkg:/opt/ros/foxy /usr/bin/cmake /home/ros_ws/src/bat_led_interfaces -DCMAKE_INSTALL_PREFIX=/home/ros_ws/install/bat_led_interfaces
[0.094s] -- The C compiler identification is GNU 9.4.0
[0.156s] -- The CXX compiler identification is GNU 9.4.0
[0.164s] -- Check for working C compiler: /usr/bin/cc
[0.226s] -- Check for working C compiler: /usr/bin/cc -- works
[0.227s] -- Detecting C compiler ABI info
[0.292s] -- Detecting C compiler ABI info - done
[0.302s] -- Detecting C compile features
[0.302s] -- Detecting C compile features - done
[0.304s] -- Check for working CXX compiler: /usr/bin/c++
[0.372s] -- Check for working CXX compiler: /usr/bin/c++ -- works
[0.373s] -- Detecting CXX compiler ABI info
[0.446s] -- Detecting CXX compiler ABI info - done
[0.456s] -- Detecting CXX compile features
[0.456s] -- Detecting CXX compile features - done
[0.458s] -- Found ament_cmake: 0.9.11 (/opt/ros/foxy/share/ament_cmake/cmake)
[0.485s] -- Found PythonInterp: /usr/bin/python3 (found suitable version "3.8.10", minimum required is "3") 
[0.486s] -- Using PYTHON_EXECUTABLE: /usr/bin/python3
[0.653s] -- Found rosidl_default_generators: 1.0.1 (/opt/ros/foxy/share/rosidl_default_generators/cmake)
[0.656s] -- Using all available rosidl_typesupport_c: rosidl_typesupport_fastrtps_c;rosidl_typesupport_introspection_c
[0.664s] -- Found rosidl_adapter: 1.3.0 (/opt/ros/foxy/share/rosidl_adapter/cmake)
[0.794s] -- Found OpenSSL: /usr/lib/x86_64-linux-gnu/libcrypto.so (found version "1.1.1f")  
[0.830s] -- Found FastRTPS: /opt/ros/foxy/include  
[0.925s] -- Using all available rosidl_typesupport_cpp: rosidl_typesupport_fastrtps_cpp;rosidl_typesupport_introspection_cpp
[0.945s] CMake Error at /opt/ros/foxy/share/rosidl_cmake/cmake/rosidl_generate_interfaces.cmake:93 (message):
[0.945s]   rosidl_generate_interfaces() the passed file 'srv/SetLed.srv' doesn't exist
[0.945s]   relative to the CMAKE_CURRENT_SOURCE_DIR
[0.945s]   '/home/ros_ws/src/bat_led_interfaces'
[0.945s] Call Stack (most recent call first):
[0.945s]   CMakeLists.txt:22 (rosidl_generate_interfaces)
[0.945s] 
[0.945s] 
[0.946s] -- Configuring incomplete, errors occurred!
[0.946s] See also "/home/ros_ws/build/bat_led_interfaces/CMakeFiles/CMakeOutput.log".
[0.952s] Invoked command in '/home/ros_ws/build/bat_led_interfaces' returned '1': CMAKE_PREFIX_PATH=${CMAKE_PREFIX_PATH}:/home/ros_ws/install/my_py_pkg:/opt/ros/foxy /usr/bin/cmake /home/ros_ws/src/bat_led_interfaces -DCMAKE_INSTALL_PREFIX=/home/ros_ws/install/bat_led_interfaces
