[0.386s] Invoking command in '/home/amruth/Documents/git/ros_ws/WS/build/turtlesim': CMAKE_PREFIX_PATH=${CMAKE_PREFIX_PATH}:/home/amruth/Documents/git/ros_ws/WS/install/my_py_pkg:/home/amruth/Documents/git/microros_ws/install/sensor_msgs_py:/opt/ros/humble /usr/bin/cmake --build /home/amruth/Documents/git/ros_ws/WS/build/turtlesim -- -j16 -l16
[0.442s] [  1%] Built target turtlesim__cpp
[0.442s] [ 11%] Built target turtlesim__rosidl_generator_c
[0.469s] [ 25%] Built target turtlesim__rosidl_typesupport_introspection_cpp
[0.471s] [ 30%] Built target turtlesim__rosidl_typesupport_microxrcedds_c
[0.471s] [ 40%] Built target turtlesim__rosidl_typesupport_microxrcedds_cpp
[0.471s] [ 50%] Built target turtlesim__rosidl_typesupport_c
[0.472s] [ 59%] Built target turtlesim__rosidl_typesupport_cpp
[0.473s] [ 69%] Built target turtlesim__rosidl_typesupport_fastrtps_c
[0.474s] [ 79%] Built target turtlesim__rosidl_typesupport_introspection_c
[0.477s] [ 89%] Built target turtlesim__rosidl_typesupport_fastrtps_cpp
[0.501s] [ 89%] Built target turtlesim
[0.501s] [ 93%] Built target mimic
[0.501s] [ 93%] Built target turtle_teleop_key
[0.502s] [ 94%] Built target draw_square
[0.505s] [ 95%] [32mBuilding CXX object CMakeFiles/turtlesim_node.dir/src/turtle_frame.cpp.o[0m
[9.099s] [ 96%] [32m[1mLinking CXX executable turtlesim_node[0m
[11.291s] [100%] Built target turtlesim_node
[11.305s] Invoked command in '/home/amruth/Documents/git/ros_ws/WS/build/turtlesim' returned '0': CMAKE_PREFIX_PATH=${CMAKE_PREFIX_PATH}:/home/amruth/Documents/git/ros_ws/WS/install/my_py_pkg:/home/amruth/Documents/git/microros_ws/install/sensor_msgs_py:/opt/ros/humble /usr/bin/cmake --build /home/amruth/Documents/git/ros_ws/WS/build/turtlesim -- -j16 -l16
[11.678s] Invoking command in '/home/amruth/Documents/git/ros_ws/WS/build/turtlesim': CMAKE_PREFIX_PATH=${CMAKE_PREFIX_PATH}:/home/amruth/Documents/git/ros_ws/WS/install/my_py_pkg:/home/amruth/Documents/git/microros_ws/install/sensor_msgs_py:/opt/ros/humble /usr/bin/cmake --install /home/amruth/Documents/git/ros_ws/WS/build/turtlesim
[11.687s] -- Install configuration: ""
[11.687s] -- Up-to-date: /home/amruth/Documents/git/ros_ws/WS/install/turtlesim/share/ament_index/resource_index/rosidl_interfaces/turtlesim
[11.687s] -- Up-to-date: /home/amruth/Documents/git/ros_ws/WS/install/turtlesim/include/turtlesim/turtlesim
[11.687s] -- Up-to-date: /home/amruth/Documents/git/ros_ws/WS/install/turtlesim/include/turtlesim/turtlesim/msg
[11.687s] -- Up-to-date: /home/amruth/Documents/git/ros_ws/WS/install/turtlesim/include/turtlesim/turtlesim/msg/color.h
[11.688s] -- Up-to-date: /home/amruth/Documents/git/ros_ws/WS/install/turtlesim/include/turtlesim/turtlesim/msg/pose.h
[11.688s] -- Up-to-date: /home/amruth/Documents/git/ros_ws/WS/install/turtlesim/include/turtlesim/turtlesim/msg/rosidl_generator_c__visibility_control.h
[11.688s] -- Up-to-date: /home/amruth/Documents/git/ros_ws/WS/install/turtlesim/include/turtlesim/turtlesim/msg/detail
[11.688s] -- Up-to-date: /home/amruth/Documents/git/ros_ws/WS/install/turtlesim/include/turtlesim/turtlesim/msg/detail/color__struct.h
[11.688s] -- Up-to-date: /home/amruth/Documents/git/ros_ws/WS/install/turtlesim/include/turtlesim/turtlesim/msg/detail/color__type_support.h
[11.688s] -- Up-to-date: /home/amruth/Documents/git/ros_ws/WS/install/turtlesim/include/turtlesim/turtlesim/msg/detail/color__functions.c
[11.688s] -- Up-to-date: /home/amruth/Documents/git/ros_ws/WS/install/turtlesim/include/turtlesim/turtlesim/msg/detail/pose__functions.h
[11.688s] -- Up-to-date: /home/amruth/Documents/git/ros_ws/WS/install/turtlesim/include/turtlesim/turtlesim/msg/detail/pose__struct.h
[11.688s] -- Up-to-date: /home/amruth/Documents/git/ros_ws/WS/install/turtlesim/include/turtlesim/turtlesim/msg/detail/pose__functions.c
[11.688s] -- Up-to-date: /home/amruth/Documents/git/ros_ws/WS/install/turtlesim/include/turtlesim/turtlesim/msg/detail/pose__type_support.h
[11.688s] -- Up-to-date: /home/amruth/Documents/git/ros_ws/WS/install/turtlesim/include/turtlesim/turtlesim/msg/detail/color__functions.h
[11.688s] -- Up-to-date: /home/amruth/Documents/git/ros_ws/WS/install/turtlesim/include/turtlesim/turtlesim/srv
[11.688s] -- Up-to-date: /home/amruth/Documents/git/ros_ws/WS/install/turtlesim/include/turtlesim/turtlesim/srv/teleport_absolute.h
[11.689s] -- Up-to-date: /home/amruth/Documents/git/ros_ws/WS/install/turtlesim/include/turtlesim/turtlesim/srv/teleport_relative.h
[11.689s] -- Up-to-date: /home/amruth/Documents/git/ros_ws/WS/install/turtlesim/include/turtlesim/turtlesim/srv/spawn.h
[11.689s] -- Up-to-date: /home/amruth/Documents/git/ros_ws/WS/install/turtlesim/include/turtlesim/turtlesim/srv/kill.h
[11.689s] -- Up-to-date: /home/amruth/Documents/git/ros_ws/WS/install/turtlesim/include/turtlesim/turtlesim/srv/set_pen.h
[11.689s] -- Up-to-date: /home/amruth/Documents/git/ros_ws/WS/install/turtlesim/include/turtlesim/turtlesim/srv/detail
[11.689s] -- Up-to-date: /home/amruth/Documents/git/ros_ws/WS/install/turtlesim/include/turtlesim/turtlesim/srv/detail/set_pen__type_support.h
[11.689s] -- Up-to-date: /home/amruth/Documents/git/ros_ws/WS/install/turtlesim/include/turtlesim/turtlesim/srv/detail/spawn__struct.h
[11.689s] -- Up-to-date: /home/amruth/Documents/git/ros_ws/WS/install/turtlesim/include/turtlesim/turtlesim/srv/detail/teleport_relative__functions.c
[11.689s] -- Up-to-date: /home/amruth/Documents/git/ros_ws/WS/install/turtlesim/include/turtlesim/turtlesim/srv/detail/set_pen__functions.c
[11.689s] -- Up-to-date: /home/amruth/Documents/git/ros_ws/WS/install/turtlesim/include/turtlesim/turtlesim/srv/detail/kill__functions.c
[11.689s] -- Up-to-date: /home/amruth/Documents/git/ros_ws/WS/install/turtlesim/include/turtlesim/turtlesim/srv/detail/kill__struct.h
[11.689s] -- Up-to-date: /home/amruth/Documents/git/ros_ws/WS/install/turtlesim/include/turtlesim/turtlesim/srv/detail/set_pen__functions.h
[11.689s] -- Up-to-date: /home/amruth/Documents/git/ros_ws/WS/install/turtlesim/include/turtlesim/turtlesim/srv/detail/spawn__type_support.h
[11.689s] -- Up-to-date: /home/amruth/Documents/git/ros_ws/WS/install/turtlesim/include/turtlesim/turtlesim/srv/detail/teleport_relative__functions.h
[11.689s] -- Up-to-date: /home/amruth/Documents/git/ros_ws/WS/install/turtlesim/include/turtlesim/turtlesim/srv/detail/teleport_absolute__struct.h
[11.690s] -- Up-to-date: /home/amruth/Documents/git/ros_ws/WS/install/turtlesim/include/turtlesim/turtlesim/srv/detail/kill__type_support.h
[11.690s] -- Up-to-date: /home/amruth/Documents/git/ros_ws/WS/install/turtlesim/include/turtlesim/turtlesim/srv/detail/teleport_relative__struct.h
[11.690s] -- Up-to-date: /home/amruth/Documents/git/ros_ws/WS/install/turtlesim/include/turtlesim/turtlesim/srv/detail/teleport_absolute__functions.h
[11.690s] -- Up-to-date: /home/amruth/Documents/git/ros_ws/WS/install/turtlesim/include/turtlesim/turtlesim/srv/detail/teleport_relative__type_support.h
[11.690s] -- Up-to-date: /home/amruth/Documents/git/ros_ws/WS/install/turtlesim/include/turtlesim/turtlesim/srv/detail/spawn__functions.c
[11.690s] -- Up-to-date: /home/amruth/Documents/git/ros_ws/WS/install/turtlesim/include/turtlesim/turtlesim/srv/detail/teleport_absolute__type_support.h
[11.690s] -- Up-to-date: /home/amruth/Documents/git/ros_ws/WS/install/turtlesim/include/turtlesim/turtlesim/srv/detail/kill__functions.h
[11.690s] -- Up-to-date: /home/amruth/Documents/git/ros_ws/WS/install/turtlesim/include/turtlesim/turtlesim/srv/detail/spawn__functions.h
[11.690s] -- Up-to-date: /home/amruth/Documents/git/ros_ws/WS/install/turtlesim/include/turtlesim/turtlesim/srv/detail/set_pen__struct.h
[11.690s] -- Up-to-date: /home/amruth/Documents/git/ros_ws/WS/install/turtlesim/include/turtlesim/turtlesim/srv/detail/teleport_absolute__functions.c
[11.690s] -- Up-to-date: /home/amruth/Documents/git/ros_ws/WS/install/turtlesim/include/turtlesim/turtlesim/action
[11.690s] -- Up-to-date: /home/amruth/Documents/git/ros_ws/WS/install/turtlesim/include/turtlesim/turtlesim/action/rotate_absolute.h
[11.690s] -- Up-to-date: /home/amruth/Documents/git/ros_ws/WS/install/turtlesim/include/turtlesim/turtlesim/action/detail
[11.690s] -- Up-to-date: /home/amruth/Documents/git/ros_ws/WS/install/turtlesim/include/turtlesim/turtlesim/action/detail/rotate_absolute__struct.h
[11.690s] -- Up-to-date: /home/amruth/Documents/git/ros_ws/WS/install/turtlesim/include/turtlesim/turtlesim/action/detail/rotate_absolute__functions.h
[11.691s] -- Up-to-date: /home/amruth/Documents/git/ros_ws/WS/install/turtlesim/include/turtlesim/turtlesim/action/detail/rotate_absolute__type_support.h
[11.691s] -- Up-to-date: /home/amruth/Documents/git/ros_ws/WS/install/turtlesim/include/turtlesim/turtlesim/action/detail/rotate_absolute__functions.c
[11.691s] -- Up-to-date: /home/amruth/Documents/git/ros_ws/WS/install/turtlesim/share/turtlesim/environment/library_path.sh
[11.691s] -- Up-to-date: /home/amruth/Documents/git/ros_ws/WS/install/turtlesim/share/turtlesim/environment/library_path.dsv
[11.691s] -- Up-to-date: /home/amruth/Documents/git/ros_ws/WS/install/turtlesim/lib/libturtlesim__rosidl_generator_c.so
[11.691s] -- Up-to-date: /home/amruth/Documents/git/ros_ws/WS/install/turtlesim/include/turtlesim/turtlesim
[11.691s] -- Up-to-date: /home/amruth/Documents/git/ros_ws/WS/install/turtlesim/include/turtlesim/turtlesim/msg
[11.691s] -- Up-to-date: /home/amruth/Documents/git/ros_ws/WS/install/turtlesim/include/turtlesim/turtlesim/msg/rosidl_typesupport_fastrtps_c__visibility_control.h
[11.691s] -- Up-to-date: /home/amruth/Documents/git/ros_ws/WS/install/turtlesim/include/turtlesim/turtlesim/msg/detail
[11.691s] -- Up-to-date: /home/amruth/Documents/git/ros_ws/WS/install/turtlesim/include/turtlesim/turtlesim/msg/detail/pose__rosidl_typesupport_fastrtps_c.h
[11.691s] -- Up-to-date: /home/amruth/Documents/git/ros_ws/WS/install/turtlesim/include/turtlesim/turtlesim/msg/detail/color__rosidl_typesupport_fastrtps_c.h
[11.691s] -- Up-to-date: /home/amruth/Documents/git/ros_ws/WS/install/turtlesim/include/turtlesim/turtlesim/srv
[11.691s] -- Up-to-date: /home/amruth/Documents/git/ros_ws/WS/install/turtlesim/include/turtlesim/turtlesim/srv/detail
[11.691s] -- Up-to-date: /home/amruth/Documents/git/ros_ws/WS/install/turtlesim/include/turtlesim/turtlesim/srv/detail/kill__rosidl_typesupport_fastrtps_c.h
[11.692s] -- Up-to-date: /home/amruth/Documents/git/ros_ws/WS/install/turtlesim/include/turtlesim/turtlesim/srv/detail/teleport_relative__rosidl_typesupport_fastrtps_c.h
[11.692s] -- Up-to-date: /home/amruth/Documents/git/ros_ws/WS/install/turtlesim/include/turtlesim/turtlesim/srv/detail/teleport_absolute__rosidl_typesupport_fastrtps_c.h
[11.692s] -- Up-to-date: /home/amruth/Documents/git/ros_ws/WS/install/turtlesim/include/turtlesim/turtlesim/srv/detail/set_pen__rosidl_typesupport_fastrtps_c.h
[11.692s] -- Up-to-date: /home/amruth/Documents/git/ros_ws/WS/install/turtlesim/include/turtlesim/turtlesim/srv/detail/spawn__rosidl_typesupport_fastrtps_c.h
[11.692s] -- Up-to-date: /home/amruth/Documents/git/ros_ws/WS/install/turtlesim/include/turtlesim/turtlesim/action
[11.692s] -- Up-to-date: /home/amruth/Documents/git/ros_ws/WS/install/turtlesim/include/turtlesim/turtlesim/action/detail
[11.692s] -- Up-to-date: /home/amruth/Documents/git/ros_ws/WS/install/turtlesim/include/turtlesim/turtlesim/action/detail/rotate_absolute__rosidl_typesupport_fastrtps_c.h
[11.692s] -- Up-to-date: /home/amruth/Documents/git/ros_ws/WS/install/turtlesim/lib/libturtlesim__rosidl_typesupport_fastrtps_c.so
[11.692s] -- Up-to-date: /home/amruth/Documents/git/ros_ws/WS/install/turtlesim/include/turtlesim/turtlesim
[11.692s] -- Up-to-date: /home/amruth/Documents/git/ros_ws/WS/install/turtlesim/include/turtlesim/turtlesim/msg
[11.692s] -- Up-to-date: /home/amruth/Documents/git/ros_ws/WS/install/turtlesim/include/turtlesim/turtlesim/msg/color.hpp
[11.692s] -- Up-to-date: /home/amruth/Documents/git/ros_ws/WS/install/turtlesim/include/turtlesim/turtlesim/msg/pose.hpp
[11.692s] -- Up-to-date: /home/amruth/Documents/git/ros_ws/WS/install/turtlesim/include/turtlesim/turtlesim/msg/detail
[11.692s] -- Up-to-date: /home/amruth/Documents/git/ros_ws/WS/install/turtlesim/include/turtlesim/turtlesim/msg/detail/pose__struct.hpp
[11.692s] -- Up-to-date: /home/amruth/Documents/git/ros_ws/WS/install/turtlesim/include/turtlesim/turtlesim/msg/detail/pose__traits.hpp
[11.692s] -- Up-to-date: /home/amruth/Documents/git/ros_ws/WS/install/turtlesim/include/turtlesim/turtlesim/msg/detail/pose__builder.hpp
[11.692s] -- Up-to-date: /home/amruth/Documents/git/ros_ws/WS/install/turtlesim/include/turtlesim/turtlesim/msg/detail/color__builder.hpp
[11.692s] -- Up-to-date: /home/amruth/Documents/git/ros_ws/WS/install/turtlesim/include/turtlesim/turtlesim/msg/detail/color__traits.hpp
[11.692s] -- Up-to-date: /home/amruth/Documents/git/ros_ws/WS/install/turtlesim/include/turtlesim/turtlesim/msg/detail/color__struct.hpp
[11.692s] -- Up-to-date: /home/amruth/Documents/git/ros_ws/WS/install/turtlesim/include/turtlesim/turtlesim/srv
[11.693s] -- Up-to-date: /home/amruth/Documents/git/ros_ws/WS/install/turtlesim/include/turtlesim/turtlesim/srv/teleport_relative.hpp
[11.693s] -- Up-to-date: /home/amruth/Documents/git/ros_ws/WS/install/turtlesim/include/turtlesim/turtlesim/srv/kill.hpp
[11.693s] -- Up-to-date: /home/amruth/Documents/git/ros_ws/WS/install/turtlesim/include/turtlesim/turtlesim/srv/spawn.hpp
[11.693s] -- Up-to-date: /home/amruth/Documents/git/ros_ws/WS/install/turtlesim/include/turtlesim/turtlesim/srv/detail
[11.693s] -- Up-to-date: /home/amruth/Documents/git/ros_ws/WS/install/turtlesim/include/turtlesim/turtlesim/srv/detail/teleport_relative__builder.hpp
[11.693s] -- Up-to-date: /home/amruth/Documents/git/ros_ws/WS/install/turtlesim/include/turtlesim/turtlesim/srv/detail/set_pen__traits.hpp
[11.693s] -- Up-to-date: /home/amruth/Documents/git/ros_ws/WS/install/turtlesim/include/turtlesim/turtlesim/srv/detail/teleport_absolute__traits.hpp
[11.693s] -- Up-to-date: /home/amruth/Documents/git/ros_ws/WS/install/turtlesim/include/turtlesim/turtlesim/srv/detail/spawn__struct.hpp
[11.693s] -- Up-to-date: /home/amruth/Documents/git/ros_ws/WS/install/turtlesim/include/turtlesim/turtlesim/srv/detail/set_pen__builder.hpp
[11.693s] -- Up-to-date: /home/amruth/Documents/git/ros_ws/WS/install/turtlesim/include/turtlesim/turtlesim/srv/detail/teleport_relative__traits.hpp
[11.693s] -- Up-to-date: /home/amruth/Documents/git/ros_ws/WS/install/turtlesim/include/turtlesim/turtlesim/srv/detail/teleport_absolute__struct.hpp
[11.693s] -- Up-to-date: /home/amruth/Documents/git/ros_ws/WS/install/turtlesim/include/turtlesim/turtlesim/srv/detail/teleport_relative__struct.hpp
[11.693s] -- Up-to-date: /home/amruth/Documents/git/ros_ws/WS/install/turtlesim/include/turtlesim/turtlesim/srv/detail/kill__traits.hpp
[11.693s] -- Up-to-date: /home/amruth/Documents/git/ros_ws/WS/install/turtlesim/include/turtlesim/turtlesim/srv/detail/kill__struct.hpp
[11.693s] -- Up-to-date: /home/amruth/Documents/git/ros_ws/WS/install/turtlesim/include/turtlesim/turtlesim/srv/detail/spawn__builder.hpp
[11.693s] -- Up-to-date: /home/amruth/Documents/git/ros_ws/WS/install/turtlesim/include/turtlesim/turtlesim/srv/detail/teleport_absolute__builder.hpp
[11.693s] -- Up-to-date: /home/amruth/Documents/git/ros_ws/WS/install/turtlesim/include/turtlesim/turtlesim/srv/detail/kill__builder.hpp
[11.693s] -- Up-to-date: /home/amruth/Documents/git/ros_ws/WS/install/turtlesim/include/turtlesim/turtlesim/srv/detail/set_pen__struct.hpp
[11.693s] -- Up-to-date: /home/amruth/Documents/git/ros_ws/WS/install/turtlesim/include/turtlesim/turtlesim/srv/detail/spawn__traits.hpp
[11.693s] -- Up-to-date: /home/amruth/Documents/git/ros_ws/WS/install/turtlesim/include/turtlesim/turtlesim/srv/teleport_absolute.hpp
[11.693s] -- Up-to-date: /home/amruth/Documents/git/ros_ws/WS/install/turtlesim/include/turtlesim/turtlesim/srv/set_pen.hpp
[11.694s] -- Up-to-date: /home/amruth/Documents/git/ros_ws/WS/install/turtlesim/include/turtlesim/turtlesim/action
[11.694s] -- Up-to-date: /home/amruth/Documents/git/ros_ws/WS/install/turtlesim/include/turtlesim/turtlesim/action/rotate_absolute.hpp
[11.694s] -- Up-to-date: /home/amruth/Documents/git/ros_ws/WS/install/turtlesim/include/turtlesim/turtlesim/action/detail
[11.694s] -- Up-to-date: /home/amruth/Documents/git/ros_ws/WS/install/turtlesim/include/turtlesim/turtlesim/action/detail/rotate_absolute__struct.hpp
[11.694s] -- Up-to-date: /home/amruth/Documents/git/ros_ws/WS/install/turtlesim/include/turtlesim/turtlesim/action/detail/rotate_absolute__traits.hpp
[11.694s] -- Up-to-date: /home/amruth/Documents/git/ros_ws/WS/install/turtlesim/include/turtlesim/turtlesim/action/detail/rotate_absolute__builder.hpp
[11.694s] -- Up-to-date: /home/amruth/Documents/git/ros_ws/WS/install/turtlesim/include/turtlesim/turtlesim
[11.694s] -- Up-to-date: /home/amruth/Documents/git/ros_ws/WS/install/turtlesim/include/turtlesim/turtlesim/msg
[11.694s] -- Up-to-date: /home/amruth/Documents/git/ros_ws/WS/install/turtlesim/include/turtlesim/turtlesim/msg/rosidl_typesupport_fastrtps_cpp__visibility_control.h
[11.694s] -- Up-to-date: /home/amruth/Documents/git/ros_ws/WS/install/turtlesim/include/turtlesim/turtlesim/msg/detail
[11.694s] -- Up-to-date: /home/amruth/Documents/git/ros_ws/WS/install/turtlesim/include/turtlesim/turtlesim/msg/detail/pose__rosidl_typesupport_fastrtps_cpp.hpp
[11.694s] -- Up-to-date: /home/amruth/Documents/git/ros_ws/WS/install/turtlesim/include/turtlesim/turtlesim/msg/detail/color__rosidl_typesupport_fastrtps_cpp.hpp
[11.694s] -- Up-to-date: /home/amruth/Documents/git/ros_ws/WS/install/turtlesim/include/turtlesim/turtlesim/msg/detail/dds_fastrtps
[11.694s] -- Up-to-date: /home/amruth/Documents/git/ros_ws/WS/install/turtlesim/include/turtlesim/turtlesim/srv
[11.694s] -- Up-to-date: /home/amruth/Documents/git/ros_ws/WS/install/turtlesim/include/turtlesim/turtlesim/srv/detail
[11.694s] -- Up-to-date: /home/amruth/Documents/git/ros_ws/WS/install/turtlesim/include/turtlesim/turtlesim/srv/detail/set_pen__rosidl_typesupport_fastrtps_cpp.hpp
[11.694s] -- Up-to-date: /home/amruth/Documents/git/ros_ws/WS/install/turtlesim/include/turtlesim/turtlesim/srv/detail/kill__rosidl_typesupport_fastrtps_cpp.hpp
[11.694s] -- Up-to-date: /home/amruth/Documents/git/ros_ws/WS/install/turtlesim/include/turtlesim/turtlesim/srv/detail/spawn__rosidl_typesupport_fastrtps_cpp.hpp
[11.694s] -- Up-to-date: /home/amruth/Documents/git/ros_ws/WS/install/turtlesim/include/turtlesim/turtlesim/srv/detail/teleport_relative__rosidl_typesupport_fastrtps_cpp.hpp
[11.694s] -- Up-to-date: /home/amruth/Documents/git/ros_ws/WS/install/turtlesim/include/turtlesim/turtlesim/srv/detail/dds_fastrtps
[11.695s] -- Up-to-date: /home/amruth/Documents/git/ros_ws/WS/install/turtlesim/include/turtlesim/turtlesim/srv/detail/teleport_absolute__rosidl_typesupport_fastrtps_cpp.hpp
[11.695s] -- Up-to-date: /home/amruth/Documents/git/ros_ws/WS/install/turtlesim/include/turtlesim/turtlesim/action
[11.695s] -- Up-to-date: /home/amruth/Documents/git/ros_ws/WS/install/turtlesim/include/turtlesim/turtlesim/action/detail
[11.695s] -- Up-to-date: /home/amruth/Documents/git/ros_ws/WS/install/turtlesim/include/turtlesim/turtlesim/action/detail/rotate_absolute__rosidl_typesupport_fastrtps_cpp.hpp
[11.695s] -- Up-to-date: /home/amruth/Documents/git/ros_ws/WS/install/turtlesim/include/turtlesim/turtlesim/action/detail/dds_fastrtps
[11.695s] -- Up-to-date: /home/amruth/Documents/git/ros_ws/WS/install/turtlesim/lib/libturtlesim__rosidl_typesupport_fastrtps_cpp.so
[11.695s] -- Up-to-date: /home/amruth/Documents/git/ros_ws/WS/install/turtlesim/include/turtlesim
[11.695s] -- Up-to-date: /home/amruth/Documents/git/ros_ws/WS/install/turtlesim/include/turtlesim/msg
[11.695s] -- Up-to-date: /home/amruth/Documents/git/ros_ws/WS/install/turtlesim/include/turtlesim/msg/rosidl_typesupport_microxrcedds_c__visibility_control.h
[11.695s] -- Up-to-date: /home/amruth/Documents/git/ros_ws/WS/install/turtlesim/include/turtlesim/msg/detail
[11.695s] -- Up-to-date: /home/amruth/Documents/git/ros_ws/WS/install/turtlesim/include/turtlesim/msg/detail/color__rosidl_typesupport_microxrcedds_c.h
[11.695s] -- Up-to-date: /home/amruth/Documents/git/ros_ws/WS/install/turtlesim/include/turtlesim/msg/detail/pose__rosidl_typesupport_microxrcedds_c.h
[11.695s] -- Up-to-date: /home/amruth/Documents/git/ros_ws/WS/install/turtlesim/include/turtlesim/msg/detail/microxrcedds
[11.695s] -- Up-to-date: /home/amruth/Documents/git/ros_ws/WS/install/turtlesim/include/turtlesim/srv
[11.695s] -- Up-to-date: /home/amruth/Documents/git/ros_ws/WS/install/turtlesim/include/turtlesim/srv/detail
[11.695s] -- Up-to-date: /home/amruth/Documents/git/ros_ws/WS/install/turtlesim/include/turtlesim/srv/detail/set_pen__rosidl_typesupport_microxrcedds_c.h
[11.695s] -- Up-to-date: /home/amruth/Documents/git/ros_ws/WS/install/turtlesim/include/turtlesim/srv/detail/teleport_absolute__rosidl_typesupport_microxrcedds_c.h
[11.695s] -- Up-to-date: /home/amruth/Documents/git/ros_ws/WS/install/turtlesim/include/turtlesim/srv/detail/teleport_relative__rosidl_typesupport_microxrcedds_c.h
[11.695s] -- Up-to-date: /home/amruth/Documents/git/ros_ws/WS/install/turtlesim/include/turtlesim/srv/detail/kill__rosidl_typesupport_microxrcedds_c.h
[11.695s] -- Up-to-date: /home/amruth/Documents/git/ros_ws/WS/install/turtlesim/include/turtlesim/srv/detail/microxrcedds
[11.695s] -- Up-to-date: /home/amruth/Documents/git/ros_ws/WS/install/turtlesim/include/turtlesim/srv/detail/spawn__rosidl_typesupport_microxrcedds_c.h
[11.696s] -- Up-to-date: /home/amruth/Documents/git/ros_ws/WS/install/turtlesim/include/turtlesim/action
[11.696s] -- Up-to-date: /home/amruth/Documents/git/ros_ws/WS/install/turtlesim/include/turtlesim/action/detail
[11.696s] -- Up-to-date: /home/amruth/Documents/git/ros_ws/WS/install/turtlesim/include/turtlesim/action/detail/rotate_absolute__rosidl_typesupport_microxrcedds_c.h
[11.696s] -- Up-to-date: /home/amruth/Documents/git/ros_ws/WS/install/turtlesim/include/turtlesim/action/detail/microxrcedds
[11.696s] -- Up-to-date: /home/amruth/Documents/git/ros_ws/WS/install/turtlesim/lib/libturtlesim__rosidl_typesupport_microxrcedds_c.so
[11.696s] -- Up-to-date: /home/amruth/Documents/git/ros_ws/WS/install/turtlesim/include/turtlesim/turtlesim
[11.696s] -- Up-to-date: /home/amruth/Documents/git/ros_ws/WS/install/turtlesim/include/turtlesim/turtlesim/msg
[11.696s] -- Up-to-date: /home/amruth/Documents/git/ros_ws/WS/install/turtlesim/include/turtlesim/turtlesim/msg/rosidl_typesupport_introspection_c__visibility_control.h
[11.696s] -- Up-to-date: /home/amruth/Documents/git/ros_ws/WS/install/turtlesim/include/turtlesim/turtlesim/msg/detail
[11.696s] -- Up-to-date: /home/amruth/Documents/git/ros_ws/WS/install/turtlesim/include/turtlesim/turtlesim/msg/detail/pose__type_support.c
[11.696s] -- Up-to-date: /home/amruth/Documents/git/ros_ws/WS/install/turtlesim/include/turtlesim/turtlesim/msg/detail/color__type_support.c
[11.696s] -- Up-to-date: /home/amruth/Documents/git/ros_ws/WS/install/turtlesim/include/turtlesim/turtlesim/msg/detail/pose__rosidl_typesupport_introspection_c.h
[11.696s] -- Up-to-date: /home/amruth/Documents/git/ros_ws/WS/install/turtlesim/include/turtlesim/turtlesim/msg/detail/color__rosidl_typesupport_introspection_c.h
[11.696s] -- Up-to-date: /home/amruth/Documents/git/ros_ws/WS/install/turtlesim/include/turtlesim/turtlesim/srv
[11.696s] -- Up-to-date: /home/amruth/Documents/git/ros_ws/WS/install/turtlesim/include/turtlesim/turtlesim/srv/detail
[11.696s] -- Up-to-date: /home/amruth/Documents/git/ros_ws/WS/install/turtlesim/include/turtlesim/turtlesim/srv/detail/kill__type_support.c
[11.696s] -- Up-to-date: /home/amruth/Documents/git/ros_ws/WS/install/turtlesim/include/turtlesim/turtlesim/srv/detail/teleport_absolute__type_support.c
[11.696s] -- Up-to-date: /home/amruth/Documents/git/ros_ws/WS/install/turtlesim/include/turtlesim/turtlesim/srv/detail/spawn__rosidl_typesupport_introspection_c.h
[11.696s] -- Up-to-date: /home/amruth/Documents/git/ros_ws/WS/install/turtlesim/include/turtlesim/turtlesim/srv/detail/set_pen__type_support.c
[11.696s] -- Up-to-date: /home/amruth/Documents/git/ros_ws/WS/install/turtlesim/include/turtlesim/turtlesim/srv/detail/teleport_absolute__rosidl_typesupport_introspection_c.h
[11.697s] -- Up-to-date: /home/amruth/Documents/git/ros_ws/WS/install/turtlesim/include/turtlesim/turtlesim/srv/detail/teleport_relative__type_support.c
[11.697s] -- Up-to-date: /home/amruth/Documents/git/ros_ws/WS/install/turtlesim/include/turtlesim/turtlesim/srv/detail/teleport_relative__rosidl_typesupport_introspection_c.h
[11.697s] -- Up-to-date: /home/amruth/Documents/git/ros_ws/WS/install/turtlesim/include/turtlesim/turtlesim/srv/detail/set_pen__rosidl_typesupport_introspection_c.h
[11.697s] -- Up-to-date: /home/amruth/Documents/git/ros_ws/WS/install/turtlesim/include/turtlesim/turtlesim/srv/detail/kill__rosidl_typesupport_introspection_c.h
[11.697s] -- Up-to-date: /home/amruth/Documents/git/ros_ws/WS/install/turtlesim/include/turtlesim/turtlesim/srv/detail/spawn__type_support.c
[11.697s] -- Up-to-date: /home/amruth/Documents/git/ros_ws/WS/install/turtlesim/include/turtlesim/turtlesim/action
[11.697s] -- Up-to-date: /home/amruth/Documents/git/ros_ws/WS/install/turtlesim/include/turtlesim/turtlesim/action/detail
[11.697s] -- Up-to-date: /home/amruth/Documents/git/ros_ws/WS/install/turtlesim/include/turtlesim/turtlesim/action/detail/rotate_absolute__type_support.c
[11.697s] -- Up-to-date: /home/amruth/Documents/git/ros_ws/WS/install/turtlesim/include/turtlesim/turtlesim/action/detail/rotate_absolute__rosidl_typesupport_introspection_c.h
[11.697s] -- Up-to-date: /home/amruth/Documents/git/ros_ws/WS/install/turtlesim/lib/libturtlesim__rosidl_typesupport_introspection_c.so
[11.697s] -- Up-to-date: /home/amruth/Documents/git/ros_ws/WS/install/turtlesim/lib/libturtlesim__rosidl_typesupport_c.so
[11.697s] -- Up-to-date: /home/amruth/Documents/git/ros_ws/WS/install/turtlesim/include/turtlesim
[11.697s] -- Up-to-date: /home/amruth/Documents/git/ros_ws/WS/install/turtlesim/include/turtlesim/msg
[11.697s] -- Up-to-date: /home/amruth/Documents/git/ros_ws/WS/install/turtlesim/include/turtlesim/msg/rosidl_typesupport_microxrcedds_cpp__visibility_control.h
[11.697s] -- Up-to-date: /home/amruth/Documents/git/ros_ws/WS/install/turtlesim/include/turtlesim/msg/detail
[11.697s] -- Up-to-date: /home/amruth/Documents/git/ros_ws/WS/install/turtlesim/include/turtlesim/msg/detail/pose__rosidl_typesupport_microxrcedds_cpp.hpp
[11.697s] -- Up-to-date: /home/amruth/Documents/git/ros_ws/WS/install/turtlesim/include/turtlesim/msg/detail/color__rosidl_typesupport_microxrcedds_cpp.hpp
[11.697s] -- Up-to-date: /home/amruth/Documents/git/ros_ws/WS/install/turtlesim/include/turtlesim/msg/detail/microxrcedds
[11.697s] -- Up-to-date: /home/amruth/Documents/git/ros_ws/WS/install/turtlesim/include/turtlesim/msg/detail/microxrcedds/color__type_support_cpp.cpp
[11.697s] -- Up-to-date: /home/amruth/Documents/git/ros_ws/WS/install/turtlesim/include/turtlesim/msg/detail/microxrcedds/pose__type_support_cpp.cpp
[11.698s] -- Up-to-date: /home/amruth/Documents/git/ros_ws/WS/install/turtlesim/include/turtlesim/srv
[11.698s] -- Up-to-date: /home/amruth/Documents/git/ros_ws/WS/install/turtlesim/include/turtlesim/srv/detail
[11.698s] -- Up-to-date: /home/amruth/Documents/git/ros_ws/WS/install/turtlesim/include/turtlesim/srv/detail/spawn__rosidl_typesupport_microxrcedds_cpp.hpp
[11.698s] -- Up-to-date: /home/amruth/Documents/git/ros_ws/WS/install/turtlesim/include/turtlesim/srv/detail/teleport_relative__rosidl_typesupport_microxrcedds_cpp.hpp
[11.698s] -- Up-to-date: /home/amruth/Documents/git/ros_ws/WS/install/turtlesim/include/turtlesim/srv/detail/teleport_absolute__rosidl_typesupport_microxrcedds_cpp.hpp
[11.698s] -- Up-to-date: /home/amruth/Documents/git/ros_ws/WS/install/turtlesim/include/turtlesim/srv/detail/set_pen__rosidl_typesupport_microxrcedds_cpp.hpp
[11.698s] -- Up-to-date: /home/amruth/Documents/git/ros_ws/WS/install/turtlesim/include/turtlesim/srv/detail/microxrcedds
[11.698s] -- Up-to-date: /home/amruth/Documents/git/ros_ws/WS/install/turtlesim/include/turtlesim/srv/detail/microxrcedds/teleport_absolute__type_support_cpp.cpp
[11.698s] -- Up-to-date: /home/amruth/Documents/git/ros_ws/WS/install/turtlesim/include/turtlesim/srv/detail/microxrcedds/teleport_relative__type_support_cpp.cpp
[11.698s] -- Up-to-date: /home/amruth/Documents/git/ros_ws/WS/install/turtlesim/include/turtlesim/srv/detail/microxrcedds/spawn__type_support_cpp.cpp
[11.698s] -- Up-to-date: /home/amruth/Documents/git/ros_ws/WS/install/turtlesim/include/turtlesim/srv/detail/microxrcedds/kill__type_support_cpp.cpp
[11.698s] -- Up-to-date: /home/amruth/Documents/git/ros_ws/WS/install/turtlesim/include/turtlesim/srv/detail/microxrcedds/set_pen__type_support_cpp.cpp
[11.698s] -- Up-to-date: /home/amruth/Documents/git/ros_ws/WS/install/turtlesim/include/turtlesim/srv/detail/kill__rosidl_typesupport_microxrcedds_cpp.hpp
[11.698s] -- Up-to-date: /home/amruth/Documents/git/ros_ws/WS/install/turtlesim/include/turtlesim/action
[11.698s] -- Up-to-date: /home/amruth/Documents/git/ros_ws/WS/install/turtlesim/include/turtlesim/action/detail
[11.698s] -- Up-to-date: /home/amruth/Documents/git/ros_ws/WS/install/turtlesim/include/turtlesim/action/detail/rotate_absolute__rosidl_typesupport_microxrcedds_cpp.hpp
[11.698s] -- Up-to-date: /home/amruth/Documents/git/ros_ws/WS/install/turtlesim/include/turtlesim/action/detail/microxrcedds
[11.698s] -- Up-to-date: /home/amruth/Documents/git/ros_ws/WS/install/turtlesim/include/turtlesim/action/detail/microxrcedds/rotate_absolute__type_support_cpp.cpp
[11.698s] -- Up-to-date: /home/amruth/Documents/git/ros_ws/WS/install/turtlesim/lib/libturtlesim__rosidl_typesupport_microxrcedds_cpp.so
[11.699s] -- Up-to-date: /home/amruth/Documents/git/ros_ws/WS/install/turtlesim/include/turtlesim/turtlesim
[11.699s] -- Up-to-date: /home/amruth/Documents/git/ros_ws/WS/install/turtlesim/include/turtlesim/turtlesim/msg
[11.699s] -- Up-to-date: /home/amruth/Documents/git/ros_ws/WS/install/turtlesim/include/turtlesim/turtlesim/msg/detail
[11.699s] -- Up-to-date: /home/amruth/Documents/git/ros_ws/WS/install/turtlesim/include/turtlesim/turtlesim/msg/detail/color__rosidl_typesupport_introspection_cpp.hpp
[11.699s] -- Up-to-date: /home/amruth/Documents/git/ros_ws/WS/install/turtlesim/include/turtlesim/turtlesim/msg/detail/pose__rosidl_typesupport_introspection_cpp.hpp
[11.699s] -- Up-to-date: /home/amruth/Documents/git/ros_ws/WS/install/turtlesim/include/turtlesim/turtlesim/msg/detail/color__type_support.cpp
[11.699s] -- Up-to-date: /home/amruth/Documents/git/ros_ws/WS/install/turtlesim/include/turtlesim/turtlesim/msg/detail/pose__type_support.cpp
[11.699s] -- Up-to-date: /home/amruth/Documents/git/ros_ws/WS/install/turtlesim/include/turtlesim/turtlesim/srv
[11.699s] -- Up-to-date: /home/amruth/Documents/git/ros_ws/WS/install/turtlesim/include/turtlesim/turtlesim/srv/detail
[11.699s] -- Up-to-date: /home/amruth/Documents/git/ros_ws/WS/install/turtlesim/include/turtlesim/turtlesim/srv/detail/kill__rosidl_typesupport_introspection_cpp.hpp
[11.699s] -- Up-to-date: /home/amruth/Documents/git/ros_ws/WS/install/turtlesim/include/turtlesim/turtlesim/srv/detail/spawn__rosidl_typesupport_introspection_cpp.hpp
[11.699s] -- Up-to-date: /home/amruth/Documents/git/ros_ws/WS/install/turtlesim/include/turtlesim/turtlesim/srv/detail/teleport_absolute__type_support.cpp
[11.699s] -- Up-to-date: /home/amruth/Documents/git/ros_ws/WS/install/turtlesim/include/turtlesim/turtlesim/srv/detail/teleport_absolute__rosidl_typesupport_introspection_cpp.hpp
[11.699s] -- Up-to-date: /home/amruth/Documents/git/ros_ws/WS/install/turtlesim/include/turtlesim/turtlesim/srv/detail/set_pen__rosidl_typesupport_introspection_cpp.hpp
[11.699s] -- Up-to-date: /home/amruth/Documents/git/ros_ws/WS/install/turtlesim/include/turtlesim/turtlesim/srv/detail/teleport_relative__rosidl_typesupport_introspection_cpp.hpp
[11.700s] -- Up-to-date: /home/amruth/Documents/git/ros_ws/WS/install/turtlesim/include/turtlesim/turtlesim/srv/detail/teleport_relative__type_support.cpp
[11.700s] -- Up-to-date: /home/amruth/Documents/git/ros_ws/WS/install/turtlesim/include/turtlesim/turtlesim/srv/detail/kill__type_support.cpp
[11.700s] -- Up-to-date: /home/amruth/Documents/git/ros_ws/WS/install/turtlesim/include/turtlesim/turtlesim/srv/detail/spawn__type_support.cpp
[11.700s] -- Up-to-date: /home/amruth/Documents/git/ros_ws/WS/install/turtlesim/include/turtlesim/turtlesim/srv/detail/set_pen__type_support.cpp
[11.700s] -- Up-to-date: /home/amruth/Documents/git/ros_ws/WS/install/turtlesim/include/turtlesim/turtlesim/action
[11.700s] -- Up-to-date: /home/amruth/Documents/git/ros_ws/WS/install/turtlesim/include/turtlesim/turtlesim/action/detail
[11.700s] -- Up-to-date: /home/amruth/Documents/git/ros_ws/WS/install/turtlesim/include/turtlesim/turtlesim/action/detail/rotate_absolute__type_support.cpp
[11.700s] -- Up-to-date: /home/amruth/Documents/git/ros_ws/WS/install/turtlesim/include/turtlesim/turtlesim/action/detail/rotate_absolute__rosidl_typesupport_introspection_cpp.hpp
[11.700s] -- Up-to-date: /home/amruth/Documents/git/ros_ws/WS/install/turtlesim/lib/libturtlesim__rosidl_typesupport_introspection_cpp.so
[11.700s] -- Up-to-date: /home/amruth/Documents/git/ros_ws/WS/install/turtlesim/lib/libturtlesim__rosidl_typesupport_cpp.so
[11.700s] -- Up-to-date: /home/amruth/Documents/git/ros_ws/WS/install/turtlesim/share/turtlesim/action/RotateAbsolute.idl
[11.700s] -- Up-to-date: /home/amruth/Documents/git/ros_ws/WS/install/turtlesim/share/turtlesim/msg/Color.idl
[11.700s] -- Up-to-date: /home/amruth/Documents/git/ros_ws/WS/install/turtlesim/share/turtlesim/msg/Pose.idl
[11.700s] -- Up-to-date: /home/amruth/Documents/git/ros_ws/WS/install/turtlesim/share/turtlesim/srv/Kill.idl
[11.700s] -- Up-to-date: /home/amruth/Documents/git/ros_ws/WS/install/turtlesim/share/turtlesim/srv/SetPen.idl
[11.700s] -- Up-to-date: /home/amruth/Documents/git/ros_ws/WS/install/turtlesim/share/turtlesim/srv/Spawn.idl
[11.701s] -- Up-to-date: /home/amruth/Documents/git/ros_ws/WS/install/turtlesim/share/turtlesim/srv/TeleportAbsolute.idl
[11.701s] -- Up-to-date: /home/amruth/Documents/git/ros_ws/WS/install/turtlesim/share/turtlesim/srv/TeleportRelative.idl
[11.701s] -- Up-to-date: /home/amruth/Documents/git/ros_ws/WS/install/turtlesim/share/turtlesim/action/RotateAbsolute.action
[11.701s] -- Up-to-date: /home/amruth/Documents/git/ros_ws/WS/install/turtlesim/share/turtlesim/msg/Color.msg
[11.701s] -- Up-to-date: /home/amruth/Documents/git/ros_ws/WS/install/turtlesim/share/turtlesim/msg/Pose.msg
[11.701s] -- Up-to-date: /home/amruth/Documents/git/ros_ws/WS/install/turtlesim/share/turtlesim/srv/Kill.srv
[11.701s] -- Up-to-date: /home/amruth/Documents/git/ros_ws/WS/install/turtlesim/share/turtlesim/srv/Kill_Request.msg
[11.701s] -- Up-to-date: /home/amruth/Documents/git/ros_ws/WS/install/turtlesim/share/turtlesim/srv/Kill_Response.msg
[11.701s] -- Up-to-date: /home/amruth/Documents/git/ros_ws/WS/install/turtlesim/share/turtlesim/srv/SetPen.srv
[11.701s] -- Up-to-date: /home/amruth/Documents/git/ros_ws/WS/install/turtlesim/share/turtlesim/srv/SetPen_Request.msg
[11.701s] -- Up-to-date: /home/amruth/Documents/git/ros_ws/WS/install/turtlesim/share/turtlesim/srv/SetPen_Response.msg
[11.701s] -- Up-to-date: /home/amruth/Documents/git/ros_ws/WS/install/turtlesim/share/turtlesim/srv/Spawn.srv
[11.701s] -- Up-to-date: /home/amruth/Documents/git/ros_ws/WS/install/turtlesim/share/turtlesim/srv/Spawn_Request.msg
[11.701s] -- Up-to-date: /home/amruth/Documents/git/ros_ws/WS/install/turtlesim/share/turtlesim/srv/Spawn_Response.msg
[11.701s] -- Up-to-date: /home/amruth/Documents/git/ros_ws/WS/install/turtlesim/share/turtlesim/srv/TeleportAbsolute.srv
[11.701s] -- Up-to-date: /home/amruth/Documents/git/ros_ws/WS/install/turtlesim/share/turtlesim/srv/TeleportAbsolute_Request.msg
[11.701s] -- Up-to-date: /home/amruth/Documents/git/ros_ws/WS/install/turtlesim/share/turtlesim/srv/TeleportAbsolute_Response.msg
[11.701s] -- Up-to-date: /home/amruth/Documents/git/ros_ws/WS/install/turtlesim/share/turtlesim/srv/TeleportRelative.srv
[11.701s] -- Up-to-date: /home/amruth/Documents/git/ros_ws/WS/install/turtlesim/share/turtlesim/srv/TeleportRelative_Request.msg
[11.702s] -- Up-to-date: /home/amruth/Documents/git/ros_ws/WS/install/turtlesim/share/turtlesim/srv/TeleportRelative_Response.msg
[11.702s] -- Installing: /home/amruth/Documents/git/ros_ws/WS/install/turtlesim/lib/turtlesim/turtlesim_node
[11.702s] -- Set runtime path of "/home/amruth/Documents/git/ros_ws/WS/install/turtlesim/lib/turtlesim/turtlesim_node" to ""
[11.702s] -- Up-to-date: /home/amruth/Documents/git/ros_ws/WS/install/turtlesim/lib/turtlesim/turtle_teleop_key
[11.702s] -- Up-to-date: /home/amruth/Documents/git/ros_ws/WS/install/turtlesim/lib/turtlesim/draw_square
[11.702s] -- Up-to-date: /home/amruth/Documents/git/ros_ws/WS/install/turtlesim/lib/turtlesim/mimic
[11.702s] -- Up-to-date: /home/amruth/Documents/git/ros_ws/WS/install/turtlesim/share/turtlesim/images
[11.702s] -- Up-to-date: /home/amruth/Documents/git/ros_ws/WS/install/turtlesim/share/turtlesim/images/rolling.png
[11.702s] -- Up-to-date: /home/amruth/Documents/git/ros_ws/WS/install/turtlesim/share/turtlesim/images/crystal.png
[11.702s] -- Up-to-date: /home/amruth/Documents/git/ros_ws/WS/install/turtlesim/share/turtlesim/images/dashing.png
[11.702s] -- Up-to-date: /home/amruth/Documents/git/ros_ws/WS/install/turtlesim/share/turtlesim/images/ardent.png
[11.702s] -- Up-to-date: /home/amruth/Documents/git/ros_ws/WS/install/turtlesim/share/turtlesim/images/foxy.png
[11.702s] -- Up-to-date: /home/amruth/Documents/git/ros_ws/WS/install/turtlesim/share/turtlesim/images/humble.png
[11.702s] -- Up-to-date: /home/amruth/Documents/git/ros_ws/WS/install/turtlesim/share/turtlesim/images/bouncy.png
[11.702s] -- Up-to-date: /home/amruth/Documents/git/ros_ws/WS/install/turtlesim/share/turtlesim/images/eloquent.png
[11.703s] -- Up-to-date: /home/amruth/Documents/git/ros_ws/WS/install/turtlesim/share/turtlesim/images/galactic.png
[11.703s] -- Up-to-date: /home/amruth/Documents/git/ros_ws/WS/install/turtlesim/share/turtlesim/launch
[11.703s] -- Up-to-date: /home/amruth/Documents/git/ros_ws/WS/install/turtlesim/share/turtlesim/launch/multisim.launch.py
[11.703s] -- Up-to-date: /home/amruth/Documents/git/ros_ws/WS/install/turtlesim/share/ament_index/resource_index/package_run_dependencies/turtlesim
[11.703s] -- Up-to-date: /home/amruth/Documents/git/ros_ws/WS/install/turtlesim/share/ament_index/resource_index/parent_prefix_path/turtlesim
[11.703s] -- Up-to-date: /home/amruth/Documents/git/ros_ws/WS/install/turtlesim/share/turtlesim/environment/ament_prefix_path.sh
[11.703s] -- Up-to-date: /home/amruth/Documents/git/ros_ws/WS/install/turtlesim/share/turtlesim/environment/ament_prefix_path.dsv
[11.703s] -- Up-to-date: /home/amruth/Documents/git/ros_ws/WS/install/turtlesim/share/turtlesim/environment/path.sh
[11.703s] -- Up-to-date: /home/amruth/Documents/git/ros_ws/WS/install/turtlesim/share/turtlesim/environment/path.dsv
[11.703s] -- Up-to-date: /home/amruth/Documents/git/ros_ws/WS/install/turtlesim/share/turtlesim/local_setup.bash
[11.704s] -- Up-to-date: /home/amruth/Documents/git/ros_ws/WS/install/turtlesim/share/turtlesim/local_setup.sh
[11.704s] -- Up-to-date: /home/amruth/Documents/git/ros_ws/WS/install/turtlesim/share/turtlesim/local_setup.zsh
[11.704s] -- Up-to-date: /home/amruth/Documents/git/ros_ws/WS/install/turtlesim/share/turtlesim/local_setup.dsv
[11.704s] -- Installing: /home/amruth/Documents/git/ros_ws/WS/install/turtlesim/share/turtlesim/package.dsv
[11.704s] -- Up-to-date: /home/amruth/Documents/git/ros_ws/WS/install/turtlesim/share/ament_index/resource_index/packages/turtlesim
[11.704s] -- Up-to-date: /home/amruth/Documents/git/ros_ws/WS/install/turtlesim/share/turtlesim/cmake/export_turtlesim__rosidl_generator_cExport.cmake
[11.704s] -- Up-to-date: /home/amruth/Documents/git/ros_ws/WS/install/turtlesim/share/turtlesim/cmake/export_turtlesim__rosidl_generator_cExport-noconfig.cmake
[11.704s] -- Up-to-date: /home/amruth/Documents/git/ros_ws/WS/install/turtlesim/share/turtlesim/cmake/export_turtlesim__rosidl_typesupport_fastrtps_cExport.cmake
[11.704s] -- Up-to-date: /home/amruth/Documents/git/ros_ws/WS/install/turtlesim/share/turtlesim/cmake/export_turtlesim__rosidl_typesupport_fastrtps_cExport-noconfig.cmake
[11.704s] -- Up-to-date: /home/amruth/Documents/git/ros_ws/WS/install/turtlesim/share/turtlesim/cmake/export_turtlesim__rosidl_generator_cppExport.cmake
[11.704s] -- Up-to-date: /home/amruth/Documents/git/ros_ws/WS/install/turtlesim/share/turtlesim/cmake/export_turtlesim__rosidl_typesupport_fastrtps_cppExport.cmake
[11.704s] -- Up-to-date: /home/amruth/Documents/git/ros_ws/WS/install/turtlesim/share/turtlesim/cmake/export_turtlesim__rosidl_typesupport_fastrtps_cppExport-noconfig.cmake
[11.705s] -- Up-to-date: /home/amruth/Documents/git/ros_ws/WS/install/turtlesim/share/turtlesim/cmake/turtlesim__rosidl_typesupport_introspection_cExport.cmake
[11.705s] -- Up-to-date: /home/amruth/Documents/git/ros_ws/WS/install/turtlesim/share/turtlesim/cmake/turtlesim__rosidl_typesupport_introspection_cExport-noconfig.cmake
[11.705s] -- Up-to-date: /home/amruth/Documents/git/ros_ws/WS/install/turtlesim/share/turtlesim/cmake/turtlesim__rosidl_typesupport_cExport.cmake
[11.705s] -- Up-to-date: /home/amruth/Documents/git/ros_ws/WS/install/turtlesim/share/turtlesim/cmake/turtlesim__rosidl_typesupport_cExport-noconfig.cmake
[11.705s] -- Up-to-date: /home/amruth/Documents/git/ros_ws/WS/install/turtlesim/share/turtlesim/cmake/turtlesim__rosidl_typesupport_introspection_cppExport.cmake
[11.705s] -- Up-to-date: /home/amruth/Documents/git/ros_ws/WS/install/turtlesim/share/turtlesim/cmake/turtlesim__rosidl_typesupport_introspection_cppExport-noconfig.cmake
[11.705s] -- Up-to-date: /home/amruth/Documents/git/ros_ws/WS/install/turtlesim/share/turtlesim/cmake/turtlesim__rosidl_typesupport_cppExport.cmake
[11.705s] -- Up-to-date: /home/amruth/Documents/git/ros_ws/WS/install/turtlesim/share/turtlesim/cmake/turtlesim__rosidl_typesupport_cppExport-noconfig.cmake
[11.705s] -- Up-to-date: /home/amruth/Documents/git/ros_ws/WS/install/turtlesim/share/turtlesim/cmake/rosidl_cmake-extras.cmake
[11.705s] -- Up-to-date: /home/amruth/Documents/git/ros_ws/WS/install/turtlesim/share/turtlesim/cmake/ament_cmake_export_dependencies-extras.cmake
[11.705s] -- Up-to-date: /home/amruth/Documents/git/ros_ws/WS/install/turtlesim/share/turtlesim/cmake/ament_cmake_export_include_directories-extras.cmake
[11.705s] -- Up-to-date: /home/amruth/Documents/git/ros_ws/WS/install/turtlesim/share/turtlesim/cmake/ament_cmake_export_libraries-extras.cmake
[11.705s] -- Up-to-date: /home/amruth/Documents/git/ros_ws/WS/install/turtlesim/share/turtlesim/cmake/ament_cmake_export_targets-extras.cmake
[11.705s] -- Up-to-date: /home/amruth/Documents/git/ros_ws/WS/install/turtlesim/share/turtlesim/cmake/rosidl_cmake_export_typesupport_targets-extras.cmake
[11.705s] -- Up-to-date: /home/amruth/Documents/git/ros_ws/WS/install/turtlesim/share/turtlesim/cmake/rosidl_cmake_export_typesupport_libraries-extras.cmake
[11.706s] -- Up-to-date: /home/amruth/Documents/git/ros_ws/WS/install/turtlesim/share/turtlesim/cmake/turtlesimConfig.cmake
[11.706s] -- Up-to-date: /home/amruth/Documents/git/ros_ws/WS/install/turtlesim/share/turtlesim/cmake/turtlesimConfig-version.cmake
[11.706s] -- Up-to-date: /home/amruth/Documents/git/ros_ws/WS/install/turtlesim/share/turtlesim/package.xml
[11.706s] Invoked command in '/home/amruth/Documents/git/ros_ws/WS/build/turtlesim' returned '0': CMAKE_PREFIX_PATH=${CMAKE_PREFIX_PATH}:/home/amruth/Documents/git/ros_ws/WS/install/my_py_pkg:/home/amruth/Documents/git/microros_ws/install/sensor_msgs_py:/opt/ros/humble /usr/bin/cmake --install /home/amruth/Documents/git/ros_ws/WS/build/turtlesim
