[0.475s] Invoking command in '/home/ros_ws/src/my_py_pkg': PYTHONPATH=/home/ros_ws/build/my_py_pkg/prefix_override:/home/ros_ws/install/my_py_pkg/lib/python3.8/site-packages:${PYTHONPATH} /usr/bin/python3 setup.py egg_info --egg-base ../../build/my_py_pkg build --build-base /home/ros_ws/build/my_py_pkg/build install --record /home/ros_ws/build/my_py_pkg/install.log --install-scripts $base/lib/my_py_pkg --single-version-externally-managed
[0.645s] running egg_info
[0.645s] writing ../../build/my_py_pkg/my_py_pkg.egg-info/PKG-INFO
[0.646s] writing dependency_links to ../../build/my_py_pkg/my_py_pkg.egg-info/dependency_links.txt
[0.646s] writing entry points to ../../build/my_py_pkg/my_py_pkg.egg-info/entry_points.txt
[0.646s] writing requirements to ../../build/my_py_pkg/my_py_pkg.egg-info/requires.txt
[0.646s] writing top-level names to ../../build/my_py_pkg/my_py_pkg.egg-info/top_level.txt
[0.672s] reading manifest file '../../build/my_py_pkg/my_py_pkg.egg-info/SOURCES.txt'
[0.673s] writing manifest file '../../build/my_py_pkg/my_py_pkg.egg-info/SOURCES.txt'
[0.673s] running build
[0.673s] running build_py
[0.673s] copying my_py_pkg/hw_status_publisher.py -> /home/ros_ws/build/my_py_pkg/build/lib/my_py_pkg
[0.673s] running install
[0.674s] running install_lib
[0.674s] copying /home/ros_ws/build/my_py_pkg/build/lib/my_py_pkg/hw_status_publisher.py -> /home/ros_ws/install/my_py_pkg/lib/python3.8/site-packages/my_py_pkg
[0.675s] byte-compiling /home/ros_ws/install/my_py_pkg/lib/python3.8/site-packages/my_py_pkg/hw_status_publisher.py to hw_status_publisher.cpython-38.pyc
[0.676s] running install_data
[0.676s] running install_egg_info
[0.677s] removing '/home/ros_ws/install/my_py_pkg/lib/python3.8/site-packages/my_py_pkg-0.0.0-py3.8.egg-info' (and everything under it)
[0.678s] Copying ../../build/my_py_pkg/my_py_pkg.egg-info to /home/ros_ws/install/my_py_pkg/lib/python3.8/site-packages/my_py_pkg-0.0.0-py3.8.egg-info
[0.678s] running install_scripts
[0.691s] Installing hw_status_publisher script to /home/ros_ws/install/my_py_pkg/lib/my_py_pkg
[0.692s] writing list of installed files to '/home/ros_ws/build/my_py_pkg/install.log'
[0.719s] Invoked command in '/home/ros_ws/src/my_py_pkg' returned '0': PYTHONPATH=/home/ros_ws/build/my_py_pkg/prefix_override:/home/ros_ws/install/my_py_pkg/lib/python3.8/site-packages:${PYTHONPATH} /usr/bin/python3 setup.py egg_info --egg-base ../../build/my_py_pkg build --build-base /home/ros_ws/build/my_py_pkg/build install --record /home/ros_ws/build/my_py_pkg/install.log --install-scripts $base/lib/my_py_pkg --single-version-externally-managed
