[0.503s] Invoking command in '/home/ros_ws/src/my_py_pkg': PYTHONPATH=/home/ros_ws/build/my_py_pkg/prefix_override:/home/ros_ws/install/my_py_pkg/lib/python3.8/site-packages:/home/ros_ws/install/my_robot_interfaces/lib/python3.8/site-packages:/home/ros_ws/install/my_py_pkg/lib/python3.8/site-packages:/opt/ros/foxy/lib/python3.8/site-packages /usr/bin/python3 setup.py egg_info --egg-base ../../build/my_py_pkg build --build-base /home/ros_ws/build/my_py_pkg/build install --record /home/ros_ws/build/my_py_pkg/install.log --install-scripts $base/lib/my_py_pkg --single-version-externally-managed
[0.660s] running egg_info
[0.660s] writing ../../build/my_py_pkg/my_py_pkg.egg-info/PKG-INFO
[0.660s] writing dependency_links to ../../build/my_py_pkg/my_py_pkg.egg-info/dependency_links.txt
[0.660s] writing entry points to ../../build/my_py_pkg/my_py_pkg.egg-info/entry_points.txt
[0.660s] writing requirements to ../../build/my_py_pkg/my_py_pkg.egg-info/requires.txt
[0.661s] writing top-level names to ../../build/my_py_pkg/my_py_pkg.egg-info/top_level.txt
[0.691s] reading manifest file '../../build/my_py_pkg/my_py_pkg.egg-info/SOURCES.txt'
[0.691s] writing manifest file '../../build/my_py_pkg/my_py_pkg.egg-info/SOURCES.txt'
[0.691s] running build
[0.691s] running build_py
[0.692s] running install
[0.693s] running install_lib
[0.694s] running install_data
[0.695s] running install_egg_info
[0.696s] removing '/home/ros_ws/install/my_py_pkg/lib/python3.8/site-packages/my_py_pkg-0.0.0-py3.8.egg-info' (and everything under it)
[0.697s] Copying ../../build/my_py_pkg/my_py_pkg.egg-info to /home/ros_ws/install/my_py_pkg/lib/python3.8/site-packages/my_py_pkg-0.0.0-py3.8.egg-info
[0.697s] running install_scripts
[0.714s] Installing hw_status_publisher script to /home/ros_ws/install/my_py_pkg/lib/my_py_pkg
[0.714s] writing list of installed files to '/home/ros_ws/build/my_py_pkg/install.log'
