[0.803s] Invoking command in '/home/amruth/Documents/git/ros_ws/WS/build/my_py_pkg': PYTHONPATH=/home/amruth/Documents/git/ros_ws/WS/build/my_py_pkg/prefix_override:/home/amruth/Documents/git/ros_ws/WS/install/my_py_pkg/lib/python3.10/site-packages:${PYTHONPATH} /usr/bin/python3 setup.py develop --editable --build-directory /home/amruth/Documents/git/ros_ws/WS/build/my_py_pkg/build --no-deps install_data
[1.026s] running develop
[1.036s] /usr/lib/python3/dist-packages/setuptools/command/easy_install.py:158: EasyInstallDeprecationWarning: easy_install command is deprecated. Use build and pip and other standards-based tools.
[1.036s]   warnings.warn(
[1.038s] /usr/lib/python3/dist-packages/setuptools/command/install.py:34: SetuptoolsDeprecationWarning: setup.py install is deprecated. Use build and pip and other standards-based tools.
[1.038s]   warnings.warn(
[1.090s] /usr/lib/python3/dist-packages/pkg_resources/__init__.py:116: PkgResourcesDeprecationWarning: 1.16.0-unknown is an invalid version and will not be supported in a future release
[1.090s]   warnings.warn(
[1.091s] /usr/lib/python3/dist-packages/pkg_resources/__init__.py:116: PkgResourcesDeprecationWarning: 0.1.43ubuntu1 is an invalid version and will not be supported in a future release
[1.091s]   warnings.warn(
[1.183s] running egg_info
[1.184s] writing my_py_pkg.egg-info/PKG-INFO
[1.184s] writing dependency_links to my_py_pkg.egg-info/dependency_links.txt
[1.184s] writing entry points to my_py_pkg.egg-info/entry_points.txt
[1.184s] writing requirements to my_py_pkg.egg-info/requires.txt
[1.184s] writing top-level names to my_py_pkg.egg-info/top_level.txt
[1.185s] reading manifest file 'my_py_pkg.egg-info/SOURCES.txt'
[1.186s] writing manifest file 'my_py_pkg.egg-info/SOURCES.txt'
[1.187s] running build_ext
[1.187s] Creating /home/amruth/Documents/git/ros_ws/WS/install/my_py_pkg/lib/python3.10/site-packages/my-py-pkg.egg-link (link to .)
[1.188s] Installing py_node script to /home/amruth/Documents/git/ros_ws/WS/install/my_py_pkg/lib/my_py_pkg
[1.188s] Installing py_node_2 = my_py_pkg.second_node:mainrobot_news_station script to /home/amruth/Documents/git/ros_ws/WS/install/my_py_pkg/lib/my_py_pkg
[1.188s] 
[1.188s] Installed /home/amruth/Documents/git/ros_ws/WS/build/my_py_pkg
[1.188s] running install_data
[1.219s] Invoked command in '/home/amruth/Documents/git/ros_ws/WS/build/my_py_pkg' returned '0': PYTHONPATH=/home/amruth/Documents/git/ros_ws/WS/build/my_py_pkg/prefix_override:/home/amruth/Documents/git/ros_ws/WS/install/my_py_pkg/lib/python3.10/site-packages:${PYTHONPATH} /usr/bin/python3 setup.py develop --editable --build-directory /home/amruth/Documents/git/ros_ws/WS/build/my_py_pkg/build --no-deps install_data
