[0.182s] Invoking command in '/home/ros_ws/build/batt_led': AMENT_PREFIX_PATH=/home/ros_ws/install/bat_led_interfaces:${AMENT_PREFIX_PATH} CMAKE_PREFIX_PATH=/home/ros_ws/install/bat_led_interfaces:/home/ros_ws/install/my_robot_interfaces:/home/ros_ws/install/my_cpp_pkg:/home/ros_ws/install/my_py_pkg:/opt/ros/foxy LD_LIBRARY_PATH=/home/ros_ws/install/bat_led_interfaces/lib:${LD_LIBRARY_PATH} PYTHONPATH=/home/ros_ws/install/bat_led_interfaces/lib/python3.8/site-packages:${PYTHONPATH} /usr/bin/cmake --build /home/ros_ws/build/batt_led -- -j16 -l16
[0.221s] [35m[1mScanning dependencies of target battery[0m
[0.249s] [ 50%] [32mBuilding CXX object CMakeFiles/battery.dir/src/battery.cpp.o[0m
[2.287s] [100%] [32m[1mLinking CXX executable battery[0m
[2.428s] [100%] Built target battery
[2.451s] Invoked command in '/home/ros_ws/build/batt_led' returned '0': AMENT_PREFIX_PATH=/home/ros_ws/install/bat_led_interfaces:${AMENT_PREFIX_PATH} CMAKE_PREFIX_PATH=/home/ros_ws/install/bat_led_interfaces:/home/ros_ws/install/my_robot_interfaces:/home/ros_ws/install/my_cpp_pkg:/home/ros_ws/install/my_py_pkg:/opt/ros/foxy LD_LIBRARY_PATH=/home/ros_ws/install/bat_led_interfaces/lib:${LD_LIBRARY_PATH} PYTHONPATH=/home/ros_ws/install/bat_led_interfaces/lib/python3.8/site-packages:${PYTHONPATH} /usr/bin/cmake --build /home/ros_ws/build/batt_led -- -j16 -l16
[2.490s] Invoking command in '/home/ros_ws/build/batt_led': AMENT_PREFIX_PATH=/home/ros_ws/install/bat_led_interfaces:${AMENT_PREFIX_PATH} CMAKE_PREFIX_PATH=/home/ros_ws/install/bat_led_interfaces:/home/ros_ws/install/my_robot_interfaces:/home/ros_ws/install/my_cpp_pkg:/home/ros_ws/install/my_py_pkg:/opt/ros/foxy LD_LIBRARY_PATH=/home/ros_ws/install/bat_led_interfaces/lib:${LD_LIBRARY_PATH} PYTHONPATH=/home/ros_ws/install/bat_led_interfaces/lib/python3.8/site-packages:${PYTHONPATH} /usr/bin/cmake --install /home/ros_ws/build/batt_led
[2.497s] -- Install configuration: ""
[2.497s] -- Installing: /home/ros_ws/install/batt_led/lib/batt_led/battery
[2.498s] -- Set runtime path of "/home/ros_ws/install/batt_led/lib/batt_led/battery" to ""
[2.498s] -- Up-to-date: /home/ros_ws/install/batt_led/share/ament_index/resource_index/package_run_dependencies/batt_led
[2.499s] -- Up-to-date: /home/ros_ws/install/batt_led/share/ament_index/resource_index/parent_prefix_path/batt_led
[2.499s] -- Up-to-date: /home/ros_ws/install/batt_led/share/batt_led/environment/ament_prefix_path.sh
[2.499s] -- Up-to-date: /home/ros_ws/install/batt_led/share/batt_led/environment/ament_prefix_path.dsv
[2.499s] -- Up-to-date: /home/ros_ws/install/batt_led/share/batt_led/environment/path.sh
[2.500s] -- Up-to-date: /home/ros_ws/install/batt_led/share/batt_led/environment/path.dsv
[2.500s] -- Up-to-date: /home/ros_ws/install/batt_led/share/batt_led/local_setup.bash
[2.500s] -- Up-to-date: /home/ros_ws/install/batt_led/share/batt_led/local_setup.sh
[2.500s] -- Up-to-date: /home/ros_ws/install/batt_led/share/batt_led/local_setup.zsh
[2.500s] -- Up-to-date: /home/ros_ws/install/batt_led/share/batt_led/local_setup.dsv
[2.501s] -- Installing: /home/ros_ws/install/batt_led/share/batt_led/package.dsv
[2.501s] -- Up-to-date: /home/ros_ws/install/batt_led/share/ament_index/resource_index/packages/batt_led
[2.501s] -- Up-to-date: /home/ros_ws/install/batt_led/share/batt_led/cmake/batt_ledConfig.cmake
[2.501s] -- Up-to-date: /home/ros_ws/install/batt_led/share/batt_led/cmake/batt_ledConfig-version.cmake
[2.501s] -- Up-to-date: /home/ros_ws/install/batt_led/share/batt_led/package.xml
[2.508s] Invoked command in '/home/ros_ws/build/batt_led' returned '0': AMENT_PREFIX_PATH=/home/ros_ws/install/bat_led_interfaces:${AMENT_PREFIX_PATH} CMAKE_PREFIX_PATH=/home/ros_ws/install/bat_led_interfaces:/home/ros_ws/install/my_robot_interfaces:/home/ros_ws/install/my_cpp_pkg:/home/ros_ws/install/my_py_pkg:/opt/ros/foxy LD_LIBRARY_PATH=/home/ros_ws/install/bat_led_interfaces/lib:${LD_LIBRARY_PATH} PYTHONPATH=/home/ros_ws/install/bat_led_interfaces/lib/python3.8/site-packages:${PYTHONPATH} /usr/bin/cmake --install /home/ros_ws/build/batt_led
