[0.228s] Invoking command in '/home/ros_ws/build/batt_led': CMAKE_PREFIX_PATH=/home/ros_ws/install/bat_led_interfaces:/home/ros_ws/install/my_robot_interfaces:/home/ros_ws/install/my_cpp_pkg:/home/ros_ws/install/batt_led:/home/ros_ws/install/my_py_pkg:/opt/ros/foxy LD_LIBRARY_PATH=/home/ros_ws/install/bat_led_interfaces/lib:/home/ros_ws/install/my_robot_interfaces/lib:/opt/ros/foxy/opt/yaml_cpp_vendor/lib:/opt/ros/foxy/opt/rviz_ogre_vendor/lib:/opt/ros/foxy/lib/x86_64-linux-gnu:/opt/ros/foxy/lib PYTHONPATH=/home/ros_ws/install/bat_led_interfaces/lib/python3.8/site-packages:/home/ros_ws/install/my_py_pkg/lib/python3.8/site-packages:/home/ros_ws/install/my_robot_interfaces/lib/python3.8/site-packages:/opt/ros/foxy/lib/python3.8/site-packages /usr/bin/cmake --build /home/ros_ws/build/batt_led -- -j16 -l16
[0.277s] [35m[1mScanning dependencies of target led_pannel[0m
[0.278s] [35m[1mScanning dependencies of target battery[0m
[0.308s] [ 25%] [32mBuilding CXX object CMakeFiles/led_pannel.dir/src/led_pannel.cpp.o[0m
[0.309s] [ 50%] [32mBuilding CXX object CMakeFiles/battery.dir/src/battery.cpp.o[0m
[3.052s] [ 75%] [32m[1mLinking CXX executable battery[0m
[3.224s] [ 75%] Built target battery
[3.477s] [100%] [32m[1mLinking CXX executable led_pannel[0m
[3.672s] [100%] Built target led_pannel
[3.685s] Invoked command in '/home/ros_ws/build/batt_led' returned '0': CMAKE_PREFIX_PATH=/home/ros_ws/install/bat_led_interfaces:/home/ros_ws/install/my_robot_interfaces:/home/ros_ws/install/my_cpp_pkg:/home/ros_ws/install/batt_led:/home/ros_ws/install/my_py_pkg:/opt/ros/foxy LD_LIBRARY_PATH=/home/ros_ws/install/bat_led_interfaces/lib:/home/ros_ws/install/my_robot_interfaces/lib:/opt/ros/foxy/opt/yaml_cpp_vendor/lib:/opt/ros/foxy/opt/rviz_ogre_vendor/lib:/opt/ros/foxy/lib/x86_64-linux-gnu:/opt/ros/foxy/lib PYTHONPATH=/home/ros_ws/install/bat_led_interfaces/lib/python3.8/site-packages:/home/ros_ws/install/my_py_pkg/lib/python3.8/site-packages:/home/ros_ws/install/my_robot_interfaces/lib/python3.8/site-packages:/opt/ros/foxy/lib/python3.8/site-packages /usr/bin/cmake --build /home/ros_ws/build/batt_led -- -j16 -l16
[3.712s] Invoking command in '/home/ros_ws/build/batt_led': CMAKE_PREFIX_PATH=/home/ros_ws/install/bat_led_interfaces:/home/ros_ws/install/my_robot_interfaces:/home/ros_ws/install/my_cpp_pkg:/home/ros_ws/install/batt_led:/home/ros_ws/install/my_py_pkg:/opt/ros/foxy LD_LIBRARY_PATH=/home/ros_ws/install/bat_led_interfaces/lib:/home/ros_ws/install/my_robot_interfaces/lib:/opt/ros/foxy/opt/yaml_cpp_vendor/lib:/opt/ros/foxy/opt/rviz_ogre_vendor/lib:/opt/ros/foxy/lib/x86_64-linux-gnu:/opt/ros/foxy/lib PYTHONPATH=/home/ros_ws/install/bat_led_interfaces/lib/python3.8/site-packages:/home/ros_ws/install/my_py_pkg/lib/python3.8/site-packages:/home/ros_ws/install/my_robot_interfaces/lib/python3.8/site-packages:/opt/ros/foxy/lib/python3.8/site-packages /usr/bin/cmake --install /home/ros_ws/build/batt_led
[3.721s] -- Install configuration: ""
[3.721s] -- Installing: /home/ros_ws/install/batt_led/lib/batt_led/battery
[3.722s] -- Set runtime path of "/home/ros_ws/install/batt_led/lib/batt_led/battery" to ""
[3.722s] -- Installing: /home/ros_ws/install/batt_led/lib/batt_led/led_pannel
[3.723s] -- Set runtime path of "/home/ros_ws/install/batt_led/lib/batt_led/led_pannel" to ""
[3.723s] -- Up-to-date: /home/ros_ws/install/batt_led/share/ament_index/resource_index/package_run_dependencies/batt_led
[3.723s] -- Up-to-date: /home/ros_ws/install/batt_led/share/ament_index/resource_index/parent_prefix_path/batt_led
[3.724s] -- Up-to-date: /home/ros_ws/install/batt_led/share/batt_led/environment/ament_prefix_path.sh
[3.724s] -- Up-to-date: /home/ros_ws/install/batt_led/share/batt_led/environment/ament_prefix_path.dsv
[3.724s] -- Up-to-date: /home/ros_ws/install/batt_led/share/batt_led/environment/path.sh
[3.724s] -- Up-to-date: /home/ros_ws/install/batt_led/share/batt_led/environment/path.dsv
[3.724s] -- Up-to-date: /home/ros_ws/install/batt_led/share/batt_led/local_setup.bash
[3.724s] -- Up-to-date: /home/ros_ws/install/batt_led/share/batt_led/local_setup.sh
[3.724s] -- Up-to-date: /home/ros_ws/install/batt_led/share/batt_led/local_setup.zsh
[3.724s] -- Up-to-date: /home/ros_ws/install/batt_led/share/batt_led/local_setup.dsv
[3.724s] -- Installing: /home/ros_ws/install/batt_led/share/batt_led/package.dsv
[3.724s] -- Up-to-date: /home/ros_ws/install/batt_led/share/ament_index/resource_index/packages/batt_led
[3.724s] -- Up-to-date: /home/ros_ws/install/batt_led/share/batt_led/cmake/batt_ledConfig.cmake
[3.724s] -- Up-to-date: /home/ros_ws/install/batt_led/share/batt_led/cmake/batt_ledConfig-version.cmake
[3.724s] -- Up-to-date: /home/ros_ws/install/batt_led/share/batt_led/package.xml
[3.728s] Invoked command in '/home/ros_ws/build/batt_led' returned '0': CMAKE_PREFIX_PATH=/home/ros_ws/install/bat_led_interfaces:/home/ros_ws/install/my_robot_interfaces:/home/ros_ws/install/my_cpp_pkg:/home/ros_ws/install/batt_led:/home/ros_ws/install/my_py_pkg:/opt/ros/foxy LD_LIBRARY_PATH=/home/ros_ws/install/bat_led_interfaces/lib:/home/ros_ws/install/my_robot_interfaces/lib:/opt/ros/foxy/opt/yaml_cpp_vendor/lib:/opt/ros/foxy/opt/rviz_ogre_vendor/lib:/opt/ros/foxy/lib/x86_64-linux-gnu:/opt/ros/foxy/lib PYTHONPATH=/home/ros_ws/install/bat_led_interfaces/lib/python3.8/site-packages:/home/ros_ws/install/my_py_pkg/lib/python3.8/site-packages:/home/ros_ws/install/my_robot_interfaces/lib/python3.8/site-packages:/opt/ros/foxy/lib/python3.8/site-packages /usr/bin/cmake --install /home/ros_ws/build/batt_led
