[  1%] Built target tutorial_interfaces_cpp__cpp
[ 10%] Built target tutorial_interfaces_cpp__rosidl_generator_c
[ 10%] Built target ament_cmake_python_copy_tutorial_interfaces_cpp
[ 18%] Built target tutorial_interfaces_cpp__rosidl_typesupport_cpp
[ 27%] Built target tutorial_interfaces_cpp__rosidl_typesupport_fastrtps_cpp
[ 45%] Built target tutorial_interfaces_cpp__rosidl_typesupport_microxrcedds_cpp
[ 45%] Built target tutorial_interfaces_cpp__rosidl_typesupport_fastrtps_c
[ 52%] Built target tutorial_interfaces_cpp__rosidl_typesupport_introspection_c
[ 61%] Built target tutorial_interfaces_cpp__rosidl_typesupport_microxrcedds_c
[ 69%] Built target tutorial_interfaces_cpp__rosidl_typesupport_introspection_cpp
[ 77%] Built target tutorial_interfaces_cpp__rosidl_typesupport_c
[ 77%] Built target tutorial_interfaces_cpp
[ 79%] Built target tutorial_interfaces_cpp__py
[ 86%] Built target tutorial_interfaces_cpp__rosidl_generator_py
[ 96%] Built target tutorial_interfaces_cpp__rosidl_typesupport_introspection_c__pyext
[ 96%] Built target tutorial_interfaces_cpp__rosidl_typesupport_fastrtps_c__pyext
[ 96%] Built target tutorial_interfaces_cpp__rosidl_typesupport_microxrcedds_c__pyext
[100%] Built target tutorial_interfaces_cpp__rosidl_typesupport_c__pyext
running egg_info
writing tutorial_interfaces_cpp.egg-info/PKG-INFO
writing dependency_links to tutorial_interfaces_cpp.egg-info/dependency_links.txt
writing top-level names to tutorial_interfaces_cpp.egg-info/top_level.txt
reading manifest file 'tutorial_interfaces_cpp.egg-info/SOURCES.txt'
writing manifest file 'tutorial_interfaces_cpp.egg-info/SOURCES.txt'
[100%] Built target ament_cmake_python_build_tutorial_interfaces_cpp_egg
