[1.217s] Invoking command in '/home/amruth/Documents/git/ros_ws/WS/build/tutorial_interfaces_cpp': CMAKE_PREFIX_PATH=${CMAKE_PREFIX_PATH}:/home/amruth/Documents/git/ros_ws/WS/install/py_srvcli:/home/amruth/Documents/git/ros_ws/WS/install/py_pubsub_2:/home/amruth/Documents/git/ros_ws/WS/install/py_pubsub:/home/amruth/Documents/git/ros_ws/WS/install/my_py_pkg_2:/home/amruth/Documents/git/ros_ws/WS/install/my_py_pkg:/home/amruth/Documents/git/microros_ws/install/sensor_msgs_py:/opt/ros/humble /usr/bin/cmake --build /home/amruth/Documents/git/ros_ws/WS/build/tutorial_interfaces_cpp -- -j16 -l16
[1.289s] [  1%] Built target tutorial_interfaces_cpp__cpp
[1.293s] [ 10%] Built target tutorial_interfaces_cpp__rosidl_generator_c
[1.306s] [ 10%] Built target ament_cmake_python_copy_tutorial_interfaces_cpp
[1.334s] [ 18%] Built target tutorial_interfaces_cpp__rosidl_typesupport_cpp
[1.334s] [ 27%] Built target tutorial_interfaces_cpp__rosidl_typesupport_fastrtps_cpp
[1.335s] [ 45%] Built target tutorial_interfaces_cpp__rosidl_typesupport_microxrcedds_cpp
[1.336s] [ 45%] Built target tutorial_interfaces_cpp__rosidl_typesupport_fastrtps_c
[1.336s] [ 52%] Built target tutorial_interfaces_cpp__rosidl_typesupport_introspection_c
[1.336s] [ 61%] Built target tutorial_interfaces_cpp__rosidl_typesupport_microxrcedds_c
[1.337s] [ 69%] Built target tutorial_interfaces_cpp__rosidl_typesupport_introspection_cpp
[1.340s] [ 77%] Built target tutorial_interfaces_cpp__rosidl_typesupport_c
[1.368s] [ 77%] Built target tutorial_interfaces_cpp
[1.393s] [ 79%] Built target tutorial_interfaces_cpp__py
[1.420s] [ 86%] Built target tutorial_interfaces_cpp__rosidl_generator_py
[1.445s] [ 96%] Built target tutorial_interfaces_cpp__rosidl_typesupport_introspection_c__pyext
[1.445s] [ 96%] Built target tutorial_interfaces_cpp__rosidl_typesupport_fastrtps_c__pyext
[1.445s] [ 96%] Built target tutorial_interfaces_cpp__rosidl_typesupport_microxrcedds_c__pyext
[1.446s] [100%] Built target tutorial_interfaces_cpp__rosidl_typesupport_c__pyext
[1.568s] running egg_info
[1.569s] writing tutorial_interfaces_cpp.egg-info/PKG-INFO
[1.569s] writing dependency_links to tutorial_interfaces_cpp.egg-info/dependency_links.txt
[1.570s] writing top-level names to tutorial_interfaces_cpp.egg-info/top_level.txt
[1.571s] reading manifest file 'tutorial_interfaces_cpp.egg-info/SOURCES.txt'
[1.572s] writing manifest file 'tutorial_interfaces_cpp.egg-info/SOURCES.txt'
[1.609s] [100%] Built target ament_cmake_python_build_tutorial_interfaces_cpp_egg
