[0.017s] Invoking command in '/home/ros_ws/build/bat_led_interfaces': CMAKE_PREFIX_PATH=${CMAKE_PREFIX_PATH}:/home/ros_ws/install/my_py_pkg:/opt/ros/foxy /usr/bin/cmake --build /home/ros_ws/build/bat_led_interfaces -- -j16 -l16
[0.078s] -- Found ament_cmake: 0.9.11 (/opt/ros/foxy/share/ament_cmake/cmake)
[0.098s] -- Found PythonInterp: /usr/bin/python3 (found suitable version "3.8.10", minimum required is "3") 
[0.098s] -- Using PYTHON_EXECUTABLE: /usr/bin/python3
[0.243s] -- Found rosidl_default_generators: 1.0.1 (/opt/ros/foxy/share/rosidl_default_generators/cmake)
[0.247s] -- Using all available rosidl_typesupport_c: rosidl_typesupport_fastrtps_c;rosidl_typesupport_introspection_c
[0.252s] -- Found rosidl_adapter: 1.3.0 (/opt/ros/foxy/share/rosidl_adapter/cmake)
[0.436s] -- Using all available rosidl_typesupport_cpp: rosidl_typesupport_fastrtps_cpp;rosidl_typesupport_introspection_cpp
[0.475s] -- Found PythonInterp: /usr/bin/python3 (found version "3.8.10") 
[0.585s] -- Found ament_cmake_ros: 0.9.2 (/opt/ros/foxy/share/ament_cmake_ros/cmake)
[0.709s] -- Using all available rosidl_typesupport_c: rosidl_typesupport_fastrtps_c;rosidl_typesupport_introspection_c
[0.717s] -- Using all available rosidl_typesupport_cpp: rosidl_typesupport_fastrtps_cpp;rosidl_typesupport_introspection_cpp
[0.752s] -- Found PythonInterp: /usr/bin/python3 (found suitable version "3.8.10", minimum required is "3.5") 
[0.752s] -- Found python_cmake_module: 0.8.1 (/opt/ros/foxy/share/python_cmake_module/cmake)
[0.788s] -- Using PYTHON_EXECUTABLE: /usr/bin/python3
[0.788s] -- Using PYTHON_INCLUDE_DIRS: /usr/include/python3.8
[0.788s] -- Using PYTHON_LIBRARIES: /usr/lib/x86_64-linux-gnu/libpython3.8.so
[0.813s] -- Configuring done
[0.853s] -- Generating done
[0.856s] -- Build files have been written to: /home/ros_ws/build/bat_led_interfaces
[0.886s] [  2%] [34m[1mGenerating C code for ROS interfaces[0m
[0.892s] [  4%] [34m[1mGenerating C++ code for ROS interfaces[0m
[1.207s] [  4%] Built target bat_led_interfaces__cpp
[1.208s] [35m[1mScanning dependencies of target bat_led_interfaces__rosidl_generator_c[0m
[1.218s] [  6%] [34m[1mGenerating C++ introspection for ROS interfaces[0m
[1.218s] [  8%] [34m[1mGenerating C++ type support dispatch for ROS interfaces[0m
[1.222s] [ 12%] [32mBuilding C object CMakeFiles/bat_led_interfaces__rosidl_generator_c.dir/rosidl_generator_c/bat_led_interfaces/msg/detail/led_state_array__functions.c.o[0m
[1.222s] [ 12%] [32mBuilding C object CMakeFiles/bat_led_interfaces__rosidl_generator_c.dir/rosidl_generator_c/bat_led_interfaces/srv/detail/set_led__functions.c.o[0m
[1.223s] [ 14%] [32mBuilding C object CMakeFiles/bat_led_interfaces__rosidl_generator_c.dir/rosidl_generator_c/bat_led_interfaces/msg/detail/led_pannel_state__functions.c.o[0m
[1.226s] [ 17%] [34m[1mGenerating C++ type support for eProsima Fast-RTPS[0m
[1.325s] [ 19%] [32m[1mLinking C shared library libbat_led_interfaces__rosidl_generator_c.so[0m
[1.359s] [ 19%] Built target bat_led_interfaces__rosidl_generator_c
[1.369s] [ 21%] [34m[1mGenerating C introspection for ROS interfaces[0m
[1.369s] [ 23%] [34m[1mGenerating C type support dispatch for ROS interfaces[0m
[1.425s] [35m[1mScanning dependencies of target bat_led_interfaces__rosidl_typesupport_cpp[0m
[1.438s] [ 25%] [32mBuilding CXX object CMakeFiles/bat_led_interfaces__rosidl_typesupport_cpp.dir/rosidl_typesupport_cpp/bat_led_interfaces/msg/led_state_array__type_support.cpp.o[0m
[1.441s] [ 29%] [32mBuilding CXX object CMakeFiles/bat_led_interfaces__rosidl_typesupport_cpp.dir/rosidl_typesupport_cpp/bat_led_interfaces/srv/set_led__type_support.cpp.o[0m
[1.441s] [ 29%] [32mBuilding CXX object CMakeFiles/bat_led_interfaces__rosidl_typesupport_cpp.dir/rosidl_typesupport_cpp/bat_led_interfaces/msg/led_pannel_state__type_support.cpp.o[0m
[1.470s] [35m[1mScanning dependencies of target bat_led_interfaces__rosidl_typesupport_introspection_cpp[0m
[1.483s] [ 31%] [32mBuilding CXX object CMakeFiles/bat_led_interfaces__rosidl_typesupport_introspection_cpp.dir/rosidl_typesupport_introspection_cpp/bat_led_interfaces/msg/detail/led_state_array__type_support.cpp.o[0m
[1.484s] [ 34%] [32mBuilding CXX object CMakeFiles/bat_led_interfaces__rosidl_typesupport_introspection_cpp.dir/rosidl_typesupport_introspection_cpp/bat_led_interfaces/msg/detail/led_pannel_state__type_support.cpp.o[0m
[1.485s] [ 36%] [32mBuilding CXX object CMakeFiles/bat_led_interfaces__rosidl_typesupport_introspection_cpp.dir/rosidl_typesupport_introspection_cpp/bat_led_interfaces/srv/detail/set_led__type_support.cpp.o[0m
[1.500s] [35m[1mScanning dependencies of target bat_led_interfaces__rosidl_typesupport_fastrtps_cpp[0m
[1.516s] [ 42%] [32mBuilding CXX object CMakeFiles/bat_led_interfaces__rosidl_typesupport_fastrtps_cpp.dir/rosidl_typesupport_fastrtps_cpp/bat_led_interfaces/msg/detail/dds_fastrtps/led_state_array__type_support.cpp.o[0m
[1.517s] [ 42%] [32mBuilding CXX object CMakeFiles/bat_led_interfaces__rosidl_typesupport_fastrtps_cpp.dir/rosidl_typesupport_fastrtps_cpp/bat_led_interfaces/msg/detail/dds_fastrtps/led_pannel_state__type_support.cpp.o[0m
[1.517s] [ 42%] [32mBuilding CXX object CMakeFiles/bat_led_interfaces__rosidl_typesupport_fastrtps_cpp.dir/rosidl_typesupport_fastrtps_cpp/bat_led_interfaces/srv/detail/dds_fastrtps/set_led__type_support.cpp.o[0m
[1.609s] [35m[1mScanning dependencies of target bat_led_interfaces__rosidl_typesupport_c[0m
[1.627s] [ 46%] [32mBuilding CXX object CMakeFiles/bat_led_interfaces__rosidl_typesupport_c.dir/rosidl_typesupport_c/bat_led_interfaces/srv/set_led__type_support.cpp.o[0m
[1.628s] [ 46%] [32mBuilding CXX object CMakeFiles/bat_led_interfaces__rosidl_typesupport_c.dir/rosidl_typesupport_c/bat_led_interfaces/msg/led_pannel_state__type_support.cpp.o[0m
[1.629s] [ 48%] [32mBuilding CXX object CMakeFiles/bat_led_interfaces__rosidl_typesupport_c.dir/rosidl_typesupport_c/bat_led_interfaces/msg/led_state_array__type_support.cpp.o[0m
[1.678s] [ 51%] [32m[1mLinking CXX shared library libbat_led_interfaces__rosidl_typesupport_c.so[0m
[1.699s] [35m[1mScanning dependencies of target bat_led_interfaces__rosidl_typesupport_introspection_c[0m
[1.720s] [ 55%] [32mBuilding C object CMakeFiles/bat_led_interfaces__rosidl_typesupport_introspection_c.dir/rosidl_typesupport_introspection_c/bat_led_interfaces/srv/detail/set_led__type_support.c.o[0m
[1.720s] [ 55%] [32mBuilding C object CMakeFiles/bat_led_interfaces__rosidl_typesupport_introspection_c.dir/rosidl_typesupport_introspection_c/bat_led_interfaces/msg/detail/led_pannel_state__type_support.c.o[0m
[1.729s] [ 57%] [32mBuilding C object CMakeFiles/bat_led_interfaces__rosidl_typesupport_introspection_c.dir/rosidl_typesupport_introspection_c/bat_led_interfaces/msg/detail/led_state_array__type_support.c.o[0m
[1.737s] [ 57%] Built target bat_led_interfaces__rosidl_typesupport_c
[1.773s] [ 59%] [32m[1mLinking C shared library libbat_led_interfaces__rosidl_typesupport_introspection_c.so[0m
[1.807s] [ 59%] Built target bat_led_interfaces__rosidl_typesupport_introspection_c
[1.854s] [ 61%] [32m[1mLinking CXX shared library libbat_led_interfaces__rosidl_typesupport_introspection_cpp.so[0m
[1.859s] [ 63%] [32m[1mLinking CXX shared library libbat_led_interfaces__rosidl_typesupport_cpp.so[0m
[1.897s] [ 63%] Built target bat_led_interfaces__rosidl_typesupport_cpp
[1.933s] [ 63%] Built target bat_led_interfaces__rosidl_typesupport_introspection_cpp
[1.958s] [ 65%] [32m[1mLinking CXX shared library libbat_led_interfaces__rosidl_typesupport_fastrtps_cpp.so[0m
[2.045s] [ 65%] Built target bat_led_interfaces__rosidl_typesupport_fastrtps_cpp
[2.055s] [ 68%] [34m[1mGenerating C type support for eProsima Fast-RTPS[0m
[2.301s] [35m[1mScanning dependencies of target bat_led_interfaces__rosidl_typesupport_fastrtps_c[0m
[2.327s] [ 70%] [32mBuilding CXX object CMakeFiles/bat_led_interfaces__rosidl_typesupport_fastrtps_c.dir/rosidl_typesupport_fastrtps_c/bat_led_interfaces/msg/detail/led_pannel_state__type_support_c.cpp.o[0m
[2.327s] [ 72%] [32mBuilding CXX object CMakeFiles/bat_led_interfaces__rosidl_typesupport_fastrtps_c.dir/rosidl_typesupport_fastrtps_c/bat_led_interfaces/srv/detail/set_led__type_support_c.cpp.o[0m
[2.329s] [ 74%] [32mBuilding CXX object CMakeFiles/bat_led_interfaces__rosidl_typesupport_fastrtps_c.dir/rosidl_typesupport_fastrtps_c/bat_led_interfaces/msg/detail/led_state_array__type_support_c.cpp.o[0m
[2.657s] [ 76%] [32m[1mLinking CXX shared library libbat_led_interfaces__rosidl_typesupport_fastrtps_c.so[0m
[2.739s] [ 76%] Built target bat_led_interfaces__rosidl_typesupport_fastrtps_c
[2.766s] [ 76%] Built target bat_led_interfaces
[2.787s] [ 78%] [34m[1mGenerating Python code for ROS interfaces[0m
[3.256s] [ 78%] Built target bat_led_interfaces__py
[3.271s] [35m[1mScanning dependencies of target bat_led_interfaces__python[0m
[3.289s] [ 80%] [32mBuilding C object CMakeFiles/bat_led_interfaces__python.dir/rosidl_generator_py/bat_led_interfaces/srv/_set_led_s.c.o[0m
[3.293s] [ 85%] [32mBuilding C object CMakeFiles/bat_led_interfaces__python.dir/rosidl_generator_py/bat_led_interfaces/msg/_led_state_array_s.c.o[0m
[3.294s] [ 85%] [32mBuilding C object CMakeFiles/bat_led_interfaces__python.dir/rosidl_generator_py/bat_led_interfaces/msg/_led_pannel_state_s.c.o[0m
[3.399s] [ 87%] [32m[1mLinking C shared library rosidl_generator_py/bat_led_interfaces/libbat_led_interfaces__python.so[0m
[3.454s] [ 87%] Built target bat_led_interfaces__python
[3.465s] [35m[1mScanning dependencies of target bat_led_interfaces__rosidl_typesupport_fastrtps_c__pyext[0m
[3.470s] [35m[1mScanning dependencies of target bat_led_interfaces__rosidl_typesupport_introspection_c__pyext[0m
[3.471s] [35m[1mScanning dependencies of target bat_led_interfaces__rosidl_typesupport_c__pyext[0m
[3.482s] [ 89%] [32mBuilding C object CMakeFiles/bat_led_interfaces__rosidl_typesupport_fastrtps_c__pyext.dir/rosidl_generator_py/bat_led_interfaces/_bat_led_interfaces_s.ep.rosidl_typesupport_fastrtps_c.c.o[0m
[3.488s] [ 91%] [32mBuilding C object CMakeFiles/bat_led_interfaces__rosidl_typesupport_introspection_c__pyext.dir/rosidl_generator_py/bat_led_interfaces/_bat_led_interfaces_s.ep.rosidl_typesupport_introspection_c.c.o[0m
[3.492s] [ 93%] [32mBuilding C object CMakeFiles/bat_led_interfaces__rosidl_typesupport_c__pyext.dir/rosidl_generator_py/bat_led_interfaces/_bat_led_interfaces_s.ep.rosidl_typesupport_c.c.o[0m
[3.563s] [ 95%] [32m[1mLinking CXX shared library rosidl_generator_py/bat_led_interfaces/bat_led_interfaces_s__rosidl_typesupport_fastrtps_c.cpython-38-x86_64-linux-gnu.so[0m
[3.564s] [ 97%] [32m[1mLinking C shared library rosidl_generator_py/bat_led_interfaces/bat_led_interfaces_s__rosidl_typesupport_c.cpython-38-x86_64-linux-gnu.so[0m
[3.591s] [100%] [32m[1mLinking C shared library rosidl_generator_py/bat_led_interfaces/bat_led_interfaces_s__rosidl_typesupport_introspection_c.cpython-38-x86_64-linux-gnu.so[0m
[3.606s] [100%] Built target bat_led_interfaces__rosidl_typesupport_c__pyext
[3.617s] [100%] Built target bat_led_interfaces__rosidl_typesupport_fastrtps_c__pyext
[3.628s] [100%] Built target bat_led_interfaces__rosidl_typesupport_introspection_c__pyext
[3.648s] Invoked command in '/home/ros_ws/build/bat_led_interfaces' returned '0': CMAKE_PREFIX_PATH=${CMAKE_PREFIX_PATH}:/home/ros_ws/install/my_py_pkg:/opt/ros/foxy /usr/bin/cmake --build /home/ros_ws/build/bat_led_interfaces -- -j16 -l16
[3.716s] Invoking command in '/home/ros_ws/build/bat_led_interfaces': CMAKE_PREFIX_PATH=${CMAKE_PREFIX_PATH}:/home/ros_ws/install/my_py_pkg:/opt/ros/foxy /usr/bin/cmake --install /home/ros_ws/build/bat_led_interfaces
[3.723s] -- Install configuration: ""
[3.723s] -- Up-to-date: /home/ros_ws/install/bat_led_interfaces/share/ament_index/resource_index/rosidl_interfaces/bat_led_interfaces
[3.723s] -- Up-to-date: /home/ros_ws/install/bat_led_interfaces/include/bat_led_interfaces
[3.724s] -- Up-to-date: /home/ros_ws/install/bat_led_interfaces/include/bat_led_interfaces/msg
[3.724s] -- Up-to-date: /home/ros_ws/install/bat_led_interfaces/include/bat_led_interfaces/msg/detail
[3.724s] -- Installing: /home/ros_ws/install/bat_led_interfaces/include/bat_led_interfaces/msg/detail/led_pannel_state__functions.c
[3.724s] -- Installing: /home/ros_ws/install/bat_led_interfaces/include/bat_led_interfaces/msg/detail/led_pannel_state__struct.h
[3.724s] -- Installing: /home/ros_ws/install/bat_led_interfaces/include/bat_led_interfaces/msg/detail/led_state_array__functions.h
[3.724s] -- Installing: /home/ros_ws/install/bat_led_interfaces/include/bat_led_interfaces/msg/detail/led_state_array__struct.h
[3.724s] -- Installing: /home/ros_ws/install/bat_led_interfaces/include/bat_led_interfaces/msg/detail/led_pannel_state__functions.h
[3.725s] -- Installing: /home/ros_ws/install/bat_led_interfaces/include/bat_led_interfaces/msg/detail/led_state_array__functions.c
[3.725s] -- Installing: /home/ros_ws/install/bat_led_interfaces/include/bat_led_interfaces/msg/detail/led_pannel_state__type_support.h
[3.725s] -- Installing: /home/ros_ws/install/bat_led_interfaces/include/bat_led_interfaces/msg/detail/led_state_array__type_support.h
[3.725s] -- Installing: /home/ros_ws/install/bat_led_interfaces/include/bat_led_interfaces/msg/led_state_array.h
[3.725s] -- Installing: /home/ros_ws/install/bat_led_interfaces/include/bat_led_interfaces/msg/led_pannel_state.h
[3.725s] -- Up-to-date: /home/ros_ws/install/bat_led_interfaces/include/bat_led_interfaces/msg/rosidl_generator_c__visibility_control.h
[3.725s] -- Up-to-date: /home/ros_ws/install/bat_led_interfaces/include/bat_led_interfaces/srv
[3.725s] -- Up-to-date: /home/ros_ws/install/bat_led_interfaces/include/bat_led_interfaces/srv/detail
[3.725s] -- Installing: /home/ros_ws/install/bat_led_interfaces/include/bat_led_interfaces/srv/detail/set_led__type_support.h
[3.725s] -- Installing: /home/ros_ws/install/bat_led_interfaces/include/bat_led_interfaces/srv/detail/set_led__functions.c
[3.725s] -- Installing: /home/ros_ws/install/bat_led_interfaces/include/bat_led_interfaces/srv/detail/set_led__struct.h
[3.725s] -- Installing: /home/ros_ws/install/bat_led_interfaces/include/bat_led_interfaces/srv/detail/set_led__functions.h
[3.725s] -- Installing: /home/ros_ws/install/bat_led_interfaces/include/bat_led_interfaces/srv/set_led.h
[3.725s] -- Up-to-date: /home/ros_ws/install/bat_led_interfaces/share/bat_led_interfaces/environment/library_path.sh
[3.725s] -- Installing: /home/ros_ws/install/bat_led_interfaces/share/bat_led_interfaces/environment/library_path.dsv
[3.725s] -- Installing: /home/ros_ws/install/bat_led_interfaces/lib/libbat_led_interfaces__rosidl_generator_c.so
[3.726s] -- Set runtime path of "/home/ros_ws/install/bat_led_interfaces/lib/libbat_led_interfaces__rosidl_generator_c.so" to ""
[3.726s] -- Up-to-date: /home/ros_ws/install/bat_led_interfaces/include/bat_led_interfaces
[3.726s] -- Up-to-date: /home/ros_ws/install/bat_led_interfaces/include/bat_led_interfaces/msg
[3.726s] -- Up-to-date: /home/ros_ws/install/bat_led_interfaces/include/bat_led_interfaces/msg/detail
[3.726s] -- Installing: /home/ros_ws/install/bat_led_interfaces/include/bat_led_interfaces/msg/detail/led_pannel_state__rosidl_typesupport_fastrtps_c.h
[3.726s] -- Installing: /home/ros_ws/install/bat_led_interfaces/include/bat_led_interfaces/msg/detail/led_state_array__rosidl_typesupport_fastrtps_c.h
[3.726s] -- Up-to-date: /home/ros_ws/install/bat_led_interfaces/include/bat_led_interfaces/msg/rosidl_typesupport_fastrtps_c__visibility_control.h
[3.726s] -- Up-to-date: /home/ros_ws/install/bat_led_interfaces/include/bat_led_interfaces/srv
[3.726s] -- Up-to-date: /home/ros_ws/install/bat_led_interfaces/include/bat_led_interfaces/srv/detail
[3.726s] -- Installing: /home/ros_ws/install/bat_led_interfaces/include/bat_led_interfaces/srv/detail/set_led__rosidl_typesupport_fastrtps_c.h
[3.727s] -- Installing: /home/ros_ws/install/bat_led_interfaces/lib/libbat_led_interfaces__rosidl_typesupport_fastrtps_c.so
[3.727s] -- Set runtime path of "/home/ros_ws/install/bat_led_interfaces/lib/libbat_led_interfaces__rosidl_typesupport_fastrtps_c.so" to ""
[3.727s] -- Up-to-date: /home/ros_ws/install/bat_led_interfaces/include/bat_led_interfaces
[3.727s] -- Up-to-date: /home/ros_ws/install/bat_led_interfaces/include/bat_led_interfaces/msg
[3.727s] -- Up-to-date: /home/ros_ws/install/bat_led_interfaces/include/bat_led_interfaces/msg/detail
[3.727s] -- Installing: /home/ros_ws/install/bat_led_interfaces/include/bat_led_interfaces/msg/detail/led_pannel_state__rosidl_typesupport_fastrtps_cpp.hpp
[3.727s] -- Up-to-date: /home/ros_ws/install/bat_led_interfaces/include/bat_led_interfaces/msg/detail/dds_fastrtps
[3.727s] -- Installing: /home/ros_ws/install/bat_led_interfaces/include/bat_led_interfaces/msg/detail/led_state_array__rosidl_typesupport_fastrtps_cpp.hpp
[3.727s] -- Up-to-date: /home/ros_ws/install/bat_led_interfaces/include/bat_led_interfaces/msg/rosidl_typesupport_fastrtps_cpp__visibility_control.h
[3.727s] -- Up-to-date: /home/ros_ws/install/bat_led_interfaces/include/bat_led_interfaces/srv
[3.727s] -- Up-to-date: /home/ros_ws/install/bat_led_interfaces/include/bat_led_interfaces/srv/detail
[3.727s] -- Installing: /home/ros_ws/install/bat_led_interfaces/include/bat_led_interfaces/srv/detail/set_led__rosidl_typesupport_fastrtps_cpp.hpp
[3.728s] -- Up-to-date: /home/ros_ws/install/bat_led_interfaces/include/bat_led_interfaces/srv/detail/dds_fastrtps
[3.728s] -- Installing: /home/ros_ws/install/bat_led_interfaces/lib/libbat_led_interfaces__rosidl_typesupport_fastrtps_cpp.so
[3.728s] -- Set runtime path of "/home/ros_ws/install/bat_led_interfaces/lib/libbat_led_interfaces__rosidl_typesupport_fastrtps_cpp.so" to ""
[3.728s] -- Up-to-date: /home/ros_ws/install/bat_led_interfaces/include/bat_led_interfaces
[3.728s] -- Up-to-date: /home/ros_ws/install/bat_led_interfaces/include/bat_led_interfaces/msg
[3.728s] -- Up-to-date: /home/ros_ws/install/bat_led_interfaces/include/bat_led_interfaces/msg/detail
[3.728s] -- Installing: /home/ros_ws/install/bat_led_interfaces/include/bat_led_interfaces/msg/detail/led_state_array__type_support.c
[3.728s] -- Installing: /home/ros_ws/install/bat_led_interfaces/include/bat_led_interfaces/msg/detail/led_pannel_state__rosidl_typesupport_introspection_c.h
[3.729s] -- Installing: /home/ros_ws/install/bat_led_interfaces/include/bat_led_interfaces/msg/detail/led_state_array__rosidl_typesupport_introspection_c.h
[3.729s] -- Installing: /home/ros_ws/install/bat_led_interfaces/include/bat_led_interfaces/msg/detail/led_pannel_state__type_support.c
[3.729s] -- Up-to-date: /home/ros_ws/install/bat_led_interfaces/include/bat_led_interfaces/msg/rosidl_typesupport_introspection_c__visibility_control.h
[3.729s] -- Up-to-date: /home/ros_ws/install/bat_led_interfaces/include/bat_led_interfaces/srv
[3.729s] -- Up-to-date: /home/ros_ws/install/bat_led_interfaces/include/bat_led_interfaces/srv/detail
[3.729s] -- Installing: /home/ros_ws/install/bat_led_interfaces/include/bat_led_interfaces/srv/detail/set_led__type_support.c
[3.729s] -- Installing: /home/ros_ws/install/bat_led_interfaces/include/bat_led_interfaces/srv/detail/set_led__rosidl_typesupport_introspection_c.h
[3.729s] -- Installing: /home/ros_ws/install/bat_led_interfaces/lib/libbat_led_interfaces__rosidl_typesupport_introspection_c.so
[3.730s] -- Set runtime path of "/home/ros_ws/install/bat_led_interfaces/lib/libbat_led_interfaces__rosidl_typesupport_introspection_c.so" to ""
[3.730s] -- Installing: /home/ros_ws/install/bat_led_interfaces/lib/libbat_led_interfaces__rosidl_typesupport_c.so
[3.730s] -- Set runtime path of "/home/ros_ws/install/bat_led_interfaces/lib/libbat_led_interfaces__rosidl_typesupport_c.so" to ""
[3.730s] -- Up-to-date: /home/ros_ws/install/bat_led_interfaces/include/bat_led_interfaces
[3.730s] -- Up-to-date: /home/ros_ws/install/bat_led_interfaces/include/bat_led_interfaces/msg
[3.730s] -- Up-to-date: /home/ros_ws/install/bat_led_interfaces/include/bat_led_interfaces/msg/detail
[3.730s] -- Installing: /home/ros_ws/install/bat_led_interfaces/include/bat_led_interfaces/msg/detail/led_state_array__builder.hpp
[3.731s] -- Installing: /home/ros_ws/install/bat_led_interfaces/include/bat_led_interfaces/msg/detail/led_pannel_state__builder.hpp
[3.731s] -- Installing: /home/ros_ws/install/bat_led_interfaces/include/bat_led_interfaces/msg/detail/led_pannel_state__struct.hpp
[3.731s] -- Installing: /home/ros_ws/install/bat_led_interfaces/include/bat_led_interfaces/msg/detail/led_state_array__struct.hpp
[3.731s] -- Installing: /home/ros_ws/install/bat_led_interfaces/include/bat_led_interfaces/msg/detail/led_state_array__traits.hpp
[3.731s] -- Installing: /home/ros_ws/install/bat_led_interfaces/include/bat_led_interfaces/msg/detail/led_pannel_state__traits.hpp
[3.731s] -- Installing: /home/ros_ws/install/bat_led_interfaces/include/bat_led_interfaces/msg/led_pannel_state.hpp
[3.731s] -- Installing: /home/ros_ws/install/bat_led_interfaces/include/bat_led_interfaces/msg/led_state_array.hpp
[3.731s] -- Up-to-date: /home/ros_ws/install/bat_led_interfaces/include/bat_led_interfaces/srv
[3.731s] -- Up-to-date: /home/ros_ws/install/bat_led_interfaces/include/bat_led_interfaces/srv/detail
[3.731s] -- Installing: /home/ros_ws/install/bat_led_interfaces/include/bat_led_interfaces/srv/detail/set_led__builder.hpp
[3.731s] -- Installing: /home/ros_ws/install/bat_led_interfaces/include/bat_led_interfaces/srv/detail/set_led__traits.hpp
[3.731s] -- Installing: /home/ros_ws/install/bat_led_interfaces/include/bat_led_interfaces/srv/detail/set_led__struct.hpp
[3.731s] -- Installing: /home/ros_ws/install/bat_led_interfaces/include/bat_led_interfaces/srv/set_led.hpp
[3.731s] -- Up-to-date: /home/ros_ws/install/bat_led_interfaces/include/bat_led_interfaces
[3.732s] -- Up-to-date: /home/ros_ws/install/bat_led_interfaces/include/bat_led_interfaces/msg
[3.732s] -- Up-to-date: /home/ros_ws/install/bat_led_interfaces/include/bat_led_interfaces/msg/detail
[3.732s] -- Installing: /home/ros_ws/install/bat_led_interfaces/include/bat_led_interfaces/msg/detail/led_pannel_state__type_support.cpp
[3.732s] -- Installing: /home/ros_ws/install/bat_led_interfaces/include/bat_led_interfaces/msg/detail/led_state_array__type_support.cpp
[3.732s] -- Installing: /home/ros_ws/install/bat_led_interfaces/include/bat_led_interfaces/msg/detail/led_state_array__rosidl_typesupport_introspection_cpp.hpp
[3.732s] -- Installing: /home/ros_ws/install/bat_led_interfaces/include/bat_led_interfaces/msg/detail/led_pannel_state__rosidl_typesupport_introspection_cpp.hpp
[3.732s] -- Up-to-date: /home/ros_ws/install/bat_led_interfaces/include/bat_led_interfaces/srv
[3.732s] -- Up-to-date: /home/ros_ws/install/bat_led_interfaces/include/bat_led_interfaces/srv/detail
[3.732s] -- Installing: /home/ros_ws/install/bat_led_interfaces/include/bat_led_interfaces/srv/detail/set_led__type_support.cpp
[3.732s] -- Installing: /home/ros_ws/install/bat_led_interfaces/include/bat_led_interfaces/srv/detail/set_led__rosidl_typesupport_introspection_cpp.hpp
[3.732s] -- Installing: /home/ros_ws/install/bat_led_interfaces/lib/libbat_led_interfaces__rosidl_typesupport_introspection_cpp.so
[3.733s] -- Set runtime path of "/home/ros_ws/install/bat_led_interfaces/lib/libbat_led_interfaces__rosidl_typesupport_introspection_cpp.so" to ""
[3.733s] -- Installing: /home/ros_ws/install/bat_led_interfaces/lib/libbat_led_interfaces__rosidl_typesupport_cpp.so
[3.733s] -- Set runtime path of "/home/ros_ws/install/bat_led_interfaces/lib/libbat_led_interfaces__rosidl_typesupport_cpp.so" to ""
[3.734s] -- Up-to-date: /home/ros_ws/install/bat_led_interfaces/share/bat_led_interfaces/environment/pythonpath.sh
[3.734s] -- Installing: /home/ros_ws/install/bat_led_interfaces/share/bat_led_interfaces/environment/pythonpath.dsv
[3.734s] -- Installing: /home/ros_ws/install/bat_led_interfaces/lib/python3.8/site-packages/bat_led_interfaces/__init__.py
[3.784s] Compiling '/home/ros_ws/install/bat_led_interfaces/lib/python3.8/site-packages/bat_led_interfaces/__init__.py'...
[3.787s] -- Up-to-date: /home/ros_ws/install/bat_led_interfaces/lib/python3.8/site-packages/bat_led_interfaces/msg
[3.788s] -- Installing: /home/ros_ws/install/bat_led_interfaces/lib/python3.8/site-packages/bat_led_interfaces/msg/_led_pannel_state.py
[3.788s] -- Installing: /home/ros_ws/install/bat_led_interfaces/lib/python3.8/site-packages/bat_led_interfaces/msg/__init__.py
[3.788s] -- Installing: /home/ros_ws/install/bat_led_interfaces/lib/python3.8/site-packages/bat_led_interfaces/msg/_led_state_array.py
[3.788s] -- Installing: /home/ros_ws/install/bat_led_interfaces/lib/python3.8/site-packages/bat_led_interfaces/msg/_led_state_array_s.c
[3.788s] -- Installing: /home/ros_ws/install/bat_led_interfaces/lib/python3.8/site-packages/bat_led_interfaces/msg/_led_pannel_state_s.c
[3.788s] -- Up-to-date: /home/ros_ws/install/bat_led_interfaces/lib/python3.8/site-packages/bat_led_interfaces/srv
[3.788s] -- Installing: /home/ros_ws/install/bat_led_interfaces/lib/python3.8/site-packages/bat_led_interfaces/srv/_set_led.py
[3.788s] -- Installing: /home/ros_ws/install/bat_led_interfaces/lib/python3.8/site-packages/bat_led_interfaces/srv/__init__.py
[3.789s] -- Installing: /home/ros_ws/install/bat_led_interfaces/lib/python3.8/site-packages/bat_led_interfaces/srv/_set_led_s.c
[3.789s] -- Installing: /home/ros_ws/install/bat_led_interfaces/lib/python3.8/site-packages/bat_led_interfaces/bat_led_interfaces_s__rosidl_typesupport_fastrtps_c.cpython-38-x86_64-linux-gnu.so
[3.790s] -- Set runtime path of "/home/ros_ws/install/bat_led_interfaces/lib/python3.8/site-packages/bat_led_interfaces/bat_led_interfaces_s__rosidl_typesupport_fastrtps_c.cpython-38-x86_64-linux-gnu.so" to ""
[3.790s] -- Installing: /home/ros_ws/install/bat_led_interfaces/lib/python3.8/site-packages/bat_led_interfaces/bat_led_interfaces_s__rosidl_typesupport_introspection_c.cpython-38-x86_64-linux-gnu.so
[3.791s] -- Set runtime path of "/home/ros_ws/install/bat_led_interfaces/lib/python3.8/site-packages/bat_led_interfaces/bat_led_interfaces_s__rosidl_typesupport_introspection_c.cpython-38-x86_64-linux-gnu.so" to ""
[3.791s] -- Installing: /home/ros_ws/install/bat_led_interfaces/lib/python3.8/site-packages/bat_led_interfaces/bat_led_interfaces_s__rosidl_typesupport_c.cpython-38-x86_64-linux-gnu.so
[3.792s] -- Set runtime path of "/home/ros_ws/install/bat_led_interfaces/lib/python3.8/site-packages/bat_led_interfaces/bat_led_interfaces_s__rosidl_typesupport_c.cpython-38-x86_64-linux-gnu.so" to ""
[3.792s] -- Installing: /home/ros_ws/install/bat_led_interfaces/lib/libbat_led_interfaces__python.so
[3.793s] -- Set runtime path of "/home/ros_ws/install/bat_led_interfaces/lib/libbat_led_interfaces__python.so" to ""
[3.793s] -- Up-to-date: /home/ros_ws/install/bat_led_interfaces/share/bat_led_interfaces/msg/LedPannelState.idl
[3.793s] -- Up-to-date: /home/ros_ws/install/bat_led_interfaces/share/bat_led_interfaces/srv/SetLed.idl
[3.793s] -- Installing: /home/ros_ws/install/bat_led_interfaces/share/bat_led_interfaces/msg/LedStateArray.idl
[3.793s] -- Up-to-date: /home/ros_ws/install/bat_led_interfaces/share/bat_led_interfaces/msg/LedPannelState.msg
[3.793s] -- Up-to-date: /home/ros_ws/install/bat_led_interfaces/share/bat_led_interfaces/srv/SetLed.srv
[3.793s] -- Up-to-date: /home/ros_ws/install/bat_led_interfaces/share/bat_led_interfaces/srv/SetLed_Request.msg
[3.793s] -- Up-to-date: /home/ros_ws/install/bat_led_interfaces/share/bat_led_interfaces/srv/SetLed_Response.msg
[3.793s] -- Installing: /home/ros_ws/install/bat_led_interfaces/share/bat_led_interfaces/msg/LedStateArray.msg
[3.793s] -- Up-to-date: /home/ros_ws/install/bat_led_interfaces/share/ament_index/resource_index/package_run_dependencies/bat_led_interfaces
[3.794s] -- Installing: /home/ros_ws/install/bat_led_interfaces/share/ament_index/resource_index/parent_prefix_path/bat_led_interfaces
[3.794s] -- Up-to-date: /home/ros_ws/install/bat_led_interfaces/share/bat_led_interfaces/environment/ament_prefix_path.sh
[3.794s] -- Installing: /home/ros_ws/install/bat_led_interfaces/share/bat_led_interfaces/environment/ament_prefix_path.dsv
[3.794s] -- Up-to-date: /home/ros_ws/install/bat_led_interfaces/share/bat_led_interfaces/environment/path.sh
[3.794s] -- Installing: /home/ros_ws/install/bat_led_interfaces/share/bat_led_interfaces/environment/path.dsv
[3.794s] -- Up-to-date: /home/ros_ws/install/bat_led_interfaces/share/bat_led_interfaces/local_setup.bash
[3.794s] -- Up-to-date: /home/ros_ws/install/bat_led_interfaces/share/bat_led_interfaces/local_setup.sh
[3.794s] -- Up-to-date: /home/ros_ws/install/bat_led_interfaces/share/bat_led_interfaces/local_setup.zsh
[3.794s] -- Installing: /home/ros_ws/install/bat_led_interfaces/share/bat_led_interfaces/local_setup.dsv
[3.794s] -- Installing: /home/ros_ws/install/bat_led_interfaces/share/bat_led_interfaces/package.dsv
[3.795s] -- Up-to-date: /home/ros_ws/install/bat_led_interfaces/share/ament_index/resource_index/packages/bat_led_interfaces
[3.795s] -- Up-to-date: /home/ros_ws/install/bat_led_interfaces/share/bat_led_interfaces/cmake/bat_led_interfaces__rosidl_generator_cExport.cmake
[3.795s] -- Installing: /home/ros_ws/install/bat_led_interfaces/share/bat_led_interfaces/cmake/bat_led_interfaces__rosidl_generator_cExport-noconfig.cmake
[3.795s] -- Up-to-date: /home/ros_ws/install/bat_led_interfaces/share/bat_led_interfaces/cmake/bat_led_interfaces__rosidl_typesupport_introspection_cExport.cmake
[3.795s] -- Installing: /home/ros_ws/install/bat_led_interfaces/share/bat_led_interfaces/cmake/bat_led_interfaces__rosidl_typesupport_introspection_cExport-noconfig.cmake
[3.796s] -- Up-to-date: /home/ros_ws/install/bat_led_interfaces/share/bat_led_interfaces/cmake/bat_led_interfaces__rosidl_typesupport_cExport.cmake
[3.796s] -- Installing: /home/ros_ws/install/bat_led_interfaces/share/bat_led_interfaces/cmake/bat_led_interfaces__rosidl_typesupport_cExport-noconfig.cmake
[3.796s] -- Up-to-date: /home/ros_ws/install/bat_led_interfaces/share/bat_led_interfaces/cmake/bat_led_interfaces__rosidl_generator_cppExport.cmake
[3.796s] -- Up-to-date: /home/ros_ws/install/bat_led_interfaces/share/bat_led_interfaces/cmake/bat_led_interfaces__rosidl_typesupport_introspection_cppExport.cmake
[3.796s] -- Installing: /home/ros_ws/install/bat_led_interfaces/share/bat_led_interfaces/cmake/bat_led_interfaces__rosidl_typesupport_introspection_cppExport-noconfig.cmake
[3.796s] -- Up-to-date: /home/ros_ws/install/bat_led_interfaces/share/bat_led_interfaces/cmake/bat_led_interfaces__rosidl_typesupport_cppExport.cmake
[3.797s] -- Installing: /home/ros_ws/install/bat_led_interfaces/share/bat_led_interfaces/cmake/bat_led_interfaces__rosidl_typesupport_cppExport-noconfig.cmake
[3.797s] -- Up-to-date: /home/ros_ws/install/bat_led_interfaces/share/bat_led_interfaces/cmake/rosidl_cmake-extras.cmake
[3.797s] -- Up-to-date: /home/ros_ws/install/bat_led_interfaces/share/bat_led_interfaces/cmake/ament_cmake_export_dependencies-extras.cmake
[3.797s] -- Up-to-date: /home/ros_ws/install/bat_led_interfaces/share/bat_led_interfaces/cmake/ament_cmake_export_libraries-extras.cmake
[3.797s] -- Up-to-date: /home/ros_ws/install/bat_led_interfaces/share/bat_led_interfaces/cmake/ament_cmake_export_targets-extras.cmake
[3.797s] -- Up-to-date: /home/ros_ws/install/bat_led_interfaces/share/bat_led_interfaces/cmake/ament_cmake_export_include_directories-extras.cmake
[3.797s] -- Up-to-date: /home/ros_ws/install/bat_led_interfaces/share/bat_led_interfaces/cmake/rosidl_cmake_export_typesupport_libraries-extras.cmake
[3.797s] -- Up-to-date: /home/ros_ws/install/bat_led_interfaces/share/bat_led_interfaces/cmake/rosidl_cmake_export_typesupport_targets-extras.cmake
[3.797s] -- Up-to-date: /home/ros_ws/install/bat_led_interfaces/share/bat_led_interfaces/cmake/bat_led_interfacesConfig.cmake
[3.797s] -- Up-to-date: /home/ros_ws/install/bat_led_interfaces/share/bat_led_interfaces/cmake/bat_led_interfacesConfig-version.cmake
[3.798s] -- Up-to-date: /home/ros_ws/install/bat_led_interfaces/share/bat_led_interfaces/package.xml
[3.799s] Invoked command in '/home/ros_ws/build/bat_led_interfaces' returned '0': CMAKE_PREFIX_PATH=${CMAKE_PREFIX_PATH}:/home/ros_ws/install/my_py_pkg:/opt/ros/foxy /usr/bin/cmake --install /home/ros_ws/build/bat_led_interfaces
