[1.221s] Invoking command in '/home/amruth/Documents/git/ros_ws/WS/build/tutorial_interfaces_cpp': CMAKE_PREFIX_PATH=${CMAKE_PREFIX_PATH}:/home/amruth/Documents/git/ros_ws/WS/install/py_srvcli:/home/amruth/Documents/git/ros_ws/WS/install/py_pubsub_2:/home/amruth/Documents/git/ros_ws/WS/install/py_pubsub:/home/amruth/Documents/git/ros_ws/WS/install/my_py_pkg_2:/home/amruth/Documents/git/ros_ws/WS/install/my_py_pkg:/home/amruth/Documents/git/microros_ws/install/sensor_msgs_py:/opt/ros/humble /usr/bin/cmake --build /home/amruth/Documents/git/ros_ws/WS/build/tutorial_interfaces_cpp -- -j16 -l16
[1.292s] [35m[1mConsolidate compiler generated dependencies of target tutorial_interfaces_cpp__rosidl_generator_c[0m
[1.316s] [  1%] Built target tutorial_interfaces_cpp__cpp
[1.323s] [ 10%] Built target tutorial_interfaces_cpp__rosidl_generator_c
[1.337s] [35m[1mConsolidate compiler generated dependencies of target tutorial_interfaces_cpp__rosidl_typesupport_cpp[0m
[1.337s] [35m[1mConsolidate compiler generated dependencies of target tutorial_interfaces_cpp__rosidl_typesupport_fastrtps_cpp[0m
[1.340s] [35m[1mConsolidate compiler generated dependencies of target tutorial_interfaces_cpp__rosidl_typesupport_microxrcedds_cpp[0m
[1.340s] [ 10%] Built target ament_cmake_python_copy_tutorial_interfaces_cpp
[1.348s] [35m[1mConsolidate compiler generated dependencies of target tutorial_interfaces_cpp__rosidl_typesupport_introspection_cpp[0m
[1.349s] [35m[1mConsolidate compiler generated dependencies of target tutorial_interfaces_cpp__rosidl_typesupport_microxrcedds_c[0m
[1.351s] [35m[1mConsolidate compiler generated dependencies of target tutorial_interfaces_cpp__rosidl_typesupport_fastrtps_c[0m
[1.355s] [35m[1mConsolidate compiler generated dependencies of target tutorial_interfaces_cpp__rosidl_typesupport_c[0m
[1.355s] [35m[1mConsolidate compiler generated dependencies of target tutorial_interfaces_cpp__rosidl_typesupport_introspection_c[0m
[1.364s] [ 27%] Built target tutorial_interfaces_cpp__rosidl_typesupport_cpp
[1.364s] [ 27%] Built target tutorial_interfaces_cpp__rosidl_typesupport_fastrtps_cpp
[1.367s] [ 35%] Built target tutorial_interfaces_cpp__rosidl_typesupport_microxrcedds_cpp
[1.371s] [ 44%] Built target tutorial_interfaces_cpp__rosidl_typesupport_microxrcedds_c
[1.377s] [ 61%] Built target tutorial_interfaces_cpp__rosidl_typesupport_introspection_cpp
[1.377s] [ 61%] Built target tutorial_interfaces_cpp__rosidl_typesupport_c
[1.379s] [ 69%] Built target tutorial_interfaces_cpp__rosidl_typesupport_introspection_c
[1.379s] [ 77%] Built target tutorial_interfaces_cpp__rosidl_typesupport_fastrtps_c
[1.406s] [ 77%] Built target tutorial_interfaces_cpp
[1.433s] [ 79%] Built target tutorial_interfaces_cpp__py
[1.447s] [35m[1mConsolidate compiler generated dependencies of target tutorial_interfaces_cpp__rosidl_generator_py[0m
[1.464s] [ 86%] Built target tutorial_interfaces_cpp__rosidl_generator_py
[1.476s] [35m[1mConsolidate compiler generated dependencies of target tutorial_interfaces_cpp__rosidl_typesupport_microxrcedds_c__pyext[0m
[1.477s] [35m[1mConsolidate compiler generated dependencies of target tutorial_interfaces_cpp__rosidl_typesupport_introspection_c__pyext[0m
[1.477s] [35m[1mConsolidate compiler generated dependencies of target tutorial_interfaces_cpp__rosidl_typesupport_fastrtps_c__pyext[0m
[1.478s] [35m[1mConsolidate compiler generated dependencies of target tutorial_interfaces_cpp__rosidl_typesupport_c__pyext[0m
[1.492s] [ 93%] Built target tutorial_interfaces_cpp__rosidl_typesupport_fastrtps_c__pyext
[1.492s] [ 93%] Built target tutorial_interfaces_cpp__rosidl_typesupport_microxrcedds_c__pyext
[1.493s] [100%] Built target tutorial_interfaces_cpp__rosidl_typesupport_introspection_c__pyext
[1.493s] [100%] Built target tutorial_interfaces_cpp__rosidl_typesupport_c__pyext
[1.627s] running egg_info
[1.628s] writing tutorial_interfaces_cpp.egg-info/PKG-INFO
[1.629s] writing dependency_links to tutorial_interfaces_cpp.egg-info/dependency_links.txt
[1.629s] writing top-level names to tutorial_interfaces_cpp.egg-info/top_level.txt
[1.632s] reading manifest file 'tutorial_interfaces_cpp.egg-info/SOURCES.txt'
[1.632s] writing manifest file 'tutorial_interfaces_cpp.egg-info/SOURCES.txt'
[1.666s] [100%] Built target ament_cmake_python_build_tutorial_interfaces_cpp_egg
