[1.025s] Invoking command in '/home/amruth/Documents/git/ros_ws/WS/build/turtlesim': CMAKE_PREFIX_PATH=${CMAKE_PREFIX_PATH}:/home/amruth/Documents/git/ros_ws/WS/install/my_py_pkg_2:/home/amruth/Documents/git/ros_ws/WS/install/my_py_pkg:/home/amruth/Documents/git/microros_ws/install/sensor_msgs_py:/opt/ros/humble /usr/bin/cmake --build /home/amruth/Documents/git/ros_ws/WS/build/turtlesim -- -j16 -l16
[1.086s] [  5%] Built target turtlesim__cpp
[1.086s] [ 11%] Built target turtlesim__rosidl_generator_c
[1.117s] [ 21%] Built target turtlesim__rosidl_typesupport_c
[1.119s] [ 31%] Built target turtlesim__rosidl_typesupport_microxrcedds_c
[1.120s] [ 47%] Built target turtlesim__rosidl_typesupport_introspection_cpp
[1.121s] [ 50%] Built target turtlesim__rosidl_typesupport_introspection_c
[1.123s] [ 59%] Built target turtlesim__rosidl_typesupport_cpp
[1.125s] [ 69%] Built target turtlesim__rosidl_typesupport_fastrtps_c
[1.126s] [ 79%] Built target turtlesim__rosidl_typesupport_fastrtps_cpp
[1.128s] [ 89%] Built target turtlesim__rosidl_typesupport_microxrcedds_cpp
[1.155s] [ 90%] Built target draw_square
[1.155s] [ 90%] Built target turtlesim
[1.158s] [ 94%] Built target mimic
[1.158s] [ 94%] Built target turtle_teleop_key
[1.164s] [100%] Built target turtlesim_node
[1.184s] Invoked command in '/home/amruth/Documents/git/ros_ws/WS/build/turtlesim' returned '0': CMAKE_PREFIX_PATH=${CMAKE_PREFIX_PATH}:/home/amruth/Documents/git/ros_ws/WS/install/my_py_pkg_2:/home/amruth/Documents/git/ros_ws/WS/install/my_py_pkg:/home/amruth/Documents/git/microros_ws/install/sensor_msgs_py:/opt/ros/humble /usr/bin/cmake --build /home/amruth/Documents/git/ros_ws/WS/build/turtlesim -- -j16 -l16
[1.532s] Invoking command in '/home/amruth/Documents/git/ros_ws/WS/build/turtlesim': CMAKE_PREFIX_PATH=${CMAKE_PREFIX_PATH}:/home/amruth/Documents/git/ros_ws/WS/install/my_py_pkg_2:/home/amruth/Documents/git/ros_ws/WS/install/my_py_pkg:/home/amruth/Documents/git/microros_ws/install/sensor_msgs_py:/opt/ros/humble /usr/bin/cmake --install /home/amruth/Documents/git/ros_ws/WS/build/turtlesim
[1.541s] -- Install configuration: ""
[1.541s] -- Up-to-date: /home/amruth/Documents/git/ros_ws/WS/install/turtlesim/share/ament_index/resource_index/rosidl_interfaces/turtlesim
[1.541s] -- Up-to-date: /home/amruth/Documents/git/ros_ws/WS/install/turtlesim/include/turtlesim/turtlesim
[1.541s] -- Up-to-date: /home/amruth/Documents/git/ros_ws/WS/install/turtlesim/include/turtlesim/turtlesim/msg
[1.542s] -- Up-to-date: /home/amruth/Documents/git/ros_ws/WS/install/turtlesim/include/turtlesim/turtlesim/msg/color.h
[1.542s] -- Up-to-date: /home/amruth/Documents/git/ros_ws/WS/install/turtlesim/include/turtlesim/turtlesim/msg/pose.h
[1.542s] -- Up-to-date: /home/amruth/Documents/git/ros_ws/WS/install/turtlesim/include/turtlesim/turtlesim/msg/rosidl_generator_c__visibility_control.h
[1.542s] -- Up-to-date: /home/amruth/Documents/git/ros_ws/WS/install/turtlesim/include/turtlesim/turtlesim/msg/detail
[1.542s] -- Up-to-date: /home/amruth/Documents/git/ros_ws/WS/install/turtlesim/include/turtlesim/turtlesim/msg/detail/color__struct.h
[1.542s] -- Up-to-date: /home/amruth/Documents/git/ros_ws/WS/install/turtlesim/include/turtlesim/turtlesim/msg/detail/color__type_support.h
[1.542s] -- Up-to-date: /home/amruth/Documents/git/ros_ws/WS/install/turtlesim/include/turtlesim/turtlesim/msg/detail/color__functions.c
[1.543s] -- Up-to-date: /home/amruth/Documents/git/ros_ws/WS/install/turtlesim/include/turtlesim/turtlesim/msg/detail/pose__functions.h
[1.543s] -- Up-to-date: /home/amruth/Documents/git/ros_ws/WS/install/turtlesim/include/turtlesim/turtlesim/msg/detail/pose__struct.h
[1.543s] -- Up-to-date: /home/amruth/Documents/git/ros_ws/WS/install/turtlesim/include/turtlesim/turtlesim/msg/detail/pose__functions.c
[1.543s] -- Up-to-date: /home/amruth/Documents/git/ros_ws/WS/install/turtlesim/include/turtlesim/turtlesim/msg/detail/pose__type_support.h
[1.543s] -- Up-to-date: /home/amruth/Documents/git/ros_ws/WS/install/turtlesim/include/turtlesim/turtlesim/msg/detail/color__functions.h
[1.543s] -- Up-to-date: /home/amruth/Documents/git/ros_ws/WS/install/turtlesim/include/turtlesim/turtlesim/srv
[1.543s] -- Up-to-date: /home/amruth/Documents/git/ros_ws/WS/install/turtlesim/include/turtlesim/turtlesim/srv/teleport_absolute.h
[1.543s] -- Up-to-date: /home/amruth/Documents/git/ros_ws/WS/install/turtlesim/include/turtlesim/turtlesim/srv/teleport_relative.h
[1.543s] -- Up-to-date: /home/amruth/Documents/git/ros_ws/WS/install/turtlesim/include/turtlesim/turtlesim/srv/spawn.h
[1.543s] -- Up-to-date: /home/amruth/Documents/git/ros_ws/WS/install/turtlesim/include/turtlesim/turtlesim/srv/kill.h
[1.543s] -- Up-to-date: /home/amruth/Documents/git/ros_ws/WS/install/turtlesim/include/turtlesim/turtlesim/srv/set_pen.h
[1.544s] -- Up-to-date: /home/amruth/Documents/git/ros_ws/WS/install/turtlesim/include/turtlesim/turtlesim/srv/detail
[1.544s] -- Up-to-date: /home/amruth/Documents/git/ros_ws/WS/install/turtlesim/include/turtlesim/turtlesim/srv/detail/set_pen__type_support.h
[1.544s] -- Up-to-date: /home/amruth/Documents/git/ros_ws/WS/install/turtlesim/include/turtlesim/turtlesim/srv/detail/spawn__struct.h
[1.544s] -- Up-to-date: /home/amruth/Documents/git/ros_ws/WS/install/turtlesim/include/turtlesim/turtlesim/srv/detail/teleport_relative__functions.c
[1.544s] -- Up-to-date: /home/amruth/Documents/git/ros_ws/WS/install/turtlesim/include/turtlesim/turtlesim/srv/detail/set_pen__functions.c
[1.544s] -- Up-to-date: /home/amruth/Documents/git/ros_ws/WS/install/turtlesim/include/turtlesim/turtlesim/srv/detail/kill__functions.c
[1.544s] -- Up-to-date: /home/amruth/Documents/git/ros_ws/WS/install/turtlesim/include/turtlesim/turtlesim/srv/detail/kill__struct.h
[1.544s] -- Up-to-date: /home/amruth/Documents/git/ros_ws/WS/install/turtlesim/include/turtlesim/turtlesim/srv/detail/set_pen__functions.h
[1.544s] -- Up-to-date: /home/amruth/Documents/git/ros_ws/WS/install/turtlesim/include/turtlesim/turtlesim/srv/detail/spawn__type_support.h
[1.545s] -- Up-to-date: /home/amruth/Documents/git/ros_ws/WS/install/turtlesim/include/turtlesim/turtlesim/srv/detail/teleport_relative__functions.h
[1.545s] -- Up-to-date: /home/amruth/Documents/git/ros_ws/WS/install/turtlesim/include/turtlesim/turtlesim/srv/detail/teleport_absolute__struct.h
[1.545s] -- Up-to-date: /home/amruth/Documents/git/ros_ws/WS/install/turtlesim/include/turtlesim/turtlesim/srv/detail/kill__type_support.h
[1.545s] -- Up-to-date: /home/amruth/Documents/git/ros_ws/WS/install/turtlesim/include/turtlesim/turtlesim/srv/detail/teleport_relative__struct.h
[1.545s] -- Up-to-date: /home/amruth/Documents/git/ros_ws/WS/install/turtlesim/include/turtlesim/turtlesim/srv/detail/teleport_absolute__functions.h
[1.545s] -- Up-to-date: /home/amruth/Documents/git/ros_ws/WS/install/turtlesim/include/turtlesim/turtlesim/srv/detail/teleport_relative__type_support.h
[1.545s] -- Up-to-date: /home/amruth/Documents/git/ros_ws/WS/install/turtlesim/include/turtlesim/turtlesim/srv/detail/spawn__functions.c
[1.545s] -- Up-to-date: /home/amruth/Documents/git/ros_ws/WS/install/turtlesim/include/turtlesim/turtlesim/srv/detail/teleport_absolute__type_support.h
[1.545s] -- Up-to-date: /home/amruth/Documents/git/ros_ws/WS/install/turtlesim/include/turtlesim/turtlesim/srv/detail/kill__functions.h
[1.545s] -- Up-to-date: /home/amruth/Documents/git/ros_ws/WS/install/turtlesim/include/turtlesim/turtlesim/srv/detail/spawn__functions.h
[1.545s] -- Up-to-date: /home/amruth/Documents/git/ros_ws/WS/install/turtlesim/include/turtlesim/turtlesim/srv/detail/set_pen__struct.h
[1.545s] -- Up-to-date: /home/amruth/Documents/git/ros_ws/WS/install/turtlesim/include/turtlesim/turtlesim/srv/detail/teleport_absolute__functions.c
[1.545s] -- Up-to-date: /home/amruth/Documents/git/ros_ws/WS/install/turtlesim/include/turtlesim/turtlesim/action
[1.545s] -- Up-to-date: /home/amruth/Documents/git/ros_ws/WS/install/turtlesim/include/turtlesim/turtlesim/action/rotate_absolute.h
[1.545s] -- Up-to-date: /home/amruth/Documents/git/ros_ws/WS/install/turtlesim/include/turtlesim/turtlesim/action/detail
[1.546s] -- Up-to-date: /home/amruth/Documents/git/ros_ws/WS/install/turtlesim/include/turtlesim/turtlesim/action/detail/rotate_absolute__struct.h
[1.546s] -- Up-to-date: /home/amruth/Documents/git/ros_ws/WS/install/turtlesim/include/turtlesim/turtlesim/action/detail/rotate_absolute__functions.h
[1.546s] -- Up-to-date: /home/amruth/Documents/git/ros_ws/WS/install/turtlesim/include/turtlesim/turtlesim/action/detail/rotate_absolute__type_support.h
[1.546s] -- Up-to-date: /home/amruth/Documents/git/ros_ws/WS/install/turtlesim/include/turtlesim/turtlesim/action/detail/rotate_absolute__functions.c
[1.546s] -- Up-to-date: /home/amruth/Documents/git/ros_ws/WS/install/turtlesim/share/turtlesim/environment/library_path.sh
[1.546s] -- Up-to-date: /home/amruth/Documents/git/ros_ws/WS/install/turtlesim/share/turtlesim/environment/library_path.dsv
[1.546s] -- Up-to-date: /home/amruth/Documents/git/ros_ws/WS/install/turtlesim/lib/libturtlesim__rosidl_generator_c.so
[1.546s] -- Up-to-date: /home/amruth/Documents/git/ros_ws/WS/install/turtlesim/include/turtlesim/turtlesim
[1.546s] -- Up-to-date: /home/amruth/Documents/git/ros_ws/WS/install/turtlesim/include/turtlesim/turtlesim/msg
[1.546s] -- Up-to-date: /home/amruth/Documents/git/ros_ws/WS/install/turtlesim/include/turtlesim/turtlesim/msg/rosidl_typesupport_fastrtps_c__visibility_control.h
[1.546s] -- Up-to-date: /home/amruth/Documents/git/ros_ws/WS/install/turtlesim/include/turtlesim/turtlesim/msg/detail
[1.546s] -- Up-to-date: /home/amruth/Documents/git/ros_ws/WS/install/turtlesim/include/turtlesim/turtlesim/msg/detail/pose__rosidl_typesupport_fastrtps_c.h
[1.546s] -- Up-to-date: /home/amruth/Documents/git/ros_ws/WS/install/turtlesim/include/turtlesim/turtlesim/msg/detail/color__rosidl_typesupport_fastrtps_c.h
[1.547s] -- Up-to-date: /home/amruth/Documents/git/ros_ws/WS/install/turtlesim/include/turtlesim/turtlesim/srv
[1.547s] -- Up-to-date: /home/amruth/Documents/git/ros_ws/WS/install/turtlesim/include/turtlesim/turtlesim/srv/detail
[1.547s] -- Up-to-date: /home/amruth/Documents/git/ros_ws/WS/install/turtlesim/include/turtlesim/turtlesim/srv/detail/kill__rosidl_typesupport_fastrtps_c.h
[1.547s] -- Up-to-date: /home/amruth/Documents/git/ros_ws/WS/install/turtlesim/include/turtlesim/turtlesim/srv/detail/teleport_relative__rosidl_typesupport_fastrtps_c.h
[1.547s] -- Up-to-date: /home/amruth/Documents/git/ros_ws/WS/install/turtlesim/include/turtlesim/turtlesim/srv/detail/teleport_absolute__rosidl_typesupport_fastrtps_c.h
[1.547s] -- Up-to-date: /home/amruth/Documents/git/ros_ws/WS/install/turtlesim/include/turtlesim/turtlesim/srv/detail/set_pen__rosidl_typesupport_fastrtps_c.h
[1.547s] -- Up-to-date: /home/amruth/Documents/git/ros_ws/WS/install/turtlesim/include/turtlesim/turtlesim/srv/detail/spawn__rosidl_typesupport_fastrtps_c.h
[1.547s] -- Up-to-date: /home/amruth/Documents/git/ros_ws/WS/install/turtlesim/include/turtlesim/turtlesim/action
[1.547s] -- Up-to-date: /home/amruth/Documents/git/ros_ws/WS/install/turtlesim/include/turtlesim/turtlesim/action/detail
[1.547s] -- Up-to-date: /home/amruth/Documents/git/ros_ws/WS/install/turtlesim/include/turtlesim/turtlesim/action/detail/rotate_absolute__rosidl_typesupport_fastrtps_c.h
[1.547s] -- Up-to-date: /home/amruth/Documents/git/ros_ws/WS/install/turtlesim/lib/libturtlesim__rosidl_typesupport_fastrtps_c.so
[1.547s] -- Up-to-date: /home/amruth/Documents/git/ros_ws/WS/install/turtlesim/include/turtlesim/turtlesim
[1.547s] -- Up-to-date: /home/amruth/Documents/git/ros_ws/WS/install/turtlesim/include/turtlesim/turtlesim/msg
[1.547s] -- Up-to-date: /home/amruth/Documents/git/ros_ws/WS/install/turtlesim/include/turtlesim/turtlesim/msg/color.hpp
[1.548s] -- Up-to-date: /home/amruth/Documents/git/ros_ws/WS/install/turtlesim/include/turtlesim/turtlesim/msg/pose.hpp
[1.548s] -- Up-to-date: /home/amruth/Documents/git/ros_ws/WS/install/turtlesim/include/turtlesim/turtlesim/msg/detail
[1.548s] -- Up-to-date: /home/amruth/Documents/git/ros_ws/WS/install/turtlesim/include/turtlesim/turtlesim/msg/detail/pose__struct.hpp
[1.548s] -- Up-to-date: /home/amruth/Documents/git/ros_ws/WS/install/turtlesim/include/turtlesim/turtlesim/msg/detail/pose__traits.hpp
[1.548s] -- Up-to-date: /home/amruth/Documents/git/ros_ws/WS/install/turtlesim/include/turtlesim/turtlesim/msg/detail/pose__builder.hpp
[1.548s] -- Up-to-date: /home/amruth/Documents/git/ros_ws/WS/install/turtlesim/include/turtlesim/turtlesim/msg/detail/color__builder.hpp
[1.548s] -- Up-to-date: /home/amruth/Documents/git/ros_ws/WS/install/turtlesim/include/turtlesim/turtlesim/msg/detail/color__traits.hpp
[1.548s] -- Up-to-date: /home/amruth/Documents/git/ros_ws/WS/install/turtlesim/include/turtlesim/turtlesim/msg/detail/color__struct.hpp
[1.548s] -- Up-to-date: /home/amruth/Documents/git/ros_ws/WS/install/turtlesim/include/turtlesim/turtlesim/srv
[1.548s] -- Up-to-date: /home/amruth/Documents/git/ros_ws/WS/install/turtlesim/include/turtlesim/turtlesim/srv/teleport_relative.hpp
[1.548s] -- Up-to-date: /home/amruth/Documents/git/ros_ws/WS/install/turtlesim/include/turtlesim/turtlesim/srv/kill.hpp
[1.548s] -- Up-to-date: /home/amruth/Documents/git/ros_ws/WS/install/turtlesim/include/turtlesim/turtlesim/srv/spawn.hpp
[1.548s] -- Up-to-date: /home/amruth/Documents/git/ros_ws/WS/install/turtlesim/include/turtlesim/turtlesim/srv/detail
[1.549s] -- Up-to-date: /home/amruth/Documents/git/ros_ws/WS/install/turtlesim/include/turtlesim/turtlesim/srv/detail/teleport_relative__builder.hpp
[1.549s] -- Up-to-date: /home/amruth/Documents/git/ros_ws/WS/install/turtlesim/include/turtlesim/turtlesim/srv/detail/set_pen__traits.hpp
[1.549s] -- Up-to-date: /home/amruth/Documents/git/ros_ws/WS/install/turtlesim/include/turtlesim/turtlesim/srv/detail/teleport_absolute__traits.hpp
[1.549s] -- Up-to-date: /home/amruth/Documents/git/ros_ws/WS/install/turtlesim/include/turtlesim/turtlesim/srv/detail/spawn__struct.hpp
[1.549s] -- Up-to-date: /home/amruth/Documents/git/ros_ws/WS/install/turtlesim/include/turtlesim/turtlesim/srv/detail/set_pen__builder.hpp
[1.549s] -- Up-to-date: /home/amruth/Documents/git/ros_ws/WS/install/turtlesim/include/turtlesim/turtlesim/srv/detail/teleport_relative__traits.hpp
[1.549s] -- Up-to-date: /home/amruth/Documents/git/ros_ws/WS/install/turtlesim/include/turtlesim/turtlesim/srv/detail/teleport_absolute__struct.hpp
[1.549s] -- Up-to-date: /home/amruth/Documents/git/ros_ws/WS/install/turtlesim/include/turtlesim/turtlesim/srv/detail/teleport_relative__struct.hpp
[1.549s] -- Up-to-date: /home/amruth/Documents/git/ros_ws/WS/install/turtlesim/include/turtlesim/turtlesim/srv/detail/kill__traits.hpp
[1.549s] -- Up-to-date: /home/amruth/Documents/git/ros_ws/WS/install/turtlesim/include/turtlesim/turtlesim/srv/detail/kill__struct.hpp
[1.549s] -- Up-to-date: /home/amruth/Documents/git/ros_ws/WS/install/turtlesim/include/turtlesim/turtlesim/srv/detail/spawn__builder.hpp
[1.549s] -- Up-to-date: /home/amruth/Documents/git/ros_ws/WS/install/turtlesim/include/turtlesim/turtlesim/srv/detail/teleport_absolute__builder.hpp
[1.549s] -- Up-to-date: /home/amruth/Documents/git/ros_ws/WS/install/turtlesim/include/turtlesim/turtlesim/srv/detail/kill__builder.hpp
[1.549s] -- Up-to-date: /home/amruth/Documents/git/ros_ws/WS/install/turtlesim/include/turtlesim/turtlesim/srv/detail/set_pen__struct.hpp
[1.549s] -- Up-to-date: /home/amruth/Documents/git/ros_ws/WS/install/turtlesim/include/turtlesim/turtlesim/srv/detail/spawn__traits.hpp
[1.550s] -- Up-to-date: /home/amruth/Documents/git/ros_ws/WS/install/turtlesim/include/turtlesim/turtlesim/srv/teleport_absolute.hpp
[1.550s] -- Up-to-date: /home/amruth/Documents/git/ros_ws/WS/install/turtlesim/include/turtlesim/turtlesim/srv/set_pen.hpp
[1.550s] -- Up-to-date: /home/amruth/Documents/git/ros_ws/WS/install/turtlesim/include/turtlesim/turtlesim/action
[1.550s] -- Up-to-date: /home/amruth/Documents/git/ros_ws/WS/install/turtlesim/include/turtlesim/turtlesim/action/rotate_absolute.hpp
[1.550s] -- Up-to-date: /home/amruth/Documents/git/ros_ws/WS/install/turtlesim/include/turtlesim/turtlesim/action/detail
[1.550s] -- Up-to-date: /home/amruth/Documents/git/ros_ws/WS/install/turtlesim/include/turtlesim/turtlesim/action/detail/rotate_absolute__struct.hpp
[1.550s] -- Up-to-date: /home/amruth/Documents/git/ros_ws/WS/install/turtlesim/include/turtlesim/turtlesim/action/detail/rotate_absolute__traits.hpp
[1.550s] -- Up-to-date: /home/amruth/Documents/git/ros_ws/WS/install/turtlesim/include/turtlesim/turtlesim/action/detail/rotate_absolute__builder.hpp
[1.550s] -- Up-to-date: /home/amruth/Documents/git/ros_ws/WS/install/turtlesim/include/turtlesim/turtlesim
[1.550s] -- Up-to-date: /home/amruth/Documents/git/ros_ws/WS/install/turtlesim/include/turtlesim/turtlesim/msg
[1.550s] -- Up-to-date: /home/amruth/Documents/git/ros_ws/WS/install/turtlesim/include/turtlesim/turtlesim/msg/rosidl_typesupport_fastrtps_cpp__visibility_control.h
[1.550s] -- Up-to-date: /home/amruth/Documents/git/ros_ws/WS/install/turtlesim/include/turtlesim/turtlesim/msg/detail
[1.550s] -- Up-to-date: /home/amruth/Documents/git/ros_ws/WS/install/turtlesim/include/turtlesim/turtlesim/msg/detail/pose__rosidl_typesupport_fastrtps_cpp.hpp
[1.550s] -- Up-to-date: /home/amruth/Documents/git/ros_ws/WS/install/turtlesim/include/turtlesim/turtlesim/msg/detail/color__rosidl_typesupport_fastrtps_cpp.hpp
[1.551s] -- Up-to-date: /home/amruth/Documents/git/ros_ws/WS/install/turtlesim/include/turtlesim/turtlesim/msg/detail/dds_fastrtps
[1.551s] -- Up-to-date: /home/amruth/Documents/git/ros_ws/WS/install/turtlesim/include/turtlesim/turtlesim/srv
[1.551s] -- Up-to-date: /home/amruth/Documents/git/ros_ws/WS/install/turtlesim/include/turtlesim/turtlesim/srv/detail
[1.551s] -- Up-to-date: /home/amruth/Documents/git/ros_ws/WS/install/turtlesim/include/turtlesim/turtlesim/srv/detail/set_pen__rosidl_typesupport_fastrtps_cpp.hpp
[1.551s] -- Up-to-date: /home/amruth/Documents/git/ros_ws/WS/install/turtlesim/include/turtlesim/turtlesim/srv/detail/kill__rosidl_typesupport_fastrtps_cpp.hpp
[1.551s] -- Up-to-date: /home/amruth/Documents/git/ros_ws/WS/install/turtlesim/include/turtlesim/turtlesim/srv/detail/spawn__rosidl_typesupport_fastrtps_cpp.hpp
[1.551s] -- Up-to-date: /home/amruth/Documents/git/ros_ws/WS/install/turtlesim/include/turtlesim/turtlesim/srv/detail/teleport_relative__rosidl_typesupport_fastrtps_cpp.hpp
[1.551s] -- Up-to-date: /home/amruth/Documents/git/ros_ws/WS/install/turtlesim/include/turtlesim/turtlesim/srv/detail/dds_fastrtps
[1.551s] -- Up-to-date: /home/amruth/Documents/git/ros_ws/WS/install/turtlesim/include/turtlesim/turtlesim/srv/detail/teleport_absolute__rosidl_typesupport_fastrtps_cpp.hpp
[1.551s] -- Up-to-date: /home/amruth/Documents/git/ros_ws/WS/install/turtlesim/include/turtlesim/turtlesim/action
[1.551s] -- Up-to-date: /home/amruth/Documents/git/ros_ws/WS/install/turtlesim/include/turtlesim/turtlesim/action/detail
[1.552s] -- Up-to-date: /home/amruth/Documents/git/ros_ws/WS/install/turtlesim/include/turtlesim/turtlesim/action/detail/rotate_absolute__rosidl_typesupport_fastrtps_cpp.hpp
[1.552s] -- Up-to-date: /home/amruth/Documents/git/ros_ws/WS/install/turtlesim/include/turtlesim/turtlesim/action/detail/dds_fastrtps
[1.552s] -- Up-to-date: /home/amruth/Documents/git/ros_ws/WS/install/turtlesim/lib/libturtlesim__rosidl_typesupport_fastrtps_cpp.so
[1.552s] -- Up-to-date: /home/amruth/Documents/git/ros_ws/WS/install/turtlesim/include/turtlesim
[1.552s] -- Up-to-date: /home/amruth/Documents/git/ros_ws/WS/install/turtlesim/include/turtlesim/msg
[1.552s] -- Up-to-date: /home/amruth/Documents/git/ros_ws/WS/install/turtlesim/include/turtlesim/msg/rosidl_typesupport_microxrcedds_c__visibility_control.h
[1.552s] -- Up-to-date: /home/amruth/Documents/git/ros_ws/WS/install/turtlesim/include/turtlesim/msg/detail
[1.552s] -- Up-to-date: /home/amruth/Documents/git/ros_ws/WS/install/turtlesim/include/turtlesim/msg/detail/color__rosidl_typesupport_microxrcedds_c.h
[1.553s] -- Up-to-date: /home/amruth/Documents/git/ros_ws/WS/install/turtlesim/include/turtlesim/msg/detail/pose__rosidl_typesupport_microxrcedds_c.h
[1.553s] -- Up-to-date: /home/amruth/Documents/git/ros_ws/WS/install/turtlesim/include/turtlesim/msg/detail/microxrcedds
[1.553s] -- Up-to-date: /home/amruth/Documents/git/ros_ws/WS/install/turtlesim/include/turtlesim/srv
[1.553s] -- Up-to-date: /home/amruth/Documents/git/ros_ws/WS/install/turtlesim/include/turtlesim/srv/detail
[1.553s] -- Up-to-date: /home/amruth/Documents/git/ros_ws/WS/install/turtlesim/include/turtlesim/srv/detail/set_pen__rosidl_typesupport_microxrcedds_c.h
[1.553s] -- Up-to-date: /home/amruth/Documents/git/ros_ws/WS/install/turtlesim/include/turtlesim/srv/detail/teleport_absolute__rosidl_typesupport_microxrcedds_c.h
[1.553s] -- Up-to-date: /home/amruth/Documents/git/ros_ws/WS/install/turtlesim/include/turtlesim/srv/detail/teleport_relative__rosidl_typesupport_microxrcedds_c.h
[1.553s] -- Up-to-date: /home/amruth/Documents/git/ros_ws/WS/install/turtlesim/include/turtlesim/srv/detail/kill__rosidl_typesupport_microxrcedds_c.h
[1.553s] -- Up-to-date: /home/amruth/Documents/git/ros_ws/WS/install/turtlesim/include/turtlesim/srv/detail/microxrcedds
[1.553s] -- Up-to-date: /home/amruth/Documents/git/ros_ws/WS/install/turtlesim/include/turtlesim/srv/detail/spawn__rosidl_typesupport_microxrcedds_c.h
[1.553s] -- Up-to-date: /home/amruth/Documents/git/ros_ws/WS/install/turtlesim/include/turtlesim/action
[1.553s] -- Up-to-date: /home/amruth/Documents/git/ros_ws/WS/install/turtlesim/include/turtlesim/action/detail
[1.554s] -- Up-to-date: /home/amruth/Documents/git/ros_ws/WS/install/turtlesim/include/turtlesim/action/detail/rotate_absolute__rosidl_typesupport_microxrcedds_c.h
[1.554s] -- Up-to-date: /home/amruth/Documents/git/ros_ws/WS/install/turtlesim/include/turtlesim/action/detail/microxrcedds
[1.554s] -- Up-to-date: /home/amruth/Documents/git/ros_ws/WS/install/turtlesim/lib/libturtlesim__rosidl_typesupport_microxrcedds_c.so
[1.554s] -- Up-to-date: /home/amruth/Documents/git/ros_ws/WS/install/turtlesim/include/turtlesim/turtlesim
[1.555s] -- Up-to-date: /home/amruth/Documents/git/ros_ws/WS/install/turtlesim/include/turtlesim/turtlesim/msg
[1.555s] -- Up-to-date: /home/amruth/Documents/git/ros_ws/WS/install/turtlesim/include/turtlesim/turtlesim/msg/rosidl_typesupport_introspection_c__visibility_control.h
[1.555s] -- Up-to-date: /home/amruth/Documents/git/ros_ws/WS/install/turtlesim/include/turtlesim/turtlesim/msg/detail
[1.555s] -- Up-to-date: /home/amruth/Documents/git/ros_ws/WS/install/turtlesim/include/turtlesim/turtlesim/msg/detail/pose__type_support.c
[1.555s] -- Up-to-date: /home/amruth/Documents/git/ros_ws/WS/install/turtlesim/include/turtlesim/turtlesim/msg/detail/color__type_support.c
[1.556s] -- Up-to-date: /home/amruth/Documents/git/ros_ws/WS/install/turtlesim/include/turtlesim/turtlesim/msg/detail/pose__rosidl_typesupport_introspection_c.h
[1.556s] -- Up-to-date: /home/amruth/Documents/git/ros_ws/WS/install/turtlesim/include/turtlesim/turtlesim/msg/detail/color__rosidl_typesupport_introspection_c.h
[1.556s] -- Up-to-date: /home/amruth/Documents/git/ros_ws/WS/install/turtlesim/include/turtlesim/turtlesim/srv
[1.556s] -- Up-to-date: /home/amruth/Documents/git/ros_ws/WS/install/turtlesim/include/turtlesim/turtlesim/srv/detail
[1.556s] -- Up-to-date: /home/amruth/Documents/git/ros_ws/WS/install/turtlesim/include/turtlesim/turtlesim/srv/detail/kill__type_support.c
[1.557s] -- Up-to-date: /home/amruth/Documents/git/ros_ws/WS/install/turtlesim/include/turtlesim/turtlesim/srv/detail/teleport_absolute__type_support.c
[1.557s] -- Up-to-date: /home/amruth/Documents/git/ros_ws/WS/install/turtlesim/include/turtlesim/turtlesim/srv/detail/spawn__rosidl_typesupport_introspection_c.h
[1.557s] -- Up-to-date: /home/amruth/Documents/git/ros_ws/WS/install/turtlesim/include/turtlesim/turtlesim/srv/detail/set_pen__type_support.c
[1.557s] -- Up-to-date: /home/amruth/Documents/git/ros_ws/WS/install/turtlesim/include/turtlesim/turtlesim/srv/detail/teleport_absolute__rosidl_typesupport_introspection_c.h
[1.557s] -- Up-to-date: /home/amruth/Documents/git/ros_ws/WS/install/turtlesim/include/turtlesim/turtlesim/srv/detail/teleport_relative__type_support.c
[1.557s] -- Up-to-date: /home/amruth/Documents/git/ros_ws/WS/install/turtlesim/include/turtlesim/turtlesim/srv/detail/teleport_relative__rosidl_typesupport_introspection_c.h
[1.557s] -- Up-to-date: /home/amruth/Documents/git/ros_ws/WS/install/turtlesim/include/turtlesim/turtlesim/srv/detail/set_pen__rosidl_typesupport_introspection_c.h
[1.557s] -- Up-to-date: /home/amruth/Documents/git/ros_ws/WS/install/turtlesim/include/turtlesim/turtlesim/srv/detail/kill__rosidl_typesupport_introspection_c.h
[1.557s] -- Up-to-date: /home/amruth/Documents/git/ros_ws/WS/install/turtlesim/include/turtlesim/turtlesim/srv/detail/spawn__type_support.c
[1.557s] -- Up-to-date: /home/amruth/Documents/git/ros_ws/WS/install/turtlesim/include/turtlesim/turtlesim/action
[1.557s] -- Up-to-date: /home/amruth/Documents/git/ros_ws/WS/install/turtlesim/include/turtlesim/turtlesim/action/detail
[1.557s] -- Up-to-date: /home/amruth/Documents/git/ros_ws/WS/install/turtlesim/include/turtlesim/turtlesim/action/detail/rotate_absolute__type_support.c
[1.557s] -- Up-to-date: /home/amruth/Documents/git/ros_ws/WS/install/turtlesim/include/turtlesim/turtlesim/action/detail/rotate_absolute__rosidl_typesupport_introspection_c.h
[1.557s] -- Up-to-date: /home/amruth/Documents/git/ros_ws/WS/install/turtlesim/lib/libturtlesim__rosidl_typesupport_introspection_c.so
[1.557s] -- Up-to-date: /home/amruth/Documents/git/ros_ws/WS/install/turtlesim/lib/libturtlesim__rosidl_typesupport_c.so
[1.558s] -- Up-to-date: /home/amruth/Documents/git/ros_ws/WS/install/turtlesim/include/turtlesim
[1.558s] -- Up-to-date: /home/amruth/Documents/git/ros_ws/WS/install/turtlesim/include/turtlesim/msg
[1.558s] -- Up-to-date: /home/amruth/Documents/git/ros_ws/WS/install/turtlesim/include/turtlesim/msg/rosidl_typesupport_microxrcedds_cpp__visibility_control.h
[1.558s] -- Up-to-date: /home/amruth/Documents/git/ros_ws/WS/install/turtlesim/include/turtlesim/msg/detail
[1.558s] -- Up-to-date: /home/amruth/Documents/git/ros_ws/WS/install/turtlesim/include/turtlesim/msg/detail/pose__rosidl_typesupport_microxrcedds_cpp.hpp
[1.558s] -- Up-to-date: /home/amruth/Documents/git/ros_ws/WS/install/turtlesim/include/turtlesim/msg/detail/color__rosidl_typesupport_microxrcedds_cpp.hpp
[1.558s] -- Up-to-date: /home/amruth/Documents/git/ros_ws/WS/install/turtlesim/include/turtlesim/msg/detail/microxrcedds
[1.558s] -- Up-to-date: /home/amruth/Documents/git/ros_ws/WS/install/turtlesim/include/turtlesim/msg/detail/microxrcedds/color__type_support_cpp.cpp
[1.558s] -- Up-to-date: /home/amruth/Documents/git/ros_ws/WS/install/turtlesim/include/turtlesim/msg/detail/microxrcedds/pose__type_support_cpp.cpp
[1.558s] -- Up-to-date: /home/amruth/Documents/git/ros_ws/WS/install/turtlesim/include/turtlesim/srv
[1.558s] -- Up-to-date: /home/amruth/Documents/git/ros_ws/WS/install/turtlesim/include/turtlesim/srv/detail
[1.558s] -- Up-to-date: /home/amruth/Documents/git/ros_ws/WS/install/turtlesim/include/turtlesim/srv/detail/spawn__rosidl_typesupport_microxrcedds_cpp.hpp
[1.558s] -- Up-to-date: /home/amruth/Documents/git/ros_ws/WS/install/turtlesim/include/turtlesim/srv/detail/teleport_relative__rosidl_typesupport_microxrcedds_cpp.hpp
[1.559s] -- Up-to-date: /home/amruth/Documents/git/ros_ws/WS/install/turtlesim/include/turtlesim/srv/detail/teleport_absolute__rosidl_typesupport_microxrcedds_cpp.hpp
[1.559s] -- Up-to-date: /home/amruth/Documents/git/ros_ws/WS/install/turtlesim/include/turtlesim/srv/detail/set_pen__rosidl_typesupport_microxrcedds_cpp.hpp
[1.559s] -- Up-to-date: /home/amruth/Documents/git/ros_ws/WS/install/turtlesim/include/turtlesim/srv/detail/microxrcedds
[1.559s] -- Up-to-date: /home/amruth/Documents/git/ros_ws/WS/install/turtlesim/include/turtlesim/srv/detail/microxrcedds/teleport_absolute__type_support_cpp.cpp
[1.559s] -- Up-to-date: /home/amruth/Documents/git/ros_ws/WS/install/turtlesim/include/turtlesim/srv/detail/microxrcedds/teleport_relative__type_support_cpp.cpp
[1.559s] -- Up-to-date: /home/amruth/Documents/git/ros_ws/WS/install/turtlesim/include/turtlesim/srv/detail/microxrcedds/spawn__type_support_cpp.cpp
[1.559s] -- Up-to-date: /home/amruth/Documents/git/ros_ws/WS/install/turtlesim/include/turtlesim/srv/detail/microxrcedds/kill__type_support_cpp.cpp
[1.559s] -- Up-to-date: /home/amruth/Documents/git/ros_ws/WS/install/turtlesim/include/turtlesim/srv/detail/microxrcedds/set_pen__type_support_cpp.cpp
[1.559s] -- Up-to-date: /home/amruth/Documents/git/ros_ws/WS/install/turtlesim/include/turtlesim/srv/detail/kill__rosidl_typesupport_microxrcedds_cpp.hpp
[1.559s] -- Up-to-date: /home/amruth/Documents/git/ros_ws/WS/install/turtlesim/include/turtlesim/action
[1.559s] -- Up-to-date: /home/amruth/Documents/git/ros_ws/WS/install/turtlesim/include/turtlesim/action/detail
[1.560s] -- Up-to-date: /home/amruth/Documents/git/ros_ws/WS/install/turtlesim/include/turtlesim/action/detail/rotate_absolute__rosidl_typesupport_microxrcedds_cpp.hpp
[1.560s] -- Up-to-date: /home/amruth/Documents/git/ros_ws/WS/install/turtlesim/include/turtlesim/action/detail/microxrcedds
[1.560s] -- Up-to-date: /home/amruth/Documents/git/ros_ws/WS/install/turtlesim/include/turtlesim/action/detail/microxrcedds/rotate_absolute__type_support_cpp.cpp
[1.560s] -- Up-to-date: /home/amruth/Documents/git/ros_ws/WS/install/turtlesim/lib/libturtlesim__rosidl_typesupport_microxrcedds_cpp.so
[1.560s] -- Up-to-date: /home/amruth/Documents/git/ros_ws/WS/install/turtlesim/include/turtlesim/turtlesim
[1.560s] -- Up-to-date: /home/amruth/Documents/git/ros_ws/WS/install/turtlesim/include/turtlesim/turtlesim/msg
[1.560s] -- Up-to-date: /home/amruth/Documents/git/ros_ws/WS/install/turtlesim/include/turtlesim/turtlesim/msg/detail
[1.560s] -- Up-to-date: /home/amruth/Documents/git/ros_ws/WS/install/turtlesim/include/turtlesim/turtlesim/msg/detail/color__rosidl_typesupport_introspection_cpp.hpp
[1.560s] -- Up-to-date: /home/amruth/Documents/git/ros_ws/WS/install/turtlesim/include/turtlesim/turtlesim/msg/detail/pose__rosidl_typesupport_introspection_cpp.hpp
[1.560s] -- Up-to-date: /home/amruth/Documents/git/ros_ws/WS/install/turtlesim/include/turtlesim/turtlesim/msg/detail/color__type_support.cpp
[1.560s] -- Up-to-date: /home/amruth/Documents/git/ros_ws/WS/install/turtlesim/include/turtlesim/turtlesim/msg/detail/pose__type_support.cpp
[1.560s] -- Up-to-date: /home/amruth/Documents/git/ros_ws/WS/install/turtlesim/include/turtlesim/turtlesim/srv
[1.561s] -- Up-to-date: /home/amruth/Documents/git/ros_ws/WS/install/turtlesim/include/turtlesim/turtlesim/srv/detail
[1.561s] -- Up-to-date: /home/amruth/Documents/git/ros_ws/WS/install/turtlesim/include/turtlesim/turtlesim/srv/detail/kill__rosidl_typesupport_introspection_cpp.hpp
[1.561s] -- Up-to-date: /home/amruth/Documents/git/ros_ws/WS/install/turtlesim/include/turtlesim/turtlesim/srv/detail/spawn__rosidl_typesupport_introspection_cpp.hpp
[1.561s] -- Up-to-date: /home/amruth/Documents/git/ros_ws/WS/install/turtlesim/include/turtlesim/turtlesim/srv/detail/teleport_absolute__type_support.cpp
[1.561s] -- Up-to-date: /home/amruth/Documents/git/ros_ws/WS/install/turtlesim/include/turtlesim/turtlesim/srv/detail/teleport_absolute__rosidl_typesupport_introspection_cpp.hpp
[1.561s] -- Up-to-date: /home/amruth/Documents/git/ros_ws/WS/install/turtlesim/include/turtlesim/turtlesim/srv/detail/set_pen__rosidl_typesupport_introspection_cpp.hpp
[1.561s] -- Up-to-date: /home/amruth/Documents/git/ros_ws/WS/install/turtlesim/include/turtlesim/turtlesim/srv/detail/teleport_relative__rosidl_typesupport_introspection_cpp.hpp
[1.561s] -- Up-to-date: /home/amruth/Documents/git/ros_ws/WS/install/turtlesim/include/turtlesim/turtlesim/srv/detail/teleport_relative__type_support.cpp
[1.561s] -- Up-to-date: /home/amruth/Documents/git/ros_ws/WS/install/turtlesim/include/turtlesim/turtlesim/srv/detail/kill__type_support.cpp
[1.561s] -- Up-to-date: /home/amruth/Documents/git/ros_ws/WS/install/turtlesim/include/turtlesim/turtlesim/srv/detail/spawn__type_support.cpp
[1.561s] -- Up-to-date: /home/amruth/Documents/git/ros_ws/WS/install/turtlesim/include/turtlesim/turtlesim/srv/detail/set_pen__type_support.cpp
[1.561s] -- Up-to-date: /home/amruth/Documents/git/ros_ws/WS/install/turtlesim/include/turtlesim/turtlesim/action
[1.561s] -- Up-to-date: /home/amruth/Documents/git/ros_ws/WS/install/turtlesim/include/turtlesim/turtlesim/action/detail
[1.562s] -- Up-to-date: /home/amruth/Documents/git/ros_ws/WS/install/turtlesim/include/turtlesim/turtlesim/action/detail/rotate_absolute__type_support.cpp
[1.562s] -- Up-to-date: /home/amruth/Documents/git/ros_ws/WS/install/turtlesim/include/turtlesim/turtlesim/action/detail/rotate_absolute__rosidl_typesupport_introspection_cpp.hpp
[1.562s] -- Up-to-date: /home/amruth/Documents/git/ros_ws/WS/install/turtlesim/lib/libturtlesim__rosidl_typesupport_introspection_cpp.so
[1.562s] -- Up-to-date: /home/amruth/Documents/git/ros_ws/WS/install/turtlesim/lib/libturtlesim__rosidl_typesupport_cpp.so
[1.562s] -- Up-to-date: /home/amruth/Documents/git/ros_ws/WS/install/turtlesim/share/turtlesim/action/RotateAbsolute.idl
[1.562s] -- Up-to-date: /home/amruth/Documents/git/ros_ws/WS/install/turtlesim/share/turtlesim/msg/Color.idl
[1.562s] -- Up-to-date: /home/amruth/Documents/git/ros_ws/WS/install/turtlesim/share/turtlesim/msg/Pose.idl
[1.562s] -- Up-to-date: /home/amruth/Documents/git/ros_ws/WS/install/turtlesim/share/turtlesim/srv/Kill.idl
[1.562s] -- Up-to-date: /home/amruth/Documents/git/ros_ws/WS/install/turtlesim/share/turtlesim/srv/SetPen.idl
[1.562s] -- Up-to-date: /home/amruth/Documents/git/ros_ws/WS/install/turtlesim/share/turtlesim/srv/Spawn.idl
[1.562s] -- Up-to-date: /home/amruth/Documents/git/ros_ws/WS/install/turtlesim/share/turtlesim/srv/TeleportAbsolute.idl
[1.562s] -- Up-to-date: /home/amruth/Documents/git/ros_ws/WS/install/turtlesim/share/turtlesim/srv/TeleportRelative.idl
[1.563s] -- Up-to-date: /home/amruth/Documents/git/ros_ws/WS/install/turtlesim/share/turtlesim/action/RotateAbsolute.action
[1.563s] -- Up-to-date: /home/amruth/Documents/git/ros_ws/WS/install/turtlesim/share/turtlesim/msg/Color.msg
[1.563s] -- Up-to-date: /home/amruth/Documents/git/ros_ws/WS/install/turtlesim/share/turtlesim/msg/Pose.msg
[1.563s] -- Up-to-date: /home/amruth/Documents/git/ros_ws/WS/install/turtlesim/share/turtlesim/srv/Kill.srv
[1.563s] -- Up-to-date: /home/amruth/Documents/git/ros_ws/WS/install/turtlesim/share/turtlesim/srv/Kill_Request.msg
[1.563s] -- Up-to-date: /home/amruth/Documents/git/ros_ws/WS/install/turtlesim/share/turtlesim/srv/Kill_Response.msg
[1.563s] -- Up-to-date: /home/amruth/Documents/git/ros_ws/WS/install/turtlesim/share/turtlesim/srv/SetPen.srv
[1.563s] -- Up-to-date: /home/amruth/Documents/git/ros_ws/WS/install/turtlesim/share/turtlesim/srv/SetPen_Request.msg
[1.563s] -- Up-to-date: /home/amruth/Documents/git/ros_ws/WS/install/turtlesim/share/turtlesim/srv/SetPen_Response.msg
[1.563s] -- Up-to-date: /home/amruth/Documents/git/ros_ws/WS/install/turtlesim/share/turtlesim/srv/Spawn.srv
[1.563s] -- Up-to-date: /home/amruth/Documents/git/ros_ws/WS/install/turtlesim/share/turtlesim/srv/Spawn_Request.msg
[1.563s] -- Up-to-date: /home/amruth/Documents/git/ros_ws/WS/install/turtlesim/share/turtlesim/srv/Spawn_Response.msg
[1.563s] -- Up-to-date: /home/amruth/Documents/git/ros_ws/WS/install/turtlesim/share/turtlesim/srv/TeleportAbsolute.srv
[1.563s] -- Up-to-date: /home/amruth/Documents/git/ros_ws/WS/install/turtlesim/share/turtlesim/srv/TeleportAbsolute_Request.msg
[1.563s] -- Up-to-date: /home/amruth/Documents/git/ros_ws/WS/install/turtlesim/share/turtlesim/srv/TeleportAbsolute_Response.msg
[1.564s] -- Up-to-date: /home/amruth/Documents/git/ros_ws/WS/install/turtlesim/share/turtlesim/srv/TeleportRelative.srv
[1.564s] -- Up-to-date: /home/amruth/Documents/git/ros_ws/WS/install/turtlesim/share/turtlesim/srv/TeleportRelative_Request.msg
[1.564s] -- Up-to-date: /home/amruth/Documents/git/ros_ws/WS/install/turtlesim/share/turtlesim/srv/TeleportRelative_Response.msg
[1.564s] -- Up-to-date: /home/amruth/Documents/git/ros_ws/WS/install/turtlesim/lib/turtlesim/turtlesim_node
[1.564s] -- Up-to-date: /home/amruth/Documents/git/ros_ws/WS/install/turtlesim/lib/turtlesim/turtle_teleop_key
[1.564s] -- Up-to-date: /home/amruth/Documents/git/ros_ws/WS/install/turtlesim/lib/turtlesim/draw_square
[1.564s] -- Up-to-date: /home/amruth/Documents/git/ros_ws/WS/install/turtlesim/lib/turtlesim/mimic
[1.564s] -- Up-to-date: /home/amruth/Documents/git/ros_ws/WS/install/turtlesim/share/turtlesim/images
[1.564s] -- Up-to-date: /home/amruth/Documents/git/ros_ws/WS/install/turtlesim/share/turtlesim/images/rolling.png
[1.564s] -- Up-to-date: /home/amruth/Documents/git/ros_ws/WS/install/turtlesim/share/turtlesim/images/crystal.png
[1.564s] -- Up-to-date: /home/amruth/Documents/git/ros_ws/WS/install/turtlesim/share/turtlesim/images/dashing.png
[1.564s] -- Up-to-date: /home/amruth/Documents/git/ros_ws/WS/install/turtlesim/share/turtlesim/images/ardent.png
[1.564s] -- Up-to-date: /home/amruth/Documents/git/ros_ws/WS/install/turtlesim/share/turtlesim/images/foxy.png
[1.564s] -- Up-to-date: /home/amruth/Documents/git/ros_ws/WS/install/turtlesim/share/turtlesim/images/humble.png
[1.564s] -- Up-to-date: /home/amruth/Documents/git/ros_ws/WS/install/turtlesim/share/turtlesim/images/bouncy.png
[1.564s] -- Up-to-date: /home/amruth/Documents/git/ros_ws/WS/install/turtlesim/share/turtlesim/images/eloquent.png
[1.564s] -- Up-to-date: /home/amruth/Documents/git/ros_ws/WS/install/turtlesim/share/turtlesim/images/galactic.png
[1.564s] -- Up-to-date: /home/amruth/Documents/git/ros_ws/WS/install/turtlesim/share/turtlesim/launch
[1.565s] -- Up-to-date: /home/amruth/Documents/git/ros_ws/WS/install/turtlesim/share/turtlesim/launch/multisim.launch.py
[1.565s] -- Up-to-date: /home/amruth/Documents/git/ros_ws/WS/install/turtlesim/share/ament_index/resource_index/package_run_dependencies/turtlesim
[1.565s] -- Up-to-date: /home/amruth/Documents/git/ros_ws/WS/install/turtlesim/share/ament_index/resource_index/parent_prefix_path/turtlesim
[1.565s] -- Up-to-date: /home/amruth/Documents/git/ros_ws/WS/install/turtlesim/share/turtlesim/environment/ament_prefix_path.sh
[1.565s] -- Up-to-date: /home/amruth/Documents/git/ros_ws/WS/install/turtlesim/share/turtlesim/environment/ament_prefix_path.dsv
[1.565s] -- Up-to-date: /home/amruth/Documents/git/ros_ws/WS/install/turtlesim/share/turtlesim/environment/path.sh
[1.565s] -- Up-to-date: /home/amruth/Documents/git/ros_ws/WS/install/turtlesim/share/turtlesim/environment/path.dsv
[1.565s] -- Up-to-date: /home/amruth/Documents/git/ros_ws/WS/install/turtlesim/share/turtlesim/local_setup.bash
[1.565s] -- Up-to-date: /home/amruth/Documents/git/ros_ws/WS/install/turtlesim/share/turtlesim/local_setup.sh
[1.565s] -- Up-to-date: /home/amruth/Documents/git/ros_ws/WS/install/turtlesim/share/turtlesim/local_setup.zsh
[1.565s] -- Up-to-date: /home/amruth/Documents/git/ros_ws/WS/install/turtlesim/share/turtlesim/local_setup.dsv
[1.565s] -- Installing: /home/amruth/Documents/git/ros_ws/WS/install/turtlesim/share/turtlesim/package.dsv
[1.565s] -- Up-to-date: /home/amruth/Documents/git/ros_ws/WS/install/turtlesim/share/ament_index/resource_index/packages/turtlesim
[1.566s] -- Up-to-date: /home/amruth/Documents/git/ros_ws/WS/install/turtlesim/share/turtlesim/cmake/export_turtlesim__rosidl_generator_cExport.cmake
[1.566s] -- Up-to-date: /home/amruth/Documents/git/ros_ws/WS/install/turtlesim/share/turtlesim/cmake/export_turtlesim__rosidl_generator_cExport-noconfig.cmake
[1.566s] -- Up-to-date: /home/amruth/Documents/git/ros_ws/WS/install/turtlesim/share/turtlesim/cmake/export_turtlesim__rosidl_typesupport_fastrtps_cExport.cmake
[1.566s] -- Up-to-date: /home/amruth/Documents/git/ros_ws/WS/install/turtlesim/share/turtlesim/cmake/export_turtlesim__rosidl_typesupport_fastrtps_cExport-noconfig.cmake
[1.566s] -- Up-to-date: /home/amruth/Documents/git/ros_ws/WS/install/turtlesim/share/turtlesim/cmake/export_turtlesim__rosidl_generator_cppExport.cmake
[1.566s] -- Up-to-date: /home/amruth/Documents/git/ros_ws/WS/install/turtlesim/share/turtlesim/cmake/export_turtlesim__rosidl_typesupport_fastrtps_cppExport.cmake
[1.566s] -- Up-to-date: /home/amruth/Documents/git/ros_ws/WS/install/turtlesim/share/turtlesim/cmake/export_turtlesim__rosidl_typesupport_fastrtps_cppExport-noconfig.cmake
[1.566s] -- Up-to-date: /home/amruth/Documents/git/ros_ws/WS/install/turtlesim/share/turtlesim/cmake/turtlesim__rosidl_typesupport_introspection_cExport.cmake
[1.566s] -- Up-to-date: /home/amruth/Documents/git/ros_ws/WS/install/turtlesim/share/turtlesim/cmake/turtlesim__rosidl_typesupport_introspection_cExport-noconfig.cmake
[1.566s] -- Up-to-date: /home/amruth/Documents/git/ros_ws/WS/install/turtlesim/share/turtlesim/cmake/turtlesim__rosidl_typesupport_cExport.cmake
[1.566s] -- Up-to-date: /home/amruth/Documents/git/ros_ws/WS/install/turtlesim/share/turtlesim/cmake/turtlesim__rosidl_typesupport_cExport-noconfig.cmake
[1.566s] -- Up-to-date: /home/amruth/Documents/git/ros_ws/WS/install/turtlesim/share/turtlesim/cmake/turtlesim__rosidl_typesupport_introspection_cppExport.cmake
[1.567s] -- Up-to-date: /home/amruth/Documents/git/ros_ws/WS/install/turtlesim/share/turtlesim/cmake/turtlesim__rosidl_typesupport_introspection_cppExport-noconfig.cmake
[1.567s] -- Up-to-date: /home/amruth/Documents/git/ros_ws/WS/install/turtlesim/share/turtlesim/cmake/turtlesim__rosidl_typesupport_cppExport.cmake
[1.567s] -- Up-to-date: /home/amruth/Documents/git/ros_ws/WS/install/turtlesim/share/turtlesim/cmake/turtlesim__rosidl_typesupport_cppExport-noconfig.cmake
[1.567s] -- Up-to-date: /home/amruth/Documents/git/ros_ws/WS/install/turtlesim/share/turtlesim/cmake/rosidl_cmake-extras.cmake
[1.567s] -- Up-to-date: /home/amruth/Documents/git/ros_ws/WS/install/turtlesim/share/turtlesim/cmake/ament_cmake_export_dependencies-extras.cmake
[1.567s] -- Up-to-date: /home/amruth/Documents/git/ros_ws/WS/install/turtlesim/share/turtlesim/cmake/ament_cmake_export_include_directories-extras.cmake
[1.567s] -- Up-to-date: /home/amruth/Documents/git/ros_ws/WS/install/turtlesim/share/turtlesim/cmake/ament_cmake_export_libraries-extras.cmake
[1.567s] -- Up-to-date: /home/amruth/Documents/git/ros_ws/WS/install/turtlesim/share/turtlesim/cmake/ament_cmake_export_targets-extras.cmake
[1.567s] -- Up-to-date: /home/amruth/Documents/git/ros_ws/WS/install/turtlesim/share/turtlesim/cmake/rosidl_cmake_export_typesupport_targets-extras.cmake
[1.567s] -- Up-to-date: /home/amruth/Documents/git/ros_ws/WS/install/turtlesim/share/turtlesim/cmake/rosidl_cmake_export_typesupport_libraries-extras.cmake
[1.567s] -- Up-to-date: /home/amruth/Documents/git/ros_ws/WS/install/turtlesim/share/turtlesim/cmake/turtlesimConfig.cmake
[1.567s] -- Up-to-date: /home/amruth/Documents/git/ros_ws/WS/install/turtlesim/share/turtlesim/cmake/turtlesimConfig-version.cmake
[1.567s] -- Up-to-date: /home/amruth/Documents/git/ros_ws/WS/install/turtlesim/share/turtlesim/package.xml
[1.568s] Invoked command in '/home/amruth/Documents/git/ros_ws/WS/build/turtlesim' returned '0': CMAKE_PREFIX_PATH=${CMAKE_PREFIX_PATH}:/home/amruth/Documents/git/ros_ws/WS/install/my_py_pkg_2:/home/amruth/Documents/git/ros_ws/WS/install/my_py_pkg:/home/amruth/Documents/git/microros_ws/install/sensor_msgs_py:/opt/ros/humble /usr/bin/cmake --install /home/amruth/Documents/git/ros_ws/WS/build/turtlesim
