[0.587s] Invoking command in '/home/amruth/Documents/git/ros_ws/WS/build/my_cpp_pkg': CMAKE_PREFIX_PATH=${CMAKE_PREFIX_PATH}:/home/amruth/Documents/git/ros_ws/WS/install/py_srvcli:/home/amruth/Documents/git/ros_ws/WS/install/py_pubsub_2:/home/amruth/Documents/git/ros_ws/WS/install/py_pubsub:/home/amruth/Documents/git/ros_ws/WS/install/my_py_pkg_2:/home/amruth/Documents/git/ros_ws/WS/install/my_py_pkg:/home/amruth/Documents/git/microros_ws/install/sensor_msgs_py:/opt/ros/humble /usr/bin/cmake --build /home/amruth/Documents/git/ros_ws/WS/build/my_cpp_pkg --clean-first -- -j16 -l16
[2.358s] [ 16%] [32mBuilding CXX object CMakeFiles/cpp_node_1.dir/src/my_first_node.cpp.o[0m
[2.359s] [ 33%] [32mBuilding CXX object CMakeFiles/cpp_node_3.dir/src/third_node.cpp.o[0m
[2.360s] [ 50%] [32mBuilding CXX object CMakeFiles/cpp_node_2.dir/src/second_node.cpp.o[0m
[3.182s] [01m[K/home/amruth/Documents/git/ros_ws/WS/src/my_cpp_pkg/src/my_first_node.cpp:[m[K In constructor ‘[01m[KAnimal::Animal(int)[m[K’:
[3.182s] [01m[K/home/amruth/Documents/git/ros_ws/WS/src/my_cpp_pkg/src/my_first_node.cpp:8:16:[m[K [01;35m[Kwarning: [m[Kunused parameter ‘[01m[Kage[m[K’ [[01;35m[K]8;;https://gcc.gnu.org/onlinedocs/gcc/Warning-Options.html#index-Wunused-parameter-Wunused-parameter]8;;[m[K]
[3.182s]     8 |     Animal([01;35m[Kint age[m[K){};
[3.182s]       |            [01;35m[K~~~~^~~[m[K
[3.184s] [01m[K/home/amruth/Documents/git/ros_ws/WS/src/my_cpp_pkg/src/my_first_node.cpp:[m[K In function ‘[01m[Kint main(int, char**)[m[K’:
[3.184s] [01m[K/home/amruth/Documents/git/ros_ws/WS/src/my_cpp_pkg/src/my_first_node.cpp:18:20:[m[K [01;35m[Kwarning: [m[Kunused variable ‘[01m[Knode_3[m[K’ [[01;35m[K]8;;https://gcc.gnu.org/onlinedocs/gcc/Warning-Options.html#index-Wunused-variable-Wunused-variable]8;;[m[K]
[3.184s]    18 |     rclcpp::Node  *[01;35m[Knode_3[m[K = new rclcpp::Node("cpp_test_3");
[3.185s]       |                    [01;35m[K^~~~~~[m[K
[3.856s] [ 66%] [32m[1mLinking CXX executable cpp_node_2[0m
[4.291s] [ 83%] [32m[1mLinking CXX executable cpp_node_1[0m
[4.368s] [ 83%] Built target cpp_node_2
[4.492s] [100%] [32m[1mLinking CXX executable cpp_node_3[0m
[4.725s] [100%] Built target cpp_node_1
[5.109s] [100%] Built target cpp_node_3
[5.134s] Invoked command in '/home/amruth/Documents/git/ros_ws/WS/build/my_cpp_pkg' returned '0': CMAKE_PREFIX_PATH=${CMAKE_PREFIX_PATH}:/home/amruth/Documents/git/ros_ws/WS/install/py_srvcli:/home/amruth/Documents/git/ros_ws/WS/install/py_pubsub_2:/home/amruth/Documents/git/ros_ws/WS/install/py_pubsub:/home/amruth/Documents/git/ros_ws/WS/install/my_py_pkg_2:/home/amruth/Documents/git/ros_ws/WS/install/my_py_pkg:/home/amruth/Documents/git/microros_ws/install/sensor_msgs_py:/opt/ros/humble /usr/bin/cmake --build /home/amruth/Documents/git/ros_ws/WS/build/my_cpp_pkg --clean-first -- -j16 -l16
[5.222s] Invoking command in '/home/amruth/Documents/git/ros_ws/WS/build/my_cpp_pkg': CMAKE_PREFIX_PATH=${CMAKE_PREFIX_PATH}:/home/amruth/Documents/git/ros_ws/WS/install/py_srvcli:/home/amruth/Documents/git/ros_ws/WS/install/py_pubsub_2:/home/amruth/Documents/git/ros_ws/WS/install/py_pubsub:/home/amruth/Documents/git/ros_ws/WS/install/my_py_pkg_2:/home/amruth/Documents/git/ros_ws/WS/install/my_py_pkg:/home/amruth/Documents/git/microros_ws/install/sensor_msgs_py:/opt/ros/humble /usr/bin/cmake --install /home/amruth/Documents/git/ros_ws/WS/build/my_cpp_pkg
[5.234s] -- Install configuration: ""
[5.234s] -- Execute custom install script
[5.235s] -- Up-to-date symlink: /home/amruth/Documents/git/ros_ws/WS/install/my_cpp_pkg/lib/my_cpp_pkg/cpp_node_1
[5.235s] -- Up-to-date symlink: /home/amruth/Documents/git/ros_ws/WS/install/my_cpp_pkg/lib/my_cpp_pkg/cpp_node_2
[5.235s] -- Up-to-date symlink: /home/amruth/Documents/git/ros_ws/WS/install/my_cpp_pkg/lib/my_cpp_pkg/cpp_node_3
[5.235s] -- Up-to-date symlink: /home/amruth/Documents/git/ros_ws/WS/install/my_cpp_pkg/share/ament_index/resource_index/package_run_dependencies/my_cpp_pkg
[5.236s] -- Up-to-date symlink: /home/amruth/Documents/git/ros_ws/WS/install/my_cpp_pkg/share/ament_index/resource_index/parent_prefix_path/my_cpp_pkg
[5.236s] -- Up-to-date symlink: /home/amruth/Documents/git/ros_ws/WS/install/my_cpp_pkg/share/my_cpp_pkg/environment/ament_prefix_path.sh
[5.236s] -- Up-to-date symlink: /home/amruth/Documents/git/ros_ws/WS/install/my_cpp_pkg/share/my_cpp_pkg/environment/ament_prefix_path.dsv
[5.236s] -- Up-to-date symlink: /home/amruth/Documents/git/ros_ws/WS/install/my_cpp_pkg/share/my_cpp_pkg/environment/path.sh
[5.237s] -- Up-to-date symlink: /home/amruth/Documents/git/ros_ws/WS/install/my_cpp_pkg/share/my_cpp_pkg/environment/path.dsv
[5.237s] -- Up-to-date symlink: /home/amruth/Documents/git/ros_ws/WS/install/my_cpp_pkg/share/my_cpp_pkg/local_setup.bash
[5.237s] -- Up-to-date symlink: /home/amruth/Documents/git/ros_ws/WS/install/my_cpp_pkg/share/my_cpp_pkg/local_setup.sh
[5.237s] -- Up-to-date symlink: /home/amruth/Documents/git/ros_ws/WS/install/my_cpp_pkg/share/my_cpp_pkg/local_setup.zsh
[5.237s] -- Up-to-date symlink: /home/amruth/Documents/git/ros_ws/WS/install/my_cpp_pkg/share/my_cpp_pkg/local_setup.dsv
[5.238s] -- Symlinking: /home/amruth/Documents/git/ros_ws/WS/install/my_cpp_pkg/share/my_cpp_pkg/package.dsv
[5.253s] -- Up-to-date symlink: /home/amruth/Documents/git/ros_ws/WS/install/my_cpp_pkg/share/ament_index/resource_index/packages/my_cpp_pkg
[5.253s] -- Up-to-date symlink: /home/amruth/Documents/git/ros_ws/WS/install/my_cpp_pkg/share/my_cpp_pkg/cmake/my_cpp_pkgConfig.cmake
[5.253s] -- Up-to-date symlink: /home/amruth/Documents/git/ros_ws/WS/install/my_cpp_pkg/share/my_cpp_pkg/cmake/my_cpp_pkgConfig-version.cmake
[5.254s] -- Up-to-date symlink: /home/amruth/Documents/git/ros_ws/WS/install/my_cpp_pkg/share/my_cpp_pkg/package.xml
[5.256s] Invoked command in '/home/amruth/Documents/git/ros_ws/WS/build/my_cpp_pkg' returned '0': CMAKE_PREFIX_PATH=${CMAKE_PREFIX_PATH}:/home/amruth/Documents/git/ros_ws/WS/install/py_srvcli:/home/amruth/Documents/git/ros_ws/WS/install/py_pubsub_2:/home/amruth/Documents/git/ros_ws/WS/install/py_pubsub:/home/amruth/Documents/git/ros_ws/WS/install/my_py_pkg_2:/home/amruth/Documents/git/ros_ws/WS/install/my_py_pkg:/home/amruth/Documents/git/microros_ws/install/sensor_msgs_py:/opt/ros/humble /usr/bin/cmake --install /home/amruth/Documents/git/ros_ws/WS/build/my_cpp_pkg
