[1.580s] Invoking command in '/home/amruth/Documents/git/ros_ws/WS/src/my_py_pkg_2': PYTHONPATH=/home/amruth/Documents/git/ros_ws/WS/build/my_py_pkg_2/prefix_override:/home/amruth/Documents/git/ros_ws/WS/install/my_py_pkg_2/lib/python3.10/site-packages:${PYTHONPATH} /usr/bin/python3 setup.py egg_info --egg-base ../../build/my_py_pkg_2 build --build-base /home/amruth/Documents/git/ros_ws/WS/build/my_py_pkg_2/build install --record /home/amruth/Documents/git/ros_ws/WS/build/my_py_pkg_2/install.log --single-version-externally-managed
[1.809s] running egg_info
[1.810s] writing ../../build/my_py_pkg_2/my_py_pkg_2.egg-info/PKG-INFO
[1.810s] writing dependency_links to ../../build/my_py_pkg_2/my_py_pkg_2.egg-info/dependency_links.txt
[1.810s] writing entry points to ../../build/my_py_pkg_2/my_py_pkg_2.egg-info/entry_points.txt
[1.810s] writing requirements to ../../build/my_py_pkg_2/my_py_pkg_2.egg-info/requires.txt
[1.810s] writing top-level names to ../../build/my_py_pkg_2/my_py_pkg_2.egg-info/top_level.txt
[1.813s] reading manifest file '../../build/my_py_pkg_2/my_py_pkg_2.egg-info/SOURCES.txt'
[1.814s] adding license file 'LICENSE'
[1.814s] writing manifest file '../../build/my_py_pkg_2/my_py_pkg_2.egg-info/SOURCES.txt'
[1.814s] running build
[1.814s] running build_py
[1.815s] /usr/lib/python3/dist-packages/setuptools/command/install.py:34: SetuptoolsDeprecationWarning: setup.py install is deprecated. Use build and pip and other standards-based tools.
[1.815s]   warnings.warn(
[1.815s] running install
[1.815s] running install_lib
[1.816s] running install_data
[1.817s] copying resource/my_py_pkg_2 -> /home/amruth/Documents/git/ros_ws/WS/install/my_py_pkg_2/share/ament_index/resource_index/packages
[1.817s] copying package.xml -> /home/amruth/Documents/git/ros_ws/WS/install/my_py_pkg_2/share/my_py_pkg_2
[1.817s] running install_egg_info
[1.819s] removing '/home/amruth/Documents/git/ros_ws/WS/install/my_py_pkg_2/lib/python3.10/site-packages/my_py_pkg_2-0.0.0-py3.10.egg-info' (and everything under it)
[1.819s] Copying ../../build/my_py_pkg_2/my_py_pkg_2.egg-info to /home/amruth/Documents/git/ros_ws/WS/install/my_py_pkg_2/lib/python3.10/site-packages/my_py_pkg_2-0.0.0-py3.10.egg-info
[1.819s] running install_scripts
[1.840s] writing list of installed files to '/home/amruth/Documents/git/ros_ws/WS/build/my_py_pkg_2/install.log'
[1.959s] Invoked command in '/home/amruth/Documents/git/ros_ws/WS/src/my_py_pkg_2' returned '0': PYTHONPATH=/home/amruth/Documents/git/ros_ws/WS/build/my_py_pkg_2/prefix_override:/home/amruth/Documents/git/ros_ws/WS/install/my_py_pkg_2/lib/python3.10/site-packages:${PYTHONPATH} /usr/bin/python3 setup.py egg_info --egg-base ../../build/my_py_pkg_2 build --build-base /home/amruth/Documents/git/ros_ws/WS/build/my_py_pkg_2/build install --record /home/amruth/Documents/git/ros_ws/WS/build/my_py_pkg_2/install.log --single-version-externally-managed
