[1.634s] Invoking command in '/home/amruth/Documents/git/ros_ws/WS/src/my_py_pkg_2': PYTHONPATH=/home/amruth/Documents/git/ros_ws/WS/build/my_py_pkg_2/prefix_override:/home/amruth/Documents/git/ros_ws/WS/install/my_py_pkg_2/lib/python3.10/site-packages:${PYTHONPATH} /usr/bin/python3 setup.py egg_info --egg-base ../../build/my_py_pkg_2 build --build-base /home/amruth/Documents/git/ros_ws/WS/build/my_py_pkg_2/build install --record /home/amruth/Documents/git/ros_ws/WS/build/my_py_pkg_2/install.log --single-version-externally-managed
[1.854s] running egg_info
[1.854s] writing ../../build/my_py_pkg_2/my_py_pkg_2.egg-info/PKG-INFO
[1.854s] writing dependency_links to ../../build/my_py_pkg_2/my_py_pkg_2.egg-info/dependency_links.txt
[1.854s] writing entry points to ../../build/my_py_pkg_2/my_py_pkg_2.egg-info/entry_points.txt
[1.854s] writing requirements to ../../build/my_py_pkg_2/my_py_pkg_2.egg-info/requires.txt
[1.854s] writing top-level names to ../../build/my_py_pkg_2/my_py_pkg_2.egg-info/top_level.txt
[1.856s] reading manifest file '../../build/my_py_pkg_2/my_py_pkg_2.egg-info/SOURCES.txt'
[1.857s] adding license file 'LICENSE'
[1.857s] writing manifest file '../../build/my_py_pkg_2/my_py_pkg_2.egg-info/SOURCES.txt'
[1.857s] running build
[1.858s] running build_py
[1.858s] /usr/lib/python3/dist-packages/setuptools/command/install.py:34: SetuptoolsDeprecationWarning: setup.py install is deprecated. Use build and pip and other standards-based tools.
[1.858s]   warnings.warn(
[1.858s] running install
[1.858s] running install_lib
[1.861s] running install_data
[1.861s] running install_egg_info
[1.861s] removing '/home/amruth/Documents/git/ros_ws/WS/install/my_py_pkg_2/lib/python3.10/site-packages/my_py_pkg_2-0.0.0-py3.10.egg-info' (and everything under it)
[1.861s] Copying ../../build/my_py_pkg_2/my_py_pkg_2.egg-info to /home/amruth/Documents/git/ros_ws/WS/install/my_py_pkg_2/lib/python3.10/site-packages/my_py_pkg_2-0.0.0-py3.10.egg-info
[1.862s] running install_scripts
[1.881s] writing list of installed files to '/home/amruth/Documents/git/ros_ws/WS/build/my_py_pkg_2/install.log'
[1.937s] Invoked command in '/home/amruth/Documents/git/ros_ws/WS/src/my_py_pkg_2' returned '0': PYTHONPATH=/home/amruth/Documents/git/ros_ws/WS/build/my_py_pkg_2/prefix_override:/home/amruth/Documents/git/ros_ws/WS/install/my_py_pkg_2/lib/python3.10/site-packages:${PYTHONPATH} /usr/bin/python3 setup.py egg_info --egg-base ../../build/my_py_pkg_2 build --build-base /home/amruth/Documents/git/ros_ws/WS/build/my_py_pkg_2/build install --record /home/amruth/Documents/git/ros_ws/WS/build/my_py_pkg_2/install.log --single-version-externally-managed
