[0.033s] Invoking command in '/home/ros_ws/build/my_cpp_pkg': CMAKE_PREFIX_PATH=${CMAKE_PREFIX_PATH}:/home/ros_ws/install/my_py_pkg:/opt/ros/foxy PYTHONPATH=/home/ros_ws/install/my_robot_interfaces/lib/python3.8/site-packages:/home/ros_ws/install/my_py_pkg/lib/python3.8/site-packages:/opt/ros/foxy/lib/python3.8/site-packages /usr/bin/cmake --build /home/ros_ws/build/my_cpp_pkg -- -j16 -l16
[0.055s] -- Found ament_cmake: 0.9.11 (/opt/ros/foxy/share/ament_cmake/cmake)
[0.072s] -- Using PYTHON_EXECUTABLE: /usr/bin/python3
[0.203s] -- Found rclcpp: 2.4.2 (/opt/ros/foxy/share/rclcpp/cmake)
[0.233s] -- Using all available rosidl_typesupport_c: rosidl_typesupport_fastrtps_c;rosidl_typesupport_introspection_c
[0.236s] -- Found rosidl_adapter: 1.3.0 (/opt/ros/foxy/share/rosidl_adapter/cmake)
[0.397s] -- Using all available rosidl_typesupport_cpp: rosidl_typesupport_fastrtps_cpp;rosidl_typesupport_introspection_cpp
[0.440s] -- Found rmw_implementation_cmake: 1.0.3 (/opt/ros/foxy/share/rmw_implementation_cmake/cmake)
[0.441s] -- Using RMW implementation 'rmw_fastrtps_cpp' as default
[0.559s] -- Found example_interfaces: 0.9.1 (/opt/ros/foxy/share/example_interfaces/cmake)
[0.648s] -- Found my_robot_interfaces: 0.0.0 (/home/ros_ws/install/my_robot_interfaces/share/my_robot_interfaces/cmake)
[0.734s] -- Configuring done
[0.765s] -- Generating done
[0.767s] -- Build files have been written to: /home/ros_ws/build/my_cpp_pkg
[0.804s] [35m[1mScanning dependencies of target add_two_ints_server[0m
[0.818s] [ 16%] Built target cpp_node
[0.819s] [ 22%] Built target number_publisher
[0.820s] [ 50%] Built target hw_status_publisher
[0.820s] [ 50%] Built target number_counter
[0.820s] [ 55%] Built target smartphone
[0.822s] [ 66%] Built target add_two_ints_client
[0.831s] [ 72%] [32mBuilding CXX object CMakeFiles/add_two_ints_server.dir/src/add_two_ints_server.cpp.o[0m
[0.831s] [ 83%] Built target add_two_ints_client_no_oop
[0.835s] [ 94%] Built target robot_news_station
[2.441s] [100%] [32m[1mLinking CXX executable add_two_ints_server[0m
[2.573s] [100%] Built target add_two_ints_server
