[0.019s] Invoking command in '/home/ros_ws/build/bat_led_interfaces': CMAKE_PREFIX_PATH=${CMAKE_PREFIX_PATH}:/home/ros_ws/install/my_py_pkg:/opt/ros/foxy /usr/bin/cmake --build /home/ros_ws/build/bat_led_interfaces -- -j16 -l16
[0.082s] [ 12%] Built target bat_led_interfaces__rosidl_generator_c
[0.082s] [ 12%] Built target bat_led_interfaces__cpp
[0.103s] [ 25%] Built target bat_led_interfaces__rosidl_typesupport_introspection_c
[0.103s] [ 34%] Built target bat_led_interfaces__rosidl_typesupport_cpp
[0.104s] [ 44%] Built target bat_led_interfaces__rosidl_typesupport_introspection_cpp
[0.105s] [ 55%] Built target bat_led_interfaces__rosidl_typesupport_c
[0.111s] [ 65%] Built target bat_led_interfaces__rosidl_typesupport_fastrtps_cpp
[0.135s] [ 76%] Built target bat_led_interfaces__rosidl_typesupport_fastrtps_c
[0.153s] [ 76%] Built target bat_led_interfaces
[0.172s] [ 78%] Built target bat_led_interfaces__py
[0.198s] [ 87%] Built target bat_led_interfaces__python
[0.225s] [ 95%] Built target bat_led_interfaces__rosidl_typesupport_fastrtps_c__pyext
[0.226s] [ 95%] Built target bat_led_interfaces__rosidl_typesupport_introspection_c__pyext
[0.226s] [100%] Built target bat_led_interfaces__rosidl_typesupport_c__pyext
[0.236s] Invoked command in '/home/ros_ws/build/bat_led_interfaces' returned '0': CMAKE_PREFIX_PATH=${CMAKE_PREFIX_PATH}:/home/ros_ws/install/my_py_pkg:/opt/ros/foxy /usr/bin/cmake --build /home/ros_ws/build/bat_led_interfaces -- -j16 -l16
[0.306s] Invoking command in '/home/ros_ws/build/bat_led_interfaces': CMAKE_PREFIX_PATH=${CMAKE_PREFIX_PATH}:/home/ros_ws/install/my_py_pkg:/opt/ros/foxy /usr/bin/cmake --install /home/ros_ws/build/bat_led_interfaces
[0.310s] -- Install configuration: ""
[0.310s] -- Up-to-date: /home/ros_ws/install/bat_led_interfaces/share/ament_index/resource_index/rosidl_interfaces/bat_led_interfaces
[0.310s] -- Up-to-date: /home/ros_ws/install/bat_led_interfaces/include/bat_led_interfaces
[0.310s] -- Up-to-date: /home/ros_ws/install/bat_led_interfaces/include/bat_led_interfaces/msg
[0.310s] -- Up-to-date: /home/ros_ws/install/bat_led_interfaces/include/bat_led_interfaces/msg/detail
[0.310s] -- Up-to-date: /home/ros_ws/install/bat_led_interfaces/include/bat_led_interfaces/msg/detail/led_pannel_state__functions.c
[0.310s] -- Up-to-date: /home/ros_ws/install/bat_led_interfaces/include/bat_led_interfaces/msg/detail/led_pannel_state__struct.h
[0.311s] -- Up-to-date: /home/ros_ws/install/bat_led_interfaces/include/bat_led_interfaces/msg/detail/led_state_array__functions.h
[0.311s] -- Up-to-date: /home/ros_ws/install/bat_led_interfaces/include/bat_led_interfaces/msg/detail/led_state_array__struct.h
[0.311s] -- Up-to-date: /home/ros_ws/install/bat_led_interfaces/include/bat_led_interfaces/msg/detail/led_pannel_state__functions.h
[0.311s] -- Up-to-date: /home/ros_ws/install/bat_led_interfaces/include/bat_led_interfaces/msg/detail/led_state_array__functions.c
[0.311s] -- Up-to-date: /home/ros_ws/install/bat_led_interfaces/include/bat_led_interfaces/msg/detail/led_pannel_state__type_support.h
[0.311s] -- Up-to-date: /home/ros_ws/install/bat_led_interfaces/include/bat_led_interfaces/msg/detail/led_state_array__type_support.h
[0.311s] -- Up-to-date: /home/ros_ws/install/bat_led_interfaces/include/bat_led_interfaces/msg/led_state_array.h
[0.311s] -- Up-to-date: /home/ros_ws/install/bat_led_interfaces/include/bat_led_interfaces/msg/led_pannel_state.h
[0.311s] -- Up-to-date: /home/ros_ws/install/bat_led_interfaces/include/bat_led_interfaces/msg/rosidl_generator_c__visibility_control.h
[0.311s] -- Up-to-date: /home/ros_ws/install/bat_led_interfaces/include/bat_led_interfaces/srv
[0.312s] -- Up-to-date: /home/ros_ws/install/bat_led_interfaces/include/bat_led_interfaces/srv/detail
[0.312s] -- Up-to-date: /home/ros_ws/install/bat_led_interfaces/include/bat_led_interfaces/srv/detail/set_led__type_support.h
[0.312s] -- Up-to-date: /home/ros_ws/install/bat_led_interfaces/include/bat_led_interfaces/srv/detail/set_led__functions.c
[0.312s] -- Up-to-date: /home/ros_ws/install/bat_led_interfaces/include/bat_led_interfaces/srv/detail/set_led__struct.h
[0.312s] -- Up-to-date: /home/ros_ws/install/bat_led_interfaces/include/bat_led_interfaces/srv/detail/set_led__functions.h
[0.312s] -- Up-to-date: /home/ros_ws/install/bat_led_interfaces/include/bat_led_interfaces/srv/set_led.h
[0.312s] -- Up-to-date: /home/ros_ws/install/bat_led_interfaces/share/bat_led_interfaces/environment/library_path.sh
[0.312s] -- Up-to-date: /home/ros_ws/install/bat_led_interfaces/share/bat_led_interfaces/environment/library_path.dsv
[0.312s] -- Up-to-date: /home/ros_ws/install/bat_led_interfaces/lib/libbat_led_interfaces__rosidl_generator_c.so
[0.312s] -- Up-to-date: /home/ros_ws/install/bat_led_interfaces/include/bat_led_interfaces
[0.313s] -- Up-to-date: /home/ros_ws/install/bat_led_interfaces/include/bat_led_interfaces/msg
[0.313s] -- Up-to-date: /home/ros_ws/install/bat_led_interfaces/include/bat_led_interfaces/msg/detail
[0.313s] -- Up-to-date: /home/ros_ws/install/bat_led_interfaces/include/bat_led_interfaces/msg/detail/led_pannel_state__rosidl_typesupport_fastrtps_c.h
[0.313s] -- Up-to-date: /home/ros_ws/install/bat_led_interfaces/include/bat_led_interfaces/msg/detail/led_state_array__rosidl_typesupport_fastrtps_c.h
[0.313s] -- Up-to-date: /home/ros_ws/install/bat_led_interfaces/include/bat_led_interfaces/msg/rosidl_typesupport_fastrtps_c__visibility_control.h
[0.313s] -- Up-to-date: /home/ros_ws/install/bat_led_interfaces/include/bat_led_interfaces/srv
[0.313s] -- Up-to-date: /home/ros_ws/install/bat_led_interfaces/include/bat_led_interfaces/srv/detail
[0.313s] -- Up-to-date: /home/ros_ws/install/bat_led_interfaces/include/bat_led_interfaces/srv/detail/set_led__rosidl_typesupport_fastrtps_c.h
[0.313s] -- Up-to-date: /home/ros_ws/install/bat_led_interfaces/lib/libbat_led_interfaces__rosidl_typesupport_fastrtps_c.so
[0.313s] -- Up-to-date: /home/ros_ws/install/bat_led_interfaces/include/bat_led_interfaces
[0.313s] -- Up-to-date: /home/ros_ws/install/bat_led_interfaces/include/bat_led_interfaces/msg
[0.314s] -- Up-to-date: /home/ros_ws/install/bat_led_interfaces/include/bat_led_interfaces/msg/detail
[0.314s] -- Up-to-date: /home/ros_ws/install/bat_led_interfaces/include/bat_led_interfaces/msg/detail/led_pannel_state__rosidl_typesupport_fastrtps_cpp.hpp
[0.314s] -- Up-to-date: /home/ros_ws/install/bat_led_interfaces/include/bat_led_interfaces/msg/detail/dds_fastrtps
[0.314s] -- Up-to-date: /home/ros_ws/install/bat_led_interfaces/include/bat_led_interfaces/msg/detail/led_state_array__rosidl_typesupport_fastrtps_cpp.hpp
[0.314s] -- Up-to-date: /home/ros_ws/install/bat_led_interfaces/include/bat_led_interfaces/msg/rosidl_typesupport_fastrtps_cpp__visibility_control.h
[0.314s] -- Up-to-date: /home/ros_ws/install/bat_led_interfaces/include/bat_led_interfaces/srv
[0.314s] -- Up-to-date: /home/ros_ws/install/bat_led_interfaces/include/bat_led_interfaces/srv/detail
[0.314s] -- Up-to-date: /home/ros_ws/install/bat_led_interfaces/include/bat_led_interfaces/srv/detail/set_led__rosidl_typesupport_fastrtps_cpp.hpp
[0.314s] -- Up-to-date: /home/ros_ws/install/bat_led_interfaces/include/bat_led_interfaces/srv/detail/dds_fastrtps
[0.314s] -- Up-to-date: /home/ros_ws/install/bat_led_interfaces/lib/libbat_led_interfaces__rosidl_typesupport_fastrtps_cpp.so
[0.314s] -- Up-to-date: /home/ros_ws/install/bat_led_interfaces/include/bat_led_interfaces
[0.315s] -- Up-to-date: /home/ros_ws/install/bat_led_interfaces/include/bat_led_interfaces/msg
[0.315s] -- Up-to-date: /home/ros_ws/install/bat_led_interfaces/include/bat_led_interfaces/msg/detail
[0.315s] -- Up-to-date: /home/ros_ws/install/bat_led_interfaces/include/bat_led_interfaces/msg/detail/led_state_array__type_support.c
[0.315s] -- Up-to-date: /home/ros_ws/install/bat_led_interfaces/include/bat_led_interfaces/msg/detail/led_pannel_state__rosidl_typesupport_introspection_c.h
[0.315s] -- Up-to-date: /home/ros_ws/install/bat_led_interfaces/include/bat_led_interfaces/msg/detail/led_state_array__rosidl_typesupport_introspection_c.h
[0.315s] -- Up-to-date: /home/ros_ws/install/bat_led_interfaces/include/bat_led_interfaces/msg/detail/led_pannel_state__type_support.c
[0.315s] -- Up-to-date: /home/ros_ws/install/bat_led_interfaces/include/bat_led_interfaces/msg/rosidl_typesupport_introspection_c__visibility_control.h
[0.315s] -- Up-to-date: /home/ros_ws/install/bat_led_interfaces/include/bat_led_interfaces/srv
[0.315s] -- Up-to-date: /home/ros_ws/install/bat_led_interfaces/include/bat_led_interfaces/srv/detail
[0.315s] -- Up-to-date: /home/ros_ws/install/bat_led_interfaces/include/bat_led_interfaces/srv/detail/set_led__type_support.c
[0.315s] -- Up-to-date: /home/ros_ws/install/bat_led_interfaces/include/bat_led_interfaces/srv/detail/set_led__rosidl_typesupport_introspection_c.h
[0.315s] -- Up-to-date: /home/ros_ws/install/bat_led_interfaces/lib/libbat_led_interfaces__rosidl_typesupport_introspection_c.so
[0.315s] -- Up-to-date: /home/ros_ws/install/bat_led_interfaces/lib/libbat_led_interfaces__rosidl_typesupport_c.so
[0.315s] -- Up-to-date: /home/ros_ws/install/bat_led_interfaces/include/bat_led_interfaces
[0.316s] -- Up-to-date: /home/ros_ws/install/bat_led_interfaces/include/bat_led_interfaces/msg
[0.316s] -- Up-to-date: /home/ros_ws/install/bat_led_interfaces/include/bat_led_interfaces/msg/detail
[0.316s] -- Up-to-date: /home/ros_ws/install/bat_led_interfaces/include/bat_led_interfaces/msg/detail/led_state_array__builder.hpp
[0.316s] -- Up-to-date: /home/ros_ws/install/bat_led_interfaces/include/bat_led_interfaces/msg/detail/led_pannel_state__builder.hpp
[0.316s] -- Up-to-date: /home/ros_ws/install/bat_led_interfaces/include/bat_led_interfaces/msg/detail/led_pannel_state__struct.hpp
[0.316s] -- Up-to-date: /home/ros_ws/install/bat_led_interfaces/include/bat_led_interfaces/msg/detail/led_state_array__struct.hpp
[0.316s] -- Up-to-date: /home/ros_ws/install/bat_led_interfaces/include/bat_led_interfaces/msg/detail/led_state_array__traits.hpp
[0.316s] -- Up-to-date: /home/ros_ws/install/bat_led_interfaces/include/bat_led_interfaces/msg/detail/led_pannel_state__traits.hpp
[0.316s] -- Up-to-date: /home/ros_ws/install/bat_led_interfaces/include/bat_led_interfaces/msg/led_pannel_state.hpp
[0.316s] -- Up-to-date: /home/ros_ws/install/bat_led_interfaces/include/bat_led_interfaces/msg/led_state_array.hpp
[0.316s] -- Up-to-date: /home/ros_ws/install/bat_led_interfaces/include/bat_led_interfaces/srv
[0.316s] -- Up-to-date: /home/ros_ws/install/bat_led_interfaces/include/bat_led_interfaces/srv/detail
[0.316s] -- Up-to-date: /home/ros_ws/install/bat_led_interfaces/include/bat_led_interfaces/srv/detail/set_led__builder.hpp
[0.316s] -- Up-to-date: /home/ros_ws/install/bat_led_interfaces/include/bat_led_interfaces/srv/detail/set_led__traits.hpp
[0.316s] -- Up-to-date: /home/ros_ws/install/bat_led_interfaces/include/bat_led_interfaces/srv/detail/set_led__struct.hpp
[0.317s] -- Up-to-date: /home/ros_ws/install/bat_led_interfaces/include/bat_led_interfaces/srv/set_led.hpp
[0.317s] -- Up-to-date: /home/ros_ws/install/bat_led_interfaces/include/bat_led_interfaces
[0.317s] -- Up-to-date: /home/ros_ws/install/bat_led_interfaces/include/bat_led_interfaces/msg
[0.317s] -- Up-to-date: /home/ros_ws/install/bat_led_interfaces/include/bat_led_interfaces/msg/detail
[0.317s] -- Up-to-date: /home/ros_ws/install/bat_led_interfaces/include/bat_led_interfaces/msg/detail/led_pannel_state__type_support.cpp
[0.317s] -- Up-to-date: /home/ros_ws/install/bat_led_interfaces/include/bat_led_interfaces/msg/detail/led_state_array__type_support.cpp
[0.317s] -- Up-to-date: /home/ros_ws/install/bat_led_interfaces/include/bat_led_interfaces/msg/detail/led_state_array__rosidl_typesupport_introspection_cpp.hpp
[0.317s] -- Up-to-date: /home/ros_ws/install/bat_led_interfaces/include/bat_led_interfaces/msg/detail/led_pannel_state__rosidl_typesupport_introspection_cpp.hpp
[0.317s] -- Up-to-date: /home/ros_ws/install/bat_led_interfaces/include/bat_led_interfaces/srv
[0.317s] -- Up-to-date: /home/ros_ws/install/bat_led_interfaces/include/bat_led_interfaces/srv/detail
[0.317s] -- Up-to-date: /home/ros_ws/install/bat_led_interfaces/include/bat_led_interfaces/srv/detail/set_led__type_support.cpp
[0.317s] -- Up-to-date: /home/ros_ws/install/bat_led_interfaces/include/bat_led_interfaces/srv/detail/set_led__rosidl_typesupport_introspection_cpp.hpp
[0.317s] -- Up-to-date: /home/ros_ws/install/bat_led_interfaces/lib/libbat_led_interfaces__rosidl_typesupport_introspection_cpp.so
[0.317s] -- Up-to-date: /home/ros_ws/install/bat_led_interfaces/lib/libbat_led_interfaces__rosidl_typesupport_cpp.so
[0.318s] -- Up-to-date: /home/ros_ws/install/bat_led_interfaces/share/bat_led_interfaces/environment/pythonpath.sh
[0.318s] -- Up-to-date: /home/ros_ws/install/bat_led_interfaces/share/bat_led_interfaces/environment/pythonpath.dsv
[0.318s] -- Up-to-date: /home/ros_ws/install/bat_led_interfaces/lib/python3.8/site-packages/bat_led_interfaces/__init__.py
[0.345s] -- Up-to-date: /home/ros_ws/install/bat_led_interfaces/lib/python3.8/site-packages/bat_led_interfaces/msg
[0.345s] -- Up-to-date: /home/ros_ws/install/bat_led_interfaces/lib/python3.8/site-packages/bat_led_interfaces/msg/_led_pannel_state.py
[0.345s] -- Up-to-date: /home/ros_ws/install/bat_led_interfaces/lib/python3.8/site-packages/bat_led_interfaces/msg/__init__.py
[0.345s] -- Up-to-date: /home/ros_ws/install/bat_led_interfaces/lib/python3.8/site-packages/bat_led_interfaces/msg/_led_state_array.py
[0.345s] -- Up-to-date: /home/ros_ws/install/bat_led_interfaces/lib/python3.8/site-packages/bat_led_interfaces/msg/_led_state_array_s.c
[0.345s] -- Up-to-date: /home/ros_ws/install/bat_led_interfaces/lib/python3.8/site-packages/bat_led_interfaces/msg/_led_pannel_state_s.c
[0.345s] -- Up-to-date: /home/ros_ws/install/bat_led_interfaces/lib/python3.8/site-packages/bat_led_interfaces/srv
[0.345s] -- Up-to-date: /home/ros_ws/install/bat_led_interfaces/lib/python3.8/site-packages/bat_led_interfaces/srv/_set_led.py
[0.345s] -- Up-to-date: /home/ros_ws/install/bat_led_interfaces/lib/python3.8/site-packages/bat_led_interfaces/srv/__init__.py
[0.346s] -- Up-to-date: /home/ros_ws/install/bat_led_interfaces/lib/python3.8/site-packages/bat_led_interfaces/srv/_set_led_s.c
[0.346s] -- Up-to-date: /home/ros_ws/install/bat_led_interfaces/lib/python3.8/site-packages/bat_led_interfaces/bat_led_interfaces_s__rosidl_typesupport_fastrtps_c.cpython-38-x86_64-linux-gnu.so
[0.346s] -- Up-to-date: /home/ros_ws/install/bat_led_interfaces/lib/python3.8/site-packages/bat_led_interfaces/bat_led_interfaces_s__rosidl_typesupport_introspection_c.cpython-38-x86_64-linux-gnu.so
[0.346s] -- Up-to-date: /home/ros_ws/install/bat_led_interfaces/lib/python3.8/site-packages/bat_led_interfaces/bat_led_interfaces_s__rosidl_typesupport_c.cpython-38-x86_64-linux-gnu.so
[0.346s] -- Up-to-date: /home/ros_ws/install/bat_led_interfaces/lib/libbat_led_interfaces__python.so
[0.346s] -- Up-to-date: /home/ros_ws/install/bat_led_interfaces/share/bat_led_interfaces/msg/LedPannelState.idl
[0.346s] -- Up-to-date: /home/ros_ws/install/bat_led_interfaces/share/bat_led_interfaces/srv/SetLed.idl
[0.347s] -- Up-to-date: /home/ros_ws/install/bat_led_interfaces/share/bat_led_interfaces/msg/LedStateArray.idl
[0.347s] -- Up-to-date: /home/ros_ws/install/bat_led_interfaces/share/bat_led_interfaces/msg/LedPannelState.msg
[0.347s] -- Up-to-date: /home/ros_ws/install/bat_led_interfaces/share/bat_led_interfaces/srv/SetLed.srv
[0.347s] -- Up-to-date: /home/ros_ws/install/bat_led_interfaces/share/bat_led_interfaces/srv/SetLed_Request.msg
[0.347s] -- Up-to-date: /home/ros_ws/install/bat_led_interfaces/share/bat_led_interfaces/srv/SetLed_Response.msg
[0.347s] -- Up-to-date: /home/ros_ws/install/bat_led_interfaces/share/bat_led_interfaces/msg/LedStateArray.msg
[0.347s] -- Up-to-date: /home/ros_ws/install/bat_led_interfaces/share/ament_index/resource_index/package_run_dependencies/bat_led_interfaces
[0.347s] -- Up-to-date: /home/ros_ws/install/bat_led_interfaces/share/ament_index/resource_index/parent_prefix_path/bat_led_interfaces
[0.349s] -- Up-to-date: /home/ros_ws/install/bat_led_interfaces/share/bat_led_interfaces/environment/ament_prefix_path.sh
[0.349s] -- Up-to-date: /home/ros_ws/install/bat_led_interfaces/share/bat_led_interfaces/environment/ament_prefix_path.dsv
[0.350s] -- Up-to-date: /home/ros_ws/install/bat_led_interfaces/share/bat_led_interfaces/environment/path.sh
[0.350s] -- Up-to-date: /home/ros_ws/install/bat_led_interfaces/share/bat_led_interfaces/environment/path.dsv
[0.350s] -- Up-to-date: /home/ros_ws/install/bat_led_interfaces/share/bat_led_interfaces/local_setup.bash
[0.350s] -- Up-to-date: /home/ros_ws/install/bat_led_interfaces/share/bat_led_interfaces/local_setup.sh
[0.350s] -- Up-to-date: /home/ros_ws/install/bat_led_interfaces/share/bat_led_interfaces/local_setup.zsh
[0.351s] -- Up-to-date: /home/ros_ws/install/bat_led_interfaces/share/bat_led_interfaces/local_setup.dsv
[0.351s] -- Installing: /home/ros_ws/install/bat_led_interfaces/share/bat_led_interfaces/package.dsv
[0.351s] -- Up-to-date: /home/ros_ws/install/bat_led_interfaces/share/ament_index/resource_index/packages/bat_led_interfaces
[0.351s] -- Up-to-date: /home/ros_ws/install/bat_led_interfaces/share/bat_led_interfaces/cmake/bat_led_interfaces__rosidl_generator_cExport.cmake
[0.351s] -- Up-to-date: /home/ros_ws/install/bat_led_interfaces/share/bat_led_interfaces/cmake/bat_led_interfaces__rosidl_generator_cExport-noconfig.cmake
[0.351s] -- Up-to-date: /home/ros_ws/install/bat_led_interfaces/share/bat_led_interfaces/cmake/bat_led_interfaces__rosidl_typesupport_introspection_cExport.cmake
[0.351s] -- Up-to-date: /home/ros_ws/install/bat_led_interfaces/share/bat_led_interfaces/cmake/bat_led_interfaces__rosidl_typesupport_introspection_cExport-noconfig.cmake
[0.351s] -- Up-to-date: /home/ros_ws/install/bat_led_interfaces/share/bat_led_interfaces/cmake/bat_led_interfaces__rosidl_typesupport_cExport.cmake
[0.351s] -- Up-to-date: /home/ros_ws/install/bat_led_interfaces/share/bat_led_interfaces/cmake/bat_led_interfaces__rosidl_typesupport_cExport-noconfig.cmake
[0.352s] -- Up-to-date: /home/ros_ws/install/bat_led_interfaces/share/bat_led_interfaces/cmake/bat_led_interfaces__rosidl_generator_cppExport.cmake
[0.352s] -- Up-to-date: /home/ros_ws/install/bat_led_interfaces/share/bat_led_interfaces/cmake/bat_led_interfaces__rosidl_typesupport_introspection_cppExport.cmake
[0.352s] -- Up-to-date: /home/ros_ws/install/bat_led_interfaces/share/bat_led_interfaces/cmake/bat_led_interfaces__rosidl_typesupport_introspection_cppExport-noconfig.cmake
[0.352s] -- Up-to-date: /home/ros_ws/install/bat_led_interfaces/share/bat_led_interfaces/cmake/bat_led_interfaces__rosidl_typesupport_cppExport.cmake
[0.352s] -- Up-to-date: /home/ros_ws/install/bat_led_interfaces/share/bat_led_interfaces/cmake/bat_led_interfaces__rosidl_typesupport_cppExport-noconfig.cmake
[0.352s] -- Up-to-date: /home/ros_ws/install/bat_led_interfaces/share/bat_led_interfaces/cmake/rosidl_cmake-extras.cmake
[0.352s] -- Up-to-date: /home/ros_ws/install/bat_led_interfaces/share/bat_led_interfaces/cmake/ament_cmake_export_dependencies-extras.cmake
[0.352s] -- Up-to-date: /home/ros_ws/install/bat_led_interfaces/share/bat_led_interfaces/cmake/ament_cmake_export_libraries-extras.cmake
[0.352s] -- Up-to-date: /home/ros_ws/install/bat_led_interfaces/share/bat_led_interfaces/cmake/ament_cmake_export_targets-extras.cmake
[0.352s] -- Up-to-date: /home/ros_ws/install/bat_led_interfaces/share/bat_led_interfaces/cmake/ament_cmake_export_include_directories-extras.cmake
[0.352s] -- Up-to-date: /home/ros_ws/install/bat_led_interfaces/share/bat_led_interfaces/cmake/rosidl_cmake_export_typesupport_libraries-extras.cmake
[0.352s] -- Up-to-date: /home/ros_ws/install/bat_led_interfaces/share/bat_led_interfaces/cmake/rosidl_cmake_export_typesupport_targets-extras.cmake
[0.353s] -- Up-to-date: /home/ros_ws/install/bat_led_interfaces/share/bat_led_interfaces/cmake/bat_led_interfacesConfig.cmake
[0.353s] -- Up-to-date: /home/ros_ws/install/bat_led_interfaces/share/bat_led_interfaces/cmake/bat_led_interfacesConfig-version.cmake
[0.353s] -- Up-to-date: /home/ros_ws/install/bat_led_interfaces/share/bat_led_interfaces/package.xml
[0.363s] Invoked command in '/home/ros_ws/build/bat_led_interfaces' returned '0': CMAKE_PREFIX_PATH=${CMAKE_PREFIX_PATH}:/home/ros_ws/install/my_py_pkg:/opt/ros/foxy /usr/bin/cmake --install /home/ros_ws/build/bat_led_interfaces
