[0.015s] Invoking command in '/home/ros_ws/build/my_cpp_pkg': CMAKE_PREFIX_PATH=/opt/ros/foxy /usr/bin/cmake /home/ros_ws/src/my_cpp_pkg -DCMAKE_INSTALL_PREFIX=/home/ros_ws/install/my_cpp_pkg
[0.028s] -- Found ament_cmake: 0.9.11 (/opt/ros/foxy/share/ament_cmake/cmake)
[0.042s] -- Found PythonInterp: /usr/bin/python3 (found suitable version "3.8.10", minimum required is "3") 
[0.042s] -- Using PYTHON_EXECUTABLE: /usr/bin/python3
[0.153s] -- Found ament_lint_auto: 0.9.7 (/opt/ros/foxy/share/ament_lint_auto/cmake)
[0.229s] -- Added test 'copyright' to check source files copyright and LICENSE
[0.230s] -- Added test 'cppcheck' to perform static code analysis on C / C++ code
[0.230s] -- Configured cppcheck include dirs: 
[0.230s] -- Configured cppcheck exclude dirs and/or files: 
[0.230s] -- Added test 'cpplint' to check C / C++ code against the Google style
[0.230s] -- Configured cpplint exclude dirs and/or files: 
[0.231s] -- Added test 'lint_cmake' to check CMake code style
[0.232s] -- Added test 'uncrustify' to check C / C++ code style
[0.232s] -- Configured uncrustify additional arguments: 
[0.232s] -- Added test 'xmllint' to check XML markup files
[0.234s] -- Configuring done
[0.236s] -- Generating done
[0.244s] -- Build files have been written to: /home/ros_ws/build/my_cpp_pkg
[0.247s] Invoked command in '/home/ros_ws/build/my_cpp_pkg' returned '0': CMAKE_PREFIX_PATH=/opt/ros/foxy /usr/bin/cmake /home/ros_ws/src/my_cpp_pkg -DCMAKE_INSTALL_PREFIX=/home/ros_ws/install/my_cpp_pkg
[0.249s] Invoking command in '/home/ros_ws/build/my_cpp_pkg': CMAKE_PREFIX_PATH=/opt/ros/foxy /usr/bin/cmake --build /home/ros_ws/build/my_cpp_pkg -- -j16 -l16
[0.282s] Invoked command in '/home/ros_ws/build/my_cpp_pkg' returned '0': CMAKE_PREFIX_PATH=/opt/ros/foxy /usr/bin/cmake --build /home/ros_ws/build/my_cpp_pkg -- -j16 -l16
[0.310s] Invoking command in '/home/ros_ws/build/my_cpp_pkg': CMAKE_PREFIX_PATH=/opt/ros/foxy /usr/bin/cmake --install /home/ros_ws/build/my_cpp_pkg
[0.317s] -- Install configuration: ""
[0.317s] -- Installing: /home/ros_ws/install/my_cpp_pkg/share/ament_index/resource_index/package_run_dependencies/my_cpp_pkg
[0.317s] -- Installing: /home/ros_ws/install/my_cpp_pkg/share/ament_index/resource_index/parent_prefix_path/my_cpp_pkg
[0.318s] -- Installing: /home/ros_ws/install/my_cpp_pkg/share/my_cpp_pkg/environment/ament_prefix_path.sh
[0.318s] -- Installing: /home/ros_ws/install/my_cpp_pkg/share/my_cpp_pkg/environment/ament_prefix_path.dsv
[0.318s] -- Installing: /home/ros_ws/install/my_cpp_pkg/share/my_cpp_pkg/environment/path.sh
[0.318s] -- Installing: /home/ros_ws/install/my_cpp_pkg/share/my_cpp_pkg/environment/path.dsv
[0.318s] -- Installing: /home/ros_ws/install/my_cpp_pkg/share/my_cpp_pkg/local_setup.bash
[0.318s] -- Installing: /home/ros_ws/install/my_cpp_pkg/share/my_cpp_pkg/local_setup.sh
[0.318s] -- Installing: /home/ros_ws/install/my_cpp_pkg/share/my_cpp_pkg/local_setup.zsh
[0.318s] -- Installing: /home/ros_ws/install/my_cpp_pkg/share/my_cpp_pkg/local_setup.dsv
[0.318s] -- Installing: /home/ros_ws/install/my_cpp_pkg/share/my_cpp_pkg/package.dsv
[0.318s] -- Installing: /home/ros_ws/install/my_cpp_pkg/share/ament_index/resource_index/packages/my_cpp_pkg
[0.318s] -- Installing: /home/ros_ws/install/my_cpp_pkg/share/my_cpp_pkg/cmake/my_cpp_pkgConfig.cmake
[0.319s] -- Installing: /home/ros_ws/install/my_cpp_pkg/share/my_cpp_pkg/cmake/my_cpp_pkgConfig-version.cmake
[0.319s] -- Installing: /home/ros_ws/install/my_cpp_pkg/share/my_cpp_pkg/package.xml
[0.320s] Invoked command in '/home/ros_ws/build/my_cpp_pkg' returned '0': CMAKE_PREFIX_PATH=/opt/ros/foxy /usr/bin/cmake --install /home/ros_ws/build/my_cpp_pkg
