[0.017s] Invoking command in '/home/amruth/Documents/git/ros_ws/build/cyclonedds': CMAKE_PREFIX_PATH=${CMAKE_PREFIX_PATH}:/home/amruth/Documents/git/microros_ws/install/sensor_msgs_py:/home/amruth/Documents/git/ros_ws/install/my_py_pkg:/home/amruth/Documents/git/ros_ws/install/delbot_controller:/opt/ros/humble /usr/bin/cmake /home/amruth/Documents/git/ros_ws/src/cyclonedds -DBUILD_IDLC=AUTO -DCMAKE_INSTALL_PREFIX=/home/amruth/Documents/git/ros_ws/install/cyclonedds
[0.159s] -- The C compiler identification is GNU 11.3.0
[0.169s] -- Detecting C compiler ABI info
[0.246s] -- Detecting C compiler ABI info - done
[0.252s] -- Check for working C compiler: /usr/bin/cc - skipped
[0.252s] -- Detecting C compile features
[0.253s] -- Detecting C compile features - done
[0.253s] -- Setting build type to 'RelWithDebInfo' as none was specified.
[0.257s] -- Looking for getopt.h
[0.362s] -- Looking for getopt.h - found
[0.513s] -- Building with OpenSSL support
[0.525s] -- Looking for stdint.h
[0.617s] -- Looking for stdint.h - found
[0.618s] -- Looking for inttypes.h
[0.699s] -- Looking for inttypes.h - found
[0.699s] -- Looking for sys/types.h
[0.812s] -- Looking for sys/types.h - found
[0.812s] -- Looking for stdint.h
[0.913s] -- Looking for stdint.h - found
[0.913s] -- Looking for stddef.h
[1.049s] -- Looking for stddef.h - found
[1.049s] -- Check size of intmax_t
[1.171s] -- Check size of intmax_t - done
[1.172s] -- Looking for stpcpy
[1.322s] -- Looking for stpcpy - found
[1.322s] -- Looking for strlcpy
[1.386s] -- Looking for strlcpy - not found
[1.386s] -- Looking for strlcat
[1.418s] -- Looking for strlcat - not found
[1.421s] -- Performing Test COMPILER_HAS_HIDDEN_VISIBILITY
[1.566s] -- Performing Test COMPILER_HAS_HIDDEN_VISIBILITY - Success
[1.567s] -- Performing Test COMPILER_HAS_HIDDEN_INLINE_VISIBILITY
[1.712s] -- Performing Test COMPILER_HAS_HIDDEN_INLINE_VISIBILITY - Failed
[1.713s] -- Performing Test COMPILER_HAS_DEPRECATED_ATTR
[1.851s] -- Performing Test COMPILER_HAS_DEPRECATED_ATTR - Success
[1.862s] -- Looking for gethostname
[2.024s] -- Looking for gethostname - found
[2.024s] -- Looking for inet_ntop
[2.136s] -- Looking for inet_ntop - found
[2.136s] -- Looking for inet_pton
[2.268s] -- Looking for inet_pton - found
[2.268s] -- Looking for getaddrinfo
[2.400s] -- Looking for getaddrinfo - found
[2.401s] -- Looking for gethostbyname_r
[2.523s] -- Looking for gethostbyname_r - found
[2.523s] -- Check size of struct sockaddr_in6
[2.677s] -- Check size of struct sockaddr_in6 - done
[2.679s] -- Looking for pthread.h
[2.812s] -- Looking for pthread.h - found
[2.812s] -- Performing Test CMAKE_HAVE_LIBC_PTHREAD
[2.949s] -- Performing Test CMAKE_HAVE_LIBC_PTHREAD - Success
[2.951s] -- Found Threads: TRUE  
[2.952s] -- Looking for clock_gettime in c
[3.110s] -- Looking for clock_gettime in c - found
[3.608s] -- Configuring done
[3.663s] -- Generating done
[3.665s] -- Build files have been written to: /home/amruth/Documents/git/ros_ws/build/cyclonedds
[3.670s] Invoked command in '/home/amruth/Documents/git/ros_ws/build/cyclonedds' returned '0': CMAKE_PREFIX_PATH=${CMAKE_PREFIX_PATH}:/home/amruth/Documents/git/microros_ws/install/sensor_msgs_py:/home/amruth/Documents/git/ros_ws/install/my_py_pkg:/home/amruth/Documents/git/ros_ws/install/delbot_controller:/opt/ros/humble /usr/bin/cmake /home/amruth/Documents/git/ros_ws/src/cyclonedds -DBUILD_IDLC=AUTO -DCMAKE_INSTALL_PREFIX=/home/amruth/Documents/git/ros_ws/install/cyclonedds
[3.673s] Invoking command in '/home/amruth/Documents/git/ros_ws/build/cyclonedds': CMAKE_PREFIX_PATH=${CMAKE_PREFIX_PATH}:/home/amruth/Documents/git/microros_ws/install/sensor_msgs_py:/home/amruth/Documents/git/ros_ws/install/my_py_pkg:/home/amruth/Documents/git/ros_ws/install/delbot_controller:/opt/ros/humble /usr/bin/cmake --build /home/amruth/Documents/git/ros_ws/build/cyclonedds -- -j16 -l16
[3.736s] [  0%] [34m[1mGenerating include/idl/md5.h[0m
[3.736s] [  0%] [34m[1mGenerating src/md5.c[0m
[3.736s] [  0%] [34m[1mGenerating include/idl/attributes.h[0m
[3.744s] [  1%] [34m[1mGenerating include/idl/misc.h[0m
[3.745s] [  2%] [34m[1mGenerating include/idl/endian.h[0m
[3.752s] [  2%] [32mBuilding C object src/tools/idlpp/CMakeFiles/idlpp.dir/src/system.c.o[0m
[3.752s] [  4%] [32mBuilding C object src/tools/idlpp/CMakeFiles/idlpp.dir/src/support.c.o[0m
[3.752s] [  4%] [32mBuilding C object src/tools/idlpp/CMakeFiles/idlpp.dir/src/eval.c.o[0m
[3.752s] [  4%] [32mBuilding C object src/tools/idlpp/CMakeFiles/idlpp.dir/src/main.c.o[0m
[3.752s] [  4%] [32mBuilding C object src/tools/idlpp/CMakeFiles/idlpp.dir/src/mbchar.c.o[0m
[3.754s] [  4%] [32mBuilding C object src/tools/idlpp/CMakeFiles/idlpp.dir/src/expand.c.o[0m
[3.760s] [  4%] [32mBuilding C object src/tools/idlpp/CMakeFiles/idlpp.dir/src/directive.c.o[0m
[3.765s] [  4%] Built target _confgen
[3.768s] [  5%] [32mBuilding C object src/ddsrt/CMakeFiles/ddsrt-internal.dir/src/bits.c.o[0m
[3.769s] [  6%] [32mBuilding C object src/ddsrt/CMakeFiles/ddsrt-internal.dir/src/io.c.o[0m
[3.769s] [  6%] [32mBuilding C object src/ddsrt/CMakeFiles/ddsrt-internal.dir/src/bswap.c.o[0m
[3.769s] [  6%] [32mBuilding C object src/ddsrt/CMakeFiles/ddsrt-internal.dir/src/log.c.o[0m
[3.772s] [  6%] [32mBuilding C object src/ddsrt/CMakeFiles/ddsrt-internal.dir/src/avl.c.o[0m
[3.775s] [  6%] [32mBuilding C object src/ddsrt/CMakeFiles/ddsrt-internal.dir/src/retcode.c.o[0m
[3.778s] [  7%] [32mBuilding C object src/ddsrt/CMakeFiles/ddsrt-internal.dir/src/atomics.c.o[0m
[3.782s] [  7%] [32mBuilding C object src/ddsrt/CMakeFiles/ddsrt-internal.dir/src/strtod.c.o[0m
[3.814s] [  8%] [32mBuilding C object src/idl/CMakeFiles/idl.dir/src/symbol.c.o[0m
[3.826s] [  9%] [32mBuilding C object src/ddsrt/CMakeFiles/ddsrt-internal.dir/src/strtol.c.o[0m
[3.834s] [  9%] [32mBuilding C object src/ddsrt/CMakeFiles/ddsrt-internal.dir/src/mh3.c.o[0m
[3.845s] [  9%] [32mBuilding C object src/ddsrt/CMakeFiles/ddsrt-internal.dir/src/environ.c.o[0m
[3.860s] [ 10%] [32mBuilding C object src/core/CMakeFiles/ddsc.dir/cdr/src/dds_cdrstream.c.o[0m
[3.892s] [ 11%] [32mBuilding C object src/ddsrt/CMakeFiles/ddsrt-internal.dir/src/expand_vars.c.o[0m
[3.898s] [ 11%] [32mBuilding C object src/ddsrt/CMakeFiles/ddsrt-internal.dir/src/fibheap.c.o[0m
[3.916s] [ 11%] [32mBuilding C object src/core/CMakeFiles/ddsc.dir/ddsi/src/ddsi_eth.c.o[0m
[3.933s] [ 11%] [32mBuilding C object src/ddsrt/CMakeFiles/ddsrt-internal.dir/src/hopscotch.c.o[0m
[3.939s] [ 12%] [32mBuilding C object src/ddsrt/CMakeFiles/ddsrt-internal.dir/src/circlist.c.o[0m
[3.944s] [ 12%] [32mBuilding C object src/idl/CMakeFiles/idl.dir/src/directive.c.o[0m
[3.946s] [ 12%] [32mBuilding C object src/ddsrt/CMakeFiles/ddsrt-internal.dir/src/threads.c.o[0m
[3.966s] [ 12%] [32mBuilding C object src/idl/CMakeFiles/idl.dir/src/expression.c.o[0m
[3.998s] [ 13%] [32mBuilding C object src/ddsrt/CMakeFiles/ddsrt-internal.dir/src/string.c.o[0m
[4.002s] [ 13%] [32mBuilding C object src/core/CMakeFiles/ddsc.dir/ddsi/src/ddsi_ssl.c.o[0m
[4.005s] [ 13%] [32mBuilding C object src/ddsrt/CMakeFiles/ddsrt-internal.dir/src/sockets.c.o[0m
[4.011s] [ 14%] [32mBuilding C object src/core/CMakeFiles/ddsc.dir/ddsi/src/ddsi_tcp.c.o[0m
[4.020s] [ 14%] [32mBuilding C object src/core/CMakeFiles/ddsc.dir/ddsi/src/ddsi_tran.c.o[0m
[4.096s] [ 14%] [32mBuilding C object src/ddsrt/CMakeFiles/ddsrt-internal.dir/src/md5.c.o[0m
[4.129s] [ 15%] [32mBuilding C object src/ddsrt/CMakeFiles/ddsrt-internal.dir/src/xmlparser.c.o[0m
[4.170s] [ 15%] [32mBuilding C object src/ddsrt/CMakeFiles/ddsrt-internal.dir/src/ifaddrs.c.o[0m
[4.207s] [ 16%] [32mBuilding C object src/idl/CMakeFiles/idl.dir/src/file.c.o[0m
[4.252s] [ 16%] [32mBuilding C object src/ddsrt/CMakeFiles/ddsrt-internal.dir/src/cdtors.c.o[0m
[4.256s] [ 17%] [32mBuilding C object src/ddsrt/CMakeFiles/ddsrt-internal.dir/src/random.c.o[0m
[4.262s] [ 17%] [32mBuilding C object src/idl/CMakeFiles/idl.dir/src/processor.c.o[0m
[4.294s] [ 17%] [32mBuilding C object src/ddsrt/CMakeFiles/ddsrt-internal.dir/src/time.c.o[0m
[4.302s] [ 17%] [32mBuilding C object src/idl/CMakeFiles/idl.dir/src/scanner.c.o[0m
[4.316s] [ 17%] [32mBuilding C object src/core/CMakeFiles/ddsc.dir/ddsi/src/ddsi_udp.c.o[0m
[4.320s] [ 18%] [32mBuilding C object src/idl/CMakeFiles/idl.dir/src/string.c.o[0m
[4.340s] [ 18%] [32mBuilding C object src/ddsrt/CMakeFiles/ddsrt-internal.dir/src/sockets/posix/socket.c.o[0m
[4.400s] [ 19%] [32mBuilding C object src/ddsrt/CMakeFiles/ddsrt-internal.dir/src/ifaddrs/posix/ifaddrs.c.o[0m
[4.400s] [ 19%] [32mBuilding C object src/ddsrt/CMakeFiles/ddsrt-internal.dir/src/sockets/posix/gethostname.c.o[0m
[4.410s] [ 20%] [32mBuilding C object src/ddsrt/CMakeFiles/ddsrt-internal.dir/src/heap/posix/heap.c.o[0m
[4.474s] [ 20%] [32mBuilding C object src/idl/CMakeFiles/idl.dir/src/annotation.c.o[0m
[4.477s] [ 20%] [32mBuilding C object src/idl/CMakeFiles/idl.dir/src/scope.c.o[0m
[4.483s] [ 20%] [32mBuilding C object src/ddsrt/CMakeFiles/ddsrt-internal.dir/src/dynlib/posix/dynlib.c.o[0m
[4.489s] [ 21%] [32mBuilding C object src/idl/CMakeFiles/idl.dir/src/tree.c.o[0m
[4.494s] [ 22%] [32mBuilding C object src/ddsrt/CMakeFiles/ddsrt-internal.dir/src/environ/posix/environ.c.o[0m
[4.494s] [ 22%] [32mBuilding C object src/core/CMakeFiles/ddsc.dir/ddsi/src/ddsi_raweth.c.o[0m
[4.500s] [ 22%] [32mBuilding C object src/core/CMakeFiles/ddsc.dir/ddsi/src/ddsi_vnet.c.o[0m
[4.510s] [ 22%] [32mBuilding C object src/idl/CMakeFiles/idl.dir/src/vector.c.o[0m
[4.542s] [ 23%] [32mBuilding C object src/ddsrt/CMakeFiles/ddsrt-internal.dir/src/filesystem/posix/filesystem.c.o[0m
[4.563s] [ 23%] [32mBuilding C object src/ddsrt/CMakeFiles/ddsrt-internal.dir/src/process/posix/process.c.o[0m
[4.570s] [ 23%] [32mBuilding C object src/ddsrt/CMakeFiles/ddsrt-internal.dir/src/random/posix/random.c.o[0m
[4.593s] [ 24%] [32mBuilding C object src/idl/CMakeFiles/idl.dir/src/visit.c.o[0m
[4.614s] [ 24%] [32mBuilding C object src/idl/CMakeFiles/idl.dir/src/print.c.o[0m
[4.632s] [ 25%] [32mBuilding C object src/ddsrt/CMakeFiles/ddsrt-internal.dir/src/sync/posix/sync.c.o[0m
[4.633s] [ 25%] [32mBuilding C object src/ddsrt/CMakeFiles/ddsrt-internal.dir/src/threads/posix/threads.c.o[0m
[4.637s] [ 25%] [32mBuilding C object src/ddsrt/CMakeFiles/ddsrt-internal.dir/src/netstat/linux/netstat.c.o[0m
[4.640s] [ 26%] [32mBuilding C object src/ddsrt/CMakeFiles/ddsrt-internal.dir/src/time/posix/time.c.o[0m
[4.650s] [ 26%] [32mBuilding C object src/ddsrt/CMakeFiles/ddsrt-internal.dir/src/rusage/posix/rusage.c.o[0m
[4.686s] [ 27%] [32mBuilding C object src/core/CMakeFiles/ddsc.dir/ddsi/src/ddsi_ipaddr.c.o[0m
[4.700s] [ 27%] [32mBuilding C object src/core/CMakeFiles/ddsc.dir/ddsi/src/ddsi_mcgroup.c.o[0m
[4.708s] [ 27%] [32mBuilding C object src/core/CMakeFiles/ddsc.dir/ddsi/src/ddsi_nwpart.c.o[0m
[4.708s] [ 27%] [32mBuilding C object src/idl/CMakeFiles/idl.dir/src/keylist.c.o[0m
[4.709s] [ 28%] [32mBuilding C object src/core/CMakeFiles/ddsc.dir/ddsi/src/ddsi_security_util.c.o[0m
[4.730s] [ 29%] [32mBuilding C object src/idl/CMakeFiles/idl.dir/src/hashid.c.o[0m
[4.734s] [ 29%] [32mBuilding C object src/core/CMakeFiles/ddsc.dir/ddsi/src/ddsi_security_omg.c.o[0m
[4.736s] [ 29%] [32mBuilding C object src/core/CMakeFiles/ddsc.dir/ddsi/src/ddsi_portmapping.c.o[0m
[4.742s] [ 30%] [32mBuilding C object src/core/CMakeFiles/ddsc.dir/ddsi/src/ddsi_handshake.c.o[0m
[4.771s] [ 30%] [32mBuilding C object src/core/CMakeFiles/ddsc.dir/ddsi/src/ddsi_serdata.c.o[0m
[4.793s] [ 30%] [32mBuilding C object src/idl/CMakeFiles/idl.dir/src/parser.c.o[0m
[4.799s] [ 30%] [32mBuilding C object src/idl/CMakeFiles/idl.dir/src/heap.c.o[0m
[4.810s] [ 31%] [32m[1mLinking C static library ../../../lib/libidlpp.a[0m
[4.826s] [ 31%] [32m[1mLinking C static library ../../lib/libddsrt-internal.a[0m
[4.840s] [ 32%] [32mBuilding C object src/idl/CMakeFiles/idl.dir/src/md5.c.o[0m
[4.857s] [ 32%] [32mBuilding C object src/core/CMakeFiles/ddsc.dir/ddsi/src/ddsi_serdata_cdr.c.o[0m
[4.868s] [ 33%] [32mBuilding C object src/core/CMakeFiles/ddsc.dir/ddsi/src/ddsi_serdata_pserop.c.o[0m
[4.879s] [ 33%] [32mBuilding C object src/core/CMakeFiles/ddsc.dir/ddsi/src/ddsi_serdata_plist.c.o[0m
[4.885s] [ 33%] [32mBuilding C object src/core/CMakeFiles/ddsc.dir/ddsi/src/ddsi_sertype.c.o[0m
[4.891s] [ 34%] [32mBuilding C object src/core/CMakeFiles/ddsc.dir/ddsi/src/ddsi_sertype_cdr.c.o[0m
[4.941s] [ 34%] [32mBuilding C object src/core/CMakeFiles/ddsc.dir/ddsi/src/ddsi_sertype_pserop.c.o[0m
[4.951s] [ 34%] Built target idlpp
[4.958s] [ 35%] [32mBuilding C object src/core/CMakeFiles/ddsc.dir/ddsi/src/ddsi_sertype_plist.c.o[0m
[4.972s] [ 35%] [32mBuilding C object src/core/CMakeFiles/ddsc.dir/ddsi/src/ddsi_statistics.c.o[0m
[4.990s] [ 35%] Built target ddsrt-internal
[5.006s] [ 35%] [32mBuilding C object src/core/CMakeFiles/ddsc.dir/ddsi/src/ddsi_iid.c.o[0m
[5.009s] [ 36%] [32mBuilding C object src/core/CMakeFiles/ddsc.dir/ddsi/src/ddsi_tkmap.c.o[0m
[5.058s] [ 36%] [32mBuilding C object src/core/CMakeFiles/ddsc.dir/ddsi/src/ddsi_vendor.c.o[0m
[5.063s] [ 36%] [32mBuilding C object src/core/CMakeFiles/ddsc.dir/ddsi/src/ddsi_threadmon.c.o[0m
[5.076s] [ 36%] [32mBuilding C object src/core/CMakeFiles/ddsc.dir/ddsi/src/ddsi_pmd.c.o[0m
[5.077s] [ 37%] [32mBuilding C object src/core/CMakeFiles/ddsc.dir/ddsi/src/ddsi_rhc.c.o[0m
[5.094s] [ 37%] [32mBuilding C object src/core/CMakeFiles/ddsc.dir/ddsi/src/ddsi_entity_index.c.o[0m
[5.097s] [ 38%] [32mBuilding C object src/core/CMakeFiles/ddsc.dir/ddsi/src/ddsi_deadline.c.o[0m
[5.100s] [ 38%] [32mBuilding C object src/core/CMakeFiles/ddsc.dir/ddsi/src/ddsi_deliver_locally.c.o[0m
[5.104s] [ 38%] [32mBuilding C object src/core/CMakeFiles/ddsc.dir/ddsi/src/ddsi_plist.c.o[0m
[5.124s] [ 39%] [32mBuilding C object src/core/CMakeFiles/ddsc.dir/ddsi/src/ddsi_config.c.o[0m
[5.131s] [ 39%] [32mBuilding C object src/core/CMakeFiles/ddsc.dir/ddsi/src/ddsi_time.c.o[0m
[5.142s] [ 40%] [32mBuilding C object src/core/CMakeFiles/ddsc.dir/ddsi/src/ddsi_ownip.c.o[0m
[5.162s] [ 40%] [32mBuilding C object src/core/CMakeFiles/ddsc.dir/ddsi/src/ddsi_acknack.c.o[0m
[5.186s] [ 40%] [32mBuilding C object src/core/CMakeFiles/ddsc.dir/ddsi/src/ddsi_list_genptr.c.o[0m
[5.209s] [ 41%] [32mBuilding C object src/core/CMakeFiles/ddsc.dir/ddsi/src/ddsi_wraddrset.c.o[0m
[5.209s] [ 41%] [32mBuilding C object src/core/CMakeFiles/ddsc.dir/ddsi/src/ddsi_typelib.c.o[0m
[5.265s] [ 41%] [32mBuilding C object src/core/CMakeFiles/ddsc.dir/ddsi/src/ddsi_entity.c.o[0m
[5.275s] [ 42%] [32mBuilding C object src/core/CMakeFiles/ddsc.dir/ddsi/src/ddsi_endpoint_match.c.o[0m
[5.283s] [ 42%] [32mBuilding C object src/core/CMakeFiles/ddsc.dir/ddsi/src/ddsi_participant.c.o[0m
[5.333s] [ 43%] [32mBuilding C object src/core/CMakeFiles/ddsc.dir/ddsi/src/ddsi_topic.c.o[0m
[5.334s] [ 43%] [32mBuilding C object src/core/CMakeFiles/ddsc.dir/ddsi/src/ddsi_proxy_participant.c.o[0m
[5.419s] [ 43%] [32mBuilding C object src/core/CMakeFiles/ddsc.dir/ddsi/src/ddsi_endpoint.c.o[0m
[5.471s] [ 44%] [32mBuilding C object src/core/CMakeFiles/ddsc.dir/ddsi/src/ddsi_proxy_endpoint.c.o[0m
[5.513s] [ 44%] [32mBuilding C object src/core/CMakeFiles/ddsc.dir/ddsi/src/ddsi_gc.c.o[0m
[5.557s] [ 44%] [32mBuilding C object src/core/CMakeFiles/ddsc.dir/ddsi/src/ddsi_addrset.c.o[0m
[5.617s] [ 45%] [32mBuilding C object src/core/CMakeFiles/ddsc.dir/ddsi/src/ddsi_bitset.c.o[0m
[5.646s] [ 45%] [32mBuilding C object src/core/CMakeFiles/ddsc.dir/ddsi/src/ddsi_guid.c.o[0m
[5.689s] [ 45%] [32mBuilding C object src/core/CMakeFiles/ddsc.dir/ddsi/src/ddsi_bswap.c.o[0m
[5.697s] [ 46%] [32mBuilding C object src/core/CMakeFiles/ddsc.dir/ddsi/src/ddsi_discovery.c.o[0m
[5.702s] [ 46%] [32mBuilding C object src/core/CMakeFiles/ddsc.dir/ddsi/src/ddsi_discovery_addrset.c.o[0m
[5.717s] [ 46%] [32mBuilding C object src/core/CMakeFiles/ddsc.dir/ddsi/src/ddsi_discovery_spdp.c.o[0m
[5.753s] [ 47%] [32mBuilding C object src/core/CMakeFiles/ddsc.dir/ddsi/src/ddsi_discovery_endpoint.c.o[0m
[5.798s] [ 47%] [32mBuilding C object src/core/CMakeFiles/ddsc.dir/ddsi/src/ddsi_debmon.c.o[0m
[5.812s] [ 47%] [32mBuilding C object src/core/CMakeFiles/ddsc.dir/ddsi/src/ddsi_init.c.o[0m
[5.868s] [ 48%] [32mBuilding C object src/core/CMakeFiles/ddsc.dir/ddsi/src/ddsi_lat_estim.c.o[0m
[5.903s] [ 48%] [32mBuilding C object src/core/CMakeFiles/ddsc.dir/ddsi/src/ddsi_lease.c.o[0m
[5.914s] [ 49%] [32mBuilding C object src/core/CMakeFiles/ddsc.dir/ddsi/src/ddsi_misc.c.o[0m
[5.966s] [ 49%] [32mBuilding C object src/core/CMakeFiles/ddsc.dir/ddsi/src/ddsi_pcap.c.o[0m
[5.967s] [ 49%] [32mBuilding C object src/core/CMakeFiles/ddsc.dir/ddsi/src/ddsi_qosmatch.c.o[0m
[5.981s] [ 49%] [32m[1mLinking C shared library ../../lib/libcycloneddsidl.so[0m
[6.009s] [ 50%] [32mBuilding C object src/core/CMakeFiles/ddsc.dir/ddsi/src/ddsi_radmin.c.o[0m
[6.015s] [ 50%] [32mBuilding C object src/core/CMakeFiles/ddsc.dir/ddsi/src/ddsi_receive.c.o[0m
[6.022s] [ 50%] [32mBuilding C object src/core/CMakeFiles/ddsc.dir/ddsi/src/ddsi_sockwaitset.c.o[0m
[6.091s] [ 51%] [32mBuilding C object src/core/CMakeFiles/ddsc.dir/ddsi/src/ddsi_sysdeps.c.o[0m
[6.106s] [ 51%] [32mBuilding C object src/core/CMakeFiles/ddsc.dir/ddsi/src/ddsi_thread.c.o[0m
[6.114s] [ 51%] Built target idl
[6.115s] [ 51%] [32mBuilding C object src/core/CMakeFiles/ddsc.dir/ddsi/src/ddsi_transmit.c.o[0m
[6.127s] [ 52%] [32mBuilding C object src/core/CMakeFiles/ddsc.dir/ddsi/src/ddsi_inverse_uint32_set.c.o[0m
[6.136s] [ 52%] [32mBuilding C object src/core/CMakeFiles/ddsc.dir/ddsi/src/ddsi_whc.c.o[0m
[6.182s] [ 52%] [32mBuilding C object src/core/CMakeFiles/ddsc.dir/ddsi/src/ddsi_xevent.c.o[0m
[6.201s] [ 53%] [32mBuilding C object src/core/CMakeFiles/ddsc.dir/ddsi/src/ddsi_xmsg.c.o[0m
[6.216s] [ 53%] [32mBuilding C object src/core/CMakeFiles/ddsc.dir/ddsi/src/ddsi_freelist.c.o[0m
[6.221s] [ 54%] [32mBuilding C object src/core/CMakeFiles/ddsc.dir/ddsi/src/ddsi_hbcontrol.c.o[0m
[6.228s] [ 54%] [32mBuilding C object src/core/CMakeFiles/ddsc.dir/ddsi/src/ddsi_lifespan.c.o[0m
[6.240s] [ 54%] [32mBuilding C object src/core/CMakeFiles/ddsc.dir/ddsi/src/ddsi_discovery_topic.c.o[0m
[6.255s] [ 55%] [32mBuilding C object src/core/CMakeFiles/ddsc.dir/ddsi/src/ddsi_xt_typeinfo.c.o[0m
[6.257s] [ 55%] [32mBuilding C object src/core/CMakeFiles/ddsc.dir/ddsi/src/ddsi_xt_typelookup.c.o[0m
[6.333s] [ 55%] [32mBuilding C object src/core/CMakeFiles/ddsc.dir/ddsi/src/ddsi_xt_typemap.c.o[0m
[6.337s] [ 56%] [32mBuilding C object src/core/CMakeFiles/ddsc.dir/ddsi/src/ddsi_typelookup.c.o[0m
[6.341s] [ 56%] [32mBuilding C object src/core/CMakeFiles/ddsc.dir/ddsi/src/ddsi_typewrap.c.o[0m
[6.352s] [ 56%] [32mBuilding C object src/core/CMakeFiles/ddsc.dir/ddsi/src/ddsi_typebuilder.c.o[0m
[6.360s] [ 57%] [32mBuilding C object src/core/CMakeFiles/ddsc.dir/ddsi/src/ddsi_dynamic_type.c.o[0m
[6.368s] [ 57%] [32mBuilding C object src/core/CMakeFiles/ddsc.dir/ddsi/src/ddsi_security_msg.c.o[0m
[6.425s] [ 57%] [32mBuilding C object src/core/CMakeFiles/ddsc.dir/ddsi/src/ddsi_security_exchange.c.o[0m
[6.446s] [ 58%] [32mBuilding C object src/core/CMakeFiles/ddsc.dir/ddsi/src/ddsi_shm_transport.c.o[0m
[6.464s] [ 58%] [32mBuilding C object src/core/CMakeFiles/ddsc.dir/ddsi/defconfig.c.o[0m
[6.547s] [ 59%] [32mBuilding C object src/core/CMakeFiles/ddsc.dir/ddsc/src/dds_alloc.c.o[0m
[6.570s] [ 59%] [32mBuilding C object src/core/CMakeFiles/ddsc.dir/ddsc/src/dds_builtin.c.o[0m
[6.578s] [ 59%] [32mBuilding C object src/core/CMakeFiles/ddsc.dir/ddsc/src/dds_coherent.c.o[0m
[6.586s] [ 60%] [32mBuilding C object src/core/CMakeFiles/ddsc.dir/ddsc/src/dds_participant.c.o[0m
[6.599s] [ 60%] [32mBuilding C object src/core/CMakeFiles/ddsc.dir/ddsc/src/dds_reader.c.o[0m
[6.659s] [ 60%] [32mBuilding C object src/core/CMakeFiles/ddsc.dir/ddsc/src/dds_writer.c.o[0m
[6.671s] [ 61%] [32mBuilding C object src/core/CMakeFiles/ddsc.dir/ddsc/src/dds_init.c.o[0m
[6.684s] [ 61%] [32mBuilding C object src/core/CMakeFiles/ddsc.dir/ddsc/src/dds_publisher.c.o[0m
[6.709s] [ 61%] [32mBuilding C object src/core/CMakeFiles/ddsc.dir/ddsc/src/dds_rhc.c.o[0m
[6.739s] [ 62%] [32mBuilding C object src/core/CMakeFiles/ddsc.dir/ddsc/src/dds_rhc_default.c.o[0m
[6.765s] [ 62%] [32mBuilding C object src/core/CMakeFiles/ddsc.dir/ddsc/src/dds_domain.c.o[0m
[6.768s] [ 63%] [32mBuilding C object src/core/CMakeFiles/ddsc.dir/ddsc/src/dds_instance.c.o[0m
[6.796s] [ 63%] [32mBuilding C object src/core/CMakeFiles/ddsc.dir/ddsc/src/dds_qos.c.o[0m
[6.811s] [ 63%] [32mBuilding C object src/core/CMakeFiles/ddsc.dir/ddsc/src/dds_handles.c.o[0m
[6.813s] [ 64%] [32mBuilding C object src/core/CMakeFiles/ddsc.dir/ddsc/src/dds_entity.c.o[0m
[6.832s] [ 64%] [32mBuilding C object src/core/CMakeFiles/ddsc.dir/ddsc/src/dds_matched.c.o[0m
[6.839s] [ 64%] [32mBuilding C object src/core/CMakeFiles/ddsc.dir/ddsc/src/dds_querycond.c.o[0m
[6.854s] [ 65%] [32mBuilding C object src/core/CMakeFiles/ddsc.dir/ddsc/src/dds_topic.c.o[0m
[6.864s] [ 65%] [32mBuilding C object src/core/CMakeFiles/ddsc.dir/ddsc/src/dds_listener.c.o[0m
[6.893s] [ 65%] [32mBuilding C object src/core/CMakeFiles/ddsc.dir/ddsc/src/dds_read.c.o[0m
[6.997s] [ 66%] [32mBuilding C object src/core/CMakeFiles/ddsc.dir/ddsc/src/dds_waitset.c.o[0m
[7.022s] [ 66%] [32mBuilding C object src/core/CMakeFiles/ddsc.dir/ddsc/src/dds_readcond.c.o[0m
[7.028s] [ 67%] [32mBuilding C object src/core/CMakeFiles/ddsc.dir/ddsc/src/dds_statistics.c.o[0m
[7.031s] [ 67%] [32mBuilding C object src/core/CMakeFiles/ddsc.dir/ddsc/src/dds_subscriber.c.o[0m
[7.032s] [ 67%] [32mBuilding C object src/core/CMakeFiles/ddsc.dir/ddsc/src/dds_guardcond.c.o[0m
[7.052s] [ 68%] [32mBuilding C object src/core/CMakeFiles/ddsc.dir/ddsc/src/dds_write.c.o[0m
[7.081s] [ 68%] [32mBuilding C object src/core/CMakeFiles/ddsc.dir/ddsc/src/dds_whc.c.o[0m
[7.176s] [ 68%] [32mBuilding C object src/core/CMakeFiles/ddsc.dir/ddsc/src/dds_whc_builtintopic.c.o[0m
[7.192s] [ 69%] [32mBuilding C object src/core/CMakeFiles/ddsc.dir/ddsc/src/dds_serdata_builtintopic.c.o[0m
[7.193s] [ 69%] [32mBuilding C object src/core/CMakeFiles/ddsc.dir/ddsc/src/dds_sertype_builtintopic.c.o[0m
[7.197s] [ 69%] [32mBuilding C object src/core/CMakeFiles/ddsc.dir/ddsc/src/dds_serdata_default.c.o[0m
[7.209s] [ 70%] [32mBuilding C object src/core/CMakeFiles/ddsc.dir/ddsc/src/dds_data_allocator.c.o[0m
[7.209s] [ 70%] [32mBuilding C object src/core/CMakeFiles/ddsc.dir/ddsc/src/dds_sertype_default.c.o[0m
[7.213s] [ 70%] [32mBuilding C object src/core/CMakeFiles/ddsc.dir/ddsc/src/dds_loan.c.o[0m
[7.232s] [ 71%] [32mBuilding C object src/core/CMakeFiles/ddsc.dir/ddsc/src/dds_dynamic_type.c.o[0m
[7.270s] [ 71%] [32mBuilding C object src/core/CMakeFiles/ddsc.dir/ddsc/src/dds_shm_monitor.c.o[0m
[7.339s] [ 71%] [32mBuilding C object src/core/CMakeFiles/ddsc.dir/ddsc/src/dds_shm_qos.c.o[0m
[7.342s] [ 72%] [32mBuilding C object src/core/CMakeFiles/ddsc.dir/__/security/core/src/dds_security_serialize.c.o[0m
[7.349s] [ 72%] [32mBuilding C object src/core/CMakeFiles/ddsc.dir/__/security/core/src/dds_security_utils.c.o[0m
[7.357s] [ 73%] [32mBuilding C object src/core/CMakeFiles/ddsc.dir/__/security/core/src/dds_security_plugins.c.o[0m
[7.367s] [ 73%] [32mBuilding C object src/core/CMakeFiles/ddsc.dir/__/security/core/src/dds_security_shared_secret.c.o[0m
[7.414s] [ 73%] [32mBuilding C object src/core/CMakeFiles/ddsc.dir/__/security/core/src/dds_security_fsm.c.o[0m
[7.435s] [ 74%] [32mBuilding C object src/core/CMakeFiles/ddsc.dir/__/security/core/src/dds_security_timed_cb.c.o[0m
[7.442s] [ 74%] [32mBuilding C object src/core/CMakeFiles/ddsc.dir/__/ddsrt/src/atomics.c.o[0m
[7.452s] [ 74%] [32mBuilding C object src/core/CMakeFiles/ddsc.dir/__/ddsrt/src/avl.c.o[0m
[7.459s] [ 75%] [32mBuilding C object src/core/CMakeFiles/ddsc.dir/__/ddsrt/src/bits.c.o[0m
[7.477s] [ 75%] [32mBuilding C object src/core/CMakeFiles/ddsc.dir/__/ddsrt/src/bswap.c.o[0m
[7.492s] [ 75%] [32mBuilding C object src/core/CMakeFiles/ddsc.dir/__/ddsrt/src/io.c.o[0m
[7.532s] [ 76%] [32mBuilding C object src/core/CMakeFiles/ddsc.dir/__/ddsrt/src/log.c.o[0m
[7.539s] [ 76%] [32mBuilding C object src/core/CMakeFiles/ddsc.dir/__/ddsrt/src/retcode.c.o[0m
[7.559s] [ 76%] [32mBuilding C object src/core/CMakeFiles/ddsc.dir/__/ddsrt/src/strtod.c.o[0m
[7.560s] [ 77%] [32mBuilding C object src/core/CMakeFiles/ddsc.dir/__/ddsrt/src/strtol.c.o[0m
[7.562s] [ 77%] [32mBuilding C object src/core/CMakeFiles/ddsc.dir/__/ddsrt/src/mh3.c.o[0m
[7.575s] [ 78%] [32mBuilding C object src/core/CMakeFiles/ddsc.dir/__/ddsrt/src/environ.c.o[0m
[7.576s] [ 78%] [32mBuilding C object src/core/CMakeFiles/ddsc.dir/__/ddsrt/src/expand_vars.c.o[0m
[7.580s] [ 78%] [32mBuilding C object src/core/CMakeFiles/ddsc.dir/__/ddsrt/src/fibheap.c.o[0m
[7.583s] [ 79%] [32mBuilding C object src/core/CMakeFiles/ddsc.dir/__/ddsrt/src/hopscotch.c.o[0m
[7.596s] [ 79%] [32mBuilding C object src/core/CMakeFiles/ddsc.dir/__/ddsrt/src/circlist.c.o[0m
[7.625s] [ 79%] [32mBuilding C object src/core/CMakeFiles/ddsc.dir/__/ddsrt/src/threads.c.o[0m
[7.652s] [ 80%] [32mBuilding C object src/core/CMakeFiles/ddsc.dir/__/ddsrt/src/string.c.o[0m
[7.659s] [ 80%] [32mBuilding C object src/core/CMakeFiles/ddsc.dir/__/ddsrt/src/md5.c.o[0m
[7.660s] [ 80%] [32mBuilding C object src/core/CMakeFiles/ddsc.dir/__/ddsrt/src/sockets.c.o[0m
[7.668s] [ 81%] [32mBuilding C object src/core/CMakeFiles/ddsc.dir/__/ddsrt/src/xmlparser.c.o[0m
[7.673s] [ 82%] [32mBuilding C object src/core/CMakeFiles/ddsc.dir/__/ddsrt/src/ifaddrs.c.o[0m
[7.673s] [ 82%] [32mBuilding C object src/core/CMakeFiles/ddsc.dir/__/ddsrt/src/cdtors.c.o[0m
[7.678s] [ 82%] [32mBuilding C object src/core/CMakeFiles/ddsc.dir/__/ddsrt/src/random.c.o[0m
[7.713s] [ 82%] [32mBuilding C object src/core/CMakeFiles/ddsc.dir/__/ddsrt/src/time.c.o[0m
[7.721s] [ 83%] [32mBuilding C object src/core/CMakeFiles/ddsc.dir/__/ddsrt/src/sockets/posix/socket.c.o[0m
[7.745s] [ 83%] [32mBuilding C object src/core/CMakeFiles/ddsc.dir/__/ddsrt/src/sockets/posix/gethostname.c.o[0m
[7.758s] [ 83%] [32mBuilding C object src/core/CMakeFiles/ddsc.dir/__/ddsrt/src/ifaddrs/posix/ifaddrs.c.o[0m
[7.783s] [ 84%] [32mBuilding C object src/core/CMakeFiles/ddsc.dir/__/ddsrt/src/heap/posix/heap.c.o[0m
[7.789s] [ 84%] [32mBuilding C object src/core/CMakeFiles/ddsc.dir/__/ddsrt/src/environ/posix/environ.c.o[0m
[7.790s] [ 84%] [32mBuilding C object src/core/CMakeFiles/ddsc.dir/__/ddsrt/src/dynlib/posix/dynlib.c.o[0m
[7.794s] [ 85%] [32mBuilding C object src/core/CMakeFiles/ddsc.dir/__/ddsrt/src/filesystem/posix/filesystem.c.o[0m
[7.808s] [ 85%] [32mBuilding C object src/core/CMakeFiles/ddsc.dir/__/ddsrt/src/process/posix/process.c.o[0m
[7.811s] [ 85%] [32mBuilding C object src/core/CMakeFiles/ddsc.dir/__/ddsrt/src/random/posix/random.c.o[0m
[7.820s] [ 86%] [32mBuilding C object src/core/CMakeFiles/ddsc.dir/__/ddsrt/src/sync/posix/sync.c.o[0m
[7.825s] [ 86%] [32mBuilding C object src/core/CMakeFiles/ddsc.dir/__/ddsrt/src/threads/posix/threads.c.o[0m
[7.838s] [ 87%] [32mBuilding C object src/core/CMakeFiles/ddsc.dir/__/ddsrt/src/netstat/linux/netstat.c.o[0m
[7.867s] [ 87%] [32mBuilding C object src/core/CMakeFiles/ddsc.dir/__/ddsrt/src/time/posix/time.c.o[0m
[7.871s] [ 87%] [32mBuilding C object src/core/CMakeFiles/ddsc.dir/__/ddsrt/src/rusage/posix/rusage.c.o[0m
[8.009s] [ 88%] [32m[1mLinking C shared library ../../lib/libddsc.so[0m
[8.260s] [ 88%] Built target ddsc
[8.289s] [ 88%] [32mBuilding C object src/security/builtin_plugins/access_control/CMakeFiles/dds_security_ac.dir/src/access_control_parser.c.o[0m
[8.290s] [ 89%] [32mBuilding C object src/tools/idlc/CMakeFiles/idlc.dir/src/idlc.c.o[0m
[8.290s] [ 89%] [32mBuilding C object src/tools/idlc/CMakeFiles/idlc.dir/src/plugin.c.o[0m
[8.291s] [ 90%] [32mBuilding C object src/tools/idlc/CMakeFiles/idlc.dir/src/options.c.o[0m
[8.291s] [ 90%] [32mBuilding C object src/tools/idlc/CMakeFiles/idlc.dir/src/descriptor.c.o[0m
[8.296s] [ 90%] [32mBuilding C object src/security/builtin_plugins/access_control/CMakeFiles/dds_security_ac.dir/__/__/openssl/src/openssl_support.c.o[0m
[8.296s] [ 91%] [32mBuilding C object src/security/builtin_plugins/access_control/CMakeFiles/dds_security_ac.dir/src/access_control_utils.c.o[0m
[8.297s] [ 91%] [32mBuilding C object src/security/builtin_plugins/access_control/CMakeFiles/dds_security_ac.dir/src/access_control.c.o[0m
[8.297s] [ 92%] [32mBuilding C object src/security/builtin_plugins/authentication/CMakeFiles/dds_security_auth.dir/__/__/openssl/src/openssl_support.c.o[0m
[8.297s] [ 92%] [32mBuilding C object src/security/builtin_plugins/cryptographic/CMakeFiles/dds_security_crypto.dir/src/crypto_cipher.c.o[0m
[8.298s] [ 92%] [32mBuilding C object src/tools/idlc/CMakeFiles/idlc.dir/src/generator.c.o[0m
[8.299s] [ 92%] [32mBuilding C object src/security/builtin_plugins/authentication/CMakeFiles/dds_security_auth.dir/src/auth_utils.c.o[0m
[8.300s] [ 92%] [32mBuilding C object src/security/builtin_plugins/authentication/CMakeFiles/dds_security_auth.dir/src/authentication.c.o[0m
[8.302s] [ 92%] [32mBuilding C object src/security/builtin_plugins/access_control/CMakeFiles/dds_security_ac.dir/src/access_control_objects.c.o[0m
[8.303s] [ 92%] [32mBuilding C object src/tools/idlc/CMakeFiles/idlc.dir/src/types.c.o[0m
[8.306s] [ 92%] [32mBuilding C object src/core/xtests/symbol_export/CMakeFiles/symbol_export_test.dir/symbol_export.c.o[0m
[8.408s] [ 93%] [32mBuilding C object src/tools/idlc/CMakeFiles/idlc.dir/src/descriptor_type_meta.c.o[0m
[8.477s] [ 94%] [32mBuilding C object src/security/builtin_plugins/cryptographic/CMakeFiles/dds_security_crypto.dir/src/crypto_key_exchange.c.o[0m
[8.488s] [ 94%] [32mBuilding C object src/security/builtin_plugins/cryptographic/CMakeFiles/dds_security_crypto.dir/src/crypto_key_factory.c.o[0m
[8.496s] [ 95%] [32mBuilding C object src/security/builtin_plugins/cryptographic/CMakeFiles/dds_security_crypto.dir/src/crypto_objects.c.o[0m
[8.522s] [ 95%] [32mBuilding C object src/security/builtin_plugins/cryptographic/CMakeFiles/dds_security_crypto.dir/src/crypto_transform.c.o[0m
[8.538s] [ 95%] [32mBuilding C object src/security/builtin_plugins/cryptographic/CMakeFiles/dds_security_crypto.dir/src/crypto_utils.c.o[0m
[8.552s] [ 96%] [32mBuilding C object src/security/builtin_plugins/cryptographic/CMakeFiles/dds_security_crypto.dir/src/cryptography.c.o[0m
[8.585s] [ 96%] [32mBuilding C object src/security/builtin_plugins/cryptographic/CMakeFiles/dds_security_crypto.dir/__/__/openssl/src/openssl_support.c.o[0m
[8.808s] [ 97%] [32m[1mLinking C executable ../../../../bin/symbol_export_test[0m
[8.918s] [ 98%] [32m[1mLinking C shared library ../../../../lib/libdds_security_ac.so[0m
[8.927s] [ 98%] Built target symbol_export_test
[8.962s] [ 98%] [32m[1mLinking C shared library ../../../../lib/libdds_security_crypto.so[0m
[8.972s] [ 98%] [32m[1mLinking C shared library ../../../../lib/libdds_security_auth.so[0m
[9.010s] [ 98%] Built target dds_security_ac
[9.052s] [ 98%] Built target dds_security_crypto
[9.057s] [ 98%] Built target dds_security_auth
[9.096s] [ 98%] [32m[1mLinking C executable ../../../bin/idlc[0m
[9.227s] [ 98%] Built target idlc
[9.276s] [ 98%] [34m[1mGenerating ddsperf_types.c, ddsperf_types.h[0m
[9.283s] ../../../bin/idlc: symbol lookup error: ../../../bin/idlc: undefined symbol: idl_malloc
[9.283s] gmake[2]: *** [src/tools/ddsperf/CMakeFiles/ddsperf_types_generate.dir/build.make:75: src/tools/ddsperf/ddsperf_types.c] Error 127
[9.283s] gmake[1]: *** [CMakeFiles/Makefile2:505: src/tools/ddsperf/CMakeFiles/ddsperf_types_generate.dir/all] Error 2
[9.284s] gmake: *** [Makefile:156: all] Error 2
[9.286s] Invoked command in '/home/amruth/Documents/git/ros_ws/build/cyclonedds' returned '2': CMAKE_PREFIX_PATH=${CMAKE_PREFIX_PATH}:/home/amruth/Documents/git/microros_ws/install/sensor_msgs_py:/home/amruth/Documents/git/ros_ws/install/my_py_pkg:/home/amruth/Documents/git/ros_ws/install/delbot_controller:/opt/ros/humble /usr/bin/cmake --build /home/amruth/Documents/git/ros_ws/build/cyclonedds -- -j16 -l16
