[0.386s] Invoking command in '/home/amruth/Documents/git/ros_ws/WS/build/turtlesim': CMAKE_PREFIX_PATH=${CMAKE_PREFIX_PATH}:/home/amruth/Documents/git/ros_ws/WS/install/my_py_pkg:/home/amruth/Documents/git/microros_ws/install/sensor_msgs_py:/opt/ros/humble /usr/bin/cmake /home/amruth/Documents/git/ros_ws/WS/src/ros_tutorials/turtlesim -DCMAKE_INSTALL_PREFIX=/home/amruth/Documents/git/ros_ws/WS/install/turtlesim
[0.467s] -- The C compiler identification is GNU 11.3.0
[0.536s] -- The CXX compiler identification is GNU 11.3.0
[0.544s] -- Detecting C compiler ABI info
[0.614s] -- Detecting C compiler ABI info - done
[0.620s] -- Check for working C compiler: /usr/bin/cc - skipped
[0.620s] -- Detecting C compile features
[0.621s] -- Detecting C compile features - done
[0.623s] -- Detecting CXX compiler ABI info
[0.702s] -- Detecting CXX compiler ABI info - done
[0.709s] -- Check for working CXX compiler: /usr/bin/c++ - skipped
[0.709s] -- Detecting CXX compile features
[0.710s] -- Detecting CXX compile features - done
[0.716s] -- Found ament_cmake: 1.3.4 (/opt/ros/humble/share/ament_cmake/cmake)
[1.003s] -- Found Python3: /usr/bin/python3.10 (found version "3.10.6") found components: Interpreter 
[1.154s] -- Found ament_index_cpp: 1.4.0 (/opt/ros/humble/share/ament_index_cpp/cmake)
[1.156s] -- Found geometry_msgs: 4.2.3 (/home/amruth/Documents/git/microros_ws/install/geometry_msgs/share/geometry_msgs/cmake)
[1.217s] -- Found rosidl_generator_c: 3.1.4 (/opt/ros/humble/share/rosidl_generator_c/cmake)
[1.227s] -- Found rosidl_adapter: 3.1.4 (/opt/ros/humble/share/rosidl_adapter/cmake)
[1.240s] -- Found rosidl_generator_cpp: 3.1.4 (/opt/ros/humble/share/rosidl_generator_cpp/cmake)
[1.258s] -- Using all available rosidl_typesupport_c: rosidl_typesupport_microxrcedds_c;rosidl_typesupport_fastrtps_c;rosidl_typesupport_introspection_c
[1.293s] -- Using all available rosidl_typesupport_cpp: rosidl_typesupport_microxrcedds_cpp;rosidl_typesupport_fastrtps_cpp;rosidl_typesupport_introspection_cpp
[1.438s] -- Found rclcpp: 16.0.4 (/opt/ros/humble/share/rclcpp/cmake)
[1.516s] -- Found rmw_implementation_cmake: 6.1.1 (/opt/ros/humble/share/rmw_implementation_cmake/cmake)
[1.522s] -- Found rmw_cyclonedds_cpp: 1.3.4 (/opt/ros/humble/share/rmw_cyclonedds_cpp/cmake)
[1.573s] -- Using RMW implementation 'rmw_cyclonedds_cpp' as default
[1.592s] -- Looking for pthread.h
[1.661s] -- Looking for pthread.h - found
[1.661s] -- Performing Test CMAKE_HAVE_LIBC_PTHREAD
[1.743s] -- Performing Test CMAKE_HAVE_LIBC_PTHREAD - Success
[1.744s] -- Found Threads: TRUE  
[1.889s] -- Found rclcpp_action: 16.0.4 (/opt/ros/humble/share/rclcpp_action/cmake)
[1.985s] -- Found rosidl_default_generators: 1.2.0 (/opt/ros/humble/share/rosidl_default_generators/cmake)
[2.001s] -- Found std_srvs: 4.2.3 (/home/amruth/Documents/git/microros_ws/install/std_srvs/share/std_srvs/cmake)
[2.358s] -- Found ament_cmake_ros: 0.10.0 (/opt/ros/humble/share/ament_cmake_ros/cmake)
[2.819s] -- Using all available rosidl_typesupport_c: rosidl_typesupport_microxrcedds_c;rosidl_typesupport_fastrtps_c;rosidl_typesupport_introspection_c
[3.106s] -- Using all available rosidl_typesupport_cpp: rosidl_typesupport_microxrcedds_cpp;rosidl_typesupport_fastrtps_cpp;rosidl_typesupport_introspection_cpp
[3.142s] -- Found PythonInterp: /home/amruth/miniconda3/bin/python3 (found suitable version "3.11.5", minimum required is "3.6") 
[3.146s] -- Found python_cmake_module: 0.10.0 (/opt/ros/humble/share/python_cmake_module/cmake)
[3.170s] -- Found PythonLibs: /home/amruth/miniconda3/lib/libpython3.11.so (found suitable version "3.11.5", minimum required is "3.5") 
[3.170s] -- Using PYTHON_EXECUTABLE: /home/amruth/miniconda3/bin/python3
[3.170s] -- Using PYTHON_INCLUDE_DIRS: /home/amruth/miniconda3/include/python3.11
[3.170s] -- Using PYTHON_LIBRARIES: /home/amruth/miniconda3/lib/libpython3.11.so
[3.189s] -- Found PythonExtra: .so  
[3.260s] Traceback (most recent call last):
[3.260s]   File "<string>", line 1, in <module>
[3.260s] ModuleNotFoundError: No module named 'numpy'
[3.264s] [31mCMake Error at /opt/ros/humble/share/rosidl_generator_py/cmake/rosidl_generator_py_generate_interfaces.cmake:204 (message):
[3.264s]   execute_process(/home/amruth/miniconda3/bin/python3 -c 'import
[3.264s]   numpy;print(numpy.get_include())') returned error code 1
[3.264s] Call Stack (most recent call first):
[3.265s]   /opt/ros/humble/share/ament_cmake_core/cmake/core/ament_execute_extensions.cmake:48 (include)
[3.265s]   /opt/ros/humble/share/rosidl_cmake/cmake/rosidl_generate_interfaces.cmake:286 (ament_execute_extensions)
[3.265s]   CMakeLists.txt:24 (rosidl_generate_interfaces)
[3.265s] 
[3.265s] [0m
[3.265s] -- Configuring incomplete, errors occurred!
[3.265s] See also "/home/amruth/Documents/git/ros_ws/WS/build/turtlesim/CMakeFiles/CMakeOutput.log".
[3.276s] Invoked command in '/home/amruth/Documents/git/ros_ws/WS/build/turtlesim' returned '1': CMAKE_PREFIX_PATH=${CMAKE_PREFIX_PATH}:/home/amruth/Documents/git/ros_ws/WS/install/my_py_pkg:/home/amruth/Documents/git/microros_ws/install/sensor_msgs_py:/opt/ros/humble /usr/bin/cmake /home/amruth/Documents/git/ros_ws/WS/src/ros_tutorials/turtlesim -DCMAKE_INSTALL_PREFIX=/home/amruth/Documents/git/ros_ws/WS/install/turtlesim
