[0.014s] Invoking command in '/home/ros_ws/build/my_robot_interfaces': CMAKE_PREFIX_PATH=${CMAKE_PREFIX_PATH}:/opt/ros/foxy /usr/bin/cmake /home/ros_ws/src/my_robot_interfaces -DCMAKE_INSTALL_PREFIX=/home/ros_ws/install/my_robot_interfaces
[0.110s] -- The C compiler identification is GNU 9.4.0
[0.172s] -- The CXX compiler identification is GNU 9.4.0
[0.176s] -- Check for working C compiler: /usr/bin/cc
[0.260s] -- Check for working C compiler: /usr/bin/cc -- works
[0.261s] -- Detecting C compiler ABI info
[0.356s] -- Detecting C compiler ABI info - done
[0.381s] -- Detecting C compile features
[0.381s] -- Detecting C compile features - done
[0.386s] -- Check for working CXX compiler: /usr/bin/c++
[0.475s] -- Check for working CXX compiler: /usr/bin/c++ -- works
[0.475s] -- Detecting CXX compiler ABI info
[0.544s] -- Detecting CXX compiler ABI info - done
[0.554s] -- Detecting CXX compile features
[0.554s] -- Detecting CXX compile features - done
[0.558s] -- Found ament_cmake: 0.9.11 (/opt/ros/foxy/share/ament_cmake/cmake)
[0.578s] -- Found PythonInterp: /usr/bin/python3 (found suitable version "3.8.10", minimum required is "3") 
[0.578s] -- Using PYTHON_EXECUTABLE: /usr/bin/python3
[0.804s] -- Found rosidl_default_generators: 1.0.1 (/opt/ros/foxy/share/rosidl_default_generators/cmake)
[0.813s] -- Using all available rosidl_typesupport_c: rosidl_typesupport_fastrtps_c;rosidl_typesupport_introspection_c
[0.833s] -- Found rosidl_adapter: 1.3.0 (/opt/ros/foxy/share/rosidl_adapter/cmake)
[0.982s] -- Found OpenSSL: /usr/lib/x86_64-linux-gnu/libcrypto.so (found version "1.1.1f")  
[1.063s] -- Found FastRTPS: /opt/ros/foxy/include  
[1.158s] -- Using all available rosidl_typesupport_cpp: rosidl_typesupport_fastrtps_cpp;rosidl_typesupport_introspection_cpp
[1.219s] -- Found PythonInterp: /usr/bin/python3 (found version "3.8.10") 
[1.387s] -- Found ament_cmake_ros: 0.9.2 (/opt/ros/foxy/share/ament_cmake_ros/cmake)
[1.542s] -- Using all available rosidl_typesupport_c: rosidl_typesupport_fastrtps_c;rosidl_typesupport_introspection_c
[1.549s] -- Using all available rosidl_typesupport_cpp: rosidl_typesupport_fastrtps_cpp;rosidl_typesupport_introspection_cpp
[1.589s] -- Found PythonInterp: /usr/bin/python3 (found suitable version "3.8.10", minimum required is "3.5") 
[1.591s] -- Found python_cmake_module: 0.8.1 (/opt/ros/foxy/share/python_cmake_module/cmake)
[1.613s] -- Found PythonLibs: /usr/lib/x86_64-linux-gnu/libpython3.8.so (found suitable version "3.8.10", minimum required is "3.5") 
[1.613s] -- Using PYTHON_EXECUTABLE: /usr/bin/python3
[1.614s] -- Using PYTHON_INCLUDE_DIRS: /usr/include/python3.8
[1.614s] -- Using PYTHON_LIBRARIES: /usr/lib/x86_64-linux-gnu/libpython3.8.so
[1.631s] -- Found PythonExtra: .so  
[1.695s] -- Configuring done
[1.742s] -- Generating done
[1.745s] -- Build files have been written to: /home/ros_ws/build/my_robot_interfaces
[1.753s] Invoked command in '/home/ros_ws/build/my_robot_interfaces' returned '0': CMAKE_PREFIX_PATH=${CMAKE_PREFIX_PATH}:/opt/ros/foxy /usr/bin/cmake /home/ros_ws/src/my_robot_interfaces -DCMAKE_INSTALL_PREFIX=/home/ros_ws/install/my_robot_interfaces
[1.756s] Invoking command in '/home/ros_ws/build/my_robot_interfaces': CMAKE_PREFIX_PATH=${CMAKE_PREFIX_PATH}:/opt/ros/foxy /usr/bin/cmake --build /home/ros_ws/build/my_robot_interfaces -- -j16 -l16
[1.792s] [35m[1mScanning dependencies of target my_robot_interfaces__cpp[0m
[1.793s] [  3%] [34m[1mGenerating C code for ROS interfaces[0m
[1.802s] [  6%] [34m[1mGenerating C++ code for ROS interfaces[0m
[1.985s] [35m[1mScanning dependencies of target my_robot_interfaces__rosidl_generator_c[0m
[1.993s] [  6%] Built target my_robot_interfaces__cpp
[1.996s] [  9%] [32mBuilding C object CMakeFiles/my_robot_interfaces__rosidl_generator_c.dir/rosidl_generator_c/my_robot_interfaces/msg/detail/hardware_status__functions.c.o[0m
[2.003s] [ 12%] [34m[1mGenerating C++ type support for eProsima Fast-RTPS[0m
[2.007s] [ 16%] [34m[1mGenerating C++ type support dispatch for ROS interfaces[0m
[2.007s] [ 19%] [34m[1mGenerating C++ introspection for ROS interfaces[0m
[2.042s] [ 22%] [32m[1mLinking C shared library libmy_robot_interfaces__rosidl_generator_c.so[0m
[2.073s] [ 22%] Built target my_robot_interfaces__rosidl_generator_c
[2.083s] [ 29%] [34m[1mGenerating C type support dispatch for ROS interfaces[0m
[2.083s] [ 29%] [34m[1mGenerating C introspection for ROS interfaces[0m
[2.186s] [35m[1mScanning dependencies of target my_robot_interfaces__rosidl_typesupport_cpp[0m
[2.192s] [35m[1mScanning dependencies of target my_robot_interfaces__rosidl_typesupport_introspection_cpp[0m
[2.198s] [ 32%] [32mBuilding CXX object CMakeFiles/my_robot_interfaces__rosidl_typesupport_cpp.dir/rosidl_typesupport_cpp/my_robot_interfaces/msg/hardware_status__type_support.cpp.o[0m
[2.198s] [35m[1mScanning dependencies of target my_robot_interfaces__rosidl_typesupport_fastrtps_cpp[0m
[2.203s] [ 35%] [32mBuilding CXX object CMakeFiles/my_robot_interfaces__rosidl_typesupport_introspection_cpp.dir/rosidl_typesupport_introspection_cpp/my_robot_interfaces/msg/detail/hardware_status__type_support.cpp.o[0m
[2.213s] [ 38%] [32mBuilding CXX object CMakeFiles/my_robot_interfaces__rosidl_typesupport_fastrtps_cpp.dir/rosidl_typesupport_fastrtps_cpp/my_robot_interfaces/msg/detail/dds_fastrtps/hardware_status__type_support.cpp.o[0m
[2.251s] [35m[1mScanning dependencies of target my_robot_interfaces__rosidl_typesupport_c[0m
[2.265s] [ 41%] [32mBuilding CXX object CMakeFiles/my_robot_interfaces__rosidl_typesupport_c.dir/rosidl_typesupport_c/my_robot_interfaces/msg/hardware_status__type_support.cpp.o[0m
[2.269s] [35m[1mScanning dependencies of target my_robot_interfaces__rosidl_typesupport_introspection_c[0m
[2.280s] [ 45%] [32mBuilding C object CMakeFiles/my_robot_interfaces__rosidl_typesupport_introspection_c.dir/rosidl_typesupport_introspection_c/my_robot_interfaces/msg/detail/hardware_status__type_support.c.o[0m
[2.293s] [ 48%] [32m[1mLinking CXX shared library libmy_robot_interfaces__rosidl_typesupport_c.so[0m
[2.309s] [ 51%] [32m[1mLinking C shared library libmy_robot_interfaces__rosidl_typesupport_introspection_c.so[0m
[2.331s] [ 51%] Built target my_robot_interfaces__rosidl_typesupport_c
[2.338s] [ 51%] Built target my_robot_interfaces__rosidl_typesupport_introspection_c
[2.440s] [ 54%] [32m[1mLinking CXX shared library libmy_robot_interfaces__rosidl_typesupport_cpp.so[0m
[2.462s] [ 58%] [32m[1mLinking CXX shared library libmy_robot_interfaces__rosidl_typesupport_introspection_cpp.so[0m
[2.477s] [ 58%] Built target my_robot_interfaces__rosidl_typesupport_cpp
[2.527s] [ 58%] Built target my_robot_interfaces__rosidl_typesupport_introspection_cpp
[2.578s] [ 61%] [32m[1mLinking CXX shared library libmy_robot_interfaces__rosidl_typesupport_fastrtps_cpp.so[0m
[2.666s] [ 61%] Built target my_robot_interfaces__rosidl_typesupport_fastrtps_cpp
[2.678s] [ 64%] [34m[1mGenerating C type support for eProsima Fast-RTPS[0m
[2.862s] [35m[1mScanning dependencies of target my_robot_interfaces__rosidl_typesupport_fastrtps_c[0m
[2.882s] [ 67%] [32mBuilding CXX object CMakeFiles/my_robot_interfaces__rosidl_typesupport_fastrtps_c.dir/rosidl_typesupport_fastrtps_c/my_robot_interfaces/msg/detail/hardware_status__type_support_c.cpp.o[0m
[3.165s] [ 70%] [32m[1mLinking CXX shared library libmy_robot_interfaces__rosidl_typesupport_fastrtps_c.so[0m
[3.283s] [ 70%] Built target my_robot_interfaces__rosidl_typesupport_fastrtps_c
[3.298s] [35m[1mScanning dependencies of target my_robot_interfaces[0m
[3.308s] [ 70%] Built target my_robot_interfaces
[3.318s] [35m[1mScanning dependencies of target my_robot_interfaces__py[0m
[3.329s] [ 74%] [34m[1mGenerating Python code for ROS interfaces[0m
[3.642s] [ 74%] Built target my_robot_interfaces__py
[3.661s] [35m[1mScanning dependencies of target my_robot_interfaces__python[0m
[3.699s] [ 77%] [32mBuilding C object CMakeFiles/my_robot_interfaces__python.dir/rosidl_generator_py/my_robot_interfaces/msg/_hardware_status_s.c.o[0m
[3.789s] [ 80%] [32m[1mLinking C shared library rosidl_generator_py/my_robot_interfaces/libmy_robot_interfaces__python.so[0m
[3.826s] [ 80%] Built target my_robot_interfaces__python
[3.837s] [35m[1mScanning dependencies of target my_robot_interfaces__rosidl_typesupport_c__pyext[0m
[3.842s] [35m[1mScanning dependencies of target my_robot_interfaces__rosidl_typesupport_fastrtps_c__pyext[0m
[3.849s] [35m[1mScanning dependencies of target my_robot_interfaces__rosidl_typesupport_introspection_c__pyext[0m
[3.854s] [ 83%] [32mBuilding C object CMakeFiles/my_robot_interfaces__rosidl_typesupport_c__pyext.dir/rosidl_generator_py/my_robot_interfaces/_my_robot_interfaces_s.ep.rosidl_typesupport_c.c.o[0m
[3.867s] [ 87%] [32mBuilding C object CMakeFiles/my_robot_interfaces__rosidl_typesupport_fastrtps_c__pyext.dir/rosidl_generator_py/my_robot_interfaces/_my_robot_interfaces_s.ep.rosidl_typesupport_fastrtps_c.c.o[0m
[3.878s] [ 90%] [32mBuilding C object CMakeFiles/my_robot_interfaces__rosidl_typesupport_introspection_c__pyext.dir/rosidl_generator_py/my_robot_interfaces/_my_robot_interfaces_s.ep.rosidl_typesupport_introspection_c.c.o[0m
[3.931s] [ 93%] [32m[1mLinking C shared library rosidl_generator_py/my_robot_interfaces/my_robot_interfaces_s__rosidl_typesupport_c.cpython-38-x86_64-linux-gnu.so[0m
[3.945s] [ 96%] [32m[1mLinking CXX shared library rosidl_generator_py/my_robot_interfaces/my_robot_interfaces_s__rosidl_typesupport_fastrtps_c.cpython-38-x86_64-linux-gnu.so[0m
[3.948s] [100%] [32m[1mLinking C shared library rosidl_generator_py/my_robot_interfaces/my_robot_interfaces_s__rosidl_typesupport_introspection_c.cpython-38-x86_64-linux-gnu.so[0m
[3.961s] [100%] Built target my_robot_interfaces__rosidl_typesupport_c__pyext
[3.978s] [100%] Built target my_robot_interfaces__rosidl_typesupport_introspection_c__pyext
[3.998s] [100%] Built target my_robot_interfaces__rosidl_typesupport_fastrtps_c__pyext
[4.009s] Invoked command in '/home/ros_ws/build/my_robot_interfaces' returned '0': CMAKE_PREFIX_PATH=${CMAKE_PREFIX_PATH}:/opt/ros/foxy /usr/bin/cmake --build /home/ros_ws/build/my_robot_interfaces -- -j16 -l16
[4.062s] Invoking command in '/home/ros_ws/build/my_robot_interfaces': CMAKE_PREFIX_PATH=${CMAKE_PREFIX_PATH}:/opt/ros/foxy /usr/bin/cmake --install /home/ros_ws/build/my_robot_interfaces
[4.069s] -- Install configuration: ""
[4.069s] -- Installing: /home/ros_ws/install/my_robot_interfaces/share/ament_index/resource_index/rosidl_interfaces/my_robot_interfaces
[4.069s] -- Installing: /home/ros_ws/install/my_robot_interfaces/include/my_robot_interfaces
[4.070s] -- Installing: /home/ros_ws/install/my_robot_interfaces/include/my_robot_interfaces/msg
[4.070s] -- Installing: /home/ros_ws/install/my_robot_interfaces/include/my_robot_interfaces/msg/detail
[4.070s] -- Installing: /home/ros_ws/install/my_robot_interfaces/include/my_robot_interfaces/msg/detail/hardware_status__type_support.h
[4.070s] -- Installing: /home/ros_ws/install/my_robot_interfaces/include/my_robot_interfaces/msg/detail/hardware_status__functions.h
[4.070s] -- Installing: /home/ros_ws/install/my_robot_interfaces/include/my_robot_interfaces/msg/detail/hardware_status__functions.c
[4.070s] -- Installing: /home/ros_ws/install/my_robot_interfaces/include/my_robot_interfaces/msg/detail/hardware_status__struct.h
[4.070s] -- Installing: /home/ros_ws/install/my_robot_interfaces/include/my_robot_interfaces/msg/hardware_status.h
[4.070s] -- Installing: /home/ros_ws/install/my_robot_interfaces/include/my_robot_interfaces/msg/rosidl_generator_c__visibility_control.h
[4.070s] -- Installing: /home/ros_ws/install/my_robot_interfaces/share/my_robot_interfaces/environment/library_path.sh
[4.071s] -- Installing: /home/ros_ws/install/my_robot_interfaces/share/my_robot_interfaces/environment/library_path.dsv
[4.071s] -- Installing: /home/ros_ws/install/my_robot_interfaces/lib/libmy_robot_interfaces__rosidl_generator_c.so
[4.071s] -- Set runtime path of "/home/ros_ws/install/my_robot_interfaces/lib/libmy_robot_interfaces__rosidl_generator_c.so" to ""
[4.071s] -- Up-to-date: /home/ros_ws/install/my_robot_interfaces/include/my_robot_interfaces
[4.071s] -- Up-to-date: /home/ros_ws/install/my_robot_interfaces/include/my_robot_interfaces/msg
[4.071s] -- Up-to-date: /home/ros_ws/install/my_robot_interfaces/include/my_robot_interfaces/msg/detail
[4.071s] -- Installing: /home/ros_ws/install/my_robot_interfaces/include/my_robot_interfaces/msg/detail/hardware_status__rosidl_typesupport_fastrtps_c.h
[4.071s] -- Installing: /home/ros_ws/install/my_robot_interfaces/include/my_robot_interfaces/msg/rosidl_typesupport_fastrtps_c__visibility_control.h
[4.072s] -- Installing: /home/ros_ws/install/my_robot_interfaces/lib/libmy_robot_interfaces__rosidl_typesupport_fastrtps_c.so
[4.072s] -- Set runtime path of "/home/ros_ws/install/my_robot_interfaces/lib/libmy_robot_interfaces__rosidl_typesupport_fastrtps_c.so" to ""
[4.072s] -- Up-to-date: /home/ros_ws/install/my_robot_interfaces/include/my_robot_interfaces
[4.072s] -- Up-to-date: /home/ros_ws/install/my_robot_interfaces/include/my_robot_interfaces/msg
[4.072s] -- Up-to-date: /home/ros_ws/install/my_robot_interfaces/include/my_robot_interfaces/msg/detail
[4.072s] -- Installing: /home/ros_ws/install/my_robot_interfaces/include/my_robot_interfaces/msg/detail/hardware_status__rosidl_typesupport_fastrtps_cpp.hpp
[4.072s] -- Installing: /home/ros_ws/install/my_robot_interfaces/include/my_robot_interfaces/msg/detail/dds_fastrtps
[4.072s] -- Installing: /home/ros_ws/install/my_robot_interfaces/include/my_robot_interfaces/msg/rosidl_typesupport_fastrtps_cpp__visibility_control.h
[4.072s] -- Installing: /home/ros_ws/install/my_robot_interfaces/lib/libmy_robot_interfaces__rosidl_typesupport_fastrtps_cpp.so
[4.072s] -- Set runtime path of "/home/ros_ws/install/my_robot_interfaces/lib/libmy_robot_interfaces__rosidl_typesupport_fastrtps_cpp.so" to ""
[4.072s] -- Up-to-date: /home/ros_ws/install/my_robot_interfaces/include/my_robot_interfaces
[4.073s] -- Up-to-date: /home/ros_ws/install/my_robot_interfaces/include/my_robot_interfaces/msg
[4.073s] -- Up-to-date: /home/ros_ws/install/my_robot_interfaces/include/my_robot_interfaces/msg/detail
[4.073s] -- Installing: /home/ros_ws/install/my_robot_interfaces/include/my_robot_interfaces/msg/detail/hardware_status__rosidl_typesupport_introspection_c.h
[4.073s] -- Installing: /home/ros_ws/install/my_robot_interfaces/include/my_robot_interfaces/msg/detail/hardware_status__type_support.c
[4.073s] -- Installing: /home/ros_ws/install/my_robot_interfaces/include/my_robot_interfaces/msg/rosidl_typesupport_introspection_c__visibility_control.h
[4.073s] -- Installing: /home/ros_ws/install/my_robot_interfaces/lib/libmy_robot_interfaces__rosidl_typesupport_introspection_c.so
[4.073s] -- Set runtime path of "/home/ros_ws/install/my_robot_interfaces/lib/libmy_robot_interfaces__rosidl_typesupport_introspection_c.so" to ""
[4.073s] -- Installing: /home/ros_ws/install/my_robot_interfaces/lib/libmy_robot_interfaces__rosidl_typesupport_c.so
[4.073s] -- Set runtime path of "/home/ros_ws/install/my_robot_interfaces/lib/libmy_robot_interfaces__rosidl_typesupport_c.so" to ""
[4.073s] -- Up-to-date: /home/ros_ws/install/my_robot_interfaces/include/my_robot_interfaces
[4.073s] -- Up-to-date: /home/ros_ws/install/my_robot_interfaces/include/my_robot_interfaces/msg
[4.073s] -- Up-to-date: /home/ros_ws/install/my_robot_interfaces/include/my_robot_interfaces/msg/detail
[4.073s] -- Installing: /home/ros_ws/install/my_robot_interfaces/include/my_robot_interfaces/msg/detail/hardware_status__builder.hpp
[4.074s] -- Installing: /home/ros_ws/install/my_robot_interfaces/include/my_robot_interfaces/msg/detail/hardware_status__struct.hpp
[4.074s] -- Installing: /home/ros_ws/install/my_robot_interfaces/include/my_robot_interfaces/msg/detail/hardware_status__traits.hpp
[4.074s] -- Installing: /home/ros_ws/install/my_robot_interfaces/include/my_robot_interfaces/msg/hardware_status.hpp
[4.074s] -- Up-to-date: /home/ros_ws/install/my_robot_interfaces/include/my_robot_interfaces
[4.074s] -- Up-to-date: /home/ros_ws/install/my_robot_interfaces/include/my_robot_interfaces/msg
[4.074s] -- Up-to-date: /home/ros_ws/install/my_robot_interfaces/include/my_robot_interfaces/msg/detail
[4.074s] -- Installing: /home/ros_ws/install/my_robot_interfaces/include/my_robot_interfaces/msg/detail/hardware_status__rosidl_typesupport_introspection_cpp.hpp
[4.074s] -- Installing: /home/ros_ws/install/my_robot_interfaces/include/my_robot_interfaces/msg/detail/hardware_status__type_support.cpp
[4.074s] -- Installing: /home/ros_ws/install/my_robot_interfaces/lib/libmy_robot_interfaces__rosidl_typesupport_introspection_cpp.so
[4.074s] -- Set runtime path of "/home/ros_ws/install/my_robot_interfaces/lib/libmy_robot_interfaces__rosidl_typesupport_introspection_cpp.so" to ""
[4.075s] -- Installing: /home/ros_ws/install/my_robot_interfaces/lib/libmy_robot_interfaces__rosidl_typesupport_cpp.so
[4.075s] -- Set runtime path of "/home/ros_ws/install/my_robot_interfaces/lib/libmy_robot_interfaces__rosidl_typesupport_cpp.so" to ""
[4.075s] -- Installing: /home/ros_ws/install/my_robot_interfaces/share/my_robot_interfaces/environment/pythonpath.sh
[4.075s] -- Installing: /home/ros_ws/install/my_robot_interfaces/share/my_robot_interfaces/environment/pythonpath.dsv
[4.075s] -- Installing: /home/ros_ws/install/my_robot_interfaces/lib/python3.8/site-packages/my_robot_interfaces/__init__.py
[4.098s] Compiling '/home/ros_ws/install/my_robot_interfaces/lib/python3.8/site-packages/my_robot_interfaces/__init__.py'...
[4.102s] -- Installing: /home/ros_ws/install/my_robot_interfaces/lib/python3.8/site-packages/my_robot_interfaces/msg
[4.102s] -- Installing: /home/ros_ws/install/my_robot_interfaces/lib/python3.8/site-packages/my_robot_interfaces/msg/__init__.py
[4.102s] -- Installing: /home/ros_ws/install/my_robot_interfaces/lib/python3.8/site-packages/my_robot_interfaces/msg/_hardware_status.py
[4.102s] -- Installing: /home/ros_ws/install/my_robot_interfaces/lib/python3.8/site-packages/my_robot_interfaces/msg/_hardware_status_s.c
[4.103s] -- Installing: /home/ros_ws/install/my_robot_interfaces/lib/python3.8/site-packages/my_robot_interfaces/my_robot_interfaces_s__rosidl_typesupport_fastrtps_c.cpython-38-x86_64-linux-gnu.so
[4.103s] -- Set runtime path of "/home/ros_ws/install/my_robot_interfaces/lib/python3.8/site-packages/my_robot_interfaces/my_robot_interfaces_s__rosidl_typesupport_fastrtps_c.cpython-38-x86_64-linux-gnu.so" to ""
[4.104s] -- Installing: /home/ros_ws/install/my_robot_interfaces/lib/python3.8/site-packages/my_robot_interfaces/my_robot_interfaces_s__rosidl_typesupport_introspection_c.cpython-38-x86_64-linux-gnu.so
[4.104s] -- Set runtime path of "/home/ros_ws/install/my_robot_interfaces/lib/python3.8/site-packages/my_robot_interfaces/my_robot_interfaces_s__rosidl_typesupport_introspection_c.cpython-38-x86_64-linux-gnu.so" to ""
[4.104s] -- Installing: /home/ros_ws/install/my_robot_interfaces/lib/python3.8/site-packages/my_robot_interfaces/my_robot_interfaces_s__rosidl_typesupport_c.cpython-38-x86_64-linux-gnu.so
[4.105s] -- Set runtime path of "/home/ros_ws/install/my_robot_interfaces/lib/python3.8/site-packages/my_robot_interfaces/my_robot_interfaces_s__rosidl_typesupport_c.cpython-38-x86_64-linux-gnu.so" to ""
[4.105s] -- Installing: /home/ros_ws/install/my_robot_interfaces/lib/libmy_robot_interfaces__python.so
[4.105s] -- Set runtime path of "/home/ros_ws/install/my_robot_interfaces/lib/libmy_robot_interfaces__python.so" to ""
[4.105s] -- Installing: /home/ros_ws/install/my_robot_interfaces/share/my_robot_interfaces/msg/HardwareStatus.idl
[4.105s] -- Installing: /home/ros_ws/install/my_robot_interfaces/share/my_robot_interfaces/msg/HardwareStatus.msg
[4.106s] -- Installing: /home/ros_ws/install/my_robot_interfaces/share/ament_index/resource_index/package_run_dependencies/my_robot_interfaces
[4.106s] -- Installing: /home/ros_ws/install/my_robot_interfaces/share/ament_index/resource_index/parent_prefix_path/my_robot_interfaces
[4.106s] -- Installing: /home/ros_ws/install/my_robot_interfaces/share/my_robot_interfaces/environment/ament_prefix_path.sh
[4.106s] -- Installing: /home/ros_ws/install/my_robot_interfaces/share/my_robot_interfaces/environment/ament_prefix_path.dsv
[4.106s] -- Installing: /home/ros_ws/install/my_robot_interfaces/share/my_robot_interfaces/environment/path.sh
[4.106s] -- Installing: /home/ros_ws/install/my_robot_interfaces/share/my_robot_interfaces/environment/path.dsv
[4.107s] -- Installing: /home/ros_ws/install/my_robot_interfaces/share/my_robot_interfaces/local_setup.bash
[4.107s] -- Installing: /home/ros_ws/install/my_robot_interfaces/share/my_robot_interfaces/local_setup.sh
[4.107s] -- Installing: /home/ros_ws/install/my_robot_interfaces/share/my_robot_interfaces/local_setup.zsh
[4.107s] -- Installing: /home/ros_ws/install/my_robot_interfaces/share/my_robot_interfaces/local_setup.dsv
[4.107s] -- Installing: /home/ros_ws/install/my_robot_interfaces/share/my_robot_interfaces/package.dsv
[4.107s] -- Installing: /home/ros_ws/install/my_robot_interfaces/share/ament_index/resource_index/packages/my_robot_interfaces
[4.107s] -- Installing: /home/ros_ws/install/my_robot_interfaces/share/my_robot_interfaces/cmake/my_robot_interfaces__rosidl_generator_cExport.cmake
[4.107s] -- Installing: /home/ros_ws/install/my_robot_interfaces/share/my_robot_interfaces/cmake/my_robot_interfaces__rosidl_generator_cExport-noconfig.cmake
[4.108s] -- Installing: /home/ros_ws/install/my_robot_interfaces/share/my_robot_interfaces/cmake/my_robot_interfaces__rosidl_typesupport_introspection_cExport.cmake
[4.108s] -- Installing: /home/ros_ws/install/my_robot_interfaces/share/my_robot_interfaces/cmake/my_robot_interfaces__rosidl_typesupport_introspection_cExport-noconfig.cmake
[4.108s] -- Installing: /home/ros_ws/install/my_robot_interfaces/share/my_robot_interfaces/cmake/my_robot_interfaces__rosidl_typesupport_cExport.cmake
[4.108s] -- Installing: /home/ros_ws/install/my_robot_interfaces/share/my_robot_interfaces/cmake/my_robot_interfaces__rosidl_typesupport_cExport-noconfig.cmake
[4.108s] -- Installing: /home/ros_ws/install/my_robot_interfaces/share/my_robot_interfaces/cmake/my_robot_interfaces__rosidl_generator_cppExport.cmake
[4.108s] -- Installing: /home/ros_ws/install/my_robot_interfaces/share/my_robot_interfaces/cmake/my_robot_interfaces__rosidl_typesupport_introspection_cppExport.cmake
[4.108s] -- Installing: /home/ros_ws/install/my_robot_interfaces/share/my_robot_interfaces/cmake/my_robot_interfaces__rosidl_typesupport_introspection_cppExport-noconfig.cmake
[4.109s] -- Installing: /home/ros_ws/install/my_robot_interfaces/share/my_robot_interfaces/cmake/my_robot_interfaces__rosidl_typesupport_cppExport.cmake
[4.109s] -- Installing: /home/ros_ws/install/my_robot_interfaces/share/my_robot_interfaces/cmake/my_robot_interfaces__rosidl_typesupport_cppExport-noconfig.cmake
[4.109s] -- Installing: /home/ros_ws/install/my_robot_interfaces/share/my_robot_interfaces/cmake/rosidl_cmake-extras.cmake
[4.109s] -- Installing: /home/ros_ws/install/my_robot_interfaces/share/my_robot_interfaces/cmake/ament_cmake_export_dependencies-extras.cmake
[4.109s] -- Installing: /home/ros_ws/install/my_robot_interfaces/share/my_robot_interfaces/cmake/ament_cmake_export_libraries-extras.cmake
[4.109s] -- Installing: /home/ros_ws/install/my_robot_interfaces/share/my_robot_interfaces/cmake/ament_cmake_export_targets-extras.cmake
[4.109s] -- Installing: /home/ros_ws/install/my_robot_interfaces/share/my_robot_interfaces/cmake/ament_cmake_export_include_directories-extras.cmake
[4.109s] -- Installing: /home/ros_ws/install/my_robot_interfaces/share/my_robot_interfaces/cmake/rosidl_cmake_export_typesupport_libraries-extras.cmake
[4.109s] -- Installing: /home/ros_ws/install/my_robot_interfaces/share/my_robot_interfaces/cmake/rosidl_cmake_export_typesupport_targets-extras.cmake
[4.110s] -- Installing: /home/ros_ws/install/my_robot_interfaces/share/my_robot_interfaces/cmake/my_robot_interfacesConfig.cmake
[4.110s] -- Installing: /home/ros_ws/install/my_robot_interfaces/share/my_robot_interfaces/cmake/my_robot_interfacesConfig-version.cmake
[4.110s] -- Installing: /home/ros_ws/install/my_robot_interfaces/share/my_robot_interfaces/package.xml
[4.113s] Invoked command in '/home/ros_ws/build/my_robot_interfaces' returned '0': CMAKE_PREFIX_PATH=${CMAKE_PREFIX_PATH}:/opt/ros/foxy /usr/bin/cmake --install /home/ros_ws/build/my_robot_interfaces
