-- Found ament_cmake: 0.9.11 (/opt/ros/foxy/share/ament_cmake/cmake)
-- Using PYTHON_EXECUTABLE: /usr/bin/python3
-- Found rosidl_default_generators: 1.0.1 (/opt/ros/foxy/share/rosidl_default_generators/cmake)
-- Using all available rosidl_typesupport_c: rosidl_typesupport_fastrtps_c;rosidl_typesupport_introspection_c
-- Found rosidl_adapter: 1.3.0 (/opt/ros/foxy/share/rosidl_adapter/cmake)
-- Using all available rosidl_typesupport_cpp: rosidl_typesupport_fastrtps_cpp;rosidl_typesupport_introspection_cpp
-- Found PythonInterp: /usr/bin/python3 (found version "3.8.10") 
-- Found ament_cmake_ros: 0.9.2 (/opt/ros/foxy/share/ament_cmake_ros/cmake)
-- Using all available rosidl_typesupport_c: rosidl_typesupport_fastrtps_c;rosidl_typesupport_introspection_c
-- Using all available rosidl_typesupport_cpp: rosidl_typesupport_fastrtps_cpp;rosidl_typesupport_introspection_cpp
-- Found PythonInterp: /usr/bin/python3 (found suitable version "3.8.10", minimum required is "3.5") 
-- Found python_cmake_module: 0.8.1 (/opt/ros/foxy/share/python_cmake_module/cmake)
-- Found PythonLibs: /usr/lib/x86_64-linux-gnu/libpython3.8.so (found suitable version "3.8.10", minimum required is "3.5") 
-- Using PYTHON_EXECUTABLE: /usr/bin/python3
-- Using PYTHON_INCLUDE_DIRS: /usr/include/python3.8
-- Using PYTHON_LIBRARIES: /usr/lib/x86_64-linux-gnu/libpython3.8.so
-- Found PythonExtra: .so  
-- Configuring done
-- Generating done
-- Build files have been written to: /home/ros_ws/build/bat_led_interfaces
[  2%] [34m[1mGenerating C code for ROS interfaces[0m
[35m[1mScanning dependencies of target bat_led_interfaces__cpp[0m
[  5%] [34m[1mGenerating C++ code for ROS interfaces[0m
[  5%] Built target bat_led_interfaces__cpp
[35m[1mScanning dependencies of target bat_led_interfaces__rosidl_generator_c[0m
[  7%] [34m[1mGenerating C++ introspection for ROS interfaces[0m
[ 10%] [34m[1mGenerating C++ type support dispatch for ROS interfaces[0m
[ 12%] [34m[1mGenerating C++ type support for eProsima Fast-RTPS[0m
[ 17%] [32mBuilding C object CMakeFiles/bat_led_interfaces__rosidl_generator_c.dir/rosidl_generator_c/bat_led_interfaces/msg/detail/led_pannel_state__functions.c.o[0m
[ 17%] [32mBuilding C object CMakeFiles/bat_led_interfaces__rosidl_generator_c.dir/rosidl_generator_c/bat_led_interfaces/srv/detail/set_led__functions.c.o[0m
[ 20%] [32m[1mLinking C shared library libbat_led_interfaces__rosidl_generator_c.so[0m
[ 20%] Built target bat_led_interfaces__rosidl_generator_c
[ 23%] [34m[1mGenerating C introspection for ROS interfaces[0m
[ 25%] [34m[1mGenerating C type support dispatch for ROS interfaces[0m
[35m[1mScanning dependencies of target bat_led_interfaces__rosidl_typesupport_cpp[0m
[35m[1mScanning dependencies of target bat_led_interfaces__rosidl_typesupport_introspection_cpp[0m
[ 30%] [32mBuilding CXX object CMakeFiles/bat_led_interfaces__rosidl_typesupport_cpp.dir/rosidl_typesupport_cpp/bat_led_interfaces/srv/set_led__type_support.cpp.o[0m
[ 30%] [32mBuilding CXX object CMakeFiles/bat_led_interfaces__rosidl_typesupport_cpp.dir/rosidl_typesupport_cpp/bat_led_interfaces/msg/led_pannel_state__type_support.cpp.o[0m
[ 33%] [32mBuilding CXX object CMakeFiles/bat_led_interfaces__rosidl_typesupport_introspection_cpp.dir/rosidl_typesupport_introspection_cpp/bat_led_interfaces/srv/detail/set_led__type_support.cpp.o[0m
[ 35%] [32mBuilding CXX object CMakeFiles/bat_led_interfaces__rosidl_typesupport_introspection_cpp.dir/rosidl_typesupport_introspection_cpp/bat_led_interfaces/msg/detail/led_pannel_state__type_support.cpp.o[0m
[35m[1mScanning dependencies of target bat_led_interfaces__rosidl_typesupport_fastrtps_cpp[0m
[ 41%] [32mBuilding CXX object CMakeFiles/bat_led_interfaces__rosidl_typesupport_fastrtps_cpp.dir/rosidl_typesupport_fastrtps_cpp/bat_led_interfaces/msg/detail/dds_fastrtps/led_pannel_state__type_support.cpp.o[0m
[ 41%] [32mBuilding CXX object CMakeFiles/bat_led_interfaces__rosidl_typesupport_fastrtps_cpp.dir/rosidl_typesupport_fastrtps_cpp/bat_led_interfaces/srv/detail/dds_fastrtps/set_led__type_support.cpp.o[0m
[35m[1mScanning dependencies of target bat_led_interfaces__rosidl_typesupport_c[0m
[ 46%] [32mBuilding CXX object CMakeFiles/bat_led_interfaces__rosidl_typesupport_c.dir/rosidl_typesupport_c/bat_led_interfaces/srv/set_led__type_support.cpp.o[0m
[ 46%] [32mBuilding CXX object CMakeFiles/bat_led_interfaces__rosidl_typesupport_c.dir/rosidl_typesupport_c/bat_led_interfaces/msg/led_pannel_state__type_support.cpp.o[0m
[35m[1mScanning dependencies of target bat_led_interfaces__rosidl_typesupport_introspection_c[0m
[ 48%] [32m[1mLinking CXX shared library libbat_led_interfaces__rosidl_typesupport_c.so[0m
[ 53%] [32mBuilding C object CMakeFiles/bat_led_interfaces__rosidl_typesupport_introspection_c.dir/rosidl_typesupport_introspection_c/bat_led_interfaces/msg/detail/led_pannel_state__type_support.c.o[0m
[ 53%] [32mBuilding C object CMakeFiles/bat_led_interfaces__rosidl_typesupport_introspection_c.dir/rosidl_typesupport_introspection_c/bat_led_interfaces/srv/detail/set_led__type_support.c.o[0m
[ 53%] Built target bat_led_interfaces__rosidl_typesupport_c
[ 56%] [32m[1mLinking C shared library libbat_led_interfaces__rosidl_typesupport_introspection_c.so[0m
[ 56%] Built target bat_led_interfaces__rosidl_typesupport_introspection_c
[ 58%] [32m[1mLinking CXX shared library libbat_led_interfaces__rosidl_typesupport_cpp.so[0m
[ 61%] [32m[1mLinking CXX shared library libbat_led_interfaces__rosidl_typesupport_introspection_cpp.so[0m
[ 61%] Built target bat_led_interfaces__rosidl_typesupport_cpp
[ 61%] Built target bat_led_interfaces__rosidl_typesupport_introspection_cpp
[ 64%] [32m[1mLinking CXX shared library libbat_led_interfaces__rosidl_typesupport_fastrtps_cpp.so[0m
[ 64%] Built target bat_led_interfaces__rosidl_typesupport_fastrtps_cpp
[ 66%] [34m[1mGenerating C type support for eProsima Fast-RTPS[0m
[35m[1mScanning dependencies of target bat_led_interfaces__rosidl_typesupport_fastrtps_c[0m
[ 69%] [32mBuilding CXX object CMakeFiles/bat_led_interfaces__rosidl_typesupport_fastrtps_c.dir/rosidl_typesupport_fastrtps_c/bat_led_interfaces/srv/detail/set_led__type_support_c.cpp.o[0m
[ 71%] [32mBuilding CXX object CMakeFiles/bat_led_interfaces__rosidl_typesupport_fastrtps_c.dir/rosidl_typesupport_fastrtps_c/bat_led_interfaces/msg/detail/led_pannel_state__type_support_c.cpp.o[0m
[ 74%] [32m[1mLinking CXX shared library libbat_led_interfaces__rosidl_typesupport_fastrtps_c.so[0m
[ 74%] Built target bat_led_interfaces__rosidl_typesupport_fastrtps_c
[35m[1mScanning dependencies of target bat_led_interfaces[0m
[ 74%] Built target bat_led_interfaces
[35m[1mScanning dependencies of target bat_led_interfaces__py[0m
[ 76%] [34m[1mGenerating Python code for ROS interfaces[0m
[ 76%] Built target bat_led_interfaces__py
[35m[1mScanning dependencies of target bat_led_interfaces__python[0m
[ 79%] [32mBuilding C object CMakeFiles/bat_led_interfaces__python.dir/rosidl_generator_py/bat_led_interfaces/srv/_set_led_s.c.o[0m
[ 82%] [32mBuilding C object CMakeFiles/bat_led_interfaces__python.dir/rosidl_generator_py/bat_led_interfaces/msg/_led_pannel_state_s.c.o[0m
[ 84%] [32m[1mLinking C shared library rosidl_generator_py/bat_led_interfaces/libbat_led_interfaces__python.so[0m
[ 84%] Built target bat_led_interfaces__python
[35m[1mScanning dependencies of target bat_led_interfaces__rosidl_typesupport_introspection_c__pyext[0m
[35m[1mScanning dependencies of target bat_led_interfaces__rosidl_typesupport_c__pyext[0m
[35m[1mScanning dependencies of target bat_led_interfaces__rosidl_typesupport_fastrtps_c__pyext[0m
[ 89%] [32mBuilding C object CMakeFiles/bat_led_interfaces__rosidl_typesupport_c__pyext.dir/rosidl_generator_py/bat_led_interfaces/_bat_led_interfaces_s.ep.rosidl_typesupport_c.c.o[0m
[ 89%] [32mBuilding C object CMakeFiles/bat_led_interfaces__rosidl_typesupport_introspection_c__pyext.dir/rosidl_generator_py/bat_led_interfaces/_bat_led_interfaces_s.ep.rosidl_typesupport_introspection_c.c.o[0m
[ 92%] [32mBuilding C object CMakeFiles/bat_led_interfaces__rosidl_typesupport_fastrtps_c__pyext.dir/rosidl_generator_py/bat_led_interfaces/_bat_led_interfaces_s.ep.rosidl_typesupport_fastrtps_c.c.o[0m
[ 97%] [32m[1mLinking C shared library rosidl_generator_py/bat_led_interfaces/bat_led_interfaces_s__rosidl_typesupport_c.cpython-38-x86_64-linux-gnu.so[0m
[ 97%] [32m[1mLinking C shared library rosidl_generator_py/bat_led_interfaces/bat_led_interfaces_s__rosidl_typesupport_introspection_c.cpython-38-x86_64-linux-gnu.so[0m
[100%] [32m[1mLinking CXX shared library rosidl_generator_py/bat_led_interfaces/bat_led_interfaces_s__rosidl_typesupport_fastrtps_c.cpython-38-x86_64-linux-gnu.so[0m
[100%] Built target bat_led_interfaces__rosidl_typesupport_introspection_c__pyext
[100%] Built target bat_led_interfaces__rosidl_typesupport_c__pyext
[100%] Built target bat_led_interfaces__rosidl_typesupport_fastrtps_c__pyext
-- Install configuration: ""
-- Installing: /home/ros_ws/install/bat_led_interfaces/share/ament_index/resource_index/rosidl_interfaces/bat_led_interfaces
-- Installing: /home/ros_ws/install/bat_led_interfaces/include/bat_led_interfaces
-- Installing: /home/ros_ws/install/bat_led_interfaces/include/bat_led_interfaces/msg
-- Installing: /home/ros_ws/install/bat_led_interfaces/include/bat_led_interfaces/msg/detail
-- Installing: /home/ros_ws/install/bat_led_interfaces/include/bat_led_interfaces/msg/detail/led_pannel_state__functions.c
-- Installing: /home/ros_ws/install/bat_led_interfaces/include/bat_led_interfaces/msg/detail/led_pannel_state__struct.h
-- Installing: /home/ros_ws/install/bat_led_interfaces/include/bat_led_interfaces/msg/detail/led_pannel_state__functions.h
-- Installing: /home/ros_ws/install/bat_led_interfaces/include/bat_led_interfaces/msg/detail/led_pannel_state__type_support.h
-- Installing: /home/ros_ws/install/bat_led_interfaces/include/bat_led_interfaces/msg/led_pannel_state.h
-- Installing: /home/ros_ws/install/bat_led_interfaces/include/bat_led_interfaces/msg/rosidl_generator_c__visibility_control.h
-- Installing: /home/ros_ws/install/bat_led_interfaces/include/bat_led_interfaces/srv
-- Installing: /home/ros_ws/install/bat_led_interfaces/include/bat_led_interfaces/srv/detail
-- Installing: /home/ros_ws/install/bat_led_interfaces/include/bat_led_interfaces/srv/detail/set_led__type_support.h
-- Installing: /home/ros_ws/install/bat_led_interfaces/include/bat_led_interfaces/srv/detail/set_led__functions.c
-- Installing: /home/ros_ws/install/bat_led_interfaces/include/bat_led_interfaces/srv/detail/set_led__struct.h
-- Installing: /home/ros_ws/install/bat_led_interfaces/include/bat_led_interfaces/srv/detail/set_led__functions.h
-- Installing: /home/ros_ws/install/bat_led_interfaces/include/bat_led_interfaces/srv/set_led.h
-- Installing: /home/ros_ws/install/bat_led_interfaces/share/bat_led_interfaces/environment/library_path.sh
-- Installing: /home/ros_ws/install/bat_led_interfaces/share/bat_led_interfaces/environment/library_path.dsv
-- Installing: /home/ros_ws/install/bat_led_interfaces/lib/libbat_led_interfaces__rosidl_generator_c.so
-- Set runtime path of "/home/ros_ws/install/bat_led_interfaces/lib/libbat_led_interfaces__rosidl_generator_c.so" to ""
-- Up-to-date: /home/ros_ws/install/bat_led_interfaces/include/bat_led_interfaces
-- Up-to-date: /home/ros_ws/install/bat_led_interfaces/include/bat_led_interfaces/msg
-- Up-to-date: /home/ros_ws/install/bat_led_interfaces/include/bat_led_interfaces/msg/detail
-- Installing: /home/ros_ws/install/bat_led_interfaces/include/bat_led_interfaces/msg/detail/led_pannel_state__rosidl_typesupport_fastrtps_c.h
-- Installing: /home/ros_ws/install/bat_led_interfaces/include/bat_led_interfaces/msg/rosidl_typesupport_fastrtps_c__visibility_control.h
-- Up-to-date: /home/ros_ws/install/bat_led_interfaces/include/bat_led_interfaces/srv
-- Up-to-date: /home/ros_ws/install/bat_led_interfaces/include/bat_led_interfaces/srv/detail
-- Installing: /home/ros_ws/install/bat_led_interfaces/include/bat_led_interfaces/srv/detail/set_led__rosidl_typesupport_fastrtps_c.h
-- Installing: /home/ros_ws/install/bat_led_interfaces/lib/libbat_led_interfaces__rosidl_typesupport_fastrtps_c.so
-- Set runtime path of "/home/ros_ws/install/bat_led_interfaces/lib/libbat_led_interfaces__rosidl_typesupport_fastrtps_c.so" to ""
-- Up-to-date: /home/ros_ws/install/bat_led_interfaces/include/bat_led_interfaces
-- Up-to-date: /home/ros_ws/install/bat_led_interfaces/include/bat_led_interfaces/msg
-- Up-to-date: /home/ros_ws/install/bat_led_interfaces/include/bat_led_interfaces/msg/detail
-- Installing: /home/ros_ws/install/bat_led_interfaces/include/bat_led_interfaces/msg/detail/led_pannel_state__rosidl_typesupport_fastrtps_cpp.hpp
-- Installing: /home/ros_ws/install/bat_led_interfaces/include/bat_led_interfaces/msg/detail/dds_fastrtps
-- Installing: /home/ros_ws/install/bat_led_interfaces/include/bat_led_interfaces/msg/rosidl_typesupport_fastrtps_cpp__visibility_control.h
-- Up-to-date: /home/ros_ws/install/bat_led_interfaces/include/bat_led_interfaces/srv
-- Up-to-date: /home/ros_ws/install/bat_led_interfaces/include/bat_led_interfaces/srv/detail
-- Installing: /home/ros_ws/install/bat_led_interfaces/include/bat_led_interfaces/srv/detail/set_led__rosidl_typesupport_fastrtps_cpp.hpp
-- Installing: /home/ros_ws/install/bat_led_interfaces/include/bat_led_interfaces/srv/detail/dds_fastrtps
-- Installing: /home/ros_ws/install/bat_led_interfaces/lib/libbat_led_interfaces__rosidl_typesupport_fastrtps_cpp.so
-- Set runtime path of "/home/ros_ws/install/bat_led_interfaces/lib/libbat_led_interfaces__rosidl_typesupport_fastrtps_cpp.so" to ""
-- Up-to-date: /home/ros_ws/install/bat_led_interfaces/include/bat_led_interfaces
-- Up-to-date: /home/ros_ws/install/bat_led_interfaces/include/bat_led_interfaces/msg
-- Up-to-date: /home/ros_ws/install/bat_led_interfaces/include/bat_led_interfaces/msg/detail
-- Installing: /home/ros_ws/install/bat_led_interfaces/include/bat_led_interfaces/msg/detail/led_pannel_state__rosidl_typesupport_introspection_c.h
-- Installing: /home/ros_ws/install/bat_led_interfaces/include/bat_led_interfaces/msg/detail/led_pannel_state__type_support.c
-- Installing: /home/ros_ws/install/bat_led_interfaces/include/bat_led_interfaces/msg/rosidl_typesupport_introspection_c__visibility_control.h
-- Up-to-date: /home/ros_ws/install/bat_led_interfaces/include/bat_led_interfaces/srv
-- Up-to-date: /home/ros_ws/install/bat_led_interfaces/include/bat_led_interfaces/srv/detail
-- Installing: /home/ros_ws/install/bat_led_interfaces/include/bat_led_interfaces/srv/detail/set_led__type_support.c
-- Installing: /home/ros_ws/install/bat_led_interfaces/include/bat_led_interfaces/srv/detail/set_led__rosidl_typesupport_introspection_c.h
-- Installing: /home/ros_ws/install/bat_led_interfaces/lib/libbat_led_interfaces__rosidl_typesupport_introspection_c.so
-- Set runtime path of "/home/ros_ws/install/bat_led_interfaces/lib/libbat_led_interfaces__rosidl_typesupport_introspection_c.so" to ""
-- Installing: /home/ros_ws/install/bat_led_interfaces/lib/libbat_led_interfaces__rosidl_typesupport_c.so
-- Set runtime path of "/home/ros_ws/install/bat_led_interfaces/lib/libbat_led_interfaces__rosidl_typesupport_c.so" to ""
-- Up-to-date: /home/ros_ws/install/bat_led_interfaces/include/bat_led_interfaces
-- Up-to-date: /home/ros_ws/install/bat_led_interfaces/include/bat_led_interfaces/msg
-- Up-to-date: /home/ros_ws/install/bat_led_interfaces/include/bat_led_interfaces/msg/detail
-- Installing: /home/ros_ws/install/bat_led_interfaces/include/bat_led_interfaces/msg/detail/led_pannel_state__builder.hpp
-- Installing: /home/ros_ws/install/bat_led_interfaces/include/bat_led_interfaces/msg/detail/led_pannel_state__struct.hpp
-- Installing: /home/ros_ws/install/bat_led_interfaces/include/bat_led_interfaces/msg/detail/led_pannel_state__traits.hpp
-- Installing: /home/ros_ws/install/bat_led_interfaces/include/bat_led_interfaces/msg/led_pannel_state.hpp
-- Up-to-date: /home/ros_ws/install/bat_led_interfaces/include/bat_led_interfaces/srv
-- Up-to-date: /home/ros_ws/install/bat_led_interfaces/include/bat_led_interfaces/srv/detail
-- Installing: /home/ros_ws/install/bat_led_interfaces/include/bat_led_interfaces/srv/detail/set_led__builder.hpp
-- Installing: /home/ros_ws/install/bat_led_interfaces/include/bat_led_interfaces/srv/detail/set_led__traits.hpp
-- Installing: /home/ros_ws/install/bat_led_interfaces/include/bat_led_interfaces/srv/detail/set_led__struct.hpp
-- Installing: /home/ros_ws/install/bat_led_interfaces/include/bat_led_interfaces/srv/set_led.hpp
-- Up-to-date: /home/ros_ws/install/bat_led_interfaces/include/bat_led_interfaces
-- Up-to-date: /home/ros_ws/install/bat_led_interfaces/include/bat_led_interfaces/msg
-- Up-to-date: /home/ros_ws/install/bat_led_interfaces/include/bat_led_interfaces/msg/detail
-- Installing: /home/ros_ws/install/bat_led_interfaces/include/bat_led_interfaces/msg/detail/led_pannel_state__type_support.cpp
-- Installing: /home/ros_ws/install/bat_led_interfaces/include/bat_led_interfaces/msg/detail/led_pannel_state__rosidl_typesupport_introspection_cpp.hpp
-- Up-to-date: /home/ros_ws/install/bat_led_interfaces/include/bat_led_interfaces/srv
-- Up-to-date: /home/ros_ws/install/bat_led_interfaces/include/bat_led_interfaces/srv/detail
-- Installing: /home/ros_ws/install/bat_led_interfaces/include/bat_led_interfaces/srv/detail/set_led__type_support.cpp
-- Installing: /home/ros_ws/install/bat_led_interfaces/include/bat_led_interfaces/srv/detail/set_led__rosidl_typesupport_introspection_cpp.hpp
-- Installing: /home/ros_ws/install/bat_led_interfaces/lib/libbat_led_interfaces__rosidl_typesupport_introspection_cpp.so
-- Set runtime path of "/home/ros_ws/install/bat_led_interfaces/lib/libbat_led_interfaces__rosidl_typesupport_introspection_cpp.so" to ""
-- Installing: /home/ros_ws/install/bat_led_interfaces/lib/libbat_led_interfaces__rosidl_typesupport_cpp.so
-- Set runtime path of "/home/ros_ws/install/bat_led_interfaces/lib/libbat_led_interfaces__rosidl_typesupport_cpp.so" to ""
-- Installing: /home/ros_ws/install/bat_led_interfaces/share/bat_led_interfaces/environment/pythonpath.sh
-- Installing: /home/ros_ws/install/bat_led_interfaces/share/bat_led_interfaces/environment/pythonpath.dsv
-- Installing: /home/ros_ws/install/bat_led_interfaces/lib/python3.8/site-packages/bat_led_interfaces/__init__.py
Compiling '/home/ros_ws/install/bat_led_interfaces/lib/python3.8/site-packages/bat_led_interfaces/__init__.py'...
-- Installing: /home/ros_ws/install/bat_led_interfaces/lib/python3.8/site-packages/bat_led_interfaces/msg
-- Installing: /home/ros_ws/install/bat_led_interfaces/lib/python3.8/site-packages/bat_led_interfaces/msg/_led_pannel_state.py
-- Installing: /home/ros_ws/install/bat_led_interfaces/lib/python3.8/site-packages/bat_led_interfaces/msg/__init__.py
-- Installing: /home/ros_ws/install/bat_led_interfaces/lib/python3.8/site-packages/bat_led_interfaces/msg/_led_pannel_state_s.c
-- Installing: /home/ros_ws/install/bat_led_interfaces/lib/python3.8/site-packages/bat_led_interfaces/srv
-- Installing: /home/ros_ws/install/bat_led_interfaces/lib/python3.8/site-packages/bat_led_interfaces/srv/_set_led.py
-- Installing: /home/ros_ws/install/bat_led_interfaces/lib/python3.8/site-packages/bat_led_interfaces/srv/__init__.py
-- Installing: /home/ros_ws/install/bat_led_interfaces/lib/python3.8/site-packages/bat_led_interfaces/srv/_set_led_s.c
-- Installing: /home/ros_ws/install/bat_led_interfaces/lib/python3.8/site-packages/bat_led_interfaces/bat_led_interfaces_s__rosidl_typesupport_fastrtps_c.cpython-38-x86_64-linux-gnu.so
-- Set runtime path of "/home/ros_ws/install/bat_led_interfaces/lib/python3.8/site-packages/bat_led_interfaces/bat_led_interfaces_s__rosidl_typesupport_fastrtps_c.cpython-38-x86_64-linux-gnu.so" to ""
-- Installing: /home/ros_ws/install/bat_led_interfaces/lib/python3.8/site-packages/bat_led_interfaces/bat_led_interfaces_s__rosidl_typesupport_introspection_c.cpython-38-x86_64-linux-gnu.so
-- Set runtime path of "/home/ros_ws/install/bat_led_interfaces/lib/python3.8/site-packages/bat_led_interfaces/bat_led_interfaces_s__rosidl_typesupport_introspection_c.cpython-38-x86_64-linux-gnu.so" to ""
-- Installing: /home/ros_ws/install/bat_led_interfaces/lib/python3.8/site-packages/bat_led_interfaces/bat_led_interfaces_s__rosidl_typesupport_c.cpython-38-x86_64-linux-gnu.so
-- Set runtime path of "/home/ros_ws/install/bat_led_interfaces/lib/python3.8/site-packages/bat_led_interfaces/bat_led_interfaces_s__rosidl_typesupport_c.cpython-38-x86_64-linux-gnu.so" to ""
-- Installing: /home/ros_ws/install/bat_led_interfaces/lib/libbat_led_interfaces__python.so
-- Set runtime path of "/home/ros_ws/install/bat_led_interfaces/lib/libbat_led_interfaces__python.so" to ""
-- Installing: /home/ros_ws/install/bat_led_interfaces/share/bat_led_interfaces/msg/LedPannelState.idl
-- Installing: /home/ros_ws/install/bat_led_interfaces/share/bat_led_interfaces/srv/SetLed.idl
-- Installing: /home/ros_ws/install/bat_led_interfaces/share/bat_led_interfaces/msg/LedPannelState.msg
-- Installing: /home/ros_ws/install/bat_led_interfaces/share/bat_led_interfaces/srv/SetLed.srv
-- Installing: /home/ros_ws/install/bat_led_interfaces/share/bat_led_interfaces/srv/SetLed_Request.msg
-- Installing: /home/ros_ws/install/bat_led_interfaces/share/bat_led_interfaces/srv/SetLed_Response.msg
-- Installing: /home/ros_ws/install/bat_led_interfaces/share/ament_index/resource_index/package_run_dependencies/bat_led_interfaces
-- Installing: /home/ros_ws/install/bat_led_interfaces/share/ament_index/resource_index/parent_prefix_path/bat_led_interfaces
-- Installing: /home/ros_ws/install/bat_led_interfaces/share/bat_led_interfaces/environment/ament_prefix_path.sh
-- Installing: /home/ros_ws/install/bat_led_interfaces/share/bat_led_interfaces/environment/ament_prefix_path.dsv
-- Installing: /home/ros_ws/install/bat_led_interfaces/share/bat_led_interfaces/environment/path.sh
-- Installing: /home/ros_ws/install/bat_led_interfaces/share/bat_led_interfaces/environment/path.dsv
-- Installing: /home/ros_ws/install/bat_led_interfaces/share/bat_led_interfaces/local_setup.bash
-- Installing: /home/ros_ws/install/bat_led_interfaces/share/bat_led_interfaces/local_setup.sh
-- Installing: /home/ros_ws/install/bat_led_interfaces/share/bat_led_interfaces/local_setup.zsh
-- Installing: /home/ros_ws/install/bat_led_interfaces/share/bat_led_interfaces/local_setup.dsv
-- Installing: /home/ros_ws/install/bat_led_interfaces/share/bat_led_interfaces/package.dsv
-- Installing: /home/ros_ws/install/bat_led_interfaces/share/ament_index/resource_index/packages/bat_led_interfaces
-- Installing: /home/ros_ws/install/bat_led_interfaces/share/bat_led_interfaces/cmake/bat_led_interfaces__rosidl_generator_cExport.cmake
-- Installing: /home/ros_ws/install/bat_led_interfaces/share/bat_led_interfaces/cmake/bat_led_interfaces__rosidl_generator_cExport-noconfig.cmake
-- Installing: /home/ros_ws/install/bat_led_interfaces/share/bat_led_interfaces/cmake/bat_led_interfaces__rosidl_typesupport_introspection_cExport.cmake
-- Installing: /home/ros_ws/install/bat_led_interfaces/share/bat_led_interfaces/cmake/bat_led_interfaces__rosidl_typesupport_introspection_cExport-noconfig.cmake
-- Installing: /home/ros_ws/install/bat_led_interfaces/share/bat_led_interfaces/cmake/bat_led_interfaces__rosidl_typesupport_cExport.cmake
-- Installing: /home/ros_ws/install/bat_led_interfaces/share/bat_led_interfaces/cmake/bat_led_interfaces__rosidl_typesupport_cExport-noconfig.cmake
-- Installing: /home/ros_ws/install/bat_led_interfaces/share/bat_led_interfaces/cmake/bat_led_interfaces__rosidl_generator_cppExport.cmake
-- Installing: /home/ros_ws/install/bat_led_interfaces/share/bat_led_interfaces/cmake/bat_led_interfaces__rosidl_typesupport_introspection_cppExport.cmake
-- Installing: /home/ros_ws/install/bat_led_interfaces/share/bat_led_interfaces/cmake/bat_led_interfaces__rosidl_typesupport_introspection_cppExport-noconfig.cmake
-- Installing: /home/ros_ws/install/bat_led_interfaces/share/bat_led_interfaces/cmake/bat_led_interfaces__rosidl_typesupport_cppExport.cmake
-- Installing: /home/ros_ws/install/bat_led_interfaces/share/bat_led_interfaces/cmake/bat_led_interfaces__rosidl_typesupport_cppExport-noconfig.cmake
-- Installing: /home/ros_ws/install/bat_led_interfaces/share/bat_led_interfaces/cmake/rosidl_cmake-extras.cmake
-- Installing: /home/ros_ws/install/bat_led_interfaces/share/bat_led_interfaces/cmake/ament_cmake_export_dependencies-extras.cmake
-- Installing: /home/ros_ws/install/bat_led_interfaces/share/bat_led_interfaces/cmake/ament_cmake_export_libraries-extras.cmake
-- Installing: /home/ros_ws/install/bat_led_interfaces/share/bat_led_interfaces/cmake/ament_cmake_export_targets-extras.cmake
-- Installing: /home/ros_ws/install/bat_led_interfaces/share/bat_led_interfaces/cmake/ament_cmake_export_include_directories-extras.cmake
-- Installing: /home/ros_ws/install/bat_led_interfaces/share/bat_led_interfaces/cmake/rosidl_cmake_export_typesupport_libraries-extras.cmake
-- Installing: /home/ros_ws/install/bat_led_interfaces/share/bat_led_interfaces/cmake/rosidl_cmake_export_typesupport_targets-extras.cmake
-- Installing: /home/ros_ws/install/bat_led_interfaces/share/bat_led_interfaces/cmake/bat_led_interfacesConfig.cmake
-- Installing: /home/ros_ws/install/bat_led_interfaces/share/bat_led_interfaces/cmake/bat_led_interfacesConfig-version.cmake
-- Installing: /home/ros_ws/install/bat_led_interfaces/share/bat_led_interfaces/package.xml
