[0.023s] Invoking command in '/home/ros_ws/build/bat_led_interfaces': CMAKE_PREFIX_PATH=${CMAKE_PREFIX_PATH}:/home/ros_ws/install/my_py_pkg:/opt/ros/foxy /usr/bin/cmake /home/ros_ws/src/bat_led_interfaces -DCMAKE_INSTALL_PREFIX=/home/ros_ws/install/bat_led_interfaces
[0.035s] -- Found ament_cmake: 0.9.11 (/opt/ros/foxy/share/ament_cmake/cmake)
[0.052s] -- Using PYTHON_EXECUTABLE: /usr/bin/python3
[0.186s] -- Found rosidl_default_generators: 1.0.1 (/opt/ros/foxy/share/rosidl_default_generators/cmake)
[0.188s] -- Using all available rosidl_typesupport_c: rosidl_typesupport_fastrtps_c;rosidl_typesupport_introspection_c
[0.191s] -- Found rosidl_adapter: 1.3.0 (/opt/ros/foxy/share/rosidl_adapter/cmake)
[0.371s] -- Using all available rosidl_typesupport_cpp: rosidl_typesupport_fastrtps_cpp;rosidl_typesupport_introspection_cpp
[0.409s] -- Found PythonInterp: /usr/bin/python3 (found version "3.8.10") 
[0.512s] -- Found ament_cmake_ros: 0.9.2 (/opt/ros/foxy/share/ament_cmake_ros/cmake)
[0.632s] -- Using all available rosidl_typesupport_c: rosidl_typesupport_fastrtps_c;rosidl_typesupport_introspection_c
[0.639s] -- Using all available rosidl_typesupport_cpp: rosidl_typesupport_fastrtps_cpp;rosidl_typesupport_introspection_cpp
[0.657s] -- Found PythonInterp: /usr/bin/python3 (found suitable version "3.8.10", minimum required is "3.5") 
[0.659s] -- Found python_cmake_module: 0.8.1 (/opt/ros/foxy/share/python_cmake_module/cmake)
[0.682s] -- Found PythonLibs: /usr/lib/x86_64-linux-gnu/libpython3.8.so (found suitable version "3.8.10", minimum required is "3.5") 
[0.682s] -- Using PYTHON_EXECUTABLE: /usr/bin/python3
[0.683s] -- Using PYTHON_INCLUDE_DIRS: /usr/include/python3.8
[0.683s] -- Using PYTHON_LIBRARIES: /usr/lib/x86_64-linux-gnu/libpython3.8.so
[0.698s] -- Found PythonExtra: .so  
[0.756s] -- Configuring done
[0.804s] -- Generating done
[0.810s] -- Build files have been written to: /home/ros_ws/build/bat_led_interfaces
[0.818s] Invoked command in '/home/ros_ws/build/bat_led_interfaces' returned '0': CMAKE_PREFIX_PATH=${CMAKE_PREFIX_PATH}:/home/ros_ws/install/my_py_pkg:/opt/ros/foxy /usr/bin/cmake /home/ros_ws/src/bat_led_interfaces -DCMAKE_INSTALL_PREFIX=/home/ros_ws/install/bat_led_interfaces
[0.820s] Invoking command in '/home/ros_ws/build/bat_led_interfaces': CMAKE_PREFIX_PATH=${CMAKE_PREFIX_PATH}:/home/ros_ws/install/my_py_pkg:/opt/ros/foxy /usr/bin/cmake --build /home/ros_ws/build/bat_led_interfaces -- -j16 -l16
[0.866s] [  2%] [34m[1mGenerating C code for ROS interfaces[0m
[0.869s] [35m[1mScanning dependencies of target bat_led_interfaces__cpp[0m
[0.879s] [  5%] [34m[1mGenerating C++ code for ROS interfaces[0m
[1.114s] [  5%] Built target bat_led_interfaces__cpp
[1.123s] [35m[1mScanning dependencies of target bat_led_interfaces__rosidl_generator_c[0m
[1.123s] [  7%] [34m[1mGenerating C++ introspection for ROS interfaces[0m
[1.124s] [ 10%] [34m[1mGenerating C++ type support dispatch for ROS interfaces[0m
[1.131s] [ 12%] [34m[1mGenerating C++ type support for eProsima Fast-RTPS[0m
[1.137s] [ 17%] [32mBuilding C object CMakeFiles/bat_led_interfaces__rosidl_generator_c.dir/rosidl_generator_c/bat_led_interfaces/msg/detail/led_pannel_state__functions.c.o[0m
[1.137s] [ 17%] [32mBuilding C object CMakeFiles/bat_led_interfaces__rosidl_generator_c.dir/rosidl_generator_c/bat_led_interfaces/srv/detail/set_led__functions.c.o[0m
[1.192s] [ 20%] [32m[1mLinking C shared library libbat_led_interfaces__rosidl_generator_c.so[0m
[1.227s] [ 20%] Built target bat_led_interfaces__rosidl_generator_c
[1.236s] [ 23%] [34m[1mGenerating C introspection for ROS interfaces[0m
[1.236s] [ 25%] [34m[1mGenerating C type support dispatch for ROS interfaces[0m
[1.332s] [35m[1mScanning dependencies of target bat_led_interfaces__rosidl_typesupport_cpp[0m
[1.340s] [35m[1mScanning dependencies of target bat_led_interfaces__rosidl_typesupport_introspection_cpp[0m
[1.343s] [ 30%] [32mBuilding CXX object CMakeFiles/bat_led_interfaces__rosidl_typesupport_cpp.dir/rosidl_typesupport_cpp/bat_led_interfaces/srv/set_led__type_support.cpp.o[0m
[1.343s] [ 30%] [32mBuilding CXX object CMakeFiles/bat_led_interfaces__rosidl_typesupport_cpp.dir/rosidl_typesupport_cpp/bat_led_interfaces/msg/led_pannel_state__type_support.cpp.o[0m
[1.352s] [ 33%] [32mBuilding CXX object CMakeFiles/bat_led_interfaces__rosidl_typesupport_introspection_cpp.dir/rosidl_typesupport_introspection_cpp/bat_led_interfaces/srv/detail/set_led__type_support.cpp.o[0m
[1.354s] [ 35%] [32mBuilding CXX object CMakeFiles/bat_led_interfaces__rosidl_typesupport_introspection_cpp.dir/rosidl_typesupport_introspection_cpp/bat_led_interfaces/msg/detail/led_pannel_state__type_support.cpp.o[0m
[1.367s] [35m[1mScanning dependencies of target bat_led_interfaces__rosidl_typesupport_fastrtps_cpp[0m
[1.385s] [ 41%] [32mBuilding CXX object CMakeFiles/bat_led_interfaces__rosidl_typesupport_fastrtps_cpp.dir/rosidl_typesupport_fastrtps_cpp/bat_led_interfaces/msg/detail/dds_fastrtps/led_pannel_state__type_support.cpp.o[0m
[1.385s] [ 41%] [32mBuilding CXX object CMakeFiles/bat_led_interfaces__rosidl_typesupport_fastrtps_cpp.dir/rosidl_typesupport_fastrtps_cpp/bat_led_interfaces/srv/detail/dds_fastrtps/set_led__type_support.cpp.o[0m
[1.454s] [35m[1mScanning dependencies of target bat_led_interfaces__rosidl_typesupport_c[0m
[1.469s] [ 46%] [32mBuilding CXX object CMakeFiles/bat_led_interfaces__rosidl_typesupport_c.dir/rosidl_typesupport_c/bat_led_interfaces/srv/set_led__type_support.cpp.o[0m
[1.469s] [ 46%] [32mBuilding CXX object CMakeFiles/bat_led_interfaces__rosidl_typesupport_c.dir/rosidl_typesupport_c/bat_led_interfaces/msg/led_pannel_state__type_support.cpp.o[0m
[1.486s] [35m[1mScanning dependencies of target bat_led_interfaces__rosidl_typesupport_introspection_c[0m
[1.500s] [ 48%] [32m[1mLinking CXX shared library libbat_led_interfaces__rosidl_typesupport_c.so[0m
[1.502s] [ 53%] [32mBuilding C object CMakeFiles/bat_led_interfaces__rosidl_typesupport_introspection_c.dir/rosidl_typesupport_introspection_c/bat_led_interfaces/msg/detail/led_pannel_state__type_support.c.o[0m
[1.502s] [ 53%] [32mBuilding C object CMakeFiles/bat_led_interfaces__rosidl_typesupport_introspection_c.dir/rosidl_typesupport_introspection_c/bat_led_interfaces/srv/detail/set_led__type_support.c.o[0m
[1.539s] [ 53%] Built target bat_led_interfaces__rosidl_typesupport_c
[1.542s] [ 56%] [32m[1mLinking C shared library libbat_led_interfaces__rosidl_typesupport_introspection_c.so[0m
[1.569s] [ 56%] Built target bat_led_interfaces__rosidl_typesupport_introspection_c
[1.594s] [ 58%] [32m[1mLinking CXX shared library libbat_led_interfaces__rosidl_typesupport_cpp.so[0m
[1.621s] [ 61%] [32m[1mLinking CXX shared library libbat_led_interfaces__rosidl_typesupport_introspection_cpp.so[0m
[1.628s] [ 61%] Built target bat_led_interfaces__rosidl_typesupport_cpp
[1.655s] [ 61%] Built target bat_led_interfaces__rosidl_typesupport_introspection_cpp
[1.733s] [ 64%] [32m[1mLinking CXX shared library libbat_led_interfaces__rosidl_typesupport_fastrtps_cpp.so[0m
[1.823s] [ 64%] Built target bat_led_interfaces__rosidl_typesupport_fastrtps_cpp
[1.832s] [ 66%] [34m[1mGenerating C type support for eProsima Fast-RTPS[0m
[2.052s] [35m[1mScanning dependencies of target bat_led_interfaces__rosidl_typesupport_fastrtps_c[0m
[2.079s] [ 69%] [32mBuilding CXX object CMakeFiles/bat_led_interfaces__rosidl_typesupport_fastrtps_c.dir/rosidl_typesupport_fastrtps_c/bat_led_interfaces/srv/detail/set_led__type_support_c.cpp.o[0m
[2.084s] [ 71%] [32mBuilding CXX object CMakeFiles/bat_led_interfaces__rosidl_typesupport_fastrtps_c.dir/rosidl_typesupport_fastrtps_c/bat_led_interfaces/msg/detail/led_pannel_state__type_support_c.cpp.o[0m
[2.396s] [ 74%] [32m[1mLinking CXX shared library libbat_led_interfaces__rosidl_typesupport_fastrtps_c.so[0m
[2.519s] [ 74%] Built target bat_led_interfaces__rosidl_typesupport_fastrtps_c
[2.529s] [35m[1mScanning dependencies of target bat_led_interfaces[0m
[2.547s] [ 74%] Built target bat_led_interfaces
[2.556s] [35m[1mScanning dependencies of target bat_led_interfaces__py[0m
[2.570s] [ 76%] [34m[1mGenerating Python code for ROS interfaces[0m
[2.965s] [ 76%] Built target bat_led_interfaces__py
[2.974s] [35m[1mScanning dependencies of target bat_led_interfaces__python[0m
[2.996s] [ 79%] [32mBuilding C object CMakeFiles/bat_led_interfaces__python.dir/rosidl_generator_py/bat_led_interfaces/srv/_set_led_s.c.o[0m
[3.001s] [ 82%] [32mBuilding C object CMakeFiles/bat_led_interfaces__python.dir/rosidl_generator_py/bat_led_interfaces/msg/_led_pannel_state_s.c.o[0m
[3.074s] [ 84%] [32m[1mLinking C shared library rosidl_generator_py/bat_led_interfaces/libbat_led_interfaces__python.so[0m
[3.113s] [ 84%] Built target bat_led_interfaces__python
[3.122s] [35m[1mScanning dependencies of target bat_led_interfaces__rosidl_typesupport_introspection_c__pyext[0m
[3.122s] [35m[1mScanning dependencies of target bat_led_interfaces__rosidl_typesupport_c__pyext[0m
[3.122s] [35m[1mScanning dependencies of target bat_led_interfaces__rosidl_typesupport_fastrtps_c__pyext[0m
[3.136s] [ 89%] [32mBuilding C object CMakeFiles/bat_led_interfaces__rosidl_typesupport_c__pyext.dir/rosidl_generator_py/bat_led_interfaces/_bat_led_interfaces_s.ep.rosidl_typesupport_c.c.o[0m
[3.136s] [ 89%] [32mBuilding C object CMakeFiles/bat_led_interfaces__rosidl_typesupport_introspection_c__pyext.dir/rosidl_generator_py/bat_led_interfaces/_bat_led_interfaces_s.ep.rosidl_typesupport_introspection_c.c.o[0m
[3.144s] [ 92%] [32mBuilding C object CMakeFiles/bat_led_interfaces__rosidl_typesupport_fastrtps_c__pyext.dir/rosidl_generator_py/bat_led_interfaces/_bat_led_interfaces_s.ep.rosidl_typesupport_fastrtps_c.c.o[0m
[3.203s] [ 97%] [32m[1mLinking C shared library rosidl_generator_py/bat_led_interfaces/bat_led_interfaces_s__rosidl_typesupport_c.cpython-38-x86_64-linux-gnu.so[0m
[3.203s] [ 97%] [32m[1mLinking C shared library rosidl_generator_py/bat_led_interfaces/bat_led_interfaces_s__rosidl_typesupport_introspection_c.cpython-38-x86_64-linux-gnu.so[0m
[3.214s] [100%] [32m[1mLinking CXX shared library rosidl_generator_py/bat_led_interfaces/bat_led_interfaces_s__rosidl_typesupport_fastrtps_c.cpython-38-x86_64-linux-gnu.so[0m
[3.232s] [100%] Built target bat_led_interfaces__rosidl_typesupport_introspection_c__pyext
[3.248s] [100%] Built target bat_led_interfaces__rosidl_typesupport_c__pyext
[3.295s] [100%] Built target bat_led_interfaces__rosidl_typesupport_fastrtps_c__pyext
[3.307s] Invoked command in '/home/ros_ws/build/bat_led_interfaces' returned '0': CMAKE_PREFIX_PATH=${CMAKE_PREFIX_PATH}:/home/ros_ws/install/my_py_pkg:/opt/ros/foxy /usr/bin/cmake --build /home/ros_ws/build/bat_led_interfaces -- -j16 -l16
[3.359s] Invoking command in '/home/ros_ws/build/bat_led_interfaces': CMAKE_PREFIX_PATH=${CMAKE_PREFIX_PATH}:/home/ros_ws/install/my_py_pkg:/opt/ros/foxy /usr/bin/cmake --install /home/ros_ws/build/bat_led_interfaces
[3.366s] -- Install configuration: ""
[3.367s] -- Installing: /home/ros_ws/install/bat_led_interfaces/share/ament_index/resource_index/rosidl_interfaces/bat_led_interfaces
[3.367s] -- Installing: /home/ros_ws/install/bat_led_interfaces/include/bat_led_interfaces
[3.367s] -- Installing: /home/ros_ws/install/bat_led_interfaces/include/bat_led_interfaces/msg
[3.367s] -- Installing: /home/ros_ws/install/bat_led_interfaces/include/bat_led_interfaces/msg/detail
[3.367s] -- Installing: /home/ros_ws/install/bat_led_interfaces/include/bat_led_interfaces/msg/detail/led_pannel_state__functions.c
[3.367s] -- Installing: /home/ros_ws/install/bat_led_interfaces/include/bat_led_interfaces/msg/detail/led_pannel_state__struct.h
[3.367s] -- Installing: /home/ros_ws/install/bat_led_interfaces/include/bat_led_interfaces/msg/detail/led_pannel_state__functions.h
[3.367s] -- Installing: /home/ros_ws/install/bat_led_interfaces/include/bat_led_interfaces/msg/detail/led_pannel_state__type_support.h
[3.368s] -- Installing: /home/ros_ws/install/bat_led_interfaces/include/bat_led_interfaces/msg/led_pannel_state.h
[3.368s] -- Installing: /home/ros_ws/install/bat_led_interfaces/include/bat_led_interfaces/msg/rosidl_generator_c__visibility_control.h
[3.368s] -- Installing: /home/ros_ws/install/bat_led_interfaces/include/bat_led_interfaces/srv
[3.368s] -- Installing: /home/ros_ws/install/bat_led_interfaces/include/bat_led_interfaces/srv/detail
[3.368s] -- Installing: /home/ros_ws/install/bat_led_interfaces/include/bat_led_interfaces/srv/detail/set_led__type_support.h
[3.368s] -- Installing: /home/ros_ws/install/bat_led_interfaces/include/bat_led_interfaces/srv/detail/set_led__functions.c
[3.368s] -- Installing: /home/ros_ws/install/bat_led_interfaces/include/bat_led_interfaces/srv/detail/set_led__struct.h
[3.368s] -- Installing: /home/ros_ws/install/bat_led_interfaces/include/bat_led_interfaces/srv/detail/set_led__functions.h
[3.368s] -- Installing: /home/ros_ws/install/bat_led_interfaces/include/bat_led_interfaces/srv/set_led.h
[3.368s] -- Installing: /home/ros_ws/install/bat_led_interfaces/share/bat_led_interfaces/environment/library_path.sh
[3.369s] -- Installing: /home/ros_ws/install/bat_led_interfaces/share/bat_led_interfaces/environment/library_path.dsv
[3.369s] -- Installing: /home/ros_ws/install/bat_led_interfaces/lib/libbat_led_interfaces__rosidl_generator_c.so
[3.370s] -- Set runtime path of "/home/ros_ws/install/bat_led_interfaces/lib/libbat_led_interfaces__rosidl_generator_c.so" to ""
[3.370s] -- Up-to-date: /home/ros_ws/install/bat_led_interfaces/include/bat_led_interfaces
[3.370s] -- Up-to-date: /home/ros_ws/install/bat_led_interfaces/include/bat_led_interfaces/msg
[3.370s] -- Up-to-date: /home/ros_ws/install/bat_led_interfaces/include/bat_led_interfaces/msg/detail
[3.370s] -- Installing: /home/ros_ws/install/bat_led_interfaces/include/bat_led_interfaces/msg/detail/led_pannel_state__rosidl_typesupport_fastrtps_c.h
[3.370s] -- Installing: /home/ros_ws/install/bat_led_interfaces/include/bat_led_interfaces/msg/rosidl_typesupport_fastrtps_c__visibility_control.h
[3.370s] -- Up-to-date: /home/ros_ws/install/bat_led_interfaces/include/bat_led_interfaces/srv
[3.370s] -- Up-to-date: /home/ros_ws/install/bat_led_interfaces/include/bat_led_interfaces/srv/detail
[3.370s] -- Installing: /home/ros_ws/install/bat_led_interfaces/include/bat_led_interfaces/srv/detail/set_led__rosidl_typesupport_fastrtps_c.h
[3.371s] -- Installing: /home/ros_ws/install/bat_led_interfaces/lib/libbat_led_interfaces__rosidl_typesupport_fastrtps_c.so
[3.371s] -- Set runtime path of "/home/ros_ws/install/bat_led_interfaces/lib/libbat_led_interfaces__rosidl_typesupport_fastrtps_c.so" to ""
[3.371s] -- Up-to-date: /home/ros_ws/install/bat_led_interfaces/include/bat_led_interfaces
[3.371s] -- Up-to-date: /home/ros_ws/install/bat_led_interfaces/include/bat_led_interfaces/msg
[3.371s] -- Up-to-date: /home/ros_ws/install/bat_led_interfaces/include/bat_led_interfaces/msg/detail
[3.372s] -- Installing: /home/ros_ws/install/bat_led_interfaces/include/bat_led_interfaces/msg/detail/led_pannel_state__rosidl_typesupport_fastrtps_cpp.hpp
[3.372s] -- Installing: /home/ros_ws/install/bat_led_interfaces/include/bat_led_interfaces/msg/detail/dds_fastrtps
[3.372s] -- Installing: /home/ros_ws/install/bat_led_interfaces/include/bat_led_interfaces/msg/rosidl_typesupport_fastrtps_cpp__visibility_control.h
[3.372s] -- Up-to-date: /home/ros_ws/install/bat_led_interfaces/include/bat_led_interfaces/srv
[3.372s] -- Up-to-date: /home/ros_ws/install/bat_led_interfaces/include/bat_led_interfaces/srv/detail
[3.372s] -- Installing: /home/ros_ws/install/bat_led_interfaces/include/bat_led_interfaces/srv/detail/set_led__rosidl_typesupport_fastrtps_cpp.hpp
[3.372s] -- Installing: /home/ros_ws/install/bat_led_interfaces/include/bat_led_interfaces/srv/detail/dds_fastrtps
[3.372s] -- Installing: /home/ros_ws/install/bat_led_interfaces/lib/libbat_led_interfaces__rosidl_typesupport_fastrtps_cpp.so
[3.373s] -- Set runtime path of "/home/ros_ws/install/bat_led_interfaces/lib/libbat_led_interfaces__rosidl_typesupport_fastrtps_cpp.so" to ""
[3.373s] -- Up-to-date: /home/ros_ws/install/bat_led_interfaces/include/bat_led_interfaces
[3.373s] -- Up-to-date: /home/ros_ws/install/bat_led_interfaces/include/bat_led_interfaces/msg
[3.373s] -- Up-to-date: /home/ros_ws/install/bat_led_interfaces/include/bat_led_interfaces/msg/detail
[3.373s] -- Installing: /home/ros_ws/install/bat_led_interfaces/include/bat_led_interfaces/msg/detail/led_pannel_state__rosidl_typesupport_introspection_c.h
[3.373s] -- Installing: /home/ros_ws/install/bat_led_interfaces/include/bat_led_interfaces/msg/detail/led_pannel_state__type_support.c
[3.373s] -- Installing: /home/ros_ws/install/bat_led_interfaces/include/bat_led_interfaces/msg/rosidl_typesupport_introspection_c__visibility_control.h
[3.374s] -- Up-to-date: /home/ros_ws/install/bat_led_interfaces/include/bat_led_interfaces/srv
[3.374s] -- Up-to-date: /home/ros_ws/install/bat_led_interfaces/include/bat_led_interfaces/srv/detail
[3.374s] -- Installing: /home/ros_ws/install/bat_led_interfaces/include/bat_led_interfaces/srv/detail/set_led__type_support.c
[3.374s] -- Installing: /home/ros_ws/install/bat_led_interfaces/include/bat_led_interfaces/srv/detail/set_led__rosidl_typesupport_introspection_c.h
[3.374s] -- Installing: /home/ros_ws/install/bat_led_interfaces/lib/libbat_led_interfaces__rosidl_typesupport_introspection_c.so
[3.375s] -- Set runtime path of "/home/ros_ws/install/bat_led_interfaces/lib/libbat_led_interfaces__rosidl_typesupport_introspection_c.so" to ""
[3.375s] -- Installing: /home/ros_ws/install/bat_led_interfaces/lib/libbat_led_interfaces__rosidl_typesupport_c.so
[3.375s] -- Set runtime path of "/home/ros_ws/install/bat_led_interfaces/lib/libbat_led_interfaces__rosidl_typesupport_c.so" to ""
[3.376s] -- Up-to-date: /home/ros_ws/install/bat_led_interfaces/include/bat_led_interfaces
[3.376s] -- Up-to-date: /home/ros_ws/install/bat_led_interfaces/include/bat_led_interfaces/msg
[3.376s] -- Up-to-date: /home/ros_ws/install/bat_led_interfaces/include/bat_led_interfaces/msg/detail
[3.376s] -- Installing: /home/ros_ws/install/bat_led_interfaces/include/bat_led_interfaces/msg/detail/led_pannel_state__builder.hpp
[3.376s] -- Installing: /home/ros_ws/install/bat_led_interfaces/include/bat_led_interfaces/msg/detail/led_pannel_state__struct.hpp
[3.376s] -- Installing: /home/ros_ws/install/bat_led_interfaces/include/bat_led_interfaces/msg/detail/led_pannel_state__traits.hpp
[3.376s] -- Installing: /home/ros_ws/install/bat_led_interfaces/include/bat_led_interfaces/msg/led_pannel_state.hpp
[3.376s] -- Up-to-date: /home/ros_ws/install/bat_led_interfaces/include/bat_led_interfaces/srv
[3.376s] -- Up-to-date: /home/ros_ws/install/bat_led_interfaces/include/bat_led_interfaces/srv/detail
[3.377s] -- Installing: /home/ros_ws/install/bat_led_interfaces/include/bat_led_interfaces/srv/detail/set_led__builder.hpp
[3.377s] -- Installing: /home/ros_ws/install/bat_led_interfaces/include/bat_led_interfaces/srv/detail/set_led__traits.hpp
[3.377s] -- Installing: /home/ros_ws/install/bat_led_interfaces/include/bat_led_interfaces/srv/detail/set_led__struct.hpp
[3.377s] -- Installing: /home/ros_ws/install/bat_led_interfaces/include/bat_led_interfaces/srv/set_led.hpp
[3.377s] -- Up-to-date: /home/ros_ws/install/bat_led_interfaces/include/bat_led_interfaces
[3.377s] -- Up-to-date: /home/ros_ws/install/bat_led_interfaces/include/bat_led_interfaces/msg
[3.377s] -- Up-to-date: /home/ros_ws/install/bat_led_interfaces/include/bat_led_interfaces/msg/detail
[3.377s] -- Installing: /home/ros_ws/install/bat_led_interfaces/include/bat_led_interfaces/msg/detail/led_pannel_state__type_support.cpp
[3.377s] -- Installing: /home/ros_ws/install/bat_led_interfaces/include/bat_led_interfaces/msg/detail/led_pannel_state__rosidl_typesupport_introspection_cpp.hpp
[3.378s] -- Up-to-date: /home/ros_ws/install/bat_led_interfaces/include/bat_led_interfaces/srv
[3.378s] -- Up-to-date: /home/ros_ws/install/bat_led_interfaces/include/bat_led_interfaces/srv/detail
[3.378s] -- Installing: /home/ros_ws/install/bat_led_interfaces/include/bat_led_interfaces/srv/detail/set_led__type_support.cpp
[3.378s] -- Installing: /home/ros_ws/install/bat_led_interfaces/include/bat_led_interfaces/srv/detail/set_led__rosidl_typesupport_introspection_cpp.hpp
[3.378s] -- Installing: /home/ros_ws/install/bat_led_interfaces/lib/libbat_led_interfaces__rosidl_typesupport_introspection_cpp.so
[3.379s] -- Set runtime path of "/home/ros_ws/install/bat_led_interfaces/lib/libbat_led_interfaces__rosidl_typesupport_introspection_cpp.so" to ""
[3.379s] -- Installing: /home/ros_ws/install/bat_led_interfaces/lib/libbat_led_interfaces__rosidl_typesupport_cpp.so
[3.379s] -- Set runtime path of "/home/ros_ws/install/bat_led_interfaces/lib/libbat_led_interfaces__rosidl_typesupport_cpp.so" to ""
[3.380s] -- Installing: /home/ros_ws/install/bat_led_interfaces/share/bat_led_interfaces/environment/pythonpath.sh
[3.380s] -- Installing: /home/ros_ws/install/bat_led_interfaces/share/bat_led_interfaces/environment/pythonpath.dsv
[3.380s] -- Installing: /home/ros_ws/install/bat_led_interfaces/lib/python3.8/site-packages/bat_led_interfaces/__init__.py
[3.403s] Compiling '/home/ros_ws/install/bat_led_interfaces/lib/python3.8/site-packages/bat_led_interfaces/__init__.py'...
[3.406s] -- Installing: /home/ros_ws/install/bat_led_interfaces/lib/python3.8/site-packages/bat_led_interfaces/msg
[3.406s] -- Installing: /home/ros_ws/install/bat_led_interfaces/lib/python3.8/site-packages/bat_led_interfaces/msg/_led_pannel_state.py
[3.406s] -- Installing: /home/ros_ws/install/bat_led_interfaces/lib/python3.8/site-packages/bat_led_interfaces/msg/__init__.py
[3.406s] -- Installing: /home/ros_ws/install/bat_led_interfaces/lib/python3.8/site-packages/bat_led_interfaces/msg/_led_pannel_state_s.c
[3.406s] -- Installing: /home/ros_ws/install/bat_led_interfaces/lib/python3.8/site-packages/bat_led_interfaces/srv
[3.407s] -- Installing: /home/ros_ws/install/bat_led_interfaces/lib/python3.8/site-packages/bat_led_interfaces/srv/_set_led.py
[3.407s] -- Installing: /home/ros_ws/install/bat_led_interfaces/lib/python3.8/site-packages/bat_led_interfaces/srv/__init__.py
[3.407s] -- Installing: /home/ros_ws/install/bat_led_interfaces/lib/python3.8/site-packages/bat_led_interfaces/srv/_set_led_s.c
[3.408s] -- Installing: /home/ros_ws/install/bat_led_interfaces/lib/python3.8/site-packages/bat_led_interfaces/bat_led_interfaces_s__rosidl_typesupport_fastrtps_c.cpython-38-x86_64-linux-gnu.so
[3.408s] -- Set runtime path of "/home/ros_ws/install/bat_led_interfaces/lib/python3.8/site-packages/bat_led_interfaces/bat_led_interfaces_s__rosidl_typesupport_fastrtps_c.cpython-38-x86_64-linux-gnu.so" to ""
[3.408s] -- Installing: /home/ros_ws/install/bat_led_interfaces/lib/python3.8/site-packages/bat_led_interfaces/bat_led_interfaces_s__rosidl_typesupport_introspection_c.cpython-38-x86_64-linux-gnu.so
[3.408s] -- Set runtime path of "/home/ros_ws/install/bat_led_interfaces/lib/python3.8/site-packages/bat_led_interfaces/bat_led_interfaces_s__rosidl_typesupport_introspection_c.cpython-38-x86_64-linux-gnu.so" to ""
[3.408s] -- Installing: /home/ros_ws/install/bat_led_interfaces/lib/python3.8/site-packages/bat_led_interfaces/bat_led_interfaces_s__rosidl_typesupport_c.cpython-38-x86_64-linux-gnu.so
[3.408s] -- Set runtime path of "/home/ros_ws/install/bat_led_interfaces/lib/python3.8/site-packages/bat_led_interfaces/bat_led_interfaces_s__rosidl_typesupport_c.cpython-38-x86_64-linux-gnu.so" to ""
[3.409s] -- Installing: /home/ros_ws/install/bat_led_interfaces/lib/libbat_led_interfaces__python.so
[3.409s] -- Set runtime path of "/home/ros_ws/install/bat_led_interfaces/lib/libbat_led_interfaces__python.so" to ""
[3.409s] -- Installing: /home/ros_ws/install/bat_led_interfaces/share/bat_led_interfaces/msg/LedPannelState.idl
[3.409s] -- Installing: /home/ros_ws/install/bat_led_interfaces/share/bat_led_interfaces/srv/SetLed.idl
[3.409s] -- Installing: /home/ros_ws/install/bat_led_interfaces/share/bat_led_interfaces/msg/LedPannelState.msg
[3.409s] -- Installing: /home/ros_ws/install/bat_led_interfaces/share/bat_led_interfaces/srv/SetLed.srv
[3.409s] -- Installing: /home/ros_ws/install/bat_led_interfaces/share/bat_led_interfaces/srv/SetLed_Request.msg
[3.409s] -- Installing: /home/ros_ws/install/bat_led_interfaces/share/bat_led_interfaces/srv/SetLed_Response.msg
[3.409s] -- Installing: /home/ros_ws/install/bat_led_interfaces/share/ament_index/resource_index/package_run_dependencies/bat_led_interfaces
[3.409s] -- Installing: /home/ros_ws/install/bat_led_interfaces/share/ament_index/resource_index/parent_prefix_path/bat_led_interfaces
[3.410s] -- Installing: /home/ros_ws/install/bat_led_interfaces/share/bat_led_interfaces/environment/ament_prefix_path.sh
[3.410s] -- Installing: /home/ros_ws/install/bat_led_interfaces/share/bat_led_interfaces/environment/ament_prefix_path.dsv
[3.410s] -- Installing: /home/ros_ws/install/bat_led_interfaces/share/bat_led_interfaces/environment/path.sh
[3.410s] -- Installing: /home/ros_ws/install/bat_led_interfaces/share/bat_led_interfaces/environment/path.dsv
[3.410s] -- Installing: /home/ros_ws/install/bat_led_interfaces/share/bat_led_interfaces/local_setup.bash
[3.410s] -- Installing: /home/ros_ws/install/bat_led_interfaces/share/bat_led_interfaces/local_setup.sh
[3.410s] -- Installing: /home/ros_ws/install/bat_led_interfaces/share/bat_led_interfaces/local_setup.zsh
[3.410s] -- Installing: /home/ros_ws/install/bat_led_interfaces/share/bat_led_interfaces/local_setup.dsv
[3.410s] -- Installing: /home/ros_ws/install/bat_led_interfaces/share/bat_led_interfaces/package.dsv
[3.410s] -- Installing: /home/ros_ws/install/bat_led_interfaces/share/ament_index/resource_index/packages/bat_led_interfaces
[3.411s] -- Installing: /home/ros_ws/install/bat_led_interfaces/share/bat_led_interfaces/cmake/bat_led_interfaces__rosidl_generator_cExport.cmake
[3.411s] -- Installing: /home/ros_ws/install/bat_led_interfaces/share/bat_led_interfaces/cmake/bat_led_interfaces__rosidl_generator_cExport-noconfig.cmake
[3.411s] -- Installing: /home/ros_ws/install/bat_led_interfaces/share/bat_led_interfaces/cmake/bat_led_interfaces__rosidl_typesupport_introspection_cExport.cmake
[3.411s] -- Installing: /home/ros_ws/install/bat_led_interfaces/share/bat_led_interfaces/cmake/bat_led_interfaces__rosidl_typesupport_introspection_cExport-noconfig.cmake
[3.411s] -- Installing: /home/ros_ws/install/bat_led_interfaces/share/bat_led_interfaces/cmake/bat_led_interfaces__rosidl_typesupport_cExport.cmake
[3.411s] -- Installing: /home/ros_ws/install/bat_led_interfaces/share/bat_led_interfaces/cmake/bat_led_interfaces__rosidl_typesupport_cExport-noconfig.cmake
[3.411s] -- Installing: /home/ros_ws/install/bat_led_interfaces/share/bat_led_interfaces/cmake/bat_led_interfaces__rosidl_generator_cppExport.cmake
[3.411s] -- Installing: /home/ros_ws/install/bat_led_interfaces/share/bat_led_interfaces/cmake/bat_led_interfaces__rosidl_typesupport_introspection_cppExport.cmake
[3.411s] -- Installing: /home/ros_ws/install/bat_led_interfaces/share/bat_led_interfaces/cmake/bat_led_interfaces__rosidl_typesupport_introspection_cppExport-noconfig.cmake
[3.412s] -- Installing: /home/ros_ws/install/bat_led_interfaces/share/bat_led_interfaces/cmake/bat_led_interfaces__rosidl_typesupport_cppExport.cmake
[3.412s] -- Installing: /home/ros_ws/install/bat_led_interfaces/share/bat_led_interfaces/cmake/bat_led_interfaces__rosidl_typesupport_cppExport-noconfig.cmake
[3.412s] -- Installing: /home/ros_ws/install/bat_led_interfaces/share/bat_led_interfaces/cmake/rosidl_cmake-extras.cmake
[3.412s] -- Installing: /home/ros_ws/install/bat_led_interfaces/share/bat_led_interfaces/cmake/ament_cmake_export_dependencies-extras.cmake
[3.412s] -- Installing: /home/ros_ws/install/bat_led_interfaces/share/bat_led_interfaces/cmake/ament_cmake_export_libraries-extras.cmake
[3.412s] -- Installing: /home/ros_ws/install/bat_led_interfaces/share/bat_led_interfaces/cmake/ament_cmake_export_targets-extras.cmake
[3.412s] -- Installing: /home/ros_ws/install/bat_led_interfaces/share/bat_led_interfaces/cmake/ament_cmake_export_include_directories-extras.cmake
[3.412s] -- Installing: /home/ros_ws/install/bat_led_interfaces/share/bat_led_interfaces/cmake/rosidl_cmake_export_typesupport_libraries-extras.cmake
[3.412s] -- Installing: /home/ros_ws/install/bat_led_interfaces/share/bat_led_interfaces/cmake/rosidl_cmake_export_typesupport_targets-extras.cmake
[3.413s] -- Installing: /home/ros_ws/install/bat_led_interfaces/share/bat_led_interfaces/cmake/bat_led_interfacesConfig.cmake
[3.413s] -- Installing: /home/ros_ws/install/bat_led_interfaces/share/bat_led_interfaces/cmake/bat_led_interfacesConfig-version.cmake
[3.413s] -- Installing: /home/ros_ws/install/bat_led_interfaces/share/bat_led_interfaces/package.xml
[3.414s] Invoked command in '/home/ros_ws/build/bat_led_interfaces' returned '0': CMAKE_PREFIX_PATH=${CMAKE_PREFIX_PATH}:/home/ros_ws/install/my_py_pkg:/opt/ros/foxy /usr/bin/cmake --install /home/ros_ws/build/bat_led_interfaces
