[  1%] [34m[1mGenerating C code for ROS interfaces[0m
[  3%] [34m[1mGenerating C++ code for ROS interfaces[0m
[  3%] Built target ament_cmake_python_copy_tutorial_interfaces_cpp
running egg_info
writing tutorial_interfaces_cpp.egg-info/PKG-INFO
writing dependency_links to tutorial_interfaces_cpp.egg-info/dependency_links.txt
writing top-level names to tutorial_interfaces_cpp.egg-info/top_level.txt
reading manifest file 'tutorial_interfaces_cpp.egg-info/SOURCES.txt'
writing manifest file 'tutorial_interfaces_cpp.egg-info/SOURCES.txt'
[  3%] Built target ament_cmake_python_build_tutorial_interfaces_cpp_egg
[  3%] Built target tutorial_interfaces_cpp__cpp
[  5%] [34m[1mGenerating C++ type support for eProsima Fast-RTPS[0m
[  8%] [34m[1mGenerating C++ type support for eProsima Micro XRCE-DDS[0m
[  8%] [34m[1mGenerating C++ introspection for ROS interfaces[0m
[ 10%] [34m[1mGenerating C++ type support dispatch for ROS interfaces[0m
[ 13%] [32mBuilding C object CMakeFiles/tutorial_interfaces_cpp__rosidl_generator_c.dir/rosidl_generator_c/tutorial_interfaces_cpp/msg/detail/num__functions.c.o[0m
[ 13%] [32mBuilding C object CMakeFiles/tutorial_interfaces_cpp__rosidl_generator_c.dir/rosidl_generator_c/tutorial_interfaces_cpp/srv/detail/add_three_ints__functions.c.o[0m
[ 15%] [32mBuilding C object CMakeFiles/tutorial_interfaces_cpp__rosidl_generator_c.dir/rosidl_generator_c/tutorial_interfaces_cpp/msg/detail/sphere__functions.c.o[0m
[ 16%] [32m[1mLinking C shared library libtutorial_interfaces_cpp__rosidl_generator_c.so[0m
[ 16%] Built target tutorial_interfaces_cpp__rosidl_generator_c
[ 20%] [34m[1mGenerating C introspection for ROS interfaces[0m
[ 20%] [34m[1mGenerating C type support for eProsima Fast-RTPS[0m
[ 23%] [34m[1mGenerating C type support for eProsima Micro XRCE-DDS[0m
[ 23%] [34m[1mGenerating C type support dispatch for ROS interfaces[0m
[ 25%] [32mBuilding CXX object CMakeFiles/tutorial_interfaces_cpp__rosidl_typesupport_cpp.dir/rosidl_typesupport_cpp/tutorial_interfaces_cpp/msg/num__type_support.cpp.o[0m
[ 27%] [32mBuilding CXX object CMakeFiles/tutorial_interfaces_cpp__rosidl_typesupport_cpp.dir/rosidl_typesupport_cpp/tutorial_interfaces_cpp/srv/add_three_ints__type_support.cpp.o[0m
[ 28%] [32mBuilding CXX object CMakeFiles/tutorial_interfaces_cpp__rosidl_typesupport_cpp.dir/rosidl_typesupport_cpp/tutorial_interfaces_cpp/msg/sphere__type_support.cpp.o[0m
[ 30%] [32mBuilding CXX object CMakeFiles/tutorial_interfaces_cpp__rosidl_typesupport_microxrcedds_cpp.dir/rosidl_typesupport_microxrcedds_cpp/tutorial_interfaces_cpp/srv/detail/microxrcedds/add_three_ints__type_support_cpp.cpp.o[0m
[ 32%] [32mBuilding CXX object CMakeFiles/tutorial_interfaces_cpp__rosidl_typesupport_microxrcedds_cpp.dir/rosidl_typesupport_microxrcedds_cpp/tutorial_interfaces_cpp/msg/detail/microxrcedds/num__type_support_cpp.cpp.o[0m
[ 33%] [32mBuilding CXX object CMakeFiles/tutorial_interfaces_cpp__rosidl_typesupport_microxrcedds_cpp.dir/rosidl_typesupport_microxrcedds_cpp/tutorial_interfaces_cpp/msg/detail/microxrcedds/sphere__type_support_cpp.cpp.o[0m
[ 35%] [32mBuilding CXX object CMakeFiles/tutorial_interfaces_cpp__rosidl_typesupport_fastrtps_cpp.dir/rosidl_typesupport_fastrtps_cpp/tutorial_interfaces_cpp/msg/detail/dds_fastrtps/num__type_support.cpp.o[0m
[ 37%] [32mBuilding CXX object CMakeFiles/tutorial_interfaces_cpp__rosidl_typesupport_fastrtps_cpp.dir/rosidl_typesupport_fastrtps_cpp/tutorial_interfaces_cpp/msg/detail/dds_fastrtps/sphere__type_support.cpp.o[0m
[ 38%] [32mBuilding CXX object CMakeFiles/tutorial_interfaces_cpp__rosidl_typesupport_fastrtps_cpp.dir/rosidl_typesupport_fastrtps_cpp/tutorial_interfaces_cpp/srv/detail/dds_fastrtps/add_three_ints__type_support.cpp.o[0m
[ 40%] [32mBuilding CXX object CMakeFiles/tutorial_interfaces_cpp__rosidl_typesupport_introspection_cpp.dir/rosidl_typesupport_introspection_cpp/tutorial_interfaces_cpp/msg/detail/num__type_support.cpp.o[0m
[ 42%] [32mBuilding CXX object CMakeFiles/tutorial_interfaces_cpp__rosidl_typesupport_introspection_cpp.dir/rosidl_typesupport_introspection_cpp/tutorial_interfaces_cpp/srv/detail/add_three_ints__type_support.cpp.o[0m
[ 44%] [32mBuilding CXX object CMakeFiles/tutorial_interfaces_cpp__rosidl_typesupport_introspection_cpp.dir/rosidl_typesupport_introspection_cpp/tutorial_interfaces_cpp/msg/detail/sphere__type_support.cpp.o[0m
[ 45%] [32mBuilding CXX object CMakeFiles/tutorial_interfaces_cpp__rosidl_typesupport_c.dir/rosidl_typesupport_c/tutorial_interfaces_cpp/msg/num__type_support.cpp.o[0m
[ 47%] [32mBuilding CXX object CMakeFiles/tutorial_interfaces_cpp__rosidl_typesupport_c.dir/rosidl_typesupport_c/tutorial_interfaces_cpp/msg/sphere__type_support.cpp.o[0m
[ 49%] [32mBuilding CXX object CMakeFiles/tutorial_interfaces_cpp__rosidl_typesupport_c.dir/rosidl_typesupport_c/tutorial_interfaces_cpp/srv/add_three_ints__type_support.cpp.o[0m
[ 50%] [32mBuilding CXX object CMakeFiles/tutorial_interfaces_cpp__rosidl_typesupport_fastrtps_c.dir/rosidl_typesupport_fastrtps_c/tutorial_interfaces_cpp/msg/detail/num__type_support_c.cpp.o[0m
[ 52%] [32m[1mLinking CXX shared library libtutorial_interfaces_cpp__rosidl_typesupport_cpp.so[0m
[ 54%] [32mBuilding C object CMakeFiles/tutorial_interfaces_cpp__rosidl_typesupport_introspection_c.dir/rosidl_typesupport_introspection_c/tutorial_interfaces_cpp/msg/detail/num__type_support.c.o[0m
[ 55%] [32mBuilding CXX object CMakeFiles/tutorial_interfaces_cpp__rosidl_typesupport_fastrtps_c.dir/rosidl_typesupport_fastrtps_c/tutorial_interfaces_cpp/msg/detail/sphere__type_support_c.cpp.o[0m
[ 59%] [32mBuilding C object CMakeFiles/tutorial_interfaces_cpp__rosidl_typesupport_introspection_c.dir/rosidl_typesupport_introspection_c/tutorial_interfaces_cpp/msg/detail/sphere__type_support.c.o[0m
[ 59%] [32mBuilding C object CMakeFiles/tutorial_interfaces_cpp__rosidl_typesupport_microxrcedds_c.dir/rosidl_typesupport_microxrcedds_c/tutorial_interfaces_cpp/msg/detail/microxrcedds/num__type_support_c.c.o[0m
[ 61%] [32m[1mLinking CXX shared library libtutorial_interfaces_cpp__rosidl_typesupport_c.so[0m
[ 62%] [32mBuilding C object CMakeFiles/tutorial_interfaces_cpp__rosidl_typesupport_microxrcedds_c.dir/rosidl_typesupport_microxrcedds_c/tutorial_interfaces_cpp/msg/detail/microxrcedds/sphere__type_support_c.c.o[0m
[ 64%] [32mBuilding C object CMakeFiles/tutorial_interfaces_cpp__rosidl_typesupport_introspection_c.dir/rosidl_typesupport_introspection_c/tutorial_interfaces_cpp/srv/detail/add_three_ints__type_support.c.o[0m
[ 66%] [32mBuilding C object CMakeFiles/tutorial_interfaces_cpp__rosidl_typesupport_microxrcedds_c.dir/rosidl_typesupport_microxrcedds_c/tutorial_interfaces_cpp/srv/detail/microxrcedds/add_three_ints__type_support_c.c.o[0m
[ 66%] Built target tutorial_interfaces_cpp__rosidl_typesupport_cpp
[ 67%] [32mBuilding CXX object CMakeFiles/tutorial_interfaces_cpp__rosidl_typesupport_fastrtps_c.dir/rosidl_typesupport_fastrtps_c/tutorial_interfaces_cpp/srv/detail/add_three_ints__type_support_c.cpp.o[0m
[ 69%] [32m[1mLinking CXX shared library libtutorial_interfaces_cpp__rosidl_typesupport_microxrcedds_cpp.so[0m
[ 71%] [32m[1mLinking C shared library libtutorial_interfaces_cpp__rosidl_typesupport_introspection_c.so[0m
[ 72%] [32m[1mLinking C shared library libtutorial_interfaces_cpp__rosidl_typesupport_microxrcedds_c.so[0m
[ 72%] Built target tutorial_interfaces_cpp__rosidl_typesupport_c
[ 72%] Built target tutorial_interfaces_cpp__rosidl_typesupport_introspection_c
[ 72%] Built target tutorial_interfaces_cpp__rosidl_typesupport_microxrcedds_cpp
[ 72%] Built target tutorial_interfaces_cpp__rosidl_typesupport_microxrcedds_c
[ 74%] [32m[1mLinking CXX shared library libtutorial_interfaces_cpp__rosidl_typesupport_fastrtps_cpp.so[0m
[ 76%] [32m[1mLinking CXX shared library libtutorial_interfaces_cpp__rosidl_typesupport_introspection_cpp.so[0m
[ 76%] Built target tutorial_interfaces_cpp__rosidl_typesupport_introspection_cpp
[ 76%] Built target tutorial_interfaces_cpp__rosidl_typesupport_fastrtps_cpp
[ 77%] [32m[1mLinking CXX shared library libtutorial_interfaces_cpp__rosidl_typesupport_fastrtps_c.so[0m
[ 77%] Built target tutorial_interfaces_cpp__rosidl_typesupport_fastrtps_c
[ 77%] Built target tutorial_interfaces_cpp
[ 79%] [34m[1mGenerating Python code for ROS interfaces[0m
[ 79%] Built target tutorial_interfaces_cpp__py
[ 81%] [32mBuilding C object CMakeFiles/tutorial_interfaces_cpp__rosidl_generator_py.dir/rosidl_generator_py/tutorial_interfaces_cpp/msg/_num_s.c.o[0m
[ 83%] [32mBuilding C object CMakeFiles/tutorial_interfaces_cpp__rosidl_generator_py.dir/rosidl_generator_py/tutorial_interfaces_cpp/msg/_sphere_s.c.o[0m
[ 84%] [32mBuilding C object CMakeFiles/tutorial_interfaces_cpp__rosidl_generator_py.dir/rosidl_generator_py/tutorial_interfaces_cpp/srv/_add_three_ints_s.c.o[0m
[ 86%] [32m[1mLinking C shared library rosidl_generator_py/tutorial_interfaces_cpp/libtutorial_interfaces_cpp__rosidl_generator_py.so[0m
[ 86%] Built target tutorial_interfaces_cpp__rosidl_generator_py
[ 88%] [32mBuilding C object CMakeFiles/tutorial_interfaces_cpp__rosidl_typesupport_microxrcedds_c__pyext.dir/rosidl_generator_py/tutorial_interfaces_cpp/_tutorial_interfaces_cpp_s.ep.rosidl_typesupport_microxrcedds_c.c.o[0m
[ 89%] [32mBuilding C object CMakeFiles/tutorial_interfaces_cpp__rosidl_typesupport_fastrtps_c__pyext.dir/rosidl_generator_py/tutorial_interfaces_cpp/_tutorial_interfaces_cpp_s.ep.rosidl_typesupport_fastrtps_c.c.o[0m
[ 91%] [32mBuilding C object CMakeFiles/tutorial_interfaces_cpp__rosidl_typesupport_introspection_c__pyext.dir/rosidl_generator_py/tutorial_interfaces_cpp/_tutorial_interfaces_cpp_s.ep.rosidl_typesupport_introspection_c.c.o[0m
[ 93%] [32mBuilding C object CMakeFiles/tutorial_interfaces_cpp__rosidl_typesupport_c__pyext.dir/rosidl_generator_py/tutorial_interfaces_cpp/_tutorial_interfaces_cpp_s.ep.rosidl_typesupport_c.c.o[0m
[ 94%] [32m[1mLinking C shared library rosidl_generator_py/tutorial_interfaces_cpp/tutorial_interfaces_cpp_s__rosidl_typesupport_microxrcedds_c.cpython-311-x86_64-linux-gnu.so[0m
[ 96%] [32m[1mLinking C shared library rosidl_generator_py/tutorial_interfaces_cpp/tutorial_interfaces_cpp_s__rosidl_typesupport_c.cpython-311-x86_64-linux-gnu.so[0m
[100%] [32m[1mLinking C shared library rosidl_generator_py/tutorial_interfaces_cpp/tutorial_interfaces_cpp_s__rosidl_typesupport_introspection_c.cpython-311-x86_64-linux-gnu.so[0m
[100%] [32m[1mLinking C shared library rosidl_generator_py/tutorial_interfaces_cpp/tutorial_interfaces_cpp_s__rosidl_typesupport_fastrtps_c.cpython-311-x86_64-linux-gnu.so[0m
[100%] Built target tutorial_interfaces_cpp__rosidl_typesupport_microxrcedds_c__pyext
[100%] Built target tutorial_interfaces_cpp__rosidl_typesupport_introspection_c__pyext
[100%] Built target tutorial_interfaces_cpp__rosidl_typesupport_c__pyext
[100%] Built target tutorial_interfaces_cpp__rosidl_typesupport_fastrtps_c__pyext
