[1.282s] Invoking command in '/home/amruth/Documents/git/ros_ws/WS/build/tutorial_interfaces_cpp': CMAKE_PREFIX_PATH=${CMAKE_PREFIX_PATH}:/home/amruth/Documents/git/ros_ws/WS/install/py_srvcli:/home/amruth/Documents/git/ros_ws/WS/install/py_pubsub_2:/home/amruth/Documents/git/ros_ws/WS/install/py_pubsub:/home/amruth/Documents/git/ros_ws/WS/install/my_py_pkg_2:/home/amruth/Documents/git/ros_ws/WS/install/my_py_pkg:/home/amruth/Documents/git/microros_ws/install/sensor_msgs_py:/opt/ros/humble /usr/bin/cmake --build /home/amruth/Documents/git/ros_ws/WS/build/tutorial_interfaces_cpp --clean-first -- -j16 -l16
[1.613s] [  1%] [34m[1mGenerating C code for ROS interfaces[0m
[1.622s] [  3%] [34m[1mGenerating C++ code for ROS interfaces[0m
[1.635s] [  3%] Built target ament_cmake_python_copy_tutorial_interfaces_cpp
[1.925s] running egg_info
[1.927s] writing tutorial_interfaces_cpp.egg-info/PKG-INFO
[1.927s] writing dependency_links to tutorial_interfaces_cpp.egg-info/dependency_links.txt
[1.927s] writing top-level names to tutorial_interfaces_cpp.egg-info/top_level.txt
[1.930s] reading manifest file 'tutorial_interfaces_cpp.egg-info/SOURCES.txt'
[1.931s] writing manifest file 'tutorial_interfaces_cpp.egg-info/SOURCES.txt'
[1.991s] [  3%] Built target ament_cmake_python_build_tutorial_interfaces_cpp_egg
[2.011s] [  3%] Built target tutorial_interfaces_cpp__cpp
[2.027s] [  5%] [34m[1mGenerating C++ type support for eProsima Fast-RTPS[0m
[2.029s] [  8%] [34m[1mGenerating C++ type support for eProsima Micro XRCE-DDS[0m
[2.029s] [  8%] [34m[1mGenerating C++ introspection for ROS interfaces[0m
[2.030s] [ 10%] [34m[1mGenerating C++ type support dispatch for ROS interfaces[0m
[2.035s] [ 13%] [32mBuilding C object CMakeFiles/tutorial_interfaces_cpp__rosidl_generator_c.dir/rosidl_generator_c/tutorial_interfaces_cpp/msg/detail/num__functions.c.o[0m
[2.035s] [ 13%] [32mBuilding C object CMakeFiles/tutorial_interfaces_cpp__rosidl_generator_c.dir/rosidl_generator_c/tutorial_interfaces_cpp/srv/detail/add_three_ints__functions.c.o[0m
[2.038s] [ 15%] [32mBuilding C object CMakeFiles/tutorial_interfaces_cpp__rosidl_generator_c.dir/rosidl_generator_c/tutorial_interfaces_cpp/msg/detail/sphere__functions.c.o[0m
[2.118s] [ 16%] [32m[1mLinking C shared library libtutorial_interfaces_cpp__rosidl_generator_c.so[0m
[2.168s] [ 16%] Built target tutorial_interfaces_cpp__rosidl_generator_c
[2.186s] [ 20%] [34m[1mGenerating C introspection for ROS interfaces[0m
[2.187s] [ 20%] [34m[1mGenerating C type support for eProsima Fast-RTPS[0m
[2.187s] [ 23%] [34m[1mGenerating C type support for eProsima Micro XRCE-DDS[0m
[2.187s] [ 23%] [34m[1mGenerating C type support dispatch for ROS interfaces[0m
[2.487s] [ 25%] [32mBuilding CXX object CMakeFiles/tutorial_interfaces_cpp__rosidl_typesupport_cpp.dir/rosidl_typesupport_cpp/tutorial_interfaces_cpp/msg/num__type_support.cpp.o[0m
[2.488s] [ 27%] [32mBuilding CXX object CMakeFiles/tutorial_interfaces_cpp__rosidl_typesupport_cpp.dir/rosidl_typesupport_cpp/tutorial_interfaces_cpp/srv/add_three_ints__type_support.cpp.o[0m
[2.489s] [ 28%] [32mBuilding CXX object CMakeFiles/tutorial_interfaces_cpp__rosidl_typesupport_cpp.dir/rosidl_typesupport_cpp/tutorial_interfaces_cpp/msg/sphere__type_support.cpp.o[0m
[2.611s] [ 30%] [32mBuilding CXX object CMakeFiles/tutorial_interfaces_cpp__rosidl_typesupport_microxrcedds_cpp.dir/rosidl_typesupport_microxrcedds_cpp/tutorial_interfaces_cpp/srv/detail/microxrcedds/add_three_ints__type_support_cpp.cpp.o[0m
[2.616s] [ 32%] [32mBuilding CXX object CMakeFiles/tutorial_interfaces_cpp__rosidl_typesupport_microxrcedds_cpp.dir/rosidl_typesupport_microxrcedds_cpp/tutorial_interfaces_cpp/msg/detail/microxrcedds/num__type_support_cpp.cpp.o[0m
[2.624s] [ 33%] [32mBuilding CXX object CMakeFiles/tutorial_interfaces_cpp__rosidl_typesupport_microxrcedds_cpp.dir/rosidl_typesupport_microxrcedds_cpp/tutorial_interfaces_cpp/msg/detail/microxrcedds/sphere__type_support_cpp.cpp.o[0m
[2.640s] [ 35%] [32mBuilding CXX object CMakeFiles/tutorial_interfaces_cpp__rosidl_typesupport_fastrtps_cpp.dir/rosidl_typesupport_fastrtps_cpp/tutorial_interfaces_cpp/msg/detail/dds_fastrtps/num__type_support.cpp.o[0m
[2.646s] [ 37%] [32mBuilding CXX object CMakeFiles/tutorial_interfaces_cpp__rosidl_typesupport_fastrtps_cpp.dir/rosidl_typesupport_fastrtps_cpp/tutorial_interfaces_cpp/msg/detail/dds_fastrtps/sphere__type_support.cpp.o[0m
[2.665s] [ 38%] [32mBuilding CXX object CMakeFiles/tutorial_interfaces_cpp__rosidl_typesupport_fastrtps_cpp.dir/rosidl_typesupport_fastrtps_cpp/tutorial_interfaces_cpp/srv/detail/dds_fastrtps/add_three_ints__type_support.cpp.o[0m
[2.700s] [ 40%] [32mBuilding CXX object CMakeFiles/tutorial_interfaces_cpp__rosidl_typesupport_introspection_cpp.dir/rosidl_typesupport_introspection_cpp/tutorial_interfaces_cpp/msg/detail/num__type_support.cpp.o[0m
[2.737s] [ 42%] [32mBuilding CXX object CMakeFiles/tutorial_interfaces_cpp__rosidl_typesupport_introspection_cpp.dir/rosidl_typesupport_introspection_cpp/tutorial_interfaces_cpp/srv/detail/add_three_ints__type_support.cpp.o[0m
[2.743s] [ 44%] [32mBuilding CXX object CMakeFiles/tutorial_interfaces_cpp__rosidl_typesupport_introspection_cpp.dir/rosidl_typesupport_introspection_cpp/tutorial_interfaces_cpp/msg/detail/sphere__type_support.cpp.o[0m
[2.818s] [ 45%] [32mBuilding CXX object CMakeFiles/tutorial_interfaces_cpp__rosidl_typesupport_c.dir/rosidl_typesupport_c/tutorial_interfaces_cpp/msg/num__type_support.cpp.o[0m
[2.925s] [ 47%] [32mBuilding CXX object CMakeFiles/tutorial_interfaces_cpp__rosidl_typesupport_c.dir/rosidl_typesupport_c/tutorial_interfaces_cpp/msg/sphere__type_support.cpp.o[0m
[2.988s] [ 49%] [32mBuilding CXX object CMakeFiles/tutorial_interfaces_cpp__rosidl_typesupport_c.dir/rosidl_typesupport_c/tutorial_interfaces_cpp/srv/add_three_ints__type_support.cpp.o[0m
[3.000s] [ 50%] [32mBuilding CXX object CMakeFiles/tutorial_interfaces_cpp__rosidl_typesupport_fastrtps_c.dir/rosidl_typesupport_fastrtps_c/tutorial_interfaces_cpp/msg/detail/num__type_support_c.cpp.o[0m
[3.001s] [ 52%] [32m[1mLinking CXX shared library libtutorial_interfaces_cpp__rosidl_typesupport_cpp.so[0m
[3.009s] [ 54%] [32mBuilding C object CMakeFiles/tutorial_interfaces_cpp__rosidl_typesupport_introspection_c.dir/rosidl_typesupport_introspection_c/tutorial_interfaces_cpp/msg/detail/num__type_support.c.o[0m
[3.029s] [ 55%] [32mBuilding CXX object CMakeFiles/tutorial_interfaces_cpp__rosidl_typesupport_fastrtps_c.dir/rosidl_typesupport_fastrtps_c/tutorial_interfaces_cpp/msg/detail/sphere__type_support_c.cpp.o[0m
[3.037s] [ 59%] [32mBuilding C object CMakeFiles/tutorial_interfaces_cpp__rosidl_typesupport_introspection_c.dir/rosidl_typesupport_introspection_c/tutorial_interfaces_cpp/msg/detail/sphere__type_support.c.o[0m
[3.037s] [ 59%] [32mBuilding C object CMakeFiles/tutorial_interfaces_cpp__rosidl_typesupport_microxrcedds_c.dir/rosidl_typesupport_microxrcedds_c/tutorial_interfaces_cpp/msg/detail/microxrcedds/num__type_support_c.c.o[0m
[3.147s] [ 61%] [32m[1mLinking CXX shared library libtutorial_interfaces_cpp__rosidl_typesupport_c.so[0m
[3.157s] [ 62%] [32mBuilding C object CMakeFiles/tutorial_interfaces_cpp__rosidl_typesupport_microxrcedds_c.dir/rosidl_typesupport_microxrcedds_c/tutorial_interfaces_cpp/msg/detail/microxrcedds/sphere__type_support_c.c.o[0m
[3.177s] [ 64%] [32mBuilding C object CMakeFiles/tutorial_interfaces_cpp__rosidl_typesupport_introspection_c.dir/rosidl_typesupport_introspection_c/tutorial_interfaces_cpp/srv/detail/add_three_ints__type_support.c.o[0m
[3.185s] [ 66%] [32mBuilding C object CMakeFiles/tutorial_interfaces_cpp__rosidl_typesupport_microxrcedds_c.dir/rosidl_typesupport_microxrcedds_c/tutorial_interfaces_cpp/srv/detail/microxrcedds/add_three_ints__type_support_c.c.o[0m
[3.200s] [ 66%] Built target tutorial_interfaces_cpp__rosidl_typesupport_cpp
[3.240s] [ 67%] [32mBuilding CXX object CMakeFiles/tutorial_interfaces_cpp__rosidl_typesupport_fastrtps_c.dir/rosidl_typesupport_fastrtps_c/tutorial_interfaces_cpp/srv/detail/add_three_ints__type_support_c.cpp.o[0m
[3.262s] [ 69%] [32m[1mLinking CXX shared library libtutorial_interfaces_cpp__rosidl_typesupport_microxrcedds_cpp.so[0m
[3.285s] [ 71%] [32m[1mLinking C shared library libtutorial_interfaces_cpp__rosidl_typesupport_introspection_c.so[0m
[3.323s] [ 72%] [32m[1mLinking C shared library libtutorial_interfaces_cpp__rosidl_typesupport_microxrcedds_c.so[0m
[3.332s] [ 72%] Built target tutorial_interfaces_cpp__rosidl_typesupport_c
[3.430s] [ 72%] Built target tutorial_interfaces_cpp__rosidl_typesupport_introspection_c
[3.488s] [ 72%] Built target tutorial_interfaces_cpp__rosidl_typesupport_microxrcedds_cpp
[3.522s] [ 72%] Built target tutorial_interfaces_cpp__rosidl_typesupport_microxrcedds_c
[3.554s] [ 74%] [32m[1mLinking CXX shared library libtutorial_interfaces_cpp__rosidl_typesupport_fastrtps_cpp.so[0m
[3.574s] [ 76%] [32m[1mLinking CXX shared library libtutorial_interfaces_cpp__rosidl_typesupport_introspection_cpp.so[0m
[3.726s] [ 76%] Built target tutorial_interfaces_cpp__rosidl_typesupport_introspection_cpp
[3.728s] [ 76%] Built target tutorial_interfaces_cpp__rosidl_typesupport_fastrtps_cpp
[3.809s] [ 77%] [32m[1mLinking CXX shared library libtutorial_interfaces_cpp__rosidl_typesupport_fastrtps_c.so[0m
[3.951s] [ 77%] Built target tutorial_interfaces_cpp__rosidl_typesupport_fastrtps_c
[3.982s] [ 77%] Built target tutorial_interfaces_cpp
[4.018s] [ 79%] [34m[1mGenerating Python code for ROS interfaces[0m
[4.810s] [ 79%] Built target tutorial_interfaces_cpp__py
[4.875s] [ 81%] [32mBuilding C object CMakeFiles/tutorial_interfaces_cpp__rosidl_generator_py.dir/rosidl_generator_py/tutorial_interfaces_cpp/msg/_num_s.c.o[0m
[4.892s] [ 83%] [32mBuilding C object CMakeFiles/tutorial_interfaces_cpp__rosidl_generator_py.dir/rosidl_generator_py/tutorial_interfaces_cpp/msg/_sphere_s.c.o[0m
[4.936s] [ 84%] [32mBuilding C object CMakeFiles/tutorial_interfaces_cpp__rosidl_generator_py.dir/rosidl_generator_py/tutorial_interfaces_cpp/srv/_add_three_ints_s.c.o[0m
[5.227s] [ 86%] [32m[1mLinking C shared library rosidl_generator_py/tutorial_interfaces_cpp/libtutorial_interfaces_cpp__rosidl_generator_py.so[0m
[5.373s] [ 86%] Built target tutorial_interfaces_cpp__rosidl_generator_py
[5.461s] [ 88%] [32mBuilding C object CMakeFiles/tutorial_interfaces_cpp__rosidl_typesupport_microxrcedds_c__pyext.dir/rosidl_generator_py/tutorial_interfaces_cpp/_tutorial_interfaces_cpp_s.ep.rosidl_typesupport_microxrcedds_c.c.o[0m
[5.481s] [ 89%] [32mBuilding C object CMakeFiles/tutorial_interfaces_cpp__rosidl_typesupport_fastrtps_c__pyext.dir/rosidl_generator_py/tutorial_interfaces_cpp/_tutorial_interfaces_cpp_s.ep.rosidl_typesupport_fastrtps_c.c.o[0m
[5.511s] [ 91%] [32mBuilding C object CMakeFiles/tutorial_interfaces_cpp__rosidl_typesupport_introspection_c__pyext.dir/rosidl_generator_py/tutorial_interfaces_cpp/_tutorial_interfaces_cpp_s.ep.rosidl_typesupport_introspection_c.c.o[0m
[5.513s] [ 93%] [32mBuilding C object CMakeFiles/tutorial_interfaces_cpp__rosidl_typesupport_c__pyext.dir/rosidl_generator_py/tutorial_interfaces_cpp/_tutorial_interfaces_cpp_s.ep.rosidl_typesupport_c.c.o[0m
[5.726s] [ 94%] [32m[1mLinking C shared library rosidl_generator_py/tutorial_interfaces_cpp/tutorial_interfaces_cpp_s__rosidl_typesupport_microxrcedds_c.cpython-311-x86_64-linux-gnu.so[0m
[5.761s] [ 96%] [32m[1mLinking C shared library rosidl_generator_py/tutorial_interfaces_cpp/tutorial_interfaces_cpp_s__rosidl_typesupport_c.cpython-311-x86_64-linux-gnu.so[0m
[5.806s] [100%] [32m[1mLinking C shared library rosidl_generator_py/tutorial_interfaces_cpp/tutorial_interfaces_cpp_s__rosidl_typesupport_introspection_c.cpython-311-x86_64-linux-gnu.so[0m
[5.806s] [100%] [32m[1mLinking C shared library rosidl_generator_py/tutorial_interfaces_cpp/tutorial_interfaces_cpp_s__rosidl_typesupport_fastrtps_c.cpython-311-x86_64-linux-gnu.so[0m
[5.879s] [100%] Built target tutorial_interfaces_cpp__rosidl_typesupport_microxrcedds_c__pyext
[5.938s] [100%] Built target tutorial_interfaces_cpp__rosidl_typesupport_introspection_c__pyext
[5.979s] [100%] Built target tutorial_interfaces_cpp__rosidl_typesupport_c__pyext
[5.987s] [100%] Built target tutorial_interfaces_cpp__rosidl_typesupport_fastrtps_c__pyext
