[0.015s] Invoking command in '/home/ros_ws/build/my_cpp_pkg': CMAKE_PREFIX_PATH=${CMAKE_PREFIX_PATH}:/opt/ros/foxy /usr/bin/cmake --build /home/ros_ws/build/my_cpp_pkg -- -j16 -l16
[0.080s] [35m[1mScanning dependencies of target number_counter[0m
[0.090s] [ 37%] Built target add_two_ints_client
[0.091s] [ 37%] Built target cpp_node
[0.091s] [ 37%] Built target add_two_ints_client_no_oop
[0.093s] [ 62%] Built target number_publisher
[0.093s] [ 62%] Built target smartphone
[0.097s] [ 81%] Built target add_two_ints_server
[0.097s] [ 87%] Built target robot_news_station
[0.102s] [ 93%] [32mBuilding CXX object CMakeFiles/number_counter.dir/src/number_counter.cpp.o[0m
[1.125s] [01m[K/home/ros_ws/src/my_cpp_pkg/src/number_counter.cpp:[m[K In member function ‘[01m[Kvoid NumberCounter::count_number_publisher(std_msgs::msg::Int64_<std::allocator<void> >::SharedPtr)[m[K’:
[1.125s] [01m[K/home/ros_ws/src/my_cpp_pkg/src/number_counter.cpp:20:67:[m[K [01;35m[Kwarning: [m[Kunused parameter ‘[01m[Kvalue[m[K’ [[01;35m[K-Wunused-parameter[m[K]
[1.125s]    20 | void count_number_publisher([01;35m[Kconst std_msgs::msg::Int64::SharedPtr value[m[K)
[1.125s]       |                             [01;35m[K~~~~~~~~~~~~~~~~~~~~~~~~~~~~~~~~~~~~~~^~~~~[m[K
[3.997s] [100%] [32m[1mLinking CXX executable number_counter[0m
[4.242s] [100%] Built target number_counter
[4.264s] Invoked command in '/home/ros_ws/build/my_cpp_pkg' returned '0': CMAKE_PREFIX_PATH=${CMAKE_PREFIX_PATH}:/opt/ros/foxy /usr/bin/cmake --build /home/ros_ws/build/my_cpp_pkg -- -j16 -l16
[4.359s] Invoking command in '/home/ros_ws/build/my_cpp_pkg': CMAKE_PREFIX_PATH=${CMAKE_PREFIX_PATH}:/opt/ros/foxy /usr/bin/cmake --install /home/ros_ws/build/my_cpp_pkg
[4.377s] -- Install configuration: ""
[4.377s] -- Up-to-date: /home/ros_ws/install/my_cpp_pkg/lib/my_cpp_pkg/cpp_node
[4.378s] -- Up-to-date: /home/ros_ws/install/my_cpp_pkg/lib/my_cpp_pkg/robot_news_station
[4.378s] -- Up-to-date: /home/ros_ws/install/my_cpp_pkg/lib/my_cpp_pkg/smartphone
[4.379s] -- Up-to-date: /home/ros_ws/install/my_cpp_pkg/lib/my_cpp_pkg/add_two_ints_client_no_oop
[4.379s] -- Up-to-date: /home/ros_ws/install/my_cpp_pkg/lib/my_cpp_pkg/add_two_ints_client
[4.380s] -- Up-to-date: /home/ros_ws/install/my_cpp_pkg/lib/my_cpp_pkg/add_two_ints_server
[4.380s] -- Installing: /home/ros_ws/install/my_cpp_pkg/lib/my_cpp_pkg/number_publisher
[4.383s] -- Set runtime path of "/home/ros_ws/install/my_cpp_pkg/lib/my_cpp_pkg/number_publisher" to ""
[4.383s] -- Installing: /home/ros_ws/install/my_cpp_pkg/lib/my_cpp_pkg/number_counter
[4.389s] -- Set runtime path of "/home/ros_ws/install/my_cpp_pkg/lib/my_cpp_pkg/number_counter" to ""
[4.389s] -- Up-to-date: /home/ros_ws/install/my_cpp_pkg/share/ament_index/resource_index/package_run_dependencies/my_cpp_pkg
[4.389s] -- Up-to-date: /home/ros_ws/install/my_cpp_pkg/share/ament_index/resource_index/parent_prefix_path/my_cpp_pkg
[4.389s] -- Up-to-date: /home/ros_ws/install/my_cpp_pkg/share/my_cpp_pkg/environment/ament_prefix_path.sh
[4.390s] -- Installing: /home/ros_ws/install/my_cpp_pkg/share/my_cpp_pkg/environment/ament_prefix_path.dsv
[4.390s] -- Up-to-date: /home/ros_ws/install/my_cpp_pkg/share/my_cpp_pkg/environment/path.sh
[4.390s] -- Installing: /home/ros_ws/install/my_cpp_pkg/share/my_cpp_pkg/environment/path.dsv
[4.390s] -- Up-to-date: /home/ros_ws/install/my_cpp_pkg/share/my_cpp_pkg/local_setup.bash
[4.390s] -- Up-to-date: /home/ros_ws/install/my_cpp_pkg/share/my_cpp_pkg/local_setup.sh
[4.390s] -- Up-to-date: /home/ros_ws/install/my_cpp_pkg/share/my_cpp_pkg/local_setup.zsh
[4.390s] -- Installing: /home/ros_ws/install/my_cpp_pkg/share/my_cpp_pkg/local_setup.dsv
[4.390s] -- Installing: /home/ros_ws/install/my_cpp_pkg/share/my_cpp_pkg/package.dsv
[4.391s] -- Up-to-date: /home/ros_ws/install/my_cpp_pkg/share/ament_index/resource_index/packages/my_cpp_pkg
[4.391s] -- Up-to-date: /home/ros_ws/install/my_cpp_pkg/share/my_cpp_pkg/cmake/my_cpp_pkgConfig.cmake
[4.391s] -- Up-to-date: /home/ros_ws/install/my_cpp_pkg/share/my_cpp_pkg/cmake/my_cpp_pkgConfig-version.cmake
[4.391s] -- Up-to-date: /home/ros_ws/install/my_cpp_pkg/share/my_cpp_pkg/package.xml
[4.394s] Invoked command in '/home/ros_ws/build/my_cpp_pkg' returned '0': CMAKE_PREFIX_PATH=${CMAKE_PREFIX_PATH}:/opt/ros/foxy /usr/bin/cmake --install /home/ros_ws/build/my_cpp_pkg
