[0.018s] Invoking command in '/home/ros_ws/build/my_cpp_pkg': CMAKE_PREFIX_PATH=${CMAKE_PREFIX_PATH}:/opt/ros/foxy /usr/bin/cmake --build /home/ros_ws/build/my_cpp_pkg -- -j16 -l16
[0.042s] -- Found ament_cmake: 0.9.11 (/opt/ros/foxy/share/ament_cmake/cmake)
[0.061s] -- Using PYTHON_EXECUTABLE: /usr/bin/python3
[0.223s] -- Found rclcpp: 2.4.2 (/opt/ros/foxy/share/rclcpp/cmake)
[0.255s] -- Using all available rosidl_typesupport_c: rosidl_typesupport_fastrtps_c;rosidl_typesupport_introspection_c
[0.258s] -- Found rosidl_adapter: 1.3.0 (/opt/ros/foxy/share/rosidl_adapter/cmake)
[0.413s] -- Using all available rosidl_typesupport_cpp: rosidl_typesupport_fastrtps_cpp;rosidl_typesupport_introspection_cpp
[0.456s] -- Found rmw_implementation_cmake: 1.0.3 (/opt/ros/foxy/share/rmw_implementation_cmake/cmake)
[0.457s] -- Using RMW implementation 'rmw_fastrtps_cpp' as default
[0.581s] -- Found example_interfaces: 0.9.1 (/opt/ros/foxy/share/example_interfaces/cmake)
[0.675s] CMake Error at /opt/ros/foxy/share/ament_cmake_target_dependencies/cmake/ament_target_dependencies.cmake:42 (message):
[0.675s]   ament_target_dependencies() the first argument must be a valid target name
[0.675s] Call Stack (most recent call first):
[0.675s]   CMakeLists.txt:29 (ament_target_dependencies)
[0.676s] 
[0.676s] 
[0.677s] -- Configuring incomplete, errors occurred!
[0.677s] See also "/home/ros_ws/build/my_cpp_pkg/CMakeFiles/CMakeOutput.log".
[0.677s] See also "/home/ros_ws/build/my_cpp_pkg/CMakeFiles/CMakeError.log".
[0.681s] make: *** [Makefile:266: cmake_check_build_system] Error 1
[0.683s] Invoked command in '/home/ros_ws/build/my_cpp_pkg' returned '2': CMAKE_PREFIX_PATH=${CMAKE_PREFIX_PATH}:/opt/ros/foxy /usr/bin/cmake --build /home/ros_ws/build/my_cpp_pkg -- -j16 -l16
