-- Found ament_cmake: 0.9.11 (/opt/ros/foxy/share/ament_cmake/cmake)
-- Using PYTHON_EXECUTABLE: /usr/bin/python3
-- Found rclcpp: 2.4.2 (/opt/ros/foxy/share/rclcpp/cmake)
-- Using all available rosidl_typesupport_c: rosidl_typesupport_fastrtps_c;rosidl_typesupport_introspection_c
-- Found rosidl_adapter: 1.3.0 (/opt/ros/foxy/share/rosidl_adapter/cmake)
-- Found OpenSSL: /usr/lib/x86_64-linux-gnu/libcrypto.so (found version "1.1.1f")  
-- Found FastRTPS: /opt/ros/foxy/include  
-- Using all available rosidl_typesupport_cpp: rosidl_typesupport_fastrtps_cpp;rosidl_typesupport_introspection_cpp
-- Found rmw_implementation_cmake: 1.0.3 (/opt/ros/foxy/share/rmw_implementation_cmake/cmake)
-- Using RMW implementation 'rmw_fastrtps_cpp' as default
-- Looking for pthread.h
-- Looking for pthread.h - found
-- Performing Test CMAKE_HAVE_LIBC_PTHREAD
-- Performing Test CMAKE_HAVE_LIBC_PTHREAD - Failed
-- Looking for pthread_create in pthreads
-- Looking for pthread_create in pthreads - not found
-- Looking for pthread_create in pthread
-- Looking for pthread_create in pthread - found
-- Found Threads: TRUE  
-- Found example_interfaces: 0.9.1 (/opt/ros/foxy/share/example_interfaces/cmake)
-- Configuring done
-- Generating done
-- Build files have been written to: /home/ros_ws/build/my_cpp_pkg
[35m[1mScanning dependencies of target add_two_ints_client_no_oop[0m
[ 50%] [32mBuilding CXX object CMakeFiles/add_two_ints_client_no_oop.dir/src/add_two_ints_client_no_oop.cpp.o[0m
In file included from [01m[K/opt/ros/foxy/include/rclcpp/service.hpp:34[m[K,
                 from [01m[K/opt/ros/foxy/include/rclcpp/callback_group.hpp:25[m[K,
                 from [01m[K/opt/ros/foxy/include/rclcpp/any_executable.hpp:20[m[K,
                 from [01m[K/opt/ros/foxy/include/rclcpp/memory_strategy.hpp:24[m[K,
                 from [01m[K/opt/ros/foxy/include/rclcpp/memory_strategies.hpp:18[m[K,
                 from [01m[K/opt/ros/foxy/include/rclcpp/executor_options.hpp:20[m[K,
                 from [01m[K/opt/ros/foxy/include/rclcpp/executor.hpp:33[m[K,
                 from [01m[K/opt/ros/foxy/include/rclcpp/executors/multi_threaded_executor.hpp:26[m[K,
                 from [01m[K/opt/ros/foxy/include/rclcpp/executors.hpp:21[m[K,
                 from [01m[K/opt/ros/foxy/include/rclcpp/rclcpp.hpp:146[m[K,
                 from [01m[K/home/ros_ws/src/my_cpp_pkg/src/add_two_ints_client_no_oop.cpp:1[m[K:
[01m[K/home/ros_ws/src/my_cpp_pkg/src/add_two_ints_client_no_oop.cpp:[m[K In function ‘[01m[Kint main(int, char**)[m[K’:
[01m[K/home/ros_ws/src/my_cpp_pkg/src/add_two_ints_client_no_oop.cpp:24:21:[m[K [01;31m[Kerror: [m[Kinvalid use of ‘[01m[Kthis[m[K’ in non-member function
   24 |         RCLCPP_INFO([01;31m[Kthis[m[K->get_logger(), "%d + %d = %d", request->a, request->b, future.get()->sum );
      |                     [01;31m[K^~~~[m[K
[01m[K/home/ros_ws/src/my_cpp_pkg/src/add_two_ints_client_no_oop.cpp:24:21:[m[K [01;31m[Kerror: [m[Kinvalid use of ‘[01m[Kthis[m[K’ in non-member function
[01m[K/home/ros_ws/src/my_cpp_pkg/src/add_two_ints_client_no_oop.cpp:24:9:[m[K [01;31m[Kerror: [m[Ktemplate argument 1 is invalid
   24 |         [01;31m[KRCLCPP_INFO[m[K(this->get_logger(), "%d + %d = %d", request->a, request->b, future.get()->sum );
      |         [01;31m[K^~~~~~~~~~~[m[K
[01m[K/home/ros_ws/src/my_cpp_pkg/src/add_two_ints_client_no_oop.cpp:24:9:[m[K [01;31m[Kerror: [m[Ktemplate argument 1 is invalid
   24 |         [01;31m[KRCLCPP_INFO[m[K(this->get_logger(), "%d + %d = %d", request->a, request->b, future.get()->sum );
      |         [01;31m[K^~~~~~~~~~~[m[K
[01m[K/home/ros_ws/src/my_cpp_pkg/src/add_two_ints_client_no_oop.cpp:24:9:[m[K [01;31m[Kerror: [m[Ktemplate argument 1 is invalid
   24 |         [01;31m[KRCLCPP_INFO[m[K(this->get_logger(), "%d + %d = %d", request->a, request->b, future.get()->sum );
      |         [01;31m[K^~~~~~~~~~~[m[K
In file included from [01m[K/opt/ros/foxy/include/rclcpp/client.hpp:40[m[K,
                 from [01m[K/opt/ros/foxy/include/rclcpp/callback_group.hpp:23[m[K,
                 from [01m[K/opt/ros/foxy/include/rclcpp/any_executable.hpp:20[m[K,
                 from [01m[K/opt/ros/foxy/include/rclcpp/memory_strategy.hpp:24[m[K,
                 from [01m[K/opt/ros/foxy/include/rclcpp/memory_strategies.hpp:18[m[K,
                 from [01m[K/opt/ros/foxy/include/rclcpp/executor_options.hpp:20[m[K,
                 from [01m[K/opt/ros/foxy/include/rclcpp/executor.hpp:33[m[K,
                 from [01m[K/opt/ros/foxy/include/rclcpp/executors/multi_threaded_executor.hpp:26[m[K,
                 from [01m[K/opt/ros/foxy/include/rclcpp/executors.hpp:21[m[K,
                 from [01m[K/opt/ros/foxy/include/rclcpp/rclcpp.hpp:146[m[K,
                 from [01m[K/home/ros_ws/src/my_cpp_pkg/src/add_two_ints_client_no_oop.cpp:1[m[K:
[01m[K/home/ros_ws/src/my_cpp_pkg/src/add_two_ints_client_no_oop.cpp:24:21:[m[K [01;31m[Kerror: [m[Kinvalid use of ‘[01m[Kthis[m[K’ in non-member function
   24 |         RCLCPP_INFO([01;31m[Kthis[m[K->get_logger(), "%d + %d = %d", request->a, request->b, future.get()->sum );
      |                     [01;31m[K^~~~[m[K
[01m[K/home/ros_ws/src/my_cpp_pkg/src/add_two_ints_client_no_oop.cpp:24:21:[m[K [01;31m[Kerror: [m[Kinvalid use of ‘[01m[Kthis[m[K’ in non-member function
   24 |         RCLCPP_INFO([01;31m[Kthis[m[K->get_logger(), "%d + %d = %d", request->a, request->b, future.get()->sum );
      |                     [01;31m[K^~~~[m[K
In file included from [01m[K/opt/ros/foxy/include/rclcpp/service.hpp:34[m[K,
                 from [01m[K/opt/ros/foxy/include/rclcpp/callback_group.hpp:25[m[K,
                 from [01m[K/opt/ros/foxy/include/rclcpp/any_executable.hpp:20[m[K,
                 from [01m[K/opt/ros/foxy/include/rclcpp/memory_strategy.hpp:24[m[K,
                 from [01m[K/opt/ros/foxy/include/rclcpp/memory_strategies.hpp:18[m[K,
                 from [01m[K/opt/ros/foxy/include/rclcpp/executor_options.hpp:20[m[K,
                 from [01m[K/opt/ros/foxy/include/rclcpp/executor.hpp:33[m[K,
                 from [01m[K/opt/ros/foxy/include/rclcpp/executors/multi_threaded_executor.hpp:26[m[K,
                 from [01m[K/opt/ros/foxy/include/rclcpp/executors.hpp:21[m[K,
                 from [01m[K/opt/ros/foxy/include/rclcpp/rclcpp.hpp:146[m[K,
                 from [01m[K/home/ros_ws/src/my_cpp_pkg/src/add_two_ints_client_no_oop.cpp:1[m[K:
[01m[K/home/ros_ws/src/my_cpp_pkg/src/add_two_ints_client_no_oop.cpp:27:22:[m[K [01;31m[Kerror: [m[Kinvalid use of ‘[01m[Kthis[m[K’ in non-member function
   27 |         RCLCPP_ERROR([01;31m[Kthis[m[K->get_logger(), "Error while cslling service");
      |                      [01;31m[K^~~~[m[K
[01m[K/home/ros_ws/src/my_cpp_pkg/src/add_two_ints_client_no_oop.cpp:27:22:[m[K [01;31m[Kerror: [m[Kinvalid use of ‘[01m[Kthis[m[K’ in non-member function
[01m[K/home/ros_ws/src/my_cpp_pkg/src/add_two_ints_client_no_oop.cpp:27:9:[m[K [01;31m[Kerror: [m[Ktemplate argument 1 is invalid
   27 |         [01;31m[KRCLCPP_ERROR[m[K(this->get_logger(), "Error while cslling service");
      |         [01;31m[K^~~~~~~~~~~~[m[K
[01m[K/home/ros_ws/src/my_cpp_pkg/src/add_two_ints_client_no_oop.cpp:27:9:[m[K [01;31m[Kerror: [m[Ktemplate argument 1 is invalid
   27 |         [01;31m[KRCLCPP_ERROR[m[K(this->get_logger(), "Error while cslling service");
      |         [01;31m[K^~~~~~~~~~~~[m[K
[01m[K/home/ros_ws/src/my_cpp_pkg/src/add_two_ints_client_no_oop.cpp:27:9:[m[K [01;31m[Kerror: [m[Ktemplate argument 1 is invalid
   27 |         [01;31m[KRCLCPP_ERROR[m[K(this->get_logger(), "Error while cslling service");
      |         [01;31m[K^~~~~~~~~~~~[m[K
In file included from [01m[K/opt/ros/foxy/include/rclcpp/client.hpp:40[m[K,
                 from [01m[K/opt/ros/foxy/include/rclcpp/callback_group.hpp:23[m[K,
                 from [01m[K/opt/ros/foxy/include/rclcpp/any_executable.hpp:20[m[K,
                 from [01m[K/opt/ros/foxy/include/rclcpp/memory_strategy.hpp:24[m[K,
                 from [01m[K/opt/ros/foxy/include/rclcpp/memory_strategies.hpp:18[m[K,
                 from [01m[K/opt/ros/foxy/include/rclcpp/executor_options.hpp:20[m[K,
                 from [01m[K/opt/ros/foxy/include/rclcpp/executor.hpp:33[m[K,
                 from [01m[K/opt/ros/foxy/include/rclcpp/executors/multi_threaded_executor.hpp:26[m[K,
                 from [01m[K/opt/ros/foxy/include/rclcpp/executors.hpp:21[m[K,
                 from [01m[K/opt/ros/foxy/include/rclcpp/rclcpp.hpp:146[m[K,
                 from [01m[K/home/ros_ws/src/my_cpp_pkg/src/add_two_ints_client_no_oop.cpp:1[m[K:
[01m[K/home/ros_ws/src/my_cpp_pkg/src/add_two_ints_client_no_oop.cpp:27:22:[m[K [01;31m[Kerror: [m[Kinvalid use of ‘[01m[Kthis[m[K’ in non-member function
   27 |         RCLCPP_ERROR([01;31m[Kthis[m[K->get_logger(), "Error while cslling service");
      |                      [01;31m[K^~~~[m[K
[01m[K/home/ros_ws/src/my_cpp_pkg/src/add_two_ints_client_no_oop.cpp:27:22:[m[K [01;31m[Kerror: [m[Kinvalid use of ‘[01m[Kthis[m[K’ in non-member function
   27 |         RCLCPP_ERROR([01;31m[Kthis[m[K->get_logger(), "Error while cslling service");
      |                      [01;31m[K^~~~[m[K
make[2]: *** [CMakeFiles/add_two_ints_client_no_oop.dir/build.make:63: CMakeFiles/add_two_ints_client_no_oop.dir/src/add_two_ints_client_no_oop.cpp.o] Error 1
make[1]: *** [CMakeFiles/Makefile2:78: CMakeFiles/add_two_ints_client_no_oop.dir/all] Error 2
make: *** [Makefile:141: all] Error 2
