[0.014s] Invoking command in '/home/ros_ws/build/my_cpp_pkg': CMAKE_PREFIX_PATH=/opt/ros/foxy /usr/bin/cmake --build /home/ros_ws/build/my_cpp_pkg -- -j16 -l16
[0.039s] -- Found ament_cmake: 0.9.11 (/opt/ros/foxy/share/ament_cmake/cmake)
[0.060s] -- Using PYTHON_EXECUTABLE: /usr/bin/python3
[0.194s] -- Found rclcpp: 2.4.2 (/opt/ros/foxy/share/rclcpp/cmake)
[0.238s] -- Using all available rosidl_typesupport_c: rosidl_typesupport_fastrtps_c;rosidl_typesupport_introspection_c
[0.246s] -- Found rosidl_adapter: 1.3.0 (/opt/ros/foxy/share/rosidl_adapter/cmake)
[0.341s] -- Found OpenSSL: /usr/lib/x86_64-linux-gnu/libcrypto.so (found version "1.1.1f")  
[0.391s] -- Found FastRTPS: /opt/ros/foxy/include  
[0.479s] -- Using all available rosidl_typesupport_cpp: rosidl_typesupport_fastrtps_cpp;rosidl_typesupport_introspection_cpp
[0.530s] -- Found rmw_implementation_cmake: 1.0.3 (/opt/ros/foxy/share/rmw_implementation_cmake/cmake)
[0.531s] -- Using RMW implementation 'rmw_fastrtps_cpp' as default
[0.531s] -- Looking for pthread.h
[0.590s] -- Looking for pthread.h - found
[0.590s] -- Performing Test CMAKE_HAVE_LIBC_PTHREAD
[0.652s] -- Performing Test CMAKE_HAVE_LIBC_PTHREAD - Failed
[0.652s] -- Looking for pthread_create in pthreads
[0.701s] -- Looking for pthread_create in pthreads - not found
[0.701s] -- Looking for pthread_create in pthread
[0.761s] -- Looking for pthread_create in pthread - found
[0.762s] -- Found Threads: TRUE  
[0.897s] -- Found example_interfaces: 0.9.1 (/opt/ros/foxy/share/example_interfaces/cmake)
[1.051s] -- Configuring done
[1.058s] -- Generating done
[1.059s] -- Build files have been written to: /home/ros_ws/build/my_cpp_pkg
[1.080s] [35m[1mScanning dependencies of target add_two_ints_client_no_oop[0m
[1.110s] [ 50%] [32mBuilding CXX object CMakeFiles/add_two_ints_client_no_oop.dir/src/add_two_ints_client_no_oop.cpp.o[0m
[2.147s] In file included from [01m[K/opt/ros/foxy/include/rclcpp/service.hpp:34[m[K,
[2.147s]                  from [01m[K/opt/ros/foxy/include/rclcpp/callback_group.hpp:25[m[K,
[2.148s]                  from [01m[K/opt/ros/foxy/include/rclcpp/any_executable.hpp:20[m[K,
[2.148s]                  from [01m[K/opt/ros/foxy/include/rclcpp/memory_strategy.hpp:24[m[K,
[2.148s]                  from [01m[K/opt/ros/foxy/include/rclcpp/memory_strategies.hpp:18[m[K,
[2.148s]                  from [01m[K/opt/ros/foxy/include/rclcpp/executor_options.hpp:20[m[K,
[2.148s]                  from [01m[K/opt/ros/foxy/include/rclcpp/executor.hpp:33[m[K,
[2.148s]                  from [01m[K/opt/ros/foxy/include/rclcpp/executors/multi_threaded_executor.hpp:26[m[K,
[2.148s]                  from [01m[K/opt/ros/foxy/include/rclcpp/executors.hpp:21[m[K,
[2.148s]                  from [01m[K/opt/ros/foxy/include/rclcpp/rclcpp.hpp:146[m[K,
[2.148s]                  from [01m[K/home/ros_ws/src/my_cpp_pkg/src/add_two_ints_client_no_oop.cpp:1[m[K:
[2.148s] [01m[K/home/ros_ws/src/my_cpp_pkg/src/add_two_ints_client_no_oop.cpp:[m[K In function ‘[01m[Kint main(int, char**)[m[K’:
[2.148s] [01m[K/home/ros_ws/src/my_cpp_pkg/src/add_two_ints_client_no_oop.cpp:24:21:[m[K [01;31m[Kerror: [m[Kinvalid use of ‘[01m[Kthis[m[K’ in non-member function
[2.148s]    24 |         RCLCPP_INFO([01;31m[Kthis[m[K->get_logger(), "%d + %d = %d", request->a, request->b, future.get()->sum );
[2.148s]       |                     [01;31m[K^~~~[m[K
[2.148s] [01m[K/home/ros_ws/src/my_cpp_pkg/src/add_two_ints_client_no_oop.cpp:24:21:[m[K [01;31m[Kerror: [m[Kinvalid use of ‘[01m[Kthis[m[K’ in non-member function
[2.148s] [01m[K/home/ros_ws/src/my_cpp_pkg/src/add_two_ints_client_no_oop.cpp:24:9:[m[K [01;31m[Kerror: [m[Ktemplate argument 1 is invalid
[2.148s]    24 |         [01;31m[KRCLCPP_INFO[m[K(this->get_logger(), "%d + %d = %d", request->a, request->b, future.get()->sum );
[2.148s]       |         [01;31m[K^~~~~~~~~~~[m[K
[2.148s] [01m[K/home/ros_ws/src/my_cpp_pkg/src/add_two_ints_client_no_oop.cpp:24:9:[m[K [01;31m[Kerror: [m[Ktemplate argument 1 is invalid
[2.148s]    24 |         [01;31m[KRCLCPP_INFO[m[K(this->get_logger(), "%d + %d = %d", request->a, request->b, future.get()->sum );
[2.149s]       |         [01;31m[K^~~~~~~~~~~[m[K
[2.149s] [01m[K/home/ros_ws/src/my_cpp_pkg/src/add_two_ints_client_no_oop.cpp:24:9:[m[K [01;31m[Kerror: [m[Ktemplate argument 1 is invalid
[2.149s]    24 |         [01;31m[KRCLCPP_INFO[m[K(this->get_logger(), "%d + %d = %d", request->a, request->b, future.get()->sum );
[2.149s]       |         [01;31m[K^~~~~~~~~~~[m[K
[2.149s] In file included from [01m[K/opt/ros/foxy/include/rclcpp/client.hpp:40[m[K,
[2.149s]                  from [01m[K/opt/ros/foxy/include/rclcpp/callback_group.hpp:23[m[K,
[2.149s]                  from [01m[K/opt/ros/foxy/include/rclcpp/any_executable.hpp:20[m[K,
[2.149s]                  from [01m[K/opt/ros/foxy/include/rclcpp/memory_strategy.hpp:24[m[K,
[2.149s]                  from [01m[K/opt/ros/foxy/include/rclcpp/memory_strategies.hpp:18[m[K,
[2.149s]                  from [01m[K/opt/ros/foxy/include/rclcpp/executor_options.hpp:20[m[K,
[2.149s]                  from [01m[K/opt/ros/foxy/include/rclcpp/executor.hpp:33[m[K,
[2.149s]                  from [01m[K/opt/ros/foxy/include/rclcpp/executors/multi_threaded_executor.hpp:26[m[K,
[2.149s]                  from [01m[K/opt/ros/foxy/include/rclcpp/executors.hpp:21[m[K,
[2.149s]                  from [01m[K/opt/ros/foxy/include/rclcpp/rclcpp.hpp:146[m[K,
[2.149s]                  from [01m[K/home/ros_ws/src/my_cpp_pkg/src/add_two_ints_client_no_oop.cpp:1[m[K:
[2.149s] [01m[K/home/ros_ws/src/my_cpp_pkg/src/add_two_ints_client_no_oop.cpp:24:21:[m[K [01;31m[Kerror: [m[Kinvalid use of ‘[01m[Kthis[m[K’ in non-member function
[2.150s]    24 |         RCLCPP_INFO([01;31m[Kthis[m[K->get_logger(), "%d + %d = %d", request->a, request->b, future.get()->sum );
[2.150s]       |                     [01;31m[K^~~~[m[K
[2.150s] [01m[K/home/ros_ws/src/my_cpp_pkg/src/add_two_ints_client_no_oop.cpp:24:21:[m[K [01;31m[Kerror: [m[Kinvalid use of ‘[01m[Kthis[m[K’ in non-member function
[2.150s]    24 |         RCLCPP_INFO([01;31m[Kthis[m[K->get_logger(), "%d + %d = %d", request->a, request->b, future.get()->sum );
[2.150s]       |                     [01;31m[K^~~~[m[K
[2.150s] In file included from [01m[K/opt/ros/foxy/include/rclcpp/service.hpp:34[m[K,
[2.150s]                  from [01m[K/opt/ros/foxy/include/rclcpp/callback_group.hpp:25[m[K,
[2.150s]                  from [01m[K/opt/ros/foxy/include/rclcpp/any_executable.hpp:20[m[K,
[2.150s]                  from [01m[K/opt/ros/foxy/include/rclcpp/memory_strategy.hpp:24[m[K,
[2.150s]                  from [01m[K/opt/ros/foxy/include/rclcpp/memory_strategies.hpp:18[m[K,
[2.150s]                  from [01m[K/opt/ros/foxy/include/rclcpp/executor_options.hpp:20[m[K,
[2.150s]                  from [01m[K/opt/ros/foxy/include/rclcpp/executor.hpp:33[m[K,
[2.150s]                  from [01m[K/opt/ros/foxy/include/rclcpp/executors/multi_threaded_executor.hpp:26[m[K,
[2.150s]                  from [01m[K/opt/ros/foxy/include/rclcpp/executors.hpp:21[m[K,
[2.150s]                  from [01m[K/opt/ros/foxy/include/rclcpp/rclcpp.hpp:146[m[K,
[2.150s]                  from [01m[K/home/ros_ws/src/my_cpp_pkg/src/add_two_ints_client_no_oop.cpp:1[m[K:
[2.150s] [01m[K/home/ros_ws/src/my_cpp_pkg/src/add_two_ints_client_no_oop.cpp:27:22:[m[K [01;31m[Kerror: [m[Kinvalid use of ‘[01m[Kthis[m[K’ in non-member function
[2.151s]    27 |         RCLCPP_ERROR([01;31m[Kthis[m[K->get_logger(), "Error while cslling service");
[2.151s]       |                      [01;31m[K^~~~[m[K
[2.151s] [01m[K/home/ros_ws/src/my_cpp_pkg/src/add_two_ints_client_no_oop.cpp:27:22:[m[K [01;31m[Kerror: [m[Kinvalid use of ‘[01m[Kthis[m[K’ in non-member function
[2.151s] [01m[K/home/ros_ws/src/my_cpp_pkg/src/add_two_ints_client_no_oop.cpp:27:9:[m[K [01;31m[Kerror: [m[Ktemplate argument 1 is invalid
[2.151s]    27 |         [01;31m[KRCLCPP_ERROR[m[K(this->get_logger(), "Error while cslling service");
[2.151s]       |         [01;31m[K^~~~~~~~~~~~[m[K
[2.151s] [01m[K/home/ros_ws/src/my_cpp_pkg/src/add_two_ints_client_no_oop.cpp:27:9:[m[K [01;31m[Kerror: [m[Ktemplate argument 1 is invalid
[2.151s]    27 |         [01;31m[KRCLCPP_ERROR[m[K(this->get_logger(), "Error while cslling service");
[2.151s]       |         [01;31m[K^~~~~~~~~~~~[m[K
[2.151s] [01m[K/home/ros_ws/src/my_cpp_pkg/src/add_two_ints_client_no_oop.cpp:27:9:[m[K [01;31m[Kerror: [m[Ktemplate argument 1 is invalid
[2.151s]    27 |         [01;31m[KRCLCPP_ERROR[m[K(this->get_logger(), "Error while cslling service");
[2.151s]       |         [01;31m[K^~~~~~~~~~~~[m[K
[2.151s] In file included from [01m[K/opt/ros/foxy/include/rclcpp/client.hpp:40[m[K,
[2.151s]                  from [01m[K/opt/ros/foxy/include/rclcpp/callback_group.hpp:23[m[K,
[2.151s]                  from [01m[K/opt/ros/foxy/include/rclcpp/any_executable.hpp:20[m[K,
[2.151s]                  from [01m[K/opt/ros/foxy/include/rclcpp/memory_strategy.hpp:24[m[K,
[2.151s]                  from [01m[K/opt/ros/foxy/include/rclcpp/memory_strategies.hpp:18[m[K,
[2.151s]                  from [01m[K/opt/ros/foxy/include/rclcpp/executor_options.hpp:20[m[K,
[2.151s]                  from [01m[K/opt/ros/foxy/include/rclcpp/executor.hpp:33[m[K,
[2.152s]                  from [01m[K/opt/ros/foxy/include/rclcpp/executors/multi_threaded_executor.hpp:26[m[K,
[2.152s]                  from [01m[K/opt/ros/foxy/include/rclcpp/executors.hpp:21[m[K,
[2.152s]                  from [01m[K/opt/ros/foxy/include/rclcpp/rclcpp.hpp:146[m[K,
[2.152s]                  from [01m[K/home/ros_ws/src/my_cpp_pkg/src/add_two_ints_client_no_oop.cpp:1[m[K:
[2.152s] [01m[K/home/ros_ws/src/my_cpp_pkg/src/add_two_ints_client_no_oop.cpp:27:22:[m[K [01;31m[Kerror: [m[Kinvalid use of ‘[01m[Kthis[m[K’ in non-member function
[2.152s]    27 |         RCLCPP_ERROR([01;31m[Kthis[m[K->get_logger(), "Error while cslling service");
[2.152s]       |                      [01;31m[K^~~~[m[K
[2.152s] [01m[K/home/ros_ws/src/my_cpp_pkg/src/add_two_ints_client_no_oop.cpp:27:22:[m[K [01;31m[Kerror: [m[Kinvalid use of ‘[01m[Kthis[m[K’ in non-member function
[2.152s]    27 |         RCLCPP_ERROR([01;31m[Kthis[m[K->get_logger(), "Error while cslling service");
[2.152s]       |                      [01;31m[K^~~~[m[K
[2.566s] make[2]: *** [CMakeFiles/add_two_ints_client_no_oop.dir/build.make:63: CMakeFiles/add_two_ints_client_no_oop.dir/src/add_two_ints_client_no_oop.cpp.o] Error 1
[2.567s] make[1]: *** [CMakeFiles/Makefile2:78: CMakeFiles/add_two_ints_client_no_oop.dir/all] Error 2
[2.567s] make: *** [Makefile:141: all] Error 2
[2.569s] Invoked command in '/home/ros_ws/build/my_cpp_pkg' returned '2': CMAKE_PREFIX_PATH=/opt/ros/foxy /usr/bin/cmake --build /home/ros_ws/build/my_cpp_pkg -- -j16 -l16
