[0.021s] Invoking command in '/home/ros_ws/build/my_robot_interfaces': CMAKE_PREFIX_PATH=${CMAKE_PREFIX_PATH}:/home/ros_ws/install/my_py_pkg:/opt/ros/foxy /usr/bin/cmake --build /home/ros_ws/build/my_robot_interfaces -- -j16 -l16
[0.067s] [ 10%] Built target my_robot_interfaces__rosidl_generator_c
[0.079s] [ 12%] Built target my_robot_interfaces__cpp
[0.086s] [ 30%] Built target my_robot_interfaces__rosidl_typesupport_c
[0.086s] [ 33%] Built target my_robot_interfaces__rosidl_typesupport_introspection_c
[0.099s] [ 43%] Built target my_robot_interfaces__rosidl_typesupport_cpp
[0.105s] [ 53%] Built target my_robot_interfaces__rosidl_typesupport_fastrtps_cpp
[0.106s] [ 64%] Built target my_robot_interfaces__rosidl_typesupport_introspection_cpp
[0.130s] [ 74%] Built target my_robot_interfaces__rosidl_typesupport_fastrtps_c
[0.147s] [ 74%] Built target my_robot_interfaces
[0.165s] [ 76%] Built target my_robot_interfaces__py
[0.192s] [ 84%] Built target my_robot_interfaces__python
[0.217s] [ 89%] Built target my_robot_interfaces__rosidl_typesupport_c__pyext
[0.221s] [ 94%] Built target my_robot_interfaces__rosidl_typesupport_fastrtps_c__pyext
[0.221s] [100%] Built target my_robot_interfaces__rosidl_typesupport_introspection_c__pyext
[0.233s] Invoked command in '/home/ros_ws/build/my_robot_interfaces' returned '0': CMAKE_PREFIX_PATH=${CMAKE_PREFIX_PATH}:/home/ros_ws/install/my_py_pkg:/opt/ros/foxy /usr/bin/cmake --build /home/ros_ws/build/my_robot_interfaces -- -j16 -l16
[0.297s] Invoking command in '/home/ros_ws/build/my_robot_interfaces': CMAKE_PREFIX_PATH=${CMAKE_PREFIX_PATH}:/home/ros_ws/install/my_py_pkg:/opt/ros/foxy /usr/bin/cmake --install /home/ros_ws/build/my_robot_interfaces
[0.304s] -- Install configuration: ""
[0.304s] -- Up-to-date: /home/ros_ws/install/my_robot_interfaces/share/ament_index/resource_index/rosidl_interfaces/my_robot_interfaces
[0.304s] -- Up-to-date: /home/ros_ws/install/my_robot_interfaces/include/my_robot_interfaces
[0.304s] -- Up-to-date: /home/ros_ws/install/my_robot_interfaces/include/my_robot_interfaces/msg
[0.305s] -- Up-to-date: /home/ros_ws/install/my_robot_interfaces/include/my_robot_interfaces/msg/detail
[0.305s] -- Up-to-date: /home/ros_ws/install/my_robot_interfaces/include/my_robot_interfaces/msg/detail/hardware_status__type_support.h
[0.305s] -- Up-to-date: /home/ros_ws/install/my_robot_interfaces/include/my_robot_interfaces/msg/detail/hardware_status__functions.h
[0.305s] -- Up-to-date: /home/ros_ws/install/my_robot_interfaces/include/my_robot_interfaces/msg/detail/hardware_status__functions.c
[0.305s] -- Up-to-date: /home/ros_ws/install/my_robot_interfaces/include/my_robot_interfaces/msg/detail/hardware_status__struct.h
[0.306s] -- Up-to-date: /home/ros_ws/install/my_robot_interfaces/include/my_robot_interfaces/msg/hardware_status.h
[0.306s] -- Up-to-date: /home/ros_ws/install/my_robot_interfaces/include/my_robot_interfaces/msg/rosidl_generator_c__visibility_control.h
[0.306s] -- Up-to-date: /home/ros_ws/install/my_robot_interfaces/include/my_robot_interfaces/srv
[0.306s] -- Up-to-date: /home/ros_ws/install/my_robot_interfaces/include/my_robot_interfaces/srv/detail
[0.306s] -- Up-to-date: /home/ros_ws/install/my_robot_interfaces/include/my_robot_interfaces/srv/detail/compute_rectangle_area__struct.h
[0.306s] -- Up-to-date: /home/ros_ws/install/my_robot_interfaces/include/my_robot_interfaces/srv/detail/compute_rectangle_area__functions.c
[0.307s] -- Up-to-date: /home/ros_ws/install/my_robot_interfaces/include/my_robot_interfaces/srv/detail/compute_rectangle_area__type_support.h
[0.307s] -- Up-to-date: /home/ros_ws/install/my_robot_interfaces/include/my_robot_interfaces/srv/detail/compute_rectangle_area__functions.h
[0.307s] -- Up-to-date: /home/ros_ws/install/my_robot_interfaces/include/my_robot_interfaces/srv/compute_rectangle_area.h
[0.307s] -- Up-to-date: /home/ros_ws/install/my_robot_interfaces/share/my_robot_interfaces/environment/library_path.sh
[0.307s] -- Up-to-date: /home/ros_ws/install/my_robot_interfaces/share/my_robot_interfaces/environment/library_path.dsv
[0.307s] -- Up-to-date: /home/ros_ws/install/my_robot_interfaces/lib/libmy_robot_interfaces__rosidl_generator_c.so
[0.307s] -- Up-to-date: /home/ros_ws/install/my_robot_interfaces/include/my_robot_interfaces
[0.307s] -- Up-to-date: /home/ros_ws/install/my_robot_interfaces/include/my_robot_interfaces/msg
[0.307s] -- Up-to-date: /home/ros_ws/install/my_robot_interfaces/include/my_robot_interfaces/msg/detail
[0.307s] -- Up-to-date: /home/ros_ws/install/my_robot_interfaces/include/my_robot_interfaces/msg/detail/hardware_status__rosidl_typesupport_fastrtps_c.h
[0.307s] -- Up-to-date: /home/ros_ws/install/my_robot_interfaces/include/my_robot_interfaces/msg/rosidl_typesupport_fastrtps_c__visibility_control.h
[0.307s] -- Up-to-date: /home/ros_ws/install/my_robot_interfaces/include/my_robot_interfaces/srv
[0.307s] -- Up-to-date: /home/ros_ws/install/my_robot_interfaces/include/my_robot_interfaces/srv/detail
[0.307s] -- Up-to-date: /home/ros_ws/install/my_robot_interfaces/include/my_robot_interfaces/srv/detail/compute_rectangle_area__rosidl_typesupport_fastrtps_c.h
[0.308s] -- Up-to-date: /home/ros_ws/install/my_robot_interfaces/lib/libmy_robot_interfaces__rosidl_typesupport_fastrtps_c.so
[0.308s] -- Up-to-date: /home/ros_ws/install/my_robot_interfaces/include/my_robot_interfaces
[0.308s] -- Up-to-date: /home/ros_ws/install/my_robot_interfaces/include/my_robot_interfaces/msg
[0.308s] -- Up-to-date: /home/ros_ws/install/my_robot_interfaces/include/my_robot_interfaces/msg/detail
[0.308s] -- Up-to-date: /home/ros_ws/install/my_robot_interfaces/include/my_robot_interfaces/msg/detail/hardware_status__rosidl_typesupport_fastrtps_cpp.hpp
[0.308s] -- Up-to-date: /home/ros_ws/install/my_robot_interfaces/include/my_robot_interfaces/msg/detail/dds_fastrtps
[0.308s] -- Up-to-date: /home/ros_ws/install/my_robot_interfaces/include/my_robot_interfaces/msg/rosidl_typesupport_fastrtps_cpp__visibility_control.h
[0.308s] -- Up-to-date: /home/ros_ws/install/my_robot_interfaces/include/my_robot_interfaces/srv
[0.308s] -- Up-to-date: /home/ros_ws/install/my_robot_interfaces/include/my_robot_interfaces/srv/detail
[0.308s] -- Up-to-date: /home/ros_ws/install/my_robot_interfaces/include/my_robot_interfaces/srv/detail/compute_rectangle_area__rosidl_typesupport_fastrtps_cpp.hpp
[0.308s] -- Up-to-date: /home/ros_ws/install/my_robot_interfaces/include/my_robot_interfaces/srv/detail/dds_fastrtps
[0.309s] -- Up-to-date: /home/ros_ws/install/my_robot_interfaces/lib/libmy_robot_interfaces__rosidl_typesupport_fastrtps_cpp.so
[0.309s] -- Up-to-date: /home/ros_ws/install/my_robot_interfaces/include/my_robot_interfaces
[0.309s] -- Up-to-date: /home/ros_ws/install/my_robot_interfaces/include/my_robot_interfaces/msg
[0.309s] -- Up-to-date: /home/ros_ws/install/my_robot_interfaces/include/my_robot_interfaces/msg/detail
[0.309s] -- Up-to-date: /home/ros_ws/install/my_robot_interfaces/include/my_robot_interfaces/msg/detail/hardware_status__rosidl_typesupport_introspection_c.h
[0.309s] -- Up-to-date: /home/ros_ws/install/my_robot_interfaces/include/my_robot_interfaces/msg/detail/hardware_status__type_support.c
[0.309s] -- Up-to-date: /home/ros_ws/install/my_robot_interfaces/include/my_robot_interfaces/msg/rosidl_typesupport_introspection_c__visibility_control.h
[0.309s] -- Up-to-date: /home/ros_ws/install/my_robot_interfaces/include/my_robot_interfaces/srv
[0.309s] -- Up-to-date: /home/ros_ws/install/my_robot_interfaces/include/my_robot_interfaces/srv/detail
[0.309s] -- Up-to-date: /home/ros_ws/install/my_robot_interfaces/include/my_robot_interfaces/srv/detail/compute_rectangle_area__rosidl_typesupport_introspection_c.h
[0.310s] -- Up-to-date: /home/ros_ws/install/my_robot_interfaces/include/my_robot_interfaces/srv/detail/compute_rectangle_area__type_support.c
[0.310s] -- Up-to-date: /home/ros_ws/install/my_robot_interfaces/lib/libmy_robot_interfaces__rosidl_typesupport_introspection_c.so
[0.310s] -- Up-to-date: /home/ros_ws/install/my_robot_interfaces/lib/libmy_robot_interfaces__rosidl_typesupport_c.so
[0.310s] -- Up-to-date: /home/ros_ws/install/my_robot_interfaces/include/my_robot_interfaces
[0.310s] -- Up-to-date: /home/ros_ws/install/my_robot_interfaces/include/my_robot_interfaces/msg
[0.310s] -- Up-to-date: /home/ros_ws/install/my_robot_interfaces/include/my_robot_interfaces/msg/detail
[0.310s] -- Up-to-date: /home/ros_ws/install/my_robot_interfaces/include/my_robot_interfaces/msg/detail/hardware_status__builder.hpp
[0.310s] -- Up-to-date: /home/ros_ws/install/my_robot_interfaces/include/my_robot_interfaces/msg/detail/hardware_status__struct.hpp
[0.310s] -- Up-to-date: /home/ros_ws/install/my_robot_interfaces/include/my_robot_interfaces/msg/detail/hardware_status__traits.hpp
[0.310s] -- Up-to-date: /home/ros_ws/install/my_robot_interfaces/include/my_robot_interfaces/msg/hardware_status.hpp
[0.311s] -- Up-to-date: /home/ros_ws/install/my_robot_interfaces/include/my_robot_interfaces/srv
[0.311s] -- Up-to-date: /home/ros_ws/install/my_robot_interfaces/include/my_robot_interfaces/srv/detail
[0.311s] -- Up-to-date: /home/ros_ws/install/my_robot_interfaces/include/my_robot_interfaces/srv/detail/compute_rectangle_area__struct.hpp
[0.311s] -- Up-to-date: /home/ros_ws/install/my_robot_interfaces/include/my_robot_interfaces/srv/detail/compute_rectangle_area__traits.hpp
[0.311s] -- Up-to-date: /home/ros_ws/install/my_robot_interfaces/include/my_robot_interfaces/srv/detail/compute_rectangle_area__builder.hpp
[0.311s] -- Up-to-date: /home/ros_ws/install/my_robot_interfaces/include/my_robot_interfaces/srv/compute_rectangle_area.hpp
[0.311s] -- Up-to-date: /home/ros_ws/install/my_robot_interfaces/include/my_robot_interfaces
[0.311s] -- Up-to-date: /home/ros_ws/install/my_robot_interfaces/include/my_robot_interfaces/msg
[0.311s] -- Up-to-date: /home/ros_ws/install/my_robot_interfaces/include/my_robot_interfaces/msg/detail
[0.311s] -- Up-to-date: /home/ros_ws/install/my_robot_interfaces/include/my_robot_interfaces/msg/detail/hardware_status__rosidl_typesupport_introspection_cpp.hpp
[0.311s] -- Up-to-date: /home/ros_ws/install/my_robot_interfaces/include/my_robot_interfaces/msg/detail/hardware_status__type_support.cpp
[0.312s] -- Up-to-date: /home/ros_ws/install/my_robot_interfaces/include/my_robot_interfaces/srv
[0.312s] -- Up-to-date: /home/ros_ws/install/my_robot_interfaces/include/my_robot_interfaces/srv/detail
[0.312s] -- Up-to-date: /home/ros_ws/install/my_robot_interfaces/include/my_robot_interfaces/srv/detail/compute_rectangle_area__type_support.cpp
[0.312s] -- Up-to-date: /home/ros_ws/install/my_robot_interfaces/include/my_robot_interfaces/srv/detail/compute_rectangle_area__rosidl_typesupport_introspection_cpp.hpp
[0.312s] -- Up-to-date: /home/ros_ws/install/my_robot_interfaces/lib/libmy_robot_interfaces__rosidl_typesupport_introspection_cpp.so
[0.312s] -- Up-to-date: /home/ros_ws/install/my_robot_interfaces/lib/libmy_robot_interfaces__rosidl_typesupport_cpp.so
[0.312s] -- Up-to-date: /home/ros_ws/install/my_robot_interfaces/share/my_robot_interfaces/environment/pythonpath.sh
[0.312s] -- Up-to-date: /home/ros_ws/install/my_robot_interfaces/share/my_robot_interfaces/environment/pythonpath.dsv
[0.312s] -- Up-to-date: /home/ros_ws/install/my_robot_interfaces/lib/python3.8/site-packages/my_robot_interfaces/__init__.py
[0.338s] -- Up-to-date: /home/ros_ws/install/my_robot_interfaces/lib/python3.8/site-packages/my_robot_interfaces/msg
[0.338s] -- Up-to-date: /home/ros_ws/install/my_robot_interfaces/lib/python3.8/site-packages/my_robot_interfaces/msg/__init__.py
[0.338s] -- Up-to-date: /home/ros_ws/install/my_robot_interfaces/lib/python3.8/site-packages/my_robot_interfaces/msg/_hardware_status.py
[0.338s] -- Up-to-date: /home/ros_ws/install/my_robot_interfaces/lib/python3.8/site-packages/my_robot_interfaces/msg/_hardware_status_s.c
[0.338s] -- Up-to-date: /home/ros_ws/install/my_robot_interfaces/lib/python3.8/site-packages/my_robot_interfaces/srv
[0.338s] -- Up-to-date: /home/ros_ws/install/my_robot_interfaces/lib/python3.8/site-packages/my_robot_interfaces/srv/__init__.py
[0.338s] -- Up-to-date: /home/ros_ws/install/my_robot_interfaces/lib/python3.8/site-packages/my_robot_interfaces/srv/_compute_rectangle_area.py
[0.338s] -- Up-to-date: /home/ros_ws/install/my_robot_interfaces/lib/python3.8/site-packages/my_robot_interfaces/srv/_compute_rectangle_area_s.c
[0.338s] -- Up-to-date: /home/ros_ws/install/my_robot_interfaces/lib/python3.8/site-packages/my_robot_interfaces/my_robot_interfaces_s__rosidl_typesupport_fastrtps_c.cpython-38-x86_64-linux-gnu.so
[0.339s] -- Up-to-date: /home/ros_ws/install/my_robot_interfaces/lib/python3.8/site-packages/my_robot_interfaces/my_robot_interfaces_s__rosidl_typesupport_introspection_c.cpython-38-x86_64-linux-gnu.so
[0.339s] -- Up-to-date: /home/ros_ws/install/my_robot_interfaces/lib/python3.8/site-packages/my_robot_interfaces/my_robot_interfaces_s__rosidl_typesupport_c.cpython-38-x86_64-linux-gnu.so
[0.340s] -- Up-to-date: /home/ros_ws/install/my_robot_interfaces/lib/libmy_robot_interfaces__python.so
[0.340s] -- Up-to-date: /home/ros_ws/install/my_robot_interfaces/share/my_robot_interfaces/msg/HardwareStatus.idl
[0.340s] -- Up-to-date: /home/ros_ws/install/my_robot_interfaces/share/my_robot_interfaces/srv/ComputeRectangleArea.idl
[0.340s] -- Up-to-date: /home/ros_ws/install/my_robot_interfaces/share/my_robot_interfaces/msg/HardwareStatus.msg
[0.340s] -- Up-to-date: /home/ros_ws/install/my_robot_interfaces/share/my_robot_interfaces/srv/ComputeRectangleArea.srv
[0.340s] -- Up-to-date: /home/ros_ws/install/my_robot_interfaces/share/my_robot_interfaces/srv/ComputeRectangleArea_Request.msg
[0.341s] -- Up-to-date: /home/ros_ws/install/my_robot_interfaces/share/my_robot_interfaces/srv/ComputeRectangleArea_Response.msg
[0.341s] -- Up-to-date: /home/ros_ws/install/my_robot_interfaces/share/ament_index/resource_index/package_run_dependencies/my_robot_interfaces
[0.341s] -- Up-to-date: /home/ros_ws/install/my_robot_interfaces/share/ament_index/resource_index/parent_prefix_path/my_robot_interfaces
[0.341s] -- Up-to-date: /home/ros_ws/install/my_robot_interfaces/share/my_robot_interfaces/environment/ament_prefix_path.sh
[0.341s] -- Up-to-date: /home/ros_ws/install/my_robot_interfaces/share/my_robot_interfaces/environment/ament_prefix_path.dsv
[0.341s] -- Up-to-date: /home/ros_ws/install/my_robot_interfaces/share/my_robot_interfaces/environment/path.sh
[0.341s] -- Up-to-date: /home/ros_ws/install/my_robot_interfaces/share/my_robot_interfaces/environment/path.dsv
[0.341s] -- Up-to-date: /home/ros_ws/install/my_robot_interfaces/share/my_robot_interfaces/local_setup.bash
[0.341s] -- Up-to-date: /home/ros_ws/install/my_robot_interfaces/share/my_robot_interfaces/local_setup.sh
[0.341s] -- Up-to-date: /home/ros_ws/install/my_robot_interfaces/share/my_robot_interfaces/local_setup.zsh
[0.342s] -- Up-to-date: /home/ros_ws/install/my_robot_interfaces/share/my_robot_interfaces/local_setup.dsv
[0.342s] -- Installing: /home/ros_ws/install/my_robot_interfaces/share/my_robot_interfaces/package.dsv
[0.342s] -- Up-to-date: /home/ros_ws/install/my_robot_interfaces/share/ament_index/resource_index/packages/my_robot_interfaces
[0.342s] -- Up-to-date: /home/ros_ws/install/my_robot_interfaces/share/my_robot_interfaces/cmake/my_robot_interfaces__rosidl_generator_cExport.cmake
[0.342s] -- Up-to-date: /home/ros_ws/install/my_robot_interfaces/share/my_robot_interfaces/cmake/my_robot_interfaces__rosidl_generator_cExport-noconfig.cmake
[0.342s] -- Up-to-date: /home/ros_ws/install/my_robot_interfaces/share/my_robot_interfaces/cmake/my_robot_interfaces__rosidl_typesupport_introspection_cExport.cmake
[0.343s] -- Up-to-date: /home/ros_ws/install/my_robot_interfaces/share/my_robot_interfaces/cmake/my_robot_interfaces__rosidl_typesupport_introspection_cExport-noconfig.cmake
[0.343s] -- Up-to-date: /home/ros_ws/install/my_robot_interfaces/share/my_robot_interfaces/cmake/my_robot_interfaces__rosidl_typesupport_cExport.cmake
[0.344s] -- Up-to-date: /home/ros_ws/install/my_robot_interfaces/share/my_robot_interfaces/cmake/my_robot_interfaces__rosidl_typesupport_cExport-noconfig.cmake
[0.344s] -- Up-to-date: /home/ros_ws/install/my_robot_interfaces/share/my_robot_interfaces/cmake/my_robot_interfaces__rosidl_generator_cppExport.cmake
[0.344s] -- Up-to-date: /home/ros_ws/install/my_robot_interfaces/share/my_robot_interfaces/cmake/my_robot_interfaces__rosidl_typesupport_introspection_cppExport.cmake
[0.344s] -- Up-to-date: /home/ros_ws/install/my_robot_interfaces/share/my_robot_interfaces/cmake/my_robot_interfaces__rosidl_typesupport_introspection_cppExport-noconfig.cmake
[0.348s] -- Up-to-date: /home/ros_ws/install/my_robot_interfaces/share/my_robot_interfaces/cmake/my_robot_interfaces__rosidl_typesupport_cppExport.cmake
[0.348s] -- Up-to-date: /home/ros_ws/install/my_robot_interfaces/share/my_robot_interfaces/cmake/my_robot_interfaces__rosidl_typesupport_cppExport-noconfig.cmake
[0.348s] -- Up-to-date: /home/ros_ws/install/my_robot_interfaces/share/my_robot_interfaces/cmake/rosidl_cmake-extras.cmake
[0.349s] -- Up-to-date: /home/ros_ws/install/my_robot_interfaces/share/my_robot_interfaces/cmake/ament_cmake_export_dependencies-extras.cmake
[0.349s] -- Up-to-date: /home/ros_ws/install/my_robot_interfaces/share/my_robot_interfaces/cmake/ament_cmake_export_libraries-extras.cmake
[0.349s] -- Up-to-date: /home/ros_ws/install/my_robot_interfaces/share/my_robot_interfaces/cmake/ament_cmake_export_targets-extras.cmake
[0.349s] -- Up-to-date: /home/ros_ws/install/my_robot_interfaces/share/my_robot_interfaces/cmake/ament_cmake_export_include_directories-extras.cmake
[0.350s] -- Up-to-date: /home/ros_ws/install/my_robot_interfaces/share/my_robot_interfaces/cmake/rosidl_cmake_export_typesupport_libraries-extras.cmake
[0.350s] -- Up-to-date: /home/ros_ws/install/my_robot_interfaces/share/my_robot_interfaces/cmake/rosidl_cmake_export_typesupport_targets-extras.cmake
[0.350s] -- Up-to-date: /home/ros_ws/install/my_robot_interfaces/share/my_robot_interfaces/cmake/my_robot_interfacesConfig.cmake
[0.350s] -- Up-to-date: /home/ros_ws/install/my_robot_interfaces/share/my_robot_interfaces/cmake/my_robot_interfacesConfig-version.cmake
[0.350s] -- Up-to-date: /home/ros_ws/install/my_robot_interfaces/share/my_robot_interfaces/package.xml
[0.353s] Invoked command in '/home/ros_ws/build/my_robot_interfaces' returned '0': CMAKE_PREFIX_PATH=${CMAKE_PREFIX_PATH}:/home/ros_ws/install/my_py_pkg:/opt/ros/foxy /usr/bin/cmake --install /home/ros_ws/build/my_robot_interfaces
