[0.661s] Invoking command in '/home/amruth/Documents/git/ros_ws/WS/build/turtlesim': CMAKE_PREFIX_PATH=${CMAKE_PREFIX_PATH}:/home/amruth/Documents/git/ros_ws/WS/install/my_py_pkg:/home/amruth/Documents/git/microros_ws/install/sensor_msgs_py:/opt/ros/humble /usr/bin/cmake --build /home/amruth/Documents/git/ros_ws/WS/build/turtlesim -- -j16 -l16
[0.717s] [  1%] Built target turtlesim__cpp
[0.717s] [ 11%] Built target turtlesim__rosidl_generator_c
[0.749s] [ 21%] Built target turtlesim__rosidl_typesupport_microxrcedds_cpp
[0.750s] [ 30%] Built target turtlesim__rosidl_typesupport_cpp
[0.751s] [ 48%] Built target turtlesim__rosidl_typesupport_microxrcedds_c
[0.751s] [ 50%] Built target turtlesim__rosidl_typesupport_introspection_c
[0.754s] [ 60%] Built target turtlesim__rosidl_typesupport_fastrtps_c
[0.757s] [ 70%] Built target turtlesim__rosidl_typesupport_c
[0.757s] [ 80%] Built target turtlesim__rosidl_typesupport_fastrtps_cpp
[0.758s] [ 89%] Built target turtlesim__rosidl_typesupport_introspection_cpp
[0.769s] [35m[1mConsolidate compiler generated dependencies of target turtlesim_node[0m
[0.781s] [ 92%] Built target turtle_teleop_key
[0.781s] [ 92%] Built target draw_square
[0.782s] [ 92%] Built target turtlesim
[0.786s] [ 94%] Built target mimic
[0.798s] [100%] Built target turtlesim_node
[0.809s] Invoked command in '/home/amruth/Documents/git/ros_ws/WS/build/turtlesim' returned '0': CMAKE_PREFIX_PATH=${CMAKE_PREFIX_PATH}:/home/amruth/Documents/git/ros_ws/WS/install/my_py_pkg:/home/amruth/Documents/git/microros_ws/install/sensor_msgs_py:/opt/ros/humble /usr/bin/cmake --build /home/amruth/Documents/git/ros_ws/WS/build/turtlesim -- -j16 -l16
[1.161s] Invoking command in '/home/amruth/Documents/git/ros_ws/WS/build/turtlesim': CMAKE_PREFIX_PATH=${CMAKE_PREFIX_PATH}:/home/amruth/Documents/git/ros_ws/WS/install/my_py_pkg:/home/amruth/Documents/git/microros_ws/install/sensor_msgs_py:/opt/ros/humble /usr/bin/cmake --install /home/amruth/Documents/git/ros_ws/WS/build/turtlesim
[1.169s] -- Install configuration: ""
[1.169s] -- Up-to-date: /home/amruth/Documents/git/ros_ws/WS/install/turtlesim/share/ament_index/resource_index/rosidl_interfaces/turtlesim
[1.169s] -- Up-to-date: /home/amruth/Documents/git/ros_ws/WS/install/turtlesim/include/turtlesim/turtlesim
[1.169s] -- Up-to-date: /home/amruth/Documents/git/ros_ws/WS/install/turtlesim/include/turtlesim/turtlesim/msg
[1.169s] -- Up-to-date: /home/amruth/Documents/git/ros_ws/WS/install/turtlesim/include/turtlesim/turtlesim/msg/color.h
[1.169s] -- Up-to-date: /home/amruth/Documents/git/ros_ws/WS/install/turtlesim/include/turtlesim/turtlesim/msg/pose.h
[1.169s] -- Up-to-date: /home/amruth/Documents/git/ros_ws/WS/install/turtlesim/include/turtlesim/turtlesim/msg/rosidl_generator_c__visibility_control.h
[1.169s] -- Up-to-date: /home/amruth/Documents/git/ros_ws/WS/install/turtlesim/include/turtlesim/turtlesim/msg/detail
[1.169s] -- Up-to-date: /home/amruth/Documents/git/ros_ws/WS/install/turtlesim/include/turtlesim/turtlesim/msg/detail/color__struct.h
[1.170s] -- Up-to-date: /home/amruth/Documents/git/ros_ws/WS/install/turtlesim/include/turtlesim/turtlesim/msg/detail/color__type_support.h
[1.170s] -- Up-to-date: /home/amruth/Documents/git/ros_ws/WS/install/turtlesim/include/turtlesim/turtlesim/msg/detail/color__functions.c
[1.170s] -- Up-to-date: /home/amruth/Documents/git/ros_ws/WS/install/turtlesim/include/turtlesim/turtlesim/msg/detail/pose__functions.h
[1.170s] -- Up-to-date: /home/amruth/Documents/git/ros_ws/WS/install/turtlesim/include/turtlesim/turtlesim/msg/detail/pose__struct.h
[1.171s] -- Up-to-date: /home/amruth/Documents/git/ros_ws/WS/install/turtlesim/include/turtlesim/turtlesim/msg/detail/pose__functions.c
[1.171s] -- Up-to-date: /home/amruth/Documents/git/ros_ws/WS/install/turtlesim/include/turtlesim/turtlesim/msg/detail/pose__type_support.h
[1.171s] -- Up-to-date: /home/amruth/Documents/git/ros_ws/WS/install/turtlesim/include/turtlesim/turtlesim/msg/detail/color__functions.h
[1.171s] -- Up-to-date: /home/amruth/Documents/git/ros_ws/WS/install/turtlesim/include/turtlesim/turtlesim/srv
[1.171s] -- Up-to-date: /home/amruth/Documents/git/ros_ws/WS/install/turtlesim/include/turtlesim/turtlesim/srv/teleport_absolute.h
[1.171s] -- Up-to-date: /home/amruth/Documents/git/ros_ws/WS/install/turtlesim/include/turtlesim/turtlesim/srv/teleport_relative.h
[1.171s] -- Up-to-date: /home/amruth/Documents/git/ros_ws/WS/install/turtlesim/include/turtlesim/turtlesim/srv/spawn.h
[1.171s] -- Up-to-date: /home/amruth/Documents/git/ros_ws/WS/install/turtlesim/include/turtlesim/turtlesim/srv/kill.h
[1.171s] -- Up-to-date: /home/amruth/Documents/git/ros_ws/WS/install/turtlesim/include/turtlesim/turtlesim/srv/set_pen.h
[1.171s] -- Up-to-date: /home/amruth/Documents/git/ros_ws/WS/install/turtlesim/include/turtlesim/turtlesim/srv/detail
[1.171s] -- Up-to-date: /home/amruth/Documents/git/ros_ws/WS/install/turtlesim/include/turtlesim/turtlesim/srv/detail/set_pen__type_support.h
[1.171s] -- Up-to-date: /home/amruth/Documents/git/ros_ws/WS/install/turtlesim/include/turtlesim/turtlesim/srv/detail/spawn__struct.h
[1.171s] -- Up-to-date: /home/amruth/Documents/git/ros_ws/WS/install/turtlesim/include/turtlesim/turtlesim/srv/detail/teleport_relative__functions.c
[1.171s] -- Up-to-date: /home/amruth/Documents/git/ros_ws/WS/install/turtlesim/include/turtlesim/turtlesim/srv/detail/set_pen__functions.c
[1.172s] -- Up-to-date: /home/amruth/Documents/git/ros_ws/WS/install/turtlesim/include/turtlesim/turtlesim/srv/detail/kill__functions.c
[1.172s] -- Up-to-date: /home/amruth/Documents/git/ros_ws/WS/install/turtlesim/include/turtlesim/turtlesim/srv/detail/kill__struct.h
[1.172s] -- Up-to-date: /home/amruth/Documents/git/ros_ws/WS/install/turtlesim/include/turtlesim/turtlesim/srv/detail/set_pen__functions.h
[1.172s] -- Up-to-date: /home/amruth/Documents/git/ros_ws/WS/install/turtlesim/include/turtlesim/turtlesim/srv/detail/spawn__type_support.h
[1.172s] -- Up-to-date: /home/amruth/Documents/git/ros_ws/WS/install/turtlesim/include/turtlesim/turtlesim/srv/detail/teleport_relative__functions.h
[1.172s] -- Up-to-date: /home/amruth/Documents/git/ros_ws/WS/install/turtlesim/include/turtlesim/turtlesim/srv/detail/teleport_absolute__struct.h
[1.172s] -- Up-to-date: /home/amruth/Documents/git/ros_ws/WS/install/turtlesim/include/turtlesim/turtlesim/srv/detail/kill__type_support.h
[1.172s] -- Up-to-date: /home/amruth/Documents/git/ros_ws/WS/install/turtlesim/include/turtlesim/turtlesim/srv/detail/teleport_relative__struct.h
[1.172s] -- Up-to-date: /home/amruth/Documents/git/ros_ws/WS/install/turtlesim/include/turtlesim/turtlesim/srv/detail/teleport_absolute__functions.h
[1.172s] -- Up-to-date: /home/amruth/Documents/git/ros_ws/WS/install/turtlesim/include/turtlesim/turtlesim/srv/detail/teleport_relative__type_support.h
[1.172s] -- Up-to-date: /home/amruth/Documents/git/ros_ws/WS/install/turtlesim/include/turtlesim/turtlesim/srv/detail/spawn__functions.c
[1.172s] -- Up-to-date: /home/amruth/Documents/git/ros_ws/WS/install/turtlesim/include/turtlesim/turtlesim/srv/detail/teleport_absolute__type_support.h
[1.172s] -- Up-to-date: /home/amruth/Documents/git/ros_ws/WS/install/turtlesim/include/turtlesim/turtlesim/srv/detail/kill__functions.h
[1.172s] -- Up-to-date: /home/amruth/Documents/git/ros_ws/WS/install/turtlesim/include/turtlesim/turtlesim/srv/detail/spawn__functions.h
[1.173s] -- Up-to-date: /home/amruth/Documents/git/ros_ws/WS/install/turtlesim/include/turtlesim/turtlesim/srv/detail/set_pen__struct.h
[1.173s] -- Up-to-date: /home/amruth/Documents/git/ros_ws/WS/install/turtlesim/include/turtlesim/turtlesim/srv/detail/teleport_absolute__functions.c
[1.173s] -- Up-to-date: /home/amruth/Documents/git/ros_ws/WS/install/turtlesim/include/turtlesim/turtlesim/action
[1.173s] -- Up-to-date: /home/amruth/Documents/git/ros_ws/WS/install/turtlesim/include/turtlesim/turtlesim/action/rotate_absolute.h
[1.173s] -- Up-to-date: /home/amruth/Documents/git/ros_ws/WS/install/turtlesim/include/turtlesim/turtlesim/action/detail
[1.173s] -- Up-to-date: /home/amruth/Documents/git/ros_ws/WS/install/turtlesim/include/turtlesim/turtlesim/action/detail/rotate_absolute__struct.h
[1.173s] -- Up-to-date: /home/amruth/Documents/git/ros_ws/WS/install/turtlesim/include/turtlesim/turtlesim/action/detail/rotate_absolute__functions.h
[1.173s] -- Up-to-date: /home/amruth/Documents/git/ros_ws/WS/install/turtlesim/include/turtlesim/turtlesim/action/detail/rotate_absolute__type_support.h
[1.173s] -- Up-to-date: /home/amruth/Documents/git/ros_ws/WS/install/turtlesim/include/turtlesim/turtlesim/action/detail/rotate_absolute__functions.c
[1.173s] -- Up-to-date: /home/amruth/Documents/git/ros_ws/WS/install/turtlesim/share/turtlesim/environment/library_path.sh
[1.173s] -- Up-to-date: /home/amruth/Documents/git/ros_ws/WS/install/turtlesim/share/turtlesim/environment/library_path.dsv
[1.173s] -- Up-to-date: /home/amruth/Documents/git/ros_ws/WS/install/turtlesim/lib/libturtlesim__rosidl_generator_c.so
[1.174s] -- Up-to-date: /home/amruth/Documents/git/ros_ws/WS/install/turtlesim/include/turtlesim/turtlesim
[1.174s] -- Up-to-date: /home/amruth/Documents/git/ros_ws/WS/install/turtlesim/include/turtlesim/turtlesim/msg
[1.174s] -- Up-to-date: /home/amruth/Documents/git/ros_ws/WS/install/turtlesim/include/turtlesim/turtlesim/msg/rosidl_typesupport_fastrtps_c__visibility_control.h
[1.174s] -- Up-to-date: /home/amruth/Documents/git/ros_ws/WS/install/turtlesim/include/turtlesim/turtlesim/msg/detail
[1.174s] -- Up-to-date: /home/amruth/Documents/git/ros_ws/WS/install/turtlesim/include/turtlesim/turtlesim/msg/detail/pose__rosidl_typesupport_fastrtps_c.h
[1.174s] -- Up-to-date: /home/amruth/Documents/git/ros_ws/WS/install/turtlesim/include/turtlesim/turtlesim/msg/detail/color__rosidl_typesupport_fastrtps_c.h
[1.174s] -- Up-to-date: /home/amruth/Documents/git/ros_ws/WS/install/turtlesim/include/turtlesim/turtlesim/srv
[1.174s] -- Up-to-date: /home/amruth/Documents/git/ros_ws/WS/install/turtlesim/include/turtlesim/turtlesim/srv/detail
[1.174s] -- Up-to-date: /home/amruth/Documents/git/ros_ws/WS/install/turtlesim/include/turtlesim/turtlesim/srv/detail/kill__rosidl_typesupport_fastrtps_c.h
[1.174s] -- Up-to-date: /home/amruth/Documents/git/ros_ws/WS/install/turtlesim/include/turtlesim/turtlesim/srv/detail/teleport_relative__rosidl_typesupport_fastrtps_c.h
[1.175s] -- Up-to-date: /home/amruth/Documents/git/ros_ws/WS/install/turtlesim/include/turtlesim/turtlesim/srv/detail/teleport_absolute__rosidl_typesupport_fastrtps_c.h
[1.175s] -- Up-to-date: /home/amruth/Documents/git/ros_ws/WS/install/turtlesim/include/turtlesim/turtlesim/srv/detail/set_pen__rosidl_typesupport_fastrtps_c.h
[1.175s] -- Up-to-date: /home/amruth/Documents/git/ros_ws/WS/install/turtlesim/include/turtlesim/turtlesim/srv/detail/spawn__rosidl_typesupport_fastrtps_c.h
[1.175s] -- Up-to-date: /home/amruth/Documents/git/ros_ws/WS/install/turtlesim/include/turtlesim/turtlesim/action
[1.175s] -- Up-to-date: /home/amruth/Documents/git/ros_ws/WS/install/turtlesim/include/turtlesim/turtlesim/action/detail
[1.175s] -- Up-to-date: /home/amruth/Documents/git/ros_ws/WS/install/turtlesim/include/turtlesim/turtlesim/action/detail/rotate_absolute__rosidl_typesupport_fastrtps_c.h
[1.175s] -- Up-to-date: /home/amruth/Documents/git/ros_ws/WS/install/turtlesim/lib/libturtlesim__rosidl_typesupport_fastrtps_c.so
[1.175s] -- Up-to-date: /home/amruth/Documents/git/ros_ws/WS/install/turtlesim/include/turtlesim/turtlesim
[1.175s] -- Up-to-date: /home/amruth/Documents/git/ros_ws/WS/install/turtlesim/include/turtlesim/turtlesim/msg
[1.175s] -- Up-to-date: /home/amruth/Documents/git/ros_ws/WS/install/turtlesim/include/turtlesim/turtlesim/msg/color.hpp
[1.175s] -- Up-to-date: /home/amruth/Documents/git/ros_ws/WS/install/turtlesim/include/turtlesim/turtlesim/msg/pose.hpp
[1.175s] -- Up-to-date: /home/amruth/Documents/git/ros_ws/WS/install/turtlesim/include/turtlesim/turtlesim/msg/detail
[1.175s] -- Up-to-date: /home/amruth/Documents/git/ros_ws/WS/install/turtlesim/include/turtlesim/turtlesim/msg/detail/pose__struct.hpp
[1.176s] -- Up-to-date: /home/amruth/Documents/git/ros_ws/WS/install/turtlesim/include/turtlesim/turtlesim/msg/detail/pose__traits.hpp
[1.176s] -- Up-to-date: /home/amruth/Documents/git/ros_ws/WS/install/turtlesim/include/turtlesim/turtlesim/msg/detail/pose__builder.hpp
[1.176s] -- Up-to-date: /home/amruth/Documents/git/ros_ws/WS/install/turtlesim/include/turtlesim/turtlesim/msg/detail/color__builder.hpp
[1.176s] -- Up-to-date: /home/amruth/Documents/git/ros_ws/WS/install/turtlesim/include/turtlesim/turtlesim/msg/detail/color__traits.hpp
[1.176s] -- Up-to-date: /home/amruth/Documents/git/ros_ws/WS/install/turtlesim/include/turtlesim/turtlesim/msg/detail/color__struct.hpp
[1.176s] -- Up-to-date: /home/amruth/Documents/git/ros_ws/WS/install/turtlesim/include/turtlesim/turtlesim/srv
[1.176s] -- Up-to-date: /home/amruth/Documents/git/ros_ws/WS/install/turtlesim/include/turtlesim/turtlesim/srv/teleport_relative.hpp
[1.176s] -- Up-to-date: /home/amruth/Documents/git/ros_ws/WS/install/turtlesim/include/turtlesim/turtlesim/srv/kill.hpp
[1.176s] -- Up-to-date: /home/amruth/Documents/git/ros_ws/WS/install/turtlesim/include/turtlesim/turtlesim/srv/spawn.hpp
[1.176s] -- Up-to-date: /home/amruth/Documents/git/ros_ws/WS/install/turtlesim/include/turtlesim/turtlesim/srv/detail
[1.176s] -- Up-to-date: /home/amruth/Documents/git/ros_ws/WS/install/turtlesim/include/turtlesim/turtlesim/srv/detail/teleport_relative__builder.hpp
[1.176s] -- Up-to-date: /home/amruth/Documents/git/ros_ws/WS/install/turtlesim/include/turtlesim/turtlesim/srv/detail/set_pen__traits.hpp
[1.177s] -- Up-to-date: /home/amruth/Documents/git/ros_ws/WS/install/turtlesim/include/turtlesim/turtlesim/srv/detail/teleport_absolute__traits.hpp
[1.177s] -- Up-to-date: /home/amruth/Documents/git/ros_ws/WS/install/turtlesim/include/turtlesim/turtlesim/srv/detail/spawn__struct.hpp
[1.177s] -- Up-to-date: /home/amruth/Documents/git/ros_ws/WS/install/turtlesim/include/turtlesim/turtlesim/srv/detail/set_pen__builder.hpp
[1.177s] -- Up-to-date: /home/amruth/Documents/git/ros_ws/WS/install/turtlesim/include/turtlesim/turtlesim/srv/detail/teleport_relative__traits.hpp
[1.177s] -- Up-to-date: /home/amruth/Documents/git/ros_ws/WS/install/turtlesim/include/turtlesim/turtlesim/srv/detail/teleport_absolute__struct.hpp
[1.177s] -- Up-to-date: /home/amruth/Documents/git/ros_ws/WS/install/turtlesim/include/turtlesim/turtlesim/srv/detail/teleport_relative__struct.hpp
[1.177s] -- Up-to-date: /home/amruth/Documents/git/ros_ws/WS/install/turtlesim/include/turtlesim/turtlesim/srv/detail/kill__traits.hpp
[1.177s] -- Up-to-date: /home/amruth/Documents/git/ros_ws/WS/install/turtlesim/include/turtlesim/turtlesim/srv/detail/kill__struct.hpp
[1.177s] -- Up-to-date: /home/amruth/Documents/git/ros_ws/WS/install/turtlesim/include/turtlesim/turtlesim/srv/detail/spawn__builder.hpp
[1.177s] -- Up-to-date: /home/amruth/Documents/git/ros_ws/WS/install/turtlesim/include/turtlesim/turtlesim/srv/detail/teleport_absolute__builder.hpp
[1.177s] -- Up-to-date: /home/amruth/Documents/git/ros_ws/WS/install/turtlesim/include/turtlesim/turtlesim/srv/detail/kill__builder.hpp
[1.177s] -- Up-to-date: /home/amruth/Documents/git/ros_ws/WS/install/turtlesim/include/turtlesim/turtlesim/srv/detail/set_pen__struct.hpp
[1.177s] -- Up-to-date: /home/amruth/Documents/git/ros_ws/WS/install/turtlesim/include/turtlesim/turtlesim/srv/detail/spawn__traits.hpp
[1.177s] -- Up-to-date: /home/amruth/Documents/git/ros_ws/WS/install/turtlesim/include/turtlesim/turtlesim/srv/teleport_absolute.hpp
[1.177s] -- Up-to-date: /home/amruth/Documents/git/ros_ws/WS/install/turtlesim/include/turtlesim/turtlesim/srv/set_pen.hpp
[1.177s] -- Up-to-date: /home/amruth/Documents/git/ros_ws/WS/install/turtlesim/include/turtlesim/turtlesim/action
[1.178s] -- Up-to-date: /home/amruth/Documents/git/ros_ws/WS/install/turtlesim/include/turtlesim/turtlesim/action/rotate_absolute.hpp
[1.178s] -- Up-to-date: /home/amruth/Documents/git/ros_ws/WS/install/turtlesim/include/turtlesim/turtlesim/action/detail
[1.178s] -- Up-to-date: /home/amruth/Documents/git/ros_ws/WS/install/turtlesim/include/turtlesim/turtlesim/action/detail/rotate_absolute__struct.hpp
[1.178s] -- Up-to-date: /home/amruth/Documents/git/ros_ws/WS/install/turtlesim/include/turtlesim/turtlesim/action/detail/rotate_absolute__traits.hpp
[1.178s] -- Up-to-date: /home/amruth/Documents/git/ros_ws/WS/install/turtlesim/include/turtlesim/turtlesim/action/detail/rotate_absolute__builder.hpp
[1.178s] -- Up-to-date: /home/amruth/Documents/git/ros_ws/WS/install/turtlesim/include/turtlesim/turtlesim
[1.178s] -- Up-to-date: /home/amruth/Documents/git/ros_ws/WS/install/turtlesim/include/turtlesim/turtlesim/msg
[1.178s] -- Up-to-date: /home/amruth/Documents/git/ros_ws/WS/install/turtlesim/include/turtlesim/turtlesim/msg/rosidl_typesupport_fastrtps_cpp__visibility_control.h
[1.178s] -- Up-to-date: /home/amruth/Documents/git/ros_ws/WS/install/turtlesim/include/turtlesim/turtlesim/msg/detail
[1.178s] -- Up-to-date: /home/amruth/Documents/git/ros_ws/WS/install/turtlesim/include/turtlesim/turtlesim/msg/detail/pose__rosidl_typesupport_fastrtps_cpp.hpp
[1.178s] -- Up-to-date: /home/amruth/Documents/git/ros_ws/WS/install/turtlesim/include/turtlesim/turtlesim/msg/detail/color__rosidl_typesupport_fastrtps_cpp.hpp
[1.178s] -- Up-to-date: /home/amruth/Documents/git/ros_ws/WS/install/turtlesim/include/turtlesim/turtlesim/msg/detail/dds_fastrtps
[1.178s] -- Up-to-date: /home/amruth/Documents/git/ros_ws/WS/install/turtlesim/include/turtlesim/turtlesim/srv
[1.179s] -- Up-to-date: /home/amruth/Documents/git/ros_ws/WS/install/turtlesim/include/turtlesim/turtlesim/srv/detail
[1.179s] -- Up-to-date: /home/amruth/Documents/git/ros_ws/WS/install/turtlesim/include/turtlesim/turtlesim/srv/detail/set_pen__rosidl_typesupport_fastrtps_cpp.hpp
[1.179s] -- Up-to-date: /home/amruth/Documents/git/ros_ws/WS/install/turtlesim/include/turtlesim/turtlesim/srv/detail/kill__rosidl_typesupport_fastrtps_cpp.hpp
[1.179s] -- Up-to-date: /home/amruth/Documents/git/ros_ws/WS/install/turtlesim/include/turtlesim/turtlesim/srv/detail/spawn__rosidl_typesupport_fastrtps_cpp.hpp
[1.179s] -- Up-to-date: /home/amruth/Documents/git/ros_ws/WS/install/turtlesim/include/turtlesim/turtlesim/srv/detail/teleport_relative__rosidl_typesupport_fastrtps_cpp.hpp
[1.179s] -- Up-to-date: /home/amruth/Documents/git/ros_ws/WS/install/turtlesim/include/turtlesim/turtlesim/srv/detail/dds_fastrtps
[1.179s] -- Up-to-date: /home/amruth/Documents/git/ros_ws/WS/install/turtlesim/include/turtlesim/turtlesim/srv/detail/teleport_absolute__rosidl_typesupport_fastrtps_cpp.hpp
[1.179s] -- Up-to-date: /home/amruth/Documents/git/ros_ws/WS/install/turtlesim/include/turtlesim/turtlesim/action
[1.179s] -- Up-to-date: /home/amruth/Documents/git/ros_ws/WS/install/turtlesim/include/turtlesim/turtlesim/action/detail
[1.179s] -- Up-to-date: /home/amruth/Documents/git/ros_ws/WS/install/turtlesim/include/turtlesim/turtlesim/action/detail/rotate_absolute__rosidl_typesupport_fastrtps_cpp.hpp
[1.179s] -- Up-to-date: /home/amruth/Documents/git/ros_ws/WS/install/turtlesim/include/turtlesim/turtlesim/action/detail/dds_fastrtps
[1.179s] -- Up-to-date: /home/amruth/Documents/git/ros_ws/WS/install/turtlesim/lib/libturtlesim__rosidl_typesupport_fastrtps_cpp.so
[1.180s] -- Up-to-date: /home/amruth/Documents/git/ros_ws/WS/install/turtlesim/include/turtlesim
[1.180s] -- Up-to-date: /home/amruth/Documents/git/ros_ws/WS/install/turtlesim/include/turtlesim/msg
[1.180s] -- Up-to-date: /home/amruth/Documents/git/ros_ws/WS/install/turtlesim/include/turtlesim/msg/rosidl_typesupport_microxrcedds_c__visibility_control.h
[1.180s] -- Up-to-date: /home/amruth/Documents/git/ros_ws/WS/install/turtlesim/include/turtlesim/msg/detail
[1.180s] -- Up-to-date: /home/amruth/Documents/git/ros_ws/WS/install/turtlesim/include/turtlesim/msg/detail/color__rosidl_typesupport_microxrcedds_c.h
[1.180s] -- Up-to-date: /home/amruth/Documents/git/ros_ws/WS/install/turtlesim/include/turtlesim/msg/detail/pose__rosidl_typesupport_microxrcedds_c.h
[1.180s] -- Up-to-date: /home/amruth/Documents/git/ros_ws/WS/install/turtlesim/include/turtlesim/msg/detail/microxrcedds
[1.180s] -- Up-to-date: /home/amruth/Documents/git/ros_ws/WS/install/turtlesim/include/turtlesim/srv
[1.180s] -- Up-to-date: /home/amruth/Documents/git/ros_ws/WS/install/turtlesim/include/turtlesim/srv/detail
[1.181s] -- Up-to-date: /home/amruth/Documents/git/ros_ws/WS/install/turtlesim/include/turtlesim/srv/detail/set_pen__rosidl_typesupport_microxrcedds_c.h
[1.182s] -- Up-to-date: /home/amruth/Documents/git/ros_ws/WS/install/turtlesim/include/turtlesim/srv/detail/teleport_absolute__rosidl_typesupport_microxrcedds_c.h
[1.182s] -- Up-to-date: /home/amruth/Documents/git/ros_ws/WS/install/turtlesim/include/turtlesim/srv/detail/teleport_relative__rosidl_typesupport_microxrcedds_c.h
[1.182s] -- Up-to-date: /home/amruth/Documents/git/ros_ws/WS/install/turtlesim/include/turtlesim/srv/detail/kill__rosidl_typesupport_microxrcedds_c.h
[1.182s] -- Up-to-date: /home/amruth/Documents/git/ros_ws/WS/install/turtlesim/include/turtlesim/srv/detail/microxrcedds
[1.182s] -- Up-to-date: /home/amruth/Documents/git/ros_ws/WS/install/turtlesim/include/turtlesim/srv/detail/spawn__rosidl_typesupport_microxrcedds_c.h
[1.182s] -- Up-to-date: /home/amruth/Documents/git/ros_ws/WS/install/turtlesim/include/turtlesim/action
[1.182s] -- Up-to-date: /home/amruth/Documents/git/ros_ws/WS/install/turtlesim/include/turtlesim/action/detail
[1.182s] -- Up-to-date: /home/amruth/Documents/git/ros_ws/WS/install/turtlesim/include/turtlesim/action/detail/rotate_absolute__rosidl_typesupport_microxrcedds_c.h
[1.182s] -- Up-to-date: /home/amruth/Documents/git/ros_ws/WS/install/turtlesim/include/turtlesim/action/detail/microxrcedds
[1.183s] -- Up-to-date: /home/amruth/Documents/git/ros_ws/WS/install/turtlesim/lib/libturtlesim__rosidl_typesupport_microxrcedds_c.so
[1.183s] -- Up-to-date: /home/amruth/Documents/git/ros_ws/WS/install/turtlesim/include/turtlesim/turtlesim
[1.183s] -- Up-to-date: /home/amruth/Documents/git/ros_ws/WS/install/turtlesim/include/turtlesim/turtlesim/msg
[1.183s] -- Up-to-date: /home/amruth/Documents/git/ros_ws/WS/install/turtlesim/include/turtlesim/turtlesim/msg/rosidl_typesupport_introspection_c__visibility_control.h
[1.183s] -- Up-to-date: /home/amruth/Documents/git/ros_ws/WS/install/turtlesim/include/turtlesim/turtlesim/msg/detail
[1.183s] -- Up-to-date: /home/amruth/Documents/git/ros_ws/WS/install/turtlesim/include/turtlesim/turtlesim/msg/detail/pose__type_support.c
[1.183s] -- Up-to-date: /home/amruth/Documents/git/ros_ws/WS/install/turtlesim/include/turtlesim/turtlesim/msg/detail/color__type_support.c
[1.183s] -- Up-to-date: /home/amruth/Documents/git/ros_ws/WS/install/turtlesim/include/turtlesim/turtlesim/msg/detail/pose__rosidl_typesupport_introspection_c.h
[1.183s] -- Up-to-date: /home/amruth/Documents/git/ros_ws/WS/install/turtlesim/include/turtlesim/turtlesim/msg/detail/color__rosidl_typesupport_introspection_c.h
[1.183s] -- Up-to-date: /home/amruth/Documents/git/ros_ws/WS/install/turtlesim/include/turtlesim/turtlesim/srv
[1.183s] -- Up-to-date: /home/amruth/Documents/git/ros_ws/WS/install/turtlesim/include/turtlesim/turtlesim/srv/detail
[1.183s] -- Up-to-date: /home/amruth/Documents/git/ros_ws/WS/install/turtlesim/include/turtlesim/turtlesim/srv/detail/kill__type_support.c
[1.183s] -- Up-to-date: /home/amruth/Documents/git/ros_ws/WS/install/turtlesim/include/turtlesim/turtlesim/srv/detail/teleport_absolute__type_support.c
[1.184s] -- Up-to-date: /home/amruth/Documents/git/ros_ws/WS/install/turtlesim/include/turtlesim/turtlesim/srv/detail/spawn__rosidl_typesupport_introspection_c.h
[1.184s] -- Up-to-date: /home/amruth/Documents/git/ros_ws/WS/install/turtlesim/include/turtlesim/turtlesim/srv/detail/set_pen__type_support.c
[1.184s] -- Up-to-date: /home/amruth/Documents/git/ros_ws/WS/install/turtlesim/include/turtlesim/turtlesim/srv/detail/teleport_absolute__rosidl_typesupport_introspection_c.h
[1.184s] -- Up-to-date: /home/amruth/Documents/git/ros_ws/WS/install/turtlesim/include/turtlesim/turtlesim/srv/detail/teleport_relative__type_support.c
[1.184s] -- Up-to-date: /home/amruth/Documents/git/ros_ws/WS/install/turtlesim/include/turtlesim/turtlesim/srv/detail/teleport_relative__rosidl_typesupport_introspection_c.h
[1.184s] -- Up-to-date: /home/amruth/Documents/git/ros_ws/WS/install/turtlesim/include/turtlesim/turtlesim/srv/detail/set_pen__rosidl_typesupport_introspection_c.h
[1.184s] -- Up-to-date: /home/amruth/Documents/git/ros_ws/WS/install/turtlesim/include/turtlesim/turtlesim/srv/detail/kill__rosidl_typesupport_introspection_c.h
[1.185s] -- Up-to-date: /home/amruth/Documents/git/ros_ws/WS/install/turtlesim/include/turtlesim/turtlesim/srv/detail/spawn__type_support.c
[1.185s] -- Up-to-date: /home/amruth/Documents/git/ros_ws/WS/install/turtlesim/include/turtlesim/turtlesim/action
[1.185s] -- Up-to-date: /home/amruth/Documents/git/ros_ws/WS/install/turtlesim/include/turtlesim/turtlesim/action/detail
[1.185s] -- Up-to-date: /home/amruth/Documents/git/ros_ws/WS/install/turtlesim/include/turtlesim/turtlesim/action/detail/rotate_absolute__type_support.c
[1.185s] -- Up-to-date: /home/amruth/Documents/git/ros_ws/WS/install/turtlesim/include/turtlesim/turtlesim/action/detail/rotate_absolute__rosidl_typesupport_introspection_c.h
[1.185s] -- Up-to-date: /home/amruth/Documents/git/ros_ws/WS/install/turtlesim/lib/libturtlesim__rosidl_typesupport_introspection_c.so
[1.185s] -- Up-to-date: /home/amruth/Documents/git/ros_ws/WS/install/turtlesim/lib/libturtlesim__rosidl_typesupport_c.so
[1.185s] -- Up-to-date: /home/amruth/Documents/git/ros_ws/WS/install/turtlesim/include/turtlesim
[1.185s] -- Up-to-date: /home/amruth/Documents/git/ros_ws/WS/install/turtlesim/include/turtlesim/msg
[1.185s] -- Up-to-date: /home/amruth/Documents/git/ros_ws/WS/install/turtlesim/include/turtlesim/msg/rosidl_typesupport_microxrcedds_cpp__visibility_control.h
[1.186s] -- Up-to-date: /home/amruth/Documents/git/ros_ws/WS/install/turtlesim/include/turtlesim/msg/detail
[1.186s] -- Up-to-date: /home/amruth/Documents/git/ros_ws/WS/install/turtlesim/include/turtlesim/msg/detail/pose__rosidl_typesupport_microxrcedds_cpp.hpp
[1.186s] -- Up-to-date: /home/amruth/Documents/git/ros_ws/WS/install/turtlesim/include/turtlesim/msg/detail/color__rosidl_typesupport_microxrcedds_cpp.hpp
[1.186s] -- Up-to-date: /home/amruth/Documents/git/ros_ws/WS/install/turtlesim/include/turtlesim/msg/detail/microxrcedds
[1.186s] -- Up-to-date: /home/amruth/Documents/git/ros_ws/WS/install/turtlesim/include/turtlesim/msg/detail/microxrcedds/color__type_support_cpp.cpp
[1.186s] -- Up-to-date: /home/amruth/Documents/git/ros_ws/WS/install/turtlesim/include/turtlesim/msg/detail/microxrcedds/pose__type_support_cpp.cpp
[1.186s] -- Up-to-date: /home/amruth/Documents/git/ros_ws/WS/install/turtlesim/include/turtlesim/srv
[1.186s] -- Up-to-date: /home/amruth/Documents/git/ros_ws/WS/install/turtlesim/include/turtlesim/srv/detail
[1.186s] -- Up-to-date: /home/amruth/Documents/git/ros_ws/WS/install/turtlesim/include/turtlesim/srv/detail/spawn__rosidl_typesupport_microxrcedds_cpp.hpp
[1.186s] -- Up-to-date: /home/amruth/Documents/git/ros_ws/WS/install/turtlesim/include/turtlesim/srv/detail/teleport_relative__rosidl_typesupport_microxrcedds_cpp.hpp
[1.186s] -- Up-to-date: /home/amruth/Documents/git/ros_ws/WS/install/turtlesim/include/turtlesim/srv/detail/teleport_absolute__rosidl_typesupport_microxrcedds_cpp.hpp
[1.186s] -- Up-to-date: /home/amruth/Documents/git/ros_ws/WS/install/turtlesim/include/turtlesim/srv/detail/set_pen__rosidl_typesupport_microxrcedds_cpp.hpp
[1.187s] -- Up-to-date: /home/amruth/Documents/git/ros_ws/WS/install/turtlesim/include/turtlesim/srv/detail/microxrcedds
[1.187s] -- Up-to-date: /home/amruth/Documents/git/ros_ws/WS/install/turtlesim/include/turtlesim/srv/detail/microxrcedds/teleport_absolute__type_support_cpp.cpp
[1.187s] -- Up-to-date: /home/amruth/Documents/git/ros_ws/WS/install/turtlesim/include/turtlesim/srv/detail/microxrcedds/teleport_relative__type_support_cpp.cpp
[1.187s] -- Up-to-date: /home/amruth/Documents/git/ros_ws/WS/install/turtlesim/include/turtlesim/srv/detail/microxrcedds/spawn__type_support_cpp.cpp
[1.187s] -- Up-to-date: /home/amruth/Documents/git/ros_ws/WS/install/turtlesim/include/turtlesim/srv/detail/microxrcedds/kill__type_support_cpp.cpp
[1.187s] -- Up-to-date: /home/amruth/Documents/git/ros_ws/WS/install/turtlesim/include/turtlesim/srv/detail/microxrcedds/set_pen__type_support_cpp.cpp
[1.187s] -- Up-to-date: /home/amruth/Documents/git/ros_ws/WS/install/turtlesim/include/turtlesim/srv/detail/kill__rosidl_typesupport_microxrcedds_cpp.hpp
[1.187s] -- Up-to-date: /home/amruth/Documents/git/ros_ws/WS/install/turtlesim/include/turtlesim/action
[1.187s] -- Up-to-date: /home/amruth/Documents/git/ros_ws/WS/install/turtlesim/include/turtlesim/action/detail
[1.187s] -- Up-to-date: /home/amruth/Documents/git/ros_ws/WS/install/turtlesim/include/turtlesim/action/detail/rotate_absolute__rosidl_typesupport_microxrcedds_cpp.hpp
[1.187s] -- Up-to-date: /home/amruth/Documents/git/ros_ws/WS/install/turtlesim/include/turtlesim/action/detail/microxrcedds
[1.187s] -- Up-to-date: /home/amruth/Documents/git/ros_ws/WS/install/turtlesim/include/turtlesim/action/detail/microxrcedds/rotate_absolute__type_support_cpp.cpp
[1.187s] -- Up-to-date: /home/amruth/Documents/git/ros_ws/WS/install/turtlesim/lib/libturtlesim__rosidl_typesupport_microxrcedds_cpp.so
[1.187s] -- Up-to-date: /home/amruth/Documents/git/ros_ws/WS/install/turtlesim/include/turtlesim/turtlesim
[1.188s] -- Up-to-date: /home/amruth/Documents/git/ros_ws/WS/install/turtlesim/include/turtlesim/turtlesim/msg
[1.188s] -- Up-to-date: /home/amruth/Documents/git/ros_ws/WS/install/turtlesim/include/turtlesim/turtlesim/msg/detail
[1.188s] -- Up-to-date: /home/amruth/Documents/git/ros_ws/WS/install/turtlesim/include/turtlesim/turtlesim/msg/detail/color__rosidl_typesupport_introspection_cpp.hpp
[1.188s] -- Up-to-date: /home/amruth/Documents/git/ros_ws/WS/install/turtlesim/include/turtlesim/turtlesim/msg/detail/pose__rosidl_typesupport_introspection_cpp.hpp
[1.188s] -- Up-to-date: /home/amruth/Documents/git/ros_ws/WS/install/turtlesim/include/turtlesim/turtlesim/msg/detail/color__type_support.cpp
[1.188s] -- Up-to-date: /home/amruth/Documents/git/ros_ws/WS/install/turtlesim/include/turtlesim/turtlesim/msg/detail/pose__type_support.cpp
[1.188s] -- Up-to-date: /home/amruth/Documents/git/ros_ws/WS/install/turtlesim/include/turtlesim/turtlesim/srv
[1.188s] -- Up-to-date: /home/amruth/Documents/git/ros_ws/WS/install/turtlesim/include/turtlesim/turtlesim/srv/detail
[1.188s] -- Up-to-date: /home/amruth/Documents/git/ros_ws/WS/install/turtlesim/include/turtlesim/turtlesim/srv/detail/kill__rosidl_typesupport_introspection_cpp.hpp
[1.188s] -- Up-to-date: /home/amruth/Documents/git/ros_ws/WS/install/turtlesim/include/turtlesim/turtlesim/srv/detail/spawn__rosidl_typesupport_introspection_cpp.hpp
[1.188s] -- Up-to-date: /home/amruth/Documents/git/ros_ws/WS/install/turtlesim/include/turtlesim/turtlesim/srv/detail/teleport_absolute__type_support.cpp
[1.188s] -- Up-to-date: /home/amruth/Documents/git/ros_ws/WS/install/turtlesim/include/turtlesim/turtlesim/srv/detail/teleport_absolute__rosidl_typesupport_introspection_cpp.hpp
[1.188s] -- Up-to-date: /home/amruth/Documents/git/ros_ws/WS/install/turtlesim/include/turtlesim/turtlesim/srv/detail/set_pen__rosidl_typesupport_introspection_cpp.hpp
[1.188s] -- Up-to-date: /home/amruth/Documents/git/ros_ws/WS/install/turtlesim/include/turtlesim/turtlesim/srv/detail/teleport_relative__rosidl_typesupport_introspection_cpp.hpp
[1.188s] -- Up-to-date: /home/amruth/Documents/git/ros_ws/WS/install/turtlesim/include/turtlesim/turtlesim/srv/detail/teleport_relative__type_support.cpp
[1.189s] -- Up-to-date: /home/amruth/Documents/git/ros_ws/WS/install/turtlesim/include/turtlesim/turtlesim/srv/detail/kill__type_support.cpp
[1.189s] -- Up-to-date: /home/amruth/Documents/git/ros_ws/WS/install/turtlesim/include/turtlesim/turtlesim/srv/detail/spawn__type_support.cpp
[1.189s] -- Up-to-date: /home/amruth/Documents/git/ros_ws/WS/install/turtlesim/include/turtlesim/turtlesim/srv/detail/set_pen__type_support.cpp
[1.189s] -- Up-to-date: /home/amruth/Documents/git/ros_ws/WS/install/turtlesim/include/turtlesim/turtlesim/action
[1.189s] -- Up-to-date: /home/amruth/Documents/git/ros_ws/WS/install/turtlesim/include/turtlesim/turtlesim/action/detail
[1.189s] -- Up-to-date: /home/amruth/Documents/git/ros_ws/WS/install/turtlesim/include/turtlesim/turtlesim/action/detail/rotate_absolute__type_support.cpp
[1.189s] -- Up-to-date: /home/amruth/Documents/git/ros_ws/WS/install/turtlesim/include/turtlesim/turtlesim/action/detail/rotate_absolute__rosidl_typesupport_introspection_cpp.hpp
[1.189s] -- Up-to-date: /home/amruth/Documents/git/ros_ws/WS/install/turtlesim/lib/libturtlesim__rosidl_typesupport_introspection_cpp.so
[1.189s] -- Up-to-date: /home/amruth/Documents/git/ros_ws/WS/install/turtlesim/lib/libturtlesim__rosidl_typesupport_cpp.so
[1.189s] -- Up-to-date: /home/amruth/Documents/git/ros_ws/WS/install/turtlesim/share/turtlesim/action/RotateAbsolute.idl
[1.189s] -- Up-to-date: /home/amruth/Documents/git/ros_ws/WS/install/turtlesim/share/turtlesim/msg/Color.idl
[1.189s] -- Up-to-date: /home/amruth/Documents/git/ros_ws/WS/install/turtlesim/share/turtlesim/msg/Pose.idl
[1.189s] -- Up-to-date: /home/amruth/Documents/git/ros_ws/WS/install/turtlesim/share/turtlesim/srv/Kill.idl
[1.189s] -- Up-to-date: /home/amruth/Documents/git/ros_ws/WS/install/turtlesim/share/turtlesim/srv/SetPen.idl
[1.189s] -- Up-to-date: /home/amruth/Documents/git/ros_ws/WS/install/turtlesim/share/turtlesim/srv/Spawn.idl
[1.189s] -- Up-to-date: /home/amruth/Documents/git/ros_ws/WS/install/turtlesim/share/turtlesim/srv/TeleportAbsolute.idl
[1.190s] -- Up-to-date: /home/amruth/Documents/git/ros_ws/WS/install/turtlesim/share/turtlesim/srv/TeleportRelative.idl
[1.190s] -- Up-to-date: /home/amruth/Documents/git/ros_ws/WS/install/turtlesim/share/turtlesim/action/RotateAbsolute.action
[1.190s] -- Up-to-date: /home/amruth/Documents/git/ros_ws/WS/install/turtlesim/share/turtlesim/msg/Color.msg
[1.190s] -- Up-to-date: /home/amruth/Documents/git/ros_ws/WS/install/turtlesim/share/turtlesim/msg/Pose.msg
[1.190s] -- Up-to-date: /home/amruth/Documents/git/ros_ws/WS/install/turtlesim/share/turtlesim/srv/Kill.srv
[1.190s] -- Up-to-date: /home/amruth/Documents/git/ros_ws/WS/install/turtlesim/share/turtlesim/srv/Kill_Request.msg
[1.190s] -- Up-to-date: /home/amruth/Documents/git/ros_ws/WS/install/turtlesim/share/turtlesim/srv/Kill_Response.msg
[1.190s] -- Up-to-date: /home/amruth/Documents/git/ros_ws/WS/install/turtlesim/share/turtlesim/srv/SetPen.srv
[1.190s] -- Up-to-date: /home/amruth/Documents/git/ros_ws/WS/install/turtlesim/share/turtlesim/srv/SetPen_Request.msg
[1.190s] -- Up-to-date: /home/amruth/Documents/git/ros_ws/WS/install/turtlesim/share/turtlesim/srv/SetPen_Response.msg
[1.191s] -- Up-to-date: /home/amruth/Documents/git/ros_ws/WS/install/turtlesim/share/turtlesim/srv/Spawn.srv
[1.191s] -- Up-to-date: /home/amruth/Documents/git/ros_ws/WS/install/turtlesim/share/turtlesim/srv/Spawn_Request.msg
[1.191s] -- Up-to-date: /home/amruth/Documents/git/ros_ws/WS/install/turtlesim/share/turtlesim/srv/Spawn_Response.msg
[1.191s] -- Up-to-date: /home/amruth/Documents/git/ros_ws/WS/install/turtlesim/share/turtlesim/srv/TeleportAbsolute.srv
[1.191s] -- Up-to-date: /home/amruth/Documents/git/ros_ws/WS/install/turtlesim/share/turtlesim/srv/TeleportAbsolute_Request.msg
[1.191s] -- Up-to-date: /home/amruth/Documents/git/ros_ws/WS/install/turtlesim/share/turtlesim/srv/TeleportAbsolute_Response.msg
[1.191s] -- Up-to-date: /home/amruth/Documents/git/ros_ws/WS/install/turtlesim/share/turtlesim/srv/TeleportRelative.srv
[1.191s] -- Up-to-date: /home/amruth/Documents/git/ros_ws/WS/install/turtlesim/share/turtlesim/srv/TeleportRelative_Request.msg
[1.191s] -- Up-to-date: /home/amruth/Documents/git/ros_ws/WS/install/turtlesim/share/turtlesim/srv/TeleportRelative_Response.msg
[1.191s] -- Up-to-date: /home/amruth/Documents/git/ros_ws/WS/install/turtlesim/lib/turtlesim/turtlesim_node
[1.192s] -- Up-to-date: /home/amruth/Documents/git/ros_ws/WS/install/turtlesim/lib/turtlesim/turtle_teleop_key
[1.192s] -- Up-to-date: /home/amruth/Documents/git/ros_ws/WS/install/turtlesim/lib/turtlesim/draw_square
[1.192s] -- Up-to-date: /home/amruth/Documents/git/ros_ws/WS/install/turtlesim/lib/turtlesim/mimic
[1.192s] -- Up-to-date: /home/amruth/Documents/git/ros_ws/WS/install/turtlesim/share/turtlesim/images
[1.192s] -- Up-to-date: /home/amruth/Documents/git/ros_ws/WS/install/turtlesim/share/turtlesim/images/rolling.png
[1.192s] -- Up-to-date: /home/amruth/Documents/git/ros_ws/WS/install/turtlesim/share/turtlesim/images/crystal.png
[1.192s] -- Up-to-date: /home/amruth/Documents/git/ros_ws/WS/install/turtlesim/share/turtlesim/images/dashing.png
[1.192s] -- Up-to-date: /home/amruth/Documents/git/ros_ws/WS/install/turtlesim/share/turtlesim/images/ardent.png
[1.192s] -- Up-to-date: /home/amruth/Documents/git/ros_ws/WS/install/turtlesim/share/turtlesim/images/foxy.png
[1.192s] -- Up-to-date: /home/amruth/Documents/git/ros_ws/WS/install/turtlesim/share/turtlesim/images/humble.png
[1.192s] -- Up-to-date: /home/amruth/Documents/git/ros_ws/WS/install/turtlesim/share/turtlesim/images/bouncy.png
[1.192s] -- Up-to-date: /home/amruth/Documents/git/ros_ws/WS/install/turtlesim/share/turtlesim/images/eloquent.png
[1.192s] -- Up-to-date: /home/amruth/Documents/git/ros_ws/WS/install/turtlesim/share/turtlesim/images/galactic.png
[1.192s] -- Up-to-date: /home/amruth/Documents/git/ros_ws/WS/install/turtlesim/share/turtlesim/launch
[1.193s] -- Up-to-date: /home/amruth/Documents/git/ros_ws/WS/install/turtlesim/share/turtlesim/launch/multisim.launch.py
[1.193s] -- Up-to-date: /home/amruth/Documents/git/ros_ws/WS/install/turtlesim/share/ament_index/resource_index/package_run_dependencies/turtlesim
[1.193s] -- Up-to-date: /home/amruth/Documents/git/ros_ws/WS/install/turtlesim/share/ament_index/resource_index/parent_prefix_path/turtlesim
[1.193s] -- Up-to-date: /home/amruth/Documents/git/ros_ws/WS/install/turtlesim/share/turtlesim/environment/ament_prefix_path.sh
[1.193s] -- Up-to-date: /home/amruth/Documents/git/ros_ws/WS/install/turtlesim/share/turtlesim/environment/ament_prefix_path.dsv
[1.193s] -- Up-to-date: /home/amruth/Documents/git/ros_ws/WS/install/turtlesim/share/turtlesim/environment/path.sh
[1.193s] -- Up-to-date: /home/amruth/Documents/git/ros_ws/WS/install/turtlesim/share/turtlesim/environment/path.dsv
[1.193s] -- Up-to-date: /home/amruth/Documents/git/ros_ws/WS/install/turtlesim/share/turtlesim/local_setup.bash
[1.193s] -- Up-to-date: /home/amruth/Documents/git/ros_ws/WS/install/turtlesim/share/turtlesim/local_setup.sh
[1.193s] -- Up-to-date: /home/amruth/Documents/git/ros_ws/WS/install/turtlesim/share/turtlesim/local_setup.zsh
[1.193s] -- Up-to-date: /home/amruth/Documents/git/ros_ws/WS/install/turtlesim/share/turtlesim/local_setup.dsv
[1.194s] -- Installing: /home/amruth/Documents/git/ros_ws/WS/install/turtlesim/share/turtlesim/package.dsv
[1.194s] -- Up-to-date: /home/amruth/Documents/git/ros_ws/WS/install/turtlesim/share/ament_index/resource_index/packages/turtlesim
[1.194s] -- Up-to-date: /home/amruth/Documents/git/ros_ws/WS/install/turtlesim/share/turtlesim/cmake/export_turtlesim__rosidl_generator_cExport.cmake
[1.194s] -- Up-to-date: /home/amruth/Documents/git/ros_ws/WS/install/turtlesim/share/turtlesim/cmake/export_turtlesim__rosidl_generator_cExport-noconfig.cmake
[1.194s] -- Up-to-date: /home/amruth/Documents/git/ros_ws/WS/install/turtlesim/share/turtlesim/cmake/export_turtlesim__rosidl_typesupport_fastrtps_cExport.cmake
[1.194s] -- Up-to-date: /home/amruth/Documents/git/ros_ws/WS/install/turtlesim/share/turtlesim/cmake/export_turtlesim__rosidl_typesupport_fastrtps_cExport-noconfig.cmake
[1.194s] -- Up-to-date: /home/amruth/Documents/git/ros_ws/WS/install/turtlesim/share/turtlesim/cmake/export_turtlesim__rosidl_generator_cppExport.cmake
[1.194s] -- Up-to-date: /home/amruth/Documents/git/ros_ws/WS/install/turtlesim/share/turtlesim/cmake/export_turtlesim__rosidl_typesupport_fastrtps_cppExport.cmake
[1.194s] -- Up-to-date: /home/amruth/Documents/git/ros_ws/WS/install/turtlesim/share/turtlesim/cmake/export_turtlesim__rosidl_typesupport_fastrtps_cppExport-noconfig.cmake
[1.194s] -- Up-to-date: /home/amruth/Documents/git/ros_ws/WS/install/turtlesim/share/turtlesim/cmake/turtlesim__rosidl_typesupport_introspection_cExport.cmake
[1.194s] -- Up-to-date: /home/amruth/Documents/git/ros_ws/WS/install/turtlesim/share/turtlesim/cmake/turtlesim__rosidl_typesupport_introspection_cExport-noconfig.cmake
[1.194s] -- Up-to-date: /home/amruth/Documents/git/ros_ws/WS/install/turtlesim/share/turtlesim/cmake/turtlesim__rosidl_typesupport_cExport.cmake
[1.195s] -- Up-to-date: /home/amruth/Documents/git/ros_ws/WS/install/turtlesim/share/turtlesim/cmake/turtlesim__rosidl_typesupport_cExport-noconfig.cmake
[1.195s] -- Up-to-date: /home/amruth/Documents/git/ros_ws/WS/install/turtlesim/share/turtlesim/cmake/turtlesim__rosidl_typesupport_introspection_cppExport.cmake
[1.195s] -- Up-to-date: /home/amruth/Documents/git/ros_ws/WS/install/turtlesim/share/turtlesim/cmake/turtlesim__rosidl_typesupport_introspection_cppExport-noconfig.cmake
[1.195s] -- Up-to-date: /home/amruth/Documents/git/ros_ws/WS/install/turtlesim/share/turtlesim/cmake/turtlesim__rosidl_typesupport_cppExport.cmake
[1.195s] -- Up-to-date: /home/amruth/Documents/git/ros_ws/WS/install/turtlesim/share/turtlesim/cmake/turtlesim__rosidl_typesupport_cppExport-noconfig.cmake
[1.195s] -- Up-to-date: /home/amruth/Documents/git/ros_ws/WS/install/turtlesim/share/turtlesim/cmake/rosidl_cmake-extras.cmake
[1.195s] -- Up-to-date: /home/amruth/Documents/git/ros_ws/WS/install/turtlesim/share/turtlesim/cmake/ament_cmake_export_dependencies-extras.cmake
[1.195s] -- Up-to-date: /home/amruth/Documents/git/ros_ws/WS/install/turtlesim/share/turtlesim/cmake/ament_cmake_export_include_directories-extras.cmake
[1.195s] -- Up-to-date: /home/amruth/Documents/git/ros_ws/WS/install/turtlesim/share/turtlesim/cmake/ament_cmake_export_libraries-extras.cmake
[1.195s] -- Up-to-date: /home/amruth/Documents/git/ros_ws/WS/install/turtlesim/share/turtlesim/cmake/ament_cmake_export_targets-extras.cmake
[1.196s] -- Up-to-date: /home/amruth/Documents/git/ros_ws/WS/install/turtlesim/share/turtlesim/cmake/rosidl_cmake_export_typesupport_targets-extras.cmake
[1.196s] -- Up-to-date: /home/amruth/Documents/git/ros_ws/WS/install/turtlesim/share/turtlesim/cmake/rosidl_cmake_export_typesupport_libraries-extras.cmake
[1.196s] -- Up-to-date: /home/amruth/Documents/git/ros_ws/WS/install/turtlesim/share/turtlesim/cmake/turtlesimConfig.cmake
[1.196s] -- Up-to-date: /home/amruth/Documents/git/ros_ws/WS/install/turtlesim/share/turtlesim/cmake/turtlesimConfig-version.cmake
[1.196s] -- Up-to-date: /home/amruth/Documents/git/ros_ws/WS/install/turtlesim/share/turtlesim/package.xml
[1.196s] Invoked command in '/home/amruth/Documents/git/ros_ws/WS/build/turtlesim' returned '0': CMAKE_PREFIX_PATH=${CMAKE_PREFIX_PATH}:/home/amruth/Documents/git/ros_ws/WS/install/my_py_pkg:/home/amruth/Documents/git/microros_ws/install/sensor_msgs_py:/opt/ros/humble /usr/bin/cmake --install /home/amruth/Documents/git/ros_ws/WS/build/turtlesim
