running egg_info
writing ../../build/py_srvcli/py_srvcli.egg-info/PKG-INFO
writing dependency_links to ../../build/py_srvcli/py_srvcli.egg-info/dependency_links.txt
writing entry points to ../../build/py_srvcli/py_srvcli.egg-info/entry_points.txt
writing requirements to ../../build/py_srvcli/py_srvcli.egg-info/requires.txt
writing top-level names to ../../build/py_srvcli/py_srvcli.egg-info/top_level.txt
reading manifest file '../../build/py_srvcli/py_srvcli.egg-info/SOURCES.txt'
adding license file 'LICENSE'
writing manifest file '../../build/py_srvcli/py_srvcli.egg-info/SOURCES.txt'
running build
running build_py
copying py_srvcli/client_add.py -> /home/amruth/Documents/git/ros_ws/WS/build/py_srvcli/build/lib/py_srvcli
running install
/usr/lib/python3/dist-packages/setuptools/command/install.py:34: SetuptoolsDeprecationWarning: setup.py install is deprecated. Use build and pip and other standards-based tools.
  warnings.warn(
running install_lib
copying /home/amruth/Documents/git/ros_ws/WS/build/py_srvcli/build/lib/py_srvcli/client_add.py -> /home/amruth/Documents/git/ros_ws/WS/install/py_srvcli/lib/python3.10/site-packages/py_srvcli
byte-compiling /home/amruth/Documents/git/ros_ws/WS/install/py_srvcli/lib/python3.10/site-packages/py_srvcli/client_add.py to client_add.cpython-310.pyc
running install_data
running install_egg_info
removing '/home/amruth/Documents/git/ros_ws/WS/install/py_srvcli/lib/python3.10/site-packages/py_srvcli-0.0.0-py3.10.egg-info' (and everything under it)
Copying ../../build/py_srvcli/py_srvcli.egg-info to /home/amruth/Documents/git/ros_ws/WS/install/py_srvcli/lib/python3.10/site-packages/py_srvcli-0.0.0-py3.10.egg-info
running install_scripts
Installing add_ser script to /home/amruth/Documents/git/ros_ws/WS/install/py_srvcli/lib/py_srvcli
writing list of installed files to '/home/amruth/Documents/git/ros_ws/WS/build/py_srvcli/install.log'
