[0.714s] Invoking command in '/home/amruth/Documents/git/ros_ws/WS/src/py_srvcli': PYTHONPATH=/home/amruth/Documents/git/ros_ws/WS/build/py_srvcli/prefix_override:/home/amruth/Documents/git/ros_ws/WS/install/py_srvcli/lib/python3.10/site-packages:${PYTHONPATH} /usr/bin/python3 setup.py egg_info --egg-base ../../build/py_srvcli build --build-base /home/amruth/Documents/git/ros_ws/WS/build/py_srvcli/build install --record /home/amruth/Documents/git/ros_ws/WS/build/py_srvcli/install.log --single-version-externally-managed
[0.951s] running egg_info
[0.952s] writing ../../build/py_srvcli/py_srvcli.egg-info/PKG-INFO
[0.952s] writing dependency_links to ../../build/py_srvcli/py_srvcli.egg-info/dependency_links.txt
[0.952s] writing entry points to ../../build/py_srvcli/py_srvcli.egg-info/entry_points.txt
[0.952s] writing requirements to ../../build/py_srvcli/py_srvcli.egg-info/requires.txt
[0.952s] writing top-level names to ../../build/py_srvcli/py_srvcli.egg-info/top_level.txt
[0.954s] reading manifest file '../../build/py_srvcli/py_srvcli.egg-info/SOURCES.txt'
[0.955s] adding license file 'LICENSE'
[0.955s] writing manifest file '../../build/py_srvcli/py_srvcli.egg-info/SOURCES.txt'
[0.955s] running build
[0.955s] running build_py
[0.955s] copying py_srvcli/client_add.py -> /home/amruth/Documents/git/ros_ws/WS/build/py_srvcli/build/lib/py_srvcli
[0.955s] running install
[0.956s] /usr/lib/python3/dist-packages/setuptools/command/install.py:34: SetuptoolsDeprecationWarning: setup.py install is deprecated. Use build and pip and other standards-based tools.
[0.956s]   warnings.warn(
[0.956s] running install_lib
[0.956s] copying /home/amruth/Documents/git/ros_ws/WS/build/py_srvcli/build/lib/py_srvcli/client_add.py -> /home/amruth/Documents/git/ros_ws/WS/install/py_srvcli/lib/python3.10/site-packages/py_srvcli
[0.957s] byte-compiling /home/amruth/Documents/git/ros_ws/WS/install/py_srvcli/lib/python3.10/site-packages/py_srvcli/client_add.py to client_add.cpython-310.pyc
[0.957s] running install_data
[0.957s] running install_egg_info
[0.959s] removing '/home/amruth/Documents/git/ros_ws/WS/install/py_srvcli/lib/python3.10/site-packages/py_srvcli-0.0.0-py3.10.egg-info' (and everything under it)
[0.959s] Copying ../../build/py_srvcli/py_srvcli.egg-info to /home/amruth/Documents/git/ros_ws/WS/install/py_srvcli/lib/python3.10/site-packages/py_srvcli-0.0.0-py3.10.egg-info
[0.960s] running install_scripts
[0.976s] Installing add_ser script to /home/amruth/Documents/git/ros_ws/WS/install/py_srvcli/lib/py_srvcli
[0.976s] writing list of installed files to '/home/amruth/Documents/git/ros_ws/WS/build/py_srvcli/install.log'
[1.000s] Invoked command in '/home/amruth/Documents/git/ros_ws/WS/src/py_srvcli' returned '0': PYTHONPATH=/home/amruth/Documents/git/ros_ws/WS/build/py_srvcli/prefix_override:/home/amruth/Documents/git/ros_ws/WS/install/py_srvcli/lib/python3.10/site-packages:${PYTHONPATH} /usr/bin/python3 setup.py egg_info --egg-base ../../build/py_srvcli build --build-base /home/amruth/Documents/git/ros_ws/WS/build/py_srvcli/build install --record /home/amruth/Documents/git/ros_ws/WS/build/py_srvcli/install.log --single-version-externally-managed
