[0.033s] Invoking command in '/home/ros_ws/build/my_cpp_pkg': CMAKE_PREFIX_PATH=${CMAKE_PREFIX_PATH}:/home/ros_ws/install/my_py_pkg:/opt/ros/foxy PYTHONPATH=/home/ros_ws/install/my_robot_interfaces/lib/python3.8/site-packages:/home/ros_ws/install/my_py_pkg/lib/python3.8/site-packages:/home/ros_ws/install/bat_led_interfaces/lib/python3.8/site-packages:/opt/ros/foxy/lib/python3.8/site-packages /usr/bin/cmake --build /home/ros_ws/build/my_cpp_pkg -- -j16 -l16
[0.093s] [ 33%] Built target number_counter
[0.093s] [ 33%] Built target number_publisher
[0.093s] [ 33%] Built target smartphone
[0.095s] [ 66%] Built target robot_news_station
[0.095s] [ 66%] Built target hw_status_publisher
[0.095s] [ 66%] Built target add_two_ints_client_no_oop
[0.095s] [ 77%] Built target add_two_ints_server
[0.095s] [ 94%] Built target cpp_node
[0.095s] [100%] Built target add_two_ints_client
[0.229s] Invoked command in '/home/ros_ws/build/my_cpp_pkg' returned '0': CMAKE_PREFIX_PATH=${CMAKE_PREFIX_PATH}:/home/ros_ws/install/my_py_pkg:/opt/ros/foxy PYTHONPATH=/home/ros_ws/install/my_robot_interfaces/lib/python3.8/site-packages:/home/ros_ws/install/my_py_pkg/lib/python3.8/site-packages:/home/ros_ws/install/bat_led_interfaces/lib/python3.8/site-packages:/opt/ros/foxy/lib/python3.8/site-packages /usr/bin/cmake --build /home/ros_ws/build/my_cpp_pkg -- -j16 -l16
[0.266s] Invoking command in '/home/ros_ws/build/my_cpp_pkg': CMAKE_PREFIX_PATH=${CMAKE_PREFIX_PATH}:/home/ros_ws/install/my_py_pkg:/opt/ros/foxy PYTHONPATH=/home/ros_ws/install/my_robot_interfaces/lib/python3.8/site-packages:/home/ros_ws/install/my_py_pkg/lib/python3.8/site-packages:/home/ros_ws/install/bat_led_interfaces/lib/python3.8/site-packages:/opt/ros/foxy/lib/python3.8/site-packages /usr/bin/cmake --install /home/ros_ws/build/my_cpp_pkg
[0.274s] -- Install configuration: ""
[0.274s] -- Up-to-date: /home/ros_ws/install/my_cpp_pkg/lib/my_cpp_pkg/cpp_node
[0.275s] -- Up-to-date: /home/ros_ws/install/my_cpp_pkg/lib/my_cpp_pkg/robot_news_station
[0.275s] -- Up-to-date: /home/ros_ws/install/my_cpp_pkg/lib/my_cpp_pkg/smartphone
[0.275s] -- Up-to-date: /home/ros_ws/install/my_cpp_pkg/lib/my_cpp_pkg/add_two_ints_client_no_oop
[0.275s] -- Up-to-date: /home/ros_ws/install/my_cpp_pkg/lib/my_cpp_pkg/add_two_ints_client
[0.275s] -- Up-to-date: /home/ros_ws/install/my_cpp_pkg/lib/my_cpp_pkg/add_two_ints_server
[0.276s] -- Up-to-date: /home/ros_ws/install/my_cpp_pkg/lib/my_cpp_pkg/number_publisher
[0.276s] -- Up-to-date: /home/ros_ws/install/my_cpp_pkg/lib/my_cpp_pkg/number_counter
[0.276s] -- Up-to-date: /home/ros_ws/install/my_cpp_pkg/lib/my_cpp_pkg/hw_status_publisher
[0.276s] -- Up-to-date: /home/ros_ws/install/my_cpp_pkg/share/ament_index/resource_index/package_run_dependencies/my_cpp_pkg
[0.276s] -- Up-to-date: /home/ros_ws/install/my_cpp_pkg/share/ament_index/resource_index/parent_prefix_path/my_cpp_pkg
[0.277s] -- Up-to-date: /home/ros_ws/install/my_cpp_pkg/share/my_cpp_pkg/environment/ament_prefix_path.sh
[0.277s] -- Up-to-date: /home/ros_ws/install/my_cpp_pkg/share/my_cpp_pkg/environment/ament_prefix_path.dsv
[0.277s] -- Up-to-date: /home/ros_ws/install/my_cpp_pkg/share/my_cpp_pkg/environment/path.sh
[0.277s] -- Up-to-date: /home/ros_ws/install/my_cpp_pkg/share/my_cpp_pkg/environment/path.dsv
[0.277s] -- Up-to-date: /home/ros_ws/install/my_cpp_pkg/share/my_cpp_pkg/local_setup.bash
[0.277s] -- Up-to-date: /home/ros_ws/install/my_cpp_pkg/share/my_cpp_pkg/local_setup.sh
[0.277s] -- Up-to-date: /home/ros_ws/install/my_cpp_pkg/share/my_cpp_pkg/local_setup.zsh
[0.277s] -- Up-to-date: /home/ros_ws/install/my_cpp_pkg/share/my_cpp_pkg/local_setup.dsv
[0.277s] -- Installing: /home/ros_ws/install/my_cpp_pkg/share/my_cpp_pkg/package.dsv
[0.277s] -- Up-to-date: /home/ros_ws/install/my_cpp_pkg/share/ament_index/resource_index/packages/my_cpp_pkg
[0.277s] -- Up-to-date: /home/ros_ws/install/my_cpp_pkg/share/my_cpp_pkg/cmake/my_cpp_pkgConfig.cmake
[0.277s] -- Up-to-date: /home/ros_ws/install/my_cpp_pkg/share/my_cpp_pkg/cmake/my_cpp_pkgConfig-version.cmake
[0.278s] -- Up-to-date: /home/ros_ws/install/my_cpp_pkg/share/my_cpp_pkg/package.xml
[0.281s] Invoked command in '/home/ros_ws/build/my_cpp_pkg' returned '0': CMAKE_PREFIX_PATH=${CMAKE_PREFIX_PATH}:/home/ros_ws/install/my_py_pkg:/opt/ros/foxy PYTHONPATH=/home/ros_ws/install/my_robot_interfaces/lib/python3.8/site-packages:/home/ros_ws/install/my_py_pkg/lib/python3.8/site-packages:/home/ros_ws/install/bat_led_interfaces/lib/python3.8/site-packages:/opt/ros/foxy/lib/python3.8/site-packages /usr/bin/cmake --install /home/ros_ws/build/my_cpp_pkg
