[  1%] [34m[1mGenerating C code for ROS interfaces[0m
[  2%] [34m[1mGenerating C++ code for ROS interfaces[0m
[  2%] Built target turtlesim__cpp
[  3%] [34m[1mGenerating C++ introspection for ROS interfaces[0m
[  4%] [34m[1mGenerating C++ type support for eProsima Micro XRCE-DDS[0m
[  5%] [32mBuilding C object CMakeFiles/turtlesim__rosidl_generator_c.dir/rosidl_generator_c/turtlesim/action/detail/rotate_absolute__functions.c.o[0m
[  6%] [32mBuilding C object CMakeFiles/turtlesim__rosidl_generator_c.dir/rosidl_generator_c/turtlesim/msg/detail/pose__functions.c.o[0m
[  7%] [32mBuilding C object CMakeFiles/turtlesim__rosidl_generator_c.dir/rosidl_generator_c/turtlesim/msg/detail/color__functions.c.o[0m
[  8%] [32mBuilding C object CMakeFiles/turtlesim__rosidl_generator_c.dir/rosidl_generator_c/turtlesim/srv/detail/kill__functions.c.o[0m
[  9%] [34m[1mGenerating C++ type support dispatch for ROS interfaces[0m
[ 10%] [34m[1mGenerating C++ type support for eProsima Fast-RTPS[0m
[ 11%] [32mBuilding C object CMakeFiles/turtlesim__rosidl_generator_c.dir/rosidl_generator_c/turtlesim/srv/detail/set_pen__functions.c.o[0m
[ 12%] [32mBuilding C object CMakeFiles/turtlesim__rosidl_generator_c.dir/rosidl_generator_c/turtlesim/srv/detail/spawn__functions.c.o[0m
[ 13%] [32mBuilding C object CMakeFiles/turtlesim__rosidl_generator_c.dir/rosidl_generator_c/turtlesim/srv/detail/teleport_absolute__functions.c.o[0m
[ 14%] [32mBuilding C object CMakeFiles/turtlesim__rosidl_generator_c.dir/rosidl_generator_c/turtlesim/srv/detail/teleport_relative__functions.c.o[0m
[ 15%] [32m[1mLinking C shared library libturtlesim__rosidl_generator_c.so[0m
[ 15%] Built target turtlesim__rosidl_generator_c
[ 16%] [34m[1mGenerating C type support for eProsima Micro XRCE-DDS[0m
[ 17%] [34m[1mGenerating C introspection for ROS interfaces[0m
[ 18%] [34m[1mGenerating C type support dispatch for ROS interfaces[0m
[ 19%] [34m[1mGenerating C type support for eProsima Fast-RTPS[0m
[ 20%] [32mBuilding CXX object CMakeFiles/turtlesim__rosidl_typesupport_cpp.dir/rosidl_typesupport_cpp/turtlesim/srv/kill__type_support.cpp.o[0m
[ 21%] [32mBuilding CXX object CMakeFiles/turtlesim__rosidl_typesupport_cpp.dir/rosidl_typesupport_cpp/turtlesim/action/rotate_absolute__type_support.cpp.o[0m
[ 22%] [32mBuilding CXX object CMakeFiles/turtlesim__rosidl_typesupport_cpp.dir/rosidl_typesupport_cpp/turtlesim/srv/spawn__type_support.cpp.o[0m
[ 23%] [32mBuilding CXX object CMakeFiles/turtlesim__rosidl_typesupport_cpp.dir/rosidl_typesupport_cpp/turtlesim/msg/color__type_support.cpp.o[0m
[ 24%] [32mBuilding CXX object CMakeFiles/turtlesim__rosidl_typesupport_cpp.dir/rosidl_typesupport_cpp/turtlesim/msg/pose__type_support.cpp.o[0m
[ 25%] [32mBuilding CXX object CMakeFiles/turtlesim__rosidl_typesupport_cpp.dir/rosidl_typesupport_cpp/turtlesim/srv/teleport_relative__type_support.cpp.o[0m
[ 25%] [32mBuilding CXX object CMakeFiles/turtlesim__rosidl_typesupport_cpp.dir/rosidl_typesupport_cpp/turtlesim/srv/teleport_absolute__type_support.cpp.o[0m
[ 26%] [32mBuilding CXX object CMakeFiles/turtlesim__rosidl_typesupport_cpp.dir/rosidl_typesupport_cpp/turtlesim/srv/set_pen__type_support.cpp.o[0m
[ 27%] [32mBuilding CXX object CMakeFiles/turtlesim__rosidl_typesupport_c.dir/rosidl_typesupport_c/turtlesim/msg/color__type_support.cpp.o[0m
[ 28%] [32mBuilding CXX object CMakeFiles/turtlesim__rosidl_typesupport_c.dir/rosidl_typesupport_c/turtlesim/action/rotate_absolute__type_support.cpp.o[0m
[ 29%] [32mBuilding CXX object CMakeFiles/turtlesim__rosidl_typesupport_c.dir/rosidl_typesupport_c/turtlesim/msg/pose__type_support.cpp.o[0m
[ 30%] [32mBuilding CXX object CMakeFiles/turtlesim__rosidl_typesupport_c.dir/rosidl_typesupport_c/turtlesim/srv/kill__type_support.cpp.o[0m
[ 31%] [32mBuilding CXX object CMakeFiles/turtlesim__rosidl_typesupport_c.dir/rosidl_typesupport_c/turtlesim/srv/set_pen__type_support.cpp.o[0m
[ 32%] [32mBuilding CXX object CMakeFiles/turtlesim__rosidl_typesupport_c.dir/rosidl_typesupport_c/turtlesim/srv/spawn__type_support.cpp.o[0m
[ 33%] [32mBuilding CXX object CMakeFiles/turtlesim__rosidl_typesupport_c.dir/rosidl_typesupport_c/turtlesim/srv/teleport_absolute__type_support.cpp.o[0m
[ 34%] [32mBuilding CXX object CMakeFiles/turtlesim__rosidl_typesupport_c.dir/rosidl_typesupport_c/turtlesim/srv/teleport_relative__type_support.cpp.o[0m
[ 34%] [32mBuilding CXX object CMakeFiles/turtlesim__rosidl_typesupport_introspection_cpp.dir/rosidl_typesupport_introspection_cpp/turtlesim/action/detail/rotate_absolute__type_support.cpp.o[0m
[ 35%] [32mBuilding CXX object CMakeFiles/turtlesim__rosidl_typesupport_introspection_cpp.dir/rosidl_typesupport_introspection_cpp/turtlesim/msg/detail/color__type_support.cpp.o[0m
[ 36%] [32mBuilding CXX object CMakeFiles/turtlesim__rosidl_typesupport_introspection_cpp.dir/rosidl_typesupport_introspection_cpp/turtlesim/msg/detail/pose__type_support.cpp.o[0m
[ 37%] [32mBuilding CXX object CMakeFiles/turtlesim__rosidl_typesupport_introspection_cpp.dir/rosidl_typesupport_introspection_cpp/turtlesim/srv/detail/kill__type_support.cpp.o[0m
[ 38%] [32mBuilding CXX object CMakeFiles/turtlesim__rosidl_typesupport_introspection_cpp.dir/rosidl_typesupport_introspection_cpp/turtlesim/srv/detail/set_pen__type_support.cpp.o[0m
[ 40%] [32mBuilding CXX object CMakeFiles/turtlesim__rosidl_typesupport_introspection_cpp.dir/rosidl_typesupport_introspection_cpp/turtlesim/srv/detail/teleport_absolute__type_support.cpp.o[0m
[ 40%] [32mBuilding CXX object CMakeFiles/turtlesim__rosidl_typesupport_introspection_cpp.dir/rosidl_typesupport_introspection_cpp/turtlesim/srv/detail/spawn__type_support.cpp.o[0m
[ 41%] [32mBuilding CXX object CMakeFiles/turtlesim__rosidl_typesupport_fastrtps_cpp.dir/rosidl_typesupport_fastrtps_cpp/turtlesim/msg/detail/dds_fastrtps/color__type_support.cpp.o[0m
[ 42%] [32mBuilding CXX object CMakeFiles/turtlesim__rosidl_typesupport_introspection_cpp.dir/rosidl_typesupport_introspection_cpp/turtlesim/srv/detail/teleport_relative__type_support.cpp.o[0m
[ 43%] [32mBuilding CXX object CMakeFiles/turtlesim__rosidl_typesupport_fastrtps_cpp.dir/rosidl_typesupport_fastrtps_cpp/turtlesim/action/detail/dds_fastrtps/rotate_absolute__type_support.cpp.o[0m
[ 44%] [32m[1mLinking CXX shared library libturtlesim__rosidl_typesupport_c.so[0m
[ 45%] [32mBuilding CXX object CMakeFiles/turtlesim__rosidl_typesupport_microxrcedds_cpp.dir/rosidl_typesupport_microxrcedds_cpp/turtlesim/action/detail/microxrcedds/rotate_absolute__type_support_cpp.cpp.o[0m
[ 45%] Built target turtlesim__rosidl_typesupport_c
[ 46%] [32mBuilding CXX object CMakeFiles/turtlesim__rosidl_typesupport_microxrcedds_cpp.dir/rosidl_typesupport_microxrcedds_cpp/turtlesim/msg/detail/microxrcedds/color__type_support_cpp.cpp.o[0m
[ 47%] [32m[1mLinking CXX shared library libturtlesim__rosidl_typesupport_cpp.so[0m
[ 47%] Built target turtlesim__rosidl_typesupport_cpp
[ 48%] [32mBuilding CXX object CMakeFiles/turtlesim__rosidl_typesupport_microxrcedds_cpp.dir/rosidl_typesupport_microxrcedds_cpp/turtlesim/msg/detail/microxrcedds/pose__type_support_cpp.cpp.o[0m
[ 49%] [32mBuilding C object CMakeFiles/turtlesim__rosidl_typesupport_introspection_c.dir/rosidl_typesupport_introspection_c/turtlesim/action/detail/rotate_absolute__type_support.c.o[0m
[ 50%] [32mBuilding CXX object CMakeFiles/turtlesim__rosidl_typesupport_fastrtps_c.dir/rosidl_typesupport_fastrtps_c/turtlesim/action/detail/rotate_absolute__type_support_c.cpp.o[0m
[ 51%] [32mBuilding CXX object CMakeFiles/turtlesim__rosidl_typesupport_fastrtps_c.dir/rosidl_typesupport_fastrtps_c/turtlesim/msg/detail/color__type_support_c.cpp.o[0m
[ 52%] [34m[1mGenerating include/turtlesim/moc_turtle_frame.cpp[0m
[ 53%] [32mBuilding C object CMakeFiles/turtlesim__rosidl_typesupport_introspection_c.dir/rosidl_typesupport_introspection_c/turtlesim/msg/detail/color__type_support.c.o[0m
[ 54%] [32mBuilding CXX object CMakeFiles/turtlesim__rosidl_typesupport_microxrcedds_cpp.dir/rosidl_typesupport_microxrcedds_cpp/turtlesim/srv/detail/microxrcedds/kill__type_support_cpp.cpp.o[0m
[ 55%] [32mBuilding CXX object CMakeFiles/turtlesim__rosidl_typesupport_microxrcedds_cpp.dir/rosidl_typesupport_microxrcedds_cpp/turtlesim/srv/detail/microxrcedds/set_pen__type_support_cpp.cpp.o[0m
[ 56%] [32mBuilding C object CMakeFiles/turtlesim__rosidl_typesupport_introspection_c.dir/rosidl_typesupport_introspection_c/turtlesim/msg/detail/pose__type_support.c.o[0m
[ 57%] [32mBuilding CXX object CMakeFiles/turtlesim__rosidl_typesupport_fastrtps_c.dir/rosidl_typesupport_fastrtps_c/turtlesim/msg/detail/pose__type_support_c.cpp.o[0m
[ 58%] [32mBuilding CXX object CMakeFiles/turtlesim__rosidl_typesupport_microxrcedds_cpp.dir/rosidl_typesupport_microxrcedds_cpp/turtlesim/srv/detail/microxrcedds/spawn__type_support_cpp.cpp.o[0m
[ 59%] [32mBuilding CXX object CMakeFiles/turtlesim__rosidl_typesupport_fastrtps_c.dir/rosidl_typesupport_fastrtps_c/turtlesim/srv/detail/kill__type_support_c.cpp.o[0m
[ 60%] [32mBuilding C object CMakeFiles/turtlesim__rosidl_typesupport_introspection_c.dir/rosidl_typesupport_introspection_c/turtlesim/srv/detail/kill__type_support.c.o[0m
[ 61%] [32mBuilding C object CMakeFiles/turtlesim__rosidl_typesupport_microxrcedds_c.dir/rosidl_typesupport_microxrcedds_c/turtlesim/action/detail/microxrcedds/rotate_absolute__type_support_c.c.o[0m
[ 62%] [32mBuilding C object CMakeFiles/turtlesim__rosidl_typesupport_microxrcedds_c.dir/rosidl_typesupport_microxrcedds_c/turtlesim/msg/detail/microxrcedds/pose__type_support_c.c.o[0m
[ 63%] [32mBuilding C object CMakeFiles/turtlesim__rosidl_typesupport_microxrcedds_c.dir/rosidl_typesupport_microxrcedds_c/turtlesim/msg/detail/microxrcedds/color__type_support_c.c.o[0m
[ 64%] [32mBuilding CXX object CMakeFiles/turtlesim_node.dir/src/turtlesim.cpp.o[0m
[ 65%] [32mBuilding C object CMakeFiles/turtlesim__rosidl_typesupport_introspection_c.dir/rosidl_typesupport_introspection_c/turtlesim/srv/detail/set_pen__type_support.c.o[0m
[ 66%] [32mBuilding CXX object CMakeFiles/turtlesim_node.dir/src/turtle.cpp.o[0m
[ 67%] [32mBuilding C object CMakeFiles/turtlesim__rosidl_typesupport_introspection_c.dir/rosidl_typesupport_introspection_c/turtlesim/srv/detail/spawn__type_support.c.o[0m
[ 68%] [32mBuilding C object CMakeFiles/turtlesim__rosidl_typesupport_microxrcedds_c.dir/rosidl_typesupport_microxrcedds_c/turtlesim/srv/detail/microxrcedds/kill__type_support_c.c.o[0m
[ 69%] [32mBuilding CXX object CMakeFiles/turtlesim__rosidl_typesupport_fastrtps_cpp.dir/rosidl_typesupport_fastrtps_cpp/turtlesim/msg/detail/dds_fastrtps/pose__type_support.cpp.o[0m
[ 70%] [32mBuilding CXX object CMakeFiles/turtlesim_node.dir/src/turtle_frame.cpp.o[0m
[ 71%] [32m[1mLinking CXX shared library libturtlesim__rosidl_typesupport_introspection_cpp.so[0m
[ 72%] [32mBuilding CXX object CMakeFiles/turtlesim__rosidl_typesupport_fastrtps_cpp.dir/rosidl_typesupport_fastrtps_cpp/turtlesim/srv/detail/dds_fastrtps/kill__type_support.cpp.o[0m
[ 73%] [32mBuilding C object CMakeFiles/turtlesim__rosidl_typesupport_introspection_c.dir/rosidl_typesupport_introspection_c/turtlesim/srv/detail/teleport_absolute__type_support.c.o[0m
[ 74%] [32mBuilding CXX object CMakeFiles/turtle_teleop_key.dir/tutorials/teleop_turtle_key.cpp.o[0m
[ 75%] [32mBuilding C object CMakeFiles/turtlesim__rosidl_typesupport_microxrcedds_c.dir/rosidl_typesupport_microxrcedds_c/turtlesim/srv/detail/microxrcedds/set_pen__type_support_c.c.o[0m
[ 76%] [32mBuilding C object CMakeFiles/turtlesim__rosidl_typesupport_introspection_c.dir/rosidl_typesupport_introspection_c/turtlesim/srv/detail/teleport_relative__type_support.c.o[0m
[ 77%] [32mBuilding C object CMakeFiles/turtlesim__rosidl_typesupport_microxrcedds_c.dir/rosidl_typesupport_microxrcedds_c/turtlesim/srv/detail/microxrcedds/spawn__type_support_c.c.o[0m
[ 78%] [32mBuilding C object CMakeFiles/turtlesim__rosidl_typesupport_microxrcedds_c.dir/rosidl_typesupport_microxrcedds_c/turtlesim/srv/detail/microxrcedds/teleport_absolute__type_support_c.c.o[0m
[ 79%] [32m[1mLinking C shared library libturtlesim__rosidl_typesupport_introspection_c.so[0m
[ 80%] [32mBuilding CXX object CMakeFiles/turtlesim_node.dir/include/turtlesim/moc_turtle_frame.cpp.o[0m
[ 81%] [32mBuilding CXX object CMakeFiles/turtlesim__rosidl_typesupport_microxrcedds_cpp.dir/rosidl_typesupport_microxrcedds_cpp/turtlesim/srv/detail/microxrcedds/teleport_absolute__type_support_cpp.cpp.o[0m
[ 81%] Built target turtlesim__rosidl_typesupport_introspection_cpp
[ 82%] [32mBuilding CXX object CMakeFiles/turtlesim__rosidl_typesupport_fastrtps_c.dir/rosidl_typesupport_fastrtps_c/turtlesim/srv/detail/set_pen__type_support_c.cpp.o[0m
[ 82%] [32mBuilding CXX object CMakeFiles/draw_square.dir/tutorials/draw_square.cpp.o[0m
[ 83%] [32mBuilding C object CMakeFiles/turtlesim__rosidl_typesupport_microxrcedds_c.dir/rosidl_typesupport_microxrcedds_c/turtlesim/srv/detail/microxrcedds/teleport_relative__type_support_c.c.o[0m
[ 83%] Built target turtlesim__rosidl_typesupport_introspection_c
[ 84%] [32mBuilding CXX object CMakeFiles/turtlesim__rosidl_typesupport_fastrtps_c.dir/rosidl_typesupport_fastrtps_c/turtlesim/srv/detail/spawn__type_support_c.cpp.o[0m
[ 85%] [32mBuilding CXX object CMakeFiles/turtlesim__rosidl_typesupport_microxrcedds_cpp.dir/rosidl_typesupport_microxrcedds_cpp/turtlesim/srv/detail/microxrcedds/teleport_relative__type_support_cpp.cpp.o[0m
[ 86%] [32mBuilding CXX object CMakeFiles/mimic.dir/tutorials/mimic.cpp.o[0m
[ 87%] [32mBuilding CXX object CMakeFiles/turtlesim__rosidl_typesupport_fastrtps_cpp.dir/rosidl_typesupport_fastrtps_cpp/turtlesim/srv/detail/dds_fastrtps/set_pen__type_support.cpp.o[0m
[ 88%] [32mBuilding CXX object CMakeFiles/turtlesim__rosidl_typesupport_fastrtps_c.dir/rosidl_typesupport_fastrtps_c/turtlesim/srv/detail/teleport_absolute__type_support_c.cpp.o[0m
[ 89%] [32m[1mLinking C shared library libturtlesim__rosidl_typesupport_microxrcedds_c.so[0m
[ 90%] [32mBuilding CXX object CMakeFiles/turtlesim__rosidl_typesupport_fastrtps_cpp.dir/rosidl_typesupport_fastrtps_cpp/turtlesim/srv/detail/dds_fastrtps/spawn__type_support.cpp.o[0m
[ 90%] Built target turtlesim__rosidl_typesupport_microxrcedds_c
[ 91%] [32mBuilding CXX object CMakeFiles/turtlesim__rosidl_typesupport_fastrtps_c.dir/rosidl_typesupport_fastrtps_c/turtlesim/srv/detail/teleport_relative__type_support_c.cpp.o[0m
[ 92%] [32mBuilding CXX object CMakeFiles/turtlesim__rosidl_typesupport_fastrtps_cpp.dir/rosidl_typesupport_fastrtps_cpp/turtlesim/srv/detail/dds_fastrtps/teleport_relative__type_support.cpp.o[0m
[ 93%] [32mBuilding CXX object CMakeFiles/turtlesim__rosidl_typesupport_fastrtps_cpp.dir/rosidl_typesupport_fastrtps_cpp/turtlesim/srv/detail/dds_fastrtps/teleport_absolute__type_support.cpp.o[0m
[ 94%] [32m[1mLinking CXX shared library libturtlesim__rosidl_typesupport_microxrcedds_cpp.so[0m
[ 94%] Built target turtlesim__rosidl_typesupport_microxrcedds_cpp
[ 95%] [32m[1mLinking CXX shared library libturtlesim__rosidl_typesupport_fastrtps_c.so[0m
[ 95%] Built target turtlesim__rosidl_typesupport_fastrtps_c
[ 96%] [32m[1mLinking CXX shared library libturtlesim__rosidl_typesupport_fastrtps_cpp.so[0m
[ 96%] Built target turtlesim__rosidl_typesupport_fastrtps_cpp
[ 96%] Built target turtlesim
[ 97%] [32m[1mLinking CXX executable turtle_teleop_key[0m
[ 97%] Built target turtle_teleop_key
[ 98%] [32m[1mLinking CXX executable mimic[0m
[ 99%] [32m[1mLinking CXX executable draw_square[0m
[ 99%] Built target mimic
[ 99%] Built target draw_square
[100%] [32m[1mLinking CXX executable turtlesim_node[0m
[100%] Built target turtlesim_node
