[1.460s] Invoking command in '/home/amruth/Documents/git/ros_ws/WS/build/turtlesim': CMAKE_PREFIX_PATH=${CMAKE_PREFIX_PATH}:/home/amruth/Documents/git/ros_ws/WS/install/py_srvcli:/home/amruth/Documents/git/ros_ws/WS/install/py_pubsub_2:/home/amruth/Documents/git/ros_ws/WS/install/py_pubsub:/home/amruth/Documents/git/ros_ws/WS/install/my_py_pkg_2:/home/amruth/Documents/git/ros_ws/WS/install/my_py_pkg:/home/amruth/Documents/git/microros_ws/install/sensor_msgs_py:/opt/ros/humble /usr/bin/cmake --build /home/amruth/Documents/git/ros_ws/WS/build/turtlesim --clean-first -- -j16 -l16
[1.762s] [  1%] [34m[1mGenerating C code for ROS interfaces[0m
[1.773s] [  2%] [34m[1mGenerating C++ code for ROS interfaces[0m
[3.425s] [  2%] Built target turtlesim__cpp
[3.499s] [  3%] [34m[1mGenerating C++ introspection for ROS interfaces[0m
[3.499s] [  4%] [34m[1mGenerating C++ type support for eProsima Micro XRCE-DDS[0m
[3.510s] [  5%] [32mBuilding C object CMakeFiles/turtlesim__rosidl_generator_c.dir/rosidl_generator_c/turtlesim/action/detail/rotate_absolute__functions.c.o[0m
[3.515s] [  6%] [32mBuilding C object CMakeFiles/turtlesim__rosidl_generator_c.dir/rosidl_generator_c/turtlesim/msg/detail/pose__functions.c.o[0m
[3.518s] [  7%] [32mBuilding C object CMakeFiles/turtlesim__rosidl_generator_c.dir/rosidl_generator_c/turtlesim/msg/detail/color__functions.c.o[0m
[3.527s] [  8%] [32mBuilding C object CMakeFiles/turtlesim__rosidl_generator_c.dir/rosidl_generator_c/turtlesim/srv/detail/kill__functions.c.o[0m
[3.531s] [  9%] [34m[1mGenerating C++ type support dispatch for ROS interfaces[0m
[3.556s] [ 10%] [34m[1mGenerating C++ type support for eProsima Fast-RTPS[0m
[3.558s] [ 11%] [32mBuilding C object CMakeFiles/turtlesim__rosidl_generator_c.dir/rosidl_generator_c/turtlesim/srv/detail/set_pen__functions.c.o[0m
[3.582s] [ 12%] [32mBuilding C object CMakeFiles/turtlesim__rosidl_generator_c.dir/rosidl_generator_c/turtlesim/srv/detail/spawn__functions.c.o[0m
[3.607s] [ 13%] [32mBuilding C object CMakeFiles/turtlesim__rosidl_generator_c.dir/rosidl_generator_c/turtlesim/srv/detail/teleport_absolute__functions.c.o[0m
[3.632s] [ 14%] [32mBuilding C object CMakeFiles/turtlesim__rosidl_generator_c.dir/rosidl_generator_c/turtlesim/srv/detail/teleport_relative__functions.c.o[0m
[3.855s] [ 15%] [32m[1mLinking C shared library libturtlesim__rosidl_generator_c.so[0m
[3.922s] [ 15%] Built target turtlesim__rosidl_generator_c
[3.943s] [ 16%] [34m[1mGenerating C type support for eProsima Micro XRCE-DDS[0m
[3.943s] [ 17%] [34m[1mGenerating C introspection for ROS interfaces[0m
[3.945s] [ 18%] [34m[1mGenerating C type support dispatch for ROS interfaces[0m
[3.946s] [ 19%] [34m[1mGenerating C type support for eProsima Fast-RTPS[0m
[4.447s] [ 20%] [32mBuilding CXX object CMakeFiles/turtlesim__rosidl_typesupport_cpp.dir/rosidl_typesupport_cpp/turtlesim/srv/kill__type_support.cpp.o[0m
[4.448s] [ 21%] [32mBuilding CXX object CMakeFiles/turtlesim__rosidl_typesupport_cpp.dir/rosidl_typesupport_cpp/turtlesim/action/rotate_absolute__type_support.cpp.o[0m
[4.448s] [ 22%] [32mBuilding CXX object CMakeFiles/turtlesim__rosidl_typesupport_cpp.dir/rosidl_typesupport_cpp/turtlesim/srv/spawn__type_support.cpp.o[0m
[4.451s] [ 23%] [32mBuilding CXX object CMakeFiles/turtlesim__rosidl_typesupport_cpp.dir/rosidl_typesupport_cpp/turtlesim/msg/color__type_support.cpp.o[0m
[4.453s] [ 24%] [32mBuilding CXX object CMakeFiles/turtlesim__rosidl_typesupport_cpp.dir/rosidl_typesupport_cpp/turtlesim/msg/pose__type_support.cpp.o[0m
[4.462s] [ 25%] [32mBuilding CXX object CMakeFiles/turtlesim__rosidl_typesupport_cpp.dir/rosidl_typesupport_cpp/turtlesim/srv/teleport_relative__type_support.cpp.o[0m
[4.466s] [ 25%] [32mBuilding CXX object CMakeFiles/turtlesim__rosidl_typesupport_cpp.dir/rosidl_typesupport_cpp/turtlesim/srv/teleport_absolute__type_support.cpp.o[0m
[4.469s] [ 26%] [32mBuilding CXX object CMakeFiles/turtlesim__rosidl_typesupport_cpp.dir/rosidl_typesupport_cpp/turtlesim/srv/set_pen__type_support.cpp.o[0m
[4.858s] [ 27%] [32mBuilding CXX object CMakeFiles/turtlesim__rosidl_typesupport_c.dir/rosidl_typesupport_c/turtlesim/msg/color__type_support.cpp.o[0m
[4.861s] [ 28%] [32mBuilding CXX object CMakeFiles/turtlesim__rosidl_typesupport_c.dir/rosidl_typesupport_c/turtlesim/action/rotate_absolute__type_support.cpp.o[0m
[4.878s] [ 29%] [32mBuilding CXX object CMakeFiles/turtlesim__rosidl_typesupport_c.dir/rosidl_typesupport_c/turtlesim/msg/pose__type_support.cpp.o[0m
[4.923s] [ 30%] [32mBuilding CXX object CMakeFiles/turtlesim__rosidl_typesupport_c.dir/rosidl_typesupport_c/turtlesim/srv/kill__type_support.cpp.o[0m
[4.942s] [ 31%] [32mBuilding CXX object CMakeFiles/turtlesim__rosidl_typesupport_c.dir/rosidl_typesupport_c/turtlesim/srv/set_pen__type_support.cpp.o[0m
[4.967s] [ 32%] [32mBuilding CXX object CMakeFiles/turtlesim__rosidl_typesupport_c.dir/rosidl_typesupport_c/turtlesim/srv/spawn__type_support.cpp.o[0m
[4.968s] [ 33%] [32mBuilding CXX object CMakeFiles/turtlesim__rosidl_typesupport_c.dir/rosidl_typesupport_c/turtlesim/srv/teleport_absolute__type_support.cpp.o[0m
[4.982s] [ 34%] [32mBuilding CXX object CMakeFiles/turtlesim__rosidl_typesupport_c.dir/rosidl_typesupport_c/turtlesim/srv/teleport_relative__type_support.cpp.o[0m
[5.011s] [ 34%] [32mBuilding CXX object CMakeFiles/turtlesim__rosidl_typesupport_introspection_cpp.dir/rosidl_typesupport_introspection_cpp/turtlesim/action/detail/rotate_absolute__type_support.cpp.o[0m
[5.014s] [ 35%] [32mBuilding CXX object CMakeFiles/turtlesim__rosidl_typesupport_introspection_cpp.dir/rosidl_typesupport_introspection_cpp/turtlesim/msg/detail/color__type_support.cpp.o[0m
[5.016s] [ 36%] [32mBuilding CXX object CMakeFiles/turtlesim__rosidl_typesupport_introspection_cpp.dir/rosidl_typesupport_introspection_cpp/turtlesim/msg/detail/pose__type_support.cpp.o[0m
[5.017s] [ 37%] [32mBuilding CXX object CMakeFiles/turtlesim__rosidl_typesupport_introspection_cpp.dir/rosidl_typesupport_introspection_cpp/turtlesim/srv/detail/kill__type_support.cpp.o[0m
[5.028s] [ 38%] [32mBuilding CXX object CMakeFiles/turtlesim__rosidl_typesupport_introspection_cpp.dir/rosidl_typesupport_introspection_cpp/turtlesim/srv/detail/set_pen__type_support.cpp.o[0m
[5.030s] [ 40%] [32mBuilding CXX object CMakeFiles/turtlesim__rosidl_typesupport_introspection_cpp.dir/rosidl_typesupport_introspection_cpp/turtlesim/srv/detail/teleport_absolute__type_support.cpp.o[0m
[5.030s] [ 40%] [32mBuilding CXX object CMakeFiles/turtlesim__rosidl_typesupport_introspection_cpp.dir/rosidl_typesupport_introspection_cpp/turtlesim/srv/detail/spawn__type_support.cpp.o[0m
[5.035s] [ 41%] [32mBuilding CXX object CMakeFiles/turtlesim__rosidl_typesupport_fastrtps_cpp.dir/rosidl_typesupport_fastrtps_cpp/turtlesim/msg/detail/dds_fastrtps/color__type_support.cpp.o[0m
[5.036s] [ 42%] [32mBuilding CXX object CMakeFiles/turtlesim__rosidl_typesupport_introspection_cpp.dir/rosidl_typesupport_introspection_cpp/turtlesim/srv/detail/teleport_relative__type_support.cpp.o[0m
[5.038s] [ 43%] [32mBuilding CXX object CMakeFiles/turtlesim__rosidl_typesupport_fastrtps_cpp.dir/rosidl_typesupport_fastrtps_cpp/turtlesim/action/detail/dds_fastrtps/rotate_absolute__type_support.cpp.o[0m
[5.048s] [ 44%] [32m[1mLinking CXX shared library libturtlesim__rosidl_typesupport_c.so[0m
[5.066s] [ 45%] [32mBuilding CXX object CMakeFiles/turtlesim__rosidl_typesupport_microxrcedds_cpp.dir/rosidl_typesupport_microxrcedds_cpp/turtlesim/action/detail/microxrcedds/rotate_absolute__type_support_cpp.cpp.o[0m
[5.155s] [ 45%] Built target turtlesim__rosidl_typesupport_c
[5.233s] [ 46%] [32mBuilding CXX object CMakeFiles/turtlesim__rosidl_typesupport_microxrcedds_cpp.dir/rosidl_typesupport_microxrcedds_cpp/turtlesim/msg/detail/microxrcedds/color__type_support_cpp.cpp.o[0m
[5.272s] [ 47%] [32m[1mLinking CXX shared library libturtlesim__rosidl_typesupport_cpp.so[0m
[5.398s] [ 47%] Built target turtlesim__rosidl_typesupport_cpp
[5.490s] [ 48%] [32mBuilding CXX object CMakeFiles/turtlesim__rosidl_typesupport_microxrcedds_cpp.dir/rosidl_typesupport_microxrcedds_cpp/turtlesim/msg/detail/microxrcedds/pose__type_support_cpp.cpp.o[0m
[5.552s] [ 49%] [32mBuilding C object CMakeFiles/turtlesim__rosidl_typesupport_introspection_c.dir/rosidl_typesupport_introspection_c/turtlesim/action/detail/rotate_absolute__type_support.c.o[0m
[5.588s] [ 50%] [32mBuilding CXX object CMakeFiles/turtlesim__rosidl_typesupport_fastrtps_c.dir/rosidl_typesupport_fastrtps_c/turtlesim/action/detail/rotate_absolute__type_support_c.cpp.o[0m
[5.672s] [ 51%] [32mBuilding CXX object CMakeFiles/turtlesim__rosidl_typesupport_fastrtps_c.dir/rosidl_typesupport_fastrtps_c/turtlesim/msg/detail/color__type_support_c.cpp.o[0m
[5.683s] [ 52%] [34m[1mGenerating include/turtlesim/moc_turtle_frame.cpp[0m
[5.692s] [ 53%] [32mBuilding C object CMakeFiles/turtlesim__rosidl_typesupport_introspection_c.dir/rosidl_typesupport_introspection_c/turtlesim/msg/detail/color__type_support.c.o[0m
[5.694s] [ 54%] [32mBuilding CXX object CMakeFiles/turtlesim__rosidl_typesupport_microxrcedds_cpp.dir/rosidl_typesupport_microxrcedds_cpp/turtlesim/srv/detail/microxrcedds/kill__type_support_cpp.cpp.o[0m
[5.712s] [ 55%] [32mBuilding CXX object CMakeFiles/turtlesim__rosidl_typesupport_microxrcedds_cpp.dir/rosidl_typesupport_microxrcedds_cpp/turtlesim/srv/detail/microxrcedds/set_pen__type_support_cpp.cpp.o[0m
[5.719s] [ 56%] [32mBuilding C object CMakeFiles/turtlesim__rosidl_typesupport_introspection_c.dir/rosidl_typesupport_introspection_c/turtlesim/msg/detail/pose__type_support.c.o[0m
[5.720s] [ 57%] [32mBuilding CXX object CMakeFiles/turtlesim__rosidl_typesupport_fastrtps_c.dir/rosidl_typesupport_fastrtps_c/turtlesim/msg/detail/pose__type_support_c.cpp.o[0m
[5.733s] [ 58%] [32mBuilding CXX object CMakeFiles/turtlesim__rosidl_typesupport_microxrcedds_cpp.dir/rosidl_typesupport_microxrcedds_cpp/turtlesim/srv/detail/microxrcedds/spawn__type_support_cpp.cpp.o[0m
[5.745s] [ 59%] [32mBuilding CXX object CMakeFiles/turtlesim__rosidl_typesupport_fastrtps_c.dir/rosidl_typesupport_fastrtps_c/turtlesim/srv/detail/kill__type_support_c.cpp.o[0m
[5.768s] [ 60%] [32mBuilding C object CMakeFiles/turtlesim__rosidl_typesupport_introspection_c.dir/rosidl_typesupport_introspection_c/turtlesim/srv/detail/kill__type_support.c.o[0m
[5.798s] [ 61%] [32mBuilding C object CMakeFiles/turtlesim__rosidl_typesupport_microxrcedds_c.dir/rosidl_typesupport_microxrcedds_c/turtlesim/action/detail/microxrcedds/rotate_absolute__type_support_c.c.o[0m
[5.821s] [ 62%] [32mBuilding C object CMakeFiles/turtlesim__rosidl_typesupport_microxrcedds_c.dir/rosidl_typesupport_microxrcedds_c/turtlesim/msg/detail/microxrcedds/pose__type_support_c.c.o[0m
[5.825s] [ 63%] [32mBuilding C object CMakeFiles/turtlesim__rosidl_typesupport_microxrcedds_c.dir/rosidl_typesupport_microxrcedds_c/turtlesim/msg/detail/microxrcedds/color__type_support_c.c.o[0m
[5.838s] [ 64%] [32mBuilding CXX object CMakeFiles/turtlesim_node.dir/src/turtlesim.cpp.o[0m
[5.902s] [ 65%] [32mBuilding C object CMakeFiles/turtlesim__rosidl_typesupport_introspection_c.dir/rosidl_typesupport_introspection_c/turtlesim/srv/detail/set_pen__type_support.c.o[0m
[5.986s] [ 66%] [32mBuilding CXX object CMakeFiles/turtlesim_node.dir/src/turtle.cpp.o[0m
[5.993s] [ 67%] [32mBuilding C object CMakeFiles/turtlesim__rosidl_typesupport_introspection_c.dir/rosidl_typesupport_introspection_c/turtlesim/srv/detail/spawn__type_support.c.o[0m
[6.019s] [ 68%] [32mBuilding C object CMakeFiles/turtlesim__rosidl_typesupport_microxrcedds_c.dir/rosidl_typesupport_microxrcedds_c/turtlesim/srv/detail/microxrcedds/kill__type_support_c.c.o[0m
[6.023s] [ 69%] [32mBuilding CXX object CMakeFiles/turtlesim__rosidl_typesupport_fastrtps_cpp.dir/rosidl_typesupport_fastrtps_cpp/turtlesim/msg/detail/dds_fastrtps/pose__type_support.cpp.o[0m
[6.041s] [ 70%] [32mBuilding CXX object CMakeFiles/turtlesim_node.dir/src/turtle_frame.cpp.o[0m
[6.078s] [ 71%] [32m[1mLinking CXX shared library libturtlesim__rosidl_typesupport_introspection_cpp.so[0m
[6.103s] [ 72%] [32mBuilding CXX object CMakeFiles/turtlesim__rosidl_typesupport_fastrtps_cpp.dir/rosidl_typesupport_fastrtps_cpp/turtlesim/srv/detail/dds_fastrtps/kill__type_support.cpp.o[0m
[6.124s] [ 73%] [32mBuilding C object CMakeFiles/turtlesim__rosidl_typesupport_introspection_c.dir/rosidl_typesupport_introspection_c/turtlesim/srv/detail/teleport_absolute__type_support.c.o[0m
[6.127s] [ 74%] [32mBuilding CXX object CMakeFiles/turtle_teleop_key.dir/tutorials/teleop_turtle_key.cpp.o[0m
[6.144s] [ 75%] [32mBuilding C object CMakeFiles/turtlesim__rosidl_typesupport_microxrcedds_c.dir/rosidl_typesupport_microxrcedds_c/turtlesim/srv/detail/microxrcedds/set_pen__type_support_c.c.o[0m
[6.193s] [ 76%] [32mBuilding C object CMakeFiles/turtlesim__rosidl_typesupport_introspection_c.dir/rosidl_typesupport_introspection_c/turtlesim/srv/detail/teleport_relative__type_support.c.o[0m
[6.237s] [ 77%] [32mBuilding C object CMakeFiles/turtlesim__rosidl_typesupport_microxrcedds_c.dir/rosidl_typesupport_microxrcedds_c/turtlesim/srv/detail/microxrcedds/spawn__type_support_c.c.o[0m
[6.237s] [ 78%] [32mBuilding C object CMakeFiles/turtlesim__rosidl_typesupport_microxrcedds_c.dir/rosidl_typesupport_microxrcedds_c/turtlesim/srv/detail/microxrcedds/teleport_absolute__type_support_c.c.o[0m
[6.247s] [ 79%] [32m[1mLinking C shared library libturtlesim__rosidl_typesupport_introspection_c.so[0m
[6.251s] [ 80%] [32mBuilding CXX object CMakeFiles/turtlesim_node.dir/include/turtlesim/moc_turtle_frame.cpp.o[0m
[6.264s] [ 81%] [32mBuilding CXX object CMakeFiles/turtlesim__rosidl_typesupport_microxrcedds_cpp.dir/rosidl_typesupport_microxrcedds_cpp/turtlesim/srv/detail/microxrcedds/teleport_absolute__type_support_cpp.cpp.o[0m
[6.293s] [ 81%] Built target turtlesim__rosidl_typesupport_introspection_cpp
[6.299s] [ 82%] [32mBuilding CXX object CMakeFiles/turtlesim__rosidl_typesupport_fastrtps_c.dir/rosidl_typesupport_fastrtps_c/turtlesim/srv/detail/set_pen__type_support_c.cpp.o[0m
[6.325s] [ 82%] [32mBuilding CXX object CMakeFiles/draw_square.dir/tutorials/draw_square.cpp.o[0m
[6.339s] [ 83%] [32mBuilding C object CMakeFiles/turtlesim__rosidl_typesupport_microxrcedds_c.dir/rosidl_typesupport_microxrcedds_c/turtlesim/srv/detail/microxrcedds/teleport_relative__type_support_c.c.o[0m
[6.351s] [ 83%] Built target turtlesim__rosidl_typesupport_introspection_c
[6.353s] [ 84%] [32mBuilding CXX object CMakeFiles/turtlesim__rosidl_typesupport_fastrtps_c.dir/rosidl_typesupport_fastrtps_c/turtlesim/srv/detail/spawn__type_support_c.cpp.o[0m
[6.357s] [ 85%] [32mBuilding CXX object CMakeFiles/turtlesim__rosidl_typesupport_microxrcedds_cpp.dir/rosidl_typesupport_microxrcedds_cpp/turtlesim/srv/detail/microxrcedds/teleport_relative__type_support_cpp.cpp.o[0m
[6.363s] [ 86%] [32mBuilding CXX object CMakeFiles/mimic.dir/tutorials/mimic.cpp.o[0m
[6.370s] [ 87%] [32mBuilding CXX object CMakeFiles/turtlesim__rosidl_typesupport_fastrtps_cpp.dir/rosidl_typesupport_fastrtps_cpp/turtlesim/srv/detail/dds_fastrtps/set_pen__type_support.cpp.o[0m
[6.439s] [ 88%] [32mBuilding CXX object CMakeFiles/turtlesim__rosidl_typesupport_fastrtps_c.dir/rosidl_typesupport_fastrtps_c/turtlesim/srv/detail/teleport_absolute__type_support_c.cpp.o[0m
[6.504s] [ 89%] [32m[1mLinking C shared library libturtlesim__rosidl_typesupport_microxrcedds_c.so[0m
[6.707s] [ 90%] [32mBuilding CXX object CMakeFiles/turtlesim__rosidl_typesupport_fastrtps_cpp.dir/rosidl_typesupport_fastrtps_cpp/turtlesim/srv/detail/dds_fastrtps/spawn__type_support.cpp.o[0m
[6.723s] [ 90%] Built target turtlesim__rosidl_typesupport_microxrcedds_c
[6.754s] [ 91%] [32mBuilding CXX object CMakeFiles/turtlesim__rosidl_typesupport_fastrtps_c.dir/rosidl_typesupport_fastrtps_c/turtlesim/srv/detail/teleport_relative__type_support_c.cpp.o[0m
[6.805s] [ 92%] [32mBuilding CXX object CMakeFiles/turtlesim__rosidl_typesupport_fastrtps_cpp.dir/rosidl_typesupport_fastrtps_cpp/turtlesim/srv/detail/dds_fastrtps/teleport_relative__type_support.cpp.o[0m
[6.824s] [ 93%] [32mBuilding CXX object CMakeFiles/turtlesim__rosidl_typesupport_fastrtps_cpp.dir/rosidl_typesupport_fastrtps_cpp/turtlesim/srv/detail/dds_fastrtps/teleport_absolute__type_support.cpp.o[0m
[6.883s] [ 94%] [32m[1mLinking CXX shared library libturtlesim__rosidl_typesupport_microxrcedds_cpp.so[0m
[7.177s] [ 94%] Built target turtlesim__rosidl_typesupport_microxrcedds_cpp
[7.236s] [ 95%] [32m[1mLinking CXX shared library libturtlesim__rosidl_typesupport_fastrtps_c.so[0m
[7.409s] [ 95%] Built target turtlesim__rosidl_typesupport_fastrtps_c
[7.443s] [ 96%] [32m[1mLinking CXX shared library libturtlesim__rosidl_typesupport_fastrtps_cpp.so[0m
[7.572s] [ 96%] Built target turtlesim__rosidl_typesupport_fastrtps_cpp
[7.601s] [ 96%] Built target turtlesim
[12.698s] [ 97%] [32m[1mLinking CXX executable turtle_teleop_key[0m
[13.014s] [ 97%] Built target turtle_teleop_key
[15.225s] [ 98%] [32m[1mLinking CXX executable mimic[0m
[15.674s] [ 99%] [32m[1mLinking CXX executable draw_square[0m
[15.770s] [ 99%] Built target mimic
[16.241s] [ 99%] Built target draw_square
[18.231s] [100%] [32m[1mLinking CXX executable turtlesim_node[0m
[20.438s] [100%] Built target turtlesim_node
