running egg_info
creating ../../build/py_pubsub_2/py_pubsub_2.egg-info
writing ../../build/py_pubsub_2/py_pubsub_2.egg-info/PKG-INFO
writing dependency_links to ../../build/py_pubsub_2/py_pubsub_2.egg-info/dependency_links.txt
writing entry points to ../../build/py_pubsub_2/py_pubsub_2.egg-info/entry_points.txt
writing requirements to ../../build/py_pubsub_2/py_pubsub_2.egg-info/requires.txt
writing top-level names to ../../build/py_pubsub_2/py_pubsub_2.egg-info/top_level.txt
writing manifest file '../../build/py_pubsub_2/py_pubsub_2.egg-info/SOURCES.txt'
reading manifest file '../../build/py_pubsub_2/py_pubsub_2.egg-info/SOURCES.txt'
writing manifest file '../../build/py_pubsub_2/py_pubsub_2.egg-info/SOURCES.txt'
running build
running build_py
creating /home/amruth/Documents/git/ros_ws/WS/build/py_pubsub_2/build
creating /home/amruth/Documents/git/ros_ws/WS/build/py_pubsub_2/build/lib
creating /home/amruth/Documents/git/ros_ws/WS/build/py_pubsub_2/build/lib/py_pubsub_2
copying py_pubsub_2/talkerrrr.py -> /home/amruth/Documents/git/ros_ws/WS/build/py_pubsub_2/build/lib/py_pubsub_2
copying py_pubsub_2/__init__.py -> /home/amruth/Documents/git/ros_ws/WS/build/py_pubsub_2/build/lib/py_pubsub_2
running install
running install_lib
creating /home/amruth/Documents/git/ros_ws/WS/install/py_pubsub_2/lib/python3.10/site-packages/py_pubsub_2
copying /home/amruth/Documents/git/ros_ws/WS/build/py_pubsub_2/build/lib/py_pubsub_2/talkerrrr.py -> /home/amruth/Documents/git/ros_ws/WS/install/py_pubsub_2/lib/python3.10/site-packages/py_pubsub_2
copying /home/amruth/Documents/git/ros_ws/WS/build/py_pubsub_2/build/lib/py_pubsub_2/__init__.py -> /home/amruth/Documents/git/ros_ws/WS/install/py_pubsub_2/lib/python3.10/site-packages/py_pubsub_2
byte-compiling /home/amruth/Documents/git/ros_ws/WS/install/py_pubsub_2/lib/python3.10/site-packages/py_pubsub_2/talkerrrr.py to talkerrrr.cpython-310.pyc
byte-compiling /home/amruth/Documents/git/ros_ws/WS/install/py_pubsub_2/lib/python3.10/site-packages/py_pubsub_2/__init__.py to __init__.cpython-310.pyc
running install_data
creating /home/amruth/Documents/git/ros_ws/WS/install/py_pubsub_2/share/ament_index
creating /home/amruth/Documents/git/ros_ws/WS/install/py_pubsub_2/share/ament_index/resource_index
creating /home/amruth/Documents/git/ros_ws/WS/install/py_pubsub_2/share/ament_index/resource_index/packages
copying resource/py_pubsub_2 -> /home/amruth/Documents/git/ros_ws/WS/install/py_pubsub_2/share/ament_index/resource_index/packages
copying package.xml -> /home/amruth/Documents/git/ros_ws/WS/install/py_pubsub_2/share/py_pubsub_2
running install_egg_info
Copying ../../build/py_pubsub_2/py_pubsub_2.egg-info to /home/amruth/Documents/git/ros_ws/WS/install/py_pubsub_2/lib/python3.10/site-packages/py_pubsub_2-0.0.0-py3.10.egg-info
running install_scripts
Installing talkerrrr script to /home/amruth/Documents/git/ros_ws/WS/install/py_pubsub_2/lib/py_pubsub_2
writing list of installed files to '/home/amruth/Documents/git/ros_ws/WS/build/py_pubsub_2/install.log'
