[0.696s] Invoking command in '/home/amruth/Documents/git/ros_ws/WS/src/py_pubsub_2': PYTHONPATH=/home/amruth/Documents/git/ros_ws/WS/build/py_pubsub_2/prefix_override:/home/amruth/Documents/git/ros_ws/WS/install/py_pubsub_2/lib/python3.10/site-packages:${PYTHONPATH} /usr/bin/python3 setup.py egg_info --egg-base ../../build/py_pubsub_2 build --build-base /home/amruth/Documents/git/ros_ws/WS/build/py_pubsub_2/build install --record /home/amruth/Documents/git/ros_ws/WS/build/py_pubsub_2/install.log --single-version-externally-managed
[0.945s] running egg_info
[0.946s] creating ../../build/py_pubsub_2/py_pubsub_2.egg-info
[0.946s] writing ../../build/py_pubsub_2/py_pubsub_2.egg-info/PKG-INFO
[0.946s] writing dependency_links to ../../build/py_pubsub_2/py_pubsub_2.egg-info/dependency_links.txt
[0.946s] writing entry points to ../../build/py_pubsub_2/py_pubsub_2.egg-info/entry_points.txt
[0.946s] writing requirements to ../../build/py_pubsub_2/py_pubsub_2.egg-info/requires.txt
[0.946s] writing top-level names to ../../build/py_pubsub_2/py_pubsub_2.egg-info/top_level.txt
[0.946s] writing manifest file '../../build/py_pubsub_2/py_pubsub_2.egg-info/SOURCES.txt'
[0.948s] reading manifest file '../../build/py_pubsub_2/py_pubsub_2.egg-info/SOURCES.txt'
[0.949s] writing manifest file '../../build/py_pubsub_2/py_pubsub_2.egg-info/SOURCES.txt'
[0.949s] running build
[0.949s] running build_py
[0.949s] creating /home/amruth/Documents/git/ros_ws/WS/build/py_pubsub_2/build
[0.949s] creating /home/amruth/Documents/git/ros_ws/WS/build/py_pubsub_2/build/lib
[0.949s] creating /home/amruth/Documents/git/ros_ws/WS/build/py_pubsub_2/build/lib/py_pubsub_2
[0.949s] copying py_pubsub_2/talkerrrr.py -> /home/amruth/Documents/git/ros_ws/WS/build/py_pubsub_2/build/lib/py_pubsub_2
[0.949s] copying py_pubsub_2/__init__.py -> /home/amruth/Documents/git/ros_ws/WS/build/py_pubsub_2/build/lib/py_pubsub_2
[0.949s] running install
[0.949s] /usr/lib/python3/dist-packages/setuptools/command/install.py:34: SetuptoolsDeprecationWarning: setup.py install is deprecated. Use build and pip and other standards-based tools.
[0.949s]   warnings.warn(
[0.949s] running install_lib
[0.950s] creating /home/amruth/Documents/git/ros_ws/WS/install/py_pubsub_2/lib/python3.10/site-packages/py_pubsub_2
[0.950s] copying /home/amruth/Documents/git/ros_ws/WS/build/py_pubsub_2/build/lib/py_pubsub_2/talkerrrr.py -> /home/amruth/Documents/git/ros_ws/WS/install/py_pubsub_2/lib/python3.10/site-packages/py_pubsub_2
[0.950s] copying /home/amruth/Documents/git/ros_ws/WS/build/py_pubsub_2/build/lib/py_pubsub_2/__init__.py -> /home/amruth/Documents/git/ros_ws/WS/install/py_pubsub_2/lib/python3.10/site-packages/py_pubsub_2
[0.950s] byte-compiling /home/amruth/Documents/git/ros_ws/WS/install/py_pubsub_2/lib/python3.10/site-packages/py_pubsub_2/talkerrrr.py to talkerrrr.cpython-310.pyc
[0.951s] byte-compiling /home/amruth/Documents/git/ros_ws/WS/install/py_pubsub_2/lib/python3.10/site-packages/py_pubsub_2/__init__.py to __init__.cpython-310.pyc
[0.951s] running install_data
[0.951s] creating /home/amruth/Documents/git/ros_ws/WS/install/py_pubsub_2/share/ament_index
[0.952s] creating /home/amruth/Documents/git/ros_ws/WS/install/py_pubsub_2/share/ament_index/resource_index
[0.952s] creating /home/amruth/Documents/git/ros_ws/WS/install/py_pubsub_2/share/ament_index/resource_index/packages
[0.952s] copying resource/py_pubsub_2 -> /home/amruth/Documents/git/ros_ws/WS/install/py_pubsub_2/share/ament_index/resource_index/packages
[0.952s] copying package.xml -> /home/amruth/Documents/git/ros_ws/WS/install/py_pubsub_2/share/py_pubsub_2
[0.952s] running install_egg_info
[0.953s] Copying ../../build/py_pubsub_2/py_pubsub_2.egg-info to /home/amruth/Documents/git/ros_ws/WS/install/py_pubsub_2/lib/python3.10/site-packages/py_pubsub_2-0.0.0-py3.10.egg-info
[0.953s] running install_scripts
[0.970s] Installing talkerrrr script to /home/amruth/Documents/git/ros_ws/WS/install/py_pubsub_2/lib/py_pubsub_2
[0.970s] writing list of installed files to '/home/amruth/Documents/git/ros_ws/WS/build/py_pubsub_2/install.log'
[0.998s] Invoked command in '/home/amruth/Documents/git/ros_ws/WS/src/py_pubsub_2' returned '0': PYTHONPATH=/home/amruth/Documents/git/ros_ws/WS/build/py_pubsub_2/prefix_override:/home/amruth/Documents/git/ros_ws/WS/install/py_pubsub_2/lib/python3.10/site-packages:${PYTHONPATH} /usr/bin/python3 setup.py egg_info --egg-base ../../build/py_pubsub_2 build --build-base /home/amruth/Documents/git/ros_ws/WS/build/py_pubsub_2/build install --record /home/amruth/Documents/git/ros_ws/WS/build/py_pubsub_2/install.log --single-version-externally-managed
