[0.027s] Invoking command in '/home/ros_ws/build/my_cpp_pkg': CMAKE_PREFIX_PATH=${CMAKE_PREFIX_PATH}:/opt/ros/foxy /usr/bin/cmake --build /home/ros_ws/build/my_cpp_pkg -- -j16 -l16
[0.047s] -- Found ament_cmake: 0.9.11 (/opt/ros/foxy/share/ament_cmake/cmake)
[0.063s] -- Using PYTHON_EXECUTABLE: /usr/bin/python3
[0.195s] -- Found rclcpp: 2.4.2 (/opt/ros/foxy/share/rclcpp/cmake)
[0.273s] -- Using all available rosidl_typesupport_c: rosidl_typesupport_fastrtps_c;rosidl_typesupport_introspection_c
[0.276s] -- Found rosidl_adapter: 1.3.0 (/opt/ros/foxy/share/rosidl_adapter/cmake)
[0.423s] -- Using all available rosidl_typesupport_cpp: rosidl_typesupport_fastrtps_cpp;rosidl_typesupport_introspection_cpp
[0.463s] -- Found rmw_implementation_cmake: 1.0.3 (/opt/ros/foxy/share/rmw_implementation_cmake/cmake)
[0.464s] -- Using RMW implementation 'rmw_fastrtps_cpp' as default
[0.581s] -- Found example_interfaces: 0.9.1 (/opt/ros/foxy/share/example_interfaces/cmake)
[0.750s] -- Configuring done
[0.773s] -- Generating done
[0.775s] -- Build files have been written to: /home/ros_ws/build/my_cpp_pkg
[0.814s] [35m[1mScanning dependencies of target number_publisher[0m
[0.817s] [35m[1mScanning dependencies of target robot_news_station[0m
[0.826s] [ 14%] Built target add_two_ints_client_no_oop
[0.827s] [ 28%] Built target add_two_ints_client
[0.834s] [ 57%] Built target cpp_node
[0.834s] [ 57%] Built target smartphone
[0.840s] [ 64%] [32mBuilding CXX object CMakeFiles/robot_news_station.dir/src/robot_news_station.cpp.o[0m
[0.844s] [ 85%] Built target add_two_ints_server
[0.844s] [ 85%] [32mBuilding CXX object CMakeFiles/number_publisher.dir/src/number_publisher.cpp.o[0m
[3.122s] [ 92%] [32m[1mLinking CXX executable robot_news_station[0m
[3.167s] [100%] [32m[1mLinking CXX executable number_publisher[0m
[3.319s] [100%] Built target robot_news_station
[3.346s] [100%] Built target number_publisher
[3.367s] Invoked command in '/home/ros_ws/build/my_cpp_pkg' returned '0': CMAKE_PREFIX_PATH=${CMAKE_PREFIX_PATH}:/opt/ros/foxy /usr/bin/cmake --build /home/ros_ws/build/my_cpp_pkg -- -j16 -l16
[3.436s] Invoking command in '/home/ros_ws/build/my_cpp_pkg': CMAKE_PREFIX_PATH=${CMAKE_PREFIX_PATH}:/opt/ros/foxy /usr/bin/cmake --install /home/ros_ws/build/my_cpp_pkg
[3.450s] -- Install configuration: ""
[3.451s] -- Up-to-date: /home/ros_ws/install/my_cpp_pkg/lib/my_cpp_pkg/cpp_node
[3.451s] -- Installing: /home/ros_ws/install/my_cpp_pkg/lib/my_cpp_pkg/robot_news_station
[3.453s] -- Set runtime path of "/home/ros_ws/install/my_cpp_pkg/lib/my_cpp_pkg/robot_news_station" to ""
[3.454s] -- Up-to-date: /home/ros_ws/install/my_cpp_pkg/lib/my_cpp_pkg/smartphone
[3.454s] -- Up-to-date: /home/ros_ws/install/my_cpp_pkg/lib/my_cpp_pkg/add_two_ints_client_no_oop
[3.455s] -- Up-to-date: /home/ros_ws/install/my_cpp_pkg/lib/my_cpp_pkg/add_two_ints_client
[3.456s] -- Up-to-date: /home/ros_ws/install/my_cpp_pkg/lib/my_cpp_pkg/add_two_ints_server
[3.456s] -- Installing: /home/ros_ws/install/my_cpp_pkg/lib/my_cpp_pkg/number_publisher
[3.458s] -- Set runtime path of "/home/ros_ws/install/my_cpp_pkg/lib/my_cpp_pkg/number_publisher" to ""
[3.458s] -- Up-to-date: /home/ros_ws/install/my_cpp_pkg/share/ament_index/resource_index/package_run_dependencies/my_cpp_pkg
[3.459s] -- Up-to-date: /home/ros_ws/install/my_cpp_pkg/share/ament_index/resource_index/parent_prefix_path/my_cpp_pkg
[3.459s] -- Up-to-date: /home/ros_ws/install/my_cpp_pkg/share/my_cpp_pkg/environment/ament_prefix_path.sh
[3.459s] -- Installing: /home/ros_ws/install/my_cpp_pkg/share/my_cpp_pkg/environment/ament_prefix_path.dsv
[3.459s] -- Up-to-date: /home/ros_ws/install/my_cpp_pkg/share/my_cpp_pkg/environment/path.sh
[3.459s] -- Installing: /home/ros_ws/install/my_cpp_pkg/share/my_cpp_pkg/environment/path.dsv
[3.459s] -- Up-to-date: /home/ros_ws/install/my_cpp_pkg/share/my_cpp_pkg/local_setup.bash
[3.459s] -- Up-to-date: /home/ros_ws/install/my_cpp_pkg/share/my_cpp_pkg/local_setup.sh
[3.460s] -- Up-to-date: /home/ros_ws/install/my_cpp_pkg/share/my_cpp_pkg/local_setup.zsh
[3.460s] -- Installing: /home/ros_ws/install/my_cpp_pkg/share/my_cpp_pkg/local_setup.dsv
[3.460s] -- Installing: /home/ros_ws/install/my_cpp_pkg/share/my_cpp_pkg/package.dsv
[3.460s] -- Up-to-date: /home/ros_ws/install/my_cpp_pkg/share/ament_index/resource_index/packages/my_cpp_pkg
[3.460s] -- Up-to-date: /home/ros_ws/install/my_cpp_pkg/share/my_cpp_pkg/cmake/my_cpp_pkgConfig.cmake
[3.460s] -- Up-to-date: /home/ros_ws/install/my_cpp_pkg/share/my_cpp_pkg/cmake/my_cpp_pkgConfig-version.cmake
[3.460s] -- Up-to-date: /home/ros_ws/install/my_cpp_pkg/share/my_cpp_pkg/package.xml
[3.463s] Invoked command in '/home/ros_ws/build/my_cpp_pkg' returned '0': CMAKE_PREFIX_PATH=${CMAKE_PREFIX_PATH}:/opt/ros/foxy /usr/bin/cmake --install /home/ros_ws/build/my_cpp_pkg
