[0.019s] Invoking command in '/home/ros_ws/build/my_cpp_pkg': CMAKE_PREFIX_PATH=/opt/ros/foxy /usr/bin/cmake --build /home/ros_ws/build/my_cpp_pkg -- -j16 -l16
[0.093s] [ 50%] [32mBuilding CXX object CMakeFiles/add_two_ints_client_no_oop.dir/src/add_two_ints_client_no_oop.cpp.o[0m
[1.053s] In file included from [01m[K/opt/ros/foxy/include/rclcpp/service.hpp:34[m[K,
[1.054s]                  from [01m[K/opt/ros/foxy/include/rclcpp/callback_group.hpp:25[m[K,
[1.054s]                  from [01m[K/opt/ros/foxy/include/rclcpp/any_executable.hpp:20[m[K,
[1.054s]                  from [01m[K/opt/ros/foxy/include/rclcpp/memory_strategy.hpp:24[m[K,
[1.054s]                  from [01m[K/opt/ros/foxy/include/rclcpp/memory_strategies.hpp:18[m[K,
[1.054s]                  from [01m[K/opt/ros/foxy/include/rclcpp/executor_options.hpp:20[m[K,
[1.054s]                  from [01m[K/opt/ros/foxy/include/rclcpp/executor.hpp:33[m[K,
[1.054s]                  from [01m[K/opt/ros/foxy/include/rclcpp/executors/multi_threaded_executor.hpp:26[m[K,
[1.054s]                  from [01m[K/opt/ros/foxy/include/rclcpp/executors.hpp:21[m[K,
[1.054s]                  from [01m[K/opt/ros/foxy/include/rclcpp/rclcpp.hpp:146[m[K,
[1.054s]                  from [01m[K/home/ros_ws/src/my_cpp_pkg/src/add_two_ints_client_no_oop.cpp:1[m[K:
[1.054s] [01m[K/home/ros_ws/src/my_cpp_pkg/src/add_two_ints_client_no_oop.cpp:[m[K In function ‘[01m[Kint main(int, char**)[m[K’:
[1.054s] [01m[K/home/ros_ws/src/my_cpp_pkg/src/add_two_ints_client_no_oop.cpp:24:21:[m[K [01;31m[Kerror: [m[Kinvalid use of ‘[01m[Kthis[m[K’ in non-member function
[1.054s]    24 |         RCLCPP_INFO([01;31m[Kthis[m[K->get_logger(), "%d + %d = %d", request->a, request->b, future.get()->sum );
[1.054s]       |                     [01;31m[K^~~~[m[K
[1.055s] [01m[K/home/ros_ws/src/my_cpp_pkg/src/add_two_ints_client_no_oop.cpp:24:21:[m[K [01;31m[Kerror: [m[Kinvalid use of ‘[01m[Kthis[m[K’ in non-member function
[1.055s] [01m[K/home/ros_ws/src/my_cpp_pkg/src/add_two_ints_client_no_oop.cpp:24:9:[m[K [01;31m[Kerror: [m[Ktemplate argument 1 is invalid
[1.055s]    24 |         [01;31m[KRCLCPP_INFO[m[K(this->get_logger(), "%d + %d = %d", request->a, request->b, future.get()->sum );
[1.055s]       |         [01;31m[K^~~~~~~~~~~[m[K
[1.055s] [01m[K/home/ros_ws/src/my_cpp_pkg/src/add_two_ints_client_no_oop.cpp:24:9:[m[K [01;31m[Kerror: [m[Ktemplate argument 1 is invalid
[1.055s]    24 |         [01;31m[KRCLCPP_INFO[m[K(this->get_logger(), "%d + %d = %d", request->a, request->b, future.get()->sum );
[1.055s]       |         [01;31m[K^~~~~~~~~~~[m[K
[1.055s] [01m[K/home/ros_ws/src/my_cpp_pkg/src/add_two_ints_client_no_oop.cpp:24:9:[m[K [01;31m[Kerror: [m[Ktemplate argument 1 is invalid
[1.055s]    24 |         [01;31m[KRCLCPP_INFO[m[K(this->get_logger(), "%d + %d = %d", request->a, request->b, future.get()->sum );
[1.055s]       |         [01;31m[K^~~~~~~~~~~[m[K
[1.055s] In file included from [01m[K/opt/ros/foxy/include/rclcpp/client.hpp:40[m[K,
[1.055s]                  from [01m[K/opt/ros/foxy/include/rclcpp/callback_group.hpp:23[m[K,
[1.055s]                  from [01m[K/opt/ros/foxy/include/rclcpp/any_executable.hpp:20[m[K,
[1.055s]                  from [01m[K/opt/ros/foxy/include/rclcpp/memory_strategy.hpp:24[m[K,
[1.055s]                  from [01m[K/opt/ros/foxy/include/rclcpp/memory_strategies.hpp:18[m[K,
[1.055s]                  from [01m[K/opt/ros/foxy/include/rclcpp/executor_options.hpp:20[m[K,
[1.055s]                  from [01m[K/opt/ros/foxy/include/rclcpp/executor.hpp:33[m[K,
[1.055s]                  from [01m[K/opt/ros/foxy/include/rclcpp/executors/multi_threaded_executor.hpp:26[m[K,
[1.056s]                  from [01m[K/opt/ros/foxy/include/rclcpp/executors.hpp:21[m[K,
[1.056s]                  from [01m[K/opt/ros/foxy/include/rclcpp/rclcpp.hpp:146[m[K,
[1.056s]                  from [01m[K/home/ros_ws/src/my_cpp_pkg/src/add_two_ints_client_no_oop.cpp:1[m[K:
[1.056s] [01m[K/home/ros_ws/src/my_cpp_pkg/src/add_two_ints_client_no_oop.cpp:24:21:[m[K [01;31m[Kerror: [m[Kinvalid use of ‘[01m[Kthis[m[K’ in non-member function
[1.056s]    24 |         RCLCPP_INFO([01;31m[Kthis[m[K->get_logger(), "%d + %d = %d", request->a, request->b, future.get()->sum );
[1.056s]       |                     [01;31m[K^~~~[m[K
[1.056s] [01m[K/home/ros_ws/src/my_cpp_pkg/src/add_two_ints_client_no_oop.cpp:24:21:[m[K [01;31m[Kerror: [m[Kinvalid use of ‘[01m[Kthis[m[K’ in non-member function
[1.056s]    24 |         RCLCPP_INFO([01;31m[Kthis[m[K->get_logger(), "%d + %d = %d", request->a, request->b, future.get()->sum );
[1.056s]       |                     [01;31m[K^~~~[m[K
[1.056s] In file included from [01m[K/opt/ros/foxy/include/rclcpp/service.hpp:34[m[K,
[1.056s]                  from [01m[K/opt/ros/foxy/include/rclcpp/callback_group.hpp:25[m[K,
[1.056s]                  from [01m[K/opt/ros/foxy/include/rclcpp/any_executable.hpp:20[m[K,
[1.056s]                  from [01m[K/opt/ros/foxy/include/rclcpp/memory_strategy.hpp:24[m[K,
[1.056s]                  from [01m[K/opt/ros/foxy/include/rclcpp/memory_strategies.hpp:18[m[K,
[1.056s]                  from [01m[K/opt/ros/foxy/include/rclcpp/executor_options.hpp:20[m[K,
[1.056s]                  from [01m[K/opt/ros/foxy/include/rclcpp/executor.hpp:33[m[K,
[1.056s]                  from [01m[K/opt/ros/foxy/include/rclcpp/executors/multi_threaded_executor.hpp:26[m[K,
[1.056s]                  from [01m[K/opt/ros/foxy/include/rclcpp/executors.hpp:21[m[K,
[1.057s]                  from [01m[K/opt/ros/foxy/include/rclcpp/rclcpp.hpp:146[m[K,
[1.057s]                  from [01m[K/home/ros_ws/src/my_cpp_pkg/src/add_two_ints_client_no_oop.cpp:1[m[K:
[1.057s] [01m[K/home/ros_ws/src/my_cpp_pkg/src/add_two_ints_client_no_oop.cpp:27:22:[m[K [01;31m[Kerror: [m[Kinvalid use of ‘[01m[Kthis[m[K’ in non-member function
[1.057s]    27 |         RCLCPP_ERROR([01;31m[Kthis[m[K->get_logger(), "Error while cslling service");
[1.057s]       |                      [01;31m[K^~~~[m[K
[1.057s] [01m[K/home/ros_ws/src/my_cpp_pkg/src/add_two_ints_client_no_oop.cpp:27:22:[m[K [01;31m[Kerror: [m[Kinvalid use of ‘[01m[Kthis[m[K’ in non-member function
[1.057s] [01m[K/home/ros_ws/src/my_cpp_pkg/src/add_two_ints_client_no_oop.cpp:27:9:[m[K [01;31m[Kerror: [m[Ktemplate argument 1 is invalid
[1.057s]    27 |         [01;31m[KRCLCPP_ERROR[m[K(this->get_logger(), "Error while cslling service");
[1.057s]       |         [01;31m[K^~~~~~~~~~~~[m[K
[1.057s] [01m[K/home/ros_ws/src/my_cpp_pkg/src/add_two_ints_client_no_oop.cpp:27:9:[m[K [01;31m[Kerror: [m[Ktemplate argument 1 is invalid
[1.057s]    27 |         [01;31m[KRCLCPP_ERROR[m[K(this->get_logger(), "Error while cslling service");
[1.057s]       |         [01;31m[K^~~~~~~~~~~~[m[K
[1.057s] [01m[K/home/ros_ws/src/my_cpp_pkg/src/add_two_ints_client_no_oop.cpp:27:9:[m[K [01;31m[Kerror: [m[Ktemplate argument 1 is invalid
[1.057s]    27 |         [01;31m[KRCLCPP_ERROR[m[K(this->get_logger(), "Error while cslling service");
[1.057s]       |         [01;31m[K^~~~~~~~~~~~[m[K
[1.057s] In file included from [01m[K/opt/ros/foxy/include/rclcpp/client.hpp:40[m[K,
[1.057s]                  from [01m[K/opt/ros/foxy/include/rclcpp/callback_group.hpp:23[m[K,
[1.057s]                  from [01m[K/opt/ros/foxy/include/rclcpp/any_executable.hpp:20[m[K,
[1.057s]                  from [01m[K/opt/ros/foxy/include/rclcpp/memory_strategy.hpp:24[m[K,
[1.058s]                  from [01m[K/opt/ros/foxy/include/rclcpp/memory_strategies.hpp:18[m[K,
[1.058s]                  from [01m[K/opt/ros/foxy/include/rclcpp/executor_options.hpp:20[m[K,
[1.058s]                  from [01m[K/opt/ros/foxy/include/rclcpp/executor.hpp:33[m[K,
[1.058s]                  from [01m[K/opt/ros/foxy/include/rclcpp/executors/multi_threaded_executor.hpp:26[m[K,
[1.058s]                  from [01m[K/opt/ros/foxy/include/rclcpp/executors.hpp:21[m[K,
[1.058s]                  from [01m[K/opt/ros/foxy/include/rclcpp/rclcpp.hpp:146[m[K,
[1.058s]                  from [01m[K/home/ros_ws/src/my_cpp_pkg/src/add_two_ints_client_no_oop.cpp:1[m[K:
[1.058s] [01m[K/home/ros_ws/src/my_cpp_pkg/src/add_two_ints_client_no_oop.cpp:27:22:[m[K [01;31m[Kerror: [m[Kinvalid use of ‘[01m[Kthis[m[K’ in non-member function
[1.058s]    27 |         RCLCPP_ERROR([01;31m[Kthis[m[K->get_logger(), "Error while cslling service");
[1.058s]       |                      [01;31m[K^~~~[m[K
[1.058s] [01m[K/home/ros_ws/src/my_cpp_pkg/src/add_two_ints_client_no_oop.cpp:27:22:[m[K [01;31m[Kerror: [m[Kinvalid use of ‘[01m[Kthis[m[K’ in non-member function
[1.058s]    27 |         RCLCPP_ERROR([01;31m[Kthis[m[K->get_logger(), "Error while cslling service");
[1.058s]       |                      [01;31m[K^~~~[m[K
[1.457s] make[2]: *** [CMakeFiles/add_two_ints_client_no_oop.dir/build.make:63: CMakeFiles/add_two_ints_client_no_oop.dir/src/add_two_ints_client_no_oop.cpp.o] Error 1
[1.457s] make[1]: *** [CMakeFiles/Makefile2:78: CMakeFiles/add_two_ints_client_no_oop.dir/all] Error 2
[1.457s] make: *** [Makefile:141: all] Error 2
[1.460s] Invoked command in '/home/ros_ws/build/my_cpp_pkg' returned '2': CMAKE_PREFIX_PATH=/opt/ros/foxy /usr/bin/cmake --build /home/ros_ws/build/my_cpp_pkg -- -j16 -l16
