[0.015s] Invoking command in '/home/ros_ws/build/bat_led_interfaces': CMAKE_PREFIX_PATH=${CMAKE_PREFIX_PATH}:/home/ros_ws/install/my_py_pkg:/opt/ros/foxy /usr/bin/cmake --build /home/ros_ws/build/bat_led_interfaces -- -j16 -l16
[0.051s] -- Found ament_cmake: 0.9.11 (/opt/ros/foxy/share/ament_cmake/cmake)
[0.068s] -- Using PYTHON_EXECUTABLE: /usr/bin/python3
[0.205s] -- Found rosidl_default_generators: 1.0.1 (/opt/ros/foxy/share/rosidl_default_generators/cmake)
[0.210s] -- Using all available rosidl_typesupport_c: rosidl_typesupport_fastrtps_c;rosidl_typesupport_introspection_c
[0.217s] -- Found rosidl_adapter: 1.3.0 (/opt/ros/foxy/share/rosidl_adapter/cmake)
[0.409s] -- Using all available rosidl_typesupport_cpp: rosidl_typesupport_fastrtps_cpp;rosidl_typesupport_introspection_cpp
[0.446s] -- Found PythonInterp: /usr/bin/python3 (found version "3.8.10") 
[0.543s] -- Found ament_cmake_ros: 0.9.2 (/opt/ros/foxy/share/ament_cmake_ros/cmake)
[0.665s] -- Using all available rosidl_typesupport_c: rosidl_typesupport_fastrtps_c;rosidl_typesupport_introspection_c
[0.671s] -- Using all available rosidl_typesupport_cpp: rosidl_typesupport_fastrtps_cpp;rosidl_typesupport_introspection_cpp
[0.689s] -- Found PythonInterp: /usr/bin/python3 (found suitable version "3.8.10", minimum required is "3.5") 
[0.690s] -- Found python_cmake_module: 0.8.1 (/opt/ros/foxy/share/python_cmake_module/cmake)
[0.707s] -- Using PYTHON_EXECUTABLE: /usr/bin/python3
[0.708s] -- Using PYTHON_INCLUDE_DIRS: /usr/include/python3.8
[0.708s] -- Using PYTHON_LIBRARIES: /usr/lib/x86_64-linux-gnu/libpython3.8.so
[0.725s] -- Configuring done
[0.752s] -- Generating done
[0.755s] -- Build files have been written to: /home/ros_ws/build/bat_led_interfaces
[0.785s] [35m[1mScanning dependencies of target bat_led_interfaces__cpp[0m
[0.788s] [  2%] [34m[1mGenerating C code for ROS interfaces[0m
[0.805s] [  4%] [34m[1mGenerating C++ code for ROS interfaces[0m
[1.069s] [35m[1mScanning dependencies of target bat_led_interfaces__rosidl_generator_c[0m
[1.082s] [  8%] [32mBuilding C object CMakeFiles/bat_led_interfaces__rosidl_generator_c.dir/rosidl_generator_c/bat_led_interfaces/msg/detail/led_state_array__functions.c.o[0m
[1.082s] [  8%] [32mBuilding C object CMakeFiles/bat_led_interfaces__rosidl_generator_c.dir/rosidl_generator_c/bat_led_interfaces/msg/detail/led_pannel_state__functions.c.o[0m
[1.083s] [ 10%] [32mBuilding C object CMakeFiles/bat_led_interfaces__rosidl_generator_c.dir/rosidl_generator_c/bat_led_interfaces/srv/detail/set_led__functions.c.o[0m
[1.100s] [ 10%] Built target bat_led_interfaces__cpp
[1.112s] [ 12%] [34m[1mGenerating C++ type support for eProsima Fast-RTPS[0m
[1.114s] [ 17%] [34m[1mGenerating C++ introspection for ROS interfaces[0m
[1.115s] [ 17%] [34m[1mGenerating C++ type support dispatch for ROS interfaces[0m
[1.134s] [ 19%] [32m[1mLinking C shared library libbat_led_interfaces__rosidl_generator_c.so[0m
[1.164s] [ 19%] Built target bat_led_interfaces__rosidl_generator_c
[1.174s] [ 21%] [34m[1mGenerating C type support dispatch for ROS interfaces[0m
[1.175s] [ 23%] [34m[1mGenerating C introspection for ROS interfaces[0m
[1.318s] [35m[1mScanning dependencies of target bat_led_interfaces__rosidl_typesupport_cpp[0m
[1.330s] [ 27%] [32mBuilding CXX object CMakeFiles/bat_led_interfaces__rosidl_typesupport_cpp.dir/rosidl_typesupport_cpp/bat_led_interfaces/msg/led_pannel_state__type_support.cpp.o[0m
[1.330s] [ 27%] [32mBuilding CXX object CMakeFiles/bat_led_interfaces__rosidl_typesupport_cpp.dir/rosidl_typesupport_cpp/bat_led_interfaces/msg/led_state_array__type_support.cpp.o[0m
[1.330s] [ 29%] [32mBuilding CXX object CMakeFiles/bat_led_interfaces__rosidl_typesupport_cpp.dir/rosidl_typesupport_cpp/bat_led_interfaces/srv/set_led__type_support.cpp.o[0m
[1.363s] [35m[1mScanning dependencies of target bat_led_interfaces__rosidl_typesupport_introspection_cpp[0m
[1.379s] [35m[1mScanning dependencies of target bat_led_interfaces__rosidl_typesupport_fastrtps_cpp[0m
[1.379s] [35m[1mScanning dependencies of target bat_led_interfaces__rosidl_typesupport_c[0m
[1.381s] [ 34%] [32mBuilding CXX object CMakeFiles/bat_led_interfaces__rosidl_typesupport_introspection_cpp.dir/rosidl_typesupport_introspection_cpp/bat_led_interfaces/msg/detail/led_state_array__type_support.cpp.o[0m
[1.381s] [ 34%] [32mBuilding CXX object CMakeFiles/bat_led_interfaces__rosidl_typesupport_introspection_cpp.dir/rosidl_typesupport_introspection_cpp/bat_led_interfaces/srv/detail/set_led__type_support.cpp.o[0m
[1.389s] [ 36%] [32mBuilding CXX object CMakeFiles/bat_led_interfaces__rosidl_typesupport_introspection_cpp.dir/rosidl_typesupport_introspection_cpp/bat_led_interfaces/msg/detail/led_pannel_state__type_support.cpp.o[0m
[1.394s] [ 40%] [32mBuilding CXX object CMakeFiles/bat_led_interfaces__rosidl_typesupport_c.dir/rosidl_typesupport_c/bat_led_interfaces/msg/led_pannel_state__type_support.cpp.o[0m
[1.395s] [ 42%] [32mBuilding CXX object CMakeFiles/bat_led_interfaces__rosidl_typesupport_c.dir/rosidl_typesupport_c/bat_led_interfaces/srv/set_led__type_support.cpp.o[0m
[1.395s] [ 42%] [32mBuilding CXX object CMakeFiles/bat_led_interfaces__rosidl_typesupport_c.dir/rosidl_typesupport_c/bat_led_interfaces/msg/led_state_array__type_support.cpp.o[0m
[1.398s] [ 46%] [32mBuilding CXX object CMakeFiles/bat_led_interfaces__rosidl_typesupport_fastrtps_cpp.dir/rosidl_typesupport_fastrtps_cpp/bat_led_interfaces/msg/detail/dds_fastrtps/led_state_array__type_support.cpp.o[0m
[1.399s] [ 46%] [32mBuilding CXX object CMakeFiles/bat_led_interfaces__rosidl_typesupport_fastrtps_cpp.dir/rosidl_typesupport_fastrtps_cpp/bat_led_interfaces/msg/detail/dds_fastrtps/led_pannel_state__type_support.cpp.o[0m
[1.399s] [ 48%] [32mBuilding CXX object CMakeFiles/bat_led_interfaces__rosidl_typesupport_fastrtps_cpp.dir/rosidl_typesupport_fastrtps_cpp/bat_led_interfaces/srv/detail/dds_fastrtps/set_led__type_support.cpp.o[0m
[1.436s] [ 51%] [32m[1mLinking CXX shared library libbat_led_interfaces__rosidl_typesupport_c.so[0m
[1.447s] [35m[1mScanning dependencies of target bat_led_interfaces__rosidl_typesupport_introspection_c[0m
[1.463s] [ 55%] [32mBuilding C object CMakeFiles/bat_led_interfaces__rosidl_typesupport_introspection_c.dir/rosidl_typesupport_introspection_c/bat_led_interfaces/msg/detail/led_state_array__type_support.c.o[0m
[1.464s] [ 55%] [32mBuilding C object CMakeFiles/bat_led_interfaces__rosidl_typesupport_introspection_c.dir/rosidl_typesupport_introspection_c/bat_led_interfaces/srv/detail/set_led__type_support.c.o[0m
[1.464s] [ 57%] [32mBuilding C object CMakeFiles/bat_led_interfaces__rosidl_typesupport_introspection_c.dir/rosidl_typesupport_introspection_c/bat_led_interfaces/msg/detail/led_pannel_state__type_support.c.o[0m
[1.490s] [ 57%] Built target bat_led_interfaces__rosidl_typesupport_c
[1.512s] [ 59%] [32m[1mLinking C shared library libbat_led_interfaces__rosidl_typesupport_introspection_c.so[0m
[1.542s] [ 59%] Built target bat_led_interfaces__rosidl_typesupport_introspection_c
[1.682s] [ 61%] [32m[1mLinking CXX shared library libbat_led_interfaces__rosidl_typesupport_cpp.so[0m
[1.719s] [ 61%] Built target bat_led_interfaces__rosidl_typesupport_cpp
[1.730s] [ 63%] [32m[1mLinking CXX shared library libbat_led_interfaces__rosidl_typesupport_introspection_cpp.so[0m
[1.819s] [ 63%] Built target bat_led_interfaces__rosidl_typesupport_introspection_cpp
[1.841s] [ 65%] [32m[1mLinking CXX shared library libbat_led_interfaces__rosidl_typesupport_fastrtps_cpp.so[0m
[1.924s] [ 65%] Built target bat_led_interfaces__rosidl_typesupport_fastrtps_cpp
[1.934s] [ 68%] [34m[1mGenerating C type support for eProsima Fast-RTPS[0m
[2.172s] [35m[1mScanning dependencies of target bat_led_interfaces__rosidl_typesupport_fastrtps_c[0m
[2.185s] [ 72%] [32mBuilding CXX object CMakeFiles/bat_led_interfaces__rosidl_typesupport_fastrtps_c.dir/rosidl_typesupport_fastrtps_c/bat_led_interfaces/msg/detail/led_state_array__type_support_c.cpp.o[0m
[2.185s] [ 72%] [32mBuilding CXX object CMakeFiles/bat_led_interfaces__rosidl_typesupport_fastrtps_c.dir/rosidl_typesupport_fastrtps_c/bat_led_interfaces/msg/detail/led_pannel_state__type_support_c.cpp.o[0m
[2.191s] [ 74%] [32mBuilding CXX object CMakeFiles/bat_led_interfaces__rosidl_typesupport_fastrtps_c.dir/rosidl_typesupport_fastrtps_c/bat_led_interfaces/srv/detail/set_led__type_support_c.cpp.o[0m
[2.504s] [ 76%] [32m[1mLinking CXX shared library libbat_led_interfaces__rosidl_typesupport_fastrtps_c.so[0m
[2.594s] [ 76%] Built target bat_led_interfaces__rosidl_typesupport_fastrtps_c
[2.613s] [ 76%] Built target bat_led_interfaces
[2.623s] [35m[1mScanning dependencies of target bat_led_interfaces__py[0m
[2.635s] [ 78%] [34m[1mGenerating Python code for ROS interfaces[0m
[3.095s] [ 78%] Built target bat_led_interfaces__py
[3.106s] [35m[1mScanning dependencies of target bat_led_interfaces__python[0m
[3.124s] [ 85%] [32mBuilding C object CMakeFiles/bat_led_interfaces__python.dir/rosidl_generator_py/bat_led_interfaces/msg/_led_pannel_state_s.c.o[0m
[3.124s] [ 85%] [32mBuilding C object CMakeFiles/bat_led_interfaces__python.dir/rosidl_generator_py/bat_led_interfaces/msg/_led_state_array_s.c.o[0m
[3.124s] [ 85%] [32mBuilding C object CMakeFiles/bat_led_interfaces__python.dir/rosidl_generator_py/bat_led_interfaces/srv/_set_led_s.c.o[0m
[3.208s] [ 87%] [32m[1mLinking C shared library rosidl_generator_py/bat_led_interfaces/libbat_led_interfaces__python.so[0m
[3.242s] [ 87%] Built target bat_led_interfaces__python
[3.252s] [35m[1mScanning dependencies of target bat_led_interfaces__rosidl_typesupport_fastrtps_c__pyext[0m
[3.252s] [35m[1mScanning dependencies of target bat_led_interfaces__rosidl_typesupport_c__pyext[0m
[3.258s] [35m[1mScanning dependencies of target bat_led_interfaces__rosidl_typesupport_introspection_c__pyext[0m
[3.265s] [ 89%] [32mBuilding C object CMakeFiles/bat_led_interfaces__rosidl_typesupport_c__pyext.dir/rosidl_generator_py/bat_led_interfaces/_bat_led_interfaces_s.ep.rosidl_typesupport_c.c.o[0m
[3.267s] [ 91%] [32mBuilding C object CMakeFiles/bat_led_interfaces__rosidl_typesupport_fastrtps_c__pyext.dir/rosidl_generator_py/bat_led_interfaces/_bat_led_interfaces_s.ep.rosidl_typesupport_fastrtps_c.c.o[0m
[3.271s] [ 93%] [32mBuilding C object CMakeFiles/bat_led_interfaces__rosidl_typesupport_introspection_c__pyext.dir/rosidl_generator_py/bat_led_interfaces/_bat_led_interfaces_s.ep.rosidl_typesupport_introspection_c.c.o[0m
[3.338s] [ 95%] [32m[1mLinking C shared library rosidl_generator_py/bat_led_interfaces/bat_led_interfaces_s__rosidl_typesupport_c.cpython-38-x86_64-linux-gnu.so[0m
[3.342s] [100%] [32m[1mLinking CXX shared library rosidl_generator_py/bat_led_interfaces/bat_led_interfaces_s__rosidl_typesupport_fastrtps_c.cpython-38-x86_64-linux-gnu.so[0m
[3.342s] [100%] [32m[1mLinking C shared library rosidl_generator_py/bat_led_interfaces/bat_led_interfaces_s__rosidl_typesupport_introspection_c.cpython-38-x86_64-linux-gnu.so[0m
[3.369s] [100%] Built target bat_led_interfaces__rosidl_typesupport_c__pyext
[3.371s] [100%] Built target bat_led_interfaces__rosidl_typesupport_introspection_c__pyext
[3.396s] [100%] Built target bat_led_interfaces__rosidl_typesupport_fastrtps_c__pyext
[3.406s] Invoked command in '/home/ros_ws/build/bat_led_interfaces' returned '0': CMAKE_PREFIX_PATH=${CMAKE_PREFIX_PATH}:/home/ros_ws/install/my_py_pkg:/opt/ros/foxy /usr/bin/cmake --build /home/ros_ws/build/bat_led_interfaces -- -j16 -l16
[3.485s] Invoking command in '/home/ros_ws/build/bat_led_interfaces': CMAKE_PREFIX_PATH=${CMAKE_PREFIX_PATH}:/home/ros_ws/install/my_py_pkg:/opt/ros/foxy /usr/bin/cmake --install /home/ros_ws/build/bat_led_interfaces
[3.492s] -- Install configuration: ""
[3.492s] -- Installing: /home/ros_ws/install/bat_led_interfaces/share/ament_index/resource_index/rosidl_interfaces/bat_led_interfaces
[3.492s] -- Up-to-date: /home/ros_ws/install/bat_led_interfaces/include/bat_led_interfaces
[3.492s] -- Up-to-date: /home/ros_ws/install/bat_led_interfaces/include/bat_led_interfaces/msg
[3.492s] -- Up-to-date: /home/ros_ws/install/bat_led_interfaces/include/bat_led_interfaces/msg/detail
[3.493s] -- Installing: /home/ros_ws/install/bat_led_interfaces/include/bat_led_interfaces/msg/detail/led_pannel_state__functions.c
[3.493s] -- Installing: /home/ros_ws/install/bat_led_interfaces/include/bat_led_interfaces/msg/detail/led_pannel_state__struct.h
[3.493s] -- Installing: /home/ros_ws/install/bat_led_interfaces/include/bat_led_interfaces/msg/detail/led_state_array__functions.h
[3.493s] -- Installing: /home/ros_ws/install/bat_led_interfaces/include/bat_led_interfaces/msg/detail/led_state_array__struct.h
[3.494s] -- Installing: /home/ros_ws/install/bat_led_interfaces/include/bat_led_interfaces/msg/detail/led_pannel_state__functions.h
[3.494s] -- Installing: /home/ros_ws/install/bat_led_interfaces/include/bat_led_interfaces/msg/detail/led_state_array__functions.c
[3.494s] -- Installing: /home/ros_ws/install/bat_led_interfaces/include/bat_led_interfaces/msg/detail/led_pannel_state__type_support.h
[3.494s] -- Installing: /home/ros_ws/install/bat_led_interfaces/include/bat_led_interfaces/msg/detail/led_state_array__type_support.h
[3.494s] -- Installing: /home/ros_ws/install/bat_led_interfaces/include/bat_led_interfaces/msg/led_state_array.h
[3.494s] -- Installing: /home/ros_ws/install/bat_led_interfaces/include/bat_led_interfaces/msg/led_pannel_state.h
[3.495s] -- Up-to-date: /home/ros_ws/install/bat_led_interfaces/include/bat_led_interfaces/msg/rosidl_generator_c__visibility_control.h
[3.495s] -- Up-to-date: /home/ros_ws/install/bat_led_interfaces/include/bat_led_interfaces/srv
[3.495s] -- Up-to-date: /home/ros_ws/install/bat_led_interfaces/include/bat_led_interfaces/srv/detail
[3.495s] -- Installing: /home/ros_ws/install/bat_led_interfaces/include/bat_led_interfaces/srv/detail/set_led__type_support.h
[3.495s] -- Installing: /home/ros_ws/install/bat_led_interfaces/include/bat_led_interfaces/srv/detail/set_led__functions.c
[3.495s] -- Installing: /home/ros_ws/install/bat_led_interfaces/include/bat_led_interfaces/srv/detail/set_led__struct.h
[3.496s] -- Installing: /home/ros_ws/install/bat_led_interfaces/include/bat_led_interfaces/srv/detail/set_led__functions.h
[3.496s] -- Installing: /home/ros_ws/install/bat_led_interfaces/include/bat_led_interfaces/srv/set_led.h
[3.496s] -- Up-to-date: /home/ros_ws/install/bat_led_interfaces/share/bat_led_interfaces/environment/library_path.sh
[3.496s] -- Installing: /home/ros_ws/install/bat_led_interfaces/share/bat_led_interfaces/environment/library_path.dsv
[3.496s] -- Installing: /home/ros_ws/install/bat_led_interfaces/lib/libbat_led_interfaces__rosidl_generator_c.so
[3.497s] -- Set runtime path of "/home/ros_ws/install/bat_led_interfaces/lib/libbat_led_interfaces__rosidl_generator_c.so" to ""
[3.497s] -- Up-to-date: /home/ros_ws/install/bat_led_interfaces/include/bat_led_interfaces
[3.497s] -- Up-to-date: /home/ros_ws/install/bat_led_interfaces/include/bat_led_interfaces/msg
[3.497s] -- Up-to-date: /home/ros_ws/install/bat_led_interfaces/include/bat_led_interfaces/msg/detail
[3.497s] -- Installing: /home/ros_ws/install/bat_led_interfaces/include/bat_led_interfaces/msg/detail/led_pannel_state__rosidl_typesupport_fastrtps_c.h
[3.497s] -- Installing: /home/ros_ws/install/bat_led_interfaces/include/bat_led_interfaces/msg/detail/led_state_array__rosidl_typesupport_fastrtps_c.h
[3.498s] -- Up-to-date: /home/ros_ws/install/bat_led_interfaces/include/bat_led_interfaces/msg/rosidl_typesupport_fastrtps_c__visibility_control.h
[3.498s] -- Up-to-date: /home/ros_ws/install/bat_led_interfaces/include/bat_led_interfaces/srv
[3.498s] -- Up-to-date: /home/ros_ws/install/bat_led_interfaces/include/bat_led_interfaces/srv/detail
[3.498s] -- Installing: /home/ros_ws/install/bat_led_interfaces/include/bat_led_interfaces/srv/detail/set_led__rosidl_typesupport_fastrtps_c.h
[3.499s] -- Installing: /home/ros_ws/install/bat_led_interfaces/lib/libbat_led_interfaces__rosidl_typesupport_fastrtps_c.so
[3.499s] -- Set runtime path of "/home/ros_ws/install/bat_led_interfaces/lib/libbat_led_interfaces__rosidl_typesupport_fastrtps_c.so" to ""
[3.499s] -- Up-to-date: /home/ros_ws/install/bat_led_interfaces/include/bat_led_interfaces
[3.499s] -- Up-to-date: /home/ros_ws/install/bat_led_interfaces/include/bat_led_interfaces/msg
[3.499s] -- Up-to-date: /home/ros_ws/install/bat_led_interfaces/include/bat_led_interfaces/msg/detail
[3.500s] -- Installing: /home/ros_ws/install/bat_led_interfaces/include/bat_led_interfaces/msg/detail/led_pannel_state__rosidl_typesupport_fastrtps_cpp.hpp
[3.500s] -- Up-to-date: /home/ros_ws/install/bat_led_interfaces/include/bat_led_interfaces/msg/detail/dds_fastrtps
[3.500s] -- Installing: /home/ros_ws/install/bat_led_interfaces/include/bat_led_interfaces/msg/detail/led_state_array__rosidl_typesupport_fastrtps_cpp.hpp
[3.500s] -- Up-to-date: /home/ros_ws/install/bat_led_interfaces/include/bat_led_interfaces/msg/rosidl_typesupport_fastrtps_cpp__visibility_control.h
[3.500s] -- Up-to-date: /home/ros_ws/install/bat_led_interfaces/include/bat_led_interfaces/srv
[3.500s] -- Up-to-date: /home/ros_ws/install/bat_led_interfaces/include/bat_led_interfaces/srv/detail
[3.501s] -- Installing: /home/ros_ws/install/bat_led_interfaces/include/bat_led_interfaces/srv/detail/set_led__rosidl_typesupport_fastrtps_cpp.hpp
[3.501s] -- Up-to-date: /home/ros_ws/install/bat_led_interfaces/include/bat_led_interfaces/srv/detail/dds_fastrtps
[3.501s] -- Installing: /home/ros_ws/install/bat_led_interfaces/lib/libbat_led_interfaces__rosidl_typesupport_fastrtps_cpp.so
[3.501s] -- Set runtime path of "/home/ros_ws/install/bat_led_interfaces/lib/libbat_led_interfaces__rosidl_typesupport_fastrtps_cpp.so" to ""
[3.501s] -- Up-to-date: /home/ros_ws/install/bat_led_interfaces/include/bat_led_interfaces
[3.501s] -- Up-to-date: /home/ros_ws/install/bat_led_interfaces/include/bat_led_interfaces/msg
[3.501s] -- Up-to-date: /home/ros_ws/install/bat_led_interfaces/include/bat_led_interfaces/msg/detail
[3.502s] -- Installing: /home/ros_ws/install/bat_led_interfaces/include/bat_led_interfaces/msg/detail/led_state_array__type_support.c
[3.502s] -- Installing: /home/ros_ws/install/bat_led_interfaces/include/bat_led_interfaces/msg/detail/led_pannel_state__rosidl_typesupport_introspection_c.h
[3.502s] -- Installing: /home/ros_ws/install/bat_led_interfaces/include/bat_led_interfaces/msg/detail/led_state_array__rosidl_typesupport_introspection_c.h
[3.502s] -- Installing: /home/ros_ws/install/bat_led_interfaces/include/bat_led_interfaces/msg/detail/led_pannel_state__type_support.c
[3.502s] -- Up-to-date: /home/ros_ws/install/bat_led_interfaces/include/bat_led_interfaces/msg/rosidl_typesupport_introspection_c__visibility_control.h
[3.502s] -- Up-to-date: /home/ros_ws/install/bat_led_interfaces/include/bat_led_interfaces/srv
[3.502s] -- Up-to-date: /home/ros_ws/install/bat_led_interfaces/include/bat_led_interfaces/srv/detail
[3.502s] -- Installing: /home/ros_ws/install/bat_led_interfaces/include/bat_led_interfaces/srv/detail/set_led__type_support.c
[3.502s] -- Installing: /home/ros_ws/install/bat_led_interfaces/include/bat_led_interfaces/srv/detail/set_led__rosidl_typesupport_introspection_c.h
[3.503s] -- Installing: /home/ros_ws/install/bat_led_interfaces/lib/libbat_led_interfaces__rosidl_typesupport_introspection_c.so
[3.503s] -- Set runtime path of "/home/ros_ws/install/bat_led_interfaces/lib/libbat_led_interfaces__rosidl_typesupport_introspection_c.so" to ""
[3.503s] -- Installing: /home/ros_ws/install/bat_led_interfaces/lib/libbat_led_interfaces__rosidl_typesupport_c.so
[3.503s] -- Set runtime path of "/home/ros_ws/install/bat_led_interfaces/lib/libbat_led_interfaces__rosidl_typesupport_c.so" to ""
[3.503s] -- Up-to-date: /home/ros_ws/install/bat_led_interfaces/include/bat_led_interfaces
[3.503s] -- Up-to-date: /home/ros_ws/install/bat_led_interfaces/include/bat_led_interfaces/msg
[3.503s] -- Up-to-date: /home/ros_ws/install/bat_led_interfaces/include/bat_led_interfaces/msg/detail
[3.503s] -- Installing: /home/ros_ws/install/bat_led_interfaces/include/bat_led_interfaces/msg/detail/led_state_array__builder.hpp
[3.503s] -- Installing: /home/ros_ws/install/bat_led_interfaces/include/bat_led_interfaces/msg/detail/led_pannel_state__builder.hpp
[3.504s] -- Installing: /home/ros_ws/install/bat_led_interfaces/include/bat_led_interfaces/msg/detail/led_pannel_state__struct.hpp
[3.504s] -- Installing: /home/ros_ws/install/bat_led_interfaces/include/bat_led_interfaces/msg/detail/led_state_array__struct.hpp
[3.504s] -- Installing: /home/ros_ws/install/bat_led_interfaces/include/bat_led_interfaces/msg/detail/led_state_array__traits.hpp
[3.504s] -- Installing: /home/ros_ws/install/bat_led_interfaces/include/bat_led_interfaces/msg/detail/led_pannel_state__traits.hpp
[3.504s] -- Installing: /home/ros_ws/install/bat_led_interfaces/include/bat_led_interfaces/msg/led_pannel_state.hpp
[3.504s] -- Installing: /home/ros_ws/install/bat_led_interfaces/include/bat_led_interfaces/msg/led_state_array.hpp
[3.504s] -- Up-to-date: /home/ros_ws/install/bat_led_interfaces/include/bat_led_interfaces/srv
[3.504s] -- Up-to-date: /home/ros_ws/install/bat_led_interfaces/include/bat_led_interfaces/srv/detail
[3.505s] -- Installing: /home/ros_ws/install/bat_led_interfaces/include/bat_led_interfaces/srv/detail/set_led__builder.hpp
[3.505s] -- Installing: /home/ros_ws/install/bat_led_interfaces/include/bat_led_interfaces/srv/detail/set_led__traits.hpp
[3.505s] -- Installing: /home/ros_ws/install/bat_led_interfaces/include/bat_led_interfaces/srv/detail/set_led__struct.hpp
[3.505s] -- Installing: /home/ros_ws/install/bat_led_interfaces/include/bat_led_interfaces/srv/set_led.hpp
[3.505s] -- Up-to-date: /home/ros_ws/install/bat_led_interfaces/include/bat_led_interfaces
[3.505s] -- Up-to-date: /home/ros_ws/install/bat_led_interfaces/include/bat_led_interfaces/msg
[3.505s] -- Up-to-date: /home/ros_ws/install/bat_led_interfaces/include/bat_led_interfaces/msg/detail
[3.506s] -- Installing: /home/ros_ws/install/bat_led_interfaces/include/bat_led_interfaces/msg/detail/led_pannel_state__type_support.cpp
[3.506s] -- Installing: /home/ros_ws/install/bat_led_interfaces/include/bat_led_interfaces/msg/detail/led_state_array__type_support.cpp
[3.506s] -- Installing: /home/ros_ws/install/bat_led_interfaces/include/bat_led_interfaces/msg/detail/led_state_array__rosidl_typesupport_introspection_cpp.hpp
[3.506s] -- Installing: /home/ros_ws/install/bat_led_interfaces/include/bat_led_interfaces/msg/detail/led_pannel_state__rosidl_typesupport_introspection_cpp.hpp
[3.506s] -- Up-to-date: /home/ros_ws/install/bat_led_interfaces/include/bat_led_interfaces/srv
[3.506s] -- Up-to-date: /home/ros_ws/install/bat_led_interfaces/include/bat_led_interfaces/srv/detail
[3.506s] -- Installing: /home/ros_ws/install/bat_led_interfaces/include/bat_led_interfaces/srv/detail/set_led__type_support.cpp
[3.506s] -- Installing: /home/ros_ws/install/bat_led_interfaces/include/bat_led_interfaces/srv/detail/set_led__rosidl_typesupport_introspection_cpp.hpp
[3.506s] -- Installing: /home/ros_ws/install/bat_led_interfaces/lib/libbat_led_interfaces__rosidl_typesupport_introspection_cpp.so
[3.507s] -- Set runtime path of "/home/ros_ws/install/bat_led_interfaces/lib/libbat_led_interfaces__rosidl_typesupport_introspection_cpp.so" to ""
[3.507s] -- Installing: /home/ros_ws/install/bat_led_interfaces/lib/libbat_led_interfaces__rosidl_typesupport_cpp.so
[3.507s] -- Set runtime path of "/home/ros_ws/install/bat_led_interfaces/lib/libbat_led_interfaces__rosidl_typesupport_cpp.so" to ""
[3.507s] -- Up-to-date: /home/ros_ws/install/bat_led_interfaces/share/bat_led_interfaces/environment/pythonpath.sh
[3.507s] -- Installing: /home/ros_ws/install/bat_led_interfaces/share/bat_led_interfaces/environment/pythonpath.dsv
[3.507s] -- Installing: /home/ros_ws/install/bat_led_interfaces/lib/python3.8/site-packages/bat_led_interfaces/__init__.py
[3.525s] Compiling '/home/ros_ws/install/bat_led_interfaces/lib/python3.8/site-packages/bat_led_interfaces/__init__.py'...
[3.529s] -- Up-to-date: /home/ros_ws/install/bat_led_interfaces/lib/python3.8/site-packages/bat_led_interfaces/msg
[3.529s] -- Installing: /home/ros_ws/install/bat_led_interfaces/lib/python3.8/site-packages/bat_led_interfaces/msg/_led_pannel_state.py
[3.529s] -- Installing: /home/ros_ws/install/bat_led_interfaces/lib/python3.8/site-packages/bat_led_interfaces/msg/__init__.py
[3.530s] -- Installing: /home/ros_ws/install/bat_led_interfaces/lib/python3.8/site-packages/bat_led_interfaces/msg/_led_state_array.py
[3.530s] -- Installing: /home/ros_ws/install/bat_led_interfaces/lib/python3.8/site-packages/bat_led_interfaces/msg/_led_state_array_s.c
[3.530s] -- Installing: /home/ros_ws/install/bat_led_interfaces/lib/python3.8/site-packages/bat_led_interfaces/msg/_led_pannel_state_s.c
[3.530s] -- Up-to-date: /home/ros_ws/install/bat_led_interfaces/lib/python3.8/site-packages/bat_led_interfaces/srv
[3.530s] -- Installing: /home/ros_ws/install/bat_led_interfaces/lib/python3.8/site-packages/bat_led_interfaces/srv/_set_led.py
[3.530s] -- Installing: /home/ros_ws/install/bat_led_interfaces/lib/python3.8/site-packages/bat_led_interfaces/srv/__init__.py
[3.530s] -- Installing: /home/ros_ws/install/bat_led_interfaces/lib/python3.8/site-packages/bat_led_interfaces/srv/_set_led_s.c
[3.531s] -- Installing: /home/ros_ws/install/bat_led_interfaces/lib/python3.8/site-packages/bat_led_interfaces/bat_led_interfaces_s__rosidl_typesupport_fastrtps_c.cpython-38-x86_64-linux-gnu.so
[3.531s] -- Set runtime path of "/home/ros_ws/install/bat_led_interfaces/lib/python3.8/site-packages/bat_led_interfaces/bat_led_interfaces_s__rosidl_typesupport_fastrtps_c.cpython-38-x86_64-linux-gnu.so" to ""
[3.531s] -- Installing: /home/ros_ws/install/bat_led_interfaces/lib/python3.8/site-packages/bat_led_interfaces/bat_led_interfaces_s__rosidl_typesupport_introspection_c.cpython-38-x86_64-linux-gnu.so
[3.532s] -- Set runtime path of "/home/ros_ws/install/bat_led_interfaces/lib/python3.8/site-packages/bat_led_interfaces/bat_led_interfaces_s__rosidl_typesupport_introspection_c.cpython-38-x86_64-linux-gnu.so" to ""
[3.532s] -- Installing: /home/ros_ws/install/bat_led_interfaces/lib/python3.8/site-packages/bat_led_interfaces/bat_led_interfaces_s__rosidl_typesupport_c.cpython-38-x86_64-linux-gnu.so
[3.532s] -- Set runtime path of "/home/ros_ws/install/bat_led_interfaces/lib/python3.8/site-packages/bat_led_interfaces/bat_led_interfaces_s__rosidl_typesupport_c.cpython-38-x86_64-linux-gnu.so" to ""
[3.532s] -- Installing: /home/ros_ws/install/bat_led_interfaces/lib/libbat_led_interfaces__python.so
[3.533s] -- Set runtime path of "/home/ros_ws/install/bat_led_interfaces/lib/libbat_led_interfaces__python.so" to ""
[3.533s] -- Up-to-date: /home/ros_ws/install/bat_led_interfaces/share/bat_led_interfaces/msg/LedPannelState.idl
[3.533s] -- Up-to-date: /home/ros_ws/install/bat_led_interfaces/share/bat_led_interfaces/srv/SetLed.idl
[3.533s] -- Installing: /home/ros_ws/install/bat_led_interfaces/share/bat_led_interfaces/msg/LedStateArray.idl
[3.534s] -- Up-to-date: /home/ros_ws/install/bat_led_interfaces/share/bat_led_interfaces/msg/LedPannelState.msg
[3.534s] -- Up-to-date: /home/ros_ws/install/bat_led_interfaces/share/bat_led_interfaces/srv/SetLed.srv
[3.534s] -- Up-to-date: /home/ros_ws/install/bat_led_interfaces/share/bat_led_interfaces/srv/SetLed_Request.msg
[3.534s] -- Up-to-date: /home/ros_ws/install/bat_led_interfaces/share/bat_led_interfaces/srv/SetLed_Response.msg
[3.534s] -- Installing: /home/ros_ws/install/bat_led_interfaces/share/bat_led_interfaces/msg/LedStateArray.msg
[3.535s] -- Up-to-date: /home/ros_ws/install/bat_led_interfaces/share/ament_index/resource_index/package_run_dependencies/bat_led_interfaces
[3.535s] -- Installing: /home/ros_ws/install/bat_led_interfaces/share/ament_index/resource_index/parent_prefix_path/bat_led_interfaces
[3.535s] -- Up-to-date: /home/ros_ws/install/bat_led_interfaces/share/bat_led_interfaces/environment/ament_prefix_path.sh
[3.535s] -- Installing: /home/ros_ws/install/bat_led_interfaces/share/bat_led_interfaces/environment/ament_prefix_path.dsv
[3.535s] -- Up-to-date: /home/ros_ws/install/bat_led_interfaces/share/bat_led_interfaces/environment/path.sh
[3.536s] -- Installing: /home/ros_ws/install/bat_led_interfaces/share/bat_led_interfaces/environment/path.dsv
[3.536s] -- Up-to-date: /home/ros_ws/install/bat_led_interfaces/share/bat_led_interfaces/local_setup.bash
[3.536s] -- Up-to-date: /home/ros_ws/install/bat_led_interfaces/share/bat_led_interfaces/local_setup.sh
[3.536s] -- Up-to-date: /home/ros_ws/install/bat_led_interfaces/share/bat_led_interfaces/local_setup.zsh
[3.536s] -- Installing: /home/ros_ws/install/bat_led_interfaces/share/bat_led_interfaces/local_setup.dsv
[3.536s] -- Installing: /home/ros_ws/install/bat_led_interfaces/share/bat_led_interfaces/package.dsv
[3.536s] -- Up-to-date: /home/ros_ws/install/bat_led_interfaces/share/ament_index/resource_index/packages/bat_led_interfaces
[3.536s] -- Up-to-date: /home/ros_ws/install/bat_led_interfaces/share/bat_led_interfaces/cmake/bat_led_interfaces__rosidl_generator_cExport.cmake
[3.537s] -- Installing: /home/ros_ws/install/bat_led_interfaces/share/bat_led_interfaces/cmake/bat_led_interfaces__rosidl_generator_cExport-noconfig.cmake
[3.537s] -- Up-to-date: /home/ros_ws/install/bat_led_interfaces/share/bat_led_interfaces/cmake/bat_led_interfaces__rosidl_typesupport_introspection_cExport.cmake
[3.537s] -- Installing: /home/ros_ws/install/bat_led_interfaces/share/bat_led_interfaces/cmake/bat_led_interfaces__rosidl_typesupport_introspection_cExport-noconfig.cmake
[3.537s] -- Up-to-date: /home/ros_ws/install/bat_led_interfaces/share/bat_led_interfaces/cmake/bat_led_interfaces__rosidl_typesupport_cExport.cmake
[3.537s] -- Installing: /home/ros_ws/install/bat_led_interfaces/share/bat_led_interfaces/cmake/bat_led_interfaces__rosidl_typesupport_cExport-noconfig.cmake
[3.537s] -- Up-to-date: /home/ros_ws/install/bat_led_interfaces/share/bat_led_interfaces/cmake/bat_led_interfaces__rosidl_generator_cppExport.cmake
[3.537s] -- Up-to-date: /home/ros_ws/install/bat_led_interfaces/share/bat_led_interfaces/cmake/bat_led_interfaces__rosidl_typesupport_introspection_cppExport.cmake
[3.537s] -- Installing: /home/ros_ws/install/bat_led_interfaces/share/bat_led_interfaces/cmake/bat_led_interfaces__rosidl_typesupport_introspection_cppExport-noconfig.cmake
[3.538s] -- Up-to-date: /home/ros_ws/install/bat_led_interfaces/share/bat_led_interfaces/cmake/bat_led_interfaces__rosidl_typesupport_cppExport.cmake
[3.538s] -- Installing: /home/ros_ws/install/bat_led_interfaces/share/bat_led_interfaces/cmake/bat_led_interfaces__rosidl_typesupport_cppExport-noconfig.cmake
[3.538s] -- Installing: /home/ros_ws/install/bat_led_interfaces/share/bat_led_interfaces/cmake/rosidl_cmake-extras.cmake
[3.538s] -- Up-to-date: /home/ros_ws/install/bat_led_interfaces/share/bat_led_interfaces/cmake/ament_cmake_export_dependencies-extras.cmake
[3.539s] -- Up-to-date: /home/ros_ws/install/bat_led_interfaces/share/bat_led_interfaces/cmake/ament_cmake_export_libraries-extras.cmake
[3.540s] -- Up-to-date: /home/ros_ws/install/bat_led_interfaces/share/bat_led_interfaces/cmake/ament_cmake_export_targets-extras.cmake
[3.542s] -- Up-to-date: /home/ros_ws/install/bat_led_interfaces/share/bat_led_interfaces/cmake/ament_cmake_export_include_directories-extras.cmake
[3.542s] -- Up-to-date: /home/ros_ws/install/bat_led_interfaces/share/bat_led_interfaces/cmake/rosidl_cmake_export_typesupport_libraries-extras.cmake
[3.542s] -- Up-to-date: /home/ros_ws/install/bat_led_interfaces/share/bat_led_interfaces/cmake/rosidl_cmake_export_typesupport_targets-extras.cmake
[3.542s] -- Up-to-date: /home/ros_ws/install/bat_led_interfaces/share/bat_led_interfaces/cmake/bat_led_interfacesConfig.cmake
[3.542s] -- Up-to-date: /home/ros_ws/install/bat_led_interfaces/share/bat_led_interfaces/cmake/bat_led_interfacesConfig-version.cmake
[3.542s] -- Up-to-date: /home/ros_ws/install/bat_led_interfaces/share/bat_led_interfaces/package.xml
[3.542s] Invoked command in '/home/ros_ws/build/bat_led_interfaces' returned '0': CMAKE_PREFIX_PATH=${CMAKE_PREFIX_PATH}:/home/ros_ws/install/my_py_pkg:/opt/ros/foxy /usr/bin/cmake --install /home/ros_ws/build/bat_led_interfaces
