[0.192s] Invoking command in '/home/ros_ws/build/batt_led': CMAKE_PREFIX_PATH=/home/ros_ws/install/bat_led_interfaces:/home/ros_ws/install/batt_led:/home/ros_ws/install/my_robot_interfaces:/home/ros_ws/install/my_cpp_pkg:/home/ros_ws/install/my_py_pkg:/opt/ros/foxy /usr/bin/cmake --build /home/ros_ws/build/batt_led -- -j16 -l16
[0.228s] [35m[1mScanning dependencies of target led_pannel[0m
[0.247s] [ 50%] Built target battery
[0.253s] [ 75%] [32mBuilding CXX object CMakeFiles/led_pannel.dir/src/led_pannel.cpp.o[0m
[1.270s] [01m[K/home/ros_ws/src/batt_led/src/led_pannel.cpp:[m[K In member function ‘[01m[Kvoid LedPannelServerNode::publishLedStates()[m[K’:
[1.271s] [01m[K/home/ros_ws/src/batt_led/src/led_pannel.cpp:39:26:[m[K [01;31m[Kerror: [m[Kno match for ‘[01m[Koperator=[m[K’ (operand types are ‘[01m[Kbat_led_interfaces::msg::LedStateArray_<std::allocator<void> >::_led_states_type[m[K’ {aka ‘[01m[Kstd::vector<long int, std::allocator<long int> >[m[K’} and ‘[01m[Kint64_t [3][m[K’ {aka ‘[01m[Klong int [3][m[K’})
[1.271s]    39 |         msg.led_states = [01;31m[Kleds[m[K;
[1.271s]       |                          [01;31m[K^~~~[m[K
[1.271s] In file included from [01m[K/usr/include/c++/9/vector:72[m[K,
[1.271s]                  from [01m[K/opt/ros/foxy/include/rclcpp/executor.hpp:27[m[K,
[1.271s]                  from [01m[K/opt/ros/foxy/include/rclcpp/executors/multi_threaded_executor.hpp:26[m[K,
[1.271s]                  from [01m[K/opt/ros/foxy/include/rclcpp/executors.hpp:21[m[K,
[1.271s]                  from [01m[K/opt/ros/foxy/include/rclcpp/rclcpp.hpp:146[m[K,
[1.271s]                  from [01m[K/home/ros_ws/src/batt_led/src/led_pannel.cpp:1[m[K:
[1.272s] [01m[K/usr/include/c++/9/bits/vector.tcc:198:5:[m[K [01;36m[Knote: [m[Kcandidate: ‘[01m[Kstd::vector<_Tp, _Alloc>& std::vector<_Tp, _Alloc>::operator=(const std::vector<_Tp, _Alloc>&) [with _Tp = long int; _Alloc = std::allocator<long int>][m[K’
[1.272s]   198 |     [01;36m[Kvector<_Tp, _Alloc>[m[K::
[1.272s]       |     [01;36m[K^~~~~~~~~~~~~~~~~~~[m[K
[1.272s] [01m[K/usr/include/c++/9/bits/vector.tcc:199:42:[m[K [01;36m[Knote: [m[K  no known conversion for argument 1 from ‘[01m[Kint64_t [3][m[K’ {aka ‘[01m[Klong int [3][m[K’} to ‘[01m[Kconst std::vector<long int, std::allocator<long int> >&[m[K’
[1.272s]   199 |     operator=([01;36m[Kconst vector<_Tp, _Alloc>& __x[m[K)
[1.272s]       |               [01;36m[K~~~~~~~~~~~~~~~~~~~~~~~~~~~^~~[m[K
[1.272s] In file included from [01m[K/usr/include/c++/9/vector:67[m[K,
[1.272s]                  from [01m[K/opt/ros/foxy/include/rclcpp/executor.hpp:27[m[K,
[1.272s]                  from [01m[K/opt/ros/foxy/include/rclcpp/executors/multi_threaded_executor.hpp:26[m[K,
[1.273s]                  from [01m[K/opt/ros/foxy/include/rclcpp/executors.hpp:21[m[K,
[1.273s]                  from [01m[K/opt/ros/foxy/include/rclcpp/rclcpp.hpp:146[m[K,
[1.273s]                  from [01m[K/home/ros_ws/src/batt_led/src/led_pannel.cpp:1[m[K:
[1.273s] [01m[K/usr/include/c++/9/bits/stl_vector.h:706:7:[m[K [01;36m[Knote: [m[Kcandidate: ‘[01m[Kstd::vector<_Tp, _Alloc>& std::vector<_Tp, _Alloc>::operator=(std::vector<_Tp, _Alloc>&&) [with _Tp = long int; _Alloc = std::allocator<long int>][m[K’
[1.273s]   706 |       [01;36m[Koperator[m[K=(vector&& __x) noexcept(_Alloc_traits::_S_nothrow_move())
[1.273s]       |       [01;36m[K^~~~~~~~[m[K
[1.273s] [01m[K/usr/include/c++/9/bits/stl_vector.h:706:26:[m[K [01;36m[Knote: [m[K  no known conversion for argument 1 from ‘[01m[Kint64_t [3][m[K’ {aka ‘[01m[Klong int [3][m[K’} to ‘[01m[Kstd::vector<long int, std::allocator<long int> >&&[m[K’
[1.273s]   706 |       operator=([01;36m[Kvector&& __x[m[K) noexcept(_Alloc_traits::_S_nothrow_move())
[1.274s]       |                 [01;36m[K~~~~~~~~~^~~[m[K
[1.274s] [01m[K/usr/include/c++/9/bits/stl_vector.h:727:7:[m[K [01;36m[Knote: [m[Kcandidate: ‘[01m[Kstd::vector<_Tp, _Alloc>& std::vector<_Tp, _Alloc>::operator=(std::initializer_list<_Tp>) [with _Tp = long int; _Alloc = std::allocator<long int>][m[K’
[1.274s]   727 |       [01;36m[Koperator[m[K=(initializer_list<value_type> __l)
[1.274s]       |       [01;36m[K^~~~~~~~[m[K
[1.274s] [01m[K/usr/include/c++/9/bits/stl_vector.h:727:46:[m[K [01;36m[Knote: [m[K  no known conversion for argument 1 from ‘[01m[Kint64_t [3][m[K’ {aka ‘[01m[Klong int [3][m[K’} to ‘[01m[Kstd::initializer_list<long int>[m[K’
[1.274s]   727 |       operator=([01;36m[Kinitializer_list<value_type> __l[m[K)
[1.274s]       |                 [01;36m[K~~~~~~~~~~~~~~~~~~~~~~~~~~~~~^~~[m[K
[2.045s] make[2]: *** [CMakeFiles/led_pannel.dir/build.make:63: CMakeFiles/led_pannel.dir/src/led_pannel.cpp.o] Error 1
[2.045s] make[1]: *** [CMakeFiles/Makefile2:80: CMakeFiles/led_pannel.dir/all] Error 2
[2.045s] make: *** [Makefile:141: all] Error 2
[2.048s] Invoked command in '/home/ros_ws/build/batt_led' returned '2': CMAKE_PREFIX_PATH=/home/ros_ws/install/bat_led_interfaces:/home/ros_ws/install/batt_led:/home/ros_ws/install/my_robot_interfaces:/home/ros_ws/install/my_cpp_pkg:/home/ros_ws/install/my_py_pkg:/opt/ros/foxy /usr/bin/cmake --build /home/ros_ws/build/batt_led -- -j16 -l16
