[0.015s] Invoking command in '/home/ros_ws/build/bat_led_interfaces': CMAKE_PREFIX_PATH=${CMAKE_PREFIX_PATH}:/home/ros_ws/install/my_py_pkg:/opt/ros/foxy /usr/bin/cmake --build /home/ros_ws/build/bat_led_interfaces -- -j16 -l16
[0.042s] -- Found ament_cmake: 0.9.11 (/opt/ros/foxy/share/ament_cmake/cmake)
[0.059s] -- Found PythonInterp: /usr/bin/python3 (found suitable version "3.8.10", minimum required is "3") 
[0.059s] -- Using PYTHON_EXECUTABLE: /usr/bin/python3
[0.197s] -- Found rosidl_default_generators: 1.0.1 (/opt/ros/foxy/share/rosidl_default_generators/cmake)
[0.203s] -- Using all available rosidl_typesupport_c: rosidl_typesupport_fastrtps_c;rosidl_typesupport_introspection_c
[0.211s] -- Found rosidl_adapter: 1.3.0 (/opt/ros/foxy/share/rosidl_adapter/cmake)
[0.394s] -- Using all available rosidl_typesupport_cpp: rosidl_typesupport_fastrtps_cpp;rosidl_typesupport_introspection_cpp
[0.413s] CMake Error at /opt/ros/foxy/share/rosidl_cmake/cmake/rosidl_generate_interfaces.cmake:93 (message):
[0.413s]   rosidl_generate_interfaces() the passed file 'msg/LedStateArray' doesn't
[0.413s]   exist relative to the CMAKE_CURRENT_SOURCE_DIR
[0.413s]   '/home/ros_ws/src/bat_led_interfaces'
[0.413s] Call Stack (most recent call first):
[0.413s]   CMakeLists.txt:19 (rosidl_generate_interfaces)
[0.413s] 
[0.413s] 
[0.414s] -- Configuring incomplete, errors occurred!
[0.414s] See also "/home/ros_ws/build/bat_led_interfaces/CMakeFiles/CMakeOutput.log".
[0.417s] make: *** [Makefile:988: cmake_check_build_system] Error 1
[0.418s] Invoked command in '/home/ros_ws/build/bat_led_interfaces' returned '2': CMAKE_PREFIX_PATH=${CMAKE_PREFIX_PATH}:/home/ros_ws/install/my_py_pkg:/opt/ros/foxy /usr/bin/cmake --build /home/ros_ws/build/bat_led_interfaces -- -j16 -l16
