[2.734s] DEBUG:colcon:Command line arguments: ['/usr/bin/colcon', 'build', '--cmake-args', '-DUAGENT_USE_SYSTEM_LOGGER=ON']
[2.734s] DEBUG:colcon:Parsed command line arguments: Namespace(ament_cmake_args=None, base_paths=['.'], build_base='build', catkin_cmake_args=None, catkin_skip_building_tests=False, cmake_args=['-DUAGENT_USE_SYSTEM_LOGGER=ON'], cmake_clean_cache=False, cmake_clean_first=False, cmake_force_configure=False, cmake_target=None, cmake_target_skip_unavailable=False, continue_on_error=False, event_handlers=None, executor='parallel', ignore_user_meta=False, install_base='install', log_base=None, log_level=None, main=<bound method BuildVerb.main of <colcon_core.verb.build.BuildVerb object at 0x7faccf0fd0>>, merge_install=False, metas=['./colcon.meta'], packages_above=None, packages_above_and_dependencies=None, packages_above_depth=None, packages_end=None, packages_ignore=None, packages_ignore_regex=None, packages_select=None, packages_select_build_failed=False, packages_select_by_dep=None, packages_select_regex=None, packages_select_test_failures=False, packages_skip=None, packages_skip_build_finished=False, packages_skip_by_dep=None, packages_skip_regex=None, packages_skip_test_passed=False, packages_skip_up_to=None, packages_start=None, packages_up_to=None, packages_up_to_regex=None, parallel_workers=4, paths=None, symlink_install=False, test_result_base=None, verb_extension=<colcon_core.verb.build.BuildVerb object at 0x7faccf0fd0>, verb_name='build', verb_parser=<colcon_defaults.argument_parser.defaults.DefaultArgumentsDecorator object at 0x7facc110b8>)
[2.934s] Level 1:colcon.colcon_core.package_discovery:discover_packages(colcon_meta) check parameters
[2.935s] Level 1:colcon.colcon_core.package_discovery:discover_packages(recursive) check parameters
[2.935s] Level 1:colcon.colcon_core.package_discovery:discover_packages(ignore) check parameters
[2.936s] Level 1:colcon.colcon_core.package_discovery:discover_packages(path) check parameters
[2.936s] Level 1:colcon.colcon_core.package_discovery:discover_packages(colcon_meta) discover
[2.937s] Level 1:colcon.colcon_core.package_discovery:discover_packages(recursive) discover
[2.938s] INFO:colcon.colcon_core.package_discovery:Crawling recursively for packages in '/home/workspace/git/ros_ws/scripts/microros_ws'
[2.938s] Level 1:colcon.colcon_core.package_identification:_identify(.) by extensions ['ignore', 'ignore_ament_install']
[2.939s] Level 1:colcon.colcon_core.package_identification:_identify(.) by extension 'ignore'
[2.939s] Level 1:colcon.colcon_core.package_identification:_identify(.) by extension 'ignore_ament_install'
[2.939s] Level 1:colcon.colcon_core.package_identification:_identify(.) by extensions ['colcon_pkg']
[2.940s] Level 1:colcon.colcon_core.package_identification:_identify(.) by extension 'colcon_pkg'
[2.940s] Level 1:colcon.colcon_core.package_identification:_identify(.) by extensions ['colcon_meta']
[2.940s] Level 1:colcon.colcon_core.package_identification:_identify(.) by extension 'colcon_meta'
[2.940s] Level 1:colcon.colcon_core.package_identification:_identify(.) by extensions ['ros']
[2.940s] Level 1:colcon.colcon_core.package_identification:_identify(.) by extension 'ros'
[3.131s] Level 1:colcon.colcon_core.package_identification:_identify(.) by extensions ['cmake', 'python']
[3.132s] Level 1:colcon.colcon_core.package_identification:_identify(.) by extension 'cmake'
[3.132s] Level 1:colcon.colcon_core.package_identification:_identify(.) by extension 'python'
[3.132s] Level 1:colcon.colcon_core.package_identification:_identify(.) by extensions ['python_setup_py']
[3.133s] Level 1:colcon.colcon_core.package_identification:_identify(.) by extension 'python_setup_py'
[3.133s] Level 1:colcon.colcon_core.package_identification:_identify(build) by extensions ['ignore', 'ignore_ament_install']
[3.134s] Level 1:colcon.colcon_core.package_identification:_identify(build) by extension 'ignore'
[3.134s] Level 1:colcon.colcon_core.package_identification:_identify(build) ignored
[3.136s] Level 1:colcon.colcon_core.package_identification:_identify(install) by extensions ['ignore', 'ignore_ament_install']
[3.136s] Level 1:colcon.colcon_core.package_identification:_identify(install) by extension 'ignore'
[3.137s] Level 1:colcon.colcon_core.package_identification:_identify(install) ignored
[3.137s] Level 1:colcon.colcon_core.package_identification:_identify(log) by extensions ['ignore', 'ignore_ament_install']
[3.138s] Level 1:colcon.colcon_core.package_identification:_identify(log) by extension 'ignore'
[3.138s] Level 1:colcon.colcon_core.package_identification:_identify(log) ignored
[3.138s] Level 1:colcon.colcon_core.package_identification:_identify(src) by extensions ['ignore', 'ignore_ament_install']
[3.139s] Level 1:colcon.colcon_core.package_identification:_identify(src) by extension 'ignore'
[3.139s] Level 1:colcon.colcon_core.package_identification:_identify(src) by extension 'ignore_ament_install'
[3.139s] Level 1:colcon.colcon_core.package_identification:_identify(src) by extensions ['colcon_pkg']
[3.140s] Level 1:colcon.colcon_core.package_identification:_identify(src) by extension 'colcon_pkg'
[3.140s] Level 1:colcon.colcon_core.package_identification:_identify(src) by extensions ['colcon_meta']
[3.140s] Level 1:colcon.colcon_core.package_identification:_identify(src) by extension 'colcon_meta'
[3.140s] Level 1:colcon.colcon_core.package_identification:_identify(src) by extensions ['ros']
[3.141s] Level 1:colcon.colcon_core.package_identification:_identify(src) by extension 'ros'
[3.141s] Level 1:colcon.colcon_core.package_identification:_identify(src) by extensions ['cmake', 'python']
[3.141s] Level 1:colcon.colcon_core.package_identification:_identify(src) by extension 'cmake'
[3.142s] Level 1:colcon.colcon_core.package_identification:_identify(src) by extension 'python'
[3.142s] Level 1:colcon.colcon_core.package_identification:_identify(src) by extensions ['python_setup_py']
[3.142s] Level 1:colcon.colcon_core.package_identification:_identify(src) by extension 'python_setup_py'
[3.143s] Level 1:colcon.colcon_core.package_identification:_identify(src/micro_ros_setup) by extensions ['ignore', 'ignore_ament_install']
[3.143s] Level 1:colcon.colcon_core.package_identification:_identify(src/micro_ros_setup) by extension 'ignore'
[3.144s] Level 1:colcon.colcon_core.package_identification:_identify(src/micro_ros_setup) by extension 'ignore_ament_install'
[3.144s] Level 1:colcon.colcon_core.package_identification:_identify(src/micro_ros_setup) by extensions ['colcon_pkg']
[3.144s] Level 1:colcon.colcon_core.package_identification:_identify(src/micro_ros_setup) by extension 'colcon_pkg'
[3.144s] Level 1:colcon.colcon_core.package_identification:_identify(src/micro_ros_setup) by extensions ['colcon_meta']
[3.145s] Level 1:colcon.colcon_core.package_identification:_identify(src/micro_ros_setup) by extension 'colcon_meta'
[3.145s] Level 1:colcon.colcon_core.package_identification:_identify(src/micro_ros_setup) by extensions ['ros']
[3.145s] Level 1:colcon.colcon_core.package_identification:_identify(src/micro_ros_setup) by extension 'ros'
[3.160s] DEBUG:colcon.colcon_core.package_identification:Package 'src/micro_ros_setup' with type 'ros.ament_cmake' and name 'micro_ros_setup'
[3.160s] Level 1:colcon.colcon_core.package_identification:_identify(src/uros) by extensions ['ignore', 'ignore_ament_install']
[3.161s] Level 1:colcon.colcon_core.package_identification:_identify(src/uros) by extension 'ignore'
[3.161s] Level 1:colcon.colcon_core.package_identification:_identify(src/uros) by extension 'ignore_ament_install'
[3.162s] Level 1:colcon.colcon_core.package_identification:_identify(src/uros) by extensions ['colcon_pkg']
[3.162s] Level 1:colcon.colcon_core.package_identification:_identify(src/uros) by extension 'colcon_pkg'
[3.162s] Level 1:colcon.colcon_core.package_identification:_identify(src/uros) by extensions ['colcon_meta']
[3.162s] Level 1:colcon.colcon_core.package_identification:_identify(src/uros) by extension 'colcon_meta'
[3.163s] Level 1:colcon.colcon_core.package_identification:_identify(src/uros) by extensions ['ros']
[3.163s] Level 1:colcon.colcon_core.package_identification:_identify(src/uros) by extension 'ros'
[3.163s] Level 1:colcon.colcon_core.package_identification:_identify(src/uros) by extensions ['cmake', 'python']
[3.164s] Level 1:colcon.colcon_core.package_identification:_identify(src/uros) by extension 'cmake'
[3.164s] Level 1:colcon.colcon_core.package_identification:_identify(src/uros) by extension 'python'
[3.164s] Level 1:colcon.colcon_core.package_identification:_identify(src/uros) by extensions ['python_setup_py']
[3.165s] Level 1:colcon.colcon_core.package_identification:_identify(src/uros) by extension 'python_setup_py'
[3.165s] Level 1:colcon.colcon_core.package_identification:_identify(src/uros/micro-ROS-Agent) by extensions ['ignore', 'ignore_ament_install']
[3.166s] Level 1:colcon.colcon_core.package_identification:_identify(src/uros/micro-ROS-Agent) by extension 'ignore'
[3.166s] Level 1:colcon.colcon_core.package_identification:_identify(src/uros/micro-ROS-Agent) by extension 'ignore_ament_install'
[3.166s] Level 1:colcon.colcon_core.package_identification:_identify(src/uros/micro-ROS-Agent) by extensions ['colcon_pkg']
[3.167s] Level 1:colcon.colcon_core.package_identification:_identify(src/uros/micro-ROS-Agent) by extension 'colcon_pkg'
[3.167s] Level 1:colcon.colcon_core.package_identification:_identify(src/uros/micro-ROS-Agent) by extensions ['colcon_meta']
[3.167s] Level 1:colcon.colcon_core.package_identification:_identify(src/uros/micro-ROS-Agent) by extension 'colcon_meta'
[3.167s] Level 1:colcon.colcon_core.package_identification:_identify(src/uros/micro-ROS-Agent) by extensions ['ros']
[3.168s] Level 1:colcon.colcon_core.package_identification:_identify(src/uros/micro-ROS-Agent) by extension 'ros'
[3.168s] Level 1:colcon.colcon_core.package_identification:_identify(src/uros/micro-ROS-Agent) by extensions ['cmake', 'python']
[3.168s] Level 1:colcon.colcon_core.package_identification:_identify(src/uros/micro-ROS-Agent) by extension 'cmake'
[3.169s] Level 1:colcon.colcon_core.package_identification:_identify(src/uros/micro-ROS-Agent) by extension 'python'
[3.169s] Level 1:colcon.colcon_core.package_identification:_identify(src/uros/micro-ROS-Agent) by extensions ['python_setup_py']
[3.169s] Level 1:colcon.colcon_core.package_identification:_identify(src/uros/micro-ROS-Agent) by extension 'python_setup_py'
[3.170s] Level 1:colcon.colcon_core.package_identification:_identify(src/uros/micro_ros_msgs) by extensions ['ignore', 'ignore_ament_install']
[3.170s] Level 1:colcon.colcon_core.package_identification:_identify(src/uros/micro_ros_msgs) by extension 'ignore'
[3.170s] Level 1:colcon.colcon_core.package_identification:_identify(src/uros/micro_ros_msgs) by extension 'ignore_ament_install'
[3.171s] Level 1:colcon.colcon_core.package_identification:_identify(src/uros/micro_ros_msgs) by extensions ['colcon_pkg']
[3.171s] Level 1:colcon.colcon_core.package_identification:_identify(src/uros/micro_ros_msgs) by extension 'colcon_pkg'
[3.171s] Level 1:colcon.colcon_core.package_identification:_identify(src/uros/micro_ros_msgs) by extensions ['colcon_meta']
[3.171s] Level 1:colcon.colcon_core.package_identification:_identify(src/uros/micro_ros_msgs) by extension 'colcon_meta'
[3.172s] Level 1:colcon.colcon_core.package_identification:_identify(src/uros/micro_ros_msgs) by extensions ['ros']
[3.172s] Level 1:colcon.colcon_core.package_identification:_identify(src/uros/micro_ros_msgs) by extension 'ros'
[3.172s] Level 1:colcon.colcon_core.package_identification:_identify(src/uros/micro_ros_msgs) by extensions ['cmake', 'python']
[3.173s] Level 1:colcon.colcon_core.package_identification:_identify(src/uros/micro_ros_msgs) by extension 'cmake'
[3.173s] Level 1:colcon.colcon_core.package_identification:_identify(src/uros/micro_ros_msgs) by extension 'python'
[3.173s] Level 1:colcon.colcon_core.package_identification:_identify(src/uros/micro_ros_msgs) by extensions ['python_setup_py']
[3.173s] Level 1:colcon.colcon_core.package_identification:_identify(src/uros/micro_ros_msgs) by extension 'python_setup_py'
[3.174s] Level 1:colcon.colcon_core.package_discovery:discover_packages(recursive) using defaults
[3.175s] Level 1:colcon.colcon_core.package_discovery:discover_packages(ignore) discover
[3.175s] Level 1:colcon.colcon_core.package_discovery:discover_packages(ignore) using defaults
[3.175s] Level 1:colcon.colcon_core.package_discovery:discover_packages(path) discover
[3.175s] Level 1:colcon.colcon_core.package_discovery:discover_packages(path) using defaults
[3.393s] Level 5:colcon.colcon_core.verb:set package 'micro_ros_setup' build argument 'cmake_args' from command line to '['-DUAGENT_USE_SYSTEM_LOGGER=ON']'
[3.393s] Level 5:colcon.colcon_core.verb:set package 'micro_ros_setup' build argument 'cmake_target' from command line to 'None'
[3.393s] Level 5:colcon.colcon_core.verb:set package 'micro_ros_setup' build argument 'cmake_target_skip_unavailable' from command line to 'False'
[3.393s] Level 5:colcon.colcon_core.verb:set package 'micro_ros_setup' build argument 'cmake_clean_cache' from command line to 'False'
[3.394s] Level 5:colcon.colcon_core.verb:set package 'micro_ros_setup' build argument 'cmake_clean_first' from command line to 'False'
[3.394s] Level 5:colcon.colcon_core.verb:set package 'micro_ros_setup' build argument 'cmake_force_configure' from command line to 'False'
[3.394s] Level 5:colcon.colcon_core.verb:set package 'micro_ros_setup' build argument 'ament_cmake_args' from command line to 'None'
[3.394s] Level 5:colcon.colcon_core.verb:set package 'micro_ros_setup' build argument 'catkin_cmake_args' from command line to 'None'
[3.394s] Level 5:colcon.colcon_core.verb:set package 'micro_ros_setup' build argument 'catkin_skip_building_tests' from command line to 'False'
[3.395s] DEBUG:colcon.colcon_core.verb:Building package 'micro_ros_setup' with the following arguments: {'ament_cmake_args': None, 'build_base': '/home/workspace/git/ros_ws/scripts/microros_ws/build/micro_ros_setup', 'catkin_cmake_args': None, 'catkin_skip_building_tests': False, 'cmake_args': ['-DUAGENT_USE_SYSTEM_LOGGER=ON'], 'cmake_clean_cache': False, 'cmake_clean_first': False, 'cmake_force_configure': False, 'cmake_target': None, 'cmake_target_skip_unavailable': False, 'install_base': '/home/workspace/git/ros_ws/scripts/microros_ws/install/micro_ros_setup', 'merge_install': False, 'path': '/home/workspace/git/ros_ws/scripts/microros_ws/src/micro_ros_setup', 'symlink_install': False, 'test_result_base': None}
[3.410s] INFO:colcon.colcon_core.executor:Executing jobs using 'parallel' executor
[3.495s] DEBUG:colcon.colcon_parallel_executor.executor.parallel:run_until_complete
[3.497s] INFO:colcon.colcon_ros.task.ament_cmake.build:Building ROS package in '/home/workspace/git/ros_ws/scripts/microros_ws/src/micro_ros_setup' with build type 'ament_cmake'
[3.497s] INFO:colcon.colcon_cmake.task.cmake.build:Building CMake package in '/home/workspace/git/ros_ws/scripts/microros_ws/src/micro_ros_setup'
[3.569s] INFO:colcon.colcon_core.plugin_system:Skipping extension 'colcon_core.shell.bat': Not used on non-Windows systems
[3.572s] INFO:colcon.colcon_core.shell:Skip shell extension 'powershell' for command environment: Not usable outside of PowerShell
[3.572s] DEBUG:colcon.colcon_core.shell:Skip shell extension 'dsv' for command environment
[3.716s] DEBUG:colcon.colcon_core.event_handler.log_command:Invoking command in '/home/workspace/git/ros_ws/scripts/microros_ws/build/micro_ros_setup': /usr/local/bin/cmake /home/workspace/git/ros_ws/scripts/microros_ws/src/micro_ros_setup -DUAGENT_USE_SYSTEM_LOGGER=ON -DCMAKE_INSTALL_PREFIX=/home/workspace/git/ros_ws/scripts/microros_ws/install/micro_ros_setup
[6.369s] DEBUG:colcon.colcon_core.event_handler.log_command:Invoked command in '/home/workspace/git/ros_ws/scripts/microros_ws/build/micro_ros_setup' returned '0': /usr/local/bin/cmake /home/workspace/git/ros_ws/scripts/microros_ws/src/micro_ros_setup -DUAGENT_USE_SYSTEM_LOGGER=ON -DCMAKE_INSTALL_PREFIX=/home/workspace/git/ros_ws/scripts/microros_ws/install/micro_ros_setup
[6.377s] DEBUG:colcon.colcon_core.event_handler.log_command:Invoking command in '/home/workspace/git/ros_ws/scripts/microros_ws/build/micro_ros_setup': /usr/local/bin/cmake --build /home/workspace/git/ros_ws/scripts/microros_ws/build/micro_ros_setup -- -j4 -l4
[6.639s] DEBUG:colcon.colcon_core.event_handler.log_command:Invoked command in '/home/workspace/git/ros_ws/scripts/microros_ws/build/micro_ros_setup' returned '0': /usr/local/bin/cmake --build /home/workspace/git/ros_ws/scripts/microros_ws/build/micro_ros_setup -- -j4 -l4
[7.095s] DEBUG:colcon.colcon_core.event_handler.log_command:Invoking command in '/home/workspace/git/ros_ws/scripts/microros_ws/build/micro_ros_setup': /usr/local/bin/cmake --install /home/workspace/git/ros_ws/scripts/microros_ws/build/micro_ros_setup
[7.359s] Level 1:colcon.colcon_core.environment:create_environment_scripts_only(micro_ros_setup)
[7.543s] DEBUG:colcon.colcon_core.event_handler.log_command:Invoked command in '/home/workspace/git/ros_ws/scripts/microros_ws/build/micro_ros_setup' returned '0': /usr/local/bin/cmake --install /home/workspace/git/ros_ws/scripts/microros_ws/build/micro_ros_setup
[7.575s] Level 1:colcon.colcon_core.environment:checking '/home/workspace/git/ros_ws/scripts/microros_ws/install/micro_ros_setup' for CMake module files
[7.581s] Level 1:colcon.colcon_core.environment:checking '/home/workspace/git/ros_ws/scripts/microros_ws/install/micro_ros_setup' for CMake config files
[7.587s] Level 1:colcon.colcon_core.shell:create_environment_hook('micro_ros_setup', 'cmake_prefix_path')
[7.650s] INFO:colcon.colcon_core.shell:Creating environment hook '/home/workspace/git/ros_ws/scripts/microros_ws/install/micro_ros_setup/share/micro_ros_setup/hook/cmake_prefix_path.ps1'
[7.655s] INFO:colcon.colcon_core.shell:Creating environment descriptor '/home/workspace/git/ros_ws/scripts/microros_ws/install/micro_ros_setup/share/micro_ros_setup/hook/cmake_prefix_path.dsv'
[7.658s] INFO:colcon.colcon_core.shell:Creating environment hook '/home/workspace/git/ros_ws/scripts/microros_ws/install/micro_ros_setup/share/micro_ros_setup/hook/cmake_prefix_path.sh'
[7.672s] Level 1:colcon.colcon_core.environment:checking '/home/workspace/git/ros_ws/scripts/microros_ws/install/micro_ros_setup/lib'
[7.674s] Level 1:colcon.colcon_core.environment:checking '/home/workspace/git/ros_ws/scripts/microros_ws/install/micro_ros_setup/bin'
[7.676s] Level 1:colcon.colcon_core.environment:checking '/home/workspace/git/ros_ws/scripts/microros_ws/install/micro_ros_setup/lib/pkgconfig/micro_ros_setup.pc'
[7.678s] Level 1:colcon.colcon_core.environment:checking '/home/workspace/git/ros_ws/scripts/microros_ws/install/micro_ros_setup/lib/python3.6/site-packages'
[7.680s] Level 1:colcon.colcon_core.environment:checking '/home/workspace/git/ros_ws/scripts/microros_ws/install/micro_ros_setup/bin'
[7.738s] INFO:colcon.colcon_core.shell:Creating package script '/home/workspace/git/ros_ws/scripts/microros_ws/install/micro_ros_setup/share/micro_ros_setup/package.ps1'
[7.745s] INFO:colcon.colcon_core.shell:Creating package descriptor '/home/workspace/git/ros_ws/scripts/microros_ws/install/micro_ros_setup/share/micro_ros_setup/package.dsv'
[7.754s] INFO:colcon.colcon_core.shell:Creating package script '/home/workspace/git/ros_ws/scripts/microros_ws/install/micro_ros_setup/share/micro_ros_setup/package.sh'
[7.762s] INFO:colcon.colcon_core.shell:Creating package script '/home/workspace/git/ros_ws/scripts/microros_ws/install/micro_ros_setup/share/micro_ros_setup/package.bash'
[7.769s] INFO:colcon.colcon_core.shell:Creating package script '/home/workspace/git/ros_ws/scripts/microros_ws/install/micro_ros_setup/share/micro_ros_setup/package.zsh'
[7.774s] Level 1:colcon.colcon_core.environment:create_file_with_runtime_dependencies(/home/workspace/git/ros_ws/scripts/microros_ws/install/micro_ros_setup/share/colcon-core/packages/micro_ros_setup)
[8.186s] Level 1:colcon.colcon_core.environment:create_environment_scripts_only(micro_ros_setup)
[8.258s] Level 1:colcon.colcon_core.environment:checking '/home/workspace/git/ros_ws/scripts/microros_ws/install/micro_ros_setup' for CMake module files
[8.263s] Level 1:colcon.colcon_core.environment:checking '/home/workspace/git/ros_ws/scripts/microros_ws/install/micro_ros_setup' for CMake config files
[8.270s] Level 1:colcon.colcon_core.shell:create_environment_hook('micro_ros_setup', 'cmake_prefix_path')
[8.316s] INFO:colcon.colcon_core.shell:Creating environment hook '/home/workspace/git/ros_ws/scripts/microros_ws/install/micro_ros_setup/share/micro_ros_setup/hook/cmake_prefix_path.ps1'
[8.319s] INFO:colcon.colcon_core.shell:Creating environment descriptor '/home/workspace/git/ros_ws/scripts/microros_ws/install/micro_ros_setup/share/micro_ros_setup/hook/cmake_prefix_path.dsv'
[8.321s] INFO:colcon.colcon_core.shell:Creating environment hook '/home/workspace/git/ros_ws/scripts/microros_ws/install/micro_ros_setup/share/micro_ros_setup/hook/cmake_prefix_path.sh'
[8.326s] Level 1:colcon.colcon_core.environment:checking '/home/workspace/git/ros_ws/scripts/microros_ws/install/micro_ros_setup/lib'
[8.327s] Level 1:colcon.colcon_core.environment:checking '/home/workspace/git/ros_ws/scripts/microros_ws/install/micro_ros_setup/bin'
[8.328s] Level 1:colcon.colcon_core.environment:checking '/home/workspace/git/ros_ws/scripts/microros_ws/install/micro_ros_setup/lib/pkgconfig/micro_ros_setup.pc'
[8.329s] Level 1:colcon.colcon_core.environment:checking '/home/workspace/git/ros_ws/scripts/microros_ws/install/micro_ros_setup/lib/python3.6/site-packages'
[8.330s] Level 1:colcon.colcon_core.environment:checking '/home/workspace/git/ros_ws/scripts/microros_ws/install/micro_ros_setup/bin'
[8.377s] INFO:colcon.colcon_core.shell:Creating package script '/home/workspace/git/ros_ws/scripts/microros_ws/install/micro_ros_setup/share/micro_ros_setup/package.ps1'
[8.381s] INFO:colcon.colcon_core.shell:Creating package descriptor '/home/workspace/git/ros_ws/scripts/microros_ws/install/micro_ros_setup/share/micro_ros_setup/package.dsv'
[8.384s] INFO:colcon.colcon_core.shell:Creating package script '/home/workspace/git/ros_ws/scripts/microros_ws/install/micro_ros_setup/share/micro_ros_setup/package.sh'
[8.387s] INFO:colcon.colcon_core.shell:Creating package script '/home/workspace/git/ros_ws/scripts/microros_ws/install/micro_ros_setup/share/micro_ros_setup/package.bash'
[8.389s] INFO:colcon.colcon_core.shell:Creating package script '/home/workspace/git/ros_ws/scripts/microros_ws/install/micro_ros_setup/share/micro_ros_setup/package.zsh'
[8.392s] Level 1:colcon.colcon_core.environment:create_file_with_runtime_dependencies(/home/workspace/git/ros_ws/scripts/microros_ws/install/micro_ros_setup/share/colcon-core/packages/micro_ros_setup)
[8.393s] DEBUG:colcon.colcon_parallel_executor.executor.parallel:closing loop
[8.395s] DEBUG:colcon.colcon_parallel_executor.executor.parallel:loop closed
[8.403s] DEBUG:colcon.colcon_parallel_executor.executor.parallel:run_until_complete finished with '0'
[8.404s] DEBUG:colcon.colcon_core.event_reactor:joining thread
[8.444s] INFO:colcon.colcon_core.plugin_system:Skipping extension 'colcon_notification.desktop_notification.notify_send': Could not find 'notify-send'
[8.445s] INFO:colcon.colcon_core.plugin_system:Skipping extension 'colcon_notification.desktop_notification.terminal_notifier': Not used on non-Darwin systems
[8.445s] INFO:colcon.colcon_core.plugin_system:Skipping extension 'colcon_notification.desktop_notification.win32': Not used on non-Windows systems
[8.445s] INFO:colcon.colcon_notification.desktop_notification:Sending desktop notification using 'notify2'
[8.446s] DEBUG:colcon.colcon_notification.desktop_notification.notify2:Failed to initialize notify2: org.freedesktop.DBus.Error.InvalidFileContent: D-Bus library appears to be incorrectly set up: see the manual page for dbus-uuidgen to correct this issue. (Failed to open "/var/lib/dbus/machine-id": No such file or directory; UUID file '/etc/machine-id' should contain a hex string of length 32, not length 0, with no other text)
[8.446s] DEBUG:colcon.colcon_core.event_reactor:joined thread
[8.501s] INFO:colcon.colcon_core.shell:Creating prefix script '/home/workspace/git/ros_ws/scripts/microros_ws/install/local_setup.ps1'
[8.509s] INFO:colcon.colcon_core.shell:Creating prefix util module '/home/workspace/git/ros_ws/scripts/microros_ws/install/_local_setup_util_ps1.py'
[8.523s] INFO:colcon.colcon_core.shell:Creating prefix chain script '/home/workspace/git/ros_ws/scripts/microros_ws/install/setup.ps1'
[8.541s] INFO:colcon.colcon_core.shell:Creating prefix script '/home/workspace/git/ros_ws/scripts/microros_ws/install/local_setup.sh'
[8.548s] INFO:colcon.colcon_core.shell:Creating prefix util module '/home/workspace/git/ros_ws/scripts/microros_ws/install/_local_setup_util_sh.py'
[8.552s] INFO:colcon.colcon_core.shell:Creating prefix chain script '/home/workspace/git/ros_ws/scripts/microros_ws/install/setup.sh'
[8.572s] INFO:colcon.colcon_core.shell:Creating prefix script '/home/workspace/git/ros_ws/scripts/microros_ws/install/local_setup.bash'
[8.576s] INFO:colcon.colcon_core.shell:Creating prefix chain script '/home/workspace/git/ros_ws/scripts/microros_ws/install/setup.bash'
[8.597s] INFO:colcon.colcon_core.shell:Creating prefix script '/home/workspace/git/ros_ws/scripts/microros_ws/install/local_setup.zsh'
[8.602s] INFO:colcon.colcon_core.shell:Creating prefix chain script '/home/workspace/git/ros_ws/scripts/microros_ws/install/setup.zsh'
