[0.329s] Invoking command in '/home/amruth/Documents/git/ros_ws/WS/build/my_cpp_pkg': CMAKE_PREFIX_PATH=${CMAKE_PREFIX_PATH}:/home/amruth/Documents/git/ros_ws/WS/install/my_py_pkg_2:/home/amruth/Documents/git/ros_ws/WS/install/my_py_pkg:/home/amruth/Documents/git/microros_ws/install/sensor_msgs_py:/opt/ros/humble /usr/bin/cmake --build /home/amruth/Documents/git/ros_ws/WS/build/my_cpp_pkg -- -j16 -l16
[1.288s] [ 66%] Built target cpp_node_1
[1.289s] [ 66%] Built target cpp_node_3
[1.289s] [100%] Built target cpp_node_2
[1.297s] Invoked command in '/home/amruth/Documents/git/ros_ws/WS/build/my_cpp_pkg' returned '0': CMAKE_PREFIX_PATH=${CMAKE_PREFIX_PATH}:/home/amruth/Documents/git/ros_ws/WS/install/my_py_pkg_2:/home/amruth/Documents/git/ros_ws/WS/install/my_py_pkg:/home/amruth/Documents/git/microros_ws/install/sensor_msgs_py:/opt/ros/humble /usr/bin/cmake --build /home/amruth/Documents/git/ros_ws/WS/build/my_cpp_pkg -- -j16 -l16
[1.351s] Invoking command in '/home/amruth/Documents/git/ros_ws/WS/build/my_cpp_pkg': CMAKE_PREFIX_PATH=${CMAKE_PREFIX_PATH}:/home/amruth/Documents/git/ros_ws/WS/install/my_py_pkg_2:/home/amruth/Documents/git/ros_ws/WS/install/my_py_pkg:/home/amruth/Documents/git/microros_ws/install/sensor_msgs_py:/opt/ros/humble /usr/bin/cmake --install /home/amruth/Documents/git/ros_ws/WS/build/my_cpp_pkg
[1.360s] -- Install configuration: ""
[1.360s] -- Execute custom install script
[1.360s] -- Up-to-date symlink: /home/amruth/Documents/git/ros_ws/WS/install/my_cpp_pkg/lib/my_cpp_pkg/cpp_node_1
[1.361s] -- Up-to-date symlink: /home/amruth/Documents/git/ros_ws/WS/install/my_cpp_pkg/lib/my_cpp_pkg/cpp_node_2
[1.361s] -- Up-to-date symlink: /home/amruth/Documents/git/ros_ws/WS/install/my_cpp_pkg/lib/my_cpp_pkg/cpp_node_3
[1.361s] -- Up-to-date symlink: /home/amruth/Documents/git/ros_ws/WS/install/my_cpp_pkg/share/ament_index/resource_index/package_run_dependencies/my_cpp_pkg
[1.362s] -- Up-to-date symlink: /home/amruth/Documents/git/ros_ws/WS/install/my_cpp_pkg/share/ament_index/resource_index/parent_prefix_path/my_cpp_pkg
[1.362s] -- Up-to-date symlink: /home/amruth/Documents/git/ros_ws/WS/install/my_cpp_pkg/share/my_cpp_pkg/environment/ament_prefix_path.sh
[1.362s] -- Up-to-date symlink: /home/amruth/Documents/git/ros_ws/WS/install/my_cpp_pkg/share/my_cpp_pkg/environment/ament_prefix_path.dsv
[1.362s] -- Up-to-date symlink: /home/amruth/Documents/git/ros_ws/WS/install/my_cpp_pkg/share/my_cpp_pkg/environment/path.sh
[1.362s] -- Up-to-date symlink: /home/amruth/Documents/git/ros_ws/WS/install/my_cpp_pkg/share/my_cpp_pkg/environment/path.dsv
[1.363s] -- Up-to-date symlink: /home/amruth/Documents/git/ros_ws/WS/install/my_cpp_pkg/share/my_cpp_pkg/local_setup.bash
[1.363s] -- Up-to-date symlink: /home/amruth/Documents/git/ros_ws/WS/install/my_cpp_pkg/share/my_cpp_pkg/local_setup.sh
[1.363s] -- Up-to-date symlink: /home/amruth/Documents/git/ros_ws/WS/install/my_cpp_pkg/share/my_cpp_pkg/local_setup.zsh
[1.363s] -- Up-to-date symlink: /home/amruth/Documents/git/ros_ws/WS/install/my_cpp_pkg/share/my_cpp_pkg/local_setup.dsv
[1.364s] -- Symlinking: /home/amruth/Documents/git/ros_ws/WS/install/my_cpp_pkg/share/my_cpp_pkg/package.dsv
[1.377s] -- Up-to-date symlink: /home/amruth/Documents/git/ros_ws/WS/install/my_cpp_pkg/share/ament_index/resource_index/packages/my_cpp_pkg
[1.378s] -- Up-to-date symlink: /home/amruth/Documents/git/ros_ws/WS/install/my_cpp_pkg/share/my_cpp_pkg/cmake/my_cpp_pkgConfig.cmake
[1.378s] -- Up-to-date symlink: /home/amruth/Documents/git/ros_ws/WS/install/my_cpp_pkg/share/my_cpp_pkg/cmake/my_cpp_pkgConfig-version.cmake
[1.378s] -- Up-to-date symlink: /home/amruth/Documents/git/ros_ws/WS/install/my_cpp_pkg/share/my_cpp_pkg/package.xml
[1.380s] Invoked command in '/home/amruth/Documents/git/ros_ws/WS/build/my_cpp_pkg' returned '0': CMAKE_PREFIX_PATH=${CMAKE_PREFIX_PATH}:/home/amruth/Documents/git/ros_ws/WS/install/my_py_pkg_2:/home/amruth/Documents/git/ros_ws/WS/install/my_py_pkg:/home/amruth/Documents/git/microros_ws/install/sensor_msgs_py:/opt/ros/humble /usr/bin/cmake --install /home/amruth/Documents/git/ros_ws/WS/build/my_cpp_pkg
