[0.014s] Invoking command in '/home/ros_ws/build/my_cpp_pkg': /usr/bin/cmake /home/ros_ws/src/my_cpp_pkg -DCMAKE_INSTALL_PREFIX=/home/ros_ws/install/my_cpp_pkg
[0.045s] CMake Error at CMakeLists.txt:19 (find_package):
[0.045s]   By not providing "Findament_cmake.cmake" in CMAKE_MODULE_PATH this project
[0.045s]   has asked CMake to find a package configuration file provided by
[0.046s]   "ament_cmake", but CMake did not find one.
[0.046s] 
[0.046s]   Could not find a package configuration file provided by "ament_cmake" with
[0.046s]   any of the following names:
[0.046s] 
[0.046s]     ament_cmakeConfig.cmake
[0.046s]     ament_cmake-config.cmake
[0.046s] 
[0.046s]   Add the installation prefix of "ament_cmake" to CMAKE_PREFIX_PATH or set
[0.047s]   "ament_cmake_DIR" to a directory containing one of the above files.  If
[0.047s]   "ament_cmake" provides a separate development package or SDK, be sure it
[0.047s]   has been installed.
[0.047s] 
[0.047s] 
[0.048s] -- Configuring incomplete, errors occurred!
[0.048s] See also "/home/ros_ws/build/my_cpp_pkg/CMakeFiles/CMakeOutput.log".
[0.048s] Invoked command in '/home/ros_ws/build/my_cpp_pkg' returned '1': /usr/bin/cmake /home/ros_ws/src/my_cpp_pkg -DCMAKE_INSTALL_PREFIX=/home/ros_ws/install/my_cpp_pkg
