-- Found ament_cmake: 0.9.11 (/opt/ros/foxy/share/ament_cmake/cmake)
-- Using PYTHON_EXECUTABLE: /usr/bin/python3
-- Found rclcpp: 2.4.2 (/opt/ros/foxy/share/rclcpp/cmake)
-- Using all available rosidl_typesupport_c: rosidl_typesupport_fastrtps_c;rosidl_typesupport_introspection_c
-- Found rosidl_adapter: 1.3.0 (/opt/ros/foxy/share/rosidl_adapter/cmake)
-- Using all available rosidl_typesupport_cpp: rosidl_typesupport_fastrtps_cpp;rosidl_typesupport_introspection_cpp
-- Found rmw_implementation_cmake: 1.0.3 (/opt/ros/foxy/share/rmw_implementation_cmake/cmake)
-- Using RMW implementation 'rmw_fastrtps_cpp' as default
-- Found example_interfaces: 0.9.1 (/opt/ros/foxy/share/example_interfaces/cmake)
-- Configuring done
-- Generating done
-- Build files have been written to: /home/ros_ws/build/my_cpp_pkg
[35m[1mScanning dependencies of target smartphone[0m
[35m[1mScanning dependencies of target cpp_node[0m
[35m[1mScanning dependencies of target robot_news_station[0m
[ 16%] Built target add_two_ints_server
[ 33%] Built target add_two_ints_client_no_oop
[ 41%] [32mBuilding CXX object CMakeFiles/cpp_node.dir/src/my_first_node.cpp.o[0m
[ 50%] [32mBuilding CXX object CMakeFiles/robot_news_station.dir/src/robot_news_station.cpp.o[0m
[ 58%] [32mBuilding CXX object CMakeFiles/smartphone.dir/src/smartphone.cpp.o[0m
[ 75%] Built target add_two_ints_client
[ 83%] [32m[1mLinking CXX executable cpp_node[0m
[ 83%] Built target cpp_node
[ 91%] [32m[1mLinking CXX executable robot_news_station[0m
[ 91%] Built target robot_news_station
[100%] [32m[1mLinking CXX executable smartphone[0m
[100%] Built target smartphone
-- Install configuration: ""
-- Installing: /home/ros_ws/install/my_cpp_pkg/lib/my_cpp_pkg/cpp_node
-- Set runtime path of "/home/ros_ws/install/my_cpp_pkg/lib/my_cpp_pkg/cpp_node" to ""
-- Installing: /home/ros_ws/install/my_cpp_pkg/lib/my_cpp_pkg/robot_news_station
-- Set runtime path of "/home/ros_ws/install/my_cpp_pkg/lib/my_cpp_pkg/robot_news_station" to ""
-- Installing: /home/ros_ws/install/my_cpp_pkg/lib/my_cpp_pkg/smartphone
-- Set runtime path of "/home/ros_ws/install/my_cpp_pkg/lib/my_cpp_pkg/smartphone" to ""
-- Up-to-date: /home/ros_ws/install/my_cpp_pkg/lib/my_cpp_pkg/add_two_ints_client_no_oop
-- Up-to-date: /home/ros_ws/install/my_cpp_pkg/lib/my_cpp_pkg/add_two_ints_client
-- Up-to-date: /home/ros_ws/install/my_cpp_pkg/lib/my_cpp_pkg/add_two_ints_server
-- Up-to-date: /home/ros_ws/install/my_cpp_pkg/share/ament_index/resource_index/package_run_dependencies/my_cpp_pkg
-- Up-to-date: /home/ros_ws/install/my_cpp_pkg/share/ament_index/resource_index/parent_prefix_path/my_cpp_pkg
-- Up-to-date: /home/ros_ws/install/my_cpp_pkg/share/my_cpp_pkg/environment/ament_prefix_path.sh
-- Installing: /home/ros_ws/install/my_cpp_pkg/share/my_cpp_pkg/environment/ament_prefix_path.dsv
-- Up-to-date: /home/ros_ws/install/my_cpp_pkg/share/my_cpp_pkg/environment/path.sh
-- Installing: /home/ros_ws/install/my_cpp_pkg/share/my_cpp_pkg/environment/path.dsv
-- Up-to-date: /home/ros_ws/install/my_cpp_pkg/share/my_cpp_pkg/local_setup.bash
-- Up-to-date: /home/ros_ws/install/my_cpp_pkg/share/my_cpp_pkg/local_setup.sh
-- Up-to-date: /home/ros_ws/install/my_cpp_pkg/share/my_cpp_pkg/local_setup.zsh
-- Installing: /home/ros_ws/install/my_cpp_pkg/share/my_cpp_pkg/local_setup.dsv
-- Installing: /home/ros_ws/install/my_cpp_pkg/share/my_cpp_pkg/package.dsv
-- Up-to-date: /home/ros_ws/install/my_cpp_pkg/share/ament_index/resource_index/packages/my_cpp_pkg
-- Up-to-date: /home/ros_ws/install/my_cpp_pkg/share/my_cpp_pkg/cmake/my_cpp_pkgConfig.cmake
-- Up-to-date: /home/ros_ws/install/my_cpp_pkg/share/my_cpp_pkg/cmake/my_cpp_pkgConfig-version.cmake
-- Up-to-date: /home/ros_ws/install/my_cpp_pkg/share/my_cpp_pkg/package.xml
