running egg_info
writing ../../build/delbot_controller/delbot_controller.egg-info/PKG-INFO
writing dependency_links to ../../build/delbot_controller/delbot_controller.egg-info/dependency_links.txt
writing entry points to ../../build/delbot_controller/delbot_controller.egg-info/entry_points.txt
writing requirements to ../../build/delbot_controller/delbot_controller.egg-info/requires.txt
writing top-level names to ../../build/delbot_controller/delbot_controller.egg-info/top_level.txt
reading manifest file '../../build/delbot_controller/delbot_controller.egg-info/SOURCES.txt'
writing manifest file '../../build/delbot_controller/delbot_controller.egg-info/SOURCES.txt'
running build
running build_py
copying delbot_controller/joy_control.py -> /home/workspace/ros_ws/build/delbot_controller/build/lib/delbot_controller
running install
running install_lib
copying /home/workspace/ros_ws/build/delbot_controller/build/lib/delbot_controller/joy_control.py -> /home/workspace/ros_ws/install/delbot_controller/lib/python3.8/site-packages/delbot_controller
byte-compiling /home/workspace/ros_ws/install/delbot_controller/lib/python3.8/site-packages/delbot_controller/joy_control.py to joy_control.cpython-38.pyc
running install_data
running install_egg_info
removing '/home/workspace/ros_ws/install/delbot_controller/lib/python3.8/site-packages/delbot_controller-0.0.0-py3.8.egg-info' (and everything under it)
Copying ../../build/delbot_controller/delbot_controller.egg-info to /home/workspace/ros_ws/install/delbot_controller/lib/python3.8/site-packages/delbot_controller-0.0.0-py3.8.egg-info
running install_scripts
Installing draw_circle script to /home/workspace/ros_ws/install/delbot_controller/lib/delbot_controller
Installing joy_controller script to /home/workspace/ros_ws/install/delbot_controller/lib/delbot_controller
Installing joy_simulator script to /home/workspace/ros_ws/install/delbot_controller/lib/delbot_controller
Installing pose_subscriber script to /home/workspace/ros_ws/install/delbot_controller/lib/delbot_controller
Installing test_node script to /home/workspace/ros_ws/install/delbot_controller/lib/delbot_controller
Installing turtle_controller script to /home/workspace/ros_ws/install/delbot_controller/lib/delbot_controller
writing list of installed files to '/home/workspace/ros_ws/build/delbot_controller/install.log'
