[0.450s] Invoking command in '/home/workspace/ros_ws/src/delbot_controller': PYTHONPATH=/home/workspace/ros_ws/build/delbot_controller/prefix_override:/home/workspace/ros_ws/install/delbot_controller/lib/python3.8/site-packages:${PYTHONPATH} /usr/bin/python3 setup.py egg_info --egg-base ../../build/delbot_controller build --build-base /home/workspace/ros_ws/build/delbot_controller/build install --record /home/workspace/ros_ws/build/delbot_controller/install.log --install-scripts $base/lib/delbot_controller --single-version-externally-managed
[0.596s] running egg_info
[0.596s] writing ../../build/delbot_controller/delbot_controller.egg-info/PKG-INFO
[0.596s] writing dependency_links to ../../build/delbot_controller/delbot_controller.egg-info/dependency_links.txt
[0.597s] writing entry points to ../../build/delbot_controller/delbot_controller.egg-info/entry_points.txt
[0.597s] writing requirements to ../../build/delbot_controller/delbot_controller.egg-info/requires.txt
[0.597s] writing top-level names to ../../build/delbot_controller/delbot_controller.egg-info/top_level.txt
[0.624s] reading manifest file '../../build/delbot_controller/delbot_controller.egg-info/SOURCES.txt'
[0.625s] writing manifest file '../../build/delbot_controller/delbot_controller.egg-info/SOURCES.txt'
[0.625s] running build
[0.625s] running build_py
[0.625s] copying delbot_controller/joy_control.py -> /home/workspace/ros_ws/build/delbot_controller/build/lib/delbot_controller
[0.626s] running install
[0.626s] running install_lib
[0.627s] copying /home/workspace/ros_ws/build/delbot_controller/build/lib/delbot_controller/joy_control.py -> /home/workspace/ros_ws/install/delbot_controller/lib/python3.8/site-packages/delbot_controller
[0.627s] byte-compiling /home/workspace/ros_ws/install/delbot_controller/lib/python3.8/site-packages/delbot_controller/joy_control.py to joy_control.cpython-38.pyc
[0.629s] running install_data
[0.629s] running install_egg_info
[0.630s] removing '/home/workspace/ros_ws/install/delbot_controller/lib/python3.8/site-packages/delbot_controller-0.0.0-py3.8.egg-info' (and everything under it)
[0.631s] Copying ../../build/delbot_controller/delbot_controller.egg-info to /home/workspace/ros_ws/install/delbot_controller/lib/python3.8/site-packages/delbot_controller-0.0.0-py3.8.egg-info
[0.631s] running install_scripts
[0.644s] Installing draw_circle script to /home/workspace/ros_ws/install/delbot_controller/lib/delbot_controller
[0.645s] Installing joy_controller script to /home/workspace/ros_ws/install/delbot_controller/lib/delbot_controller
[0.645s] Installing joy_simulator script to /home/workspace/ros_ws/install/delbot_controller/lib/delbot_controller
[0.645s] Installing pose_subscriber script to /home/workspace/ros_ws/install/delbot_controller/lib/delbot_controller
[0.645s] Installing test_node script to /home/workspace/ros_ws/install/delbot_controller/lib/delbot_controller
[0.645s] Installing turtle_controller script to /home/workspace/ros_ws/install/delbot_controller/lib/delbot_controller
[0.646s] writing list of installed files to '/home/workspace/ros_ws/build/delbot_controller/install.log'
[0.667s] Invoked command in '/home/workspace/ros_ws/src/delbot_controller' returned '0': PYTHONPATH=/home/workspace/ros_ws/build/delbot_controller/prefix_override:/home/workspace/ros_ws/install/delbot_controller/lib/python3.8/site-packages:${PYTHONPATH} /usr/bin/python3 setup.py egg_info --egg-base ../../build/delbot_controller build --build-base /home/workspace/ros_ws/build/delbot_controller/build install --record /home/workspace/ros_ws/build/delbot_controller/install.log --install-scripts $base/lib/delbot_controller --single-version-externally-managed
