-- Found ament_cmake: 0.9.11 (/opt/ros/foxy/share/ament_cmake/cmake)
-- Using PYTHON_EXECUTABLE: /usr/bin/python3
-- Found rclcpp: 2.4.2 (/opt/ros/foxy/share/rclcpp/cmake)
-- Using all available rosidl_typesupport_c: rosidl_typesupport_fastrtps_c;rosidl_typesupport_introspection_c
-- Found rosidl_adapter: 1.3.0 (/opt/ros/foxy/share/rosidl_adapter/cmake)
-- Found OpenSSL: /usr/lib/x86_64-linux-gnu/libcrypto.so (found version "1.1.1f")  
-- Found FastRTPS: /opt/ros/foxy/include  
-- Using all available rosidl_typesupport_cpp: rosidl_typesupport_fastrtps_cpp;rosidl_typesupport_introspection_cpp
-- Found rmw_implementation_cmake: 1.0.3 (/opt/ros/foxy/share/rmw_implementation_cmake/cmake)
-- Using RMW implementation 'rmw_fastrtps_cpp' as default
-- Looking for pthread.h
-- Looking for pthread.h - found
-- Performing Test CMAKE_HAVE_LIBC_PTHREAD
-- Performing Test CMAKE_HAVE_LIBC_PTHREAD - Failed
-- Looking for pthread_create in pthreads
-- Looking for pthread_create in pthreads - not found
-- Looking for pthread_create in pthread
-- Looking for pthread_create in pthread - found
-- Found Threads: TRUE  
-- Found bat_led_interfaces: 0.0.0 (/home/ros_ws/install/bat_led_interfaces/share/bat_led_interfaces/cmake)
CMake Error at /opt/ros/foxy/share/ament_cmake_core/cmake/environment_hooks/ament_environment_hooks.cmake:29 (message):
  ament_environment_hooks() must be called before
  ament_generate_package_environment() (which is invoked by ament_package())
Call Stack (most recent call first):
  /opt/ros/foxy/share/ament_cmake_core/cmake/environment_hooks/ament_cmake_environment_hooks_package_hook.cmake:20 (ament_environment_hooks)
  /opt/ros/foxy/share/ament_cmake_core/cmake/core/ament_execute_extensions.cmake:48 (include)
  /opt/ros/foxy/share/ament_cmake_core/cmake/core/ament_package.cmake:66 (ament_execute_extensions)
  CMakeLists.txt:34 (ament_package)


-- Configuring incomplete, errors occurred!
See also "/home/ros_ws/build/batt_led/CMakeFiles/CMakeOutput.log".
See also "/home/ros_ws/build/batt_led/CMakeFiles/CMakeError.log".
make: *** [Makefile:222: cmake_check_build_system] Error 1
