[0.041s] Invoking command in '/home/ros_ws/build/batt_led': AMENT_PREFIX_PATH=/home/ros_ws/install/bat_led_interfaces:${AMENT_PREFIX_PATH} CMAKE_PREFIX_PATH=/home/ros_ws/install/bat_led_interfaces:/home/ros_ws/install/my_robot_interfaces:/home/ros_ws/install/my_cpp_pkg:/home/ros_ws/install/my_py_pkg:/opt/ros/foxy LD_LIBRARY_PATH=/home/ros_ws/install/bat_led_interfaces/lib:${LD_LIBRARY_PATH} PYTHONPATH=/home/ros_ws/install/bat_led_interfaces/lib/python3.8/site-packages:${PYTHONPATH} /usr/bin/cmake --build /home/ros_ws/build/batt_led -- -j16 -l16
[0.060s] -- Found ament_cmake: 0.9.11 (/opt/ros/foxy/share/ament_cmake/cmake)
[0.080s] -- Using PYTHON_EXECUTABLE: /usr/bin/python3
[0.228s] -- Found rclcpp: 2.4.2 (/opt/ros/foxy/share/rclcpp/cmake)
[0.279s] -- Using all available rosidl_typesupport_c: rosidl_typesupport_fastrtps_c;rosidl_typesupport_introspection_c
[0.288s] -- Found rosidl_adapter: 1.3.0 (/opt/ros/foxy/share/rosidl_adapter/cmake)
[0.378s] -- Found OpenSSL: /usr/lib/x86_64-linux-gnu/libcrypto.so (found version "1.1.1f")  
[0.415s] -- Found FastRTPS: /opt/ros/foxy/include  
[0.500s] -- Using all available rosidl_typesupport_cpp: rosidl_typesupport_fastrtps_cpp;rosidl_typesupport_introspection_cpp
[0.550s] -- Found rmw_implementation_cmake: 1.0.3 (/opt/ros/foxy/share/rmw_implementation_cmake/cmake)
[0.551s] -- Using RMW implementation 'rmw_fastrtps_cpp' as default
[0.562s] -- Looking for pthread.h
[0.647s] -- Looking for pthread.h - found
[0.647s] -- Performing Test CMAKE_HAVE_LIBC_PTHREAD
[0.732s] -- Performing Test CMAKE_HAVE_LIBC_PTHREAD - Failed
[0.733s] -- Looking for pthread_create in pthreads
[0.815s] -- Looking for pthread_create in pthreads - not found
[0.815s] -- Looking for pthread_create in pthread
[0.916s] -- Looking for pthread_create in pthread - found
[0.916s] -- Found Threads: TRUE  
[1.052s] -- Found bat_led_interfaces: 0.0.0 (/home/ros_ws/install/bat_led_interfaces/share/bat_led_interfaces/cmake)
[1.133s] CMake Error at /opt/ros/foxy/share/ament_cmake_core/cmake/environment_hooks/ament_environment_hooks.cmake:29 (message):
[1.133s]   ament_environment_hooks() must be called before
[1.134s]   ament_generate_package_environment() (which is invoked by ament_package())
[1.134s] Call Stack (most recent call first):
[1.134s]   /opt/ros/foxy/share/ament_cmake_core/cmake/environment_hooks/ament_cmake_environment_hooks_package_hook.cmake:20 (ament_environment_hooks)
[1.134s]   /opt/ros/foxy/share/ament_cmake_core/cmake/core/ament_execute_extensions.cmake:48 (include)
[1.134s]   /opt/ros/foxy/share/ament_cmake_core/cmake/core/ament_package.cmake:66 (ament_execute_extensions)
[1.134s]   CMakeLists.txt:34 (ament_package)
[1.135s] 
[1.135s] 
[1.135s] -- Configuring incomplete, errors occurred!
[1.135s] See also "/home/ros_ws/build/batt_led/CMakeFiles/CMakeOutput.log".
[1.135s] See also "/home/ros_ws/build/batt_led/CMakeFiles/CMakeError.log".
[1.138s] make: *** [Makefile:222: cmake_check_build_system] Error 1
[1.140s] Invoked command in '/home/ros_ws/build/batt_led' returned '2': AMENT_PREFIX_PATH=/home/ros_ws/install/bat_led_interfaces:${AMENT_PREFIX_PATH} CMAKE_PREFIX_PATH=/home/ros_ws/install/bat_led_interfaces:/home/ros_ws/install/my_robot_interfaces:/home/ros_ws/install/my_cpp_pkg:/home/ros_ws/install/my_py_pkg:/opt/ros/foxy LD_LIBRARY_PATH=/home/ros_ws/install/bat_led_interfaces/lib:${LD_LIBRARY_PATH} PYTHONPATH=/home/ros_ws/install/bat_led_interfaces/lib/python3.8/site-packages:${PYTHONPATH} /usr/bin/cmake --build /home/ros_ws/build/batt_led -- -j16 -l16
