[0.364s] Invoking command in '/home/amruth/Documents/git/ros_ws/WS/build/turtlesim': CMAKE_PREFIX_PATH=${CMAKE_PREFIX_PATH}:/home/amruth/Documents/git/ros_ws/WS/install/my_py_pkg:/home/amruth/Documents/git/microros_ws/install/sensor_msgs_py:/opt/ros/humble /usr/bin/cmake --build /home/amruth/Documents/git/ros_ws/WS/build/turtlesim -- -j16 -l16
[0.398s] -- Found ament_cmake: 1.3.4 (/opt/ros/humble/share/ament_cmake/cmake)
[0.567s] -- Found ament_index_cpp: 1.4.0 (/opt/ros/humble/share/ament_index_cpp/cmake)
[0.568s] -- Found geometry_msgs: 4.2.3 (/home/amruth/Documents/git/microros_ws/install/geometry_msgs/share/geometry_msgs/cmake)
[0.593s] -- Found rosidl_generator_c: 3.1.4 (/opt/ros/humble/share/rosidl_generator_c/cmake)
[0.594s] -- Found rosidl_adapter: 3.1.4 (/opt/ros/humble/share/rosidl_adapter/cmake)
[0.600s] -- Found rosidl_generator_cpp: 3.1.4 (/opt/ros/humble/share/rosidl_generator_cpp/cmake)
[0.611s] -- Using all available rosidl_typesupport_c: rosidl_typesupport_microxrcedds_c;rosidl_typesupport_fastrtps_c;rosidl_typesupport_introspection_c
[0.631s] -- Using all available rosidl_typesupport_cpp: rosidl_typesupport_microxrcedds_cpp;rosidl_typesupport_fastrtps_cpp;rosidl_typesupport_introspection_cpp
[0.746s] -- Found rclcpp: 16.0.4 (/opt/ros/humble/share/rclcpp/cmake)
[0.786s] -- Found rmw_implementation_cmake: 6.1.1 (/opt/ros/humble/share/rmw_implementation_cmake/cmake)
[0.789s] -- Found rmw_cyclonedds_cpp: 1.3.4 (/opt/ros/humble/share/rmw_cyclonedds_cpp/cmake)
[0.814s] -- Using RMW implementation 'rmw_cyclonedds_cpp' as default
[0.928s] -- Found rclcpp_action: 16.0.4 (/opt/ros/humble/share/rclcpp_action/cmake)
[1.008s] -- Found std_srvs: 4.2.3 (/home/amruth/Documents/git/microros_ws/install/std_srvs/share/std_srvs/cmake)
[1.348s] -- Found ament_cmake_ros: 0.10.0 (/opt/ros/humble/share/ament_cmake_ros/cmake)
[1.856s] -- Using all available rosidl_typesupport_c: rosidl_typesupport_microxrcedds_c;rosidl_typesupport_fastrtps_c;rosidl_typesupport_introspection_c
[2.073s] -- Using all available rosidl_typesupport_cpp: rosidl_typesupport_microxrcedds_cpp;rosidl_typesupport_fastrtps_cpp;rosidl_typesupport_introspection_cpp
[2.137s] -- Configuring done
[2.193s] -- Generating done
[2.195s] -- Build files have been written to: /home/amruth/Documents/git/ros_ws/WS/build/turtlesim
[2.235s] [  1%] Built target turtlesim__cpp
[2.236s] [35m[1mConsolidate compiler generated dependencies of target turtlesim__rosidl_generator_c[0m
[2.248s] [35m[1mConsolidate compiler generated dependencies of target turtlesim__rosidl_typesupport_cpp[0m
[2.248s] [35m[1mConsolidate compiler generated dependencies of target turtlesim__rosidl_typesupport_microxrcedds_cpp[0m
[2.248s] [35m[1mConsolidate compiler generated dependencies of target turtlesim__rosidl_typesupport_introspection_cpp[0m
[2.249s] [35m[1mConsolidate compiler generated dependencies of target turtlesim__rosidl_typesupport_fastrtps_cpp[0m
[2.254s] [ 11%] Built target turtlesim__rosidl_generator_c
[2.266s] [35m[1mConsolidate compiler generated dependencies of target turtlesim__rosidl_typesupport_introspection_c[0m
[2.266s] [35m[1mConsolidate compiler generated dependencies of target turtlesim__rosidl_typesupport_c[0m
[2.266s] [35m[1mConsolidate compiler generated dependencies of target turtlesim__rosidl_typesupport_microxrcedds_c[0m
[2.269s] [ 20%] Built target turtlesim__rosidl_typesupport_introspection_cpp
[2.269s] [35m[1mConsolidate compiler generated dependencies of target turtlesim__rosidl_typesupport_fastrtps_c[0m
[2.271s] [ 30%] Built target turtlesim__rosidl_typesupport_microxrcedds_cpp
[2.271s] [ 39%] Built target turtlesim__rosidl_typesupport_cpp
[2.273s] [ 49%] Built target turtlesim__rosidl_typesupport_fastrtps_cpp
[2.282s] [ 59%] Built target turtlesim__rosidl_typesupport_introspection_c
[2.283s] [ 69%] Built target turtlesim__rosidl_typesupport_microxrcedds_c
[2.284s] [35m[1mConsolidate compiler generated dependencies of target draw_square[0m
[2.284s] [35m[1mConsolidate compiler generated dependencies of target turtle_teleop_key[0m
[2.286s] [ 79%] Built target turtlesim__rosidl_typesupport_c
[2.288s] [35m[1mConsolidate compiler generated dependencies of target mimic[0m
[2.289s] [ 89%] Built target turtlesim__rosidl_typesupport_fastrtps_c
[2.298s] [35m[1mConsolidate compiler generated dependencies of target turtlesim_node[0m
[2.302s] [ 90%] Built target draw_square
[2.303s] [ 92%] Built target turtle_teleop_key
[2.308s] [ 94%] Built target mimic
[2.312s] [ 94%] Built target turtlesim
[2.338s] [100%] Built target turtlesim_node
[2.351s] Invoked command in '/home/amruth/Documents/git/ros_ws/WS/build/turtlesim' returned '0': CMAKE_PREFIX_PATH=${CMAKE_PREFIX_PATH}:/home/amruth/Documents/git/ros_ws/WS/install/my_py_pkg:/home/amruth/Documents/git/microros_ws/install/sensor_msgs_py:/opt/ros/humble /usr/bin/cmake --build /home/amruth/Documents/git/ros_ws/WS/build/turtlesim -- -j16 -l16
[2.689s] Invoking command in '/home/amruth/Documents/git/ros_ws/WS/build/turtlesim': CMAKE_PREFIX_PATH=${CMAKE_PREFIX_PATH}:/home/amruth/Documents/git/ros_ws/WS/install/my_py_pkg:/home/amruth/Documents/git/microros_ws/install/sensor_msgs_py:/opt/ros/humble /usr/bin/cmake --install /home/amruth/Documents/git/ros_ws/WS/build/turtlesim
[2.698s] -- Install configuration: ""
[2.698s] -- Installing: /home/amruth/Documents/git/ros_ws/WS/install/turtlesim/share/ament_index/resource_index/rosidl_interfaces/turtlesim
[2.698s] -- Installing: /home/amruth/Documents/git/ros_ws/WS/install/turtlesim/include/turtlesim/turtlesim
[2.698s] -- Installing: /home/amruth/Documents/git/ros_ws/WS/install/turtlesim/include/turtlesim/turtlesim/msg
[2.698s] -- Installing: /home/amruth/Documents/git/ros_ws/WS/install/turtlesim/include/turtlesim/turtlesim/msg/color.h
[2.699s] -- Installing: /home/amruth/Documents/git/ros_ws/WS/install/turtlesim/include/turtlesim/turtlesim/msg/pose.h
[2.699s] -- Installing: /home/amruth/Documents/git/ros_ws/WS/install/turtlesim/include/turtlesim/turtlesim/msg/rosidl_generator_c__visibility_control.h
[2.699s] -- Installing: /home/amruth/Documents/git/ros_ws/WS/install/turtlesim/include/turtlesim/turtlesim/msg/detail
[2.699s] -- Installing: /home/amruth/Documents/git/ros_ws/WS/install/turtlesim/include/turtlesim/turtlesim/msg/detail/color__struct.h
[2.699s] -- Installing: /home/amruth/Documents/git/ros_ws/WS/install/turtlesim/include/turtlesim/turtlesim/msg/detail/color__type_support.h
[2.699s] -- Installing: /home/amruth/Documents/git/ros_ws/WS/install/turtlesim/include/turtlesim/turtlesim/msg/detail/color__functions.c
[2.699s] -- Installing: /home/amruth/Documents/git/ros_ws/WS/install/turtlesim/include/turtlesim/turtlesim/msg/detail/pose__functions.h
[2.699s] -- Installing: /home/amruth/Documents/git/ros_ws/WS/install/turtlesim/include/turtlesim/turtlesim/msg/detail/pose__struct.h
[2.699s] -- Installing: /home/amruth/Documents/git/ros_ws/WS/install/turtlesim/include/turtlesim/turtlesim/msg/detail/pose__functions.c
[2.699s] -- Installing: /home/amruth/Documents/git/ros_ws/WS/install/turtlesim/include/turtlesim/turtlesim/msg/detail/pose__type_support.h
[2.699s] -- Installing: /home/amruth/Documents/git/ros_ws/WS/install/turtlesim/include/turtlesim/turtlesim/msg/detail/color__functions.h
[2.700s] -- Installing: /home/amruth/Documents/git/ros_ws/WS/install/turtlesim/include/turtlesim/turtlesim/srv
[2.700s] -- Installing: /home/amruth/Documents/git/ros_ws/WS/install/turtlesim/include/turtlesim/turtlesim/srv/teleport_absolute.h
[2.700s] -- Installing: /home/amruth/Documents/git/ros_ws/WS/install/turtlesim/include/turtlesim/turtlesim/srv/teleport_relative.h
[2.700s] -- Installing: /home/amruth/Documents/git/ros_ws/WS/install/turtlesim/include/turtlesim/turtlesim/srv/spawn.h
[2.700s] -- Installing: /home/amruth/Documents/git/ros_ws/WS/install/turtlesim/include/turtlesim/turtlesim/srv/kill.h
[2.700s] -- Installing: /home/amruth/Documents/git/ros_ws/WS/install/turtlesim/include/turtlesim/turtlesim/srv/set_pen.h
[2.700s] -- Installing: /home/amruth/Documents/git/ros_ws/WS/install/turtlesim/include/turtlesim/turtlesim/srv/detail
[2.700s] -- Installing: /home/amruth/Documents/git/ros_ws/WS/install/turtlesim/include/turtlesim/turtlesim/srv/detail/set_pen__type_support.h
[2.700s] -- Installing: /home/amruth/Documents/git/ros_ws/WS/install/turtlesim/include/turtlesim/turtlesim/srv/detail/spawn__struct.h
[2.700s] -- Installing: /home/amruth/Documents/git/ros_ws/WS/install/turtlesim/include/turtlesim/turtlesim/srv/detail/teleport_relative__functions.c
[2.700s] -- Installing: /home/amruth/Documents/git/ros_ws/WS/install/turtlesim/include/turtlesim/turtlesim/srv/detail/set_pen__functions.c
[2.700s] -- Installing: /home/amruth/Documents/git/ros_ws/WS/install/turtlesim/include/turtlesim/turtlesim/srv/detail/kill__functions.c
[2.700s] -- Installing: /home/amruth/Documents/git/ros_ws/WS/install/turtlesim/include/turtlesim/turtlesim/srv/detail/kill__struct.h
[2.700s] -- Installing: /home/amruth/Documents/git/ros_ws/WS/install/turtlesim/include/turtlesim/turtlesim/srv/detail/set_pen__functions.h
[2.700s] -- Installing: /home/amruth/Documents/git/ros_ws/WS/install/turtlesim/include/turtlesim/turtlesim/srv/detail/spawn__type_support.h
[2.700s] -- Installing: /home/amruth/Documents/git/ros_ws/WS/install/turtlesim/include/turtlesim/turtlesim/srv/detail/teleport_relative__functions.h
[2.700s] -- Installing: /home/amruth/Documents/git/ros_ws/WS/install/turtlesim/include/turtlesim/turtlesim/srv/detail/teleport_absolute__struct.h
[2.700s] -- Installing: /home/amruth/Documents/git/ros_ws/WS/install/turtlesim/include/turtlesim/turtlesim/srv/detail/kill__type_support.h
[2.701s] -- Installing: /home/amruth/Documents/git/ros_ws/WS/install/turtlesim/include/turtlesim/turtlesim/srv/detail/teleport_relative__struct.h
[2.701s] -- Installing: /home/amruth/Documents/git/ros_ws/WS/install/turtlesim/include/turtlesim/turtlesim/srv/detail/teleport_absolute__functions.h
[2.701s] -- Installing: /home/amruth/Documents/git/ros_ws/WS/install/turtlesim/include/turtlesim/turtlesim/srv/detail/teleport_relative__type_support.h
[2.701s] -- Installing: /home/amruth/Documents/git/ros_ws/WS/install/turtlesim/include/turtlesim/turtlesim/srv/detail/spawn__functions.c
[2.701s] -- Installing: /home/amruth/Documents/git/ros_ws/WS/install/turtlesim/include/turtlesim/turtlesim/srv/detail/teleport_absolute__type_support.h
[2.701s] -- Installing: /home/amruth/Documents/git/ros_ws/WS/install/turtlesim/include/turtlesim/turtlesim/srv/detail/kill__functions.h
[2.701s] -- Installing: /home/amruth/Documents/git/ros_ws/WS/install/turtlesim/include/turtlesim/turtlesim/srv/detail/spawn__functions.h
[2.701s] -- Installing: /home/amruth/Documents/git/ros_ws/WS/install/turtlesim/include/turtlesim/turtlesim/srv/detail/set_pen__struct.h
[2.701s] -- Installing: /home/amruth/Documents/git/ros_ws/WS/install/turtlesim/include/turtlesim/turtlesim/srv/detail/teleport_absolute__functions.c
[2.701s] -- Installing: /home/amruth/Documents/git/ros_ws/WS/install/turtlesim/include/turtlesim/turtlesim/action
[2.701s] -- Installing: /home/amruth/Documents/git/ros_ws/WS/install/turtlesim/include/turtlesim/turtlesim/action/rotate_absolute.h
[2.701s] -- Installing: /home/amruth/Documents/git/ros_ws/WS/install/turtlesim/include/turtlesim/turtlesim/action/detail
[2.701s] -- Installing: /home/amruth/Documents/git/ros_ws/WS/install/turtlesim/include/turtlesim/turtlesim/action/detail/rotate_absolute__struct.h
[2.701s] -- Installing: /home/amruth/Documents/git/ros_ws/WS/install/turtlesim/include/turtlesim/turtlesim/action/detail/rotate_absolute__functions.h
[2.701s] -- Installing: /home/amruth/Documents/git/ros_ws/WS/install/turtlesim/include/turtlesim/turtlesim/action/detail/rotate_absolute__type_support.h
[2.701s] -- Installing: /home/amruth/Documents/git/ros_ws/WS/install/turtlesim/include/turtlesim/turtlesim/action/detail/rotate_absolute__functions.c
[2.701s] -- Installing: /home/amruth/Documents/git/ros_ws/WS/install/turtlesim/share/turtlesim/environment/library_path.sh
[2.702s] -- Installing: /home/amruth/Documents/git/ros_ws/WS/install/turtlesim/share/turtlesim/environment/library_path.dsv
[2.702s] -- Installing: /home/amruth/Documents/git/ros_ws/WS/install/turtlesim/lib/libturtlesim__rosidl_generator_c.so
[2.702s] -- Set runtime path of "/home/amruth/Documents/git/ros_ws/WS/install/turtlesim/lib/libturtlesim__rosidl_generator_c.so" to ""
[2.702s] -- Up-to-date: /home/amruth/Documents/git/ros_ws/WS/install/turtlesim/include/turtlesim/turtlesim
[2.702s] -- Up-to-date: /home/amruth/Documents/git/ros_ws/WS/install/turtlesim/include/turtlesim/turtlesim/msg
[2.702s] -- Installing: /home/amruth/Documents/git/ros_ws/WS/install/turtlesim/include/turtlesim/turtlesim/msg/rosidl_typesupport_fastrtps_c__visibility_control.h
[2.702s] -- Up-to-date: /home/amruth/Documents/git/ros_ws/WS/install/turtlesim/include/turtlesim/turtlesim/msg/detail
[2.702s] -- Installing: /home/amruth/Documents/git/ros_ws/WS/install/turtlesim/include/turtlesim/turtlesim/msg/detail/pose__rosidl_typesupport_fastrtps_c.h
[2.702s] -- Installing: /home/amruth/Documents/git/ros_ws/WS/install/turtlesim/include/turtlesim/turtlesim/msg/detail/color__rosidl_typesupport_fastrtps_c.h
[2.702s] -- Up-to-date: /home/amruth/Documents/git/ros_ws/WS/install/turtlesim/include/turtlesim/turtlesim/srv
[2.702s] -- Up-to-date: /home/amruth/Documents/git/ros_ws/WS/install/turtlesim/include/turtlesim/turtlesim/srv/detail
[2.702s] -- Installing: /home/amruth/Documents/git/ros_ws/WS/install/turtlesim/include/turtlesim/turtlesim/srv/detail/kill__rosidl_typesupport_fastrtps_c.h
[2.702s] -- Installing: /home/amruth/Documents/git/ros_ws/WS/install/turtlesim/include/turtlesim/turtlesim/srv/detail/teleport_relative__rosidl_typesupport_fastrtps_c.h
[2.702s] -- Installing: /home/amruth/Documents/git/ros_ws/WS/install/turtlesim/include/turtlesim/turtlesim/srv/detail/teleport_absolute__rosidl_typesupport_fastrtps_c.h
[2.702s] -- Installing: /home/amruth/Documents/git/ros_ws/WS/install/turtlesim/include/turtlesim/turtlesim/srv/detail/set_pen__rosidl_typesupport_fastrtps_c.h
[2.702s] -- Installing: /home/amruth/Documents/git/ros_ws/WS/install/turtlesim/include/turtlesim/turtlesim/srv/detail/spawn__rosidl_typesupport_fastrtps_c.h
[2.703s] -- Up-to-date: /home/amruth/Documents/git/ros_ws/WS/install/turtlesim/include/turtlesim/turtlesim/action
[2.703s] -- Up-to-date: /home/amruth/Documents/git/ros_ws/WS/install/turtlesim/include/turtlesim/turtlesim/action/detail
[2.703s] -- Installing: /home/amruth/Documents/git/ros_ws/WS/install/turtlesim/include/turtlesim/turtlesim/action/detail/rotate_absolute__rosidl_typesupport_fastrtps_c.h
[2.703s] -- Installing: /home/amruth/Documents/git/ros_ws/WS/install/turtlesim/lib/libturtlesim__rosidl_typesupport_fastrtps_c.so
[2.703s] -- Set runtime path of "/home/amruth/Documents/git/ros_ws/WS/install/turtlesim/lib/libturtlesim__rosidl_typesupport_fastrtps_c.so" to ""
[2.703s] -- Up-to-date: /home/amruth/Documents/git/ros_ws/WS/install/turtlesim/include/turtlesim/turtlesim
[2.703s] -- Up-to-date: /home/amruth/Documents/git/ros_ws/WS/install/turtlesim/include/turtlesim/turtlesim/msg
[2.703s] -- Installing: /home/amruth/Documents/git/ros_ws/WS/install/turtlesim/include/turtlesim/turtlesim/msg/color.hpp
[2.703s] -- Installing: /home/amruth/Documents/git/ros_ws/WS/install/turtlesim/include/turtlesim/turtlesim/msg/pose.hpp
[2.703s] -- Up-to-date: /home/amruth/Documents/git/ros_ws/WS/install/turtlesim/include/turtlesim/turtlesim/msg/detail
[2.703s] -- Installing: /home/amruth/Documents/git/ros_ws/WS/install/turtlesim/include/turtlesim/turtlesim/msg/detail/pose__struct.hpp
[2.703s] -- Installing: /home/amruth/Documents/git/ros_ws/WS/install/turtlesim/include/turtlesim/turtlesim/msg/detail/pose__traits.hpp
[2.703s] -- Installing: /home/amruth/Documents/git/ros_ws/WS/install/turtlesim/include/turtlesim/turtlesim/msg/detail/pose__builder.hpp
[2.703s] -- Installing: /home/amruth/Documents/git/ros_ws/WS/install/turtlesim/include/turtlesim/turtlesim/msg/detail/color__builder.hpp
[2.703s] -- Installing: /home/amruth/Documents/git/ros_ws/WS/install/turtlesim/include/turtlesim/turtlesim/msg/detail/color__traits.hpp
[2.703s] -- Installing: /home/amruth/Documents/git/ros_ws/WS/install/turtlesim/include/turtlesim/turtlesim/msg/detail/color__struct.hpp
[2.703s] -- Up-to-date: /home/amruth/Documents/git/ros_ws/WS/install/turtlesim/include/turtlesim/turtlesim/srv
[2.704s] -- Installing: /home/amruth/Documents/git/ros_ws/WS/install/turtlesim/include/turtlesim/turtlesim/srv/teleport_relative.hpp
[2.704s] -- Installing: /home/amruth/Documents/git/ros_ws/WS/install/turtlesim/include/turtlesim/turtlesim/srv/kill.hpp
[2.704s] -- Installing: /home/amruth/Documents/git/ros_ws/WS/install/turtlesim/include/turtlesim/turtlesim/srv/spawn.hpp
[2.704s] -- Up-to-date: /home/amruth/Documents/git/ros_ws/WS/install/turtlesim/include/turtlesim/turtlesim/srv/detail
[2.704s] -- Installing: /home/amruth/Documents/git/ros_ws/WS/install/turtlesim/include/turtlesim/turtlesim/srv/detail/teleport_relative__builder.hpp
[2.704s] -- Installing: /home/amruth/Documents/git/ros_ws/WS/install/turtlesim/include/turtlesim/turtlesim/srv/detail/set_pen__traits.hpp
[2.704s] -- Installing: /home/amruth/Documents/git/ros_ws/WS/install/turtlesim/include/turtlesim/turtlesim/srv/detail/teleport_absolute__traits.hpp
[2.704s] -- Installing: /home/amruth/Documents/git/ros_ws/WS/install/turtlesim/include/turtlesim/turtlesim/srv/detail/spawn__struct.hpp
[2.704s] -- Installing: /home/amruth/Documents/git/ros_ws/WS/install/turtlesim/include/turtlesim/turtlesim/srv/detail/set_pen__builder.hpp
[2.704s] -- Installing: /home/amruth/Documents/git/ros_ws/WS/install/turtlesim/include/turtlesim/turtlesim/srv/detail/teleport_relative__traits.hpp
[2.704s] -- Installing: /home/amruth/Documents/git/ros_ws/WS/install/turtlesim/include/turtlesim/turtlesim/srv/detail/teleport_absolute__struct.hpp
[2.704s] -- Installing: /home/amruth/Documents/git/ros_ws/WS/install/turtlesim/include/turtlesim/turtlesim/srv/detail/teleport_relative__struct.hpp
[2.704s] -- Installing: /home/amruth/Documents/git/ros_ws/WS/install/turtlesim/include/turtlesim/turtlesim/srv/detail/kill__traits.hpp
[2.704s] -- Installing: /home/amruth/Documents/git/ros_ws/WS/install/turtlesim/include/turtlesim/turtlesim/srv/detail/kill__struct.hpp
[2.705s] -- Installing: /home/amruth/Documents/git/ros_ws/WS/install/turtlesim/include/turtlesim/turtlesim/srv/detail/spawn__builder.hpp
[2.705s] -- Installing: /home/amruth/Documents/git/ros_ws/WS/install/turtlesim/include/turtlesim/turtlesim/srv/detail/teleport_absolute__builder.hpp
[2.705s] -- Installing: /home/amruth/Documents/git/ros_ws/WS/install/turtlesim/include/turtlesim/turtlesim/srv/detail/kill__builder.hpp
[2.705s] -- Installing: /home/amruth/Documents/git/ros_ws/WS/install/turtlesim/include/turtlesim/turtlesim/srv/detail/set_pen__struct.hpp
[2.705s] -- Installing: /home/amruth/Documents/git/ros_ws/WS/install/turtlesim/include/turtlesim/turtlesim/srv/detail/spawn__traits.hpp
[2.705s] -- Installing: /home/amruth/Documents/git/ros_ws/WS/install/turtlesim/include/turtlesim/turtlesim/srv/teleport_absolute.hpp
[2.705s] -- Installing: /home/amruth/Documents/git/ros_ws/WS/install/turtlesim/include/turtlesim/turtlesim/srv/set_pen.hpp
[2.705s] -- Up-to-date: /home/amruth/Documents/git/ros_ws/WS/install/turtlesim/include/turtlesim/turtlesim/action
[2.705s] -- Installing: /home/amruth/Documents/git/ros_ws/WS/install/turtlesim/include/turtlesim/turtlesim/action/rotate_absolute.hpp
[2.705s] -- Up-to-date: /home/amruth/Documents/git/ros_ws/WS/install/turtlesim/include/turtlesim/turtlesim/action/detail
[2.705s] -- Installing: /home/amruth/Documents/git/ros_ws/WS/install/turtlesim/include/turtlesim/turtlesim/action/detail/rotate_absolute__struct.hpp
[2.705s] -- Installing: /home/amruth/Documents/git/ros_ws/WS/install/turtlesim/include/turtlesim/turtlesim/action/detail/rotate_absolute__traits.hpp
[2.705s] -- Installing: /home/amruth/Documents/git/ros_ws/WS/install/turtlesim/include/turtlesim/turtlesim/action/detail/rotate_absolute__builder.hpp
[2.705s] -- Up-to-date: /home/amruth/Documents/git/ros_ws/WS/install/turtlesim/include/turtlesim/turtlesim
[2.705s] -- Up-to-date: /home/amruth/Documents/git/ros_ws/WS/install/turtlesim/include/turtlesim/turtlesim/msg
[2.706s] -- Installing: /home/amruth/Documents/git/ros_ws/WS/install/turtlesim/include/turtlesim/turtlesim/msg/rosidl_typesupport_fastrtps_cpp__visibility_control.h
[2.706s] -- Up-to-date: /home/amruth/Documents/git/ros_ws/WS/install/turtlesim/include/turtlesim/turtlesim/msg/detail
[2.706s] -- Installing: /home/amruth/Documents/git/ros_ws/WS/install/turtlesim/include/turtlesim/turtlesim/msg/detail/pose__rosidl_typesupport_fastrtps_cpp.hpp
[2.706s] -- Installing: /home/amruth/Documents/git/ros_ws/WS/install/turtlesim/include/turtlesim/turtlesim/msg/detail/color__rosidl_typesupport_fastrtps_cpp.hpp
[2.706s] -- Installing: /home/amruth/Documents/git/ros_ws/WS/install/turtlesim/include/turtlesim/turtlesim/msg/detail/dds_fastrtps
[2.706s] -- Up-to-date: /home/amruth/Documents/git/ros_ws/WS/install/turtlesim/include/turtlesim/turtlesim/srv
[2.706s] -- Up-to-date: /home/amruth/Documents/git/ros_ws/WS/install/turtlesim/include/turtlesim/turtlesim/srv/detail
[2.706s] -- Installing: /home/amruth/Documents/git/ros_ws/WS/install/turtlesim/include/turtlesim/turtlesim/srv/detail/set_pen__rosidl_typesupport_fastrtps_cpp.hpp
[2.706s] -- Installing: /home/amruth/Documents/git/ros_ws/WS/install/turtlesim/include/turtlesim/turtlesim/srv/detail/kill__rosidl_typesupport_fastrtps_cpp.hpp
[2.706s] -- Installing: /home/amruth/Documents/git/ros_ws/WS/install/turtlesim/include/turtlesim/turtlesim/srv/detail/spawn__rosidl_typesupport_fastrtps_cpp.hpp
[2.706s] -- Installing: /home/amruth/Documents/git/ros_ws/WS/install/turtlesim/include/turtlesim/turtlesim/srv/detail/teleport_relative__rosidl_typesupport_fastrtps_cpp.hpp
[2.706s] -- Installing: /home/amruth/Documents/git/ros_ws/WS/install/turtlesim/include/turtlesim/turtlesim/srv/detail/dds_fastrtps
[2.706s] -- Installing: /home/amruth/Documents/git/ros_ws/WS/install/turtlesim/include/turtlesim/turtlesim/srv/detail/teleport_absolute__rosidl_typesupport_fastrtps_cpp.hpp
[2.706s] -- Up-to-date: /home/amruth/Documents/git/ros_ws/WS/install/turtlesim/include/turtlesim/turtlesim/action
[2.706s] -- Up-to-date: /home/amruth/Documents/git/ros_ws/WS/install/turtlesim/include/turtlesim/turtlesim/action/detail
[2.707s] -- Installing: /home/amruth/Documents/git/ros_ws/WS/install/turtlesim/include/turtlesim/turtlesim/action/detail/rotate_absolute__rosidl_typesupport_fastrtps_cpp.hpp
[2.707s] -- Installing: /home/amruth/Documents/git/ros_ws/WS/install/turtlesim/include/turtlesim/turtlesim/action/detail/dds_fastrtps
[2.707s] -- Installing: /home/amruth/Documents/git/ros_ws/WS/install/turtlesim/lib/libturtlesim__rosidl_typesupport_fastrtps_cpp.so
[2.707s] -- Set runtime path of "/home/amruth/Documents/git/ros_ws/WS/install/turtlesim/lib/libturtlesim__rosidl_typesupport_fastrtps_cpp.so" to ""
[2.707s] -- Up-to-date: /home/amruth/Documents/git/ros_ws/WS/install/turtlesim/include/turtlesim
[2.707s] -- Installing: /home/amruth/Documents/git/ros_ws/WS/install/turtlesim/include/turtlesim/msg
[2.707s] -- Installing: /home/amruth/Documents/git/ros_ws/WS/install/turtlesim/include/turtlesim/msg/rosidl_typesupport_microxrcedds_c__visibility_control.h
[2.707s] -- Installing: /home/amruth/Documents/git/ros_ws/WS/install/turtlesim/include/turtlesim/msg/detail
[2.707s] -- Installing: /home/amruth/Documents/git/ros_ws/WS/install/turtlesim/include/turtlesim/msg/detail/color__rosidl_typesupport_microxrcedds_c.h
[2.707s] -- Installing: /home/amruth/Documents/git/ros_ws/WS/install/turtlesim/include/turtlesim/msg/detail/pose__rosidl_typesupport_microxrcedds_c.h
[2.707s] -- Installing: /home/amruth/Documents/git/ros_ws/WS/install/turtlesim/include/turtlesim/msg/detail/microxrcedds
[2.707s] -- Installing: /home/amruth/Documents/git/ros_ws/WS/install/turtlesim/include/turtlesim/srv
[2.707s] -- Installing: /home/amruth/Documents/git/ros_ws/WS/install/turtlesim/include/turtlesim/srv/detail
[2.707s] -- Installing: /home/amruth/Documents/git/ros_ws/WS/install/turtlesim/include/turtlesim/srv/detail/set_pen__rosidl_typesupport_microxrcedds_c.h
[2.707s] -- Installing: /home/amruth/Documents/git/ros_ws/WS/install/turtlesim/include/turtlesim/srv/detail/teleport_absolute__rosidl_typesupport_microxrcedds_c.h
[2.707s] -- Installing: /home/amruth/Documents/git/ros_ws/WS/install/turtlesim/include/turtlesim/srv/detail/teleport_relative__rosidl_typesupport_microxrcedds_c.h
[2.708s] -- Installing: /home/amruth/Documents/git/ros_ws/WS/install/turtlesim/include/turtlesim/srv/detail/kill__rosidl_typesupport_microxrcedds_c.h
[2.708s] -- Installing: /home/amruth/Documents/git/ros_ws/WS/install/turtlesim/include/turtlesim/srv/detail/microxrcedds
[2.708s] -- Installing: /home/amruth/Documents/git/ros_ws/WS/install/turtlesim/include/turtlesim/srv/detail/spawn__rosidl_typesupport_microxrcedds_c.h
[2.708s] -- Installing: /home/amruth/Documents/git/ros_ws/WS/install/turtlesim/include/turtlesim/action
[2.708s] -- Installing: /home/amruth/Documents/git/ros_ws/WS/install/turtlesim/include/turtlesim/action/detail
[2.708s] -- Installing: /home/amruth/Documents/git/ros_ws/WS/install/turtlesim/include/turtlesim/action/detail/rotate_absolute__rosidl_typesupport_microxrcedds_c.h
[2.708s] -- Installing: /home/amruth/Documents/git/ros_ws/WS/install/turtlesim/include/turtlesim/action/detail/microxrcedds
[2.708s] -- Installing: /home/amruth/Documents/git/ros_ws/WS/install/turtlesim/lib/libturtlesim__rosidl_typesupport_microxrcedds_c.so
[2.708s] -- Set runtime path of "/home/amruth/Documents/git/ros_ws/WS/install/turtlesim/lib/libturtlesim__rosidl_typesupport_microxrcedds_c.so" to ""
[2.708s] -- Up-to-date: /home/amruth/Documents/git/ros_ws/WS/install/turtlesim/include/turtlesim/turtlesim
[2.708s] -- Up-to-date: /home/amruth/Documents/git/ros_ws/WS/install/turtlesim/include/turtlesim/turtlesim/msg
[2.708s] -- Installing: /home/amruth/Documents/git/ros_ws/WS/install/turtlesim/include/turtlesim/turtlesim/msg/rosidl_typesupport_introspection_c__visibility_control.h
[2.708s] -- Up-to-date: /home/amruth/Documents/git/ros_ws/WS/install/turtlesim/include/turtlesim/turtlesim/msg/detail
[2.708s] -- Installing: /home/amruth/Documents/git/ros_ws/WS/install/turtlesim/include/turtlesim/turtlesim/msg/detail/pose__type_support.c
[2.708s] -- Installing: /home/amruth/Documents/git/ros_ws/WS/install/turtlesim/include/turtlesim/turtlesim/msg/detail/color__type_support.c
[2.708s] -- Installing: /home/amruth/Documents/git/ros_ws/WS/install/turtlesim/include/turtlesim/turtlesim/msg/detail/pose__rosidl_typesupport_introspection_c.h
[2.709s] -- Installing: /home/amruth/Documents/git/ros_ws/WS/install/turtlesim/include/turtlesim/turtlesim/msg/detail/color__rosidl_typesupport_introspection_c.h
[2.709s] -- Up-to-date: /home/amruth/Documents/git/ros_ws/WS/install/turtlesim/include/turtlesim/turtlesim/srv
[2.709s] -- Up-to-date: /home/amruth/Documents/git/ros_ws/WS/install/turtlesim/include/turtlesim/turtlesim/srv/detail
[2.709s] -- Installing: /home/amruth/Documents/git/ros_ws/WS/install/turtlesim/include/turtlesim/turtlesim/srv/detail/kill__type_support.c
[2.709s] -- Installing: /home/amruth/Documents/git/ros_ws/WS/install/turtlesim/include/turtlesim/turtlesim/srv/detail/teleport_absolute__type_support.c
[2.709s] -- Installing: /home/amruth/Documents/git/ros_ws/WS/install/turtlesim/include/turtlesim/turtlesim/srv/detail/spawn__rosidl_typesupport_introspection_c.h
[2.709s] -- Installing: /home/amruth/Documents/git/ros_ws/WS/install/turtlesim/include/turtlesim/turtlesim/srv/detail/set_pen__type_support.c
[2.709s] -- Installing: /home/amruth/Documents/git/ros_ws/WS/install/turtlesim/include/turtlesim/turtlesim/srv/detail/teleport_absolute__rosidl_typesupport_introspection_c.h
[2.709s] -- Installing: /home/amruth/Documents/git/ros_ws/WS/install/turtlesim/include/turtlesim/turtlesim/srv/detail/teleport_relative__type_support.c
[2.709s] -- Installing: /home/amruth/Documents/git/ros_ws/WS/install/turtlesim/include/turtlesim/turtlesim/srv/detail/teleport_relative__rosidl_typesupport_introspection_c.h
[2.709s] -- Installing: /home/amruth/Documents/git/ros_ws/WS/install/turtlesim/include/turtlesim/turtlesim/srv/detail/set_pen__rosidl_typesupport_introspection_c.h
[2.709s] -- Installing: /home/amruth/Documents/git/ros_ws/WS/install/turtlesim/include/turtlesim/turtlesim/srv/detail/kill__rosidl_typesupport_introspection_c.h
[2.709s] -- Installing: /home/amruth/Documents/git/ros_ws/WS/install/turtlesim/include/turtlesim/turtlesim/srv/detail/spawn__type_support.c
[2.709s] -- Up-to-date: /home/amruth/Documents/git/ros_ws/WS/install/turtlesim/include/turtlesim/turtlesim/action
[2.709s] -- Up-to-date: /home/amruth/Documents/git/ros_ws/WS/install/turtlesim/include/turtlesim/turtlesim/action/detail
[2.709s] -- Installing: /home/amruth/Documents/git/ros_ws/WS/install/turtlesim/include/turtlesim/turtlesim/action/detail/rotate_absolute__type_support.c
[2.710s] -- Installing: /home/amruth/Documents/git/ros_ws/WS/install/turtlesim/include/turtlesim/turtlesim/action/detail/rotate_absolute__rosidl_typesupport_introspection_c.h
[2.710s] -- Installing: /home/amruth/Documents/git/ros_ws/WS/install/turtlesim/lib/libturtlesim__rosidl_typesupport_introspection_c.so
[2.710s] -- Set runtime path of "/home/amruth/Documents/git/ros_ws/WS/install/turtlesim/lib/libturtlesim__rosidl_typesupport_introspection_c.so" to ""
[2.710s] -- Installing: /home/amruth/Documents/git/ros_ws/WS/install/turtlesim/lib/libturtlesim__rosidl_typesupport_c.so
[2.710s] -- Set runtime path of "/home/amruth/Documents/git/ros_ws/WS/install/turtlesim/lib/libturtlesim__rosidl_typesupport_c.so" to ""
[2.710s] -- Up-to-date: /home/amruth/Documents/git/ros_ws/WS/install/turtlesim/include/turtlesim
[2.710s] -- Up-to-date: /home/amruth/Documents/git/ros_ws/WS/install/turtlesim/include/turtlesim/msg
[2.710s] -- Installing: /home/amruth/Documents/git/ros_ws/WS/install/turtlesim/include/turtlesim/msg/rosidl_typesupport_microxrcedds_cpp__visibility_control.h
[2.710s] -- Up-to-date: /home/amruth/Documents/git/ros_ws/WS/install/turtlesim/include/turtlesim/msg/detail
[2.710s] -- Installing: /home/amruth/Documents/git/ros_ws/WS/install/turtlesim/include/turtlesim/msg/detail/pose__rosidl_typesupport_microxrcedds_cpp.hpp
[2.710s] -- Installing: /home/amruth/Documents/git/ros_ws/WS/install/turtlesim/include/turtlesim/msg/detail/color__rosidl_typesupport_microxrcedds_cpp.hpp
[2.710s] -- Up-to-date: /home/amruth/Documents/git/ros_ws/WS/install/turtlesim/include/turtlesim/msg/detail/microxrcedds
[2.710s] -- Installing: /home/amruth/Documents/git/ros_ws/WS/install/turtlesim/include/turtlesim/msg/detail/microxrcedds/color__type_support_cpp.cpp
[2.710s] -- Installing: /home/amruth/Documents/git/ros_ws/WS/install/turtlesim/include/turtlesim/msg/detail/microxrcedds/pose__type_support_cpp.cpp
[2.710s] -- Up-to-date: /home/amruth/Documents/git/ros_ws/WS/install/turtlesim/include/turtlesim/srv
[2.711s] -- Up-to-date: /home/amruth/Documents/git/ros_ws/WS/install/turtlesim/include/turtlesim/srv/detail
[2.711s] -- Installing: /home/amruth/Documents/git/ros_ws/WS/install/turtlesim/include/turtlesim/srv/detail/spawn__rosidl_typesupport_microxrcedds_cpp.hpp
[2.711s] -- Installing: /home/amruth/Documents/git/ros_ws/WS/install/turtlesim/include/turtlesim/srv/detail/teleport_relative__rosidl_typesupport_microxrcedds_cpp.hpp
[2.711s] -- Installing: /home/amruth/Documents/git/ros_ws/WS/install/turtlesim/include/turtlesim/srv/detail/teleport_absolute__rosidl_typesupport_microxrcedds_cpp.hpp
[2.711s] -- Installing: /home/amruth/Documents/git/ros_ws/WS/install/turtlesim/include/turtlesim/srv/detail/set_pen__rosidl_typesupport_microxrcedds_cpp.hpp
[2.711s] -- Up-to-date: /home/amruth/Documents/git/ros_ws/WS/install/turtlesim/include/turtlesim/srv/detail/microxrcedds
[2.711s] -- Installing: /home/amruth/Documents/git/ros_ws/WS/install/turtlesim/include/turtlesim/srv/detail/microxrcedds/teleport_absolute__type_support_cpp.cpp
[2.711s] -- Installing: /home/amruth/Documents/git/ros_ws/WS/install/turtlesim/include/turtlesim/srv/detail/microxrcedds/teleport_relative__type_support_cpp.cpp
[2.711s] -- Installing: /home/amruth/Documents/git/ros_ws/WS/install/turtlesim/include/turtlesim/srv/detail/microxrcedds/spawn__type_support_cpp.cpp
[2.711s] -- Installing: /home/amruth/Documents/git/ros_ws/WS/install/turtlesim/include/turtlesim/srv/detail/microxrcedds/kill__type_support_cpp.cpp
[2.711s] -- Installing: /home/amruth/Documents/git/ros_ws/WS/install/turtlesim/include/turtlesim/srv/detail/microxrcedds/set_pen__type_support_cpp.cpp
[2.711s] -- Installing: /home/amruth/Documents/git/ros_ws/WS/install/turtlesim/include/turtlesim/srv/detail/kill__rosidl_typesupport_microxrcedds_cpp.hpp
[2.711s] -- Up-to-date: /home/amruth/Documents/git/ros_ws/WS/install/turtlesim/include/turtlesim/action
[2.711s] -- Up-to-date: /home/amruth/Documents/git/ros_ws/WS/install/turtlesim/include/turtlesim/action/detail
[2.711s] -- Installing: /home/amruth/Documents/git/ros_ws/WS/install/turtlesim/include/turtlesim/action/detail/rotate_absolute__rosidl_typesupport_microxrcedds_cpp.hpp
[2.711s] -- Up-to-date: /home/amruth/Documents/git/ros_ws/WS/install/turtlesim/include/turtlesim/action/detail/microxrcedds
[2.712s] -- Installing: /home/amruth/Documents/git/ros_ws/WS/install/turtlesim/include/turtlesim/action/detail/microxrcedds/rotate_absolute__type_support_cpp.cpp
[2.712s] -- Installing: /home/amruth/Documents/git/ros_ws/WS/install/turtlesim/lib/libturtlesim__rosidl_typesupport_microxrcedds_cpp.so
[2.712s] -- Set runtime path of "/home/amruth/Documents/git/ros_ws/WS/install/turtlesim/lib/libturtlesim__rosidl_typesupport_microxrcedds_cpp.so" to ""
[2.712s] -- Up-to-date: /home/amruth/Documents/git/ros_ws/WS/install/turtlesim/include/turtlesim/turtlesim
[2.712s] -- Up-to-date: /home/amruth/Documents/git/ros_ws/WS/install/turtlesim/include/turtlesim/turtlesim/msg
[2.712s] -- Up-to-date: /home/amruth/Documents/git/ros_ws/WS/install/turtlesim/include/turtlesim/turtlesim/msg/detail
[2.712s] -- Installing: /home/amruth/Documents/git/ros_ws/WS/install/turtlesim/include/turtlesim/turtlesim/msg/detail/color__rosidl_typesupport_introspection_cpp.hpp
[2.712s] -- Installing: /home/amruth/Documents/git/ros_ws/WS/install/turtlesim/include/turtlesim/turtlesim/msg/detail/pose__rosidl_typesupport_introspection_cpp.hpp
[2.712s] -- Installing: /home/amruth/Documents/git/ros_ws/WS/install/turtlesim/include/turtlesim/turtlesim/msg/detail/color__type_support.cpp
[2.712s] -- Installing: /home/amruth/Documents/git/ros_ws/WS/install/turtlesim/include/turtlesim/turtlesim/msg/detail/pose__type_support.cpp
[2.712s] -- Up-to-date: /home/amruth/Documents/git/ros_ws/WS/install/turtlesim/include/turtlesim/turtlesim/srv
[2.712s] -- Up-to-date: /home/amruth/Documents/git/ros_ws/WS/install/turtlesim/include/turtlesim/turtlesim/srv/detail
[2.712s] -- Installing: /home/amruth/Documents/git/ros_ws/WS/install/turtlesim/include/turtlesim/turtlesim/srv/detail/kill__rosidl_typesupport_introspection_cpp.hpp
[2.712s] -- Installing: /home/amruth/Documents/git/ros_ws/WS/install/turtlesim/include/turtlesim/turtlesim/srv/detail/spawn__rosidl_typesupport_introspection_cpp.hpp
[2.712s] -- Installing: /home/amruth/Documents/git/ros_ws/WS/install/turtlesim/include/turtlesim/turtlesim/srv/detail/teleport_absolute__type_support.cpp
[2.712s] -- Installing: /home/amruth/Documents/git/ros_ws/WS/install/turtlesim/include/turtlesim/turtlesim/srv/detail/teleport_absolute__rosidl_typesupport_introspection_cpp.hpp
[2.712s] -- Installing: /home/amruth/Documents/git/ros_ws/WS/install/turtlesim/include/turtlesim/turtlesim/srv/detail/set_pen__rosidl_typesupport_introspection_cpp.hpp
[2.713s] -- Installing: /home/amruth/Documents/git/ros_ws/WS/install/turtlesim/include/turtlesim/turtlesim/srv/detail/teleport_relative__rosidl_typesupport_introspection_cpp.hpp
[2.713s] -- Installing: /home/amruth/Documents/git/ros_ws/WS/install/turtlesim/include/turtlesim/turtlesim/srv/detail/teleport_relative__type_support.cpp
[2.713s] -- Installing: /home/amruth/Documents/git/ros_ws/WS/install/turtlesim/include/turtlesim/turtlesim/srv/detail/kill__type_support.cpp
[2.713s] -- Installing: /home/amruth/Documents/git/ros_ws/WS/install/turtlesim/include/turtlesim/turtlesim/srv/detail/spawn__type_support.cpp
[2.713s] -- Installing: /home/amruth/Documents/git/ros_ws/WS/install/turtlesim/include/turtlesim/turtlesim/srv/detail/set_pen__type_support.cpp
[2.713s] -- Up-to-date: /home/amruth/Documents/git/ros_ws/WS/install/turtlesim/include/turtlesim/turtlesim/action
[2.713s] -- Up-to-date: /home/amruth/Documents/git/ros_ws/WS/install/turtlesim/include/turtlesim/turtlesim/action/detail
[2.713s] -- Installing: /home/amruth/Documents/git/ros_ws/WS/install/turtlesim/include/turtlesim/turtlesim/action/detail/rotate_absolute__type_support.cpp
[2.713s] -- Installing: /home/amruth/Documents/git/ros_ws/WS/install/turtlesim/include/turtlesim/turtlesim/action/detail/rotate_absolute__rosidl_typesupport_introspection_cpp.hpp
[2.713s] -- Installing: /home/amruth/Documents/git/ros_ws/WS/install/turtlesim/lib/libturtlesim__rosidl_typesupport_introspection_cpp.so
[2.713s] -- Set runtime path of "/home/amruth/Documents/git/ros_ws/WS/install/turtlesim/lib/libturtlesim__rosidl_typesupport_introspection_cpp.so" to ""
[2.713s] -- Installing: /home/amruth/Documents/git/ros_ws/WS/install/turtlesim/lib/libturtlesim__rosidl_typesupport_cpp.so
[2.713s] -- Set runtime path of "/home/amruth/Documents/git/ros_ws/WS/install/turtlesim/lib/libturtlesim__rosidl_typesupport_cpp.so" to ""
[2.713s] -- Installing: /home/amruth/Documents/git/ros_ws/WS/install/turtlesim/share/turtlesim/action/RotateAbsolute.idl
[2.714s] -- Installing: /home/amruth/Documents/git/ros_ws/WS/install/turtlesim/share/turtlesim/msg/Color.idl
[2.714s] -- Installing: /home/amruth/Documents/git/ros_ws/WS/install/turtlesim/share/turtlesim/msg/Pose.idl
[2.714s] -- Installing: /home/amruth/Documents/git/ros_ws/WS/install/turtlesim/share/turtlesim/srv/Kill.idl
[2.714s] -- Installing: /home/amruth/Documents/git/ros_ws/WS/install/turtlesim/share/turtlesim/srv/SetPen.idl
[2.714s] -- Installing: /home/amruth/Documents/git/ros_ws/WS/install/turtlesim/share/turtlesim/srv/Spawn.idl
[2.714s] -- Installing: /home/amruth/Documents/git/ros_ws/WS/install/turtlesim/share/turtlesim/srv/TeleportAbsolute.idl
[2.714s] -- Installing: /home/amruth/Documents/git/ros_ws/WS/install/turtlesim/share/turtlesim/srv/TeleportRelative.idl
[2.714s] -- Installing: /home/amruth/Documents/git/ros_ws/WS/install/turtlesim/share/turtlesim/action/RotateAbsolute.action
[2.714s] -- Installing: /home/amruth/Documents/git/ros_ws/WS/install/turtlesim/share/turtlesim/msg/Color.msg
[2.714s] -- Installing: /home/amruth/Documents/git/ros_ws/WS/install/turtlesim/share/turtlesim/msg/Pose.msg
[2.714s] -- Installing: /home/amruth/Documents/git/ros_ws/WS/install/turtlesim/share/turtlesim/srv/Kill.srv
[2.714s] -- Installing: /home/amruth/Documents/git/ros_ws/WS/install/turtlesim/share/turtlesim/srv/Kill_Request.msg
[2.714s] -- Installing: /home/amruth/Documents/git/ros_ws/WS/install/turtlesim/share/turtlesim/srv/Kill_Response.msg
[2.715s] -- Installing: /home/amruth/Documents/git/ros_ws/WS/install/turtlesim/share/turtlesim/srv/SetPen.srv
[2.715s] -- Installing: /home/amruth/Documents/git/ros_ws/WS/install/turtlesim/share/turtlesim/srv/SetPen_Request.msg
[2.715s] -- Installing: /home/amruth/Documents/git/ros_ws/WS/install/turtlesim/share/turtlesim/srv/SetPen_Response.msg
[2.715s] -- Installing: /home/amruth/Documents/git/ros_ws/WS/install/turtlesim/share/turtlesim/srv/Spawn.srv
[2.715s] -- Installing: /home/amruth/Documents/git/ros_ws/WS/install/turtlesim/share/turtlesim/srv/Spawn_Request.msg
[2.715s] -- Installing: /home/amruth/Documents/git/ros_ws/WS/install/turtlesim/share/turtlesim/srv/Spawn_Response.msg
[2.715s] -- Installing: /home/amruth/Documents/git/ros_ws/WS/install/turtlesim/share/turtlesim/srv/TeleportAbsolute.srv
[2.715s] -- Installing: /home/amruth/Documents/git/ros_ws/WS/install/turtlesim/share/turtlesim/srv/TeleportAbsolute_Request.msg
[2.715s] -- Installing: /home/amruth/Documents/git/ros_ws/WS/install/turtlesim/share/turtlesim/srv/TeleportAbsolute_Response.msg
[2.715s] -- Installing: /home/amruth/Documents/git/ros_ws/WS/install/turtlesim/share/turtlesim/srv/TeleportRelative.srv
[2.715s] -- Installing: /home/amruth/Documents/git/ros_ws/WS/install/turtlesim/share/turtlesim/srv/TeleportRelative_Request.msg
[2.715s] -- Installing: /home/amruth/Documents/git/ros_ws/WS/install/turtlesim/share/turtlesim/srv/TeleportRelative_Response.msg
[2.716s] -- Installing: /home/amruth/Documents/git/ros_ws/WS/install/turtlesim/lib/turtlesim/turtlesim_node
[2.721s] -- Set runtime path of "/home/amruth/Documents/git/ros_ws/WS/install/turtlesim/lib/turtlesim/turtlesim_node" to ""
[2.722s] -- Installing: /home/amruth/Documents/git/ros_ws/WS/install/turtlesim/lib/turtlesim/turtle_teleop_key
[2.723s] -- Set runtime path of "/home/amruth/Documents/git/ros_ws/WS/install/turtlesim/lib/turtlesim/turtle_teleop_key" to ""
[2.723s] -- Installing: /home/amruth/Documents/git/ros_ws/WS/install/turtlesim/lib/turtlesim/draw_square
[2.725s] -- Set runtime path of "/home/amruth/Documents/git/ros_ws/WS/install/turtlesim/lib/turtlesim/draw_square" to ""
[2.726s] -- Installing: /home/amruth/Documents/git/ros_ws/WS/install/turtlesim/lib/turtlesim/mimic
[2.728s] -- Set runtime path of "/home/amruth/Documents/git/ros_ws/WS/install/turtlesim/lib/turtlesim/mimic" to ""
[2.728s] -- Installing: /home/amruth/Documents/git/ros_ws/WS/install/turtlesim/share/turtlesim/images
[2.728s] -- Installing: /home/amruth/Documents/git/ros_ws/WS/install/turtlesim/share/turtlesim/images/rolling.png
[2.728s] -- Installing: /home/amruth/Documents/git/ros_ws/WS/install/turtlesim/share/turtlesim/images/crystal.png
[2.728s] -- Installing: /home/amruth/Documents/git/ros_ws/WS/install/turtlesim/share/turtlesim/images/dashing.png
[2.729s] -- Installing: /home/amruth/Documents/git/ros_ws/WS/install/turtlesim/share/turtlesim/images/ardent.png
[2.729s] -- Installing: /home/amruth/Documents/git/ros_ws/WS/install/turtlesim/share/turtlesim/images/foxy.png
[2.729s] -- Installing: /home/amruth/Documents/git/ros_ws/WS/install/turtlesim/share/turtlesim/images/humble.png
[2.729s] -- Installing: /home/amruth/Documents/git/ros_ws/WS/install/turtlesim/share/turtlesim/images/bouncy.png
[2.729s] -- Installing: /home/amruth/Documents/git/ros_ws/WS/install/turtlesim/share/turtlesim/images/eloquent.png
[2.729s] -- Installing: /home/amruth/Documents/git/ros_ws/WS/install/turtlesim/share/turtlesim/images/galactic.png
[2.729s] -- Installing: /home/amruth/Documents/git/ros_ws/WS/install/turtlesim/share/turtlesim/launch
[2.729s] -- Installing: /home/amruth/Documents/git/ros_ws/WS/install/turtlesim/share/turtlesim/launch/multisim.launch.py
[2.729s] -- Installing: /home/amruth/Documents/git/ros_ws/WS/install/turtlesim/share/ament_index/resource_index/package_run_dependencies/turtlesim
[2.729s] -- Installing: /home/amruth/Documents/git/ros_ws/WS/install/turtlesim/share/ament_index/resource_index/parent_prefix_path/turtlesim
[2.729s] -- Installing: /home/amruth/Documents/git/ros_ws/WS/install/turtlesim/share/turtlesim/environment/ament_prefix_path.sh
[2.729s] -- Installing: /home/amruth/Documents/git/ros_ws/WS/install/turtlesim/share/turtlesim/environment/ament_prefix_path.dsv
[2.729s] -- Installing: /home/amruth/Documents/git/ros_ws/WS/install/turtlesim/share/turtlesim/environment/path.sh
[2.729s] -- Installing: /home/amruth/Documents/git/ros_ws/WS/install/turtlesim/share/turtlesim/environment/path.dsv
[2.729s] -- Installing: /home/amruth/Documents/git/ros_ws/WS/install/turtlesim/share/turtlesim/local_setup.bash
[2.730s] -- Installing: /home/amruth/Documents/git/ros_ws/WS/install/turtlesim/share/turtlesim/local_setup.sh
[2.730s] -- Installing: /home/amruth/Documents/git/ros_ws/WS/install/turtlesim/share/turtlesim/local_setup.zsh
[2.730s] -- Installing: /home/amruth/Documents/git/ros_ws/WS/install/turtlesim/share/turtlesim/local_setup.dsv
[2.730s] -- Installing: /home/amruth/Documents/git/ros_ws/WS/install/turtlesim/share/turtlesim/package.dsv
[2.730s] -- Installing: /home/amruth/Documents/git/ros_ws/WS/install/turtlesim/share/ament_index/resource_index/packages/turtlesim
[2.730s] -- Installing: /home/amruth/Documents/git/ros_ws/WS/install/turtlesim/share/turtlesim/cmake/export_turtlesim__rosidl_generator_cExport.cmake
[2.730s] -- Installing: /home/amruth/Documents/git/ros_ws/WS/install/turtlesim/share/turtlesim/cmake/export_turtlesim__rosidl_generator_cExport-noconfig.cmake
[2.730s] -- Installing: /home/amruth/Documents/git/ros_ws/WS/install/turtlesim/share/turtlesim/cmake/export_turtlesim__rosidl_typesupport_fastrtps_cExport.cmake
[2.730s] -- Installing: /home/amruth/Documents/git/ros_ws/WS/install/turtlesim/share/turtlesim/cmake/export_turtlesim__rosidl_typesupport_fastrtps_cExport-noconfig.cmake
[2.730s] -- Installing: /home/amruth/Documents/git/ros_ws/WS/install/turtlesim/share/turtlesim/cmake/export_turtlesim__rosidl_generator_cppExport.cmake
[2.730s] -- Installing: /home/amruth/Documents/git/ros_ws/WS/install/turtlesim/share/turtlesim/cmake/export_turtlesim__rosidl_typesupport_fastrtps_cppExport.cmake
[2.731s] -- Installing: /home/amruth/Documents/git/ros_ws/WS/install/turtlesim/share/turtlesim/cmake/export_turtlesim__rosidl_typesupport_fastrtps_cppExport-noconfig.cmake
[2.731s] -- Installing: /home/amruth/Documents/git/ros_ws/WS/install/turtlesim/share/turtlesim/cmake/turtlesim__rosidl_typesupport_introspection_cExport.cmake
[2.731s] -- Installing: /home/amruth/Documents/git/ros_ws/WS/install/turtlesim/share/turtlesim/cmake/turtlesim__rosidl_typesupport_introspection_cExport-noconfig.cmake
[2.731s] -- Installing: /home/amruth/Documents/git/ros_ws/WS/install/turtlesim/share/turtlesim/cmake/turtlesim__rosidl_typesupport_cExport.cmake
[2.731s] -- Installing: /home/amruth/Documents/git/ros_ws/WS/install/turtlesim/share/turtlesim/cmake/turtlesim__rosidl_typesupport_cExport-noconfig.cmake
[2.731s] -- Installing: /home/amruth/Documents/git/ros_ws/WS/install/turtlesim/share/turtlesim/cmake/turtlesim__rosidl_typesupport_introspection_cppExport.cmake
[2.731s] -- Installing: /home/amruth/Documents/git/ros_ws/WS/install/turtlesim/share/turtlesim/cmake/turtlesim__rosidl_typesupport_introspection_cppExport-noconfig.cmake
[2.731s] -- Installing: /home/amruth/Documents/git/ros_ws/WS/install/turtlesim/share/turtlesim/cmake/turtlesim__rosidl_typesupport_cppExport.cmake
[2.731s] -- Installing: /home/amruth/Documents/git/ros_ws/WS/install/turtlesim/share/turtlesim/cmake/turtlesim__rosidl_typesupport_cppExport-noconfig.cmake
[2.731s] -- Installing: /home/amruth/Documents/git/ros_ws/WS/install/turtlesim/share/turtlesim/cmake/rosidl_cmake-extras.cmake
[2.731s] -- Installing: /home/amruth/Documents/git/ros_ws/WS/install/turtlesim/share/turtlesim/cmake/ament_cmake_export_dependencies-extras.cmake
[2.731s] -- Installing: /home/amruth/Documents/git/ros_ws/WS/install/turtlesim/share/turtlesim/cmake/ament_cmake_export_include_directories-extras.cmake
[2.732s] -- Installing: /home/amruth/Documents/git/ros_ws/WS/install/turtlesim/share/turtlesim/cmake/ament_cmake_export_libraries-extras.cmake
[2.732s] -- Installing: /home/amruth/Documents/git/ros_ws/WS/install/turtlesim/share/turtlesim/cmake/ament_cmake_export_targets-extras.cmake
[2.732s] -- Installing: /home/amruth/Documents/git/ros_ws/WS/install/turtlesim/share/turtlesim/cmake/rosidl_cmake_export_typesupport_targets-extras.cmake
[2.732s] -- Installing: /home/amruth/Documents/git/ros_ws/WS/install/turtlesim/share/turtlesim/cmake/rosidl_cmake_export_typesupport_libraries-extras.cmake
[2.732s] -- Installing: /home/amruth/Documents/git/ros_ws/WS/install/turtlesim/share/turtlesim/cmake/turtlesimConfig.cmake
[2.732s] -- Installing: /home/amruth/Documents/git/ros_ws/WS/install/turtlesim/share/turtlesim/cmake/turtlesimConfig-version.cmake
[2.732s] -- Installing: /home/amruth/Documents/git/ros_ws/WS/install/turtlesim/share/turtlesim/package.xml
[2.734s] Invoked command in '/home/amruth/Documents/git/ros_ws/WS/build/turtlesim' returned '0': CMAKE_PREFIX_PATH=${CMAKE_PREFIX_PATH}:/home/amruth/Documents/git/ros_ws/WS/install/my_py_pkg:/home/amruth/Documents/git/microros_ws/install/sensor_msgs_py:/opt/ros/humble /usr/bin/cmake --install /home/amruth/Documents/git/ros_ws/WS/build/turtlesim
