[1.917s] Invoking command in '/home/amruth/Documents/git/ros_ws/WS/build/turtlesim': CMAKE_PREFIX_PATH=${CMAKE_PREFIX_PATH}:/home/amruth/Documents/git/ros_ws/WS/install/py_srvcli:/home/amruth/Documents/git/ros_ws/WS/install/py_pubsub_2:/home/amruth/Documents/git/ros_ws/WS/install/py_pubsub:/home/amruth/Documents/git/ros_ws/WS/install/my_py_pkg_2:/home/amruth/Documents/git/ros_ws/WS/install/my_py_pkg:/home/amruth/Documents/git/microros_ws/install/sensor_msgs_py:/opt/ros/humble /usr/bin/cmake --build /home/amruth/Documents/git/ros_ws/WS/build/turtlesim --clean-first -- -j16 -l16
[2.287s] [  1%] [34m[1mGenerating C code for ROS interfaces[0m
[2.305s] [  2%] [34m[1mGenerating C++ code for ROS interfaces[0m
[4.045s] [  2%] Built target turtlesim__cpp
[4.087s] [  3%] [34m[1mGenerating C++ type support for eProsima Micro XRCE-DDS[0m
[4.123s] [  4%] [34m[1mGenerating C++ introspection for ROS interfaces[0m
[4.131s] [  5%] [34m[1mGenerating C++ type support for eProsima Fast-RTPS[0m
[4.135s] [  6%] [34m[1mGenerating C++ type support dispatch for ROS interfaces[0m
[4.233s] [  7%] [32mBuilding C object CMakeFiles/turtlesim__rosidl_generator_c.dir/rosidl_generator_c/turtlesim/action/detail/rotate_absolute__functions.c.o[0m
[4.271s] [  8%] [32mBuilding C object CMakeFiles/turtlesim__rosidl_generator_c.dir/rosidl_generator_c/turtlesim/msg/detail/color__functions.c.o[0m
[4.273s] [  9%] [32mBuilding C object CMakeFiles/turtlesim__rosidl_generator_c.dir/rosidl_generator_c/turtlesim/msg/detail/pose__functions.c.o[0m
[4.312s] [ 10%] [32mBuilding C object CMakeFiles/turtlesim__rosidl_generator_c.dir/rosidl_generator_c/turtlesim/srv/detail/kill__functions.c.o[0m
[4.338s] [ 11%] [32mBuilding C object CMakeFiles/turtlesim__rosidl_generator_c.dir/rosidl_generator_c/turtlesim/srv/detail/set_pen__functions.c.o[0m
[4.375s] [ 12%] [32mBuilding C object CMakeFiles/turtlesim__rosidl_generator_c.dir/rosidl_generator_c/turtlesim/srv/detail/spawn__functions.c.o[0m
[4.386s] [ 13%] [32mBuilding C object CMakeFiles/turtlesim__rosidl_generator_c.dir/rosidl_generator_c/turtlesim/srv/detail/teleport_absolute__functions.c.o[0m
[4.401s] [ 14%] [32mBuilding C object CMakeFiles/turtlesim__rosidl_generator_c.dir/rosidl_generator_c/turtlesim/srv/detail/teleport_relative__functions.c.o[0m
[4.584s] [ 15%] [32m[1mLinking C shared library libturtlesim__rosidl_generator_c.so[0m
[4.643s] [ 15%] Built target turtlesim__rosidl_generator_c
[4.663s] [ 17%] [34m[1mGenerating C type support for eProsima Micro XRCE-DDS[0m
[4.663s] [ 17%] [34m[1mGenerating C type support dispatch for ROS interfaces[0m
[4.664s] [ 18%] [34m[1mGenerating C type support for eProsima Fast-RTPS[0m
[4.665s] [ 19%] [34m[1mGenerating C introspection for ROS interfaces[0m
[5.010s] [ 23%] [32mBuilding CXX object CMakeFiles/turtlesim__rosidl_typesupport_cpp.dir/rosidl_typesupport_cpp/turtlesim/msg/color__type_support.cpp.o[0m
[5.010s] [ 23%] [32mBuilding CXX object CMakeFiles/turtlesim__rosidl_typesupport_cpp.dir/rosidl_typesupport_cpp/turtlesim/msg/pose__type_support.cpp.o[0m
[5.010s] [ 23%] [32mBuilding CXX object CMakeFiles/turtlesim__rosidl_typesupport_cpp.dir/rosidl_typesupport_cpp/turtlesim/srv/set_pen__type_support.cpp.o[0m
[5.010s] [ 23%] [32mBuilding CXX object CMakeFiles/turtlesim__rosidl_typesupport_cpp.dir/rosidl_typesupport_cpp/turtlesim/srv/kill__type_support.cpp.o[0m
[5.010s] [ 24%] [32mBuilding CXX object CMakeFiles/turtlesim__rosidl_typesupport_cpp.dir/rosidl_typesupport_cpp/turtlesim/action/rotate_absolute__type_support.cpp.o[0m
[5.011s] [ 25%] [32mBuilding CXX object CMakeFiles/turtlesim__rosidl_typesupport_cpp.dir/rosidl_typesupport_cpp/turtlesim/srv/spawn__type_support.cpp.o[0m
[5.018s] [ 26%] [32mBuilding CXX object CMakeFiles/turtlesim__rosidl_typesupport_cpp.dir/rosidl_typesupport_cpp/turtlesim/srv/teleport_relative__type_support.cpp.o[0m
[5.021s] [ 26%] [32mBuilding CXX object CMakeFiles/turtlesim__rosidl_typesupport_cpp.dir/rosidl_typesupport_cpp/turtlesim/srv/teleport_absolute__type_support.cpp.o[0m
[5.427s] [ 26%] [32mBuilding CXX object CMakeFiles/turtlesim__rosidl_typesupport_introspection_cpp.dir/rosidl_typesupport_introspection_cpp/turtlesim/action/detail/rotate_absolute__type_support.cpp.o[0m
[5.431s] [ 27%] [32mBuilding CXX object CMakeFiles/turtlesim__rosidl_typesupport_introspection_cpp.dir/rosidl_typesupport_introspection_cpp/turtlesim/msg/detail/color__type_support.cpp.o[0m
[5.478s] [ 28%] [32mBuilding CXX object CMakeFiles/turtlesim__rosidl_typesupport_introspection_cpp.dir/rosidl_typesupport_introspection_cpp/turtlesim/msg/detail/pose__type_support.cpp.o[0m
[5.488s] [ 29%] [32mBuilding CXX object CMakeFiles/turtlesim__rosidl_typesupport_introspection_cpp.dir/rosidl_typesupport_introspection_cpp/turtlesim/srv/detail/kill__type_support.cpp.o[0m
[5.491s] [ 30%] [32mBuilding CXX object CMakeFiles/turtlesim__rosidl_typesupport_introspection_cpp.dir/rosidl_typesupport_introspection_cpp/turtlesim/srv/detail/set_pen__type_support.cpp.o[0m
[5.493s] [ 31%] [32mBuilding CXX object CMakeFiles/turtlesim__rosidl_typesupport_introspection_cpp.dir/rosidl_typesupport_introspection_cpp/turtlesim/srv/detail/spawn__type_support.cpp.o[0m
[5.502s] [ 32%] [32mBuilding CXX object CMakeFiles/turtlesim__rosidl_typesupport_introspection_cpp.dir/rosidl_typesupport_introspection_cpp/turtlesim/srv/detail/teleport_absolute__type_support.cpp.o[0m
[5.518s] [ 33%] [32mBuilding CXX object CMakeFiles/turtlesim__rosidl_typesupport_microxrcedds_cpp.dir/rosidl_typesupport_microxrcedds_cpp/turtlesim/action/detail/microxrcedds/rotate_absolute__type_support_cpp.cpp.o[0m
[5.526s] [ 34%] [32mBuilding CXX object CMakeFiles/turtlesim__rosidl_typesupport_microxrcedds_cpp.dir/rosidl_typesupport_microxrcedds_cpp/turtlesim/msg/detail/microxrcedds/color__type_support_cpp.cpp.o[0m
[5.529s] [ 35%] [32mBuilding CXX object CMakeFiles/turtlesim__rosidl_typesupport_introspection_cpp.dir/rosidl_typesupport_introspection_cpp/turtlesim/srv/detail/teleport_relative__type_support.cpp.o[0m
[5.566s] [ 36%] [32mBuilding CXX object CMakeFiles/turtlesim__rosidl_typesupport_c.dir/rosidl_typesupport_c/turtlesim/action/rotate_absolute__type_support.cpp.o[0m
[5.617s] [ 37%] [32mBuilding CXX object CMakeFiles/turtlesim__rosidl_typesupport_fastrtps_cpp.dir/rosidl_typesupport_fastrtps_cpp/turtlesim/action/detail/dds_fastrtps/rotate_absolute__type_support.cpp.o[0m
[5.760s] [ 38%] [32m[1mLinking CXX shared library libturtlesim__rosidl_typesupport_cpp.so[0m
[5.808s] [ 39%] [32mBuilding CXX object CMakeFiles/turtlesim__rosidl_typesupport_c.dir/rosidl_typesupport_c/turtlesim/msg/color__type_support.cpp.o[0m
[5.905s] [ 39%] Built target turtlesim__rosidl_typesupport_cpp
[5.936s] [ 40%] [34m[1mGenerating include/turtlesim/moc_turtle_frame.cpp[0m
[5.945s] [ 41%] [32mBuilding CXX object CMakeFiles/turtlesim__rosidl_typesupport_c.dir/rosidl_typesupport_c/turtlesim/msg/pose__type_support.cpp.o[0m
[5.992s] [ 42%] [32mBuilding CXX object CMakeFiles/turtlesim__rosidl_typesupport_microxrcedds_cpp.dir/rosidl_typesupport_microxrcedds_cpp/turtlesim/msg/detail/microxrcedds/pose__type_support_cpp.cpp.o[0m
[6.010s] [ 43%] [32mBuilding CXX object CMakeFiles/turtlesim__rosidl_typesupport_c.dir/rosidl_typesupport_c/turtlesim/srv/kill__type_support.cpp.o[0m
[6.073s] [ 44%] [32mBuilding CXX object CMakeFiles/turtlesim__rosidl_typesupport_c.dir/rosidl_typesupport_c/turtlesim/srv/set_pen__type_support.cpp.o[0m
[6.105s] [ 45%] [32mBuilding CXX object CMakeFiles/turtlesim__rosidl_typesupport_c.dir/rosidl_typesupport_c/turtlesim/srv/spawn__type_support.cpp.o[0m
[6.119s] [ 46%] [32mBuilding C object CMakeFiles/turtlesim__rosidl_typesupport_microxrcedds_c.dir/rosidl_typesupport_microxrcedds_c/turtlesim/action/detail/microxrcedds/rotate_absolute__type_support_c.c.o[0m
[6.129s] [ 47%] [32mBuilding CXX object CMakeFiles/turtle_teleop_key.dir/tutorials/teleop_turtle_key.cpp.o[0m
[6.130s] [ 49%] [32mBuilding CXX object CMakeFiles/turtlesim__rosidl_typesupport_c.dir/rosidl_typesupport_c/turtlesim/srv/teleport_absolute__type_support.cpp.o[0m
[6.130s] [ 49%] [32mBuilding CXX object CMakeFiles/turtlesim__rosidl_typesupport_microxrcedds_cpp.dir/rosidl_typesupport_microxrcedds_cpp/turtlesim/srv/detail/microxrcedds/kill__type_support_cpp.cpp.o[0m
[6.136s] [ 50%] [32mBuilding CXX object CMakeFiles/turtlesim__rosidl_typesupport_c.dir/rosidl_typesupport_c/turtlesim/srv/teleport_relative__type_support.cpp.o[0m
[6.148s] [ 51%] [32mBuilding CXX object CMakeFiles/turtlesim_node.dir/src/turtlesim.cpp.o[0m
[6.148s] [ 52%] [32mBuilding C object CMakeFiles/turtlesim__rosidl_typesupport_microxrcedds_c.dir/rosidl_typesupport_microxrcedds_c/turtlesim/msg/detail/microxrcedds/color__type_support_c.c.o[0m
[6.163s] [ 53%] [32mBuilding C object CMakeFiles/turtlesim__rosidl_typesupport_microxrcedds_c.dir/rosidl_typesupport_microxrcedds_c/turtlesim/msg/detail/microxrcedds/pose__type_support_c.c.o[0m
[6.168s] [ 54%] [32mBuilding CXX object CMakeFiles/turtlesim__rosidl_typesupport_fastrtps_c.dir/rosidl_typesupport_fastrtps_c/turtlesim/action/detail/rotate_absolute__type_support_c.cpp.o[0m
[6.178s] [ 55%] [32mBuilding CXX object CMakeFiles/turtlesim__rosidl_typesupport_microxrcedds_cpp.dir/rosidl_typesupport_microxrcedds_cpp/turtlesim/srv/detail/microxrcedds/set_pen__type_support_cpp.cpp.o[0m
[6.186s] [ 55%] [32mBuilding CXX object CMakeFiles/draw_square.dir/tutorials/draw_square.cpp.o[0m
[6.187s] [ 56%] [32mBuilding C object CMakeFiles/turtlesim__rosidl_typesupport_introspection_c.dir/rosidl_typesupport_introspection_c/turtlesim/action/detail/rotate_absolute__type_support.c.o[0m
[6.194s] [ 57%] [32mBuilding CXX object CMakeFiles/turtlesim__rosidl_typesupport_fastrtps_c.dir/rosidl_typesupport_fastrtps_c/turtlesim/msg/detail/color__type_support_c.cpp.o[0m
[6.194s] [ 58%] [32m[1mLinking CXX shared library libturtlesim__rosidl_typesupport_c.so[0m
[6.224s] [ 59%] [32mBuilding C object CMakeFiles/turtlesim__rosidl_typesupport_microxrcedds_c.dir/rosidl_typesupport_microxrcedds_c/turtlesim/srv/detail/microxrcedds/kill__type_support_c.c.o[0m
[6.240s] [ 60%] [32mBuilding C object CMakeFiles/turtlesim__rosidl_typesupport_microxrcedds_c.dir/rosidl_typesupport_microxrcedds_c/turtlesim/srv/detail/microxrcedds/set_pen__type_support_c.c.o[0m
[6.256s] [ 61%] [32mBuilding C object CMakeFiles/turtlesim__rosidl_typesupport_microxrcedds_c.dir/rosidl_typesupport_microxrcedds_c/turtlesim/srv/detail/microxrcedds/spawn__type_support_c.c.o[0m
[6.275s] [ 62%] [32mBuilding C object CMakeFiles/turtlesim__rosidl_typesupport_introspection_c.dir/rosidl_typesupport_introspection_c/turtlesim/msg/detail/color__type_support.c.o[0m
[6.313s] [ 63%] [32mBuilding C object CMakeFiles/turtlesim__rosidl_typesupport_microxrcedds_c.dir/rosidl_typesupport_microxrcedds_c/turtlesim/srv/detail/microxrcedds/teleport_absolute__type_support_c.c.o[0m
[6.344s] [ 63%] Built target turtlesim__rosidl_typesupport_c
[6.359s] [ 64%] [32mBuilding C object CMakeFiles/turtlesim__rosidl_typesupport_microxrcedds_c.dir/rosidl_typesupport_microxrcedds_c/turtlesim/srv/detail/microxrcedds/teleport_relative__type_support_c.c.o[0m
[6.360s] [ 65%] [32mBuilding C object CMakeFiles/turtlesim__rosidl_typesupport_introspection_c.dir/rosidl_typesupport_introspection_c/turtlesim/msg/detail/pose__type_support.c.o[0m
[6.367s] [ 66%] [32mBuilding C object CMakeFiles/turtlesim__rosidl_typesupport_introspection_c.dir/rosidl_typesupport_introspection_c/turtlesim/srv/detail/kill__type_support.c.o[0m
[6.371s] [ 67%] [32mBuilding CXX object CMakeFiles/turtlesim__rosidl_typesupport_microxrcedds_cpp.dir/rosidl_typesupport_microxrcedds_cpp/turtlesim/srv/detail/microxrcedds/spawn__type_support_cpp.cpp.o[0m
[6.422s] [ 68%] [32mBuilding CXX object CMakeFiles/mimic.dir/tutorials/mimic.cpp.o[0m
[6.450s] [ 69%] [32mBuilding CXX object CMakeFiles/turtlesim__rosidl_typesupport_microxrcedds_cpp.dir/rosidl_typesupport_microxrcedds_cpp/turtlesim/srv/detail/microxrcedds/teleport_absolute__type_support_cpp.cpp.o[0m
[6.450s] [ 71%] [32mBuilding C object CMakeFiles/turtlesim__rosidl_typesupport_introspection_c.dir/rosidl_typesupport_introspection_c/turtlesim/srv/detail/set_pen__type_support.c.o[0m
[6.450s] [ 71%] [32mBuilding CXX object CMakeFiles/turtlesim__rosidl_typesupport_microxrcedds_cpp.dir/rosidl_typesupport_microxrcedds_cpp/turtlesim/srv/detail/microxrcedds/teleport_relative__type_support_cpp.cpp.o[0m
[6.451s] [ 72%] [32mBuilding C object CMakeFiles/turtlesim__rosidl_typesupport_introspection_c.dir/rosidl_typesupport_introspection_c/turtlesim/srv/detail/spawn__type_support.c.o[0m
[6.465s] [ 73%] [32m[1mLinking CXX shared library libturtlesim__rosidl_typesupport_introspection_cpp.so[0m
[6.466s] [ 74%] [32m[1mLinking C shared library libturtlesim__rosidl_typesupport_microxrcedds_c.so[0m
[6.530s] [ 75%] [32mBuilding CXX object CMakeFiles/turtlesim__rosidl_typesupport_fastrtps_cpp.dir/rosidl_typesupport_fastrtps_cpp/turtlesim/msg/detail/dds_fastrtps/color__type_support.cpp.o[0m
[6.535s] [ 76%] [32mBuilding C object CMakeFiles/turtlesim__rosidl_typesupport_introspection_c.dir/rosidl_typesupport_introspection_c/turtlesim/srv/detail/teleport_absolute__type_support.c.o[0m
[6.538s] [ 77%] [32mBuilding C object CMakeFiles/turtlesim__rosidl_typesupport_introspection_c.dir/rosidl_typesupport_introspection_c/turtlesim/srv/detail/teleport_relative__type_support.c.o[0m
[6.612s] [ 77%] Built target turtlesim__rosidl_typesupport_microxrcedds_c
[6.630s] [ 78%] [32mBuilding CXX object CMakeFiles/turtlesim__rosidl_typesupport_fastrtps_cpp.dir/rosidl_typesupport_fastrtps_cpp/turtlesim/msg/detail/dds_fastrtps/pose__type_support.cpp.o[0m
[6.632s] [ 79%] [32mBuilding CXX object CMakeFiles/turtlesim__rosidl_typesupport_fastrtps_cpp.dir/rosidl_typesupport_fastrtps_cpp/turtlesim/srv/detail/dds_fastrtps/kill__type_support.cpp.o[0m
[6.635s] [ 80%] [32mBuilding CXX object CMakeFiles/turtlesim__rosidl_typesupport_fastrtps_cpp.dir/rosidl_typesupport_fastrtps_cpp/turtlesim/srv/detail/dds_fastrtps/spawn__type_support.cpp.o[0m
[6.637s] [ 81%] [32m[1mLinking C shared library libturtlesim__rosidl_typesupport_introspection_c.so[0m
[6.640s] [ 82%] [32mBuilding CXX object CMakeFiles/turtlesim__rosidl_typesupport_fastrtps_cpp.dir/rosidl_typesupport_fastrtps_cpp/turtlesim/srv/detail/dds_fastrtps/set_pen__type_support.cpp.o[0m
[6.709s] [ 82%] Built target turtlesim__rosidl_typesupport_introspection_cpp
[6.716s] [ 82%] Built target turtlesim__rosidl_typesupport_introspection_c
[6.733s] [ 84%] [32mBuilding CXX object CMakeFiles/turtlesim__rosidl_typesupport_fastrtps_c.dir/rosidl_typesupport_fastrtps_c/turtlesim/msg/detail/pose__type_support_c.cpp.o[0m
[6.735s] [ 84%] [32mBuilding CXX object CMakeFiles/turtlesim__rosidl_typesupport_fastrtps_cpp.dir/rosidl_typesupport_fastrtps_cpp/turtlesim/srv/detail/dds_fastrtps/teleport_absolute__type_support.cpp.o[0m
[6.736s] [ 85%] [32mBuilding CXX object CMakeFiles/turtlesim__rosidl_typesupport_fastrtps_c.dir/rosidl_typesupport_fastrtps_c/turtlesim/srv/detail/kill__type_support_c.cpp.o[0m
[6.770s] [ 86%] [32mBuilding CXX object CMakeFiles/turtlesim__rosidl_typesupport_fastrtps_c.dir/rosidl_typesupport_fastrtps_c/turtlesim/srv/detail/set_pen__type_support_c.cpp.o[0m
[6.875s] [ 87%] [32mBuilding CXX object CMakeFiles/turtlesim__rosidl_typesupport_fastrtps_c.dir/rosidl_typesupport_fastrtps_c/turtlesim/srv/detail/spawn__type_support_c.cpp.o[0m
[6.909s] [ 88%] [32mBuilding CXX object CMakeFiles/turtlesim__rosidl_typesupport_fastrtps_cpp.dir/rosidl_typesupport_fastrtps_cpp/turtlesim/srv/detail/dds_fastrtps/teleport_relative__type_support.cpp.o[0m
[6.942s] [ 89%] [32m[1mLinking CXX shared library libturtlesim__rosidl_typesupport_microxrcedds_cpp.so[0m
[7.190s] [ 90%] [32mBuilding CXX object CMakeFiles/turtlesim__rosidl_typesupport_fastrtps_c.dir/rosidl_typesupport_fastrtps_c/turtlesim/srv/detail/teleport_absolute__type_support_c.cpp.o[0m
[7.259s] [ 91%] [32mBuilding CXX object CMakeFiles/turtlesim__rosidl_typesupport_fastrtps_c.dir/rosidl_typesupport_fastrtps_c/turtlesim/srv/detail/teleport_relative__type_support_c.cpp.o[0m
[7.267s] [ 91%] Built target turtlesim__rosidl_typesupport_microxrcedds_cpp
[7.289s] [ 92%] [32mBuilding CXX object CMakeFiles/turtlesim_node.dir/src/turtle.cpp.o[0m
[7.295s] [ 93%] [32mBuilding CXX object CMakeFiles/turtlesim_node.dir/src/turtle_frame.cpp.o[0m
[7.302s] [ 94%] [32mBuilding CXX object CMakeFiles/turtlesim_node.dir/include/turtlesim/moc_turtle_frame.cpp.o[0m
[7.533s] [ 95%] [32m[1mLinking CXX shared library libturtlesim__rosidl_typesupport_fastrtps_cpp.so[0m
[7.683s] [ 96%] [32m[1mLinking CXX shared library libturtlesim__rosidl_typesupport_fastrtps_c.so[0m
[7.683s] [ 96%] Built target turtlesim__rosidl_typesupport_fastrtps_cpp
[7.796s] [ 96%] Built target turtlesim__rosidl_typesupport_fastrtps_c
[7.822s] [ 96%] Built target turtlesim
[12.849s] [ 97%] [32m[1mLinking CXX executable turtle_teleop_key[0m
[13.230s] [ 97%] Built target turtle_teleop_key
[15.198s] [ 98%] [32m[1mLinking CXX executable mimic[0m
[15.699s] [ 98%] Built target mimic
[15.959s] [ 99%] [32m[1mLinking CXX executable draw_square[0m
[16.518s] [ 99%] Built target draw_square
[18.690s] [100%] [32m[1mLinking CXX executable turtlesim_node[0m
[20.887s] [100%] Built target turtlesim_node
