running egg_info
creating ../../build/delbot_controller/delbot_controller.egg-info
writing ../../build/delbot_controller/delbot_controller.egg-info/PKG-INFO
writing dependency_links to ../../build/delbot_controller/delbot_controller.egg-info/dependency_links.txt
writing entry points to ../../build/delbot_controller/delbot_controller.egg-info/entry_points.txt
writing requirements to ../../build/delbot_controller/delbot_controller.egg-info/requires.txt
writing top-level names to ../../build/delbot_controller/delbot_controller.egg-info/top_level.txt
writing manifest file '../../build/delbot_controller/delbot_controller.egg-info/SOURCES.txt'
reading manifest file '../../build/delbot_controller/delbot_controller.egg-info/SOURCES.txt'
writing manifest file '../../build/delbot_controller/delbot_controller.egg-info/SOURCES.txt'
running build
running build_py
creating /home/workspace/ros_ws/build/delbot_controller/build
creating /home/workspace/ros_ws/build/delbot_controller/build/lib
creating /home/workspace/ros_ws/build/delbot_controller/build/lib/delbot_controller
copying delbot_controller/draw_circle.py -> /home/workspace/ros_ws/build/delbot_controller/build/lib/delbot_controller
copying delbot_controller/joy_simulator.py -> /home/workspace/ros_ws/build/delbot_controller/build/lib/delbot_controller
copying delbot_controller/turtle_controller.py -> /home/workspace/ros_ws/build/delbot_controller/build/lib/delbot_controller
copying delbot_controller/pose_subscriber.py -> /home/workspace/ros_ws/build/delbot_controller/build/lib/delbot_controller
copying delbot_controller/joy_control.py -> /home/workspace/ros_ws/build/delbot_controller/build/lib/delbot_controller
copying delbot_controller/first_node.py -> /home/workspace/ros_ws/build/delbot_controller/build/lib/delbot_controller
copying delbot_controller/__init__.py -> /home/workspace/ros_ws/build/delbot_controller/build/lib/delbot_controller
running install
running install_lib
creating /home/workspace/ros_ws/install/delbot_controller/lib/python3.8/site-packages/delbot_controller
copying /home/workspace/ros_ws/build/delbot_controller/build/lib/delbot_controller/draw_circle.py -> /home/workspace/ros_ws/install/delbot_controller/lib/python3.8/site-packages/delbot_controller
copying /home/workspace/ros_ws/build/delbot_controller/build/lib/delbot_controller/joy_simulator.py -> /home/workspace/ros_ws/install/delbot_controller/lib/python3.8/site-packages/delbot_controller
copying /home/workspace/ros_ws/build/delbot_controller/build/lib/delbot_controller/turtle_controller.py -> /home/workspace/ros_ws/install/delbot_controller/lib/python3.8/site-packages/delbot_controller
copying /home/workspace/ros_ws/build/delbot_controller/build/lib/delbot_controller/pose_subscriber.py -> /home/workspace/ros_ws/install/delbot_controller/lib/python3.8/site-packages/delbot_controller
copying /home/workspace/ros_ws/build/delbot_controller/build/lib/delbot_controller/joy_control.py -> /home/workspace/ros_ws/install/delbot_controller/lib/python3.8/site-packages/delbot_controller
copying /home/workspace/ros_ws/build/delbot_controller/build/lib/delbot_controller/first_node.py -> /home/workspace/ros_ws/install/delbot_controller/lib/python3.8/site-packages/delbot_controller
copying /home/workspace/ros_ws/build/delbot_controller/build/lib/delbot_controller/__init__.py -> /home/workspace/ros_ws/install/delbot_controller/lib/python3.8/site-packages/delbot_controller
byte-compiling /home/workspace/ros_ws/install/delbot_controller/lib/python3.8/site-packages/delbot_controller/draw_circle.py to draw_circle.cpython-38.pyc
byte-compiling /home/workspace/ros_ws/install/delbot_controller/lib/python3.8/site-packages/delbot_controller/joy_simulator.py to joy_simulator.cpython-38.pyc
byte-compiling /home/workspace/ros_ws/install/delbot_controller/lib/python3.8/site-packages/delbot_controller/turtle_controller.py to turtle_controller.cpython-38.pyc
byte-compiling /home/workspace/ros_ws/install/delbot_controller/lib/python3.8/site-packages/delbot_controller/pose_subscriber.py to pose_subscriber.cpython-38.pyc
byte-compiling /home/workspace/ros_ws/install/delbot_controller/lib/python3.8/site-packages/delbot_controller/joy_control.py to joy_control.cpython-38.pyc
byte-compiling /home/workspace/ros_ws/install/delbot_controller/lib/python3.8/site-packages/delbot_controller/first_node.py to first_node.cpython-38.pyc
byte-compiling /home/workspace/ros_ws/install/delbot_controller/lib/python3.8/site-packages/delbot_controller/__init__.py to __init__.cpython-38.pyc
running install_data
creating /home/workspace/ros_ws/install/delbot_controller/share/ament_index
creating /home/workspace/ros_ws/install/delbot_controller/share/ament_index/resource_index
creating /home/workspace/ros_ws/install/delbot_controller/share/ament_index/resource_index/packages
copying resource/delbot_controller -> /home/workspace/ros_ws/install/delbot_controller/share/ament_index/resource_index/packages
copying package.xml -> /home/workspace/ros_ws/install/delbot_controller/share/delbot_controller
running install_egg_info
Copying ../../build/delbot_controller/delbot_controller.egg-info to /home/workspace/ros_ws/install/delbot_controller/lib/python3.8/site-packages/delbot_controller-0.0.0-py3.8.egg-info
running install_scripts
Installing draw_circle script to /home/workspace/ros_ws/install/delbot_controller/lib/delbot_controller
Installing joy_controller script to /home/workspace/ros_ws/install/delbot_controller/lib/delbot_controller
Installing joy_simulator script to /home/workspace/ros_ws/install/delbot_controller/lib/delbot_controller
Installing pose_subscriber script to /home/workspace/ros_ws/install/delbot_controller/lib/delbot_controller
Installing test_node script to /home/workspace/ros_ws/install/delbot_controller/lib/delbot_controller
Installing turtle_controller script to /home/workspace/ros_ws/install/delbot_controller/lib/delbot_controller
writing list of installed files to '/home/workspace/ros_ws/build/delbot_controller/install.log'
