[0.463s] Invoking command in '/home/workspace/ros_ws/src/delbot_controller': PYTHONPATH=/home/workspace/ros_ws/build/delbot_controller/prefix_override:/home/workspace/ros_ws/install/delbot_controller/lib/python3.8/site-packages:${PYTHONPATH} /usr/bin/python3 setup.py egg_info --egg-base ../../build/delbot_controller build --build-base /home/workspace/ros_ws/build/delbot_controller/build install --record /home/workspace/ros_ws/build/delbot_controller/install.log --install-scripts $base/lib/delbot_controller --single-version-externally-managed
[0.626s] running egg_info
[0.626s] creating ../../build/delbot_controller/delbot_controller.egg-info
[0.626s] writing ../../build/delbot_controller/delbot_controller.egg-info/PKG-INFO
[0.627s] writing dependency_links to ../../build/delbot_controller/delbot_controller.egg-info/dependency_links.txt
[0.627s] writing entry points to ../../build/delbot_controller/delbot_controller.egg-info/entry_points.txt
[0.627s] writing requirements to ../../build/delbot_controller/delbot_controller.egg-info/requires.txt
[0.627s] writing top-level names to ../../build/delbot_controller/delbot_controller.egg-info/top_level.txt
[0.628s] writing manifest file '../../build/delbot_controller/delbot_controller.egg-info/SOURCES.txt'
[0.653s] reading manifest file '../../build/delbot_controller/delbot_controller.egg-info/SOURCES.txt'
[0.654s] writing manifest file '../../build/delbot_controller/delbot_controller.egg-info/SOURCES.txt'
[0.654s] running build
[0.655s] running build_py
[0.655s] creating /home/workspace/ros_ws/build/delbot_controller/build
[0.655s] creating /home/workspace/ros_ws/build/delbot_controller/build/lib
[0.655s] creating /home/workspace/ros_ws/build/delbot_controller/build/lib/delbot_controller
[0.655s] copying delbot_controller/draw_circle.py -> /home/workspace/ros_ws/build/delbot_controller/build/lib/delbot_controller
[0.655s] copying delbot_controller/joy_simulator.py -> /home/workspace/ros_ws/build/delbot_controller/build/lib/delbot_controller
[0.656s] copying delbot_controller/turtle_controller.py -> /home/workspace/ros_ws/build/delbot_controller/build/lib/delbot_controller
[0.656s] copying delbot_controller/pose_subscriber.py -> /home/workspace/ros_ws/build/delbot_controller/build/lib/delbot_controller
[0.656s] copying delbot_controller/joy_control.py -> /home/workspace/ros_ws/build/delbot_controller/build/lib/delbot_controller
[0.656s] copying delbot_controller/first_node.py -> /home/workspace/ros_ws/build/delbot_controller/build/lib/delbot_controller
[0.656s] copying delbot_controller/__init__.py -> /home/workspace/ros_ws/build/delbot_controller/build/lib/delbot_controller
[0.656s] running install
[0.656s] running install_lib
[0.657s] creating /home/workspace/ros_ws/install/delbot_controller/lib/python3.8/site-packages/delbot_controller
[0.657s] copying /home/workspace/ros_ws/build/delbot_controller/build/lib/delbot_controller/draw_circle.py -> /home/workspace/ros_ws/install/delbot_controller/lib/python3.8/site-packages/delbot_controller
[0.657s] copying /home/workspace/ros_ws/build/delbot_controller/build/lib/delbot_controller/joy_simulator.py -> /home/workspace/ros_ws/install/delbot_controller/lib/python3.8/site-packages/delbot_controller
[0.657s] copying /home/workspace/ros_ws/build/delbot_controller/build/lib/delbot_controller/turtle_controller.py -> /home/workspace/ros_ws/install/delbot_controller/lib/python3.8/site-packages/delbot_controller
[0.657s] copying /home/workspace/ros_ws/build/delbot_controller/build/lib/delbot_controller/pose_subscriber.py -> /home/workspace/ros_ws/install/delbot_controller/lib/python3.8/site-packages/delbot_controller
[0.657s] copying /home/workspace/ros_ws/build/delbot_controller/build/lib/delbot_controller/joy_control.py -> /home/workspace/ros_ws/install/delbot_controller/lib/python3.8/site-packages/delbot_controller
[0.657s] copying /home/workspace/ros_ws/build/delbot_controller/build/lib/delbot_controller/first_node.py -> /home/workspace/ros_ws/install/delbot_controller/lib/python3.8/site-packages/delbot_controller
[0.657s] copying /home/workspace/ros_ws/build/delbot_controller/build/lib/delbot_controller/__init__.py -> /home/workspace/ros_ws/install/delbot_controller/lib/python3.8/site-packages/delbot_controller
[0.657s] byte-compiling /home/workspace/ros_ws/install/delbot_controller/lib/python3.8/site-packages/delbot_controller/draw_circle.py to draw_circle.cpython-38.pyc
[0.659s] byte-compiling /home/workspace/ros_ws/install/delbot_controller/lib/python3.8/site-packages/delbot_controller/joy_simulator.py to joy_simulator.cpython-38.pyc
[0.659s] byte-compiling /home/workspace/ros_ws/install/delbot_controller/lib/python3.8/site-packages/delbot_controller/turtle_controller.py to turtle_controller.cpython-38.pyc
[0.659s] byte-compiling /home/workspace/ros_ws/install/delbot_controller/lib/python3.8/site-packages/delbot_controller/pose_subscriber.py to pose_subscriber.cpython-38.pyc
[0.659s] byte-compiling /home/workspace/ros_ws/install/delbot_controller/lib/python3.8/site-packages/delbot_controller/joy_control.py to joy_control.cpython-38.pyc
[0.660s] byte-compiling /home/workspace/ros_ws/install/delbot_controller/lib/python3.8/site-packages/delbot_controller/first_node.py to first_node.cpython-38.pyc
[0.660s] byte-compiling /home/workspace/ros_ws/install/delbot_controller/lib/python3.8/site-packages/delbot_controller/__init__.py to __init__.cpython-38.pyc
[0.660s] running install_data
[0.660s] creating /home/workspace/ros_ws/install/delbot_controller/share/ament_index
[0.660s] creating /home/workspace/ros_ws/install/delbot_controller/share/ament_index/resource_index
[0.661s] creating /home/workspace/ros_ws/install/delbot_controller/share/ament_index/resource_index/packages
[0.661s] copying resource/delbot_controller -> /home/workspace/ros_ws/install/delbot_controller/share/ament_index/resource_index/packages
[0.661s] copying package.xml -> /home/workspace/ros_ws/install/delbot_controller/share/delbot_controller
[0.661s] running install_egg_info
[0.662s] Copying ../../build/delbot_controller/delbot_controller.egg-info to /home/workspace/ros_ws/install/delbot_controller/lib/python3.8/site-packages/delbot_controller-0.0.0-py3.8.egg-info
[0.662s] running install_scripts
[0.675s] Installing draw_circle script to /home/workspace/ros_ws/install/delbot_controller/lib/delbot_controller
[0.675s] Installing joy_controller script to /home/workspace/ros_ws/install/delbot_controller/lib/delbot_controller
[0.675s] Installing joy_simulator script to /home/workspace/ros_ws/install/delbot_controller/lib/delbot_controller
[0.676s] Installing pose_subscriber script to /home/workspace/ros_ws/install/delbot_controller/lib/delbot_controller
[0.676s] Installing test_node script to /home/workspace/ros_ws/install/delbot_controller/lib/delbot_controller
[0.676s] Installing turtle_controller script to /home/workspace/ros_ws/install/delbot_controller/lib/delbot_controller
[0.676s] writing list of installed files to '/home/workspace/ros_ws/build/delbot_controller/install.log'
[0.695s] Invoked command in '/home/workspace/ros_ws/src/delbot_controller' returned '0': PYTHONPATH=/home/workspace/ros_ws/build/delbot_controller/prefix_override:/home/workspace/ros_ws/install/delbot_controller/lib/python3.8/site-packages:${PYTHONPATH} /usr/bin/python3 setup.py egg_info --egg-base ../../build/delbot_controller build --build-base /home/workspace/ros_ws/build/delbot_controller/build install --record /home/workspace/ros_ws/build/delbot_controller/install.log --install-scripts $base/lib/delbot_controller --single-version-externally-managed
