[0.156s] Invoking command in '/home/amruth/Documents/git/ros_ws/WS/build/my_cpp_pkg': CMAKE_PREFIX_PATH=${CMAKE_PREFIX_PATH}:/home/amruth/Documents/git/ros_ws/WS/install/my_py_pkg:/home/amruth/Documents/git/microros_ws/install/sensor_msgs_py:/opt/ros/humble /usr/bin/cmake --build /home/amruth/Documents/git/ros_ws/WS/build/my_cpp_pkg -- -j16 -l16
[0.205s] [35m[1mConsolidate compiler generated dependencies of target cpp_node_3[0m
[0.219s] [ 33%] Built target cpp_node_1
[0.225s] [ 66%] Built target cpp_node_3
[0.229s] [100%] Built target cpp_node_2
[0.535s] Invoked command in '/home/amruth/Documents/git/ros_ws/WS/build/my_cpp_pkg' returned '0': CMAKE_PREFIX_PATH=${CMAKE_PREFIX_PATH}:/home/amruth/Documents/git/ros_ws/WS/install/my_py_pkg:/home/amruth/Documents/git/microros_ws/install/sensor_msgs_py:/opt/ros/humble /usr/bin/cmake --build /home/amruth/Documents/git/ros_ws/WS/build/my_cpp_pkg -- -j16 -l16
[0.593s] Invoking command in '/home/amruth/Documents/git/ros_ws/WS/build/my_cpp_pkg': CMAKE_PREFIX_PATH=${CMAKE_PREFIX_PATH}:/home/amruth/Documents/git/ros_ws/WS/install/my_py_pkg:/home/amruth/Documents/git/microros_ws/install/sensor_msgs_py:/opt/ros/humble /usr/bin/cmake --install /home/amruth/Documents/git/ros_ws/WS/build/my_cpp_pkg
[0.601s] -- Install configuration: ""
[0.602s] -- Up-to-date: /home/amruth/Documents/git/ros_ws/WS/install/my_cpp_pkg/lib/my_cpp_pkg/cpp_node_1
[0.602s] -- Up-to-date: /home/amruth/Documents/git/ros_ws/WS/install/my_cpp_pkg/lib/my_cpp_pkg/cpp_node_2
[0.602s] -- Up-to-date: /home/amruth/Documents/git/ros_ws/WS/install/my_cpp_pkg/lib/my_cpp_pkg/cpp_node_3
[0.602s] -- Up-to-date: /home/amruth/Documents/git/ros_ws/WS/install/my_cpp_pkg/share/ament_index/resource_index/package_run_dependencies/my_cpp_pkg
[0.602s] -- Up-to-date: /home/amruth/Documents/git/ros_ws/WS/install/my_cpp_pkg/share/ament_index/resource_index/parent_prefix_path/my_cpp_pkg
[0.602s] -- Up-to-date: /home/amruth/Documents/git/ros_ws/WS/install/my_cpp_pkg/share/my_cpp_pkg/environment/ament_prefix_path.sh
[0.602s] -- Up-to-date: /home/amruth/Documents/git/ros_ws/WS/install/my_cpp_pkg/share/my_cpp_pkg/environment/ament_prefix_path.dsv
[0.602s] -- Up-to-date: /home/amruth/Documents/git/ros_ws/WS/install/my_cpp_pkg/share/my_cpp_pkg/environment/path.sh
[0.602s] -- Up-to-date: /home/amruth/Documents/git/ros_ws/WS/install/my_cpp_pkg/share/my_cpp_pkg/environment/path.dsv
[0.603s] -- Up-to-date: /home/amruth/Documents/git/ros_ws/WS/install/my_cpp_pkg/share/my_cpp_pkg/local_setup.bash
[0.603s] -- Up-to-date: /home/amruth/Documents/git/ros_ws/WS/install/my_cpp_pkg/share/my_cpp_pkg/local_setup.sh
[0.603s] -- Up-to-date: /home/amruth/Documents/git/ros_ws/WS/install/my_cpp_pkg/share/my_cpp_pkg/local_setup.zsh
[0.603s] -- Up-to-date: /home/amruth/Documents/git/ros_ws/WS/install/my_cpp_pkg/share/my_cpp_pkg/local_setup.dsv
[0.603s] -- Installing: /home/amruth/Documents/git/ros_ws/WS/install/my_cpp_pkg/share/my_cpp_pkg/package.dsv
[0.603s] -- Up-to-date: /home/amruth/Documents/git/ros_ws/WS/install/my_cpp_pkg/share/ament_index/resource_index/packages/my_cpp_pkg
[0.603s] -- Up-to-date: /home/amruth/Documents/git/ros_ws/WS/install/my_cpp_pkg/share/my_cpp_pkg/cmake/my_cpp_pkgConfig.cmake
[0.603s] -- Up-to-date: /home/amruth/Documents/git/ros_ws/WS/install/my_cpp_pkg/share/my_cpp_pkg/cmake/my_cpp_pkgConfig-version.cmake
[0.603s] -- Up-to-date: /home/amruth/Documents/git/ros_ws/WS/install/my_cpp_pkg/share/my_cpp_pkg/package.xml
[0.605s] Invoked command in '/home/amruth/Documents/git/ros_ws/WS/build/my_cpp_pkg' returned '0': CMAKE_PREFIX_PATH=${CMAKE_PREFIX_PATH}:/home/amruth/Documents/git/ros_ws/WS/install/my_py_pkg:/home/amruth/Documents/git/microros_ws/install/sensor_msgs_py:/opt/ros/humble /usr/bin/cmake --install /home/amruth/Documents/git/ros_ws/WS/build/my_cpp_pkg
