[2.619s] Invoking command in '/home/amruth/Documents/git/ros_ws/WS/src/py_pubsub': PYTHONPATH=/home/amruth/Documents/git/ros_ws/WS/build/py_pubsub/prefix_override:/home/amruth/Documents/git/ros_ws/WS/install/py_pubsub/lib/python3.10/site-packages:${PYTHONPATH} /usr/bin/python3 setup.py egg_info --egg-base ../../build/py_pubsub build --build-base /home/amruth/Documents/git/ros_ws/WS/build/py_pubsub/build install --record /home/amruth/Documents/git/ros_ws/WS/build/py_pubsub/install.log --single-version-externally-managed
[3.102s] running egg_info
[3.102s] writing ../../build/py_pubsub/py_pubsub.egg-info/PKG-INFO
[3.102s] writing dependency_links to ../../build/py_pubsub/py_pubsub.egg-info/dependency_links.txt
[3.103s] writing entry points to ../../build/py_pubsub/py_pubsub.egg-info/entry_points.txt
[3.103s] writing requirements to ../../build/py_pubsub/py_pubsub.egg-info/requires.txt
[3.103s] writing top-level names to ../../build/py_pubsub/py_pubsub.egg-info/top_level.txt
[3.112s] reading manifest file '../../build/py_pubsub/py_pubsub.egg-info/SOURCES.txt'
[3.112s] adding license file 'LICENSE'
[3.112s] writing manifest file '../../build/py_pubsub/py_pubsub.egg-info/SOURCES.txt'
[3.113s] running build
[3.113s] running build_py
[3.113s] copying py_pubsub/subscriber_member_function.py -> /home/amruth/Documents/git/ros_ws/WS/build/py_pubsub/build/lib/py_pubsub
[3.113s] running install
[3.114s] running install_lib
[3.115s] /usr/lib/python3/dist-packages/setuptools/command/install.py:34: SetuptoolsDeprecationWarning: setup.py install is deprecated. Use build and pip and other standards-based tools.
[3.115s]   warnings.warn(
[3.115s] copying /home/amruth/Documents/git/ros_ws/WS/build/py_pubsub/build/lib/py_pubsub/subscriber_member_function.py -> /home/amruth/Documents/git/ros_ws/WS/install/py_pubsub/lib/python3.10/site-packages/py_pubsub
[3.116s] byte-compiling /home/amruth/Documents/git/ros_ws/WS/install/py_pubsub/lib/python3.10/site-packages/py_pubsub/subscriber_member_function.py to subscriber_member_function.cpython-310.pyc
[3.117s] running install_data
[3.118s] running install_egg_info
[3.122s] removing '/home/amruth/Documents/git/ros_ws/WS/install/py_pubsub/lib/python3.10/site-packages/py_pubsub-0.0.0-py3.10.egg-info' (and everything under it)
[3.122s] Copying ../../build/py_pubsub/py_pubsub.egg-info to /home/amruth/Documents/git/ros_ws/WS/install/py_pubsub/lib/python3.10/site-packages/py_pubsub-0.0.0-py3.10.egg-info
[3.124s] running install_scripts
[3.164s] Installing TVanchor script to /home/amruth/Documents/git/ros_ws/WS/install/py_pubsub/lib/py_pubsub
[3.164s] Installing TVaudience script to /home/amruth/Documents/git/ros_ws/WS/install/py_pubsub/lib/py_pubsub
[3.164s] writing list of installed files to '/home/amruth/Documents/git/ros_ws/WS/build/py_pubsub/install.log'
[3.432s] Invoked command in '/home/amruth/Documents/git/ros_ws/WS/src/py_pubsub' returned '0': PYTHONPATH=/home/amruth/Documents/git/ros_ws/WS/build/py_pubsub/prefix_override:/home/amruth/Documents/git/ros_ws/WS/install/py_pubsub/lib/python3.10/site-packages:${PYTHONPATH} /usr/bin/python3 setup.py egg_info --egg-base ../../build/py_pubsub build --build-base /home/amruth/Documents/git/ros_ws/WS/build/py_pubsub/build install --record /home/amruth/Documents/git/ros_ws/WS/build/py_pubsub/install.log --single-version-externally-managed
