[0.184s] Invoking command in '/home/ros_ws/build/batt_led': CMAKE_PREFIX_PATH=/home/ros_ws/install/bat_led_interfaces:/home/ros_ws/install/batt_led:/home/ros_ws/install/my_robot_interfaces:/home/ros_ws/install/my_cpp_pkg:/home/ros_ws/install/my_py_pkg:/opt/ros/foxy /usr/bin/cmake --build /home/ros_ws/build/batt_led -- -j16 -l16
[0.226s] [35m[1mScanning dependencies of target led_pannel[0m
[0.239s] [ 50%] Built target battery
[0.269s] [ 75%] [32mBuilding CXX object CMakeFiles/led_pannel.dir/src/led_pannel.cpp.o[0m
[1.929s] [100%] [32m[1mLinking CXX executable led_pannel[0m
[2.054s] [100%] Built target led_pannel
[2.074s] Invoked command in '/home/ros_ws/build/batt_led' returned '0': CMAKE_PREFIX_PATH=/home/ros_ws/install/bat_led_interfaces:/home/ros_ws/install/batt_led:/home/ros_ws/install/my_robot_interfaces:/home/ros_ws/install/my_cpp_pkg:/home/ros_ws/install/my_py_pkg:/opt/ros/foxy /usr/bin/cmake --build /home/ros_ws/build/batt_led -- -j16 -l16
[2.117s] Invoking command in '/home/ros_ws/build/batt_led': CMAKE_PREFIX_PATH=/home/ros_ws/install/bat_led_interfaces:/home/ros_ws/install/batt_led:/home/ros_ws/install/my_robot_interfaces:/home/ros_ws/install/my_cpp_pkg:/home/ros_ws/install/my_py_pkg:/opt/ros/foxy /usr/bin/cmake --install /home/ros_ws/build/batt_led
[2.133s] -- Install configuration: ""
[2.133s] -- Up-to-date: /home/ros_ws/install/batt_led/lib/batt_led/battery
[2.134s] -- Installing: /home/ros_ws/install/batt_led/lib/batt_led/led_pannel
[2.135s] -- Set runtime path of "/home/ros_ws/install/batt_led/lib/batt_led/led_pannel" to ""
[2.135s] -- Up-to-date: /home/ros_ws/install/batt_led/share/ament_index/resource_index/package_run_dependencies/batt_led
[2.135s] -- Up-to-date: /home/ros_ws/install/batt_led/share/ament_index/resource_index/parent_prefix_path/batt_led
[2.135s] -- Up-to-date: /home/ros_ws/install/batt_led/share/batt_led/environment/ament_prefix_path.sh
[2.135s] -- Up-to-date: /home/ros_ws/install/batt_led/share/batt_led/environment/ament_prefix_path.dsv
[2.136s] -- Up-to-date: /home/ros_ws/install/batt_led/share/batt_led/environment/path.sh
[2.136s] -- Up-to-date: /home/ros_ws/install/batt_led/share/batt_led/environment/path.dsv
[2.136s] -- Up-to-date: /home/ros_ws/install/batt_led/share/batt_led/local_setup.bash
[2.136s] -- Up-to-date: /home/ros_ws/install/batt_led/share/batt_led/local_setup.sh
[2.136s] -- Up-to-date: /home/ros_ws/install/batt_led/share/batt_led/local_setup.zsh
[2.136s] -- Up-to-date: /home/ros_ws/install/batt_led/share/batt_led/local_setup.dsv
[2.136s] -- Installing: /home/ros_ws/install/batt_led/share/batt_led/package.dsv
[2.137s] -- Up-to-date: /home/ros_ws/install/batt_led/share/ament_index/resource_index/packages/batt_led
[2.137s] -- Up-to-date: /home/ros_ws/install/batt_led/share/batt_led/cmake/batt_ledConfig.cmake
[2.137s] -- Up-to-date: /home/ros_ws/install/batt_led/share/batt_led/cmake/batt_ledConfig-version.cmake
[2.137s] -- Up-to-date: /home/ros_ws/install/batt_led/share/batt_led/package.xml
[2.141s] Invoked command in '/home/ros_ws/build/batt_led' returned '0': CMAKE_PREFIX_PATH=/home/ros_ws/install/bat_led_interfaces:/home/ros_ws/install/batt_led:/home/ros_ws/install/my_robot_interfaces:/home/ros_ws/install/my_cpp_pkg:/home/ros_ws/install/my_py_pkg:/opt/ros/foxy /usr/bin/cmake --install /home/ros_ws/build/batt_led
