[  1%] [34m[1mGenerating C code for ROS interfaces[0m
[  3%] [34m[1mGenerating C++ code for ROS interfaces[0m
[  3%] Built target ament_cmake_python_copy_tutorial_interfaces_cpp
running egg_info
writing tutorial_interfaces_cpp.egg-info/PKG-INFO
writing dependency_links to tutorial_interfaces_cpp.egg-info/dependency_links.txt
writing top-level names to tutorial_interfaces_cpp.egg-info/top_level.txt
reading manifest file 'tutorial_interfaces_cpp.egg-info/SOURCES.txt'
writing manifest file 'tutorial_interfaces_cpp.egg-info/SOURCES.txt'
[  3%] Built target ament_cmake_python_build_tutorial_interfaces_cpp_egg
[  3%] Built target tutorial_interfaces_cpp__cpp
[  5%] [32mBuilding C object CMakeFiles/tutorial_interfaces_cpp__rosidl_generator_c.dir/rosidl_generator_c/tutorial_interfaces_cpp/msg/detail/num__functions.c.o[0m
[  6%] [32mBuilding C object CMakeFiles/tutorial_interfaces_cpp__rosidl_generator_c.dir/rosidl_generator_c/tutorial_interfaces_cpp/msg/detail/sphere__functions.c.o[0m
[  8%] [32mBuilding C object CMakeFiles/tutorial_interfaces_cpp__rosidl_generator_c.dir/rosidl_generator_c/tutorial_interfaces_cpp/srv/detail/add_three_ints__functions.c.o[0m
[ 10%] [34m[1mGenerating C++ type support dispatch for ROS interfaces[0m
[ 11%] [34m[1mGenerating C++ type support for eProsima Fast-RTPS[0m
[ 13%] [34m[1mGenerating C++ type support for eProsima Micro XRCE-DDS[0m
[ 15%] [34m[1mGenerating C++ introspection for ROS interfaces[0m
[ 16%] [32m[1mLinking C shared library libtutorial_interfaces_cpp__rosidl_generator_c.so[0m
[ 16%] Built target tutorial_interfaces_cpp__rosidl_generator_c
[ 20%] [34m[1mGenerating C type support for eProsima Micro XRCE-DDS[0m
[ 22%] [34m[1mGenerating C type support dispatch for ROS interfaces[0m
[ 22%] [34m[1mGenerating C introspection for ROS interfaces[0m
[ 23%] [34m[1mGenerating C type support for eProsima Fast-RTPS[0m
[ 25%] [32mBuilding CXX object CMakeFiles/tutorial_interfaces_cpp__rosidl_typesupport_cpp.dir/rosidl_typesupport_cpp/tutorial_interfaces_cpp/msg/num__type_support.cpp.o[0m
[ 27%] [32mBuilding CXX object CMakeFiles/tutorial_interfaces_cpp__rosidl_typesupport_cpp.dir/rosidl_typesupport_cpp/tutorial_interfaces_cpp/srv/add_three_ints__type_support.cpp.o[0m
[ 28%] [32mBuilding CXX object CMakeFiles/tutorial_interfaces_cpp__rosidl_typesupport_cpp.dir/rosidl_typesupport_cpp/tutorial_interfaces_cpp/msg/sphere__type_support.cpp.o[0m
[ 30%] [32mBuilding CXX object CMakeFiles/tutorial_interfaces_cpp__rosidl_typesupport_microxrcedds_cpp.dir/rosidl_typesupport_microxrcedds_cpp/tutorial_interfaces_cpp/msg/detail/microxrcedds/num__type_support_cpp.cpp.o[0m
[ 32%] [32mBuilding CXX object CMakeFiles/tutorial_interfaces_cpp__rosidl_typesupport_microxrcedds_cpp.dir/rosidl_typesupport_microxrcedds_cpp/tutorial_interfaces_cpp/srv/detail/microxrcedds/add_three_ints__type_support_cpp.cpp.o[0m
[ 33%] [32mBuilding CXX object CMakeFiles/tutorial_interfaces_cpp__rosidl_typesupport_microxrcedds_cpp.dir/rosidl_typesupport_microxrcedds_cpp/tutorial_interfaces_cpp/msg/detail/microxrcedds/sphere__type_support_cpp.cpp.o[0m
[ 35%] [32mBuilding CXX object CMakeFiles/tutorial_interfaces_cpp__rosidl_typesupport_introspection_cpp.dir/rosidl_typesupport_introspection_cpp/tutorial_interfaces_cpp/msg/detail/num__type_support.cpp.o[0m
[ 37%] [32mBuilding CXX object CMakeFiles/tutorial_interfaces_cpp__rosidl_typesupport_fastrtps_cpp.dir/rosidl_typesupport_fastrtps_cpp/tutorial_interfaces_cpp/msg/detail/dds_fastrtps/num__type_support.cpp.o[0m
[ 38%] [32mBuilding CXX object CMakeFiles/tutorial_interfaces_cpp__rosidl_typesupport_introspection_cpp.dir/rosidl_typesupport_introspection_cpp/tutorial_interfaces_cpp/msg/detail/sphere__type_support.cpp.o[0m
[ 40%] [32mBuilding CXX object CMakeFiles/tutorial_interfaces_cpp__rosidl_typesupport_fastrtps_cpp.dir/rosidl_typesupport_fastrtps_cpp/tutorial_interfaces_cpp/srv/detail/dds_fastrtps/add_three_ints__type_support.cpp.o[0m
[ 42%] [32mBuilding CXX object CMakeFiles/tutorial_interfaces_cpp__rosidl_typesupport_introspection_cpp.dir/rosidl_typesupport_introspection_cpp/tutorial_interfaces_cpp/srv/detail/add_three_ints__type_support.cpp.o[0m
[ 44%] [32mBuilding CXX object CMakeFiles/tutorial_interfaces_cpp__rosidl_typesupport_fastrtps_cpp.dir/rosidl_typesupport_fastrtps_cpp/tutorial_interfaces_cpp/msg/detail/dds_fastrtps/sphere__type_support.cpp.o[0m
[ 45%] [32mBuilding CXX object CMakeFiles/tutorial_interfaces_cpp__rosidl_typesupport_c.dir/rosidl_typesupport_c/tutorial_interfaces_cpp/msg/num__type_support.cpp.o[0m
[ 47%] [32mBuilding CXX object CMakeFiles/tutorial_interfaces_cpp__rosidl_typesupport_c.dir/rosidl_typesupport_c/tutorial_interfaces_cpp/msg/sphere__type_support.cpp.o[0m
[ 49%] [32mBuilding CXX object CMakeFiles/tutorial_interfaces_cpp__rosidl_typesupport_c.dir/rosidl_typesupport_c/tutorial_interfaces_cpp/srv/add_three_ints__type_support.cpp.o[0m
[ 50%] [32m[1mLinking CXX shared library libtutorial_interfaces_cpp__rosidl_typesupport_cpp.so[0m
[ 52%] [32mBuilding C object CMakeFiles/tutorial_interfaces_cpp__rosidl_typesupport_introspection_c.dir/rosidl_typesupport_introspection_c/tutorial_interfaces_cpp/msg/detail/num__type_support.c.o[0m
[ 54%] [32mBuilding C object CMakeFiles/tutorial_interfaces_cpp__rosidl_typesupport_introspection_c.dir/rosidl_typesupport_introspection_c/tutorial_interfaces_cpp/msg/detail/sphere__type_support.c.o[0m
[ 55%] [32m[1mLinking CXX shared library libtutorial_interfaces_cpp__rosidl_typesupport_c.so[0m
[ 57%] [32mBuilding C object CMakeFiles/tutorial_interfaces_cpp__rosidl_typesupport_microxrcedds_c.dir/rosidl_typesupport_microxrcedds_c/tutorial_interfaces_cpp/msg/detail/microxrcedds/num__type_support_c.c.o[0m
[ 59%] [32mBuilding C object CMakeFiles/tutorial_interfaces_cpp__rosidl_typesupport_introspection_c.dir/rosidl_typesupport_introspection_c/tutorial_interfaces_cpp/srv/detail/add_three_ints__type_support.c.o[0m
[ 61%] [32mBuilding CXX object CMakeFiles/tutorial_interfaces_cpp__rosidl_typesupport_fastrtps_c.dir/rosidl_typesupport_fastrtps_c/tutorial_interfaces_cpp/msg/detail/num__type_support_c.cpp.o[0m
[ 61%] Built target tutorial_interfaces_cpp__rosidl_typesupport_cpp
[ 62%] [32mBuilding CXX object CMakeFiles/tutorial_interfaces_cpp__rosidl_typesupport_fastrtps_c.dir/rosidl_typesupport_fastrtps_c/tutorial_interfaces_cpp/msg/detail/sphere__type_support_c.cpp.o[0m
[ 64%] [32mBuilding C object CMakeFiles/tutorial_interfaces_cpp__rosidl_typesupport_microxrcedds_c.dir/rosidl_typesupport_microxrcedds_c/tutorial_interfaces_cpp/msg/detail/microxrcedds/sphere__type_support_c.c.o[0m
[ 66%] [32mBuilding C object CMakeFiles/tutorial_interfaces_cpp__rosidl_typesupport_microxrcedds_c.dir/rosidl_typesupport_microxrcedds_c/tutorial_interfaces_cpp/srv/detail/microxrcedds/add_three_ints__type_support_c.c.o[0m
[ 67%] [32mBuilding CXX object CMakeFiles/tutorial_interfaces_cpp__rosidl_typesupport_fastrtps_c.dir/rosidl_typesupport_fastrtps_c/tutorial_interfaces_cpp/srv/detail/add_three_ints__type_support_c.cpp.o[0m
[ 69%] [32m[1mLinking C shared library libtutorial_interfaces_cpp__rosidl_typesupport_introspection_c.so[0m
[ 69%] Built target tutorial_interfaces_cpp__rosidl_typesupport_c
[ 71%] [32m[1mLinking CXX shared library libtutorial_interfaces_cpp__rosidl_typesupport_microxrcedds_cpp.so[0m
[ 72%] [32m[1mLinking C shared library libtutorial_interfaces_cpp__rosidl_typesupport_microxrcedds_c.so[0m
[ 74%] [32m[1mLinking CXX shared library libtutorial_interfaces_cpp__rosidl_typesupport_introspection_cpp.so[0m
[ 74%] Built target tutorial_interfaces_cpp__rosidl_typesupport_introspection_c
[ 74%] Built target tutorial_interfaces_cpp__rosidl_typesupport_microxrcedds_c
[ 74%] Built target tutorial_interfaces_cpp__rosidl_typesupport_microxrcedds_cpp
[ 76%] [32m[1mLinking CXX shared library libtutorial_interfaces_cpp__rosidl_typesupport_fastrtps_cpp.so[0m
[ 76%] Built target tutorial_interfaces_cpp__rosidl_typesupport_introspection_cpp
[ 76%] Built target tutorial_interfaces_cpp__rosidl_typesupport_fastrtps_cpp
[ 77%] [32m[1mLinking CXX shared library libtutorial_interfaces_cpp__rosidl_typesupport_fastrtps_c.so[0m
[ 77%] Built target tutorial_interfaces_cpp__rosidl_typesupport_fastrtps_c
[ 77%] Built target tutorial_interfaces_cpp
[ 79%] [34m[1mGenerating Python code for ROS interfaces[0m
Error processing idl file: /home/amruth/Documents/git/ros_ws/WS/build/tutorial_interfaces_cpp/rosidl_adapter/tutorial_interfaces_cpp/msg/Num.idl
Traceback (most recent call last):
  File "/opt/ros/humble/share/rosidl_generator_py/cmake/../../../lib/rosidl_generator_py/rosidl_generator_py", line 40, in <module>
    sys.exit(main())
             ^^^^^^
  File "/opt/ros/humble/share/rosidl_generator_py/cmake/../../../lib/rosidl_generator_py/rosidl_generator_py", line 36, in main
    generate_py(args.generator_arguments_file, args.typesupport_impls.split(';'))
  File "/opt/ros/humble/local/lib/python3.10/dist-packages/rosidl_generator_py/generate_py_impl.py", line 61, in generate_py
    generated_files = generate_files(generator_arguments_file, mapping)
                      ^^^^^^^^^^^^^^^^^^^^^^^^^^^^^^^^^^^^^^^^^^^^^^^^^
  File "/opt/ros/humble/local/lib/python3.10/dist-packages/rosidl_cmake/__init__.py", line 96, in generate_files
    raise(e)
  File "/opt/ros/humble/local/lib/python3.10/dist-packages/rosidl_cmake/__init__.py", line 87, in generate_files
    expand_template(
  File "/opt/ros/humble/local/lib/python3.10/dist-packages/rosidl_cmake/__init__.py", line 131, in expand_template
    em.BUFFERED_OPT: True,
    ^^^^^^^^^^^^^^^
AttributeError: module 'em' has no attribute 'BUFFERED_OPT'
gmake[2]: *** [tutorial_interfaces_cpp__py/CMakeFiles/tutorial_interfaces_cpp__py.dir/build.make:158: rosidl_generator_py/tutorial_interfaces_cpp/_tutorial_interfaces_cpp_s.ep.rosidl_typesupport_microxrcedds_c.c] Error 1
gmake[1]: *** [CMakeFiles/Makefile2:680: tutorial_interfaces_cpp__py/CMakeFiles/tutorial_interfaces_cpp__py.dir/all] Error 2
gmake: *** [Makefile:146: all] Error 2
