[0.203s] Invoking command in '/home/amruth/Documents/git/ros_ws/WS/build/tutorial_interfaces_cpp': CMAKE_PREFIX_PATH=${CMAKE_PREFIX_PATH}:/home/amruth/Documents/git/ros_ws/WS/install/py_srvcli:/home/amruth/Documents/git/ros_ws/WS/install/py_pubsub_2:/home/amruth/Documents/git/ros_ws/WS/install/py_pubsub:/home/amruth/Documents/git/ros_ws/WS/install/my_py_pkg_2:/home/amruth/Documents/git/ros_ws/WS/install/my_py_pkg:/home/amruth/Documents/git/microros_ws/install/sensor_msgs_py:/opt/ros/humble /usr/bin/cmake --build /home/amruth/Documents/git/ros_ws/WS/build/tutorial_interfaces_cpp -- -j16 -l16
[0.281s] [  8%] Built target tutorial_interfaces_cpp__rosidl_generator_c
[0.288s] [ 10%] Built target tutorial_interfaces_cpp__cpp
[0.301s] [ 10%] Built target ament_cmake_python_copy_tutorial_interfaces_cpp
[0.307s] [ 18%] Built target tutorial_interfaces_cpp__rosidl_typesupport_introspection_c
[0.308s] [ 27%] Built target tutorial_interfaces_cpp__rosidl_typesupport_fastrtps_c
[0.315s] [ 44%] Built target tutorial_interfaces_cpp__rosidl_typesupport_c
[0.315s] [ 44%] Built target tutorial_interfaces_cpp__rosidl_typesupport_microxrcedds_cpp
[0.317s] [ 52%] Built target tutorial_interfaces_cpp__rosidl_typesupport_introspection_cpp
[0.319s] [ 61%] Built target tutorial_interfaces_cpp__rosidl_typesupport_fastrtps_cpp
[0.323s] [ 69%] Built target tutorial_interfaces_cpp__rosidl_typesupport_microxrcedds_c
[0.326s] [ 77%] Built target tutorial_interfaces_cpp__rosidl_typesupport_cpp
[0.351s] [ 77%] Built target tutorial_interfaces_cpp
[0.382s] [ 79%] [34m[1mGenerating Python code for ROS interfaces[0m
[0.426s] Traceback (most recent call last):
[0.426s]   File "/opt/ros/humble/share/rosidl_generator_py/cmake/../../../lib/rosidl_generator_py/rosidl_generator_py", line 8, in <module>
[0.426s]     from rosidl_generator_py import generate_py
[0.426s] ImportError: cannot import name 'generate_py' from 'rosidl_generator_py' (/opt/ros/humble/local/lib/python3.10/dist-packages/rosidl_generator_py/__init__.py)
[0.432s] gmake[2]: *** [tutorial_interfaces_cpp__py/CMakeFiles/tutorial_interfaces_cpp__py.dir/build.make:158: rosidl_generator_py/tutorial_interfaces_cpp/_tutorial_interfaces_cpp_s.ep.rosidl_typesupport_microxrcedds_c.c] Error 1
[0.432s] gmake[1]: *** [CMakeFiles/Makefile2:680: tutorial_interfaces_cpp__py/CMakeFiles/tutorial_interfaces_cpp__py.dir/all] Error 2
[0.432s] gmake[1]: *** Waiting for unfinished jobs....
[0.543s] running egg_info
[0.543s] writing tutorial_interfaces_cpp.egg-info/PKG-INFO
[0.543s] writing dependency_links to tutorial_interfaces_cpp.egg-info/dependency_links.txt
[0.544s] writing top-level names to tutorial_interfaces_cpp.egg-info/top_level.txt
[0.545s] reading manifest file 'tutorial_interfaces_cpp.egg-info/SOURCES.txt'
[0.546s] writing manifest file 'tutorial_interfaces_cpp.egg-info/SOURCES.txt'
[0.575s] [ 79%] Built target ament_cmake_python_build_tutorial_interfaces_cpp_egg
[0.576s] gmake: *** [Makefile:146: all] Error 2
[0.578s] Invoked command in '/home/amruth/Documents/git/ros_ws/WS/build/tutorial_interfaces_cpp' returned '2': CMAKE_PREFIX_PATH=${CMAKE_PREFIX_PATH}:/home/amruth/Documents/git/ros_ws/WS/install/py_srvcli:/home/amruth/Documents/git/ros_ws/WS/install/py_pubsub_2:/home/amruth/Documents/git/ros_ws/WS/install/py_pubsub:/home/amruth/Documents/git/ros_ws/WS/install/my_py_pkg_2:/home/amruth/Documents/git/ros_ws/WS/install/my_py_pkg:/home/amruth/Documents/git/microros_ws/install/sensor_msgs_py:/opt/ros/humble /usr/bin/cmake --build /home/amruth/Documents/git/ros_ws/WS/build/tutorial_interfaces_cpp -- -j16 -l16
