[2.766s] Invoking command in '/home/amruth/Documents/git/ros_ws/WS/src/my_py_pkg': PYTHONPATH=/home/amruth/Documents/git/ros_ws/WS/build/my_py_pkg/prefix_override:/home/amruth/Documents/git/ros_ws/WS/install/my_py_pkg/lib/python3.10/site-packages:${PYTHONPATH} /usr/bin/python3 setup.py egg_info --egg-base ../../build/my_py_pkg build --build-base /home/amruth/Documents/git/ros_ws/WS/build/my_py_pkg/build install --record /home/amruth/Documents/git/ros_ws/WS/build/my_py_pkg/install.log --single-version-externally-managed
[3.205s] running egg_info
[3.206s] writing ../../build/my_py_pkg/my_py_pkg.egg-info/PKG-INFO
[3.207s] writing dependency_links to ../../build/my_py_pkg/my_py_pkg.egg-info/dependency_links.txt
[3.207s] writing entry points to ../../build/my_py_pkg/my_py_pkg.egg-info/entry_points.txt
[3.207s] writing requirements to ../../build/my_py_pkg/my_py_pkg.egg-info/requires.txt
[3.208s] writing top-level names to ../../build/my_py_pkg/my_py_pkg.egg-info/top_level.txt
[3.214s] reading manifest file '../../build/my_py_pkg/my_py_pkg.egg-info/SOURCES.txt'
[3.216s] writing manifest file '../../build/my_py_pkg/my_py_pkg.egg-info/SOURCES.txt'
[3.216s] running build
[3.216s] running build_py
[3.217s] /usr/lib/python3/dist-packages/setuptools/command/install.py:34: SetuptoolsDeprecationWarning: setup.py install is deprecated. Use build and pip and other standards-based tools.
[3.217s]   warnings.warn(
[3.217s] running install
[3.218s] running install_lib
[3.222s] running install_data
[3.222s] running install_egg_info
[3.224s] removing '/home/amruth/Documents/git/ros_ws/WS/install/my_py_pkg/lib/python3.10/site-packages/my_py_pkg-0.0.0-py3.10.egg-info' (and everything under it)
[3.224s] Copying ../../build/my_py_pkg/my_py_pkg.egg-info to /home/amruth/Documents/git/ros_ws/WS/install/my_py_pkg/lib/python3.10/site-packages/my_py_pkg-0.0.0-py3.10.egg-info
[3.226s] running install_scripts
[3.268s] Installing py_node script to /home/amruth/Documents/git/ros_ws/WS/install/my_py_pkg/lib/my_py_pkg
[3.268s] Installing py_node_2 = my_py_pkg.second_node:mainrobot_news_station script to /home/amruth/Documents/git/ros_ws/WS/install/my_py_pkg/lib/my_py_pkg
[3.268s] writing list of installed files to '/home/amruth/Documents/git/ros_ws/WS/build/my_py_pkg/install.log'
[3.359s] Invoked command in '/home/amruth/Documents/git/ros_ws/WS/src/my_py_pkg' returned '0': PYTHONPATH=/home/amruth/Documents/git/ros_ws/WS/build/my_py_pkg/prefix_override:/home/amruth/Documents/git/ros_ws/WS/install/my_py_pkg/lib/python3.10/site-packages:${PYTHONPATH} /usr/bin/python3 setup.py egg_info --egg-base ../../build/my_py_pkg build --build-base /home/amruth/Documents/git/ros_ws/WS/build/my_py_pkg/build install --record /home/amruth/Documents/git/ros_ws/WS/build/my_py_pkg/install.log --single-version-externally-managed
