[0.667s] Invoking command in '/home/amruth/Documents/git/ros_ws/WS/src/my_py_pkg': PYTHONPATH=/home/amruth/Documents/git/ros_ws/WS/build/my_py_pkg/prefix_override:/home/amruth/Documents/git/ros_ws/WS/install/my_py_pkg/lib/python3.10/site-packages:${PYTHONPATH} /usr/bin/python3 setup.py egg_info --egg-base ../../build/my_py_pkg build --build-base /home/amruth/Documents/git/ros_ws/WS/build/my_py_pkg/build install --record /home/amruth/Documents/git/ros_ws/WS/build/my_py_pkg/install.log --single-version-externally-managed
[0.885s] running egg_info
[0.885s] writing ../../build/my_py_pkg/my_py_pkg.egg-info/PKG-INFO
[0.886s] writing dependency_links to ../../build/my_py_pkg/my_py_pkg.egg-info/dependency_links.txt
[0.886s] writing entry points to ../../build/my_py_pkg/my_py_pkg.egg-info/entry_points.txt
[0.886s] writing requirements to ../../build/my_py_pkg/my_py_pkg.egg-info/requires.txt
[0.886s] writing top-level names to ../../build/my_py_pkg/my_py_pkg.egg-info/top_level.txt
[0.887s] reading manifest file '../../build/my_py_pkg/my_py_pkg.egg-info/SOURCES.txt'
[0.888s] writing manifest file '../../build/my_py_pkg/my_py_pkg.egg-info/SOURCES.txt'
[0.888s] running build
[0.888s] running build_py
[0.888s] copying my_py_pkg/second_node.py -> /home/amruth/Documents/git/ros_ws/WS/build/my_py_pkg/build/lib/my_py_pkg
[0.888s] running install
[0.888s] /usr/lib/python3/dist-packages/setuptools/command/install.py:34: SetuptoolsDeprecationWarning: setup.py install is deprecated. Use build and pip and other standards-based tools.
[0.888s]   warnings.warn(
[0.888s] running install_lib
[0.889s] copying /home/amruth/Documents/git/ros_ws/WS/build/my_py_pkg/build/lib/my_py_pkg/second_node.py -> /home/amruth/Documents/git/ros_ws/WS/install/my_py_pkg/lib/python3.10/site-packages/my_py_pkg
[0.889s] byte-compiling /home/amruth/Documents/git/ros_ws/WS/install/my_py_pkg/lib/python3.10/site-packages/my_py_pkg/second_node.py to second_node.cpython-310.pyc
[0.890s] running install_data
[0.890s] running install_egg_info
[0.892s] removing '/home/amruth/Documents/git/ros_ws/WS/install/my_py_pkg/lib/python3.10/site-packages/my_py_pkg-0.0.0-py3.10.egg-info' (and everything under it)
[0.893s] Copying ../../build/my_py_pkg/my_py_pkg.egg-info to /home/amruth/Documents/git/ros_ws/WS/install/my_py_pkg/lib/python3.10/site-packages/my_py_pkg-0.0.0-py3.10.egg-info
[0.893s] running install_scripts
[0.910s] Installing py_node = my_py_pkg.first_node:mainpy_node_2 script to /home/amruth/Documents/git/ros_ws/WS/install/my_py_pkg/lib/my_py_pkg
[0.910s] writing list of installed files to '/home/amruth/Documents/git/ros_ws/WS/build/my_py_pkg/install.log'
[0.934s] Invoked command in '/home/amruth/Documents/git/ros_ws/WS/src/my_py_pkg' returned '0': PYTHONPATH=/home/amruth/Documents/git/ros_ws/WS/build/my_py_pkg/prefix_override:/home/amruth/Documents/git/ros_ws/WS/install/my_py_pkg/lib/python3.10/site-packages:${PYTHONPATH} /usr/bin/python3 setup.py egg_info --egg-base ../../build/my_py_pkg build --build-base /home/amruth/Documents/git/ros_ws/WS/build/my_py_pkg/build install --record /home/amruth/Documents/git/ros_ws/WS/build/my_py_pkg/install.log --single-version-externally-managed
