[0.041s] Invoking command in '/home/ros_ws/build/batt_led': AMENT_PREFIX_PATH=/home/ros_ws/install/bat_led_interfaces:${AMENT_PREFIX_PATH} CMAKE_PREFIX_PATH=/home/ros_ws/install/bat_led_interfaces:/home/ros_ws/install/my_robot_interfaces:/home/ros_ws/install/my_cpp_pkg:/home/ros_ws/install/my_py_pkg:/opt/ros/foxy LD_LIBRARY_PATH=/home/ros_ws/install/bat_led_interfaces/lib:${LD_LIBRARY_PATH} PYTHONPATH=/home/ros_ws/install/bat_led_interfaces/lib/python3.8/site-packages:${PYTHONPATH} /usr/bin/cmake --build /home/ros_ws/build/batt_led -- -j16 -l16
[0.061s] -- Found ament_cmake: 0.9.11 (/opt/ros/foxy/share/ament_cmake/cmake)
[0.081s] -- Using PYTHON_EXECUTABLE: /usr/bin/python3
[0.222s] -- Found rclcpp: 2.4.2 (/opt/ros/foxy/share/rclcpp/cmake)
[0.251s] -- Using all available rosidl_typesupport_c: rosidl_typesupport_fastrtps_c;rosidl_typesupport_introspection_c
[0.253s] -- Found rosidl_adapter: 1.3.0 (/opt/ros/foxy/share/rosidl_adapter/cmake)
[0.401s] -- Using all available rosidl_typesupport_cpp: rosidl_typesupport_fastrtps_cpp;rosidl_typesupport_introspection_cpp
[0.441s] -- Found rmw_implementation_cmake: 1.0.3 (/opt/ros/foxy/share/rmw_implementation_cmake/cmake)
[0.442s] -- Using RMW implementation 'rmw_fastrtps_cpp' as default
[0.565s] -- Found bat_led_interfaces: 0.0.0 (/home/ros_ws/install/bat_led_interfaces/share/bat_led_interfaces/cmake)
[0.620s] -- Configuring done
[0.626s] -- Generating done
[0.627s] -- Build files have been written to: /home/ros_ws/build/batt_led
[0.660s] [35m[1mScanning dependencies of target battery[0m
[0.707s] [ 50%] [32mBuilding CXX object CMakeFiles/battery.dir/src/battery.cpp.o[0m
[0.794s] [01m[K/home/ros_ws/src/batt_led/src/battery.cpp:2:10:[m[K [01;31m[Kfatal error: [m[Kbat_led_interfaces/srv/SetLed.srv: No such file or directory
[0.795s]     2 | #include [01;31m[K"bat_led_interfaces/srv/SetLed.srv"[m[K
[0.795s]       |          [01;31m[K^~~~~~~~~~~~~~~~~~~~~~~~~~~~~~~~~~~[m[K
[0.795s] compilation terminated.
[0.796s] make[2]: *** [CMakeFiles/battery.dir/build.make:63: CMakeFiles/battery.dir/src/battery.cpp.o] Error 1
[0.796s] make[1]: *** [CMakeFiles/Makefile2:105: CMakeFiles/battery.dir/all] Error 2
[0.796s] make: *** [Makefile:141: all] Error 2
[0.798s] Invoked command in '/home/ros_ws/build/batt_led' returned '2': AMENT_PREFIX_PATH=/home/ros_ws/install/bat_led_interfaces:${AMENT_PREFIX_PATH} CMAKE_PREFIX_PATH=/home/ros_ws/install/bat_led_interfaces:/home/ros_ws/install/my_robot_interfaces:/home/ros_ws/install/my_cpp_pkg:/home/ros_ws/install/my_py_pkg:/opt/ros/foxy LD_LIBRARY_PATH=/home/ros_ws/install/bat_led_interfaces/lib:${LD_LIBRARY_PATH} PYTHONPATH=/home/ros_ws/install/bat_led_interfaces/lib/python3.8/site-packages:${PYTHONPATH} /usr/bin/cmake --build /home/ros_ws/build/batt_led -- -j16 -l16
