[0.217s] Invoking command in '/home/amruth/Documents/git/ros_ws/WS/build/tutorial_interfaces_cpp': CMAKE_PREFIX_PATH=${CMAKE_PREFIX_PATH}:/home/amruth/Documents/git/ros_ws/WS/install/py_srvcli:/home/amruth/Documents/git/ros_ws/WS/install/py_pubsub_2:/home/amruth/Documents/git/ros_ws/WS/install/py_pubsub:/home/amruth/Documents/git/ros_ws/WS/install/my_py_pkg_2:/home/amruth/Documents/git/ros_ws/WS/install/my_py_pkg:/home/amruth/Documents/git/microros_ws/install/sensor_msgs_py:/opt/ros/humble /usr/bin/cmake --build /home/amruth/Documents/git/ros_ws/WS/build/tutorial_interfaces_cpp -- -j16 -l16
[0.281s] [  1%] Built target tutorial_interfaces_cpp__cpp
[0.289s] [ 10%] Built target tutorial_interfaces_cpp__rosidl_generator_c
[0.294s] [ 10%] Built target ament_cmake_python_copy_tutorial_interfaces_cpp
[0.307s] [ 18%] Built target tutorial_interfaces_cpp__rosidl_typesupport_cpp
[0.310s] [ 27%] Built target tutorial_interfaces_cpp__rosidl_typesupport_fastrtps_cpp
[0.316s] [ 37%] Built target tutorial_interfaces_cpp__rosidl_typesupport_introspection_cpp
[0.316s] [ 44%] Built target tutorial_interfaces_cpp__rosidl_typesupport_c
[0.319s] [ 52%] Built target tutorial_interfaces_cpp__rosidl_typesupport_microxrcedds_c
[0.319s] [ 62%] Built target tutorial_interfaces_cpp__rosidl_typesupport_introspection_c
[0.319s] [ 69%] Built target tutorial_interfaces_cpp__rosidl_typesupport_microxrcedds_cpp
[0.325s] [ 77%] Built target tutorial_interfaces_cpp__rosidl_typesupport_fastrtps_c
[0.351s] [ 77%] Built target tutorial_interfaces_cpp
[0.375s] [ 79%] Built target tutorial_interfaces_cpp__py
[0.404s] [ 86%] Built target tutorial_interfaces_cpp__rosidl_generator_py
[0.429s] [ 96%] Built target tutorial_interfaces_cpp__rosidl_typesupport_microxrcedds_c__pyext
[0.429s] [ 96%] Built target tutorial_interfaces_cpp__rosidl_typesupport_introspection_c__pyext
[0.429s] [ 96%] Built target tutorial_interfaces_cpp__rosidl_typesupport_fastrtps_c__pyext
[0.429s] [100%] Built target tutorial_interfaces_cpp__rosidl_typesupport_c__pyext
[0.569s] running egg_info
[0.570s] writing tutorial_interfaces_cpp.egg-info/PKG-INFO
[0.570s] writing dependency_links to tutorial_interfaces_cpp.egg-info/dependency_links.txt
[0.570s] writing top-level names to tutorial_interfaces_cpp.egg-info/top_level.txt
[0.572s] reading manifest file 'tutorial_interfaces_cpp.egg-info/SOURCES.txt'
[0.573s] writing manifest file 'tutorial_interfaces_cpp.egg-info/SOURCES.txt'
[0.605s] [100%] Built target ament_cmake_python_build_tutorial_interfaces_cpp_egg
[0.628s] Invoked command in '/home/amruth/Documents/git/ros_ws/WS/build/tutorial_interfaces_cpp' returned '0': CMAKE_PREFIX_PATH=${CMAKE_PREFIX_PATH}:/home/amruth/Documents/git/ros_ws/WS/install/py_srvcli:/home/amruth/Documents/git/ros_ws/WS/install/py_pubsub_2:/home/amruth/Documents/git/ros_ws/WS/install/py_pubsub:/home/amruth/Documents/git/ros_ws/WS/install/my_py_pkg_2:/home/amruth/Documents/git/ros_ws/WS/install/my_py_pkg:/home/amruth/Documents/git/microros_ws/install/sensor_msgs_py:/opt/ros/humble /usr/bin/cmake --build /home/amruth/Documents/git/ros_ws/WS/build/tutorial_interfaces_cpp -- -j16 -l16
[0.861s] Invoking command in '/home/amruth/Documents/git/ros_ws/WS/build/tutorial_interfaces_cpp': CMAKE_PREFIX_PATH=${CMAKE_PREFIX_PATH}:/home/amruth/Documents/git/ros_ws/WS/install/py_srvcli:/home/amruth/Documents/git/ros_ws/WS/install/py_pubsub_2:/home/amruth/Documents/git/ros_ws/WS/install/py_pubsub:/home/amruth/Documents/git/ros_ws/WS/install/my_py_pkg_2:/home/amruth/Documents/git/ros_ws/WS/install/my_py_pkg:/home/amruth/Documents/git/microros_ws/install/sensor_msgs_py:/opt/ros/humble /usr/bin/cmake --install /home/amruth/Documents/git/ros_ws/WS/build/tutorial_interfaces_cpp
[0.878s] -- Install configuration: ""
[0.878s] -- Up-to-date: /home/amruth/Documents/git/ros_ws/WS/install/tutorial_interfaces_cpp/share/ament_index/resource_index/rosidl_interfaces/tutorial_interfaces_cpp
[0.878s] -- Up-to-date: /home/amruth/Documents/git/ros_ws/WS/install/tutorial_interfaces_cpp/include/tutorial_interfaces_cpp/tutorial_interfaces_cpp
[0.878s] -- Up-to-date: /home/amruth/Documents/git/ros_ws/WS/install/tutorial_interfaces_cpp/include/tutorial_interfaces_cpp/tutorial_interfaces_cpp/msg
[0.878s] -- Up-to-date: /home/amruth/Documents/git/ros_ws/WS/install/tutorial_interfaces_cpp/include/tutorial_interfaces_cpp/tutorial_interfaces_cpp/msg/num.h
[0.879s] -- Up-to-date: /home/amruth/Documents/git/ros_ws/WS/install/tutorial_interfaces_cpp/include/tutorial_interfaces_cpp/tutorial_interfaces_cpp/msg/rosidl_generator_c__visibility_control.h
[0.879s] -- Up-to-date: /home/amruth/Documents/git/ros_ws/WS/install/tutorial_interfaces_cpp/include/tutorial_interfaces_cpp/tutorial_interfaces_cpp/msg/sphere.h
[0.879s] -- Up-to-date: /home/amruth/Documents/git/ros_ws/WS/install/tutorial_interfaces_cpp/include/tutorial_interfaces_cpp/tutorial_interfaces_cpp/msg/detail
[0.879s] -- Up-to-date: /home/amruth/Documents/git/ros_ws/WS/install/tutorial_interfaces_cpp/include/tutorial_interfaces_cpp/tutorial_interfaces_cpp/msg/detail/sphere__type_support.h
[0.879s] -- Up-to-date: /home/amruth/Documents/git/ros_ws/WS/install/tutorial_interfaces_cpp/include/tutorial_interfaces_cpp/tutorial_interfaces_cpp/msg/detail/sphere__struct.h
[0.879s] -- Up-to-date: /home/amruth/Documents/git/ros_ws/WS/install/tutorial_interfaces_cpp/include/tutorial_interfaces_cpp/tutorial_interfaces_cpp/msg/detail/sphere__functions.c
[0.879s] -- Up-to-date: /home/amruth/Documents/git/ros_ws/WS/install/tutorial_interfaces_cpp/include/tutorial_interfaces_cpp/tutorial_interfaces_cpp/msg/detail/num__functions.c
[0.879s] -- Up-to-date: /home/amruth/Documents/git/ros_ws/WS/install/tutorial_interfaces_cpp/include/tutorial_interfaces_cpp/tutorial_interfaces_cpp/msg/detail/sphere__functions.h
[0.879s] -- Up-to-date: /home/amruth/Documents/git/ros_ws/WS/install/tutorial_interfaces_cpp/include/tutorial_interfaces_cpp/tutorial_interfaces_cpp/msg/detail/num__functions.h
[0.879s] -- Up-to-date: /home/amruth/Documents/git/ros_ws/WS/install/tutorial_interfaces_cpp/include/tutorial_interfaces_cpp/tutorial_interfaces_cpp/msg/detail/num__struct.h
[0.880s] -- Up-to-date: /home/amruth/Documents/git/ros_ws/WS/install/tutorial_interfaces_cpp/include/tutorial_interfaces_cpp/tutorial_interfaces_cpp/msg/detail/num__type_support.h
[0.880s] -- Up-to-date: /home/amruth/Documents/git/ros_ws/WS/install/tutorial_interfaces_cpp/include/tutorial_interfaces_cpp/tutorial_interfaces_cpp/srv
[0.880s] -- Up-to-date: /home/amruth/Documents/git/ros_ws/WS/install/tutorial_interfaces_cpp/include/tutorial_interfaces_cpp/tutorial_interfaces_cpp/srv/detail
[0.880s] -- Up-to-date: /home/amruth/Documents/git/ros_ws/WS/install/tutorial_interfaces_cpp/include/tutorial_interfaces_cpp/tutorial_interfaces_cpp/srv/detail/add_three_ints__type_support.h
[0.880s] -- Up-to-date: /home/amruth/Documents/git/ros_ws/WS/install/tutorial_interfaces_cpp/include/tutorial_interfaces_cpp/tutorial_interfaces_cpp/srv/detail/add_three_ints__functions.c
[0.880s] -- Up-to-date: /home/amruth/Documents/git/ros_ws/WS/install/tutorial_interfaces_cpp/include/tutorial_interfaces_cpp/tutorial_interfaces_cpp/srv/detail/add_three_ints__functions.h
[0.881s] -- Up-to-date: /home/amruth/Documents/git/ros_ws/WS/install/tutorial_interfaces_cpp/include/tutorial_interfaces_cpp/tutorial_interfaces_cpp/srv/detail/add_three_ints__struct.h
[0.881s] -- Up-to-date: /home/amruth/Documents/git/ros_ws/WS/install/tutorial_interfaces_cpp/include/tutorial_interfaces_cpp/tutorial_interfaces_cpp/srv/add_three_ints.h
[0.881s] -- Up-to-date: /home/amruth/Documents/git/ros_ws/WS/install/tutorial_interfaces_cpp/share/tutorial_interfaces_cpp/environment/library_path.sh
[0.881s] -- Up-to-date: /home/amruth/Documents/git/ros_ws/WS/install/tutorial_interfaces_cpp/share/tutorial_interfaces_cpp/environment/library_path.dsv
[0.881s] -- Up-to-date: /home/amruth/Documents/git/ros_ws/WS/install/tutorial_interfaces_cpp/lib/libtutorial_interfaces_cpp__rosidl_generator_c.so
[0.881s] -- Up-to-date: /home/amruth/Documents/git/ros_ws/WS/install/tutorial_interfaces_cpp/include/tutorial_interfaces_cpp/tutorial_interfaces_cpp
[0.881s] -- Up-to-date: /home/amruth/Documents/git/ros_ws/WS/install/tutorial_interfaces_cpp/include/tutorial_interfaces_cpp/tutorial_interfaces_cpp/msg
[0.882s] -- Up-to-date: /home/amruth/Documents/git/ros_ws/WS/install/tutorial_interfaces_cpp/include/tutorial_interfaces_cpp/tutorial_interfaces_cpp/msg/rosidl_typesupport_fastrtps_c__visibility_control.h
[0.882s] -- Up-to-date: /home/amruth/Documents/git/ros_ws/WS/install/tutorial_interfaces_cpp/include/tutorial_interfaces_cpp/tutorial_interfaces_cpp/msg/detail
[0.882s] -- Up-to-date: /home/amruth/Documents/git/ros_ws/WS/install/tutorial_interfaces_cpp/include/tutorial_interfaces_cpp/tutorial_interfaces_cpp/msg/detail/sphere__rosidl_typesupport_fastrtps_c.h
[0.882s] -- Up-to-date: /home/amruth/Documents/git/ros_ws/WS/install/tutorial_interfaces_cpp/include/tutorial_interfaces_cpp/tutorial_interfaces_cpp/msg/detail/num__rosidl_typesupport_fastrtps_c.h
[0.882s] -- Up-to-date: /home/amruth/Documents/git/ros_ws/WS/install/tutorial_interfaces_cpp/include/tutorial_interfaces_cpp/tutorial_interfaces_cpp/srv
[0.883s] -- Up-to-date: /home/amruth/Documents/git/ros_ws/WS/install/tutorial_interfaces_cpp/include/tutorial_interfaces_cpp/tutorial_interfaces_cpp/srv/detail
[0.883s] -- Up-to-date: /home/amruth/Documents/git/ros_ws/WS/install/tutorial_interfaces_cpp/include/tutorial_interfaces_cpp/tutorial_interfaces_cpp/srv/detail/add_three_ints__rosidl_typesupport_fastrtps_c.h
[0.883s] -- Up-to-date: /home/amruth/Documents/git/ros_ws/WS/install/tutorial_interfaces_cpp/lib/libtutorial_interfaces_cpp__rosidl_typesupport_fastrtps_c.so
[0.883s] -- Up-to-date: /home/amruth/Documents/git/ros_ws/WS/install/tutorial_interfaces_cpp/include/tutorial_interfaces_cpp/tutorial_interfaces_cpp
[0.883s] -- Up-to-date: /home/amruth/Documents/git/ros_ws/WS/install/tutorial_interfaces_cpp/include/tutorial_interfaces_cpp/tutorial_interfaces_cpp/msg
[0.883s] -- Up-to-date: /home/amruth/Documents/git/ros_ws/WS/install/tutorial_interfaces_cpp/include/tutorial_interfaces_cpp/tutorial_interfaces_cpp/msg/num.hpp
[0.883s] -- Up-to-date: /home/amruth/Documents/git/ros_ws/WS/install/tutorial_interfaces_cpp/include/tutorial_interfaces_cpp/tutorial_interfaces_cpp/msg/sphere.hpp
[0.884s] -- Up-to-date: /home/amruth/Documents/git/ros_ws/WS/install/tutorial_interfaces_cpp/include/tutorial_interfaces_cpp/tutorial_interfaces_cpp/msg/detail
[0.884s] -- Up-to-date: /home/amruth/Documents/git/ros_ws/WS/install/tutorial_interfaces_cpp/include/tutorial_interfaces_cpp/tutorial_interfaces_cpp/msg/detail/num__traits.hpp
[0.884s] -- Up-to-date: /home/amruth/Documents/git/ros_ws/WS/install/tutorial_interfaces_cpp/include/tutorial_interfaces_cpp/tutorial_interfaces_cpp/msg/detail/sphere__builder.hpp
[0.884s] -- Up-to-date: /home/amruth/Documents/git/ros_ws/WS/install/tutorial_interfaces_cpp/include/tutorial_interfaces_cpp/tutorial_interfaces_cpp/msg/detail/sphere__traits.hpp
[0.884s] -- Up-to-date: /home/amruth/Documents/git/ros_ws/WS/install/tutorial_interfaces_cpp/include/tutorial_interfaces_cpp/tutorial_interfaces_cpp/msg/detail/num__builder.hpp
[0.885s] -- Up-to-date: /home/amruth/Documents/git/ros_ws/WS/install/tutorial_interfaces_cpp/include/tutorial_interfaces_cpp/tutorial_interfaces_cpp/msg/detail/sphere__struct.hpp
[0.885s] -- Up-to-date: /home/amruth/Documents/git/ros_ws/WS/install/tutorial_interfaces_cpp/include/tutorial_interfaces_cpp/tutorial_interfaces_cpp/msg/detail/num__struct.hpp
[0.885s] -- Up-to-date: /home/amruth/Documents/git/ros_ws/WS/install/tutorial_interfaces_cpp/include/tutorial_interfaces_cpp/tutorial_interfaces_cpp/srv
[0.885s] -- Up-to-date: /home/amruth/Documents/git/ros_ws/WS/install/tutorial_interfaces_cpp/include/tutorial_interfaces_cpp/tutorial_interfaces_cpp/srv/add_three_ints.hpp
[0.885s] -- Up-to-date: /home/amruth/Documents/git/ros_ws/WS/install/tutorial_interfaces_cpp/include/tutorial_interfaces_cpp/tutorial_interfaces_cpp/srv/detail
[0.885s] -- Up-to-date: /home/amruth/Documents/git/ros_ws/WS/install/tutorial_interfaces_cpp/include/tutorial_interfaces_cpp/tutorial_interfaces_cpp/srv/detail/add_three_ints__traits.hpp
[0.885s] -- Up-to-date: /home/amruth/Documents/git/ros_ws/WS/install/tutorial_interfaces_cpp/include/tutorial_interfaces_cpp/tutorial_interfaces_cpp/srv/detail/add_three_ints__builder.hpp
[0.885s] -- Up-to-date: /home/amruth/Documents/git/ros_ws/WS/install/tutorial_interfaces_cpp/include/tutorial_interfaces_cpp/tutorial_interfaces_cpp/srv/detail/add_three_ints__struct.hpp
[0.885s] -- Up-to-date: /home/amruth/Documents/git/ros_ws/WS/install/tutorial_interfaces_cpp/include/tutorial_interfaces_cpp/tutorial_interfaces_cpp
[0.885s] -- Up-to-date: /home/amruth/Documents/git/ros_ws/WS/install/tutorial_interfaces_cpp/include/tutorial_interfaces_cpp/tutorial_interfaces_cpp/msg
[0.885s] -- Up-to-date: /home/amruth/Documents/git/ros_ws/WS/install/tutorial_interfaces_cpp/include/tutorial_interfaces_cpp/tutorial_interfaces_cpp/msg/rosidl_typesupport_fastrtps_cpp__visibility_control.h
[0.885s] -- Up-to-date: /home/amruth/Documents/git/ros_ws/WS/install/tutorial_interfaces_cpp/include/tutorial_interfaces_cpp/tutorial_interfaces_cpp/msg/detail
[0.885s] -- Up-to-date: /home/amruth/Documents/git/ros_ws/WS/install/tutorial_interfaces_cpp/include/tutorial_interfaces_cpp/tutorial_interfaces_cpp/msg/detail/num__rosidl_typesupport_fastrtps_cpp.hpp
[0.885s] -- Up-to-date: /home/amruth/Documents/git/ros_ws/WS/install/tutorial_interfaces_cpp/include/tutorial_interfaces_cpp/tutorial_interfaces_cpp/msg/detail/sphere__rosidl_typesupport_fastrtps_cpp.hpp
[0.885s] -- Up-to-date: /home/amruth/Documents/git/ros_ws/WS/install/tutorial_interfaces_cpp/include/tutorial_interfaces_cpp/tutorial_interfaces_cpp/msg/detail/dds_fastrtps
[0.886s] -- Up-to-date: /home/amruth/Documents/git/ros_ws/WS/install/tutorial_interfaces_cpp/include/tutorial_interfaces_cpp/tutorial_interfaces_cpp/srv
[0.886s] -- Up-to-date: /home/amruth/Documents/git/ros_ws/WS/install/tutorial_interfaces_cpp/include/tutorial_interfaces_cpp/tutorial_interfaces_cpp/srv/detail
[0.886s] -- Up-to-date: /home/amruth/Documents/git/ros_ws/WS/install/tutorial_interfaces_cpp/include/tutorial_interfaces_cpp/tutorial_interfaces_cpp/srv/detail/add_three_ints__rosidl_typesupport_fastrtps_cpp.hpp
[0.886s] -- Up-to-date: /home/amruth/Documents/git/ros_ws/WS/install/tutorial_interfaces_cpp/include/tutorial_interfaces_cpp/tutorial_interfaces_cpp/srv/detail/dds_fastrtps
[0.886s] -- Up-to-date: /home/amruth/Documents/git/ros_ws/WS/install/tutorial_interfaces_cpp/lib/libtutorial_interfaces_cpp__rosidl_typesupport_fastrtps_cpp.so
[0.886s] -- Up-to-date: /home/amruth/Documents/git/ros_ws/WS/install/tutorial_interfaces_cpp/include/tutorial_interfaces_cpp
[0.886s] -- Up-to-date: /home/amruth/Documents/git/ros_ws/WS/install/tutorial_interfaces_cpp/include/tutorial_interfaces_cpp/msg
[0.886s] -- Up-to-date: /home/amruth/Documents/git/ros_ws/WS/install/tutorial_interfaces_cpp/include/tutorial_interfaces_cpp/msg/rosidl_typesupport_microxrcedds_c__visibility_control.h
[0.886s] -- Up-to-date: /home/amruth/Documents/git/ros_ws/WS/install/tutorial_interfaces_cpp/include/tutorial_interfaces_cpp/msg/detail
[0.886s] -- Up-to-date: /home/amruth/Documents/git/ros_ws/WS/install/tutorial_interfaces_cpp/include/tutorial_interfaces_cpp/msg/detail/sphere__rosidl_typesupport_microxrcedds_c.h
[0.886s] -- Up-to-date: /home/amruth/Documents/git/ros_ws/WS/install/tutorial_interfaces_cpp/include/tutorial_interfaces_cpp/msg/detail/num__rosidl_typesupport_microxrcedds_c.h
[0.886s] -- Up-to-date: /home/amruth/Documents/git/ros_ws/WS/install/tutorial_interfaces_cpp/include/tutorial_interfaces_cpp/msg/detail/microxrcedds
[0.886s] -- Up-to-date: /home/amruth/Documents/git/ros_ws/WS/install/tutorial_interfaces_cpp/include/tutorial_interfaces_cpp/srv
[0.886s] -- Up-to-date: /home/amruth/Documents/git/ros_ws/WS/install/tutorial_interfaces_cpp/include/tutorial_interfaces_cpp/srv/detail
[0.886s] -- Up-to-date: /home/amruth/Documents/git/ros_ws/WS/install/tutorial_interfaces_cpp/include/tutorial_interfaces_cpp/srv/detail/add_three_ints__rosidl_typesupport_microxrcedds_c.h
[0.886s] -- Up-to-date: /home/amruth/Documents/git/ros_ws/WS/install/tutorial_interfaces_cpp/include/tutorial_interfaces_cpp/srv/detail/microxrcedds
[0.886s] -- Up-to-date: /home/amruth/Documents/git/ros_ws/WS/install/tutorial_interfaces_cpp/lib/libtutorial_interfaces_cpp__rosidl_typesupport_microxrcedds_c.so
[0.887s] -- Up-to-date: /home/amruth/Documents/git/ros_ws/WS/install/tutorial_interfaces_cpp/include/tutorial_interfaces_cpp/tutorial_interfaces_cpp
[0.887s] -- Up-to-date: /home/amruth/Documents/git/ros_ws/WS/install/tutorial_interfaces_cpp/include/tutorial_interfaces_cpp/tutorial_interfaces_cpp/msg
[0.887s] -- Up-to-date: /home/amruth/Documents/git/ros_ws/WS/install/tutorial_interfaces_cpp/include/tutorial_interfaces_cpp/tutorial_interfaces_cpp/msg/rosidl_typesupport_introspection_c__visibility_control.h
[0.887s] -- Up-to-date: /home/amruth/Documents/git/ros_ws/WS/install/tutorial_interfaces_cpp/include/tutorial_interfaces_cpp/tutorial_interfaces_cpp/msg/detail
[0.887s] -- Up-to-date: /home/amruth/Documents/git/ros_ws/WS/install/tutorial_interfaces_cpp/include/tutorial_interfaces_cpp/tutorial_interfaces_cpp/msg/detail/sphere__type_support.c
[0.887s] -- Up-to-date: /home/amruth/Documents/git/ros_ws/WS/install/tutorial_interfaces_cpp/include/tutorial_interfaces_cpp/tutorial_interfaces_cpp/msg/detail/num__type_support.c
[0.887s] -- Up-to-date: /home/amruth/Documents/git/ros_ws/WS/install/tutorial_interfaces_cpp/include/tutorial_interfaces_cpp/tutorial_interfaces_cpp/msg/detail/num__rosidl_typesupport_introspection_c.h
[0.887s] -- Up-to-date: /home/amruth/Documents/git/ros_ws/WS/install/tutorial_interfaces_cpp/include/tutorial_interfaces_cpp/tutorial_interfaces_cpp/msg/detail/sphere__rosidl_typesupport_introspection_c.h
[0.888s] -- Up-to-date: /home/amruth/Documents/git/ros_ws/WS/install/tutorial_interfaces_cpp/include/tutorial_interfaces_cpp/tutorial_interfaces_cpp/srv
[0.888s] -- Up-to-date: /home/amruth/Documents/git/ros_ws/WS/install/tutorial_interfaces_cpp/include/tutorial_interfaces_cpp/tutorial_interfaces_cpp/srv/detail
[0.888s] -- Up-to-date: /home/amruth/Documents/git/ros_ws/WS/install/tutorial_interfaces_cpp/include/tutorial_interfaces_cpp/tutorial_interfaces_cpp/srv/detail/add_three_ints__rosidl_typesupport_introspection_c.h
[0.888s] -- Up-to-date: /home/amruth/Documents/git/ros_ws/WS/install/tutorial_interfaces_cpp/include/tutorial_interfaces_cpp/tutorial_interfaces_cpp/srv/detail/add_three_ints__type_support.c
[0.888s] -- Up-to-date: /home/amruth/Documents/git/ros_ws/WS/install/tutorial_interfaces_cpp/lib/libtutorial_interfaces_cpp__rosidl_typesupport_introspection_c.so
[0.888s] -- Up-to-date: /home/amruth/Documents/git/ros_ws/WS/install/tutorial_interfaces_cpp/lib/libtutorial_interfaces_cpp__rosidl_typesupport_c.so
[0.888s] -- Up-to-date: /home/amruth/Documents/git/ros_ws/WS/install/tutorial_interfaces_cpp/include/tutorial_interfaces_cpp
[0.888s] -- Up-to-date: /home/amruth/Documents/git/ros_ws/WS/install/tutorial_interfaces_cpp/include/tutorial_interfaces_cpp/msg
[0.888s] -- Up-to-date: /home/amruth/Documents/git/ros_ws/WS/install/tutorial_interfaces_cpp/include/tutorial_interfaces_cpp/msg/rosidl_typesupport_microxrcedds_cpp__visibility_control.h
[0.889s] -- Up-to-date: /home/amruth/Documents/git/ros_ws/WS/install/tutorial_interfaces_cpp/include/tutorial_interfaces_cpp/msg/detail
[0.889s] -- Up-to-date: /home/amruth/Documents/git/ros_ws/WS/install/tutorial_interfaces_cpp/include/tutorial_interfaces_cpp/msg/detail/num__rosidl_typesupport_microxrcedds_cpp.hpp
[0.889s] -- Up-to-date: /home/amruth/Documents/git/ros_ws/WS/install/tutorial_interfaces_cpp/include/tutorial_interfaces_cpp/msg/detail/sphere__rosidl_typesupport_microxrcedds_cpp.hpp
[0.889s] -- Up-to-date: /home/amruth/Documents/git/ros_ws/WS/install/tutorial_interfaces_cpp/include/tutorial_interfaces_cpp/msg/detail/microxrcedds
[0.889s] -- Up-to-date: /home/amruth/Documents/git/ros_ws/WS/install/tutorial_interfaces_cpp/include/tutorial_interfaces_cpp/msg/detail/microxrcedds/sphere__type_support_cpp.cpp
[0.889s] -- Up-to-date: /home/amruth/Documents/git/ros_ws/WS/install/tutorial_interfaces_cpp/include/tutorial_interfaces_cpp/msg/detail/microxrcedds/num__type_support_cpp.cpp
[0.889s] -- Up-to-date: /home/amruth/Documents/git/ros_ws/WS/install/tutorial_interfaces_cpp/include/tutorial_interfaces_cpp/srv
[0.889s] -- Up-to-date: /home/amruth/Documents/git/ros_ws/WS/install/tutorial_interfaces_cpp/include/tutorial_interfaces_cpp/srv/detail
[0.889s] -- Up-to-date: /home/amruth/Documents/git/ros_ws/WS/install/tutorial_interfaces_cpp/include/tutorial_interfaces_cpp/srv/detail/add_three_ints__rosidl_typesupport_microxrcedds_cpp.hpp
[0.890s] -- Up-to-date: /home/amruth/Documents/git/ros_ws/WS/install/tutorial_interfaces_cpp/include/tutorial_interfaces_cpp/srv/detail/microxrcedds
[0.890s] -- Up-to-date: /home/amruth/Documents/git/ros_ws/WS/install/tutorial_interfaces_cpp/include/tutorial_interfaces_cpp/srv/detail/microxrcedds/add_three_ints__type_support_cpp.cpp
[0.890s] -- Up-to-date: /home/amruth/Documents/git/ros_ws/WS/install/tutorial_interfaces_cpp/lib/libtutorial_interfaces_cpp__rosidl_typesupport_microxrcedds_cpp.so
[0.890s] -- Up-to-date: /home/amruth/Documents/git/ros_ws/WS/install/tutorial_interfaces_cpp/include/tutorial_interfaces_cpp/tutorial_interfaces_cpp
[0.890s] -- Up-to-date: /home/amruth/Documents/git/ros_ws/WS/install/tutorial_interfaces_cpp/include/tutorial_interfaces_cpp/tutorial_interfaces_cpp/msg
[0.890s] -- Up-to-date: /home/amruth/Documents/git/ros_ws/WS/install/tutorial_interfaces_cpp/include/tutorial_interfaces_cpp/tutorial_interfaces_cpp/msg/detail
[0.890s] -- Up-to-date: /home/amruth/Documents/git/ros_ws/WS/install/tutorial_interfaces_cpp/include/tutorial_interfaces_cpp/tutorial_interfaces_cpp/msg/detail/num__rosidl_typesupport_introspection_cpp.hpp
[0.890s] -- Up-to-date: /home/amruth/Documents/git/ros_ws/WS/install/tutorial_interfaces_cpp/include/tutorial_interfaces_cpp/tutorial_interfaces_cpp/msg/detail/sphere__type_support.cpp
[0.890s] -- Up-to-date: /home/amruth/Documents/git/ros_ws/WS/install/tutorial_interfaces_cpp/include/tutorial_interfaces_cpp/tutorial_interfaces_cpp/msg/detail/num__type_support.cpp
[0.891s] -- Up-to-date: /home/amruth/Documents/git/ros_ws/WS/install/tutorial_interfaces_cpp/include/tutorial_interfaces_cpp/tutorial_interfaces_cpp/msg/detail/sphere__rosidl_typesupport_introspection_cpp.hpp
[0.891s] -- Up-to-date: /home/amruth/Documents/git/ros_ws/WS/install/tutorial_interfaces_cpp/include/tutorial_interfaces_cpp/tutorial_interfaces_cpp/srv
[0.891s] -- Up-to-date: /home/amruth/Documents/git/ros_ws/WS/install/tutorial_interfaces_cpp/include/tutorial_interfaces_cpp/tutorial_interfaces_cpp/srv/detail
[0.891s] -- Up-to-date: /home/amruth/Documents/git/ros_ws/WS/install/tutorial_interfaces_cpp/include/tutorial_interfaces_cpp/tutorial_interfaces_cpp/srv/detail/add_three_ints__rosidl_typesupport_introspection_cpp.hpp
[0.891s] -- Up-to-date: /home/amruth/Documents/git/ros_ws/WS/install/tutorial_interfaces_cpp/include/tutorial_interfaces_cpp/tutorial_interfaces_cpp/srv/detail/add_three_ints__type_support.cpp
[0.891s] -- Up-to-date: /home/amruth/Documents/git/ros_ws/WS/install/tutorial_interfaces_cpp/lib/libtutorial_interfaces_cpp__rosidl_typesupport_introspection_cpp.so
[0.891s] -- Up-to-date: /home/amruth/Documents/git/ros_ws/WS/install/tutorial_interfaces_cpp/lib/libtutorial_interfaces_cpp__rosidl_typesupport_cpp.so
[0.891s] -- Up-to-date: /home/amruth/Documents/git/ros_ws/WS/install/tutorial_interfaces_cpp/share/tutorial_interfaces_cpp/environment/pythonpath.sh
[0.891s] -- Up-to-date: /home/amruth/Documents/git/ros_ws/WS/install/tutorial_interfaces_cpp/share/tutorial_interfaces_cpp/environment/pythonpath.dsv
[0.892s] -- Up-to-date: /home/amruth/Documents/git/ros_ws/WS/install/tutorial_interfaces_cpp/local/lib/python3.10/dist-packages/tutorial_interfaces_cpp-0.0.0-py3.10.egg-info
[0.892s] -- Installing: /home/amruth/Documents/git/ros_ws/WS/install/tutorial_interfaces_cpp/local/lib/python3.10/dist-packages/tutorial_interfaces_cpp-0.0.0-py3.10.egg-info/top_level.txt
[0.892s] -- Installing: /home/amruth/Documents/git/ros_ws/WS/install/tutorial_interfaces_cpp/local/lib/python3.10/dist-packages/tutorial_interfaces_cpp-0.0.0-py3.10.egg-info/dependency_links.txt
[0.892s] -- Installing: /home/amruth/Documents/git/ros_ws/WS/install/tutorial_interfaces_cpp/local/lib/python3.10/dist-packages/tutorial_interfaces_cpp-0.0.0-py3.10.egg-info/SOURCES.txt
[0.892s] -- Installing: /home/amruth/Documents/git/ros_ws/WS/install/tutorial_interfaces_cpp/local/lib/python3.10/dist-packages/tutorial_interfaces_cpp-0.0.0-py3.10.egg-info/PKG-INFO
[0.892s] -- Up-to-date: /home/amruth/Documents/git/ros_ws/WS/install/tutorial_interfaces_cpp/local/lib/python3.10/dist-packages/tutorial_interfaces_cpp
[0.892s] -- Up-to-date: /home/amruth/Documents/git/ros_ws/WS/install/tutorial_interfaces_cpp/local/lib/python3.10/dist-packages/tutorial_interfaces_cpp/_tutorial_interfaces_cpp_s.ep.rosidl_typesupport_fastrtps_c.c
[0.892s] -- Up-to-date: /home/amruth/Documents/git/ros_ws/WS/install/tutorial_interfaces_cpp/local/lib/python3.10/dist-packages/tutorial_interfaces_cpp/msg
[0.892s] -- Up-to-date: /home/amruth/Documents/git/ros_ws/WS/install/tutorial_interfaces_cpp/local/lib/python3.10/dist-packages/tutorial_interfaces_cpp/msg/_sphere.py
[0.893s] -- Up-to-date: /home/amruth/Documents/git/ros_ws/WS/install/tutorial_interfaces_cpp/local/lib/python3.10/dist-packages/tutorial_interfaces_cpp/msg/_num_s.c
[0.893s] -- Up-to-date: /home/amruth/Documents/git/ros_ws/WS/install/tutorial_interfaces_cpp/local/lib/python3.10/dist-packages/tutorial_interfaces_cpp/msg/__init__.py
[0.893s] -- Up-to-date: /home/amruth/Documents/git/ros_ws/WS/install/tutorial_interfaces_cpp/local/lib/python3.10/dist-packages/tutorial_interfaces_cpp/msg/_num.py
[0.893s] -- Up-to-date: /home/amruth/Documents/git/ros_ws/WS/install/tutorial_interfaces_cpp/local/lib/python3.10/dist-packages/tutorial_interfaces_cpp/msg/_sphere_s.c
[0.893s] -- Up-to-date: /home/amruth/Documents/git/ros_ws/WS/install/tutorial_interfaces_cpp/local/lib/python3.10/dist-packages/tutorial_interfaces_cpp/_tutorial_interfaces_cpp_s.ep.rosidl_typesupport_microxrcedds_c.c
[0.893s] -- Up-to-date: /home/amruth/Documents/git/ros_ws/WS/install/tutorial_interfaces_cpp/local/lib/python3.10/dist-packages/tutorial_interfaces_cpp/_tutorial_interfaces_cpp_s.ep.rosidl_typesupport_introspection_c.c
[0.893s] -- Up-to-date: /home/amruth/Documents/git/ros_ws/WS/install/tutorial_interfaces_cpp/local/lib/python3.10/dist-packages/tutorial_interfaces_cpp/tutorial_interfaces_cpp_s__rosidl_typesupport_fastrtps_c.cpython-311-x86_64-linux-gnu.so
[0.893s] -- Up-to-date: /home/amruth/Documents/git/ros_ws/WS/install/tutorial_interfaces_cpp/local/lib/python3.10/dist-packages/tutorial_interfaces_cpp/srv
[0.893s] -- Up-to-date: /home/amruth/Documents/git/ros_ws/WS/install/tutorial_interfaces_cpp/local/lib/python3.10/dist-packages/tutorial_interfaces_cpp/srv/_add_three_ints_s.c
[0.894s] -- Up-to-date: /home/amruth/Documents/git/ros_ws/WS/install/tutorial_interfaces_cpp/local/lib/python3.10/dist-packages/tutorial_interfaces_cpp/srv/__init__.py
[0.894s] -- Up-to-date: /home/amruth/Documents/git/ros_ws/WS/install/tutorial_interfaces_cpp/local/lib/python3.10/dist-packages/tutorial_interfaces_cpp/srv/_add_three_ints.py
[0.894s] -- Up-to-date: /home/amruth/Documents/git/ros_ws/WS/install/tutorial_interfaces_cpp/local/lib/python3.10/dist-packages/tutorial_interfaces_cpp/__init__.py
[0.894s] -- Up-to-date: /home/amruth/Documents/git/ros_ws/WS/install/tutorial_interfaces_cpp/local/lib/python3.10/dist-packages/tutorial_interfaces_cpp/tutorial_interfaces_cpp_s__rosidl_typesupport_introspection_c.cpython-311-x86_64-linux-gnu.so
[0.894s] -- Up-to-date: /home/amruth/Documents/git/ros_ws/WS/install/tutorial_interfaces_cpp/local/lib/python3.10/dist-packages/tutorial_interfaces_cpp/tutorial_interfaces_cpp_s__rosidl_typesupport_c.cpython-311-x86_64-linux-gnu.so
[0.894s] -- Up-to-date: /home/amruth/Documents/git/ros_ws/WS/install/tutorial_interfaces_cpp/local/lib/python3.10/dist-packages/tutorial_interfaces_cpp/_tutorial_interfaces_cpp_s.ep.rosidl_typesupport_c.c
[0.894s] -- Up-to-date: /home/amruth/Documents/git/ros_ws/WS/install/tutorial_interfaces_cpp/local/lib/python3.10/dist-packages/tutorial_interfaces_cpp/tutorial_interfaces_cpp_s__rosidl_typesupport_microxrcedds_c.cpython-311-x86_64-linux-gnu.so
[0.894s] -- Up-to-date: /home/amruth/Documents/git/ros_ws/WS/install/tutorial_interfaces_cpp/local/lib/python3.10/dist-packages/tutorial_interfaces_cpp/libtutorial_interfaces_cpp__rosidl_generator_py.so
[0.927s] Listing '/home/amruth/Documents/git/ros_ws/WS/install/tutorial_interfaces_cpp/local/lib/python3.10/dist-packages/tutorial_interfaces_cpp'...
[0.928s] Listing '/home/amruth/Documents/git/ros_ws/WS/install/tutorial_interfaces_cpp/local/lib/python3.10/dist-packages/tutorial_interfaces_cpp/msg'...
[0.928s] Listing '/home/amruth/Documents/git/ros_ws/WS/install/tutorial_interfaces_cpp/local/lib/python3.10/dist-packages/tutorial_interfaces_cpp/srv'...
[0.931s] -- Up-to-date: /home/amruth/Documents/git/ros_ws/WS/install/tutorial_interfaces_cpp/local/lib/python3.10/dist-packages/tutorial_interfaces_cpp/tutorial_interfaces_cpp_s__rosidl_typesupport_microxrcedds_c.cpython-311-x86_64-linux-gnu.so
[0.931s] -- Up-to-date: /home/amruth/Documents/git/ros_ws/WS/install/tutorial_interfaces_cpp/local/lib/python3.10/dist-packages/tutorial_interfaces_cpp/tutorial_interfaces_cpp_s__rosidl_typesupport_fastrtps_c.cpython-311-x86_64-linux-gnu.so
[0.932s] -- Up-to-date: /home/amruth/Documents/git/ros_ws/WS/install/tutorial_interfaces_cpp/local/lib/python3.10/dist-packages/tutorial_interfaces_cpp/tutorial_interfaces_cpp_s__rosidl_typesupport_introspection_c.cpython-311-x86_64-linux-gnu.so
[0.932s] -- Up-to-date: /home/amruth/Documents/git/ros_ws/WS/install/tutorial_interfaces_cpp/local/lib/python3.10/dist-packages/tutorial_interfaces_cpp/tutorial_interfaces_cpp_s__rosidl_typesupport_c.cpython-311-x86_64-linux-gnu.so
[0.933s] -- Up-to-date: /home/amruth/Documents/git/ros_ws/WS/install/tutorial_interfaces_cpp/lib/libtutorial_interfaces_cpp__rosidl_generator_py.so
[0.933s] -- Up-to-date: /home/amruth/Documents/git/ros_ws/WS/install/tutorial_interfaces_cpp/share/tutorial_interfaces_cpp/msg/Num.idl
[0.933s] -- Up-to-date: /home/amruth/Documents/git/ros_ws/WS/install/tutorial_interfaces_cpp/share/tutorial_interfaces_cpp/msg/Sphere.idl
[0.934s] -- Up-to-date: /home/amruth/Documents/git/ros_ws/WS/install/tutorial_interfaces_cpp/share/tutorial_interfaces_cpp/srv/AddThreeInts.idl
[0.934s] -- Up-to-date: /home/amruth/Documents/git/ros_ws/WS/install/tutorial_interfaces_cpp/share/tutorial_interfaces_cpp/msg/Num.msg
[0.934s] -- Up-to-date: /home/amruth/Documents/git/ros_ws/WS/install/tutorial_interfaces_cpp/share/tutorial_interfaces_cpp/msg/Sphere.msg
[0.934s] -- Up-to-date: /home/amruth/Documents/git/ros_ws/WS/install/tutorial_interfaces_cpp/share/tutorial_interfaces_cpp/srv/AddThreeInts.srv
[0.934s] -- Up-to-date: /home/amruth/Documents/git/ros_ws/WS/install/tutorial_interfaces_cpp/share/tutorial_interfaces_cpp/srv/AddThreeInts_Request.msg
[0.934s] -- Up-to-date: /home/amruth/Documents/git/ros_ws/WS/install/tutorial_interfaces_cpp/share/tutorial_interfaces_cpp/srv/AddThreeInts_Response.msg
[0.934s] -- Up-to-date: /home/amruth/Documents/git/ros_ws/WS/install/tutorial_interfaces_cpp/share/ament_index/resource_index/package_run_dependencies/tutorial_interfaces_cpp
[0.934s] -- Up-to-date: /home/amruth/Documents/git/ros_ws/WS/install/tutorial_interfaces_cpp/share/ament_index/resource_index/parent_prefix_path/tutorial_interfaces_cpp
[0.935s] -- Up-to-date: /home/amruth/Documents/git/ros_ws/WS/install/tutorial_interfaces_cpp/share/tutorial_interfaces_cpp/environment/ament_prefix_path.sh
[0.935s] -- Up-to-date: /home/amruth/Documents/git/ros_ws/WS/install/tutorial_interfaces_cpp/share/tutorial_interfaces_cpp/environment/ament_prefix_path.dsv
[0.935s] -- Up-to-date: /home/amruth/Documents/git/ros_ws/WS/install/tutorial_interfaces_cpp/share/tutorial_interfaces_cpp/environment/path.sh
[0.935s] -- Up-to-date: /home/amruth/Documents/git/ros_ws/WS/install/tutorial_interfaces_cpp/share/tutorial_interfaces_cpp/environment/path.dsv
[0.935s] -- Up-to-date: /home/amruth/Documents/git/ros_ws/WS/install/tutorial_interfaces_cpp/share/tutorial_interfaces_cpp/local_setup.bash
[0.935s] -- Up-to-date: /home/amruth/Documents/git/ros_ws/WS/install/tutorial_interfaces_cpp/share/tutorial_interfaces_cpp/local_setup.sh
[0.935s] -- Up-to-date: /home/amruth/Documents/git/ros_ws/WS/install/tutorial_interfaces_cpp/share/tutorial_interfaces_cpp/local_setup.zsh
[0.935s] -- Up-to-date: /home/amruth/Documents/git/ros_ws/WS/install/tutorial_interfaces_cpp/share/tutorial_interfaces_cpp/local_setup.dsv
[0.935s] -- Installing: /home/amruth/Documents/git/ros_ws/WS/install/tutorial_interfaces_cpp/share/tutorial_interfaces_cpp/package.dsv
[0.935s] -- Up-to-date: /home/amruth/Documents/git/ros_ws/WS/install/tutorial_interfaces_cpp/share/ament_index/resource_index/packages/tutorial_interfaces_cpp
[0.935s] -- Up-to-date: /home/amruth/Documents/git/ros_ws/WS/install/tutorial_interfaces_cpp/share/tutorial_interfaces_cpp/cmake/export_tutorial_interfaces_cpp__rosidl_generator_cExport.cmake
[0.935s] -- Up-to-date: /home/amruth/Documents/git/ros_ws/WS/install/tutorial_interfaces_cpp/share/tutorial_interfaces_cpp/cmake/export_tutorial_interfaces_cpp__rosidl_generator_cExport-noconfig.cmake
[0.935s] -- Up-to-date: /home/amruth/Documents/git/ros_ws/WS/install/tutorial_interfaces_cpp/share/tutorial_interfaces_cpp/cmake/export_tutorial_interfaces_cpp__rosidl_typesupport_fastrtps_cExport.cmake
[0.935s] -- Up-to-date: /home/amruth/Documents/git/ros_ws/WS/install/tutorial_interfaces_cpp/share/tutorial_interfaces_cpp/cmake/export_tutorial_interfaces_cpp__rosidl_typesupport_fastrtps_cExport-noconfig.cmake
[0.936s] -- Up-to-date: /home/amruth/Documents/git/ros_ws/WS/install/tutorial_interfaces_cpp/share/tutorial_interfaces_cpp/cmake/export_tutorial_interfaces_cpp__rosidl_generator_cppExport.cmake
[0.936s] -- Up-to-date: /home/amruth/Documents/git/ros_ws/WS/install/tutorial_interfaces_cpp/share/tutorial_interfaces_cpp/cmake/export_tutorial_interfaces_cpp__rosidl_typesupport_fastrtps_cppExport.cmake
[0.936s] -- Up-to-date: /home/amruth/Documents/git/ros_ws/WS/install/tutorial_interfaces_cpp/share/tutorial_interfaces_cpp/cmake/export_tutorial_interfaces_cpp__rosidl_typesupport_fastrtps_cppExport-noconfig.cmake
[0.936s] -- Up-to-date: /home/amruth/Documents/git/ros_ws/WS/install/tutorial_interfaces_cpp/share/tutorial_interfaces_cpp/cmake/tutorial_interfaces_cpp__rosidl_typesupport_introspection_cExport.cmake
[0.936s] -- Up-to-date: /home/amruth/Documents/git/ros_ws/WS/install/tutorial_interfaces_cpp/share/tutorial_interfaces_cpp/cmake/tutorial_interfaces_cpp__rosidl_typesupport_introspection_cExport-noconfig.cmake
[0.936s] -- Up-to-date: /home/amruth/Documents/git/ros_ws/WS/install/tutorial_interfaces_cpp/share/tutorial_interfaces_cpp/cmake/tutorial_interfaces_cpp__rosidl_typesupport_cExport.cmake
[0.936s] -- Up-to-date: /home/amruth/Documents/git/ros_ws/WS/install/tutorial_interfaces_cpp/share/tutorial_interfaces_cpp/cmake/tutorial_interfaces_cpp__rosidl_typesupport_cExport-noconfig.cmake
[0.936s] -- Up-to-date: /home/amruth/Documents/git/ros_ws/WS/install/tutorial_interfaces_cpp/share/tutorial_interfaces_cpp/cmake/tutorial_interfaces_cpp__rosidl_typesupport_introspection_cppExport.cmake
[0.936s] -- Up-to-date: /home/amruth/Documents/git/ros_ws/WS/install/tutorial_interfaces_cpp/share/tutorial_interfaces_cpp/cmake/tutorial_interfaces_cpp__rosidl_typesupport_introspection_cppExport-noconfig.cmake
[0.936s] -- Up-to-date: /home/amruth/Documents/git/ros_ws/WS/install/tutorial_interfaces_cpp/share/tutorial_interfaces_cpp/cmake/tutorial_interfaces_cpp__rosidl_typesupport_cppExport.cmake
[0.936s] -- Up-to-date: /home/amruth/Documents/git/ros_ws/WS/install/tutorial_interfaces_cpp/share/tutorial_interfaces_cpp/cmake/tutorial_interfaces_cpp__rosidl_typesupport_cppExport-noconfig.cmake
[0.936s] -- Up-to-date: /home/amruth/Documents/git/ros_ws/WS/install/tutorial_interfaces_cpp/share/tutorial_interfaces_cpp/cmake/export_tutorial_interfaces_cpp__rosidl_generator_pyExport.cmake
[0.936s] -- Up-to-date: /home/amruth/Documents/git/ros_ws/WS/install/tutorial_interfaces_cpp/share/tutorial_interfaces_cpp/cmake/export_tutorial_interfaces_cpp__rosidl_generator_pyExport-noconfig.cmake
[0.936s] -- Up-to-date: /home/amruth/Documents/git/ros_ws/WS/install/tutorial_interfaces_cpp/share/tutorial_interfaces_cpp/cmake/rosidl_cmake-extras.cmake
[0.936s] -- Up-to-date: /home/amruth/Documents/git/ros_ws/WS/install/tutorial_interfaces_cpp/share/tutorial_interfaces_cpp/cmake/ament_cmake_export_dependencies-extras.cmake
[0.936s] -- Up-to-date: /home/amruth/Documents/git/ros_ws/WS/install/tutorial_interfaces_cpp/share/tutorial_interfaces_cpp/cmake/ament_cmake_export_include_directories-extras.cmake
[0.937s] -- Up-to-date: /home/amruth/Documents/git/ros_ws/WS/install/tutorial_interfaces_cpp/share/tutorial_interfaces_cpp/cmake/ament_cmake_export_libraries-extras.cmake
[0.937s] -- Up-to-date: /home/amruth/Documents/git/ros_ws/WS/install/tutorial_interfaces_cpp/share/tutorial_interfaces_cpp/cmake/ament_cmake_export_targets-extras.cmake
[0.937s] -- Up-to-date: /home/amruth/Documents/git/ros_ws/WS/install/tutorial_interfaces_cpp/share/tutorial_interfaces_cpp/cmake/rosidl_cmake_export_typesupport_targets-extras.cmake
[0.937s] -- Up-to-date: /home/amruth/Documents/git/ros_ws/WS/install/tutorial_interfaces_cpp/share/tutorial_interfaces_cpp/cmake/rosidl_cmake_export_typesupport_libraries-extras.cmake
[0.937s] -- Up-to-date: /home/amruth/Documents/git/ros_ws/WS/install/tutorial_interfaces_cpp/share/tutorial_interfaces_cpp/cmake/tutorial_interfaces_cppConfig.cmake
[0.937s] -- Up-to-date: /home/amruth/Documents/git/ros_ws/WS/install/tutorial_interfaces_cpp/share/tutorial_interfaces_cpp/cmake/tutorial_interfaces_cppConfig-version.cmake
[0.937s] -- Up-to-date: /home/amruth/Documents/git/ros_ws/WS/install/tutorial_interfaces_cpp/share/tutorial_interfaces_cpp/package.xml
[0.939s] Invoked command in '/home/amruth/Documents/git/ros_ws/WS/build/tutorial_interfaces_cpp' returned '0': CMAKE_PREFIX_PATH=${CMAKE_PREFIX_PATH}:/home/amruth/Documents/git/ros_ws/WS/install/py_srvcli:/home/amruth/Documents/git/ros_ws/WS/install/py_pubsub_2:/home/amruth/Documents/git/ros_ws/WS/install/py_pubsub:/home/amruth/Documents/git/ros_ws/WS/install/my_py_pkg_2:/home/amruth/Documents/git/ros_ws/WS/install/my_py_pkg:/home/amruth/Documents/git/microros_ws/install/sensor_msgs_py:/opt/ros/humble /usr/bin/cmake --install /home/amruth/Documents/git/ros_ws/WS/build/tutorial_interfaces_cpp
