[0.018s] Invoking command in '/home/ros_ws/build/bat_led_interfaces': CMAKE_PREFIX_PATH=${CMAKE_PREFIX_PATH}:/home/ros_ws/install/my_py_pkg:/opt/ros/foxy /usr/bin/cmake --build /home/ros_ws/build/bat_led_interfaces -- -j16 -l16
[0.068s] [  6%] Built target bat_led_interfaces__cpp
[0.068s] [ 12%] Built target bat_led_interfaces__rosidl_generator_c
[0.093s] [ 27%] Built target bat_led_interfaces__rosidl_typesupport_c
[0.093s] [ 34%] Built target bat_led_interfaces__rosidl_typesupport_introspection_cpp
[0.095s] [ 44%] Built target bat_led_interfaces__rosidl_typesupport_cpp
[0.098s] [ 55%] Built target bat_led_interfaces__rosidl_typesupport_introspection_c
[0.101s] [ 65%] Built target bat_led_interfaces__rosidl_typesupport_fastrtps_cpp
[0.128s] [ 76%] Built target bat_led_interfaces__rosidl_typesupport_fastrtps_c
[0.147s] [ 76%] Built target bat_led_interfaces
[0.167s] [ 78%] Built target bat_led_interfaces__py
[0.198s] [ 87%] Built target bat_led_interfaces__python
[0.231s] [ 95%] Built target bat_led_interfaces__rosidl_typesupport_c__pyext
[0.232s] [ 95%] Built target bat_led_interfaces__rosidl_typesupport_introspection_c__pyext
[0.233s] [100%] Built target bat_led_interfaces__rosidl_typesupport_fastrtps_c__pyext
[0.248s] Invoked command in '/home/ros_ws/build/bat_led_interfaces' returned '0': CMAKE_PREFIX_PATH=${CMAKE_PREFIX_PATH}:/home/ros_ws/install/my_py_pkg:/opt/ros/foxy /usr/bin/cmake --build /home/ros_ws/build/bat_led_interfaces -- -j16 -l16
[0.324s] Invoking command in '/home/ros_ws/build/bat_led_interfaces': CMAKE_PREFIX_PATH=${CMAKE_PREFIX_PATH}:/home/ros_ws/install/my_py_pkg:/opt/ros/foxy /usr/bin/cmake --install /home/ros_ws/build/bat_led_interfaces
[0.334s] -- Install configuration: ""
[0.334s] -- Up-to-date: /home/ros_ws/install/bat_led_interfaces/share/ament_index/resource_index/rosidl_interfaces/bat_led_interfaces
[0.335s] -- Up-to-date: /home/ros_ws/install/bat_led_interfaces/include/bat_led_interfaces
[0.335s] -- Up-to-date: /home/ros_ws/install/bat_led_interfaces/include/bat_led_interfaces/msg
[0.335s] -- Up-to-date: /home/ros_ws/install/bat_led_interfaces/include/bat_led_interfaces/msg/detail
[0.335s] -- Up-to-date: /home/ros_ws/install/bat_led_interfaces/include/bat_led_interfaces/msg/detail/led_pannel_state__functions.c
[0.335s] -- Up-to-date: /home/ros_ws/install/bat_led_interfaces/include/bat_led_interfaces/msg/detail/led_pannel_state__struct.h
[0.335s] -- Up-to-date: /home/ros_ws/install/bat_led_interfaces/include/bat_led_interfaces/msg/detail/led_state_array__functions.h
[0.335s] -- Up-to-date: /home/ros_ws/install/bat_led_interfaces/include/bat_led_interfaces/msg/detail/led_state_array__struct.h
[0.335s] -- Up-to-date: /home/ros_ws/install/bat_led_interfaces/include/bat_led_interfaces/msg/detail/led_pannel_state__functions.h
[0.335s] -- Up-to-date: /home/ros_ws/install/bat_led_interfaces/include/bat_led_interfaces/msg/detail/led_state_array__functions.c
[0.336s] -- Up-to-date: /home/ros_ws/install/bat_led_interfaces/include/bat_led_interfaces/msg/detail/led_pannel_state__type_support.h
[0.336s] -- Up-to-date: /home/ros_ws/install/bat_led_interfaces/include/bat_led_interfaces/msg/detail/led_state_array__type_support.h
[0.336s] -- Up-to-date: /home/ros_ws/install/bat_led_interfaces/include/bat_led_interfaces/msg/led_state_array.h
[0.336s] -- Up-to-date: /home/ros_ws/install/bat_led_interfaces/include/bat_led_interfaces/msg/led_pannel_state.h
[0.336s] -- Up-to-date: /home/ros_ws/install/bat_led_interfaces/include/bat_led_interfaces/msg/rosidl_generator_c__visibility_control.h
[0.336s] -- Up-to-date: /home/ros_ws/install/bat_led_interfaces/include/bat_led_interfaces/srv
[0.336s] -- Up-to-date: /home/ros_ws/install/bat_led_interfaces/include/bat_led_interfaces/srv/detail
[0.336s] -- Up-to-date: /home/ros_ws/install/bat_led_interfaces/include/bat_led_interfaces/srv/detail/set_led__type_support.h
[0.336s] -- Up-to-date: /home/ros_ws/install/bat_led_interfaces/include/bat_led_interfaces/srv/detail/set_led__functions.c
[0.337s] -- Up-to-date: /home/ros_ws/install/bat_led_interfaces/include/bat_led_interfaces/srv/detail/set_led__struct.h
[0.337s] -- Up-to-date: /home/ros_ws/install/bat_led_interfaces/include/bat_led_interfaces/srv/detail/set_led__functions.h
[0.337s] -- Up-to-date: /home/ros_ws/install/bat_led_interfaces/include/bat_led_interfaces/srv/set_led.h
[0.337s] -- Up-to-date: /home/ros_ws/install/bat_led_interfaces/share/bat_led_interfaces/environment/library_path.sh
[0.337s] -- Up-to-date: /home/ros_ws/install/bat_led_interfaces/share/bat_led_interfaces/environment/library_path.dsv
[0.337s] -- Up-to-date: /home/ros_ws/install/bat_led_interfaces/lib/libbat_led_interfaces__rosidl_generator_c.so
[0.337s] -- Up-to-date: /home/ros_ws/install/bat_led_interfaces/include/bat_led_interfaces
[0.337s] -- Up-to-date: /home/ros_ws/install/bat_led_interfaces/include/bat_led_interfaces/msg
[0.337s] -- Up-to-date: /home/ros_ws/install/bat_led_interfaces/include/bat_led_interfaces/msg/detail
[0.338s] -- Up-to-date: /home/ros_ws/install/bat_led_interfaces/include/bat_led_interfaces/msg/detail/led_pannel_state__rosidl_typesupport_fastrtps_c.h
[0.338s] -- Up-to-date: /home/ros_ws/install/bat_led_interfaces/include/bat_led_interfaces/msg/detail/led_state_array__rosidl_typesupport_fastrtps_c.h
[0.338s] -- Up-to-date: /home/ros_ws/install/bat_led_interfaces/include/bat_led_interfaces/msg/rosidl_typesupport_fastrtps_c__visibility_control.h
[0.338s] -- Up-to-date: /home/ros_ws/install/bat_led_interfaces/include/bat_led_interfaces/srv
[0.338s] -- Up-to-date: /home/ros_ws/install/bat_led_interfaces/include/bat_led_interfaces/srv/detail
[0.338s] -- Up-to-date: /home/ros_ws/install/bat_led_interfaces/include/bat_led_interfaces/srv/detail/set_led__rosidl_typesupport_fastrtps_c.h
[0.338s] -- Up-to-date: /home/ros_ws/install/bat_led_interfaces/lib/libbat_led_interfaces__rosidl_typesupport_fastrtps_c.so
[0.338s] -- Up-to-date: /home/ros_ws/install/bat_led_interfaces/include/bat_led_interfaces
[0.339s] -- Up-to-date: /home/ros_ws/install/bat_led_interfaces/include/bat_led_interfaces/msg
[0.339s] -- Up-to-date: /home/ros_ws/install/bat_led_interfaces/include/bat_led_interfaces/msg/detail
[0.339s] -- Up-to-date: /home/ros_ws/install/bat_led_interfaces/include/bat_led_interfaces/msg/detail/led_pannel_state__rosidl_typesupport_fastrtps_cpp.hpp
[0.339s] -- Up-to-date: /home/ros_ws/install/bat_led_interfaces/include/bat_led_interfaces/msg/detail/dds_fastrtps
[0.339s] -- Up-to-date: /home/ros_ws/install/bat_led_interfaces/include/bat_led_interfaces/msg/detail/led_state_array__rosidl_typesupport_fastrtps_cpp.hpp
[0.339s] -- Up-to-date: /home/ros_ws/install/bat_led_interfaces/include/bat_led_interfaces/msg/rosidl_typesupport_fastrtps_cpp__visibility_control.h
[0.339s] -- Up-to-date: /home/ros_ws/install/bat_led_interfaces/include/bat_led_interfaces/srv
[0.339s] -- Up-to-date: /home/ros_ws/install/bat_led_interfaces/include/bat_led_interfaces/srv/detail
[0.339s] -- Up-to-date: /home/ros_ws/install/bat_led_interfaces/include/bat_led_interfaces/srv/detail/set_led__rosidl_typesupport_fastrtps_cpp.hpp
[0.339s] -- Up-to-date: /home/ros_ws/install/bat_led_interfaces/include/bat_led_interfaces/srv/detail/dds_fastrtps
[0.340s] -- Up-to-date: /home/ros_ws/install/bat_led_interfaces/lib/libbat_led_interfaces__rosidl_typesupport_fastrtps_cpp.so
[0.340s] -- Up-to-date: /home/ros_ws/install/bat_led_interfaces/include/bat_led_interfaces
[0.340s] -- Up-to-date: /home/ros_ws/install/bat_led_interfaces/include/bat_led_interfaces/msg
[0.340s] -- Up-to-date: /home/ros_ws/install/bat_led_interfaces/include/bat_led_interfaces/msg/detail
[0.340s] -- Up-to-date: /home/ros_ws/install/bat_led_interfaces/include/bat_led_interfaces/msg/detail/led_state_array__type_support.c
[0.340s] -- Up-to-date: /home/ros_ws/install/bat_led_interfaces/include/bat_led_interfaces/msg/detail/led_pannel_state__rosidl_typesupport_introspection_c.h
[0.340s] -- Up-to-date: /home/ros_ws/install/bat_led_interfaces/include/bat_led_interfaces/msg/detail/led_state_array__rosidl_typesupport_introspection_c.h
[0.340s] -- Up-to-date: /home/ros_ws/install/bat_led_interfaces/include/bat_led_interfaces/msg/detail/led_pannel_state__type_support.c
[0.340s] -- Up-to-date: /home/ros_ws/install/bat_led_interfaces/include/bat_led_interfaces/msg/rosidl_typesupport_introspection_c__visibility_control.h
[0.340s] -- Up-to-date: /home/ros_ws/install/bat_led_interfaces/include/bat_led_interfaces/srv
[0.340s] -- Up-to-date: /home/ros_ws/install/bat_led_interfaces/include/bat_led_interfaces/srv/detail
[0.341s] -- Up-to-date: /home/ros_ws/install/bat_led_interfaces/include/bat_led_interfaces/srv/detail/set_led__type_support.c
[0.341s] -- Up-to-date: /home/ros_ws/install/bat_led_interfaces/include/bat_led_interfaces/srv/detail/set_led__rosidl_typesupport_introspection_c.h
[0.341s] -- Up-to-date: /home/ros_ws/install/bat_led_interfaces/lib/libbat_led_interfaces__rosidl_typesupport_introspection_c.so
[0.341s] -- Up-to-date: /home/ros_ws/install/bat_led_interfaces/lib/libbat_led_interfaces__rosidl_typesupport_c.so
[0.341s] -- Up-to-date: /home/ros_ws/install/bat_led_interfaces/include/bat_led_interfaces
[0.341s] -- Up-to-date: /home/ros_ws/install/bat_led_interfaces/include/bat_led_interfaces/msg
[0.341s] -- Up-to-date: /home/ros_ws/install/bat_led_interfaces/include/bat_led_interfaces/msg/detail
[0.341s] -- Up-to-date: /home/ros_ws/install/bat_led_interfaces/include/bat_led_interfaces/msg/detail/led_state_array__builder.hpp
[0.341s] -- Up-to-date: /home/ros_ws/install/bat_led_interfaces/include/bat_led_interfaces/msg/detail/led_pannel_state__builder.hpp
[0.341s] -- Up-to-date: /home/ros_ws/install/bat_led_interfaces/include/bat_led_interfaces/msg/detail/led_pannel_state__struct.hpp
[0.341s] -- Up-to-date: /home/ros_ws/install/bat_led_interfaces/include/bat_led_interfaces/msg/detail/led_state_array__struct.hpp
[0.341s] -- Up-to-date: /home/ros_ws/install/bat_led_interfaces/include/bat_led_interfaces/msg/detail/led_state_array__traits.hpp
[0.341s] -- Up-to-date: /home/ros_ws/install/bat_led_interfaces/include/bat_led_interfaces/msg/detail/led_pannel_state__traits.hpp
[0.342s] -- Up-to-date: /home/ros_ws/install/bat_led_interfaces/include/bat_led_interfaces/msg/led_pannel_state.hpp
[0.342s] -- Up-to-date: /home/ros_ws/install/bat_led_interfaces/include/bat_led_interfaces/msg/led_state_array.hpp
[0.342s] -- Up-to-date: /home/ros_ws/install/bat_led_interfaces/include/bat_led_interfaces/srv
[0.342s] -- Up-to-date: /home/ros_ws/install/bat_led_interfaces/include/bat_led_interfaces/srv/detail
[0.342s] -- Up-to-date: /home/ros_ws/install/bat_led_interfaces/include/bat_led_interfaces/srv/detail/set_led__builder.hpp
[0.342s] -- Up-to-date: /home/ros_ws/install/bat_led_interfaces/include/bat_led_interfaces/srv/detail/set_led__traits.hpp
[0.342s] -- Up-to-date: /home/ros_ws/install/bat_led_interfaces/include/bat_led_interfaces/srv/detail/set_led__struct.hpp
[0.342s] -- Up-to-date: /home/ros_ws/install/bat_led_interfaces/include/bat_led_interfaces/srv/set_led.hpp
[0.342s] -- Up-to-date: /home/ros_ws/install/bat_led_interfaces/include/bat_led_interfaces
[0.342s] -- Up-to-date: /home/ros_ws/install/bat_led_interfaces/include/bat_led_interfaces/msg
[0.342s] -- Up-to-date: /home/ros_ws/install/bat_led_interfaces/include/bat_led_interfaces/msg/detail
[0.342s] -- Up-to-date: /home/ros_ws/install/bat_led_interfaces/include/bat_led_interfaces/msg/detail/led_pannel_state__type_support.cpp
[0.343s] -- Up-to-date: /home/ros_ws/install/bat_led_interfaces/include/bat_led_interfaces/msg/detail/led_state_array__type_support.cpp
[0.343s] -- Up-to-date: /home/ros_ws/install/bat_led_interfaces/include/bat_led_interfaces/msg/detail/led_state_array__rosidl_typesupport_introspection_cpp.hpp
[0.343s] -- Up-to-date: /home/ros_ws/install/bat_led_interfaces/include/bat_led_interfaces/msg/detail/led_pannel_state__rosidl_typesupport_introspection_cpp.hpp
[0.343s] -- Up-to-date: /home/ros_ws/install/bat_led_interfaces/include/bat_led_interfaces/srv
[0.343s] -- Up-to-date: /home/ros_ws/install/bat_led_interfaces/include/bat_led_interfaces/srv/detail
[0.343s] -- Up-to-date: /home/ros_ws/install/bat_led_interfaces/include/bat_led_interfaces/srv/detail/set_led__type_support.cpp
[0.343s] -- Up-to-date: /home/ros_ws/install/bat_led_interfaces/include/bat_led_interfaces/srv/detail/set_led__rosidl_typesupport_introspection_cpp.hpp
[0.343s] -- Up-to-date: /home/ros_ws/install/bat_led_interfaces/lib/libbat_led_interfaces__rosidl_typesupport_introspection_cpp.so
[0.343s] -- Up-to-date: /home/ros_ws/install/bat_led_interfaces/lib/libbat_led_interfaces__rosidl_typesupport_cpp.so
[0.343s] -- Up-to-date: /home/ros_ws/install/bat_led_interfaces/share/bat_led_interfaces/environment/pythonpath.sh
[0.343s] -- Up-to-date: /home/ros_ws/install/bat_led_interfaces/share/bat_led_interfaces/environment/pythonpath.dsv
[0.344s] -- Up-to-date: /home/ros_ws/install/bat_led_interfaces/lib/python3.8/site-packages/bat_led_interfaces/__init__.py
[0.378s] -- Up-to-date: /home/ros_ws/install/bat_led_interfaces/lib/python3.8/site-packages/bat_led_interfaces/msg
[0.378s] -- Up-to-date: /home/ros_ws/install/bat_led_interfaces/lib/python3.8/site-packages/bat_led_interfaces/msg/_led_pannel_state.py
[0.379s] -- Up-to-date: /home/ros_ws/install/bat_led_interfaces/lib/python3.8/site-packages/bat_led_interfaces/msg/__init__.py
[0.380s] -- Up-to-date: /home/ros_ws/install/bat_led_interfaces/lib/python3.8/site-packages/bat_led_interfaces/msg/_led_state_array.py
[0.380s] -- Up-to-date: /home/ros_ws/install/bat_led_interfaces/lib/python3.8/site-packages/bat_led_interfaces/msg/_led_state_array_s.c
[0.381s] -- Up-to-date: /home/ros_ws/install/bat_led_interfaces/lib/python3.8/site-packages/bat_led_interfaces/msg/_led_pannel_state_s.c
[0.383s] -- Up-to-date: /home/ros_ws/install/bat_led_interfaces/lib/python3.8/site-packages/bat_led_interfaces/srv
[0.383s] -- Up-to-date: /home/ros_ws/install/bat_led_interfaces/lib/python3.8/site-packages/bat_led_interfaces/srv/_set_led.py
[0.384s] -- Up-to-date: /home/ros_ws/install/bat_led_interfaces/lib/python3.8/site-packages/bat_led_interfaces/srv/__init__.py
[0.384s] -- Up-to-date: /home/ros_ws/install/bat_led_interfaces/lib/python3.8/site-packages/bat_led_interfaces/srv/_set_led_s.c
[0.384s] -- Up-to-date: /home/ros_ws/install/bat_led_interfaces/lib/python3.8/site-packages/bat_led_interfaces/bat_led_interfaces_s__rosidl_typesupport_fastrtps_c.cpython-38-x86_64-linux-gnu.so
[0.384s] -- Up-to-date: /home/ros_ws/install/bat_led_interfaces/lib/python3.8/site-packages/bat_led_interfaces/bat_led_interfaces_s__rosidl_typesupport_introspection_c.cpython-38-x86_64-linux-gnu.so
[0.384s] -- Up-to-date: /home/ros_ws/install/bat_led_interfaces/lib/python3.8/site-packages/bat_led_interfaces/bat_led_interfaces_s__rosidl_typesupport_c.cpython-38-x86_64-linux-gnu.so
[0.384s] -- Up-to-date: /home/ros_ws/install/bat_led_interfaces/lib/libbat_led_interfaces__python.so
[0.384s] -- Up-to-date: /home/ros_ws/install/bat_led_interfaces/share/bat_led_interfaces/msg/LedPannelState.idl
[0.385s] -- Up-to-date: /home/ros_ws/install/bat_led_interfaces/share/bat_led_interfaces/srv/SetLed.idl
[0.386s] -- Up-to-date: /home/ros_ws/install/bat_led_interfaces/share/bat_led_interfaces/msg/LedStateArray.idl
[0.386s] -- Up-to-date: /home/ros_ws/install/bat_led_interfaces/share/bat_led_interfaces/msg/LedPannelState.msg
[0.387s] -- Up-to-date: /home/ros_ws/install/bat_led_interfaces/share/bat_led_interfaces/srv/SetLed.srv
[0.387s] -- Up-to-date: /home/ros_ws/install/bat_led_interfaces/share/bat_led_interfaces/srv/SetLed_Request.msg
[0.387s] -- Up-to-date: /home/ros_ws/install/bat_led_interfaces/share/bat_led_interfaces/srv/SetLed_Response.msg
[0.387s] -- Up-to-date: /home/ros_ws/install/bat_led_interfaces/share/bat_led_interfaces/msg/LedStateArray.msg
[0.387s] -- Up-to-date: /home/ros_ws/install/bat_led_interfaces/share/ament_index/resource_index/package_run_dependencies/bat_led_interfaces
[0.387s] -- Up-to-date: /home/ros_ws/install/bat_led_interfaces/share/ament_index/resource_index/parent_prefix_path/bat_led_interfaces
[0.387s] -- Up-to-date: /home/ros_ws/install/bat_led_interfaces/share/bat_led_interfaces/environment/ament_prefix_path.sh
[0.387s] -- Up-to-date: /home/ros_ws/install/bat_led_interfaces/share/bat_led_interfaces/environment/ament_prefix_path.dsv
[0.387s] -- Up-to-date: /home/ros_ws/install/bat_led_interfaces/share/bat_led_interfaces/environment/path.sh
[0.387s] -- Up-to-date: /home/ros_ws/install/bat_led_interfaces/share/bat_led_interfaces/environment/path.dsv
[0.387s] -- Up-to-date: /home/ros_ws/install/bat_led_interfaces/share/bat_led_interfaces/local_setup.bash
[0.387s] -- Up-to-date: /home/ros_ws/install/bat_led_interfaces/share/bat_led_interfaces/local_setup.sh
[0.387s] -- Up-to-date: /home/ros_ws/install/bat_led_interfaces/share/bat_led_interfaces/local_setup.zsh
[0.387s] -- Up-to-date: /home/ros_ws/install/bat_led_interfaces/share/bat_led_interfaces/local_setup.dsv
[0.388s] -- Installing: /home/ros_ws/install/bat_led_interfaces/share/bat_led_interfaces/package.dsv
[0.388s] -- Up-to-date: /home/ros_ws/install/bat_led_interfaces/share/ament_index/resource_index/packages/bat_led_interfaces
[0.388s] -- Up-to-date: /home/ros_ws/install/bat_led_interfaces/share/bat_led_interfaces/cmake/bat_led_interfaces__rosidl_generator_cExport.cmake
[0.388s] -- Up-to-date: /home/ros_ws/install/bat_led_interfaces/share/bat_led_interfaces/cmake/bat_led_interfaces__rosidl_generator_cExport-noconfig.cmake
[0.388s] -- Up-to-date: /home/ros_ws/install/bat_led_interfaces/share/bat_led_interfaces/cmake/bat_led_interfaces__rosidl_typesupport_introspection_cExport.cmake
[0.388s] -- Up-to-date: /home/ros_ws/install/bat_led_interfaces/share/bat_led_interfaces/cmake/bat_led_interfaces__rosidl_typesupport_introspection_cExport-noconfig.cmake
[0.388s] -- Up-to-date: /home/ros_ws/install/bat_led_interfaces/share/bat_led_interfaces/cmake/bat_led_interfaces__rosidl_typesupport_cExport.cmake
[0.388s] -- Up-to-date: /home/ros_ws/install/bat_led_interfaces/share/bat_led_interfaces/cmake/bat_led_interfaces__rosidl_typesupport_cExport-noconfig.cmake
[0.388s] -- Up-to-date: /home/ros_ws/install/bat_led_interfaces/share/bat_led_interfaces/cmake/bat_led_interfaces__rosidl_generator_cppExport.cmake
[0.388s] -- Up-to-date: /home/ros_ws/install/bat_led_interfaces/share/bat_led_interfaces/cmake/bat_led_interfaces__rosidl_typesupport_introspection_cppExport.cmake
[0.388s] -- Up-to-date: /home/ros_ws/install/bat_led_interfaces/share/bat_led_interfaces/cmake/bat_led_interfaces__rosidl_typesupport_introspection_cppExport-noconfig.cmake
[0.388s] -- Up-to-date: /home/ros_ws/install/bat_led_interfaces/share/bat_led_interfaces/cmake/bat_led_interfaces__rosidl_typesupport_cppExport.cmake
[0.388s] -- Up-to-date: /home/ros_ws/install/bat_led_interfaces/share/bat_led_interfaces/cmake/bat_led_interfaces__rosidl_typesupport_cppExport-noconfig.cmake
[0.389s] -- Up-to-date: /home/ros_ws/install/bat_led_interfaces/share/bat_led_interfaces/cmake/rosidl_cmake-extras.cmake
[0.389s] -- Up-to-date: /home/ros_ws/install/bat_led_interfaces/share/bat_led_interfaces/cmake/ament_cmake_export_dependencies-extras.cmake
[0.389s] -- Up-to-date: /home/ros_ws/install/bat_led_interfaces/share/bat_led_interfaces/cmake/ament_cmake_export_libraries-extras.cmake
[0.389s] -- Up-to-date: /home/ros_ws/install/bat_led_interfaces/share/bat_led_interfaces/cmake/ament_cmake_export_targets-extras.cmake
[0.389s] -- Up-to-date: /home/ros_ws/install/bat_led_interfaces/share/bat_led_interfaces/cmake/ament_cmake_export_include_directories-extras.cmake
[0.389s] -- Up-to-date: /home/ros_ws/install/bat_led_interfaces/share/bat_led_interfaces/cmake/rosidl_cmake_export_typesupport_libraries-extras.cmake
[0.389s] -- Up-to-date: /home/ros_ws/install/bat_led_interfaces/share/bat_led_interfaces/cmake/rosidl_cmake_export_typesupport_targets-extras.cmake
[0.389s] -- Up-to-date: /home/ros_ws/install/bat_led_interfaces/share/bat_led_interfaces/cmake/bat_led_interfacesConfig.cmake
[0.389s] -- Up-to-date: /home/ros_ws/install/bat_led_interfaces/share/bat_led_interfaces/cmake/bat_led_interfacesConfig-version.cmake
[0.389s] -- Up-to-date: /home/ros_ws/install/bat_led_interfaces/share/bat_led_interfaces/package.xml
[0.415s] Invoked command in '/home/ros_ws/build/bat_led_interfaces' returned '0': CMAKE_PREFIX_PATH=${CMAKE_PREFIX_PATH}:/home/ros_ws/install/my_py_pkg:/opt/ros/foxy /usr/bin/cmake --install /home/ros_ws/build/bat_led_interfaces
