[0.026s] Invoking command in '/home/ros_ws/build/my_robot_interfaces': CMAKE_PREFIX_PATH=${CMAKE_PREFIX_PATH}:/home/ros_ws/install/my_py_pkg:/opt/ros/foxy /usr/bin/cmake --build /home/ros_ws/build/my_robot_interfaces -- -j16 -l16
[0.087s] [  2%] Built target my_robot_interfaces__cpp
[0.088s] [ 12%] Built target my_robot_interfaces__rosidl_generator_c
[0.113s] [ 23%] Built target my_robot_interfaces__rosidl_typesupport_cpp
[0.114s] [ 43%] Built target my_robot_interfaces__rosidl_typesupport_introspection_cpp
[0.114s] [ 43%] Built target my_robot_interfaces__rosidl_typesupport_c
[0.116s] [ 53%] Built target my_robot_interfaces__rosidl_typesupport_introspection_c
[0.121s] [ 64%] Built target my_robot_interfaces__rosidl_typesupport_fastrtps_cpp
[0.147s] [ 74%] Built target my_robot_interfaces__rosidl_typesupport_fastrtps_c
[0.165s] [ 74%] Built target my_robot_interfaces
[0.183s] [ 76%] Built target my_robot_interfaces__py
[0.206s] [ 84%] Built target my_robot_interfaces__python
[0.235s] [ 89%] Built target my_robot_interfaces__rosidl_typesupport_c__pyext
[0.236s] [ 94%] Built target my_robot_interfaces__rosidl_typesupport_fastrtps_c__pyext
[0.237s] [100%] Built target my_robot_interfaces__rosidl_typesupport_introspection_c__pyext
[0.254s] Invoked command in '/home/ros_ws/build/my_robot_interfaces' returned '0': CMAKE_PREFIX_PATH=${CMAKE_PREFIX_PATH}:/home/ros_ws/install/my_py_pkg:/opt/ros/foxy /usr/bin/cmake --build /home/ros_ws/build/my_robot_interfaces -- -j16 -l16
[0.331s] Invoking command in '/home/ros_ws/build/my_robot_interfaces': CMAKE_PREFIX_PATH=${CMAKE_PREFIX_PATH}:/home/ros_ws/install/my_py_pkg:/opt/ros/foxy /usr/bin/cmake --install /home/ros_ws/build/my_robot_interfaces
[0.342s] -- Install configuration: ""
[0.342s] -- Up-to-date: /home/ros_ws/install/my_robot_interfaces/share/ament_index/resource_index/rosidl_interfaces/my_robot_interfaces
[0.342s] -- Up-to-date: /home/ros_ws/install/my_robot_interfaces/include/my_robot_interfaces
[0.342s] -- Up-to-date: /home/ros_ws/install/my_robot_interfaces/include/my_robot_interfaces/msg
[0.342s] -- Up-to-date: /home/ros_ws/install/my_robot_interfaces/include/my_robot_interfaces/msg/detail
[0.342s] -- Up-to-date: /home/ros_ws/install/my_robot_interfaces/include/my_robot_interfaces/msg/detail/hardware_status__type_support.h
[0.342s] -- Up-to-date: /home/ros_ws/install/my_robot_interfaces/include/my_robot_interfaces/msg/detail/hardware_status__functions.h
[0.342s] -- Up-to-date: /home/ros_ws/install/my_robot_interfaces/include/my_robot_interfaces/msg/detail/hardware_status__functions.c
[0.342s] -- Up-to-date: /home/ros_ws/install/my_robot_interfaces/include/my_robot_interfaces/msg/detail/hardware_status__struct.h
[0.342s] -- Up-to-date: /home/ros_ws/install/my_robot_interfaces/include/my_robot_interfaces/msg/hardware_status.h
[0.342s] -- Up-to-date: /home/ros_ws/install/my_robot_interfaces/include/my_robot_interfaces/msg/rosidl_generator_c__visibility_control.h
[0.343s] -- Up-to-date: /home/ros_ws/install/my_robot_interfaces/include/my_robot_interfaces/srv
[0.343s] -- Up-to-date: /home/ros_ws/install/my_robot_interfaces/include/my_robot_interfaces/srv/detail
[0.343s] -- Up-to-date: /home/ros_ws/install/my_robot_interfaces/include/my_robot_interfaces/srv/detail/compute_rectangle_area__struct.h
[0.343s] -- Up-to-date: /home/ros_ws/install/my_robot_interfaces/include/my_robot_interfaces/srv/detail/compute_rectangle_area__functions.c
[0.343s] -- Up-to-date: /home/ros_ws/install/my_robot_interfaces/include/my_robot_interfaces/srv/detail/compute_rectangle_area__type_support.h
[0.343s] -- Up-to-date: /home/ros_ws/install/my_robot_interfaces/include/my_robot_interfaces/srv/detail/compute_rectangle_area__functions.h
[0.343s] -- Up-to-date: /home/ros_ws/install/my_robot_interfaces/include/my_robot_interfaces/srv/compute_rectangle_area.h
[0.343s] -- Up-to-date: /home/ros_ws/install/my_robot_interfaces/share/my_robot_interfaces/environment/library_path.sh
[0.343s] -- Up-to-date: /home/ros_ws/install/my_robot_interfaces/share/my_robot_interfaces/environment/library_path.dsv
[0.343s] -- Up-to-date: /home/ros_ws/install/my_robot_interfaces/lib/libmy_robot_interfaces__rosidl_generator_c.so
[0.344s] -- Up-to-date: /home/ros_ws/install/my_robot_interfaces/include/my_robot_interfaces
[0.344s] -- Up-to-date: /home/ros_ws/install/my_robot_interfaces/include/my_robot_interfaces/msg
[0.344s] -- Up-to-date: /home/ros_ws/install/my_robot_interfaces/include/my_robot_interfaces/msg/detail
[0.344s] -- Up-to-date: /home/ros_ws/install/my_robot_interfaces/include/my_robot_interfaces/msg/detail/hardware_status__rosidl_typesupport_fastrtps_c.h
[0.344s] -- Up-to-date: /home/ros_ws/install/my_robot_interfaces/include/my_robot_interfaces/msg/rosidl_typesupport_fastrtps_c__visibility_control.h
[0.344s] -- Up-to-date: /home/ros_ws/install/my_robot_interfaces/include/my_robot_interfaces/srv
[0.344s] -- Up-to-date: /home/ros_ws/install/my_robot_interfaces/include/my_robot_interfaces/srv/detail
[0.344s] -- Up-to-date: /home/ros_ws/install/my_robot_interfaces/include/my_robot_interfaces/srv/detail/compute_rectangle_area__rosidl_typesupport_fastrtps_c.h
[0.344s] -- Up-to-date: /home/ros_ws/install/my_robot_interfaces/lib/libmy_robot_interfaces__rosidl_typesupport_fastrtps_c.so
[0.344s] -- Up-to-date: /home/ros_ws/install/my_robot_interfaces/include/my_robot_interfaces
[0.344s] -- Up-to-date: /home/ros_ws/install/my_robot_interfaces/include/my_robot_interfaces/msg
[0.344s] -- Up-to-date: /home/ros_ws/install/my_robot_interfaces/include/my_robot_interfaces/msg/detail
[0.344s] -- Up-to-date: /home/ros_ws/install/my_robot_interfaces/include/my_robot_interfaces/msg/detail/hardware_status__rosidl_typesupport_fastrtps_cpp.hpp
[0.345s] -- Up-to-date: /home/ros_ws/install/my_robot_interfaces/include/my_robot_interfaces/msg/detail/dds_fastrtps
[0.345s] -- Up-to-date: /home/ros_ws/install/my_robot_interfaces/include/my_robot_interfaces/msg/rosidl_typesupport_fastrtps_cpp__visibility_control.h
[0.345s] -- Up-to-date: /home/ros_ws/install/my_robot_interfaces/include/my_robot_interfaces/srv
[0.345s] -- Up-to-date: /home/ros_ws/install/my_robot_interfaces/include/my_robot_interfaces/srv/detail
[0.345s] -- Up-to-date: /home/ros_ws/install/my_robot_interfaces/include/my_robot_interfaces/srv/detail/compute_rectangle_area__rosidl_typesupport_fastrtps_cpp.hpp
[0.345s] -- Up-to-date: /home/ros_ws/install/my_robot_interfaces/include/my_robot_interfaces/srv/detail/dds_fastrtps
[0.345s] -- Up-to-date: /home/ros_ws/install/my_robot_interfaces/lib/libmy_robot_interfaces__rosidl_typesupport_fastrtps_cpp.so
[0.345s] -- Up-to-date: /home/ros_ws/install/my_robot_interfaces/include/my_robot_interfaces
[0.346s] -- Up-to-date: /home/ros_ws/install/my_robot_interfaces/include/my_robot_interfaces/msg
[0.346s] -- Up-to-date: /home/ros_ws/install/my_robot_interfaces/include/my_robot_interfaces/msg/detail
[0.346s] -- Up-to-date: /home/ros_ws/install/my_robot_interfaces/include/my_robot_interfaces/msg/detail/hardware_status__rosidl_typesupport_introspection_c.h
[0.346s] -- Up-to-date: /home/ros_ws/install/my_robot_interfaces/include/my_robot_interfaces/msg/detail/hardware_status__type_support.c
[0.346s] -- Up-to-date: /home/ros_ws/install/my_robot_interfaces/include/my_robot_interfaces/msg/rosidl_typesupport_introspection_c__visibility_control.h
[0.346s] -- Up-to-date: /home/ros_ws/install/my_robot_interfaces/include/my_robot_interfaces/srv
[0.346s] -- Up-to-date: /home/ros_ws/install/my_robot_interfaces/include/my_robot_interfaces/srv/detail
[0.346s] -- Up-to-date: /home/ros_ws/install/my_robot_interfaces/include/my_robot_interfaces/srv/detail/compute_rectangle_area__rosidl_typesupport_introspection_c.h
[0.346s] -- Up-to-date: /home/ros_ws/install/my_robot_interfaces/include/my_robot_interfaces/srv/detail/compute_rectangle_area__type_support.c
[0.346s] -- Up-to-date: /home/ros_ws/install/my_robot_interfaces/lib/libmy_robot_interfaces__rosidl_typesupport_introspection_c.so
[0.346s] -- Up-to-date: /home/ros_ws/install/my_robot_interfaces/lib/libmy_robot_interfaces__rosidl_typesupport_c.so
[0.346s] -- Up-to-date: /home/ros_ws/install/my_robot_interfaces/include/my_robot_interfaces
[0.347s] -- Up-to-date: /home/ros_ws/install/my_robot_interfaces/include/my_robot_interfaces/msg
[0.347s] -- Up-to-date: /home/ros_ws/install/my_robot_interfaces/include/my_robot_interfaces/msg/detail
[0.347s] -- Up-to-date: /home/ros_ws/install/my_robot_interfaces/include/my_robot_interfaces/msg/detail/hardware_status__builder.hpp
[0.347s] -- Up-to-date: /home/ros_ws/install/my_robot_interfaces/include/my_robot_interfaces/msg/detail/hardware_status__struct.hpp
[0.347s] -- Up-to-date: /home/ros_ws/install/my_robot_interfaces/include/my_robot_interfaces/msg/detail/hardware_status__traits.hpp
[0.347s] -- Up-to-date: /home/ros_ws/install/my_robot_interfaces/include/my_robot_interfaces/msg/hardware_status.hpp
[0.347s] -- Up-to-date: /home/ros_ws/install/my_robot_interfaces/include/my_robot_interfaces/srv
[0.347s] -- Up-to-date: /home/ros_ws/install/my_robot_interfaces/include/my_robot_interfaces/srv/detail
[0.347s] -- Up-to-date: /home/ros_ws/install/my_robot_interfaces/include/my_robot_interfaces/srv/detail/compute_rectangle_area__struct.hpp
[0.347s] -- Up-to-date: /home/ros_ws/install/my_robot_interfaces/include/my_robot_interfaces/srv/detail/compute_rectangle_area__traits.hpp
[0.347s] -- Up-to-date: /home/ros_ws/install/my_robot_interfaces/include/my_robot_interfaces/srv/detail/compute_rectangle_area__builder.hpp
[0.348s] -- Up-to-date: /home/ros_ws/install/my_robot_interfaces/include/my_robot_interfaces/srv/compute_rectangle_area.hpp
[0.348s] -- Up-to-date: /home/ros_ws/install/my_robot_interfaces/include/my_robot_interfaces
[0.348s] -- Up-to-date: /home/ros_ws/install/my_robot_interfaces/include/my_robot_interfaces/msg
[0.348s] -- Up-to-date: /home/ros_ws/install/my_robot_interfaces/include/my_robot_interfaces/msg/detail
[0.348s] -- Up-to-date: /home/ros_ws/install/my_robot_interfaces/include/my_robot_interfaces/msg/detail/hardware_status__rosidl_typesupport_introspection_cpp.hpp
[0.348s] -- Up-to-date: /home/ros_ws/install/my_robot_interfaces/include/my_robot_interfaces/msg/detail/hardware_status__type_support.cpp
[0.348s] -- Up-to-date: /home/ros_ws/install/my_robot_interfaces/include/my_robot_interfaces/srv
[0.348s] -- Up-to-date: /home/ros_ws/install/my_robot_interfaces/include/my_robot_interfaces/srv/detail
[0.348s] -- Up-to-date: /home/ros_ws/install/my_robot_interfaces/include/my_robot_interfaces/srv/detail/compute_rectangle_area__type_support.cpp
[0.349s] -- Up-to-date: /home/ros_ws/install/my_robot_interfaces/include/my_robot_interfaces/srv/detail/compute_rectangle_area__rosidl_typesupport_introspection_cpp.hpp
[0.349s] -- Up-to-date: /home/ros_ws/install/my_robot_interfaces/lib/libmy_robot_interfaces__rosidl_typesupport_introspection_cpp.so
[0.351s] -- Up-to-date: /home/ros_ws/install/my_robot_interfaces/lib/libmy_robot_interfaces__rosidl_typesupport_cpp.so
[0.351s] -- Up-to-date: /home/ros_ws/install/my_robot_interfaces/share/my_robot_interfaces/environment/pythonpath.sh
[0.351s] -- Up-to-date: /home/ros_ws/install/my_robot_interfaces/share/my_robot_interfaces/environment/pythonpath.dsv
[0.351s] -- Up-to-date: /home/ros_ws/install/my_robot_interfaces/lib/python3.8/site-packages/my_robot_interfaces/__init__.py
[0.386s] -- Up-to-date: /home/ros_ws/install/my_robot_interfaces/lib/python3.8/site-packages/my_robot_interfaces/msg
[0.386s] -- Up-to-date: /home/ros_ws/install/my_robot_interfaces/lib/python3.8/site-packages/my_robot_interfaces/msg/__init__.py
[0.386s] -- Up-to-date: /home/ros_ws/install/my_robot_interfaces/lib/python3.8/site-packages/my_robot_interfaces/msg/_hardware_status.py
[0.386s] -- Up-to-date: /home/ros_ws/install/my_robot_interfaces/lib/python3.8/site-packages/my_robot_interfaces/msg/_hardware_status_s.c
[0.387s] -- Up-to-date: /home/ros_ws/install/my_robot_interfaces/lib/python3.8/site-packages/my_robot_interfaces/srv
[0.387s] -- Up-to-date: /home/ros_ws/install/my_robot_interfaces/lib/python3.8/site-packages/my_robot_interfaces/srv/__init__.py
[0.387s] -- Up-to-date: /home/ros_ws/install/my_robot_interfaces/lib/python3.8/site-packages/my_robot_interfaces/srv/_compute_rectangle_area.py
[0.387s] -- Up-to-date: /home/ros_ws/install/my_robot_interfaces/lib/python3.8/site-packages/my_robot_interfaces/srv/_compute_rectangle_area_s.c
[0.388s] -- Up-to-date: /home/ros_ws/install/my_robot_interfaces/lib/python3.8/site-packages/my_robot_interfaces/my_robot_interfaces_s__rosidl_typesupport_fastrtps_c.cpython-38-x86_64-linux-gnu.so
[0.389s] -- Up-to-date: /home/ros_ws/install/my_robot_interfaces/lib/python3.8/site-packages/my_robot_interfaces/my_robot_interfaces_s__rosidl_typesupport_introspection_c.cpython-38-x86_64-linux-gnu.so
[0.390s] -- Up-to-date: /home/ros_ws/install/my_robot_interfaces/lib/python3.8/site-packages/my_robot_interfaces/my_robot_interfaces_s__rosidl_typesupport_c.cpython-38-x86_64-linux-gnu.so
[0.391s] -- Up-to-date: /home/ros_ws/install/my_robot_interfaces/lib/libmy_robot_interfaces__python.so
[0.391s] -- Up-to-date: /home/ros_ws/install/my_robot_interfaces/share/my_robot_interfaces/msg/HardwareStatus.idl
[0.391s] -- Up-to-date: /home/ros_ws/install/my_robot_interfaces/share/my_robot_interfaces/srv/ComputeRectangleArea.idl
[0.391s] -- Up-to-date: /home/ros_ws/install/my_robot_interfaces/share/my_robot_interfaces/msg/HardwareStatus.msg
[0.391s] -- Up-to-date: /home/ros_ws/install/my_robot_interfaces/share/my_robot_interfaces/srv/ComputeRectangleArea.srv
[0.392s] -- Up-to-date: /home/ros_ws/install/my_robot_interfaces/share/my_robot_interfaces/srv/ComputeRectangleArea_Request.msg
[0.392s] -- Up-to-date: /home/ros_ws/install/my_robot_interfaces/share/my_robot_interfaces/srv/ComputeRectangleArea_Response.msg
[0.392s] -- Up-to-date: /home/ros_ws/install/my_robot_interfaces/share/ament_index/resource_index/package_run_dependencies/my_robot_interfaces
[0.392s] -- Up-to-date: /home/ros_ws/install/my_robot_interfaces/share/ament_index/resource_index/parent_prefix_path/my_robot_interfaces
[0.393s] -- Up-to-date: /home/ros_ws/install/my_robot_interfaces/share/my_robot_interfaces/environment/ament_prefix_path.sh
[0.394s] -- Up-to-date: /home/ros_ws/install/my_robot_interfaces/share/my_robot_interfaces/environment/ament_prefix_path.dsv
[0.395s] -- Up-to-date: /home/ros_ws/install/my_robot_interfaces/share/my_robot_interfaces/environment/path.sh
[0.395s] -- Up-to-date: /home/ros_ws/install/my_robot_interfaces/share/my_robot_interfaces/environment/path.dsv
[0.396s] -- Up-to-date: /home/ros_ws/install/my_robot_interfaces/share/my_robot_interfaces/local_setup.bash
[0.396s] -- Up-to-date: /home/ros_ws/install/my_robot_interfaces/share/my_robot_interfaces/local_setup.sh
[0.396s] -- Up-to-date: /home/ros_ws/install/my_robot_interfaces/share/my_robot_interfaces/local_setup.zsh
[0.397s] -- Up-to-date: /home/ros_ws/install/my_robot_interfaces/share/my_robot_interfaces/local_setup.dsv
[0.397s] -- Installing: /home/ros_ws/install/my_robot_interfaces/share/my_robot_interfaces/package.dsv
[0.397s] -- Up-to-date: /home/ros_ws/install/my_robot_interfaces/share/ament_index/resource_index/packages/my_robot_interfaces
[0.397s] -- Up-to-date: /home/ros_ws/install/my_robot_interfaces/share/my_robot_interfaces/cmake/my_robot_interfaces__rosidl_generator_cExport.cmake
[0.397s] -- Up-to-date: /home/ros_ws/install/my_robot_interfaces/share/my_robot_interfaces/cmake/my_robot_interfaces__rosidl_generator_cExport-noconfig.cmake
[0.397s] -- Up-to-date: /home/ros_ws/install/my_robot_interfaces/share/my_robot_interfaces/cmake/my_robot_interfaces__rosidl_typesupport_introspection_cExport.cmake
[0.397s] -- Up-to-date: /home/ros_ws/install/my_robot_interfaces/share/my_robot_interfaces/cmake/my_robot_interfaces__rosidl_typesupport_introspection_cExport-noconfig.cmake
[0.397s] -- Up-to-date: /home/ros_ws/install/my_robot_interfaces/share/my_robot_interfaces/cmake/my_robot_interfaces__rosidl_typesupport_cExport.cmake
[0.397s] -- Up-to-date: /home/ros_ws/install/my_robot_interfaces/share/my_robot_interfaces/cmake/my_robot_interfaces__rosidl_typesupport_cExport-noconfig.cmake
[0.397s] -- Up-to-date: /home/ros_ws/install/my_robot_interfaces/share/my_robot_interfaces/cmake/my_robot_interfaces__rosidl_generator_cppExport.cmake
[0.398s] -- Up-to-date: /home/ros_ws/install/my_robot_interfaces/share/my_robot_interfaces/cmake/my_robot_interfaces__rosidl_typesupport_introspection_cppExport.cmake
[0.398s] -- Up-to-date: /home/ros_ws/install/my_robot_interfaces/share/my_robot_interfaces/cmake/my_robot_interfaces__rosidl_typesupport_introspection_cppExport-noconfig.cmake
[0.398s] -- Up-to-date: /home/ros_ws/install/my_robot_interfaces/share/my_robot_interfaces/cmake/my_robot_interfaces__rosidl_typesupport_cppExport.cmake
[0.398s] -- Up-to-date: /home/ros_ws/install/my_robot_interfaces/share/my_robot_interfaces/cmake/my_robot_interfaces__rosidl_typesupport_cppExport-noconfig.cmake
[0.398s] -- Up-to-date: /home/ros_ws/install/my_robot_interfaces/share/my_robot_interfaces/cmake/rosidl_cmake-extras.cmake
[0.399s] -- Up-to-date: /home/ros_ws/install/my_robot_interfaces/share/my_robot_interfaces/cmake/ament_cmake_export_dependencies-extras.cmake
[0.400s] -- Up-to-date: /home/ros_ws/install/my_robot_interfaces/share/my_robot_interfaces/cmake/ament_cmake_export_libraries-extras.cmake
[0.401s] -- Up-to-date: /home/ros_ws/install/my_robot_interfaces/share/my_robot_interfaces/cmake/ament_cmake_export_targets-extras.cmake
[0.401s] -- Up-to-date: /home/ros_ws/install/my_robot_interfaces/share/my_robot_interfaces/cmake/ament_cmake_export_include_directories-extras.cmake
[0.401s] -- Up-to-date: /home/ros_ws/install/my_robot_interfaces/share/my_robot_interfaces/cmake/rosidl_cmake_export_typesupport_libraries-extras.cmake
[0.401s] -- Up-to-date: /home/ros_ws/install/my_robot_interfaces/share/my_robot_interfaces/cmake/rosidl_cmake_export_typesupport_targets-extras.cmake
[0.401s] -- Up-to-date: /home/ros_ws/install/my_robot_interfaces/share/my_robot_interfaces/cmake/my_robot_interfacesConfig.cmake
[0.401s] -- Up-to-date: /home/ros_ws/install/my_robot_interfaces/share/my_robot_interfaces/cmake/my_robot_interfacesConfig-version.cmake
[0.401s] -- Up-to-date: /home/ros_ws/install/my_robot_interfaces/share/my_robot_interfaces/package.xml
[0.424s] Invoked command in '/home/ros_ws/build/my_robot_interfaces' returned '0': CMAKE_PREFIX_PATH=${CMAKE_PREFIX_PATH}:/home/ros_ws/install/my_py_pkg:/opt/ros/foxy /usr/bin/cmake --install /home/ros_ws/build/my_robot_interfaces
