[01m[K/home/ros_ws/src/batt_led/src/battery.cpp:46:22:[m[K [01;31m[Kerror: [m[Kexpected identifier before numeric constant
   46 |     float led_number([01;31m[K0[m[K);
      |                      [01;31m[K^[m[K
[01m[K/home/ros_ws/src/batt_led/src/battery.cpp:46:22:[m[K [01;31m[Kerror: [m[Kexpected ‘[01m[K,[m[K’ or ‘[01m[K...[m[K’ before numeric constant
[01m[K/home/ros_ws/src/batt_led/src/battery.cpp:47:21:[m[K [01;31m[Kerror: [m[Kexpected identifier before numeric constant
   47 |     float led_state([01;31m[K0[m[K);
      |                     [01;31m[K^[m[K
[01m[K/home/ros_ws/src/batt_led/src/battery.cpp:47:21:[m[K [01;31m[Kerror: [m[Kexpected ‘[01m[K,[m[K’ or ‘[01m[K...[m[K’ before numeric constant
[01m[K/home/ros_ws/src/batt_led/src/battery.cpp:[m[K In member function ‘[01m[Kvoid Battery::run_timer_thread()[m[K’:
[01m[K/home/ros_ws/src/batt_led/src/battery.cpp:17:9:[m[K [01;31m[Kerror: [m[Kinvalid use of member function ‘[01m[Kfloat Battery::led_number(int)[m[K’ (did you forget the ‘[01m[K()[m[K’ ?)
   17 |         [01;31m[Kled_number[m[K = 2;
      |         [01;31m[K^~~~~~~~~~[m[K
[01m[K/home/ros_ws/src/batt_led/src/battery.cpp:18:9:[m[K [01;31m[Kerror: [m[Kinvalid use of member function ‘[01m[Kfloat Battery::led_number(int)[m[K’ (did you forget the ‘[01m[K()[m[K’ ?)
   18 |         [01;31m[Kled_number[m[K ^= 1;
      |         [01;31m[K^~~~~~~~~~[m[K
[01m[K/home/ros_ws/src/batt_led/src/battery.cpp:[m[K In member function ‘[01m[Kvoid Battery::callSetLedService()[m[K’:
[01m[K/home/ros_ws/src/batt_led/src/battery.cpp:29:31:[m[K [01;31m[Kerror: [m[Kcannot convert ‘[01m[KBattery::led_number[m[K’ from type ‘[01m[Kfloat (Battery::)(int)[m[K’ to type ‘[01m[Kbat_led_interfaces::srv::SetLed_Request_<std::allocator<void> >::_led_number_type[m[K’ {aka ‘[01m[Kint[m[K’}
   29 |         request->led_number = [01;31m[Kled_number[m[K;
      |                               [01;31m[K^~~~~~~~~~[m[K
[01m[K/home/ros_ws/src/batt_led/src/battery.cpp:30:26:[m[K [01;31m[Kerror: [m[Kcannot convert ‘[01m[KBattery::led_number[m[K’ from type ‘[01m[Kfloat (Battery::)(int)[m[K’ to type ‘[01m[Kbat_led_interfaces::srv::SetLed_Request_<std::allocator<void> >::_state_type[m[K’ {aka ‘[01m[Kint[m[K’}
   30 |         request->state = [01;31m[Kled_number[m[K;
      |                          [01;31m[K^~~~~~~~~~[m[K
make[2]: *** [CMakeFiles/battery.dir/build.make:63: CMakeFiles/battery.dir/src/battery.cpp.o] Error 1
make[1]: *** [CMakeFiles/Makefile2:105: CMakeFiles/battery.dir/all] Error 2
make: *** [Makefile:141: all] Error 2
