[0.065s] Invoking command in '/home/amruth/Documents/git/ros_ws/WS/build/tutorial_interfaces_cpp': CMAKE_PREFIX_PATH=${CMAKE_PREFIX_PATH}:/home/amruth/Documents/git/ros_ws/WS/install/py_srvcli:/home/amruth/Documents/git/ros_ws/WS/install/py_pubsub_2:/home/amruth/Documents/git/ros_ws/WS/install/py_pubsub:/home/amruth/Documents/git/ros_ws/WS/install/my_py_pkg_2:/home/amruth/Documents/git/ros_ws/WS/install/my_py_pkg:/home/amruth/Documents/git/microros_ws/install/sensor_msgs_py:/opt/ros/humble /usr/bin/cmake /home/amruth/Documents/git/ros_ws/WS/src/tutorial_interfaces_cpp -DCMAKE_INSTALL_PREFIX=/home/amruth/Documents/git/ros_ws/WS/install/tutorial_interfaces_cpp
[0.078s] -- Found ament_cmake: 1.3.4 (/opt/ros/humble/share/ament_cmake/cmake)
[0.228s] -- Found geometry_msgs: 4.2.3 (/home/amruth/Documents/git/microros_ws/install/geometry_msgs/share/geometry_msgs/cmake)
[0.251s] -- Found rosidl_generator_c: 3.1.4 (/opt/ros/humble/share/rosidl_generator_c/cmake)
[0.253s] -- Found rosidl_adapter: 3.1.4 (/opt/ros/humble/share/rosidl_adapter/cmake)
[0.258s] -- Found rosidl_generator_cpp: 3.1.4 (/opt/ros/humble/share/rosidl_generator_cpp/cmake)
[0.267s] -- Using all available rosidl_typesupport_c: rosidl_typesupport_microxrcedds_c;rosidl_typesupport_fastrtps_c;rosidl_typesupport_introspection_c
[0.286s] -- Using all available rosidl_typesupport_cpp: rosidl_typesupport_microxrcedds_cpp;rosidl_typesupport_fastrtps_cpp;rosidl_typesupport_introspection_cpp
[0.404s] -- Found rosidl_default_generators: 1.2.0 (/opt/ros/humble/share/rosidl_default_generators/cmake)
[0.768s] -- Found ament_cmake_ros: 0.10.0 (/opt/ros/humble/share/ament_cmake_ros/cmake)
[1.349s] -- Using all available rosidl_typesupport_c: rosidl_typesupport_microxrcedds_c;rosidl_typesupport_fastrtps_c;rosidl_typesupport_introspection_c
[1.673s] -- Using all available rosidl_typesupport_cpp: rosidl_typesupport_microxrcedds_cpp;rosidl_typesupport_fastrtps_cpp;rosidl_typesupport_introspection_cpp
[1.714s] -- Found PythonInterp: /home/amruth/miniconda3/bin/python3 (found suitable version "3.11.5", minimum required is "3.6") 
[1.718s] -- Found python_cmake_module: 0.10.0 (/opt/ros/humble/share/python_cmake_module/cmake)
[1.746s] -- Found PythonLibs: /home/amruth/miniconda3/lib/libpython3.11.so (found suitable version "3.11.5", minimum required is "3.5") 
[1.746s] -- Using PYTHON_EXECUTABLE: /home/amruth/miniconda3/bin/python3
[1.746s] -- Using PYTHON_INCLUDE_DIRS: /home/amruth/miniconda3/include/python3.11
[1.746s] -- Using PYTHON_LIBRARIES: /home/amruth/miniconda3/lib/libpython3.11.so
[1.765s] -- Found PythonExtra: .so  
[2.009s] -- Using numpy include directory: /home/amruth/miniconda3/lib/python3.11/site-packages/numpy/core/include
[2.043s] -- Found ament_lint_auto: 0.12.6 (/opt/ros/humble/share/ament_lint_auto/cmake)
[2.050s] -- Added test 'lint_cmake' to check CMake code style
[2.050s] -- Added test 'xmllint' to check XML markup files
[2.051s] -- Configuring done
[2.091s] -- Generating done
[2.094s] -- Build files have been written to: /home/amruth/Documents/git/ros_ws/WS/build/tutorial_interfaces_cpp
[2.101s] Invoked command in '/home/amruth/Documents/git/ros_ws/WS/build/tutorial_interfaces_cpp' returned '0': CMAKE_PREFIX_PATH=${CMAKE_PREFIX_PATH}:/home/amruth/Documents/git/ros_ws/WS/install/py_srvcli:/home/amruth/Documents/git/ros_ws/WS/install/py_pubsub_2:/home/amruth/Documents/git/ros_ws/WS/install/py_pubsub:/home/amruth/Documents/git/ros_ws/WS/install/my_py_pkg_2:/home/amruth/Documents/git/ros_ws/WS/install/my_py_pkg:/home/amruth/Documents/git/microros_ws/install/sensor_msgs_py:/opt/ros/humble /usr/bin/cmake /home/amruth/Documents/git/ros_ws/WS/src/tutorial_interfaces_cpp -DCMAKE_INSTALL_PREFIX=/home/amruth/Documents/git/ros_ws/WS/install/tutorial_interfaces_cpp
[2.103s] Invoking command in '/home/amruth/Documents/git/ros_ws/WS/build/tutorial_interfaces_cpp': CMAKE_PREFIX_PATH=${CMAKE_PREFIX_PATH}:/home/amruth/Documents/git/ros_ws/WS/install/py_srvcli:/home/amruth/Documents/git/ros_ws/WS/install/py_pubsub_2:/home/amruth/Documents/git/ros_ws/WS/install/py_pubsub:/home/amruth/Documents/git/ros_ws/WS/install/my_py_pkg_2:/home/amruth/Documents/git/ros_ws/WS/install/my_py_pkg:/home/amruth/Documents/git/microros_ws/install/sensor_msgs_py:/opt/ros/humble /usr/bin/cmake --build /home/amruth/Documents/git/ros_ws/WS/build/tutorial_interfaces_cpp -- -j16 -l16
[2.162s] [  1%] [34m[1mGenerating C code for ROS interfaces[0m
[2.189s] [  3%] [34m[1mGenerating C++ code for ROS interfaces[0m
[2.191s] [  3%] Built target ament_cmake_python_copy_tutorial_interfaces_cpp
[2.424s] running egg_info
[2.424s] creating tutorial_interfaces_cpp.egg-info
[2.424s] writing tutorial_interfaces_cpp.egg-info/PKG-INFO
[2.425s] writing dependency_links to tutorial_interfaces_cpp.egg-info/dependency_links.txt
[2.425s] writing top-level names to tutorial_interfaces_cpp.egg-info/top_level.txt
[2.425s] writing manifest file 'tutorial_interfaces_cpp.egg-info/SOURCES.txt'
[2.426s] reading manifest file 'tutorial_interfaces_cpp.egg-info/SOURCES.txt'
[2.427s] writing manifest file 'tutorial_interfaces_cpp.egg-info/SOURCES.txt'
[2.456s] [  3%] Built target ament_cmake_python_build_tutorial_interfaces_cpp_egg
[2.500s] [  3%] Built target tutorial_interfaces_cpp__cpp
[2.513s] [  6%] [34m[1mGenerating C++ type support dispatch for ROS interfaces[0m
[2.513s] [  6%] [34m[1mGenerating C++ type support for eProsima Micro XRCE-DDS[0m
[2.513s] [  8%] [34m[1mGenerating C++ introspection for ROS interfaces[0m
[2.514s] [ 11%] [32mBuilding C object CMakeFiles/tutorial_interfaces_cpp__rosidl_generator_c.dir/rosidl_generator_c/tutorial_interfaces_cpp/msg/detail/num__functions.c.o[0m
[2.515s] [ 11%] [32mBuilding C object CMakeFiles/tutorial_interfaces_cpp__rosidl_generator_c.dir/rosidl_generator_c/tutorial_interfaces_cpp/msg/detail/sphere__functions.c.o[0m
[2.515s] [ 13%] [32mBuilding C object CMakeFiles/tutorial_interfaces_cpp__rosidl_generator_c.dir/rosidl_generator_c/tutorial_interfaces_cpp/srv/detail/add_three_ints__functions.c.o[0m
[2.522s] [ 15%] [34m[1mGenerating C++ type support for eProsima Fast-RTPS[0m
[2.590s] [ 16%] [32m[1mLinking C shared library libtutorial_interfaces_cpp__rosidl_generator_c.so[0m
[2.632s] [ 16%] Built target tutorial_interfaces_cpp__rosidl_generator_c
[2.646s] [ 23%] [34m[1mGenerating C introspection for ROS interfaces[0m
[2.646s] [ 23%] [34m[1mGenerating C type support for eProsima Fast-RTPS[0m
[2.646s] [ 23%] [34m[1mGenerating C type support for eProsima Micro XRCE-DDS[0m
[2.646s] [ 23%] [34m[1mGenerating C type support dispatch for ROS interfaces[0m
[2.782s] [ 25%] [32mBuilding CXX object CMakeFiles/tutorial_interfaces_cpp__rosidl_typesupport_cpp.dir/rosidl_typesupport_cpp/tutorial_interfaces_cpp/msg/num__type_support.cpp.o[0m
[2.787s] [ 28%] [32mBuilding CXX object CMakeFiles/tutorial_interfaces_cpp__rosidl_typesupport_cpp.dir/rosidl_typesupport_cpp/tutorial_interfaces_cpp/srv/add_three_ints__type_support.cpp.o[0m
[2.787s] [ 28%] [32mBuilding CXX object CMakeFiles/tutorial_interfaces_cpp__rosidl_typesupport_cpp.dir/rosidl_typesupport_cpp/tutorial_interfaces_cpp/msg/sphere__type_support.cpp.o[0m
[2.847s] [ 33%] [32mBuilding CXX object CMakeFiles/tutorial_interfaces_cpp__rosidl_typesupport_fastrtps_cpp.dir/rosidl_typesupport_fastrtps_cpp/tutorial_interfaces_cpp/msg/detail/dds_fastrtps/num__type_support.cpp.o[0m
[2.847s] [ 33%] [32mBuilding CXX object CMakeFiles/tutorial_interfaces_cpp__rosidl_typesupport_fastrtps_cpp.dir/rosidl_typesupport_fastrtps_cpp/tutorial_interfaces_cpp/msg/detail/dds_fastrtps/sphere__type_support.cpp.o[0m
[2.847s] [ 33%] [32mBuilding CXX object CMakeFiles/tutorial_interfaces_cpp__rosidl_typesupport_fastrtps_cpp.dir/rosidl_typesupport_fastrtps_cpp/tutorial_interfaces_cpp/srv/detail/dds_fastrtps/add_three_ints__type_support.cpp.o[0m
[2.862s] [ 35%] [32mBuilding CXX object CMakeFiles/tutorial_interfaces_cpp__rosidl_typesupport_microxrcedds_cpp.dir/rosidl_typesupport_microxrcedds_cpp/tutorial_interfaces_cpp/msg/detail/microxrcedds/sphere__type_support_cpp.cpp.o[0m
[2.864s] [ 37%] [32mBuilding CXX object CMakeFiles/tutorial_interfaces_cpp__rosidl_typesupport_microxrcedds_cpp.dir/rosidl_typesupport_microxrcedds_cpp/tutorial_interfaces_cpp/msg/detail/microxrcedds/num__type_support_cpp.cpp.o[0m
[2.865s] [ 38%] [32mBuilding CXX object CMakeFiles/tutorial_interfaces_cpp__rosidl_typesupport_microxrcedds_cpp.dir/rosidl_typesupport_microxrcedds_cpp/tutorial_interfaces_cpp/srv/detail/microxrcedds/add_three_ints__type_support_cpp.cpp.o[0m
[2.923s] [ 40%] [32mBuilding CXX object CMakeFiles/tutorial_interfaces_cpp__rosidl_typesupport_introspection_cpp.dir/rosidl_typesupport_introspection_cpp/tutorial_interfaces_cpp/msg/detail/sphere__type_support.cpp.o[0m
[2.927s] [ 42%] [32mBuilding CXX object CMakeFiles/tutorial_interfaces_cpp__rosidl_typesupport_introspection_cpp.dir/rosidl_typesupport_introspection_cpp/tutorial_interfaces_cpp/msg/detail/num__type_support.cpp.o[0m
[2.929s] [ 44%] [32mBuilding CXX object CMakeFiles/tutorial_interfaces_cpp__rosidl_typesupport_introspection_cpp.dir/rosidl_typesupport_introspection_cpp/tutorial_interfaces_cpp/srv/detail/add_three_ints__type_support.cpp.o[0m
[3.112s] [ 45%] [32mBuilding CXX object CMakeFiles/tutorial_interfaces_cpp__rosidl_typesupport_fastrtps_c.dir/rosidl_typesupport_fastrtps_c/tutorial_interfaces_cpp/msg/detail/num__type_support_c.cpp.o[0m
[3.117s] [ 47%] [32mBuilding CXX object CMakeFiles/tutorial_interfaces_cpp__rosidl_typesupport_c.dir/rosidl_typesupport_c/tutorial_interfaces_cpp/msg/num__type_support.cpp.o[0m
[3.131s] [ 49%] [32mBuilding C object CMakeFiles/tutorial_interfaces_cpp__rosidl_typesupport_introspection_c.dir/rosidl_typesupport_introspection_c/tutorial_interfaces_cpp/msg/detail/num__type_support.c.o[0m
[3.137s] [ 50%] [32mBuilding C object CMakeFiles/tutorial_interfaces_cpp__rosidl_typesupport_microxrcedds_c.dir/rosidl_typesupport_microxrcedds_c/tutorial_interfaces_cpp/msg/detail/microxrcedds/num__type_support_c.c.o[0m
[3.174s] [ 52%] [32mBuilding C object CMakeFiles/tutorial_interfaces_cpp__rosidl_typesupport_microxrcedds_c.dir/rosidl_typesupport_microxrcedds_c/tutorial_interfaces_cpp/msg/detail/microxrcedds/sphere__type_support_c.c.o[0m
[3.176s] [ 54%] [32mBuilding CXX object CMakeFiles/tutorial_interfaces_cpp__rosidl_typesupport_fastrtps_c.dir/rosidl_typesupport_fastrtps_c/tutorial_interfaces_cpp/msg/detail/sphere__type_support_c.cpp.o[0m
[3.177s] [ 55%] [32mBuilding CXX object CMakeFiles/tutorial_interfaces_cpp__rosidl_typesupport_c.dir/rosidl_typesupport_c/tutorial_interfaces_cpp/msg/sphere__type_support.cpp.o[0m
[3.193s] [ 57%] [32mBuilding C object CMakeFiles/tutorial_interfaces_cpp__rosidl_typesupport_introspection_c.dir/rosidl_typesupport_introspection_c/tutorial_interfaces_cpp/msg/detail/sphere__type_support.c.o[0m
[3.210s] [ 59%] [32m[1mLinking CXX shared library libtutorial_interfaces_cpp__rosidl_typesupport_cpp.so[0m
[3.211s] [ 61%] [32mBuilding C object CMakeFiles/tutorial_interfaces_cpp__rosidl_typesupport_microxrcedds_c.dir/rosidl_typesupport_microxrcedds_c/tutorial_interfaces_cpp/srv/detail/microxrcedds/add_three_ints__type_support_c.c.o[0m
[3.237s] [ 62%] [32mBuilding CXX object CMakeFiles/tutorial_interfaces_cpp__rosidl_typesupport_c.dir/rosidl_typesupport_c/tutorial_interfaces_cpp/srv/add_three_ints__type_support.cpp.o[0m
[3.253s] [ 64%] [32mBuilding CXX object CMakeFiles/tutorial_interfaces_cpp__rosidl_typesupport_fastrtps_c.dir/rosidl_typesupport_fastrtps_c/tutorial_interfaces_cpp/srv/detail/add_three_ints__type_support_c.cpp.o[0m
[3.258s] [ 66%] [32mBuilding C object CMakeFiles/tutorial_interfaces_cpp__rosidl_typesupport_introspection_c.dir/rosidl_typesupport_introspection_c/tutorial_interfaces_cpp/srv/detail/add_three_ints__type_support.c.o[0m
[3.290s] [ 67%] [32m[1mLinking CXX shared library libtutorial_interfaces_cpp__rosidl_typesupport_microxrcedds_cpp.so[0m
[3.291s] [ 69%] [32m[1mLinking C shared library libtutorial_interfaces_cpp__rosidl_typesupport_microxrcedds_c.so[0m
[3.292s] [ 71%] [32m[1mLinking CXX shared library libtutorial_interfaces_cpp__rosidl_typesupport_c.so[0m
[3.295s] [ 71%] Built target tutorial_interfaces_cpp__rosidl_typesupport_cpp
[3.316s] [ 72%] [32m[1mLinking C shared library libtutorial_interfaces_cpp__rosidl_typesupport_introspection_c.so[0m
[3.366s] [ 72%] Built target tutorial_interfaces_cpp__rosidl_typesupport_c
[3.378s] [ 72%] Built target tutorial_interfaces_cpp__rosidl_typesupport_introspection_c
[3.389s] [ 74%] [32m[1mLinking CXX shared library libtutorial_interfaces_cpp__rosidl_typesupport_fastrtps_cpp.so[0m
[3.400s] [ 74%] Built target tutorial_interfaces_cpp__rosidl_typesupport_microxrcedds_c
[3.401s] [ 74%] Built target tutorial_interfaces_cpp__rosidl_typesupport_microxrcedds_cpp
[3.471s] [ 76%] [32m[1mLinking CXX shared library libtutorial_interfaces_cpp__rosidl_typesupport_introspection_cpp.so[0m
[3.500s] [ 76%] Built target tutorial_interfaces_cpp__rosidl_typesupport_fastrtps_cpp
[3.548s] [ 76%] Built target tutorial_interfaces_cpp__rosidl_typesupport_introspection_cpp
[3.592s] [ 77%] [32m[1mLinking CXX shared library libtutorial_interfaces_cpp__rosidl_typesupport_fastrtps_c.so[0m
[3.683s] [ 77%] Built target tutorial_interfaces_cpp__rosidl_typesupport_fastrtps_c
[3.704s] [ 77%] Built target tutorial_interfaces_cpp
[3.730s] [ 79%] [34m[1mGenerating Python code for ROS interfaces[0m
[3.899s] Error processing idl file: /home/amruth/Documents/git/ros_ws/WS/build/tutorial_interfaces_cpp/rosidl_adapter/tutorial_interfaces_cpp/msg/Num.idl
[3.899s] Traceback (most recent call last):
[3.899s]   File "/opt/ros/humble/share/rosidl_generator_py/cmake/../../../lib/rosidl_generator_py/rosidl_generator_py", line 40, in <module>
[3.899s]     sys.exit(main())
[3.899s]              ^^^^^^
[3.899s]   File "/opt/ros/humble/share/rosidl_generator_py/cmake/../../../lib/rosidl_generator_py/rosidl_generator_py", line 36, in main
[3.899s]     generate_py(args.generator_arguments_file, args.typesupport_impls.split(';'))
[3.899s]   File "/opt/ros/humble/local/lib/python3.10/dist-packages/rosidl_generator_py/generate_py_impl.py", line 61, in generate_py
[3.900s]     generated_files = generate_files(generator_arguments_file, mapping)
[3.900s]                       ^^^^^^^^^^^^^^^^^^^^^^^^^^^^^^^^^^^^^^^^^^^^^^^^^
[3.900s]   File "/opt/ros/humble/local/lib/python3.10/dist-packages/rosidl_cmake/__init__.py", line 96, in generate_files
[3.900s]     raise(e)
[3.900s]   File "/opt/ros/humble/local/lib/python3.10/dist-packages/rosidl_cmake/__init__.py", line 87, in generate_files
[3.900s]     expand_template(
[3.900s]   File "/opt/ros/humble/local/lib/python3.10/dist-packages/rosidl_cmake/__init__.py", line 131, in expand_template
[3.900s]     em.BUFFERED_OPT: True,
[3.900s]     ^^^^^^^^^^^^^^^
[3.900s] AttributeError: module 'em' has no attribute 'BUFFERED_OPT'
[3.914s] gmake[2]: *** [tutorial_interfaces_cpp__py/CMakeFiles/tutorial_interfaces_cpp__py.dir/build.make:158: rosidl_generator_py/tutorial_interfaces_cpp/_tutorial_interfaces_cpp_s.ep.rosidl_typesupport_microxrcedds_c.c] Error 1
[3.914s] gmake[1]: *** [CMakeFiles/Makefile2:680: tutorial_interfaces_cpp__py/CMakeFiles/tutorial_interfaces_cpp__py.dir/all] Error 2
[3.915s] gmake: *** [Makefile:146: all] Error 2
[3.916s] Invoked command in '/home/amruth/Documents/git/ros_ws/WS/build/tutorial_interfaces_cpp' returned '2': CMAKE_PREFIX_PATH=${CMAKE_PREFIX_PATH}:/home/amruth/Documents/git/ros_ws/WS/install/py_srvcli:/home/amruth/Documents/git/ros_ws/WS/install/py_pubsub_2:/home/amruth/Documents/git/ros_ws/WS/install/py_pubsub:/home/amruth/Documents/git/ros_ws/WS/install/my_py_pkg_2:/home/amruth/Documents/git/ros_ws/WS/install/my_py_pkg:/home/amruth/Documents/git/microros_ws/install/sensor_msgs_py:/opt/ros/humble /usr/bin/cmake --build /home/amruth/Documents/git/ros_ws/WS/build/tutorial_interfaces_cpp -- -j16 -l16
