[0.013s] Invoking command in '/home/ros_ws/build/my_cpp_pkg': /usr/bin/cmake /home/ros_ws/src/my_cpp_pkg -DCMAKE_INSTALL_PREFIX=/home/ros_ws/install/my_cpp_pkg
[0.026s] CMake Error at CMakeLists.txt:20 (find_package):
[0.026s]   By not providing "Findament_cmake.cmake" in CMAKE_MODULE_PATH this project
[0.027s]   has asked CMake to find a package configuration file provided by
[0.027s]   "ament_cmake", but CMake did not find one.
[0.027s] 
[0.027s]   Could not find a package configuration file provided by "ament_cmake" with
[0.027s]   any of the following names:
[0.027s] 
[0.027s]     ament_cmakeConfig.cmake
[0.027s]     ament_cmake-config.cmake
[0.027s] 
[0.027s]   Add the installation prefix of "ament_cmake" to CMAKE_PREFIX_PATH or set
[0.027s]   "ament_cmake_DIR" to a directory containing one of the above files.  If
[0.027s]   "ament_cmake" provides a separate development package or SDK, be sure it
[0.027s]   has been installed.
[0.027s] 
[0.027s] 
[0.027s] -- Configuring incomplete, errors occurred!
[0.027s] See also "/home/ros_ws/build/my_cpp_pkg/CMakeFiles/CMakeOutput.log".
[0.028s] Invoked command in '/home/ros_ws/build/my_cpp_pkg' returned '1': /usr/bin/cmake /home/ros_ws/src/my_cpp_pkg -DCMAKE_INSTALL_PREFIX=/home/ros_ws/install/my_cpp_pkg
