[1.413s] Invoking command in '/home/amruth/Documents/git/ros_ws/WS/build/turtlesim': CMAKE_PREFIX_PATH=${CMAKE_PREFIX_PATH}:/home/amruth/Documents/git/ros_ws/WS/install/py_srvcli:/home/amruth/Documents/git/ros_ws/WS/install/py_pubsub_2:/home/amruth/Documents/git/ros_ws/WS/install/py_pubsub:/home/amruth/Documents/git/ros_ws/WS/install/my_py_pkg_2:/home/amruth/Documents/git/ros_ws/WS/install/my_py_pkg:/home/amruth/Documents/git/microros_ws/install/sensor_msgs_py:/opt/ros/humble /usr/bin/cmake --build /home/amruth/Documents/git/ros_ws/WS/build/turtlesim -- -j16 -l16
[1.482s] [35m[1mConsolidate compiler generated dependencies of target turtlesim__rosidl_generator_c[0m
[1.496s] [  1%] Built target turtlesim__cpp
[1.500s] [ 11%] Built target turtlesim__rosidl_generator_c
[1.516s] [35m[1mConsolidate compiler generated dependencies of target turtlesim__rosidl_typesupport_cpp[0m
[1.516s] [35m[1mConsolidate compiler generated dependencies of target turtlesim__rosidl_typesupport_introspection_cpp[0m
[1.516s] [35m[1mConsolidate compiler generated dependencies of target turtlesim__rosidl_typesupport_microxrcedds_cpp[0m
[1.517s] [35m[1mConsolidate compiler generated dependencies of target turtlesim__rosidl_typesupport_fastrtps_cpp[0m
[1.518s] [35m[1mConsolidate compiler generated dependencies of target turtlesim__rosidl_typesupport_c[0m
[1.520s] [35m[1mConsolidate compiler generated dependencies of target turtlesim__rosidl_typesupport_introspection_c[0m
[1.520s] [35m[1mConsolidate compiler generated dependencies of target turtlesim__rosidl_typesupport_microxrcedds_c[0m
[1.521s] [35m[1mConsolidate compiler generated dependencies of target turtlesim__rosidl_typesupport_fastrtps_c[0m
[1.545s] [ 27%] Built target turtlesim__rosidl_typesupport_microxrcedds_c
[1.545s] [ 39%] Built target turtlesim__rosidl_typesupport_c
[1.545s] [ 41%] Built target turtlesim__rosidl_typesupport_introspection_c
[1.548s] [ 50%] Built target turtlesim__rosidl_typesupport_cpp
[1.548s] [ 69%] Built target turtlesim__rosidl_typesupport_introspection_cpp
[1.548s] [ 69%] Built target turtlesim__rosidl_typesupport_microxrcedds_cpp
[1.549s] [ 79%] Built target turtlesim__rosidl_typesupport_fastrtps_cpp
[1.551s] [ 89%] Built target turtlesim__rosidl_typesupport_fastrtps_c
[1.563s] [35m[1mConsolidate compiler generated dependencies of target mimic[0m
[1.563s] [35m[1mConsolidate compiler generated dependencies of target turtle_teleop_key[0m
[1.564s] [35m[1mConsolidate compiler generated dependencies of target draw_square[0m
[1.566s] [35m[1mConsolidate compiler generated dependencies of target turtlesim_node[0m
[1.576s] [ 89%] Built target turtlesim
[1.582s] [ 91%] Built target mimic
[1.582s] [ 92%] Built target draw_square
[1.585s] [ 94%] Built target turtle_teleop_key
[1.594s] [100%] Built target turtlesim_node
