[0.492s] Invoking command in '/home/ros_ws/src/my_py_pkg': CMAKE_PREFIX_PATH=/home/ros_ws/install/my_robot_interfaces:/home/ros_ws/install/batt_led:/home/ros_ws/install/bat_led_interfaces:/home/ros_ws/install/my_cpp_pkg LD_LIBRARY_PATH=/home/ros_ws/install/my_robot_interfaces/lib:/home/ros_ws/install/bat_led_interfaces/lib:/opt/ros/foxy/opt/yaml_cpp_vendor/lib:/opt/ros/foxy/opt/rviz_ogre_vendor/lib:/opt/ros/foxy/lib/x86_64-linux-gnu:/opt/ros/foxy/lib PYTHONPATH=/home/ros_ws/build/my_py_pkg/prefix_override:/home/ros_ws/install/my_py_pkg/lib/python3.8/site-packages:/home/ros_ws/install/my_robot_interfaces/lib/python3.8/site-packages:/home/ros_ws/install/bat_led_interfaces/lib/python3.8/site-packages:/home/ros_ws/install/my_py_pkg/lib/python3.8/site-packages:/opt/ros/foxy/lib/python3.8/site-packages /usr/bin/python3 setup.py egg_info --egg-base ../../build/my_py_pkg build --build-base /home/ros_ws/build/my_py_pkg/build install --record /home/ros_ws/build/my_py_pkg/install.log --install-scripts $base/lib/my_py_pkg --single-version-externally-managed
[0.654s] running egg_info
[0.655s] writing ../../build/my_py_pkg/my_py_pkg.egg-info/PKG-INFO
[0.655s] writing dependency_links to ../../build/my_py_pkg/my_py_pkg.egg-info/dependency_links.txt
[0.655s] writing entry points to ../../build/my_py_pkg/my_py_pkg.egg-info/entry_points.txt
[0.655s] writing requirements to ../../build/my_py_pkg/my_py_pkg.egg-info/requires.txt
[0.656s] writing top-level names to ../../build/my_py_pkg/my_py_pkg.egg-info/top_level.txt
[0.683s] reading manifest file '../../build/my_py_pkg/my_py_pkg.egg-info/SOURCES.txt'
[0.683s] writing manifest file '../../build/my_py_pkg/my_py_pkg.egg-info/SOURCES.txt'
[0.683s] running build
[0.684s] running build_py
[0.684s] running install
[0.684s] running install_lib
[0.685s] running install_data
[0.685s] running install_egg_info
[0.687s] removing '/home/ros_ws/install/my_py_pkg/lib/python3.8/site-packages/my_py_pkg-0.0.0-py3.8.egg-info' (and everything under it)
[0.687s] Copying ../../build/my_py_pkg/my_py_pkg.egg-info to /home/ros_ws/install/my_py_pkg/lib/python3.8/site-packages/my_py_pkg-0.0.0-py3.8.egg-info
[0.688s] running install_scripts
[0.701s] Installing hw_status_publisher script to /home/ros_ws/install/my_py_pkg/lib/my_py_pkg
[0.701s] writing list of installed files to '/home/ros_ws/build/my_py_pkg/install.log'
[0.727s] Invoked command in '/home/ros_ws/src/my_py_pkg' returned '0': CMAKE_PREFIX_PATH=/home/ros_ws/install/my_robot_interfaces:/home/ros_ws/install/batt_led:/home/ros_ws/install/bat_led_interfaces:/home/ros_ws/install/my_cpp_pkg LD_LIBRARY_PATH=/home/ros_ws/install/my_robot_interfaces/lib:/home/ros_ws/install/bat_led_interfaces/lib:/opt/ros/foxy/opt/yaml_cpp_vendor/lib:/opt/ros/foxy/opt/rviz_ogre_vendor/lib:/opt/ros/foxy/lib/x86_64-linux-gnu:/opt/ros/foxy/lib PYTHONPATH=/home/ros_ws/build/my_py_pkg/prefix_override:/home/ros_ws/install/my_py_pkg/lib/python3.8/site-packages:/home/ros_ws/install/my_robot_interfaces/lib/python3.8/site-packages:/home/ros_ws/install/bat_led_interfaces/lib/python3.8/site-packages:/home/ros_ws/install/my_py_pkg/lib/python3.8/site-packages:/opt/ros/foxy/lib/python3.8/site-packages /usr/bin/python3 setup.py egg_info --egg-base ../../build/my_py_pkg build --build-base /home/ros_ws/build/my_py_pkg/build install --record /home/ros_ws/build/my_py_pkg/install.log --install-scripts $base/lib/my_py_pkg --single-version-externally-managed
